[0.066s] Invoking command in '/home/osansubuntumachine/ros2_ws/build/uuv_world_ros_plugins': AMENT_PREFIX_PATH=/home/osansubuntumachine/ros2_ws/install/uuv_world_ros_plugins_msgs:/home/osansubuntumachine/ros2_ws/install/uuv_world_plugins:${AMENT_PREFIX_PATH} CMAKE_PREFIX_PATH=/home/osansubuntumachine/ros2_ws/install/uuv_world_ros_plugins_msgs:/home/osansubuntumachine/ros2_ws/install/uuv_world_plugins:/opt/ros/foxy LD_LIBRARY_PATH=/home/osansubuntumachine/ros2_ws/install/uuv_world_ros_plugins_msgs/lib:/home/osansubuntumachine/ros2_ws/install/uuv_world_plugins/lib:${LD_LIBRARY_PATH} PYTHONPATH=/home/osansubuntumachine/ros2_ws/install/uuv_world_ros_plugins_msgs/lib/python3.8/site-packages:${PYTHONPATH} /usr/bin/cmake --build /home/osansubuntumachine/ros2_ws/build/uuv_world_ros_plugins -- -j4 -l4
[0.270s] [ 50%] Built target uuv_sc_ros_interface_plugin
[0.309s] [100%] Built target uuv_underwater_current_ros_plugin
[0.343s] Invoked command in '/home/osansubuntumachine/ros2_ws/build/uuv_world_ros_plugins' returned '0': AMENT_PREFIX_PATH=/home/osansubuntumachine/ros2_ws/install/uuv_world_ros_plugins_msgs:/home/osansubuntumachine/ros2_ws/install/uuv_world_plugins:${AMENT_PREFIX_PATH} CMAKE_PREFIX_PATH=/home/osansubuntumachine/ros2_ws/install/uuv_world_ros_plugins_msgs:/home/osansubuntumachine/ros2_ws/install/uuv_world_plugins:/opt/ros/foxy LD_LIBRARY_PATH=/home/osansubuntumachine/ros2_ws/install/uuv_world_ros_plugins_msgs/lib:/home/osansubuntumachine/ros2_ws/install/uuv_world_plugins/lib:${LD_LIBRARY_PATH} PYTHONPATH=/home/osansubuntumachine/ros2_ws/install/uuv_world_ros_plugins_msgs/lib/python3.8/site-packages:${PYTHONPATH} /usr/bin/cmake --build /home/osansubuntumachine/ros2_ws/build/uuv_world_ros_plugins -- -j4 -l4
[0.345s] Invoking command in '/home/osansubuntumachine/ros2_ws/build/uuv_world_ros_plugins': AMENT_PREFIX_PATH=/home/osansubuntumachine/ros2_ws/install/uuv_world_ros_plugins_msgs:/home/osansubuntumachine/ros2_ws/install/uuv_world_plugins:${AMENT_PREFIX_PATH} CMAKE_PREFIX_PATH=/home/osansubuntumachine/ros2_ws/install/uuv_world_ros_plugins_msgs:/home/osansubuntumachine/ros2_ws/install/uuv_world_plugins:/opt/ros/foxy LD_LIBRARY_PATH=/home/osansubuntumachine/ros2_ws/install/uuv_world_ros_plugins_msgs/lib:/home/osansubuntumachine/ros2_ws/install/uuv_world_plugins/lib:${LD_LIBRARY_PATH} PYTHONPATH=/home/osansubuntumachine/ros2_ws/install/uuv_world_ros_plugins_msgs/lib/python3.8/site-packages:${PYTHONPATH} /usr/bin/cmake --install /home/osansubuntumachine/ros2_ws/build/uuv_world_ros_plugins
[0.399s] -- Install configuration: ""
[0.399s] -- Up-to-date: /home/osansubuntumachine/ros2_ws/install/uuv_world_ros_plugins/lib/libuuv_underwater_current_ros_plugin.so
[0.399s] -- Up-to-date: /home/osansubuntumachine/ros2_ws/install/uuv_world_ros_plugins/lib/libuuv_sc_ros_interface_plugin.so
[0.399s] -- Up-to-date: /home/osansubuntumachine/ros2_ws/install/uuv_world_ros_plugins/include/uuv_world_ros_plugins
[0.399s] -- Up-to-date: /home/osansubuntumachine/ros2_ws/install/uuv_world_ros_plugins/include/uuv_world_ros_plugins/SphericalCoordinatesROSInterfacePlugin.h
[0.399s] -- Up-to-date: /home/osansubuntumachine/ros2_ws/install/uuv_world_ros_plugins/include/uuv_world_ros_plugins/UnderwaterCurrentROSPlugin.h
[0.399s] -- Up-to-date: /home/osansubuntumachine/ros2_ws/install/uuv_world_ros_plugins/share/uuv_world_ros_plugins/environment/library_path.sh
[0.399s] -- Up-to-date: /home/osansubuntumachine/ros2_ws/install/uuv_world_ros_plugins/share/uuv_world_ros_plugins/environment/library_path.dsv
[0.399s] -- Up-to-date: /home/osansubuntumachine/ros2_ws/install/uuv_world_ros_plugins/share/ament_index/resource_index/package_run_dependencies/uuv_world_ros_plugins
[0.399s] -- Up-to-date: /home/osansubuntumachine/ros2_ws/install/uuv_world_ros_plugins/share/ament_index/resource_index/parent_prefix_path/uuv_world_ros_plugins
[0.399s] -- Up-to-date: /home/osansubuntumachine/ros2_ws/install/uuv_world_ros_plugins/share/uuv_world_ros_plugins/environment/ament_prefix_path.sh
[0.399s] -- Up-to-date: /home/osansubuntumachine/ros2_ws/install/uuv_world_ros_plugins/share/uuv_world_ros_plugins/environment/ament_prefix_path.dsv
[0.399s] -- Up-to-date: /home/osansubuntumachine/ros2_ws/install/uuv_world_ros_plugins/share/uuv_world_ros_plugins/environment/path.sh
[0.399s] -- Up-to-date: /home/osansubuntumachine/ros2_ws/install/uuv_world_ros_plugins/share/uuv_world_ros_plugins/environment/path.dsv
[0.399s] -- Up-to-date: /home/osansubuntumachine/ros2_ws/install/uuv_world_ros_plugins/share/uuv_world_ros_plugins/local_setup.bash
[0.399s] -- Up-to-date: /home/osansubuntumachine/ros2_ws/install/uuv_world_ros_plugins/share/uuv_world_ros_plugins/local_setup.sh
[0.399s] -- Up-to-date: /home/osansubuntumachine/ros2_ws/install/uuv_world_ros_plugins/share/uuv_world_ros_plugins/local_setup.zsh
[0.400s] -- Up-to-date: /home/osansubuntumachine/ros2_ws/install/uuv_world_ros_plugins/share/uuv_world_ros_plugins/local_setup.dsv
[0.400s] -- Installing: /home/osansubuntumachine/ros2_ws/install/uuv_world_ros_plugins/share/uuv_world_ros_plugins/package.dsv
[0.400s] -- Up-to-date: /home/osansubuntumachine/ros2_ws/install/uuv_world_ros_plugins/share/ament_index/resource_index/packages/uuv_world_ros_plugins
[0.400s] -- Up-to-date: /home/osansubuntumachine/ros2_ws/install/uuv_world_ros_plugins/share/uuv_world_ros_plugins/cmake/export_uuv_underwater_current_ros_pluginExport.cmake
[0.400s] -- Up-to-date: /home/osansubuntumachine/ros2_ws/install/uuv_world_ros_plugins/share/uuv_world_ros_plugins/cmake/export_uuv_underwater_current_ros_pluginExport-noconfig.cmake
[0.400s] -- Up-to-date: /home/osansubuntumachine/ros2_ws/install/uuv_world_ros_plugins/share/uuv_world_ros_plugins/cmake/export_uuv_sc_ros_interface_pluginExport.cmake
[0.400s] -- Up-to-date: /home/osansubuntumachine/ros2_ws/install/uuv_world_ros_plugins/share/uuv_world_ros_plugins/cmake/export_uuv_sc_ros_interface_pluginExport-noconfig.cmake
[0.400s] -- Up-to-date: /home/osansubuntumachine/ros2_ws/install/uuv_world_ros_plugins/share/uuv_world_ros_plugins/cmake/ament_cmake_export_targets-extras.cmake
[0.400s] -- Up-to-date: /home/osansubuntumachine/ros2_ws/install/uuv_world_ros_plugins/share/uuv_world_ros_plugins/cmake/ament_cmake_export_dependencies-extras.cmake
[0.400s] -- Up-to-date: /home/osansubuntumachine/ros2_ws/install/uuv_world_ros_plugins/share/uuv_world_ros_plugins/cmake/ament_cmake_export_include_directories-extras.cmake
[0.400s] -- Up-to-date: /home/osansubuntumachine/ros2_ws/install/uuv_world_ros_plugins/share/uuv_world_ros_plugins/cmake/ament_cmake_export_libraries-extras.cmake
[0.400s] -- Up-to-date: /home/osansubuntumachine/ros2_ws/install/uuv_world_ros_plugins/share/uuv_world_ros_plugins/cmake/uuv_world_ros_pluginsConfig.cmake
[0.400s] -- Up-to-date: /home/osansubuntumachine/ros2_ws/install/uuv_world_ros_plugins/share/uuv_world_ros_plugins/cmake/uuv_world_ros_pluginsConfig-version.cmake
[0.400s] -- Up-to-date: /home/osansubuntumachine/ros2_ws/install/uuv_world_ros_plugins/share/uuv_world_ros_plugins/package.xml
[0.654s] Invoked command in '/home/osansubuntumachine/ros2_ws/build/uuv_world_ros_plugins' returned '0': AMENT_PREFIX_PATH=/home/osansubuntumachine/ros2_ws/install/uuv_world_ros_plugins_msgs:/home/osansubuntumachine/ros2_ws/install/uuv_world_plugins:${AMENT_PREFIX_PATH} CMAKE_PREFIX_PATH=/home/osansubuntumachine/ros2_ws/install/uuv_world_ros_plugins_msgs:/home/osansubuntumachine/ros2_ws/install/uuv_world_plugins:/opt/ros/foxy LD_LIBRARY_PATH=/home/osansubuntumachine/ros2_ws/install/uuv_world_ros_plugins_msgs/lib:/home/osansubuntumachine/ros2_ws/install/uuv_world_plugins/lib:${LD_LIBRARY_PATH} PYTHONPATH=/home/osansubuntumachine/ros2_ws/install/uuv_world_ros_plugins_msgs/lib/python3.8/site-packages:${PYTHONPATH} /usr/bin/cmake --install /home/osansubuntumachine/ros2_ws/build/uuv_world_ros_plugins
