[0.052s] Invoking command in '/home/osansubuntumachine/ros2_ws/build/uuv_tutorial_seabed_world': CMAKE_PREFIX_PATH=/opt/ros/foxy /usr/bin/cmake --build /home/osansubuntumachine/ros2_ws/build/uuv_tutorial_seabed_world -- -j4 -l4
[0.119s] Invoked command in '/home/osansubuntumachine/ros2_ws/build/uuv_tutorial_seabed_world' returned '0': CMAKE_PREFIX_PATH=/opt/ros/foxy /usr/bin/cmake --build /home/osansubuntumachine/ros2_ws/build/uuv_tutorial_seabed_world -- -j4 -l4
[0.120s] Invoking command in '/home/osansubuntumachine/ros2_ws/build/uuv_tutorial_seabed_world': CMAKE_PREFIX_PATH=/opt/ros/foxy /usr/bin/cmake --install /home/osansubuntumachine/ros2_ws/build/uuv_tutorial_seabed_world
[0.135s] -- Install configuration: ""
[0.135s] -- Up-to-date: /home/osansubuntumachine/ros2_ws/install/uuv_tutorial_seabed_world/share/uuv_tutorial_seabed_world/launch
[0.135s] -- Up-to-date: /home/osansubuntumachine/ros2_ws/install/uuv_tutorial_seabed_world/share/uuv_tutorial_seabed_world/launch/tutorial_seabed_world.launch
[0.135s] -- Up-to-date: /home/osansubuntumachine/ros2_ws/install/uuv_tutorial_seabed_world/share/uuv_tutorial_seabed_world/worlds
[0.135s] -- Up-to-date: /home/osansubuntumachine/ros2_ws/install/uuv_tutorial_seabed_world/share/uuv_tutorial_seabed_world/worlds/example_underwater.world
[0.135s] -- Up-to-date: /home/osansubuntumachine/ros2_ws/install/uuv_tutorial_seabed_world/share/uuv_tutorial_seabed_world/models
[0.136s] -- Up-to-date: /home/osansubuntumachine/ros2_ws/install/uuv_tutorial_seabed_world/share/uuv_tutorial_seabed_world/models/tutorial_seabed
[0.136s] -- Up-to-date: /home/osansubuntumachine/ros2_ws/install/uuv_tutorial_seabed_world/share/uuv_tutorial_seabed_world/models/tutorial_seabed/model.sdf
[0.136s] -- Up-to-date: /home/osansubuntumachine/ros2_ws/install/uuv_tutorial_seabed_world/share/uuv_tutorial_seabed_world/models/tutorial_seabed/model.config
[0.136s] -- Up-to-date: /home/osansubuntumachine/ros2_ws/install/uuv_tutorial_seabed_world/share/uuv_tutorial_seabed_world/models/tutorial_seabed/meshes
[0.136s] -- Up-to-date: /home/osansubuntumachine/ros2_ws/install/uuv_tutorial_seabed_world/share/uuv_tutorial_seabed_world/models/tutorial_seabed/meshes/seabed.stl
[0.136s] -- Up-to-date: /home/osansubuntumachine/ros2_ws/install/uuv_tutorial_seabed_world/share/ament_index/resource_index/package_run_dependencies/uuv_tutorial_seabed_world
[0.136s] -- Up-to-date: /home/osansubuntumachine/ros2_ws/install/uuv_tutorial_seabed_world/share/ament_index/resource_index/parent_prefix_path/uuv_tutorial_seabed_world
[0.136s] -- Up-to-date: /home/osansubuntumachine/ros2_ws/install/uuv_tutorial_seabed_world/share/uuv_tutorial_seabed_world/environment/ament_prefix_path.sh
[0.136s] -- Up-to-date: /home/osansubuntumachine/ros2_ws/install/uuv_tutorial_seabed_world/share/uuv_tutorial_seabed_world/environment/ament_prefix_path.dsv
[0.136s] -- Up-to-date: /home/osansubuntumachine/ros2_ws/install/uuv_tutorial_seabed_world/share/uuv_tutorial_seabed_world/environment/path.sh
[0.136s] -- Up-to-date: /home/osansubuntumachine/ros2_ws/install/uuv_tutorial_seabed_world/share/uuv_tutorial_seabed_world/environment/path.dsv
[0.136s] -- Up-to-date: /home/osansubuntumachine/ros2_ws/install/uuv_tutorial_seabed_world/share/uuv_tutorial_seabed_world/local_setup.bash
[0.137s] -- Up-to-date: /home/osansubuntumachine/ros2_ws/install/uuv_tutorial_seabed_world/share/uuv_tutorial_seabed_world/local_setup.sh
[0.137s] -- Up-to-date: /home/osansubuntumachine/ros2_ws/install/uuv_tutorial_seabed_world/share/uuv_tutorial_seabed_world/local_setup.zsh
[0.137s] -- Up-to-date: /home/osansubuntumachine/ros2_ws/install/uuv_tutorial_seabed_world/share/uuv_tutorial_seabed_world/local_setup.dsv
[0.137s] -- Installing: /home/osansubuntumachine/ros2_ws/install/uuv_tutorial_seabed_world/share/uuv_tutorial_seabed_world/package.dsv
[0.137s] -- Up-to-date: /home/osansubuntumachine/ros2_ws/install/uuv_tutorial_seabed_world/share/ament_index/resource_index/packages/uuv_tutorial_seabed_world
[0.137s] -- Up-to-date: /home/osansubuntumachine/ros2_ws/install/uuv_tutorial_seabed_world/share/uuv_tutorial_seabed_world/cmake/uuv_tutorial_seabed_worldConfig.cmake
[0.137s] -- Up-to-date: /home/osansubuntumachine/ros2_ws/install/uuv_tutorial_seabed_world/share/uuv_tutorial_seabed_world/cmake/uuv_tutorial_seabed_worldConfig-version.cmake
[0.137s] -- Up-to-date: /home/osansubuntumachine/ros2_ws/install/uuv_tutorial_seabed_world/share/uuv_tutorial_seabed_world/package.xml
[0.143s] Invoked command in '/home/osansubuntumachine/ros2_ws/build/uuv_tutorial_seabed_world' returned '0': CMAKE_PREFIX_PATH=/opt/ros/foxy /usr/bin/cmake --install /home/osansubuntumachine/ros2_ws/build/uuv_tutorial_seabed_world
