[0.086s] Invoking command in '/home/osansubuntumachine/ros2_ws/build/uuv_control_utils': AMENT_PREFIX_PATH=/home/osansubuntumachine/ros2_ws/install/uuv_trajectory_control:/home/osansubuntumachine/ros2_ws/install/uuv_assistants:/home/osansubuntumachine/ros2_ws/install/uuv_world_ros_plugins_msgs:/home/osansubuntumachine/ros2_ws/install/uuv_gazebo_ros_plugins_msgs:/home/osansubuntumachine/ros2_ws/install/uuv_control_msgs:/home/osansubuntumachine/ros2_ws/install/plankton_utils:${AMENT_PREFIX_PATH} CMAKE_PREFIX_PATH=/home/osansubuntumachine/ros2_ws/install/uuv_trajectory_control:/home/osansubuntumachine/ros2_ws/install/uuv_assistants:/home/osansubuntumachine/ros2_ws/install/uuv_world_ros_plugins_msgs:/home/osansubuntumachine/ros2_ws/install/uuv_gazebo_ros_plugins_msgs:/home/osansubuntumachine/ros2_ws/install/uuv_control_msgs:/home/osansubuntumachine/ros2_ws/install/plankton_utils:/opt/ros/foxy LD_LIBRARY_PATH=/home/osansubuntumachine/ros2_ws/install/uuv_world_ros_plugins_msgs/lib:/home/osansubuntumachine/ros2_ws/install/uuv_gazebo_ros_plugins_msgs/lib:/home/osansubuntumachine/ros2_ws/install/uuv_control_msgs/lib:${LD_LIBRARY_PATH} PYTHONPATH=/home/osansubuntumachine/ros2_ws/install/uuv_trajectory_control/lib/python3.8/site-packages:/home/osansubuntumachine/ros2_ws/install/uuv_assistants/lib/python3.8/site-packages:/home/osansubuntumachine/ros2_ws/install/uuv_world_ros_plugins_msgs/lib/python3.8/site-packages:/home/osansubuntumachine/ros2_ws/install/uuv_gazebo_ros_plugins_msgs/lib/python3.8/site-packages:/home/osansubuntumachine/ros2_ws/install/uuv_control_msgs/lib/python3.8/site-packages:/home/osansubuntumachine/ros2_ws/install/plankton_utils/lib/python3.8/site-packages:${PYTHONPATH} /usr/bin/cmake --build /home/osansubuntumachine/ros2_ws/build/uuv_control_utils -- -j4 -l4
[0.233s] Invoked command in '/home/osansubuntumachine/ros2_ws/build/uuv_control_utils' returned '0': AMENT_PREFIX_PATH=/home/osansubuntumachine/ros2_ws/install/uuv_trajectory_control:/home/osansubuntumachine/ros2_ws/install/uuv_assistants:/home/osansubuntumachine/ros2_ws/install/uuv_world_ros_plugins_msgs:/home/osansubuntumachine/ros2_ws/install/uuv_gazebo_ros_plugins_msgs:/home/osansubuntumachine/ros2_ws/install/uuv_control_msgs:/home/osansubuntumachine/ros2_ws/install/plankton_utils:${AMENT_PREFIX_PATH} CMAKE_PREFIX_PATH=/home/osansubuntumachine/ros2_ws/install/uuv_trajectory_control:/home/osansubuntumachine/ros2_ws/install/uuv_assistants:/home/osansubuntumachine/ros2_ws/install/uuv_world_ros_plugins_msgs:/home/osansubuntumachine/ros2_ws/install/uuv_gazebo_ros_plugins_msgs:/home/osansubuntumachine/ros2_ws/install/uuv_control_msgs:/home/osansubuntumachine/ros2_ws/install/plankton_utils:/opt/ros/foxy LD_LIBRARY_PATH=/home/osansubuntumachine/ros2_ws/install/uuv_world_ros_plugins_msgs/lib:/home/osansubuntumachine/ros2_ws/install/uuv_gazebo_ros_plugins_msgs/lib:/home/osansubuntumachine/ros2_ws/install/uuv_control_msgs/lib:${LD_LIBRARY_PATH} PYTHONPATH=/home/osansubuntumachine/ros2_ws/install/uuv_trajectory_control/lib/python3.8/site-packages:/home/osansubuntumachine/ros2_ws/install/uuv_assistants/lib/python3.8/site-packages:/home/osansubuntumachine/ros2_ws/install/uuv_world_ros_plugins_msgs/lib/python3.8/site-packages:/home/osansubuntumachine/ros2_ws/install/uuv_gazebo_ros_plugins_msgs/lib/python3.8/site-packages:/home/osansubuntumachine/ros2_ws/install/uuv_control_msgs/lib/python3.8/site-packages:/home/osansubuntumachine/ros2_ws/install/plankton_utils/lib/python3.8/site-packages:${PYTHONPATH} /usr/bin/cmake --build /home/osansubuntumachine/ros2_ws/build/uuv_control_utils -- -j4 -l4
[0.238s] Invoking command in '/home/osansubuntumachine/ros2_ws/build/uuv_control_utils': AMENT_PREFIX_PATH=/home/osansubuntumachine/ros2_ws/install/uuv_trajectory_control:/home/osansubuntumachine/ros2_ws/install/uuv_assistants:/home/osansubuntumachine/ros2_ws/install/uuv_world_ros_plugins_msgs:/home/osansubuntumachine/ros2_ws/install/uuv_gazebo_ros_plugins_msgs:/home/osansubuntumachine/ros2_ws/install/uuv_control_msgs:/home/osansubuntumachine/ros2_ws/install/plankton_utils:${AMENT_PREFIX_PATH} CMAKE_PREFIX_PATH=/home/osansubuntumachine/ros2_ws/install/uuv_trajectory_control:/home/osansubuntumachine/ros2_ws/install/uuv_assistants:/home/osansubuntumachine/ros2_ws/install/uuv_world_ros_plugins_msgs:/home/osansubuntumachine/ros2_ws/install/uuv_gazebo_ros_plugins_msgs:/home/osansubuntumachine/ros2_ws/install/uuv_control_msgs:/home/osansubuntumachine/ros2_ws/install/plankton_utils:/opt/ros/foxy LD_LIBRARY_PATH=/home/osansubuntumachine/ros2_ws/install/uuv_world_ros_plugins_msgs/lib:/home/osansubuntumachine/ros2_ws/install/uuv_gazebo_ros_plugins_msgs/lib:/home/osansubuntumachine/ros2_ws/install/uuv_control_msgs/lib:${LD_LIBRARY_PATH} PYTHONPATH=/home/osansubuntumachine/ros2_ws/install/uuv_trajectory_control/lib/python3.8/site-packages:/home/osansubuntumachine/ros2_ws/install/uuv_assistants/lib/python3.8/site-packages:/home/osansubuntumachine/ros2_ws/install/uuv_world_ros_plugins_msgs/lib/python3.8/site-packages:/home/osansubuntumachine/ros2_ws/install/uuv_gazebo_ros_plugins_msgs/lib/python3.8/site-packages:/home/osansubuntumachine/ros2_ws/install/uuv_control_msgs/lib/python3.8/site-packages:/home/osansubuntumachine/ros2_ws/install/plankton_utils/lib/python3.8/site-packages:${PYTHONPATH} /usr/bin/cmake --install /home/osansubuntumachine/ros2_ws/build/uuv_control_utils
[0.268s] -- Install configuration: ""
[0.268s] -- Up-to-date: /home/osansubuntumachine/ros2_ws/install/uuv_control_utils/lib/uuv_control_utils/set_timed_current_perturbation.py
[0.268s] -- Up-to-date: /home/osansubuntumachine/ros2_ws/install/uuv_control_utils/lib/uuv_control_utils/apply_link_wrench.py
[0.268s] -- Up-to-date: /home/osansubuntumachine/ros2_ws/install/uuv_control_utils/lib/uuv_control_utils/disturbance_manager.py
[0.268s] -- Up-to-date: /home/osansubuntumachine/ros2_ws/install/uuv_control_utils/lib/uuv_control_utils/start_helical_trajectory.py
[0.268s] -- Up-to-date: /home/osansubuntumachine/ros2_ws/install/uuv_control_utils/lib/uuv_control_utils/start_circular_trajectory.py
[0.268s] -- Up-to-date: /home/osansubuntumachine/ros2_ws/install/uuv_control_utils/lib/uuv_control_utils/set_thruster_state.py
[0.268s] -- Up-to-date: /home/osansubuntumachine/ros2_ws/install/uuv_control_utils/lib/uuv_control_utils/trajectory_marker_publisher.py
[0.268s] -- Up-to-date: /home/osansubuntumachine/ros2_ws/install/uuv_control_utils/lib/uuv_control_utils/set_thruster_output_efficiency.py
[0.268s] -- Up-to-date: /home/osansubuntumachine/ros2_ws/install/uuv_control_utils/lib/uuv_control_utils/send_waypoint_file.py
[0.268s] -- Up-to-date: /home/osansubuntumachine/ros2_ws/install/uuv_control_utils/lib/uuv_control_utils/set_gm_current_perturbation.py
[0.268s] -- Up-to-date: /home/osansubuntumachine/ros2_ws/install/uuv_control_utils/lib/uuv_control_utils/set_scalar_parameter.py
[0.269s] -- Up-to-date: /home/osansubuntumachine/ros2_ws/install/uuv_control_utils/share/uuv_control_utils/launch
[0.269s] -- Up-to-date: /home/osansubuntumachine/ros2_ws/install/uuv_control_utils/share/uuv_control_utils/launch/start_circular_trajectory.launch
[0.269s] -- Up-to-date: /home/osansubuntumachine/ros2_ws/install/uuv_control_utils/share/uuv_control_utils/launch/start_helical_trajectory.launch
[0.269s] -- Up-to-date: /home/osansubuntumachine/ros2_ws/install/uuv_control_utils/share/uuv_control_utils/launch/set_gm_current_perturbation.launch
[0.269s] -- Up-to-date: /home/osansubuntumachine/ros2_ws/install/uuv_control_utils/share/uuv_control_utils/launch/apply_link_wrench.launch
[0.269s] -- Up-to-date: /home/osansubuntumachine/ros2_ws/install/uuv_control_utils/share/uuv_control_utils/launch/set_scalar_parameter.launch
[0.269s] -- Up-to-date: /home/osansubuntumachine/ros2_ws/install/uuv_control_utils/share/uuv_control_utils/launch/set_thruster_output_efficiency.launch
[0.269s] -- Up-to-date: /home/osansubuntumachine/ros2_ws/install/uuv_control_utils/share/uuv_control_utils/launch/set_thruster_state.launch
[0.269s] -- Up-to-date: /home/osansubuntumachine/ros2_ws/install/uuv_control_utils/share/uuv_control_utils/launch/start_disturbance_manager.launch
[0.269s] -- Up-to-date: /home/osansubuntumachine/ros2_ws/install/uuv_control_utils/share/uuv_control_utils/launch/set_timed_current_perturbation.launch
[0.269s] -- Up-to-date: /home/osansubuntumachine/ros2_ws/install/uuv_control_utils/share/uuv_control_utils/launch/send_waypoints_file.launch
[0.269s] -- Up-to-date: /home/osansubuntumachine/ros2_ws/install/uuv_control_utils/share/uuv_control_utils/config
[0.270s] -- Up-to-date: /home/osansubuntumachine/ros2_ws/install/uuv_control_utils/share/uuv_control_utils/config/example_waypoints.yaml
[0.270s] -- Up-to-date: /home/osansubuntumachine/ros2_ws/install/uuv_control_utils/share/uuv_control_utils/config/example_disturbances.yaml
[0.270s] -- Up-to-date: /home/osansubuntumachine/ros2_ws/install/uuv_control_utils/share/ament_index/resource_index/package_run_dependencies/uuv_control_utils
[0.270s] -- Up-to-date: /home/osansubuntumachine/ros2_ws/install/uuv_control_utils/share/ament_index/resource_index/parent_prefix_path/uuv_control_utils
[0.276s] -- Up-to-date: /home/osansubuntumachine/ros2_ws/install/uuv_control_utils/share/uuv_control_utils/environment/ament_prefix_path.sh
[0.276s] -- Up-to-date: /home/osansubuntumachine/ros2_ws/install/uuv_control_utils/share/uuv_control_utils/environment/ament_prefix_path.dsv
[0.276s] -- Up-to-date: /home/osansubuntumachine/ros2_ws/install/uuv_control_utils/share/uuv_control_utils/environment/path.sh
[0.276s] -- Up-to-date: /home/osansubuntumachine/ros2_ws/install/uuv_control_utils/share/uuv_control_utils/environment/path.dsv
[0.276s] -- Up-to-date: /home/osansubuntumachine/ros2_ws/install/uuv_control_utils/share/uuv_control_utils/local_setup.bash
[0.276s] -- Up-to-date: /home/osansubuntumachine/ros2_ws/install/uuv_control_utils/share/uuv_control_utils/local_setup.sh
[0.276s] -- Up-to-date: /home/osansubuntumachine/ros2_ws/install/uuv_control_utils/share/uuv_control_utils/local_setup.zsh
[0.276s] -- Up-to-date: /home/osansubuntumachine/ros2_ws/install/uuv_control_utils/share/uuv_control_utils/local_setup.dsv
[0.276s] -- Installing: /home/osansubuntumachine/ros2_ws/install/uuv_control_utils/share/uuv_control_utils/package.dsv
[0.276s] -- Up-to-date: /home/osansubuntumachine/ros2_ws/install/uuv_control_utils/share/ament_index/resource_index/packages/uuv_control_utils
[0.276s] -- Up-to-date: /home/osansubuntumachine/ros2_ws/install/uuv_control_utils/share/uuv_control_utils/cmake/uuv_control_utilsConfig.cmake
[0.276s] -- Up-to-date: /home/osansubuntumachine/ros2_ws/install/uuv_control_utils/share/uuv_control_utils/cmake/uuv_control_utilsConfig-version.cmake
[0.277s] -- Up-to-date: /home/osansubuntumachine/ros2_ws/install/uuv_control_utils/share/uuv_control_utils/package.xml
[0.291s] Invoked command in '/home/osansubuntumachine/ros2_ws/build/uuv_control_utils' returned '0': AMENT_PREFIX_PATH=/home/osansubuntumachine/ros2_ws/install/uuv_trajectory_control:/home/osansubuntumachine/ros2_ws/install/uuv_assistants:/home/osansubuntumachine/ros2_ws/install/uuv_world_ros_plugins_msgs:/home/osansubuntumachine/ros2_ws/install/uuv_gazebo_ros_plugins_msgs:/home/osansubuntumachine/ros2_ws/install/uuv_control_msgs:/home/osansubuntumachine/ros2_ws/install/plankton_utils:${AMENT_PREFIX_PATH} CMAKE_PREFIX_PATH=/home/osansubuntumachine/ros2_ws/install/uuv_trajectory_control:/home/osansubuntumachine/ros2_ws/install/uuv_assistants:/home/osansubuntumachine/ros2_ws/install/uuv_world_ros_plugins_msgs:/home/osansubuntumachine/ros2_ws/install/uuv_gazebo_ros_plugins_msgs:/home/osansubuntumachine/ros2_ws/install/uuv_control_msgs:/home/osansubuntumachine/ros2_ws/install/plankton_utils:/opt/ros/foxy LD_LIBRARY_PATH=/home/osansubuntumachine/ros2_ws/install/uuv_world_ros_plugins_msgs/lib:/home/osansubuntumachine/ros2_ws/install/uuv_gazebo_ros_plugins_msgs/lib:/home/osansubuntumachine/ros2_ws/install/uuv_control_msgs/lib:${LD_LIBRARY_PATH} PYTHONPATH=/home/osansubuntumachine/ros2_ws/install/uuv_trajectory_control/lib/python3.8/site-packages:/home/osansubuntumachine/ros2_ws/install/uuv_assistants/lib/python3.8/site-packages:/home/osansubuntumachine/ros2_ws/install/uuv_world_ros_plugins_msgs/lib/python3.8/site-packages:/home/osansubuntumachine/ros2_ws/install/uuv_gazebo_ros_plugins_msgs/lib/python3.8/site-packages:/home/osansubuntumachine/ros2_ws/install/uuv_control_msgs/lib/python3.8/site-packages:/home/osansubuntumachine/ros2_ws/install/plankton_utils/lib/python3.8/site-packages:${PYTHONPATH} /usr/bin/cmake --install /home/osansubuntumachine/ros2_ws/build/uuv_control_utils
