-- Install configuration: ""
-- Up-to-date: /home/osansubuntumachine/ros2_ws/install/uuv_teleop/share/uuv_teleop/launch
-- Up-to-date: /home/osansubuntumachine/ros2_ws/install/uuv_teleop/share/uuv_teleop/launch/uuv_keyboard_teleop.launch
-- Up-to-date: /home/osansubuntumachine/ros2_ws/install/uuv_teleop/share/uuv_teleop/launch/finned_uuv_teleop.launch
-- Up-to-date: /home/osansubuntumachine/ros2_ws/install/uuv_teleop/share/uuv_teleop/launch/uuv_teleop.launch
-- Up-to-date: /home/osansubuntumachine/ros2_ws/install/uuv_teleop/lib/uuv_teleop/vehicle_teleop.py
-- Up-to-date: /home/osansubuntumachine/ros2_ws/install/uuv_teleop/lib/uuv_teleop/vehicle_keyboard_teleop.py
-- Up-to-date: /home/osansubuntumachine/ros2_ws/install/uuv_teleop/lib/uuv_teleop/finned_uuv_teleop.py
-- Up-to-date: /home/osansubuntumachine/ros2_ws/install/uuv_teleop/share/ament_index/resource_index/package_run_dependencies/uuv_teleop
-- Up-to-date: /home/osansubuntumachine/ros2_ws/install/uuv_teleop/share/ament_index/resource_index/parent_prefix_path/uuv_teleop
-- Up-to-date: /home/osansubuntumachine/ros2_ws/install/uuv_teleop/share/uuv_teleop/environment/ament_prefix_path.sh
-- Up-to-date: /home/osansubuntumachine/ros2_ws/install/uuv_teleop/share/uuv_teleop/environment/ament_prefix_path.dsv
-- Up-to-date: /home/osansubuntumachine/ros2_ws/install/uuv_teleop/share/uuv_teleop/environment/path.sh
-- Up-to-date: /home/osansubuntumachine/ros2_ws/install/uuv_teleop/share/uuv_teleop/environment/path.dsv
-- Up-to-date: /home/osansubuntumachine/ros2_ws/install/uuv_teleop/share/uuv_teleop/local_setup.bash
-- Up-to-date: /home/osansubuntumachine/ros2_ws/install/uuv_teleop/share/uuv_teleop/local_setup.sh
-- Up-to-date: /home/osansubuntumachine/ros2_ws/install/uuv_teleop/share/uuv_teleop/local_setup.zsh
-- Up-to-date: /home/osansubuntumachine/ros2_ws/install/uuv_teleop/share/uuv_teleop/local_setup.dsv
-- Up-to-date: /home/osansubuntumachine/ros2_ws/install/uuv_teleop/share/uuv_teleop/package.dsv
-- Up-to-date: /home/osansubuntumachine/ros2_ws/install/uuv_teleop/share/ament_index/resource_index/packages/uuv_teleop
-- Up-to-date: /home/osansubuntumachine/ros2_ws/install/uuv_teleop/share/uuv_teleop/cmake/uuv_teleopConfig.cmake
-- Up-to-date: /home/osansubuntumachine/ros2_ws/install/uuv_teleop/share/uuv_teleop/cmake/uuv_teleopConfig-version.cmake
-- Up-to-date: /home/osansubuntumachine/ros2_ws/install/uuv_teleop/share/uuv_teleop/package.xml
