-- The C compiler identification is GNU 9.4.0
-- The CXX compiler identification is GNU 9.4.0
-- Check for working C compiler: /usr/bin/cc
-- Check for working C compiler: /usr/bin/cc -- works
-- Detecting C compiler ABI info
-- Detecting C compiler ABI info - done
-- Detecting C compile features
-- Detecting C compile features - done
-- Check for working CXX compiler: /usr/bin/c++
-- Check for working CXX compiler: /usr/bin/c++ -- works
-- Detecting CXX compiler ABI info
-- Detecting CXX compiler ABI info - done
-- Detecting CXX compile features
-- Detecting CXX compile features - done
-- Found geometry_msgs: 2.0.5 (/opt/ros/foxy/share/geometry_msgs/cmake)
-- Found PythonInterp: /usr/bin/python3 (found suitable version "3.8.10", minimum required is "3") 
-- Using PYTHON_EXECUTABLE: /usr/bin/python3
-- Using all available rosidl_typesupport_c: rosidl_typesupport_fastrtps_c;rosidl_typesupport_introspection_c
-- Found rosidl_adapter: 1.3.1 (/opt/ros/foxy/share/rosidl_adapter/cmake)
-- Found OpenSSL: /usr/lib/x86_64-linux-gnu/libcrypto.so (found version "1.1.1f")  
-- Found FastRTPS: /opt/ros/foxy/include  
-- Using all available rosidl_typesupport_cpp: rosidl_typesupport_fastrtps_cpp;rosidl_typesupport_introspection_cpp
-- Found tf2_ros: 0.13.14 (/opt/ros/foxy/share/tf2_ros/cmake)
-- Found rmw_implementation_cmake: 1.0.4 (/opt/ros/foxy/share/rmw_implementation_cmake/cmake)
-- Using RMW implementation 'rmw_fastrtps_cpp' as default
-- Looking for pthread.h
-- Looking for pthread.h - found
-- Performing Test CMAKE_HAVE_LIBC_PTHREAD
-- Performing Test CMAKE_HAVE_LIBC_PTHREAD - Failed
-- Looking for pthread_create in pthreads
-- Looking for pthread_create in pthreads - not found
-- Looking for pthread_create in pthread
-- Looking for pthread_create in pthread - found
-- Found Threads: TRUE  
-- Found tf2_geometry_msgs: 0.13.14 (/opt/ros/foxy/share/tf2_geometry_msgs/cmake)
-- Found eigen3_cmake_module: 0.1.1 (/opt/ros/foxy/share/eigen3_cmake_module/cmake)
-- Found Eigen3: TRUE (found version "3.3.7") 
-- Found sensor_msgs: 2.0.5 (/opt/ros/foxy/share/sensor_msgs/cmake)
-- Found nav_msgs: 2.0.5 (/opt/ros/foxy/share/nav_msgs/cmake)
-- Configuring done
-- Generating done
-- Build files have been written to: /home/osansubuntumachine/ros2_ws/build/uuv_assistants
[35m[1mScanning dependencies of target uuv_message_to_tf[0m
[ 50%] [32mBuilding CXX object CMakeFiles/uuv_message_to_tf.dir/src/message_to_tf.cpp.o[0m
[100%] [32m[1mLinking CXX executable uuv_message_to_tf[0m
[100%] Built target uuv_message_to_tf
-- Install configuration: ""
-- Installing: /home/osansubuntumachine/ros2_ws/install/uuv_assistants/share/uuv_assistants/environment/pythonpath.sh
-- Installing: /home/osansubuntumachine/ros2_ws/install/uuv_assistants/share/uuv_assistants/environment/pythonpath.dsv
-- Installing: /home/osansubuntumachine/ros2_ws/install/uuv_assistants/lib/python3.8/site-packages/tf_quaternion
-- Installing: /home/osansubuntumachine/ros2_ws/install/uuv_assistants/lib/python3.8/site-packages/tf_quaternion/transformations.py
-- Installing: /home/osansubuntumachine/ros2_ws/install/uuv_assistants/lib/python3.8/site-packages/tf_quaternion/__init__.py
Listing '/home/osansubuntumachine/ros2_ws/install/uuv_assistants/lib/python3.8/site-packages/tf_quaternion'...
Compiling '/home/osansubuntumachine/ros2_ws/install/uuv_assistants/lib/python3.8/site-packages/tf_quaternion/__init__.py'...
Compiling '/home/osansubuntumachine/ros2_ws/install/uuv_assistants/lib/python3.8/site-packages/tf_quaternion/transformations.py'...
-- Installing: /home/osansubuntumachine/ros2_ws/install/uuv_assistants/share/uuv_assistants/launch
-- Installing: /home/osansubuntumachine/ros2_ws/install/uuv_assistants/share/uuv_assistants/launch/publish_vehicle_footprint.launch
-- Installing: /home/osansubuntumachine/ros2_ws/install/uuv_assistants/share/uuv_assistants/launch/unpause_simulation.launch
-- Installing: /home/osansubuntumachine/ros2_ws/install/uuv_assistants/share/uuv_assistants/launch/publish_world_ned_frame.launch
-- Installing: /home/osansubuntumachine/ros2_ws/install/uuv_assistants/share/uuv_assistants/launch/publish_body_sname.launch
-- Installing: /home/osansubuntumachine/ros2_ws/install/uuv_assistants/share/uuv_assistants/launch/message_to_tf.launch
-- Installing: /home/osansubuntumachine/ros2_ws/install/uuv_assistants/share/uuv_assistants/launch/publish_footprints.launch
-- Installing: /home/osansubuntumachine/ros2_ws/install/uuv_assistants/share/uuv_assistants/launch/set_simulation_timer.launch
-- Installing: /home/osansubuntumachine/ros2_ws/install/uuv_assistants/share/uuv_assistants/templates
-- Installing: /home/osansubuntumachine/ros2_ws/install/uuv_assistants/share/uuv_assistants/templates/control
-- Installing: /home/osansubuntumachine/ros2_ws/install/uuv_assistants/share/uuv_assistants/templates/control/vel_pid_control.yaml
-- Installing: /home/osansubuntumachine/ros2_ws/install/uuv_assistants/share/uuv_assistants/templates/control/position_hold_launch.xml
-- Installing: /home/osansubuntumachine/ros2_ws/install/uuv_assistants/share/uuv_assistants/templates/control/thruster_manager.yaml
-- Installing: /home/osansubuntumachine/ros2_ws/install/uuv_assistants/share/uuv_assistants/templates/control/pos_pid_control.yaml
-- Installing: /home/osansubuntumachine/ros2_ws/install/uuv_assistants/share/uuv_assistants/templates/control/inertial.yaml
-- Installing: /home/osansubuntumachine/ros2_ws/install/uuv_assistants/share/uuv_assistants/templates/control/thruster_manager_launch.xml
-- Installing: /home/osansubuntumachine/ros2_ws/install/uuv_assistants/share/uuv_assistants/templates/control/TAM.yaml
-- Installing: /home/osansubuntumachine/ros2_ws/install/uuv_assistants/share/uuv_assistants/templates/robot_model
-- Installing: /home/osansubuntumachine/ros2_ws/install/uuv_assistants/share/uuv_assistants/templates/robot_model/launch
-- Installing: /home/osansubuntumachine/ros2_ws/install/uuv_assistants/share/uuv_assistants/templates/robot_model/launch/upload.launch.template
-- Installing: /home/osansubuntumachine/ros2_ws/install/uuv_assistants/share/uuv_assistants/templates/robot_model/urdf
-- Installing: /home/osansubuntumachine/ros2_ws/install/uuv_assistants/share/uuv_assistants/templates/robot_model/urdf/base.xacro.template
-- Installing: /home/osansubuntumachine/ros2_ws/install/uuv_assistants/share/uuv_assistants/templates/robot_model/urdf/gazebo.xacro.template
-- Installing: /home/osansubuntumachine/ros2_ws/install/uuv_assistants/share/uuv_assistants/templates/robot_model/urdf/sensors.xacro.template
-- Installing: /home/osansubuntumachine/ros2_ws/install/uuv_assistants/share/uuv_assistants/templates/robot_model/urdf/actuators.xacro.template
-- Installing: /home/osansubuntumachine/ros2_ws/install/uuv_assistants/share/uuv_assistants/templates/robot_model/urdf/snippets.xacro.template
-- Installing: /home/osansubuntumachine/ros2_ws/install/uuv_assistants/share/uuv_assistants/templates/robot_model/robots
-- Installing: /home/osansubuntumachine/ros2_ws/install/uuv_assistants/share/uuv_assistants/templates/robot_model/robots/default.xacro.template
-- Installing: /home/osansubuntumachine/ros2_ws/install/uuv_assistants/share/uuv_assistants/templates/robot_model/meshes
-- Installing: /home/osansubuntumachine/ros2_ws/install/uuv_assistants/share/uuv_assistants/templates/robot_model/meshes/README.md
-- Installing: /home/osansubuntumachine/ros2_ws/install/uuv_assistants/share/uuv_assistants/templates/thruster_manager_config
-- Installing: /home/osansubuntumachine/ros2_ws/install/uuv_assistants/share/uuv_assistants/templates/thruster_manager_config/config
-- Installing: /home/osansubuntumachine/ros2_ws/install/uuv_assistants/share/uuv_assistants/templates/thruster_manager_config/config/thruster_manager.yaml.template
-- Installing: /home/osansubuntumachine/ros2_ws/install/uuv_assistants/share/uuv_assistants/templates/thruster_manager_config/launch
-- Installing: /home/osansubuntumachine/ros2_ws/install/uuv_assistants/share/uuv_assistants/templates/thruster_manager_config/launch/start_thruster_manager.launch.template
-- Installing: /home/osansubuntumachine/ros2_ws/install/uuv_assistants/lib/uuv_assistants/uuv_message_to_tf
-- Set runtime path of "/home/osansubuntumachine/ros2_ws/install/uuv_assistants/lib/uuv_assistants/uuv_message_to_tf" to ""
-- Installing: /home/osansubuntumachine/ros2_ws/install/uuv_assistants/lib/uuv_assistants/publish_footprints.py
-- Installing: /home/osansubuntumachine/ros2_ws/install/uuv_assistants/lib/uuv_assistants/set_simulation_timer.py
-- Installing: /home/osansubuntumachine/ros2_ws/install/uuv_assistants/lib/uuv_assistants/publish_world_models.py
-- Installing: /home/osansubuntumachine/ros2_ws/install/uuv_assistants/lib/uuv_assistants/publish_vehicle_footprint.py
-- Installing: /home/osansubuntumachine/ros2_ws/install/uuv_assistants/lib/uuv_assistants/unpause_simulation.py
-- Installing: /home/osansubuntumachine/ros2_ws/install/uuv_assistants/lib/uuv_assistants/create_new_robot_model
-- Installing: /home/osansubuntumachine/ros2_ws/install/uuv_assistants/lib/uuv_assistants/create_thruster_manager_configuration
-- Installing: /home/osansubuntumachine/ros2_ws/install/uuv_assistants/lib/uuv_assistants/create_control_package
-- Installing: /home/osansubuntumachine/ros2_ws/install/uuv_assistants/share/ament_index/resource_index/package_run_dependencies/uuv_assistants
-- Installing: /home/osansubuntumachine/ros2_ws/install/uuv_assistants/share/ament_index/resource_index/parent_prefix_path/uuv_assistants
-- Installing: /home/osansubuntumachine/ros2_ws/install/uuv_assistants/share/uuv_assistants/environment/ament_prefix_path.sh
-- Installing: /home/osansubuntumachine/ros2_ws/install/uuv_assistants/share/uuv_assistants/environment/ament_prefix_path.dsv
-- Installing: /home/osansubuntumachine/ros2_ws/install/uuv_assistants/share/uuv_assistants/environment/path.sh
-- Installing: /home/osansubuntumachine/ros2_ws/install/uuv_assistants/share/uuv_assistants/environment/path.dsv
-- Installing: /home/osansubuntumachine/ros2_ws/install/uuv_assistants/share/uuv_assistants/local_setup.bash
-- Installing: /home/osansubuntumachine/ros2_ws/install/uuv_assistants/share/uuv_assistants/local_setup.sh
-- Installing: /home/osansubuntumachine/ros2_ws/install/uuv_assistants/share/uuv_assistants/local_setup.zsh
-- Installing: /home/osansubuntumachine/ros2_ws/install/uuv_assistants/share/uuv_assistants/local_setup.dsv
-- Installing: /home/osansubuntumachine/ros2_ws/install/uuv_assistants/share/uuv_assistants/package.dsv
-- Installing: /home/osansubuntumachine/ros2_ws/install/uuv_assistants/share/ament_index/resource_index/packages/uuv_assistants
-- Installing: /home/osansubuntumachine/ros2_ws/install/uuv_assistants/share/uuv_assistants/cmake/uuv_assistantsConfig.cmake
-- Installing: /home/osansubuntumachine/ros2_ws/install/uuv_assistants/share/uuv_assistants/cmake/uuv_assistantsConfig-version.cmake
-- Installing: /home/osansubuntumachine/ros2_ws/install/uuv_assistants/share/uuv_assistants/package.xml
