[0.032s] Invoking command in '/home/osansubuntumachine/ros2_ws/build/uuv_gazebo_plugins': CMAKE_PREFIX_PATH=/opt/ros/foxy /usr/bin/cmake --build /home/osansubuntumachine/ros2_ws/build/uuv_gazebo_plugins -- -j4 -l4
[0.093s] [  7%] Built target gtest
[0.113s] [ 25%] Built target uuv_gazebo_plugins_msgs
[0.128s] [ 32%] Built target uuv_dynamics
[0.161s] [ 39%] Built target gtest_main
[0.228s] [ 50%] Built target umbilical_plugin
[0.230s] [ 64%] Built target uuv_underwater_object_plugin
[0.250s] [ 75%] Built target uuv_fin_plugin
[0.268s] [ 85%] Built target uuv_thruster_plugin
[0.292s] [ 92%] Built target UNIT_ThrusterDynamics_TEST
[0.301s] [100%] Built target UNIT_ThrusterConversionFcn_TEST
[0.318s] Invoked command in '/home/osansubuntumachine/ros2_ws/build/uuv_gazebo_plugins' returned '0': CMAKE_PREFIX_PATH=/opt/ros/foxy /usr/bin/cmake --build /home/osansubuntumachine/ros2_ws/build/uuv_gazebo_plugins -- -j4 -l4
[0.318s] Invoking command in '/home/osansubuntumachine/ros2_ws/build/uuv_gazebo_plugins': CMAKE_PREFIX_PATH=/opt/ros/foxy /usr/bin/cmake --install /home/osansubuntumachine/ros2_ws/build/uuv_gazebo_plugins
[0.326s] -- Install configuration: ""
[0.326s] -- Up-to-date: /home/osansubuntumachine/ros2_ws/install/uuv_gazebo_plugins/lib/libuuv_gazebo_plugins_msgs.so
[0.327s] -- Up-to-date: /home/osansubuntumachine/ros2_ws/install/uuv_gazebo_plugins/lib/libuuv_dynamics.so
[0.327s] -- Up-to-date: /home/osansubuntumachine/ros2_ws/install/uuv_gazebo_plugins/lib/libuuv_fin_plugin.so
[0.328s] -- Up-to-date: /home/osansubuntumachine/ros2_ws/install/uuv_gazebo_plugins/lib/libuuv_underwater_object_plugin.so
[0.329s] -- Up-to-date: /home/osansubuntumachine/ros2_ws/install/uuv_gazebo_plugins/lib/libuuv_thruster_plugin.so
[0.339s] -- Up-to-date: /home/osansubuntumachine/ros2_ws/install/uuv_gazebo_plugins/lib/libumbilical_plugin.so
[0.340s] -- Up-to-date: /home/osansubuntumachine/ros2_ws/install/uuv_gazebo_plugins/include/uuv_gazebo_plugins
[0.340s] -- Up-to-date: /home/osansubuntumachine/ros2_ws/install/uuv_gazebo_plugins/include/uuv_gazebo_plugins/ThrusterPlugin.h
[0.340s] -- Up-to-date: /home/osansubuntumachine/ros2_ws/install/uuv_gazebo_plugins/include/uuv_gazebo_plugins/BuoyantObject.h
[0.340s] -- Up-to-date: /home/osansubuntumachine/ros2_ws/install/uuv_gazebo_plugins/include/uuv_gazebo_plugins/Def.h
[0.340s] -- Up-to-date: /home/osansubuntumachine/ros2_ws/install/uuv_gazebo_plugins/include/uuv_gazebo_plugins/HydrodynamicModel.h
[0.340s] -- Up-to-date: /home/osansubuntumachine/ros2_ws/install/uuv_gazebo_plugins/include/uuv_gazebo_plugins/FinPlugin.h
[0.340s] -- Up-to-date: /home/osansubuntumachine/ros2_ws/install/uuv_gazebo_plugins/include/uuv_gazebo_plugins/UmbilicalModel.h
[0.340s] -- Up-to-date: /home/osansubuntumachine/ros2_ws/install/uuv_gazebo_plugins/include/uuv_gazebo_plugins/ThrusterConversionFcn.h
[0.340s] -- Up-to-date: /home/osansubuntumachine/ros2_ws/install/uuv_gazebo_plugins/include/uuv_gazebo_plugins/LiftDragModel.h
[0.341s] -- Up-to-date: /home/osansubuntumachine/ros2_ws/install/uuv_gazebo_plugins/include/uuv_gazebo_plugins/Dynamics.h
[0.341s] -- Up-to-date: /home/osansubuntumachine/ros2_ws/install/uuv_gazebo_plugins/include/uuv_gazebo_plugins/UnderwaterObjectPlugin.h
[0.341s] -- Up-to-date: /home/osansubuntumachine/ros2_ws/install/uuv_gazebo_plugins/include/uuv_gazebo_plugins/UmbilicalPlugin.h
[0.341s] -- Up-to-date: /home/osansubuntumachine/ros2_ws/install/uuv_gazebo_plugins/include
[0.341s] -- Up-to-date: /home/osansubuntumachine/ros2_ws/install/uuv_gazebo_plugins/include/uuv_gazebo_plugins
[0.341s] -- Up-to-date: /home/osansubuntumachine/ros2_ws/install/uuv_gazebo_plugins/include/uuv_gazebo_plugins
[0.341s] -- Up-to-date: /home/osansubuntumachine/ros2_ws/install/uuv_gazebo_plugins/include/uuv_gazebo_plugins/Accel.pb.h
[0.341s] -- Up-to-date: /home/osansubuntumachine/ros2_ws/install/uuv_gazebo_plugins/include/uuv_gazebo_plugins/ament_cmake_uninstall_target
[0.341s] -- Up-to-date: /home/osansubuntumachine/ros2_ws/install/uuv_gazebo_plugins/include/uuv_gazebo_plugins/ament_cmake_export_include_directories
[0.341s] -- Up-to-date: /home/osansubuntumachine/ros2_ws/install/uuv_gazebo_plugins/include/uuv_gazebo_plugins/ament_cmake_index
[0.341s] -- Up-to-date: /home/osansubuntumachine/ros2_ws/install/uuv_gazebo_plugins/include/uuv_gazebo_plugins/ament_cmake_index/share
[0.342s] -- Up-to-date: /home/osansubuntumachine/ros2_ws/install/uuv_gazebo_plugins/include/uuv_gazebo_plugins/ament_cmake_index/share/ament_index
[0.342s] -- Up-to-date: /home/osansubuntumachine/ros2_ws/install/uuv_gazebo_plugins/include/uuv_gazebo_plugins/ament_cmake_index/share/ament_index/resource_index
[0.343s] -- Up-to-date: /home/osansubuntumachine/ros2_ws/install/uuv_gazebo_plugins/include/uuv_gazebo_plugins/ament_cmake_index/share/ament_index/resource_index/parent_prefix_path
[0.343s] -- Up-to-date: /home/osansubuntumachine/ros2_ws/install/uuv_gazebo_plugins/include/uuv_gazebo_plugins/ament_cmake_index/share/ament_index/resource_index/packages
[0.343s] -- Up-to-date: /home/osansubuntumachine/ros2_ws/install/uuv_gazebo_plugins/include/uuv_gazebo_plugins/ament_cmake_index/share/ament_index/resource_index/package_run_dependencies
[0.343s] -- Up-to-date: /home/osansubuntumachine/ros2_ws/install/uuv_gazebo_plugins/include/uuv_gazebo_plugins/gtest
[0.343s] -- Up-to-date: /home/osansubuntumachine/ros2_ws/install/uuv_gazebo_plugins/include/uuv_gazebo_plugins/gtest/CMakeFiles
[0.343s] -- Up-to-date: /home/osansubuntumachine/ros2_ws/install/uuv_gazebo_plugins/include/uuv_gazebo_plugins/gtest/CMakeFiles/gtest_main.dir
[0.344s] -- Up-to-date: /home/osansubuntumachine/ros2_ws/install/uuv_gazebo_plugins/include/uuv_gazebo_plugins/gtest/CMakeFiles/gtest_main.dir/src
[0.344s] -- Up-to-date: /home/osansubuntumachine/ros2_ws/install/uuv_gazebo_plugins/include/uuv_gazebo_plugins/gtest/CMakeFiles/gtest.dir
[0.344s] -- Up-to-date: /home/osansubuntumachine/ros2_ws/install/uuv_gazebo_plugins/include/uuv_gazebo_plugins/gtest/CMakeFiles/gtest.dir/src
[0.344s] -- Up-to-date: /home/osansubuntumachine/ros2_ws/install/uuv_gazebo_plugins/include/uuv_gazebo_plugins/ament_cmake_core
[0.344s] -- Up-to-date: /home/osansubuntumachine/ros2_ws/install/uuv_gazebo_plugins/include/uuv_gazebo_plugins/ament_cmake_core/stamps
[0.345s] -- Up-to-date: /home/osansubuntumachine/ros2_ws/install/uuv_gazebo_plugins/include/uuv_gazebo_plugins/Double.pb.h
[0.345s] -- Up-to-date: /home/osansubuntumachine/ros2_ws/install/uuv_gazebo_plugins/include/uuv_gazebo_plugins/msgs
[0.345s] -- Up-to-date: /home/osansubuntumachine/ros2_ws/install/uuv_gazebo_plugins/include/uuv_gazebo_plugins/ament_cmake_export_libraries
[0.345s] -- Up-to-date: /home/osansubuntumachine/ros2_ws/install/uuv_gazebo_plugins/include/uuv_gazebo_plugins/CMakeFiles
[0.346s] -- Up-to-date: /home/osansubuntumachine/ros2_ws/install/uuv_gazebo_plugins/include/uuv_gazebo_plugins/CMakeFiles/UNIT_ThrusterDynamics_TEST.dir
[0.347s] -- Up-to-date: /home/osansubuntumachine/ros2_ws/install/uuv_gazebo_plugins/include/uuv_gazebo_plugins/CMakeFiles/UNIT_ThrusterDynamics_TEST.dir/src
[0.347s] -- Up-to-date: /home/osansubuntumachine/ros2_ws/install/uuv_gazebo_plugins/include/uuv_gazebo_plugins/CMakeFiles/uuv_fin_plugin.dir
[0.347s] -- Up-to-date: /home/osansubuntumachine/ros2_ws/install/uuv_gazebo_plugins/include/uuv_gazebo_plugins/CMakeFiles/uuv_fin_plugin.dir/src
[0.347s] -- Up-to-date: /home/osansubuntumachine/ros2_ws/install/uuv_gazebo_plugins/include/uuv_gazebo_plugins/CMakeFiles/uninstall.dir
[0.348s] -- Up-to-date: /home/osansubuntumachine/ros2_ws/install/uuv_gazebo_plugins/include/uuv_gazebo_plugins/CMakeFiles/3.16.3
[0.348s] -- Up-to-date: /home/osansubuntumachine/ros2_ws/install/uuv_gazebo_plugins/include/uuv_gazebo_plugins/CMakeFiles/3.16.3/CompilerIdC
[0.348s] -- Up-to-date: /home/osansubuntumachine/ros2_ws/install/uuv_gazebo_plugins/include/uuv_gazebo_plugins/CMakeFiles/3.16.3/CompilerIdC/tmp
[0.348s] -- Up-to-date: /home/osansubuntumachine/ros2_ws/install/uuv_gazebo_plugins/include/uuv_gazebo_plugins/CMakeFiles/3.16.3/CompilerIdCXX
[0.348s] -- Up-to-date: /home/osansubuntumachine/ros2_ws/install/uuv_gazebo_plugins/include/uuv_gazebo_plugins/CMakeFiles/3.16.3/CompilerIdCXX/tmp
[0.348s] -- Up-to-date: /home/osansubuntumachine/ros2_ws/install/uuv_gazebo_plugins/include/uuv_gazebo_plugins/CMakeFiles/uuv_thruster_plugin.dir
[0.349s] -- Up-to-date: /home/osansubuntumachine/ros2_ws/install/uuv_gazebo_plugins/include/uuv_gazebo_plugins/CMakeFiles/uuv_thruster_plugin.dir/src
[0.349s] -- Up-to-date: /home/osansubuntumachine/ros2_ws/install/uuv_gazebo_plugins/include/uuv_gazebo_plugins/CMakeFiles/uuv_gazebo_plugins_uninstall.dir
[0.349s] -- Up-to-date: /home/osansubuntumachine/ros2_ws/install/uuv_gazebo_plugins/include/uuv_gazebo_plugins/CMakeFiles/umbilical_plugin.dir
[0.349s] -- Up-to-date: /home/osansubuntumachine/ros2_ws/install/uuv_gazebo_plugins/include/uuv_gazebo_plugins/CMakeFiles/umbilical_plugin.dir/src
[0.349s] -- Up-to-date: /home/osansubuntumachine/ros2_ws/install/uuv_gazebo_plugins/include/uuv_gazebo_plugins/CMakeFiles/uuv_underwater_object_plugin.dir
[0.350s] -- Up-to-date: /home/osansubuntumachine/ros2_ws/install/uuv_gazebo_plugins/include/uuv_gazebo_plugins/CMakeFiles/uuv_underwater_object_plugin.dir/src
[0.350s] -- Up-to-date: /home/osansubuntumachine/ros2_ws/install/uuv_gazebo_plugins/include/uuv_gazebo_plugins/CMakeFiles/uuv_gazebo_plugins_msgs.dir
[0.350s] -- Up-to-date: /home/osansubuntumachine/ros2_ws/install/uuv_gazebo_plugins/include/uuv_gazebo_plugins/CMakeFiles/uuv_gazebo_plugins_msgs.dir/Accel.pb.cc.o
[0.350s] -- Up-to-date: /home/osansubuntumachine/ros2_ws/install/uuv_gazebo_plugins/include/uuv_gazebo_plugins/CMakeFiles/uuv_gazebo_plugins_msgs.dir/Double.pb.cc.o
[0.350s] -- Up-to-date: /home/osansubuntumachine/ros2_ws/install/uuv_gazebo_plugins/include/uuv_gazebo_plugins/CMakeFiles/UNIT_ThrusterConversionFcn_TEST.dir
[0.351s] -- Up-to-date: /home/osansubuntumachine/ros2_ws/install/uuv_gazebo_plugins/include/uuv_gazebo_plugins/CMakeFiles/UNIT_ThrusterConversionFcn_TEST.dir/src
[0.351s] -- Up-to-date: /home/osansubuntumachine/ros2_ws/install/uuv_gazebo_plugins/include/uuv_gazebo_plugins/CMakeFiles/CMakeTmp
[0.351s] -- Up-to-date: /home/osansubuntumachine/ros2_ws/install/uuv_gazebo_plugins/include/uuv_gazebo_plugins/CMakeFiles/uuv_dynamics.dir
[0.351s] -- Up-to-date: /home/osansubuntumachine/ros2_ws/install/uuv_gazebo_plugins/include/uuv_gazebo_plugins/CMakeFiles/uuv_dynamics.dir/src
[0.351s] -- Up-to-date: /home/osansubuntumachine/ros2_ws/install/uuv_gazebo_plugins/include/uuv_gazebo_plugins/ament_cmake_export_dependencies
[0.352s] -- Up-to-date: /home/osansubuntumachine/ros2_ws/install/uuv_gazebo_plugins/include/uuv_gazebo_plugins/Accel.pb.cc
[0.352s] -- Up-to-date: /home/osansubuntumachine/ros2_ws/install/uuv_gazebo_plugins/include/uuv_gazebo_plugins/ament_cmake_package_templates
[0.353s] -- Up-to-date: /home/osansubuntumachine/ros2_ws/install/uuv_gazebo_plugins/include/uuv_gazebo_plugins/.cmake
[0.353s] -- Up-to-date: /home/osansubuntumachine/ros2_ws/install/uuv_gazebo_plugins/include/uuv_gazebo_plugins/.cmake/api
[0.353s] -- Up-to-date: /home/osansubuntumachine/ros2_ws/install/uuv_gazebo_plugins/include/uuv_gazebo_plugins/.cmake/api/v1
[0.353s] -- Up-to-date: /home/osansubuntumachine/ros2_ws/install/uuv_gazebo_plugins/include/uuv_gazebo_plugins/.cmake/api/v1/reply
[0.353s] -- Up-to-date: /home/osansubuntumachine/ros2_ws/install/uuv_gazebo_plugins/include/uuv_gazebo_plugins/.cmake/api/v1/query
[0.354s] -- Up-to-date: /home/osansubuntumachine/ros2_ws/install/uuv_gazebo_plugins/include/uuv_gazebo_plugins/.cmake/api/v1/query/client-colcon-cmake
[0.354s] -- Up-to-date: /home/osansubuntumachine/ros2_ws/install/uuv_gazebo_plugins/include/uuv_gazebo_plugins/Double.pb.cc
[0.354s] -- Up-to-date: /home/osansubuntumachine/ros2_ws/install/uuv_gazebo_plugins/include/uuv_gazebo_plugins/ament_cmake_environment_hooks
[0.355s] -- Up-to-date: /home/osansubuntumachine/ros2_ws/install/uuv_gazebo_plugins/share/uuv_gazebo_plugins/environment/library_path.sh
[0.355s] -- Up-to-date: /home/osansubuntumachine/ros2_ws/install/uuv_gazebo_plugins/share/uuv_gazebo_plugins/environment/library_path.dsv
[0.355s] -- Up-to-date: /home/osansubuntumachine/ros2_ws/install/uuv_gazebo_plugins/share/ament_index/resource_index/package_run_dependencies/uuv_gazebo_plugins
[0.355s] -- Up-to-date: /home/osansubuntumachine/ros2_ws/install/uuv_gazebo_plugins/share/ament_index/resource_index/parent_prefix_path/uuv_gazebo_plugins
[0.355s] -- Up-to-date: /home/osansubuntumachine/ros2_ws/install/uuv_gazebo_plugins/share/uuv_gazebo_plugins/environment/ament_prefix_path.sh
[0.355s] -- Up-to-date: /home/osansubuntumachine/ros2_ws/install/uuv_gazebo_plugins/share/uuv_gazebo_plugins/environment/ament_prefix_path.dsv
[0.356s] -- Up-to-date: /home/osansubuntumachine/ros2_ws/install/uuv_gazebo_plugins/share/uuv_gazebo_plugins/environment/path.sh
[0.356s] -- Up-to-date: /home/osansubuntumachine/ros2_ws/install/uuv_gazebo_plugins/share/uuv_gazebo_plugins/environment/path.dsv
[0.356s] -- Up-to-date: /home/osansubuntumachine/ros2_ws/install/uuv_gazebo_plugins/share/uuv_gazebo_plugins/local_setup.bash
[0.356s] -- Up-to-date: /home/osansubuntumachine/ros2_ws/install/uuv_gazebo_plugins/share/uuv_gazebo_plugins/local_setup.sh
[0.356s] -- Up-to-date: /home/osansubuntumachine/ros2_ws/install/uuv_gazebo_plugins/share/uuv_gazebo_plugins/local_setup.zsh
[0.357s] -- Up-to-date: /home/osansubuntumachine/ros2_ws/install/uuv_gazebo_plugins/share/uuv_gazebo_plugins/local_setup.dsv
[0.357s] -- Installing: /home/osansubuntumachine/ros2_ws/install/uuv_gazebo_plugins/share/uuv_gazebo_plugins/package.dsv
[0.357s] -- Up-to-date: /home/osansubuntumachine/ros2_ws/install/uuv_gazebo_plugins/share/ament_index/resource_index/packages/uuv_gazebo_plugins
[0.357s] -- Up-to-date: /home/osansubuntumachine/ros2_ws/install/uuv_gazebo_plugins/share/uuv_gazebo_plugins/cmake/ament_cmake_export_dependencies-extras.cmake
[0.357s] -- Up-to-date: /home/osansubuntumachine/ros2_ws/install/uuv_gazebo_plugins/share/uuv_gazebo_plugins/cmake/ament_cmake_export_include_directories-extras.cmake
[0.357s] -- Up-to-date: /home/osansubuntumachine/ros2_ws/install/uuv_gazebo_plugins/share/uuv_gazebo_plugins/cmake/ament_cmake_export_libraries-extras.cmake
[0.357s] -- Up-to-date: /home/osansubuntumachine/ros2_ws/install/uuv_gazebo_plugins/share/uuv_gazebo_plugins/cmake/uuv_gazebo_pluginsConfig.cmake
[0.357s] -- Up-to-date: /home/osansubuntumachine/ros2_ws/install/uuv_gazebo_plugins/share/uuv_gazebo_plugins/cmake/uuv_gazebo_pluginsConfig-version.cmake
[0.357s] -- Up-to-date: /home/osansubuntumachine/ros2_ws/install/uuv_gazebo_plugins/share/uuv_gazebo_plugins/package.xml
[0.357s] Invoked command in '/home/osansubuntumachine/ros2_ws/build/uuv_gazebo_plugins' returned '0': CMAKE_PREFIX_PATH=/opt/ros/foxy /usr/bin/cmake --install /home/osansubuntumachine/ros2_ws/build/uuv_gazebo_plugins
