-- Install configuration: ""
-- Up-to-date: /home/osansubuntumachine/ros2_ws/install/uuv_descriptions/share/uuv_descriptions/launch
-- Up-to-date: /home/osansubuntumachine/ros2_ws/install/uuv_descriptions/share/uuv_descriptions/launch/upload_rexrov_default.launch
-- Up-to-date: /home/osansubuntumachine/ros2_ws/install/uuv_descriptions/share/uuv_descriptions/launch/upload_rexrov_oberon4.launch
-- Up-to-date: /home/osansubuntumachine/ros2_ws/install/uuv_descriptions/share/uuv_descriptions/launch/upload_rexrov_default.launch.py
-- Up-to-date: /home/osansubuntumachine/ros2_ws/install/uuv_descriptions/share/uuv_descriptions/launch/message_to_tf.launch
-- Up-to-date: /home/osansubuntumachine/ros2_ws/install/uuv_descriptions/share/uuv_descriptions/launch/upload_rexrov_default_noisy_pose.launch
-- Up-to-date: /home/osansubuntumachine/ros2_ws/install/uuv_descriptions/share/uuv_descriptions/launch/upload_rexrov.launch
-- Up-to-date: /home/osansubuntumachine/ros2_ws/install/uuv_descriptions/share/uuv_descriptions/launch/upload_rexrov_oberon7.launch
-- Up-to-date: /home/osansubuntumachine/ros2_ws/install/uuv_descriptions/share/uuv_descriptions/launch/upload_rexrov_oberon_arms.launch
-- Up-to-date: /home/osansubuntumachine/ros2_ws/install/uuv_descriptions/share/uuv_descriptions/meshes
-- Up-to-date: /home/osansubuntumachine/ros2_ws/install/uuv_descriptions/share/uuv_descriptions/meshes/RexROV_no_props.stl
-- Up-to-date: /home/osansubuntumachine/ros2_ws/install/uuv_descriptions/share/uuv_descriptions/meshes/collision.blend
-- Up-to-date: /home/osansubuntumachine/ros2_ws/install/uuv_descriptions/share/uuv_descriptions/meshes/prop.dae
-- Up-to-date: /home/osansubuntumachine/ros2_ws/install/uuv_descriptions/share/uuv_descriptions/meshes/RexROV_no_props.dae
-- Up-to-date: /home/osansubuntumachine/ros2_ws/install/uuv_descriptions/share/uuv_descriptions/robots
-- Up-to-date: /home/osansubuntumachine/ros2_ws/install/uuv_descriptions/share/uuv_descriptions/robots/rexrov_sonar.xacro
-- Up-to-date: /home/osansubuntumachine/ros2_ws/install/uuv_descriptions/share/uuv_descriptions/robots/rexrov_oberon7.xacro
-- Up-to-date: /home/osansubuntumachine/ros2_ws/install/uuv_descriptions/share/uuv_descriptions/robots/rexrov_default.xacro
-- Up-to-date: /home/osansubuntumachine/ros2_ws/install/uuv_descriptions/share/uuv_descriptions/robots/rexrov_default_noisy_pose.xacro
-- Up-to-date: /home/osansubuntumachine/ros2_ws/install/uuv_descriptions/share/uuv_descriptions/robots/rexrov_oberon_arms.xacro
-- Up-to-date: /home/osansubuntumachine/ros2_ws/install/uuv_descriptions/share/uuv_descriptions/robots/rexrov_oberon4.xacro
-- Up-to-date: /home/osansubuntumachine/ros2_ws/install/uuv_descriptions/share/uuv_descriptions/urdf
-- Installing: /home/osansubuntumachine/ros2_ws/install/uuv_descriptions/share/uuv_descriptions/urdf/rexrov_sensors.xacro
-- Up-to-date: /home/osansubuntumachine/ros2_ws/install/uuv_descriptions/share/uuv_descriptions/urdf/rexrov.gazebo.xacro
-- Up-to-date: /home/osansubuntumachine/ros2_ws/install/uuv_descriptions/share/uuv_descriptions/urdf/rexrov_base.xacro
-- Up-to-date: /home/osansubuntumachine/ros2_ws/install/uuv_descriptions/share/uuv_descriptions/urdf/rexrov_actuators.xacro
-- Up-to-date: /home/osansubuntumachine/ros2_ws/install/uuv_descriptions/share/uuv_descriptions/urdf/common.urdf.xacro
-- Up-to-date: /home/osansubuntumachine/ros2_ws/install/uuv_descriptions/share/ament_index/resource_index/package_run_dependencies/uuv_descriptions
-- Up-to-date: /home/osansubuntumachine/ros2_ws/install/uuv_descriptions/share/ament_index/resource_index/parent_prefix_path/uuv_descriptions
-- Up-to-date: /home/osansubuntumachine/ros2_ws/install/uuv_descriptions/share/uuv_descriptions/environment/ament_prefix_path.sh
-- Up-to-date: /home/osansubuntumachine/ros2_ws/install/uuv_descriptions/share/uuv_descriptions/environment/ament_prefix_path.dsv
-- Up-to-date: /home/osansubuntumachine/ros2_ws/install/uuv_descriptions/share/uuv_descriptions/environment/path.sh
-- Up-to-date: /home/osansubuntumachine/ros2_ws/install/uuv_descriptions/share/uuv_descriptions/environment/path.dsv
-- Up-to-date: /home/osansubuntumachine/ros2_ws/install/uuv_descriptions/share/uuv_descriptions/local_setup.bash
-- Up-to-date: /home/osansubuntumachine/ros2_ws/install/uuv_descriptions/share/uuv_descriptions/local_setup.sh
-- Up-to-date: /home/osansubuntumachine/ros2_ws/install/uuv_descriptions/share/uuv_descriptions/local_setup.zsh
-- Up-to-date: /home/osansubuntumachine/ros2_ws/install/uuv_descriptions/share/uuv_descriptions/local_setup.dsv
-- Installing: /home/osansubuntumachine/ros2_ws/install/uuv_descriptions/share/uuv_descriptions/package.dsv
-- Up-to-date: /home/osansubuntumachine/ros2_ws/install/uuv_descriptions/share/ament_index/resource_index/packages/uuv_descriptions
-- Up-to-date: /home/osansubuntumachine/ros2_ws/install/uuv_descriptions/share/uuv_descriptions/cmake/uuv_descriptionsConfig.cmake
-- Up-to-date: /home/osansubuntumachine/ros2_ws/install/uuv_descriptions/share/uuv_descriptions/cmake/uuv_descriptionsConfig-version.cmake
-- Up-to-date: /home/osansubuntumachine/ros2_ws/install/uuv_descriptions/share/uuv_descriptions/package.xml
