[0.135s] Invoking command in '/home/osansubuntumachine/ros2_ws/build/uuv_gazebo': CMAKE_PREFIX_PATH=${CMAKE_PREFIX_PATH}:/home/osansubuntumachine/ros2_ws/install/rexrov_autonomy:/opt/ros/foxy /usr/bin/cmake --build /home/osansubuntumachine/ros2_ws/build/uuv_gazebo -- -j4 -l4
[0.336s] Invoked command in '/home/osansubuntumachine/ros2_ws/build/uuv_gazebo' returned '0': CMAKE_PREFIX_PATH=${CMAKE_PREFIX_PATH}:/home/osansubuntumachine/ros2_ws/install/rexrov_autonomy:/opt/ros/foxy /usr/bin/cmake --build /home/osansubuntumachine/ros2_ws/build/uuv_gazebo -- -j4 -l4
[0.348s] Invoking command in '/home/osansubuntumachine/ros2_ws/build/uuv_gazebo': CMAKE_PREFIX_PATH=${CMAKE_PREFIX_PATH}:/home/osansubuntumachine/ros2_ws/install/rexrov_autonomy:/opt/ros/foxy /usr/bin/cmake --install /home/osansubuntumachine/ros2_ws/build/uuv_gazebo
[0.414s] -- Install configuration: ""
[0.422s] -- Up-to-date: /home/osansubuntumachine/ros2_ws/install/uuv_gazebo/share/uuv_gazebo/rviz
[0.423s] -- Up-to-date: /home/osansubuntumachine/ros2_ws/install/uuv_gazebo/share/uuv_gazebo/rviz/rexrov.perspective
[0.423s] -- Up-to-date: /home/osansubuntumachine/ros2_ws/install/uuv_gazebo/share/uuv_gazebo/rviz/rexrov_default.rviz
[0.423s] -- Up-to-date: /home/osansubuntumachine/ros2_ws/install/uuv_gazebo/share/uuv_gazebo/rviz/bathymetry.rviz
[0.423s] -- Up-to-date: /home/osansubuntumachine/ros2_ws/install/uuv_gazebo/share/uuv_gazebo/rviz/rexrov_oberon_jt_controller.rviz
[0.423s] -- Up-to-date: /home/osansubuntumachine/ros2_ws/install/uuv_gazebo/share/uuv_gazebo/rviz/rexrov_sonar.rviz
[0.423s] -- Up-to-date: /home/osansubuntumachine/ros2_ws/install/uuv_gazebo/share/uuv_gazebo/rviz/controller_demo.rviz
[0.423s] -- Up-to-date: /home/osansubuntumachine/ros2_ws/install/uuv_gazebo/share/uuv_gazebo/launch
[0.423s] -- Up-to-date: /home/osansubuntumachine/ros2_ws/install/uuv_gazebo/share/uuv_gazebo/launch/rexrov_demos
[0.423s] -- Up-to-date: /home/osansubuntumachine/ros2_ws/install/uuv_gazebo/share/uuv_gazebo/launch/rexrov_demos/rexrov_oberon_arms_demo.launch
[0.424s] -- Up-to-date: /home/osansubuntumachine/ros2_ws/install/uuv_gazebo/share/uuv_gazebo/launch/rexrov_demos/rexrov_oberon_arms_demo_logitech_joy.launch
[0.425s] -- Up-to-date: /home/osansubuntumachine/ros2_ws/install/uuv_gazebo/share/uuv_gazebo/launch/rexrov_demos/rexrov_oberon4_demo.launch
[0.425s] -- Up-to-date: /home/osansubuntumachine/ros2_ws/install/uuv_gazebo/share/uuv_gazebo/launch/rexrov_demos/rexrov_default.launch
[0.425s] -- Up-to-date: /home/osansubuntumachine/ros2_ws/install/uuv_gazebo/share/uuv_gazebo/launch/rexrov_demos/rexrov_oberon_demo_logitech_joy.launch
[0.425s] -- Up-to-date: /home/osansubuntumachine/ros2_ws/install/uuv_gazebo/share/uuv_gazebo/launch/rexrov_demos/rexrov_sonar.launch
[0.426s] -- Up-to-date: /home/osansubuntumachine/ros2_ws/install/uuv_gazebo/share/uuv_gazebo/launch/rexrov_demos/rexrov_sonar_logitech_joy.launch
[0.426s] -- Up-to-date: /home/osansubuntumachine/ros2_ws/install/uuv_gazebo/share/uuv_gazebo/launch/rexrov_demos/rexrov_bop_panel.launch
[0.426s] -- Up-to-date: /home/osansubuntumachine/ros2_ws/install/uuv_gazebo/share/uuv_gazebo/launch/rexrov_demos/rexrov_default_logitech_joy.launch
[0.426s] -- Up-to-date: /home/osansubuntumachine/ros2_ws/install/uuv_gazebo/share/uuv_gazebo/launch/rexrov_demos/rexrov_oberon4_demo_logitech_joy.launch
[0.426s] -- Up-to-date: /home/osansubuntumachine/ros2_ws/install/uuv_gazebo/share/uuv_gazebo/launch/rexrov_demos/rexrov_oberon_demo.launch
[0.426s] -- Up-to-date: /home/osansubuntumachine/ros2_ws/install/uuv_gazebo/share/uuv_gazebo/launch/controller_demos
[0.426s] -- Up-to-date: /home/osansubuntumachine/ros2_ws/install/uuv_gazebo/share/uuv_gazebo/launch/controller_demos/record_demo.launch
[0.426s] -- Up-to-date: /home/osansubuntumachine/ros2_ws/install/uuv_gazebo/share/uuv_gazebo/launch/controller_demos/start_mb_smc_demo.launch
[0.426s] -- Up-to-date: /home/osansubuntumachine/ros2_ws/install/uuv_gazebo/share/uuv_gazebo/launch/controller_demos/start_nmb_smc_demo_with_teleop.launch
[0.426s] -- Up-to-date: /home/osansubuntumachine/ros2_ws/install/uuv_gazebo/share/uuv_gazebo/launch/controller_demos/start_nl_pid_demo.launch
[0.426s] -- Up-to-date: /home/osansubuntumachine/ros2_ws/install/uuv_gazebo/share/uuv_gazebo/launch/controller_demos/start_pid_demo.launch
[0.426s] -- Up-to-date: /home/osansubuntumachine/ros2_ws/install/uuv_gazebo/share/uuv_gazebo/launch/controller_demos/start_pid_demo_with_teleop.launch
[0.428s] -- Up-to-date: /home/osansubuntumachine/ros2_ws/install/uuv_gazebo/share/uuv_gazebo/launch/controller_demos/start_disturbance_demo.launch
[0.428s] -- Up-to-date: /home/osansubuntumachine/ros2_ws/install/uuv_gazebo/share/uuv_gazebo/launch/controller_demos/start_nmb_smc_demo.launch
[0.428s] -- Up-to-date: /home/osansubuntumachine/ros2_ws/install/uuv_gazebo/share/uuv_gazebo/config
[0.428s] -- Up-to-date: /home/osansubuntumachine/ros2_ws/install/uuv_gazebo/share/uuv_gazebo/config/disturbances
[0.428s] -- Up-to-date: /home/osansubuntumachine/ros2_ws/install/uuv_gazebo/share/uuv_gazebo/config/disturbances/test_disturbances.yaml
[0.428s] -- Up-to-date: /home/osansubuntumachine/ros2_ws/install/uuv_gazebo/share/ament_index/resource_index/package_run_dependencies/uuv_gazebo
[0.428s] -- Up-to-date: /home/osansubuntumachine/ros2_ws/install/uuv_gazebo/share/ament_index/resource_index/parent_prefix_path/uuv_gazebo
[0.429s] -- Up-to-date: /home/osansubuntumachine/ros2_ws/install/uuv_gazebo/share/uuv_gazebo/environment/ament_prefix_path.sh
[0.432s] -- Up-to-date: /home/osansubuntumachine/ros2_ws/install/uuv_gazebo/share/uuv_gazebo/environment/ament_prefix_path.dsv
[0.432s] -- Up-to-date: /home/osansubuntumachine/ros2_ws/install/uuv_gazebo/share/uuv_gazebo/environment/path.sh
[0.432s] -- Up-to-date: /home/osansubuntumachine/ros2_ws/install/uuv_gazebo/share/uuv_gazebo/environment/path.dsv
[0.434s] -- Up-to-date: /home/osansubuntumachine/ros2_ws/install/uuv_gazebo/share/uuv_gazebo/local_setup.bash
[0.434s] -- Up-to-date: /home/osansubuntumachine/ros2_ws/install/uuv_gazebo/share/uuv_gazebo/local_setup.sh
[0.434s] -- Up-to-date: /home/osansubuntumachine/ros2_ws/install/uuv_gazebo/share/uuv_gazebo/local_setup.zsh
[0.434s] -- Up-to-date: /home/osansubuntumachine/ros2_ws/install/uuv_gazebo/share/uuv_gazebo/local_setup.dsv
[0.435s] -- Installing: /home/osansubuntumachine/ros2_ws/install/uuv_gazebo/share/uuv_gazebo/package.dsv
[0.438s] -- Up-to-date: /home/osansubuntumachine/ros2_ws/install/uuv_gazebo/share/ament_index/resource_index/packages/uuv_gazebo
[0.438s] -- Up-to-date: /home/osansubuntumachine/ros2_ws/install/uuv_gazebo/share/uuv_gazebo/cmake/uuv_gazeboConfig.cmake
[0.438s] -- Up-to-date: /home/osansubuntumachine/ros2_ws/install/uuv_gazebo/share/uuv_gazebo/cmake/uuv_gazeboConfig-version.cmake
[0.438s] -- Up-to-date: /home/osansubuntumachine/ros2_ws/install/uuv_gazebo/share/uuv_gazebo/package.xml
[0.467s] Invoked command in '/home/osansubuntumachine/ros2_ws/build/uuv_gazebo' returned '0': CMAKE_PREFIX_PATH=${CMAKE_PREFIX_PATH}:/home/osansubuntumachine/ros2_ws/install/rexrov_autonomy:/opt/ros/foxy /usr/bin/cmake --install /home/osansubuntumachine/ros2_ws/build/uuv_gazebo
