[0.033s] Invoking command in '/home/osansubuntumachine/ros2_ws/build/plankton_utils': CMAKE_PREFIX_PATH=/opt/ros/foxy /usr/bin/cmake /home/osansubuntumachine/ros2_ws/src/Plankton/plankton_utils -DCMAKE_INSTALL_PREFIX=/home/osansubuntumachine/ros2_ws/install/plankton_utils
[0.086s] -- The C compiler identification is GNU 9.4.0
[0.135s] -- The CXX compiler identification is GNU 9.4.0
[0.139s] -- Check for working C compiler: /usr/bin/cc
[0.205s] -- Check for working C compiler: /usr/bin/cc -- works
[0.207s] -- Detecting C compiler ABI info
[0.267s] -- Detecting C compiler ABI info - done
[0.277s] -- Detecting C compile features
[0.277s] -- Detecting C compile features - done
[0.279s] -- Check for working CXX compiler: /usr/bin/c++
[0.353s] -- Check for working CXX compiler: /usr/bin/c++ -- works
[0.357s] -- Detecting CXX compiler ABI info
[0.437s] -- Detecting CXX compiler ABI info - done
[0.443s] -- Detecting CXX compile features
[0.444s] -- Detecting CXX compile features - done
[0.445s] -- Found ament_cmake: 0.9.12 (/opt/ros/foxy/share/ament_cmake/cmake)
[0.470s] -- Found PythonInterp: /usr/bin/python3 (found suitable version "3.8.10", minimum required is "3") 
[0.470s] -- Using PYTHON_EXECUTABLE: /usr/bin/python3
[0.632s] -- Found ament_cmake_pytest: 0.9.12 (/opt/ros/foxy/share/ament_cmake_pytest/cmake)
[0.634s] -- Found rclcpp: 2.4.3 (/opt/ros/foxy/share/rclcpp/cmake)
[0.666s] -- Using all available rosidl_typesupport_c: rosidl_typesupport_fastrtps_c;rosidl_typesupport_introspection_c
[0.672s] -- Found rosidl_adapter: 1.3.1 (/opt/ros/foxy/share/rosidl_adapter/cmake)
[0.733s] -- Found OpenSSL: /usr/lib/x86_64-linux-gnu/libcrypto.so (found version "1.1.1f")  
[0.753s] -- Found FastRTPS: /opt/ros/foxy/include  
[0.807s] -- Using all available rosidl_typesupport_cpp: rosidl_typesupport_fastrtps_cpp;rosidl_typesupport_introspection_cpp
[0.850s] -- Found rmw_implementation_cmake: 1.0.4 (/opt/ros/foxy/share/rmw_implementation_cmake/cmake)
[0.852s] -- Using RMW implementation 'rmw_fastrtps_cpp' as default
[0.853s] -- Looking for pthread.h
[0.947s] -- Looking for pthread.h - found
[0.947s] -- Performing Test CMAKE_HAVE_LIBC_PTHREAD
[1.037s] -- Performing Test CMAKE_HAVE_LIBC_PTHREAD - Failed
[1.037s] -- Looking for pthread_create in pthreads
[1.100s] -- Looking for pthread_create in pthreads - not found
[1.100s] -- Looking for pthread_create in pthread
[1.168s] -- Looking for pthread_create in pthread - found
[1.168s] -- Found Threads: TRUE  
[1.307s] -- Found ament_lint_auto: 0.9.8 (/opt/ros/foxy/share/ament_lint_auto/cmake)
[2.437s] -- Configuring done
[2.443s] -- Generating done
[2.455s] -- Build files have been written to: /home/osansubuntumachine/ros2_ws/build/plankton_utils
[2.460s] Invoked command in '/home/osansubuntumachine/ros2_ws/build/plankton_utils' returned '0': CMAKE_PREFIX_PATH=/opt/ros/foxy /usr/bin/cmake /home/osansubuntumachine/ros2_ws/src/Plankton/plankton_utils -DCMAKE_INSTALL_PREFIX=/home/osansubuntumachine/ros2_ws/install/plankton_utils
[2.462s] Invoking command in '/home/osansubuntumachine/ros2_ws/build/plankton_utils': CMAKE_PREFIX_PATH=/opt/ros/foxy /usr/bin/cmake --build /home/osansubuntumachine/ros2_ws/build/plankton_utils -- -j4 -l4
[2.594s] [35m[1mScanning dependencies of target plankton_global_sim_time[0m
[2.762s] [ 50%] [32mBuilding CXX object CMakeFiles/plankton_global_sim_time.dir/src/globalSimTime.cpp.o[0m
[7.244s] [100%] [32m[1mLinking CXX executable plankton_global_sim_time[0m
[7.876s] [100%] Built target plankton_global_sim_time
[7.933s] Invoked command in '/home/osansubuntumachine/ros2_ws/build/plankton_utils' returned '0': CMAKE_PREFIX_PATH=/opt/ros/foxy /usr/bin/cmake --build /home/osansubuntumachine/ros2_ws/build/plankton_utils -- -j4 -l4
[7.999s] Invoking command in '/home/osansubuntumachine/ros2_ws/build/plankton_utils': CMAKE_PREFIX_PATH=/opt/ros/foxy /usr/bin/cmake --install /home/osansubuntumachine/ros2_ws/build/plankton_utils
[8.040s] -- Install configuration: ""
[8.042s] -- Installing: /home/osansubuntumachine/ros2_ws/install/plankton_utils/lib/plankton_utils/plankton_global_sim_time
[8.042s] -- Set runtime path of "/home/osansubuntumachine/ros2_ws/install/plankton_utils/lib/plankton_utils/plankton_global_sim_time" to ""
[8.042s] -- Installing: /home/osansubuntumachine/ros2_ws/install/plankton_utils/share/plankton_utils/environment/pythonpath.sh
[8.042s] -- Installing: /home/osansubuntumachine/ros2_ws/install/plankton_utils/share/plankton_utils/environment/pythonpath.dsv
[8.054s] -- Installing: /home/osansubuntumachine/ros2_ws/install/plankton_utils/lib/python3.8/site-packages/plankton_utils
[8.055s] -- Installing: /home/osansubuntumachine/ros2_ws/install/plankton_utils/lib/python3.8/site-packages/plankton_utils/param_helper.py
[8.056s] -- Installing: /home/osansubuntumachine/ros2_ws/install/plankton_utils/lib/python3.8/site-packages/plankton_utils/__init__.py
[8.056s] -- Installing: /home/osansubuntumachine/ros2_ws/install/plankton_utils/lib/python3.8/site-packages/plankton_utils/time.py
[8.243s] Listing '/home/osansubuntumachine/ros2_ws/install/plankton_utils/lib/python3.8/site-packages/plankton_utils'...
[8.243s] Compiling '/home/osansubuntumachine/ros2_ws/install/plankton_utils/lib/python3.8/site-packages/plankton_utils/__init__.py'...
[8.243s] Compiling '/home/osansubuntumachine/ros2_ws/install/plankton_utils/lib/python3.8/site-packages/plankton_utils/param_helper.py'...
[8.243s] Compiling '/home/osansubuntumachine/ros2_ws/install/plankton_utils/lib/python3.8/site-packages/plankton_utils/time.py'...
[8.260s] -- Installing: /home/osansubuntumachine/ros2_ws/install/plankton_utils/share/ament_index/resource_index/package_run_dependencies/plankton_utils
[8.261s] -- Installing: /home/osansubuntumachine/ros2_ws/install/plankton_utils/share/ament_index/resource_index/parent_prefix_path/plankton_utils
[8.262s] -- Installing: /home/osansubuntumachine/ros2_ws/install/plankton_utils/share/plankton_utils/environment/ament_prefix_path.sh
[8.263s] -- Installing: /home/osansubuntumachine/ros2_ws/install/plankton_utils/share/plankton_utils/environment/ament_prefix_path.dsv
[8.263s] -- Installing: /home/osansubuntumachine/ros2_ws/install/plankton_utils/share/plankton_utils/environment/path.sh
[8.265s] -- Installing: /home/osansubuntumachine/ros2_ws/install/plankton_utils/share/plankton_utils/environment/path.dsv
[8.265s] -- Installing: /home/osansubuntumachine/ros2_ws/install/plankton_utils/share/plankton_utils/local_setup.bash
[8.265s] -- Installing: /home/osansubuntumachine/ros2_ws/install/plankton_utils/share/plankton_utils/local_setup.sh
[8.265s] -- Installing: /home/osansubuntumachine/ros2_ws/install/plankton_utils/share/plankton_utils/local_setup.zsh
[8.265s] -- Installing: /home/osansubuntumachine/ros2_ws/install/plankton_utils/share/plankton_utils/local_setup.dsv
[8.265s] -- Installing: /home/osansubuntumachine/ros2_ws/install/plankton_utils/share/plankton_utils/package.dsv
[8.267s] -- Installing: /home/osansubuntumachine/ros2_ws/install/plankton_utils/share/ament_index/resource_index/packages/plankton_utils
[8.276s] -- Installing: /home/osansubuntumachine/ros2_ws/install/plankton_utils/share/plankton_utils/cmake/plankton_utilsConfig.cmake
[8.276s] -- Installing: /home/osansubuntumachine/ros2_ws/install/plankton_utils/share/plankton_utils/cmake/plankton_utilsConfig-version.cmake
[8.276s] -- Installing: /home/osansubuntumachine/ros2_ws/install/plankton_utils/share/plankton_utils/package.xml
[8.276s] Invoked command in '/home/osansubuntumachine/ros2_ws/build/plankton_utils' returned '0': CMAKE_PREFIX_PATH=/opt/ros/foxy /usr/bin/cmake --install /home/osansubuntumachine/ros2_ws/build/plankton_utils
