[0.087s] Invoking command in '/home/osansubuntumachine/ros2_ws/build/uuv_control_msgs': CMAKE_PREFIX_PATH=/opt/ros/foxy /usr/bin/cmake --build /home/osansubuntumachine/ros2_ws/build/uuv_control_msgs -- -j4 -l4
[0.364s] [ 12%] Built target uuv_control_msgs__rosidl_generator_c
[0.368s] [ 12%] Built target uuv_control_msgs__cpp
[0.518s] [ 25%] Built target uuv_control_msgs__rosidl_typesupport_introspection_c
[0.549s] [ 37%] Built target uuv_control_msgs__rosidl_typesupport_c
[0.634s] [ 50%] Built target uuv_control_msgs__rosidl_typesupport_introspection_cpp
[0.644s] [ 62%] Built target uuv_control_msgs__rosidl_typesupport_cpp
[0.647s] [ 74%] Built target uuv_control_msgs__rosidl_typesupport_fastrtps_cpp
[0.737s] [ 86%] Built target uuv_control_msgs__rosidl_typesupport_fastrtps_c
[0.790s] [ 86%] Built target uuv_control_msgs
[0.831s] [ 86%] Built target uuv_control_msgs__py
[0.958s] [ 98%] Built target uuv_control_msgs__python
[1.033s] [ 98%] Built target uuv_control_msgs__rosidl_typesupport_introspection_c__pyext
[1.065s] [ 99%] Built target uuv_control_msgs__rosidl_typesupport_fastrtps_c__pyext
[1.083s] [100%] Built target uuv_control_msgs__rosidl_typesupport_c__pyext
[1.146s] Invoked command in '/home/osansubuntumachine/ros2_ws/build/uuv_control_msgs' returned '0': CMAKE_PREFIX_PATH=/opt/ros/foxy /usr/bin/cmake --build /home/osansubuntumachine/ros2_ws/build/uuv_control_msgs -- -j4 -l4
[1.157s] Invoking command in '/home/osansubuntumachine/ros2_ws/build/uuv_control_msgs': CMAKE_PREFIX_PATH=/opt/ros/foxy /usr/bin/cmake --install /home/osansubuntumachine/ros2_ws/build/uuv_control_msgs
[1.192s] -- Install configuration: ""
[1.195s] -- Up-to-date: /home/osansubuntumachine/ros2_ws/install/uuv_control_msgs/share/ament_index/resource_index/rosidl_interfaces/uuv_control_msgs
[1.196s] -- Up-to-date: /home/osansubuntumachine/ros2_ws/install/uuv_control_msgs/include/uuv_control_msgs
[1.197s] -- Up-to-date: /home/osansubuntumachine/ros2_ws/install/uuv_control_msgs/include/uuv_control_msgs/msg
[1.198s] -- Up-to-date: /home/osansubuntumachine/ros2_ws/install/uuv_control_msgs/include/uuv_control_msgs/msg/waypoint.h
[1.198s] -- Up-to-date: /home/osansubuntumachine/ros2_ws/install/uuv_control_msgs/include/uuv_control_msgs/msg/waypoint_set.h
[1.199s] -- Up-to-date: /home/osansubuntumachine/ros2_ws/install/uuv_control_msgs/include/uuv_control_msgs/msg/trajectory.h
[1.199s] -- Up-to-date: /home/osansubuntumachine/ros2_ws/install/uuv_control_msgs/include/uuv_control_msgs/msg/rosidl_generator_c__visibility_control.h
[1.199s] -- Up-to-date: /home/osansubuntumachine/ros2_ws/install/uuv_control_msgs/include/uuv_control_msgs/msg/trajectory_point.h
[1.199s] -- Up-to-date: /home/osansubuntumachine/ros2_ws/install/uuv_control_msgs/include/uuv_control_msgs/msg/detail
[1.200s] -- Up-to-date: /home/osansubuntumachine/ros2_ws/install/uuv_control_msgs/include/uuv_control_msgs/msg/detail/trajectory__functions.c
[1.201s] -- Up-to-date: /home/osansubuntumachine/ros2_ws/install/uuv_control_msgs/include/uuv_control_msgs/msg/detail/trajectory_point__functions.h
[1.202s] -- Up-to-date: /home/osansubuntumachine/ros2_ws/install/uuv_control_msgs/include/uuv_control_msgs/msg/detail/waypoint_set__functions.c
[1.202s] -- Up-to-date: /home/osansubuntumachine/ros2_ws/install/uuv_control_msgs/include/uuv_control_msgs/msg/detail/waypoint__functions.h
[1.202s] -- Up-to-date: /home/osansubuntumachine/ros2_ws/install/uuv_control_msgs/include/uuv_control_msgs/msg/detail/waypoint_set__type_support.h
[1.203s] -- Up-to-date: /home/osansubuntumachine/ros2_ws/install/uuv_control_msgs/include/uuv_control_msgs/msg/detail/waypoint__type_support.h
[1.203s] -- Up-to-date: /home/osansubuntumachine/ros2_ws/install/uuv_control_msgs/include/uuv_control_msgs/msg/detail/trajectory__struct.h
[1.204s] -- Up-to-date: /home/osansubuntumachine/ros2_ws/install/uuv_control_msgs/include/uuv_control_msgs/msg/detail/waypoint_set__struct.h
[1.204s] -- Up-to-date: /home/osansubuntumachine/ros2_ws/install/uuv_control_msgs/include/uuv_control_msgs/msg/detail/trajectory_point__functions.c
[1.205s] -- Up-to-date: /home/osansubuntumachine/ros2_ws/install/uuv_control_msgs/include/uuv_control_msgs/msg/detail/waypoint__struct.h
[1.205s] -- Up-to-date: /home/osansubuntumachine/ros2_ws/install/uuv_control_msgs/include/uuv_control_msgs/msg/detail/waypoint_set__functions.h
[1.205s] -- Up-to-date: /home/osansubuntumachine/ros2_ws/install/uuv_control_msgs/include/uuv_control_msgs/msg/detail/trajectory__type_support.h
[1.206s] -- Up-to-date: /home/osansubuntumachine/ros2_ws/install/uuv_control_msgs/include/uuv_control_msgs/msg/detail/trajectory_point__type_support.h
[1.206s] -- Up-to-date: /home/osansubuntumachine/ros2_ws/install/uuv_control_msgs/include/uuv_control_msgs/msg/detail/trajectory_point__struct.h
[1.206s] -- Up-to-date: /home/osansubuntumachine/ros2_ws/install/uuv_control_msgs/include/uuv_control_msgs/msg/detail/waypoint__functions.c
[1.207s] -- Up-to-date: /home/osansubuntumachine/ros2_ws/install/uuv_control_msgs/include/uuv_control_msgs/msg/detail/trajectory__functions.h
[1.207s] -- Up-to-date: /home/osansubuntumachine/ros2_ws/install/uuv_control_msgs/include/uuv_control_msgs/srv
[1.209s] -- Up-to-date: /home/osansubuntumachine/ros2_ws/install/uuv_control_msgs/include/uuv_control_msgs/srv/get_waypoints.h
[1.209s] -- Up-to-date: /home/osansubuntumachine/ros2_ws/install/uuv_control_msgs/include/uuv_control_msgs/srv/init_helical_trajectory.h
[1.210s] -- Up-to-date: /home/osansubuntumachine/ros2_ws/install/uuv_control_msgs/include/uuv_control_msgs/srv/init_rect_trajectory.h
[1.210s] -- Up-to-date: /home/osansubuntumachine/ros2_ws/install/uuv_control_msgs/include/uuv_control_msgs/srv/set_mbsm_controller_params.h
[1.210s] -- Up-to-date: /home/osansubuntumachine/ros2_ws/install/uuv_control_msgs/include/uuv_control_msgs/srv/switch_to_automatic.h
[1.210s] -- Up-to-date: /home/osansubuntumachine/ros2_ws/install/uuv_control_msgs/include/uuv_control_msgs/srv/start_trajectory.h
[1.211s] -- Up-to-date: /home/osansubuntumachine/ros2_ws/install/uuv_control_msgs/include/uuv_control_msgs/srv/init_waypoints_from_file.h
[1.216s] -- Up-to-date: /home/osansubuntumachine/ros2_ws/install/uuv_control_msgs/include/uuv_control_msgs/srv/switch_to_manual.h
[1.217s] -- Up-to-date: /home/osansubuntumachine/ros2_ws/install/uuv_control_msgs/include/uuv_control_msgs/srv/is_running_trajectory.h
[1.217s] -- Up-to-date: /home/osansubuntumachine/ros2_ws/install/uuv_control_msgs/include/uuv_control_msgs/srv/hold.h
[1.218s] -- Up-to-date: /home/osansubuntumachine/ros2_ws/install/uuv_control_msgs/include/uuv_control_msgs/srv/clear_waypoints.h
[1.218s] -- Up-to-date: /home/osansubuntumachine/ros2_ws/install/uuv_control_msgs/include/uuv_control_msgs/srv/set_sm_controller_params.h
[1.218s] -- Up-to-date: /home/osansubuntumachine/ros2_ws/install/uuv_control_msgs/include/uuv_control_msgs/srv/set_pid_params.h
[1.218s] -- Up-to-date: /home/osansubuntumachine/ros2_ws/install/uuv_control_msgs/include/uuv_control_msgs/srv/get_sm_controller_params.h
[1.219s] -- Up-to-date: /home/osansubuntumachine/ros2_ws/install/uuv_control_msgs/include/uuv_control_msgs/srv/add_waypoint.h
[1.220s] -- Up-to-date: /home/osansubuntumachine/ros2_ws/install/uuv_control_msgs/include/uuv_control_msgs/srv/init_circular_trajectory.h
[1.221s] -- Up-to-date: /home/osansubuntumachine/ros2_ws/install/uuv_control_msgs/include/uuv_control_msgs/srv/detail
[1.222s] -- Up-to-date: /home/osansubuntumachine/ros2_ws/install/uuv_control_msgs/include/uuv_control_msgs/srv/detail/set_mbsm_controller_params__functions.c
[1.222s] -- Up-to-date: /home/osansubuntumachine/ros2_ws/install/uuv_control_msgs/include/uuv_control_msgs/srv/detail/hold__struct.h
[1.223s] -- Up-to-date: /home/osansubuntumachine/ros2_ws/install/uuv_control_msgs/include/uuv_control_msgs/srv/detail/init_waypoint_set__functions.c
[1.223s] -- Up-to-date: /home/osansubuntumachine/ros2_ws/install/uuv_control_msgs/include/uuv_control_msgs/srv/detail/go_to__struct.h
[1.224s] -- Up-to-date: /home/osansubuntumachine/ros2_ws/install/uuv_control_msgs/include/uuv_control_msgs/srv/detail/get_mbsm_controller_params__type_support.h
[1.225s] -- Up-to-date: /home/osansubuntumachine/ros2_ws/install/uuv_control_msgs/include/uuv_control_msgs/srv/detail/init_waypoint_set__functions.h
[1.225s] -- Up-to-date: /home/osansubuntumachine/ros2_ws/install/uuv_control_msgs/include/uuv_control_msgs/srv/detail/get_mbsm_controller_params__struct.h
[1.225s] -- Up-to-date: /home/osansubuntumachine/ros2_ws/install/uuv_control_msgs/include/uuv_control_msgs/srv/detail/go_to_incremental__functions.h
[1.225s] -- Up-to-date: /home/osansubuntumachine/ros2_ws/install/uuv_control_msgs/include/uuv_control_msgs/srv/detail/reset_controller__struct.h
[1.225s] -- Up-to-date: /home/osansubuntumachine/ros2_ws/install/uuv_control_msgs/include/uuv_control_msgs/srv/detail/reset_controller__type_support.h
[1.226s] -- Up-to-date: /home/osansubuntumachine/ros2_ws/install/uuv_control_msgs/include/uuv_control_msgs/srv/detail/init_helical_trajectory__struct.h
[1.226s] -- Up-to-date: /home/osansubuntumachine/ros2_ws/install/uuv_control_msgs/include/uuv_control_msgs/srv/detail/start_trajectory__functions.c
[1.226s] -- Up-to-date: /home/osansubuntumachine/ros2_ws/install/uuv_control_msgs/include/uuv_control_msgs/srv/detail/go_to_incremental__functions.c
[1.226s] -- Up-to-date: /home/osansubuntumachine/ros2_ws/install/uuv_control_msgs/include/uuv_control_msgs/srv/detail/set_sm_controller_params__type_support.h
[1.228s] -- Up-to-date: /home/osansubuntumachine/ros2_ws/install/uuv_control_msgs/include/uuv_control_msgs/srv/detail/hold__functions.h
[1.228s] -- Up-to-date: /home/osansubuntumachine/ros2_ws/install/uuv_control_msgs/include/uuv_control_msgs/srv/detail/init_waypoint_set__type_support.h
[1.228s] -- Up-to-date: /home/osansubuntumachine/ros2_ws/install/uuv_control_msgs/include/uuv_control_msgs/srv/detail/set_sm_controller_params__functions.c
[1.229s] -- Up-to-date: /home/osansubuntumachine/ros2_ws/install/uuv_control_msgs/include/uuv_control_msgs/srv/detail/set_sm_controller_params__struct.h
[1.229s] -- Up-to-date: /home/osansubuntumachine/ros2_ws/install/uuv_control_msgs/include/uuv_control_msgs/srv/detail/init_circular_trajectory__struct.h
[1.229s] -- Up-to-date: /home/osansubuntumachine/ros2_ws/install/uuv_control_msgs/include/uuv_control_msgs/srv/detail/add_waypoint__functions.h
[1.230s] -- Up-to-date: /home/osansubuntumachine/ros2_ws/install/uuv_control_msgs/include/uuv_control_msgs/srv/detail/set_sm_controller_params__functions.h
[1.230s] -- Up-to-date: /home/osansubuntumachine/ros2_ws/install/uuv_control_msgs/include/uuv_control_msgs/srv/detail/switch_to_manual__struct.h
[1.230s] -- Up-to-date: /home/osansubuntumachine/ros2_ws/install/uuv_control_msgs/include/uuv_control_msgs/srv/detail/go_to_incremental__struct.h
[1.230s] -- Up-to-date: /home/osansubuntumachine/ros2_ws/install/uuv_control_msgs/include/uuv_control_msgs/srv/detail/go_to__type_support.h
[1.231s] -- Up-to-date: /home/osansubuntumachine/ros2_ws/install/uuv_control_msgs/include/uuv_control_msgs/srv/detail/init_waypoint_set__struct.h
[1.231s] -- Up-to-date: /home/osansubuntumachine/ros2_ws/install/uuv_control_msgs/include/uuv_control_msgs/srv/detail/init_waypoints_from_file__struct.h
[1.231s] -- Up-to-date: /home/osansubuntumachine/ros2_ws/install/uuv_control_msgs/include/uuv_control_msgs/srv/detail/hold__type_support.h
[1.232s] -- Up-to-date: /home/osansubuntumachine/ros2_ws/install/uuv_control_msgs/include/uuv_control_msgs/srv/detail/init_waypoints_from_file__functions.h
[1.233s] -- Up-to-date: /home/osansubuntumachine/ros2_ws/install/uuv_control_msgs/include/uuv_control_msgs/srv/detail/get_pid_params__functions.c
[1.233s] -- Up-to-date: /home/osansubuntumachine/ros2_ws/install/uuv_control_msgs/include/uuv_control_msgs/srv/detail/start_trajectory__struct.h
[1.233s] -- Up-to-date: /home/osansubuntumachine/ros2_ws/install/uuv_control_msgs/include/uuv_control_msgs/srv/detail/reset_controller__functions.h
[1.234s] -- Up-to-date: /home/osansubuntumachine/ros2_ws/install/uuv_control_msgs/include/uuv_control_msgs/srv/detail/switch_to_automatic__functions.h
[1.234s] -- Up-to-date: /home/osansubuntumachine/ros2_ws/install/uuv_control_msgs/include/uuv_control_msgs/srv/detail/get_mbsm_controller_params__functions.c
[1.234s] -- Up-to-date: /home/osansubuntumachine/ros2_ws/install/uuv_control_msgs/include/uuv_control_msgs/srv/detail/switch_to_automatic__struct.h
[1.234s] -- Up-to-date: /home/osansubuntumachine/ros2_ws/install/uuv_control_msgs/include/uuv_control_msgs/srv/detail/set_pid_params__type_support.h
[1.235s] -- Up-to-date: /home/osansubuntumachine/ros2_ws/install/uuv_control_msgs/include/uuv_control_msgs/srv/detail/init_helical_trajectory__functions.h
[1.235s] -- Up-to-date: /home/osansubuntumachine/ros2_ws/install/uuv_control_msgs/include/uuv_control_msgs/srv/detail/switch_to_manual__functions.c
[1.235s] -- Up-to-date: /home/osansubuntumachine/ros2_ws/install/uuv_control_msgs/include/uuv_control_msgs/srv/detail/get_waypoints__functions.h
[1.235s] -- Up-to-date: /home/osansubuntumachine/ros2_ws/install/uuv_control_msgs/include/uuv_control_msgs/srv/detail/init_helical_trajectory__functions.c
[1.236s] -- Up-to-date: /home/osansubuntumachine/ros2_ws/install/uuv_control_msgs/include/uuv_control_msgs/srv/detail/init_rect_trajectory__functions.h
[1.236s] -- Up-to-date: /home/osansubuntumachine/ros2_ws/install/uuv_control_msgs/include/uuv_control_msgs/srv/detail/init_circular_trajectory__functions.c
[1.236s] -- Up-to-date: /home/osansubuntumachine/ros2_ws/install/uuv_control_msgs/include/uuv_control_msgs/srv/detail/switch_to_automatic__functions.c
[1.236s] -- Up-to-date: /home/osansubuntumachine/ros2_ws/install/uuv_control_msgs/include/uuv_control_msgs/srv/detail/set_pid_params__struct.h
[1.237s] -- Up-to-date: /home/osansubuntumachine/ros2_ws/install/uuv_control_msgs/include/uuv_control_msgs/srv/detail/start_trajectory__functions.h
[1.237s] -- Up-to-date: /home/osansubuntumachine/ros2_ws/install/uuv_control_msgs/include/uuv_control_msgs/srv/detail/init_rect_trajectory__type_support.h
[1.237s] -- Up-to-date: /home/osansubuntumachine/ros2_ws/install/uuv_control_msgs/include/uuv_control_msgs/srv/detail/set_pid_params__functions.h
[1.240s] -- Up-to-date: /home/osansubuntumachine/ros2_ws/install/uuv_control_msgs/include/uuv_control_msgs/srv/detail/set_pid_params__functions.c
[1.240s] -- Up-to-date: /home/osansubuntumachine/ros2_ws/install/uuv_control_msgs/include/uuv_control_msgs/srv/detail/clear_waypoints__functions.h
[1.240s] -- Up-to-date: /home/osansubuntumachine/ros2_ws/install/uuv_control_msgs/include/uuv_control_msgs/srv/detail/get_waypoints__type_support.h
[1.241s] -- Up-to-date: /home/osansubuntumachine/ros2_ws/install/uuv_control_msgs/include/uuv_control_msgs/srv/detail/clear_waypoints__functions.c
[1.241s] -- Up-to-date: /home/osansubuntumachine/ros2_ws/install/uuv_control_msgs/include/uuv_control_msgs/srv/detail/is_running_trajectory__struct.h
[1.241s] -- Up-to-date: /home/osansubuntumachine/ros2_ws/install/uuv_control_msgs/include/uuv_control_msgs/srv/detail/set_mbsm_controller_params__type_support.h
[1.241s] -- Up-to-date: /home/osansubuntumachine/ros2_ws/install/uuv_control_msgs/include/uuv_control_msgs/srv/detail/get_waypoints__struct.h
[1.241s] -- Up-to-date: /home/osansubuntumachine/ros2_ws/install/uuv_control_msgs/include/uuv_control_msgs/srv/detail/is_running_trajectory__type_support.h
[1.241s] -- Up-to-date: /home/osansubuntumachine/ros2_ws/install/uuv_control_msgs/include/uuv_control_msgs/srv/detail/init_circular_trajectory__functions.h
[1.241s] -- Up-to-date: /home/osansubuntumachine/ros2_ws/install/uuv_control_msgs/include/uuv_control_msgs/srv/detail/get_sm_controller_params__functions.h
[1.241s] -- Up-to-date: /home/osansubuntumachine/ros2_ws/install/uuv_control_msgs/include/uuv_control_msgs/srv/detail/go_to__functions.h
[1.242s] -- Up-to-date: /home/osansubuntumachine/ros2_ws/install/uuv_control_msgs/include/uuv_control_msgs/srv/detail/go_to_incremental__type_support.h
[1.242s] -- Up-to-date: /home/osansubuntumachine/ros2_ws/install/uuv_control_msgs/include/uuv_control_msgs/srv/detail/reset_controller__functions.c
[1.242s] -- Up-to-date: /home/osansubuntumachine/ros2_ws/install/uuv_control_msgs/include/uuv_control_msgs/srv/detail/get_sm_controller_params__type_support.h
[1.242s] -- Up-to-date: /home/osansubuntumachine/ros2_ws/install/uuv_control_msgs/include/uuv_control_msgs/srv/detail/init_circular_trajectory__type_support.h
[1.242s] -- Up-to-date: /home/osansubuntumachine/ros2_ws/install/uuv_control_msgs/include/uuv_control_msgs/srv/detail/init_waypoints_from_file__functions.c
[1.242s] -- Up-to-date: /home/osansubuntumachine/ros2_ws/install/uuv_control_msgs/include/uuv_control_msgs/srv/detail/get_waypoints__functions.c
[1.242s] -- Up-to-date: /home/osansubuntumachine/ros2_ws/install/uuv_control_msgs/include/uuv_control_msgs/srv/detail/clear_waypoints__struct.h
[1.243s] -- Up-to-date: /home/osansubuntumachine/ros2_ws/install/uuv_control_msgs/include/uuv_control_msgs/srv/detail/get_sm_controller_params__functions.c
[1.248s] -- Up-to-date: /home/osansubuntumachine/ros2_ws/install/uuv_control_msgs/include/uuv_control_msgs/srv/detail/get_sm_controller_params__struct.h
[1.248s] -- Up-to-date: /home/osansubuntumachine/ros2_ws/install/uuv_control_msgs/include/uuv_control_msgs/srv/detail/switch_to_manual__type_support.h
[1.249s] -- Up-to-date: /home/osansubuntumachine/ros2_ws/install/uuv_control_msgs/include/uuv_control_msgs/srv/detail/go_to__functions.c
[1.249s] -- Up-to-date: /home/osansubuntumachine/ros2_ws/install/uuv_control_msgs/include/uuv_control_msgs/srv/detail/init_rect_trajectory__struct.h
[1.249s] -- Up-to-date: /home/osansubuntumachine/ros2_ws/install/uuv_control_msgs/include/uuv_control_msgs/srv/detail/start_trajectory__type_support.h
[1.249s] -- Up-to-date: /home/osansubuntumachine/ros2_ws/install/uuv_control_msgs/include/uuv_control_msgs/srv/detail/is_running_trajectory__functions.h
[1.250s] -- Up-to-date: /home/osansubuntumachine/ros2_ws/install/uuv_control_msgs/include/uuv_control_msgs/srv/detail/get_pid_params__type_support.h
[1.250s] -- Up-to-date: /home/osansubuntumachine/ros2_ws/install/uuv_control_msgs/include/uuv_control_msgs/srv/detail/get_pid_params__struct.h
[1.250s] -- Up-to-date: /home/osansubuntumachine/ros2_ws/install/uuv_control_msgs/include/uuv_control_msgs/srv/detail/get_mbsm_controller_params__functions.h
[1.250s] -- Up-to-date: /home/osansubuntumachine/ros2_ws/install/uuv_control_msgs/include/uuv_control_msgs/srv/detail/set_mbsm_controller_params__struct.h
[1.250s] -- Up-to-date: /home/osansubuntumachine/ros2_ws/install/uuv_control_msgs/include/uuv_control_msgs/srv/detail/add_waypoint__struct.h
[1.250s] -- Up-to-date: /home/osansubuntumachine/ros2_ws/install/uuv_control_msgs/include/uuv_control_msgs/srv/detail/set_mbsm_controller_params__functions.h
[1.251s] -- Up-to-date: /home/osansubuntumachine/ros2_ws/install/uuv_control_msgs/include/uuv_control_msgs/srv/detail/switch_to_automatic__type_support.h
[1.251s] -- Up-to-date: /home/osansubuntumachine/ros2_ws/install/uuv_control_msgs/include/uuv_control_msgs/srv/detail/is_running_trajectory__functions.c
[1.251s] -- Up-to-date: /home/osansubuntumachine/ros2_ws/install/uuv_control_msgs/include/uuv_control_msgs/srv/detail/clear_waypoints__type_support.h
[1.252s] -- Up-to-date: /home/osansubuntumachine/ros2_ws/install/uuv_control_msgs/include/uuv_control_msgs/srv/detail/add_waypoint__type_support.h
[1.252s] -- Up-to-date: /home/osansubuntumachine/ros2_ws/install/uuv_control_msgs/include/uuv_control_msgs/srv/detail/init_waypoints_from_file__type_support.h
[1.252s] -- Up-to-date: /home/osansubuntumachine/ros2_ws/install/uuv_control_msgs/include/uuv_control_msgs/srv/detail/hold__functions.c
[1.253s] -- Up-to-date: /home/osansubuntumachine/ros2_ws/install/uuv_control_msgs/include/uuv_control_msgs/srv/detail/init_rect_trajectory__functions.c
[1.254s] -- Up-to-date: /home/osansubuntumachine/ros2_ws/install/uuv_control_msgs/include/uuv_control_msgs/srv/detail/get_pid_params__functions.h
[1.254s] -- Up-to-date: /home/osansubuntumachine/ros2_ws/install/uuv_control_msgs/include/uuv_control_msgs/srv/detail/init_helical_trajectory__type_support.h
[1.254s] -- Up-to-date: /home/osansubuntumachine/ros2_ws/install/uuv_control_msgs/include/uuv_control_msgs/srv/detail/switch_to_manual__functions.h
[1.254s] -- Up-to-date: /home/osansubuntumachine/ros2_ws/install/uuv_control_msgs/include/uuv_control_msgs/srv/detail/add_waypoint__functions.c
[1.254s] -- Up-to-date: /home/osansubuntumachine/ros2_ws/install/uuv_control_msgs/include/uuv_control_msgs/srv/go_to_incremental.h
[1.255s] -- Up-to-date: /home/osansubuntumachine/ros2_ws/install/uuv_control_msgs/include/uuv_control_msgs/srv/go_to.h
[1.258s] -- Up-to-date: /home/osansubuntumachine/ros2_ws/install/uuv_control_msgs/include/uuv_control_msgs/srv/init_waypoint_set.h
[1.258s] -- Up-to-date: /home/osansubuntumachine/ros2_ws/install/uuv_control_msgs/include/uuv_control_msgs/srv/get_pid_params.h
[1.258s] -- Up-to-date: /home/osansubuntumachine/ros2_ws/install/uuv_control_msgs/include/uuv_control_msgs/srv/get_mbsm_controller_params.h
[1.258s] -- Up-to-date: /home/osansubuntumachine/ros2_ws/install/uuv_control_msgs/include/uuv_control_msgs/srv/reset_controller.h
[1.259s] -- Up-to-date: /home/osansubuntumachine/ros2_ws/install/uuv_control_msgs/share/uuv_control_msgs/environment/library_path.sh
[1.259s] -- Up-to-date: /home/osansubuntumachine/ros2_ws/install/uuv_control_msgs/share/uuv_control_msgs/environment/library_path.dsv
[1.259s] -- Up-to-date: /home/osansubuntumachine/ros2_ws/install/uuv_control_msgs/lib/libuuv_control_msgs__rosidl_generator_c.so
[1.259s] -- Up-to-date: /home/osansubuntumachine/ros2_ws/install/uuv_control_msgs/include/uuv_control_msgs
[1.259s] -- Up-to-date: /home/osansubuntumachine/ros2_ws/install/uuv_control_msgs/include/uuv_control_msgs/msg
[1.260s] -- Up-to-date: /home/osansubuntumachine/ros2_ws/install/uuv_control_msgs/include/uuv_control_msgs/msg/rosidl_typesupport_fastrtps_c__visibility_control.h
[1.260s] -- Up-to-date: /home/osansubuntumachine/ros2_ws/install/uuv_control_msgs/include/uuv_control_msgs/msg/detail
[1.260s] -- Up-to-date: /home/osansubuntumachine/ros2_ws/install/uuv_control_msgs/include/uuv_control_msgs/msg/detail/waypoint__rosidl_typesupport_fastrtps_c.h
[1.261s] -- Up-to-date: /home/osansubuntumachine/ros2_ws/install/uuv_control_msgs/include/uuv_control_msgs/msg/detail/trajectory_point__rosidl_typesupport_fastrtps_c.h
[1.261s] -- Up-to-date: /home/osansubuntumachine/ros2_ws/install/uuv_control_msgs/include/uuv_control_msgs/msg/detail/trajectory__rosidl_typesupport_fastrtps_c.h
[1.261s] -- Up-to-date: /home/osansubuntumachine/ros2_ws/install/uuv_control_msgs/include/uuv_control_msgs/msg/detail/waypoint_set__rosidl_typesupport_fastrtps_c.h
[1.262s] -- Up-to-date: /home/osansubuntumachine/ros2_ws/install/uuv_control_msgs/include/uuv_control_msgs/srv
[1.262s] -- Up-to-date: /home/osansubuntumachine/ros2_ws/install/uuv_control_msgs/include/uuv_control_msgs/srv/detail
[1.263s] -- Up-to-date: /home/osansubuntumachine/ros2_ws/install/uuv_control_msgs/include/uuv_control_msgs/srv/detail/is_running_trajectory__rosidl_typesupport_fastrtps_c.h
[1.263s] -- Up-to-date: /home/osansubuntumachine/ros2_ws/install/uuv_control_msgs/include/uuv_control_msgs/srv/detail/set_mbsm_controller_params__rosidl_typesupport_fastrtps_c.h
[1.263s] -- Up-to-date: /home/osansubuntumachine/ros2_ws/install/uuv_control_msgs/include/uuv_control_msgs/srv/detail/get_pid_params__rosidl_typesupport_fastrtps_c.h
[1.263s] -- Up-to-date: /home/osansubuntumachine/ros2_ws/install/uuv_control_msgs/include/uuv_control_msgs/srv/detail/get_waypoints__rosidl_typesupport_fastrtps_c.h
[1.263s] -- Up-to-date: /home/osansubuntumachine/ros2_ws/install/uuv_control_msgs/include/uuv_control_msgs/srv/detail/go_to_incremental__rosidl_typesupport_fastrtps_c.h
[1.263s] -- Up-to-date: /home/osansubuntumachine/ros2_ws/install/uuv_control_msgs/include/uuv_control_msgs/srv/detail/init_waypoints_from_file__rosidl_typesupport_fastrtps_c.h
[1.263s] -- Up-to-date: /home/osansubuntumachine/ros2_ws/install/uuv_control_msgs/include/uuv_control_msgs/srv/detail/switch_to_manual__rosidl_typesupport_fastrtps_c.h
[1.263s] -- Up-to-date: /home/osansubuntumachine/ros2_ws/install/uuv_control_msgs/include/uuv_control_msgs/srv/detail/get_mbsm_controller_params__rosidl_typesupport_fastrtps_c.h
[1.264s] -- Up-to-date: /home/osansubuntumachine/ros2_ws/install/uuv_control_msgs/include/uuv_control_msgs/srv/detail/hold__rosidl_typesupport_fastrtps_c.h
[1.264s] -- Up-to-date: /home/osansubuntumachine/ros2_ws/install/uuv_control_msgs/include/uuv_control_msgs/srv/detail/add_waypoint__rosidl_typesupport_fastrtps_c.h
[1.264s] -- Up-to-date: /home/osansubuntumachine/ros2_ws/install/uuv_control_msgs/include/uuv_control_msgs/srv/detail/set_pid_params__rosidl_typesupport_fastrtps_c.h
[1.264s] -- Up-to-date: /home/osansubuntumachine/ros2_ws/install/uuv_control_msgs/include/uuv_control_msgs/srv/detail/init_helical_trajectory__rosidl_typesupport_fastrtps_c.h
[1.264s] -- Up-to-date: /home/osansubuntumachine/ros2_ws/install/uuv_control_msgs/include/uuv_control_msgs/srv/detail/switch_to_automatic__rosidl_typesupport_fastrtps_c.h
[1.264s] -- Up-to-date: /home/osansubuntumachine/ros2_ws/install/uuv_control_msgs/include/uuv_control_msgs/srv/detail/set_sm_controller_params__rosidl_typesupport_fastrtps_c.h
[1.264s] -- Up-to-date: /home/osansubuntumachine/ros2_ws/install/uuv_control_msgs/include/uuv_control_msgs/srv/detail/start_trajectory__rosidl_typesupport_fastrtps_c.h
[1.265s] -- Up-to-date: /home/osansubuntumachine/ros2_ws/install/uuv_control_msgs/include/uuv_control_msgs/srv/detail/init_rect_trajectory__rosidl_typesupport_fastrtps_c.h
[1.265s] -- Up-to-date: /home/osansubuntumachine/ros2_ws/install/uuv_control_msgs/include/uuv_control_msgs/srv/detail/get_sm_controller_params__rosidl_typesupport_fastrtps_c.h
[1.265s] -- Up-to-date: /home/osansubuntumachine/ros2_ws/install/uuv_control_msgs/include/uuv_control_msgs/srv/detail/init_circular_trajectory__rosidl_typesupport_fastrtps_c.h
[1.265s] -- Up-to-date: /home/osansubuntumachine/ros2_ws/install/uuv_control_msgs/include/uuv_control_msgs/srv/detail/go_to__rosidl_typesupport_fastrtps_c.h
[1.265s] -- Up-to-date: /home/osansubuntumachine/ros2_ws/install/uuv_control_msgs/include/uuv_control_msgs/srv/detail/reset_controller__rosidl_typesupport_fastrtps_c.h
[1.265s] -- Up-to-date: /home/osansubuntumachine/ros2_ws/install/uuv_control_msgs/include/uuv_control_msgs/srv/detail/init_waypoint_set__rosidl_typesupport_fastrtps_c.h
[1.266s] -- Up-to-date: /home/osansubuntumachine/ros2_ws/install/uuv_control_msgs/include/uuv_control_msgs/srv/detail/clear_waypoints__rosidl_typesupport_fastrtps_c.h
[1.267s] -- Up-to-date: /home/osansubuntumachine/ros2_ws/install/uuv_control_msgs/lib/libuuv_control_msgs__rosidl_typesupport_fastrtps_c.so
[1.267s] -- Up-to-date: /home/osansubuntumachine/ros2_ws/install/uuv_control_msgs/include/uuv_control_msgs
[1.268s] -- Up-to-date: /home/osansubuntumachine/ros2_ws/install/uuv_control_msgs/include/uuv_control_msgs/msg
[1.269s] -- Up-to-date: /home/osansubuntumachine/ros2_ws/install/uuv_control_msgs/include/uuv_control_msgs/msg/rosidl_typesupport_fastrtps_cpp__visibility_control.h
[1.270s] -- Up-to-date: /home/osansubuntumachine/ros2_ws/install/uuv_control_msgs/include/uuv_control_msgs/msg/detail
[1.270s] -- Up-to-date: /home/osansubuntumachine/ros2_ws/install/uuv_control_msgs/include/uuv_control_msgs/msg/detail/trajectory__rosidl_typesupport_fastrtps_cpp.hpp
[1.271s] -- Up-to-date: /home/osansubuntumachine/ros2_ws/install/uuv_control_msgs/include/uuv_control_msgs/msg/detail/trajectory_point__rosidl_typesupport_fastrtps_cpp.hpp
[1.271s] -- Up-to-date: /home/osansubuntumachine/ros2_ws/install/uuv_control_msgs/include/uuv_control_msgs/msg/detail/waypoint__rosidl_typesupport_fastrtps_cpp.hpp
[1.271s] -- Up-to-date: /home/osansubuntumachine/ros2_ws/install/uuv_control_msgs/include/uuv_control_msgs/msg/detail/waypoint_set__rosidl_typesupport_fastrtps_cpp.hpp
[1.271s] -- Up-to-date: /home/osansubuntumachine/ros2_ws/install/uuv_control_msgs/include/uuv_control_msgs/msg/detail/dds_fastrtps
[1.271s] -- Up-to-date: /home/osansubuntumachine/ros2_ws/install/uuv_control_msgs/include/uuv_control_msgs/srv
[1.272s] -- Up-to-date: /home/osansubuntumachine/ros2_ws/install/uuv_control_msgs/include/uuv_control_msgs/srv/detail
[1.272s] -- Up-to-date: /home/osansubuntumachine/ros2_ws/install/uuv_control_msgs/include/uuv_control_msgs/srv/detail/get_mbsm_controller_params__rosidl_typesupport_fastrtps_cpp.hpp
[1.272s] -- Up-to-date: /home/osansubuntumachine/ros2_ws/install/uuv_control_msgs/include/uuv_control_msgs/srv/detail/go_to_incremental__rosidl_typesupport_fastrtps_cpp.hpp
[1.272s] -- Up-to-date: /home/osansubuntumachine/ros2_ws/install/uuv_control_msgs/include/uuv_control_msgs/srv/detail/get_waypoints__rosidl_typesupport_fastrtps_cpp.hpp
[1.272s] -- Up-to-date: /home/osansubuntumachine/ros2_ws/install/uuv_control_msgs/include/uuv_control_msgs/srv/detail/is_running_trajectory__rosidl_typesupport_fastrtps_cpp.hpp
[1.273s] -- Up-to-date: /home/osansubuntumachine/ros2_ws/install/uuv_control_msgs/include/uuv_control_msgs/srv/detail/add_waypoint__rosidl_typesupport_fastrtps_cpp.hpp
[1.273s] -- Up-to-date: /home/osansubuntumachine/ros2_ws/install/uuv_control_msgs/include/uuv_control_msgs/srv/detail/init_helical_trajectory__rosidl_typesupport_fastrtps_cpp.hpp
[1.273s] -- Up-to-date: /home/osansubuntumachine/ros2_ws/install/uuv_control_msgs/include/uuv_control_msgs/srv/detail/reset_controller__rosidl_typesupport_fastrtps_cpp.hpp
[1.273s] -- Up-to-date: /home/osansubuntumachine/ros2_ws/install/uuv_control_msgs/include/uuv_control_msgs/srv/detail/get_sm_controller_params__rosidl_typesupport_fastrtps_cpp.hpp
[1.273s] -- Up-to-date: /home/osansubuntumachine/ros2_ws/install/uuv_control_msgs/include/uuv_control_msgs/srv/detail/hold__rosidl_typesupport_fastrtps_cpp.hpp
[1.273s] -- Up-to-date: /home/osansubuntumachine/ros2_ws/install/uuv_control_msgs/include/uuv_control_msgs/srv/detail/switch_to_manual__rosidl_typesupport_fastrtps_cpp.hpp
[1.273s] -- Up-to-date: /home/osansubuntumachine/ros2_ws/install/uuv_control_msgs/include/uuv_control_msgs/srv/detail/init_waypoints_from_file__rosidl_typesupport_fastrtps_cpp.hpp
[1.273s] -- Up-to-date: /home/osansubuntumachine/ros2_ws/install/uuv_control_msgs/include/uuv_control_msgs/srv/detail/go_to__rosidl_typesupport_fastrtps_cpp.hpp
[1.274s] -- Up-to-date: /home/osansubuntumachine/ros2_ws/install/uuv_control_msgs/include/uuv_control_msgs/srv/detail/init_circular_trajectory__rosidl_typesupport_fastrtps_cpp.hpp
[1.274s] -- Up-to-date: /home/osansubuntumachine/ros2_ws/install/uuv_control_msgs/include/uuv_control_msgs/srv/detail/set_mbsm_controller_params__rosidl_typesupport_fastrtps_cpp.hpp
[1.274s] -- Up-to-date: /home/osansubuntumachine/ros2_ws/install/uuv_control_msgs/include/uuv_control_msgs/srv/detail/set_sm_controller_params__rosidl_typesupport_fastrtps_cpp.hpp
[1.274s] -- Up-to-date: /home/osansubuntumachine/ros2_ws/install/uuv_control_msgs/include/uuv_control_msgs/srv/detail/init_waypoint_set__rosidl_typesupport_fastrtps_cpp.hpp
[1.274s] -- Up-to-date: /home/osansubuntumachine/ros2_ws/install/uuv_control_msgs/include/uuv_control_msgs/srv/detail/get_pid_params__rosidl_typesupport_fastrtps_cpp.hpp
[1.275s] -- Up-to-date: /home/osansubuntumachine/ros2_ws/install/uuv_control_msgs/include/uuv_control_msgs/srv/detail/clear_waypoints__rosidl_typesupport_fastrtps_cpp.hpp
[1.275s] -- Up-to-date: /home/osansubuntumachine/ros2_ws/install/uuv_control_msgs/include/uuv_control_msgs/srv/detail/start_trajectory__rosidl_typesupport_fastrtps_cpp.hpp
[1.275s] -- Up-to-date: /home/osansubuntumachine/ros2_ws/install/uuv_control_msgs/include/uuv_control_msgs/srv/detail/dds_fastrtps
[1.275s] -- Up-to-date: /home/osansubuntumachine/ros2_ws/install/uuv_control_msgs/include/uuv_control_msgs/srv/detail/set_pid_params__rosidl_typesupport_fastrtps_cpp.hpp
[1.275s] -- Up-to-date: /home/osansubuntumachine/ros2_ws/install/uuv_control_msgs/include/uuv_control_msgs/srv/detail/switch_to_automatic__rosidl_typesupport_fastrtps_cpp.hpp
[1.276s] -- Up-to-date: /home/osansubuntumachine/ros2_ws/install/uuv_control_msgs/include/uuv_control_msgs/srv/detail/init_rect_trajectory__rosidl_typesupport_fastrtps_cpp.hpp
[1.276s] -- Up-to-date: /home/osansubuntumachine/ros2_ws/install/uuv_control_msgs/lib/libuuv_control_msgs__rosidl_typesupport_fastrtps_cpp.so
[1.276s] -- Up-to-date: /home/osansubuntumachine/ros2_ws/install/uuv_control_msgs/include/uuv_control_msgs
[1.276s] -- Up-to-date: /home/osansubuntumachine/ros2_ws/install/uuv_control_msgs/include/uuv_control_msgs/msg
[1.276s] -- Up-to-date: /home/osansubuntumachine/ros2_ws/install/uuv_control_msgs/include/uuv_control_msgs/msg/rosidl_typesupport_introspection_c__visibility_control.h
[1.277s] -- Up-to-date: /home/osansubuntumachine/ros2_ws/install/uuv_control_msgs/include/uuv_control_msgs/msg/detail
[1.277s] -- Up-to-date: /home/osansubuntumachine/ros2_ws/install/uuv_control_msgs/include/uuv_control_msgs/msg/detail/trajectory_point__type_support.c
[1.278s] -- Up-to-date: /home/osansubuntumachine/ros2_ws/install/uuv_control_msgs/include/uuv_control_msgs/msg/detail/trajectory__type_support.c
[1.278s] -- Up-to-date: /home/osansubuntumachine/ros2_ws/install/uuv_control_msgs/include/uuv_control_msgs/msg/detail/waypoint_set__rosidl_typesupport_introspection_c.h
[1.279s] -- Up-to-date: /home/osansubuntumachine/ros2_ws/install/uuv_control_msgs/include/uuv_control_msgs/msg/detail/waypoint__rosidl_typesupport_introspection_c.h
[1.279s] -- Up-to-date: /home/osansubuntumachine/ros2_ws/install/uuv_control_msgs/include/uuv_control_msgs/msg/detail/waypoint_set__type_support.c
[1.279s] -- Up-to-date: /home/osansubuntumachine/ros2_ws/install/uuv_control_msgs/include/uuv_control_msgs/msg/detail/trajectory__rosidl_typesupport_introspection_c.h
[1.280s] -- Up-to-date: /home/osansubuntumachine/ros2_ws/install/uuv_control_msgs/include/uuv_control_msgs/msg/detail/waypoint__type_support.c
[1.280s] -- Up-to-date: /home/osansubuntumachine/ros2_ws/install/uuv_control_msgs/include/uuv_control_msgs/msg/detail/trajectory_point__rosidl_typesupport_introspection_c.h
[1.281s] -- Up-to-date: /home/osansubuntumachine/ros2_ws/install/uuv_control_msgs/include/uuv_control_msgs/srv
[1.283s] -- Up-to-date: /home/osansubuntumachine/ros2_ws/install/uuv_control_msgs/include/uuv_control_msgs/srv/detail
[1.284s] -- Up-to-date: /home/osansubuntumachine/ros2_ws/install/uuv_control_msgs/include/uuv_control_msgs/srv/detail/set_mbsm_controller_params__rosidl_typesupport_introspection_c.h
[1.285s] -- Up-to-date: /home/osansubuntumachine/ros2_ws/install/uuv_control_msgs/include/uuv_control_msgs/srv/detail/get_mbsm_controller_params__rosidl_typesupport_introspection_c.h
[1.285s] -- Up-to-date: /home/osansubuntumachine/ros2_ws/install/uuv_control_msgs/include/uuv_control_msgs/srv/detail/init_rect_trajectory__rosidl_typesupport_introspection_c.h
[1.285s] -- Up-to-date: /home/osansubuntumachine/ros2_ws/install/uuv_control_msgs/include/uuv_control_msgs/srv/detail/go_to_incremental__rosidl_typesupport_introspection_c.h
[1.285s] -- Up-to-date: /home/osansubuntumachine/ros2_ws/install/uuv_control_msgs/include/uuv_control_msgs/srv/detail/init_waypoint_set__rosidl_typesupport_introspection_c.h
[1.285s] -- Up-to-date: /home/osansubuntumachine/ros2_ws/install/uuv_control_msgs/include/uuv_control_msgs/srv/detail/add_waypoint__rosidl_typesupport_introspection_c.h
[1.286s] -- Up-to-date: /home/osansubuntumachine/ros2_ws/install/uuv_control_msgs/include/uuv_control_msgs/srv/detail/init_circular_trajectory__type_support.c
[1.286s] -- Up-to-date: /home/osansubuntumachine/ros2_ws/install/uuv_control_msgs/include/uuv_control_msgs/srv/detail/set_pid_params__rosidl_typesupport_introspection_c.h
[1.286s] -- Up-to-date: /home/osansubuntumachine/ros2_ws/install/uuv_control_msgs/include/uuv_control_msgs/srv/detail/start_trajectory__type_support.c
[1.288s] -- Up-to-date: /home/osansubuntumachine/ros2_ws/install/uuv_control_msgs/include/uuv_control_msgs/srv/detail/switch_to_manual__type_support.c
[1.289s] -- Up-to-date: /home/osansubuntumachine/ros2_ws/install/uuv_control_msgs/include/uuv_control_msgs/srv/detail/init_helical_trajectory__type_support.c
[1.289s] -- Up-to-date: /home/osansubuntumachine/ros2_ws/install/uuv_control_msgs/include/uuv_control_msgs/srv/detail/init_waypoints_from_file__rosidl_typesupport_introspection_c.h
[1.289s] -- Up-to-date: /home/osansubuntumachine/ros2_ws/install/uuv_control_msgs/include/uuv_control_msgs/srv/detail/init_circular_trajectory__rosidl_typesupport_introspection_c.h
[1.289s] -- Up-to-date: /home/osansubuntumachine/ros2_ws/install/uuv_control_msgs/include/uuv_control_msgs/srv/detail/get_sm_controller_params__rosidl_typesupport_introspection_c.h
[1.290s] -- Up-to-date: /home/osansubuntumachine/ros2_ws/install/uuv_control_msgs/include/uuv_control_msgs/srv/detail/clear_waypoints__rosidl_typesupport_introspection_c.h
[1.290s] -- Up-to-date: /home/osansubuntumachine/ros2_ws/install/uuv_control_msgs/include/uuv_control_msgs/srv/detail/clear_waypoints__type_support.c
[1.290s] -- Up-to-date: /home/osansubuntumachine/ros2_ws/install/uuv_control_msgs/include/uuv_control_msgs/srv/detail/get_mbsm_controller_params__type_support.c
[1.291s] -- Up-to-date: /home/osansubuntumachine/ros2_ws/install/uuv_control_msgs/include/uuv_control_msgs/srv/detail/get_pid_params__type_support.c
[1.291s] -- Up-to-date: /home/osansubuntumachine/ros2_ws/install/uuv_control_msgs/include/uuv_control_msgs/srv/detail/set_mbsm_controller_params__type_support.c
[1.291s] -- Up-to-date: /home/osansubuntumachine/ros2_ws/install/uuv_control_msgs/include/uuv_control_msgs/srv/detail/init_rect_trajectory__type_support.c
[1.292s] -- Up-to-date: /home/osansubuntumachine/ros2_ws/install/uuv_control_msgs/include/uuv_control_msgs/srv/detail/get_sm_controller_params__type_support.c
[1.292s] -- Up-to-date: /home/osansubuntumachine/ros2_ws/install/uuv_control_msgs/include/uuv_control_msgs/srv/detail/add_waypoint__type_support.c
[1.292s] -- Up-to-date: /home/osansubuntumachine/ros2_ws/install/uuv_control_msgs/include/uuv_control_msgs/srv/detail/hold__rosidl_typesupport_introspection_c.h
[1.292s] -- Up-to-date: /home/osansubuntumachine/ros2_ws/install/uuv_control_msgs/include/uuv_control_msgs/srv/detail/init_helical_trajectory__rosidl_typesupport_introspection_c.h
[1.293s] -- Up-to-date: /home/osansubuntumachine/ros2_ws/install/uuv_control_msgs/include/uuv_control_msgs/srv/detail/get_waypoints__rosidl_typesupport_introspection_c.h
[1.293s] -- Up-to-date: /home/osansubuntumachine/ros2_ws/install/uuv_control_msgs/include/uuv_control_msgs/srv/detail/is_running_trajectory__type_support.c
[1.293s] -- Up-to-date: /home/osansubuntumachine/ros2_ws/install/uuv_control_msgs/include/uuv_control_msgs/srv/detail/switch_to_manual__rosidl_typesupport_introspection_c.h
[1.293s] -- Up-to-date: /home/osansubuntumachine/ros2_ws/install/uuv_control_msgs/include/uuv_control_msgs/srv/detail/switch_to_automatic__type_support.c
[1.294s] -- Up-to-date: /home/osansubuntumachine/ros2_ws/install/uuv_control_msgs/include/uuv_control_msgs/srv/detail/go_to__type_support.c
[1.294s] -- Up-to-date: /home/osansubuntumachine/ros2_ws/install/uuv_control_msgs/include/uuv_control_msgs/srv/detail/set_sm_controller_params__type_support.c
[1.294s] -- Up-to-date: /home/osansubuntumachine/ros2_ws/install/uuv_control_msgs/include/uuv_control_msgs/srv/detail/reset_controller__rosidl_typesupport_introspection_c.h
[1.295s] -- Up-to-date: /home/osansubuntumachine/ros2_ws/install/uuv_control_msgs/include/uuv_control_msgs/srv/detail/switch_to_automatic__rosidl_typesupport_introspection_c.h
[1.295s] -- Up-to-date: /home/osansubuntumachine/ros2_ws/install/uuv_control_msgs/include/uuv_control_msgs/srv/detail/is_running_trajectory__rosidl_typesupport_introspection_c.h
[1.296s] -- Up-to-date: /home/osansubuntumachine/ros2_ws/install/uuv_control_msgs/include/uuv_control_msgs/srv/detail/go_to__rosidl_typesupport_introspection_c.h
[1.296s] -- Up-to-date: /home/osansubuntumachine/ros2_ws/install/uuv_control_msgs/include/uuv_control_msgs/srv/detail/init_waypoints_from_file__type_support.c
[1.300s] -- Up-to-date: /home/osansubuntumachine/ros2_ws/install/uuv_control_msgs/include/uuv_control_msgs/srv/detail/get_pid_params__rosidl_typesupport_introspection_c.h
[1.301s] -- Up-to-date: /home/osansubuntumachine/ros2_ws/install/uuv_control_msgs/include/uuv_control_msgs/srv/detail/get_waypoints__type_support.c
[1.302s] -- Up-to-date: /home/osansubuntumachine/ros2_ws/install/uuv_control_msgs/include/uuv_control_msgs/srv/detail/hold__type_support.c
[1.302s] -- Up-to-date: /home/osansubuntumachine/ros2_ws/install/uuv_control_msgs/include/uuv_control_msgs/srv/detail/init_waypoint_set__type_support.c
[1.302s] -- Up-to-date: /home/osansubuntumachine/ros2_ws/install/uuv_control_msgs/include/uuv_control_msgs/srv/detail/start_trajectory__rosidl_typesupport_introspection_c.h
[1.303s] -- Up-to-date: /home/osansubuntumachine/ros2_ws/install/uuv_control_msgs/include/uuv_control_msgs/srv/detail/set_sm_controller_params__rosidl_typesupport_introspection_c.h
[1.303s] -- Up-to-date: /home/osansubuntumachine/ros2_ws/install/uuv_control_msgs/include/uuv_control_msgs/srv/detail/set_pid_params__type_support.c
[1.303s] -- Up-to-date: /home/osansubuntumachine/ros2_ws/install/uuv_control_msgs/include/uuv_control_msgs/srv/detail/reset_controller__type_support.c
[1.303s] -- Up-to-date: /home/osansubuntumachine/ros2_ws/install/uuv_control_msgs/include/uuv_control_msgs/srv/detail/go_to_incremental__type_support.c
[1.304s] -- Up-to-date: /home/osansubuntumachine/ros2_ws/install/uuv_control_msgs/lib/libuuv_control_msgs__rosidl_typesupport_introspection_c.so
[1.304s] -- Up-to-date: /home/osansubuntumachine/ros2_ws/install/uuv_control_msgs/lib/libuuv_control_msgs__rosidl_typesupport_c.so
[1.304s] -- Up-to-date: /home/osansubuntumachine/ros2_ws/install/uuv_control_msgs/include/uuv_control_msgs
[1.304s] -- Up-to-date: /home/osansubuntumachine/ros2_ws/install/uuv_control_msgs/include/uuv_control_msgs/msg
[1.305s] -- Up-to-date: /home/osansubuntumachine/ros2_ws/install/uuv_control_msgs/include/uuv_control_msgs/msg/trajectory.hpp
[1.305s] -- Up-to-date: /home/osansubuntumachine/ros2_ws/install/uuv_control_msgs/include/uuv_control_msgs/msg/trajectory_point.hpp
[1.305s] -- Up-to-date: /home/osansubuntumachine/ros2_ws/install/uuv_control_msgs/include/uuv_control_msgs/msg/waypoint.hpp
[1.305s] -- Up-to-date: /home/osansubuntumachine/ros2_ws/install/uuv_control_msgs/include/uuv_control_msgs/msg/rosidl_generator_cpp__visibility_control.hpp
[1.306s] -- Up-to-date: /home/osansubuntumachine/ros2_ws/install/uuv_control_msgs/include/uuv_control_msgs/msg/waypoint_set.hpp
[1.306s] -- Up-to-date: /home/osansubuntumachine/ros2_ws/install/uuv_control_msgs/include/uuv_control_msgs/msg/detail
[1.306s] -- Up-to-date: /home/osansubuntumachine/ros2_ws/install/uuv_control_msgs/include/uuv_control_msgs/msg/detail/waypoint_set__builder.hpp
[1.306s] -- Up-to-date: /home/osansubuntumachine/ros2_ws/install/uuv_control_msgs/include/uuv_control_msgs/msg/detail/trajectory_point__traits.hpp
[1.306s] -- Up-to-date: /home/osansubuntumachine/ros2_ws/install/uuv_control_msgs/include/uuv_control_msgs/msg/detail/trajectory__type_support.hpp
[1.307s] -- Up-to-date: /home/osansubuntumachine/ros2_ws/install/uuv_control_msgs/include/uuv_control_msgs/msg/detail/trajectory__traits.hpp
[1.307s] -- Up-to-date: /home/osansubuntumachine/ros2_ws/install/uuv_control_msgs/include/uuv_control_msgs/msg/detail/waypoint_set__struct.hpp
[1.307s] -- Up-to-date: /home/osansubuntumachine/ros2_ws/install/uuv_control_msgs/include/uuv_control_msgs/msg/detail/waypoint__type_support.hpp
[1.307s] -- Up-to-date: /home/osansubuntumachine/ros2_ws/install/uuv_control_msgs/include/uuv_control_msgs/msg/detail/waypoint__traits.hpp
[1.307s] -- Up-to-date: /home/osansubuntumachine/ros2_ws/install/uuv_control_msgs/include/uuv_control_msgs/msg/detail/waypoint_set__type_support.hpp
[1.307s] -- Up-to-date: /home/osansubuntumachine/ros2_ws/install/uuv_control_msgs/include/uuv_control_msgs/msg/detail/trajectory__builder.hpp
[1.307s] -- Up-to-date: /home/osansubuntumachine/ros2_ws/install/uuv_control_msgs/include/uuv_control_msgs/msg/detail/waypoint__struct.hpp
[1.308s] -- Up-to-date: /home/osansubuntumachine/ros2_ws/install/uuv_control_msgs/include/uuv_control_msgs/msg/detail/trajectory_point__struct.hpp
[1.308s] -- Up-to-date: /home/osansubuntumachine/ros2_ws/install/uuv_control_msgs/include/uuv_control_msgs/msg/detail/waypoint__builder.hpp
[1.308s] -- Up-to-date: /home/osansubuntumachine/ros2_ws/install/uuv_control_msgs/include/uuv_control_msgs/msg/detail/trajectory_point__type_support.hpp
[1.308s] -- Up-to-date: /home/osansubuntumachine/ros2_ws/install/uuv_control_msgs/include/uuv_control_msgs/msg/detail/trajectory__struct.hpp
[1.308s] -- Up-to-date: /home/osansubuntumachine/ros2_ws/install/uuv_control_msgs/include/uuv_control_msgs/msg/detail/trajectory_point__builder.hpp
[1.308s] -- Up-to-date: /home/osansubuntumachine/ros2_ws/install/uuv_control_msgs/include/uuv_control_msgs/msg/detail/waypoint_set__traits.hpp
[1.309s] -- Up-to-date: /home/osansubuntumachine/ros2_ws/install/uuv_control_msgs/include/uuv_control_msgs/srv
[1.309s] -- Up-to-date: /home/osansubuntumachine/ros2_ws/install/uuv_control_msgs/include/uuv_control_msgs/srv/add_waypoint.hpp
[1.309s] -- Up-to-date: /home/osansubuntumachine/ros2_ws/install/uuv_control_msgs/include/uuv_control_msgs/srv/init_helical_trajectory.hpp
[1.309s] -- Up-to-date: /home/osansubuntumachine/ros2_ws/install/uuv_control_msgs/include/uuv_control_msgs/srv/clear_waypoints.hpp
[1.309s] -- Up-to-date: /home/osansubuntumachine/ros2_ws/install/uuv_control_msgs/include/uuv_control_msgs/srv/start_trajectory.hpp
[1.309s] -- Up-to-date: /home/osansubuntumachine/ros2_ws/install/uuv_control_msgs/include/uuv_control_msgs/srv/init_rect_trajectory.hpp
[1.309s] -- Up-to-date: /home/osansubuntumachine/ros2_ws/install/uuv_control_msgs/include/uuv_control_msgs/srv/set_sm_controller_params.hpp
[1.310s] -- Up-to-date: /home/osansubuntumachine/ros2_ws/install/uuv_control_msgs/include/uuv_control_msgs/srv/reset_controller.hpp
[1.310s] -- Up-to-date: /home/osansubuntumachine/ros2_ws/install/uuv_control_msgs/include/uuv_control_msgs/srv/switch_to_automatic.hpp
[1.310s] -- Up-to-date: /home/osansubuntumachine/ros2_ws/install/uuv_control_msgs/include/uuv_control_msgs/srv/go_to_incremental.hpp
[1.310s] -- Up-to-date: /home/osansubuntumachine/ros2_ws/install/uuv_control_msgs/include/uuv_control_msgs/srv/get_waypoints.hpp
[1.310s] -- Up-to-date: /home/osansubuntumachine/ros2_ws/install/uuv_control_msgs/include/uuv_control_msgs/srv/init_circular_trajectory.hpp
[1.310s] -- Up-to-date: /home/osansubuntumachine/ros2_ws/install/uuv_control_msgs/include/uuv_control_msgs/srv/get_sm_controller_params.hpp
[1.310s] -- Up-to-date: /home/osansubuntumachine/ros2_ws/install/uuv_control_msgs/include/uuv_control_msgs/srv/is_running_trajectory.hpp
[1.310s] -- Up-to-date: /home/osansubuntumachine/ros2_ws/install/uuv_control_msgs/include/uuv_control_msgs/srv/switch_to_manual.hpp
[1.311s] -- Up-to-date: /home/osansubuntumachine/ros2_ws/install/uuv_control_msgs/include/uuv_control_msgs/srv/hold.hpp
[1.311s] -- Up-to-date: /home/osansubuntumachine/ros2_ws/install/uuv_control_msgs/include/uuv_control_msgs/srv/init_waypoints_from_file.hpp
[1.311s] -- Up-to-date: /home/osansubuntumachine/ros2_ws/install/uuv_control_msgs/include/uuv_control_msgs/srv/init_waypoint_set.hpp
[1.311s] -- Up-to-date: /home/osansubuntumachine/ros2_ws/install/uuv_control_msgs/include/uuv_control_msgs/srv/detail
[1.311s] -- Up-to-date: /home/osansubuntumachine/ros2_ws/install/uuv_control_msgs/include/uuv_control_msgs/srv/detail/init_rect_trajectory__struct.hpp
[1.311s] -- Up-to-date: /home/osansubuntumachine/ros2_ws/install/uuv_control_msgs/include/uuv_control_msgs/srv/detail/init_waypoint_set__struct.hpp
[1.311s] -- Up-to-date: /home/osansubuntumachine/ros2_ws/install/uuv_control_msgs/include/uuv_control_msgs/srv/detail/init_waypoint_set__builder.hpp
[1.312s] -- Up-to-date: /home/osansubuntumachine/ros2_ws/install/uuv_control_msgs/include/uuv_control_msgs/srv/detail/add_waypoint__traits.hpp
[1.312s] -- Up-to-date: /home/osansubuntumachine/ros2_ws/install/uuv_control_msgs/include/uuv_control_msgs/srv/detail/get_waypoints__struct.hpp
[1.312s] -- Up-to-date: /home/osansubuntumachine/ros2_ws/install/uuv_control_msgs/include/uuv_control_msgs/srv/detail/get_pid_params__traits.hpp
[1.312s] -- Up-to-date: /home/osansubuntumachine/ros2_ws/install/uuv_control_msgs/include/uuv_control_msgs/srv/detail/go_to__builder.hpp
[1.312s] -- Up-to-date: /home/osansubuntumachine/ros2_ws/install/uuv_control_msgs/include/uuv_control_msgs/srv/detail/init_helical_trajectory__builder.hpp
[1.312s] -- Up-to-date: /home/osansubuntumachine/ros2_ws/install/uuv_control_msgs/include/uuv_control_msgs/srv/detail/go_to_incremental__builder.hpp
[1.313s] -- Up-to-date: /home/osansubuntumachine/ros2_ws/install/uuv_control_msgs/include/uuv_control_msgs/srv/detail/go_to__traits.hpp
[1.313s] -- Up-to-date: /home/osansubuntumachine/ros2_ws/install/uuv_control_msgs/include/uuv_control_msgs/srv/detail/set_pid_params__builder.hpp
[1.313s] -- Up-to-date: /home/osansubuntumachine/ros2_ws/install/uuv_control_msgs/include/uuv_control_msgs/srv/detail/get_mbsm_controller_params__builder.hpp
[1.313s] -- Up-to-date: /home/osansubuntumachine/ros2_ws/install/uuv_control_msgs/include/uuv_control_msgs/srv/detail/is_running_trajectory__struct.hpp
[1.313s] -- Up-to-date: /home/osansubuntumachine/ros2_ws/install/uuv_control_msgs/include/uuv_control_msgs/srv/detail/get_mbsm_controller_params__struct.hpp
[1.313s] -- Up-to-date: /home/osansubuntumachine/ros2_ws/install/uuv_control_msgs/include/uuv_control_msgs/srv/detail/hold__traits.hpp
[1.313s] -- Up-to-date: /home/osansubuntumachine/ros2_ws/install/uuv_control_msgs/include/uuv_control_msgs/srv/detail/get_pid_params__type_support.hpp
[1.314s] -- Up-to-date: /home/osansubuntumachine/ros2_ws/install/uuv_control_msgs/include/uuv_control_msgs/srv/detail/set_mbsm_controller_params__type_support.hpp
[1.314s] -- Up-to-date: /home/osansubuntumachine/ros2_ws/install/uuv_control_msgs/include/uuv_control_msgs/srv/detail/init_waypoint_set__traits.hpp
[1.314s] -- Up-to-date: /home/osansubuntumachine/ros2_ws/install/uuv_control_msgs/include/uuv_control_msgs/srv/detail/get_mbsm_controller_params__type_support.hpp
[1.314s] -- Up-to-date: /home/osansubuntumachine/ros2_ws/install/uuv_control_msgs/include/uuv_control_msgs/srv/detail/start_trajectory__struct.hpp
[1.314s] -- Up-to-date: /home/osansubuntumachine/ros2_ws/install/uuv_control_msgs/include/uuv_control_msgs/srv/detail/clear_waypoints__struct.hpp
[1.314s] -- Up-to-date: /home/osansubuntumachine/ros2_ws/install/uuv_control_msgs/include/uuv_control_msgs/srv/detail/set_mbsm_controller_params__struct.hpp
[1.314s] -- Up-to-date: /home/osansubuntumachine/ros2_ws/install/uuv_control_msgs/include/uuv_control_msgs/srv/detail/clear_waypoints__builder.hpp
[1.315s] -- Up-to-date: /home/osansubuntumachine/ros2_ws/install/uuv_control_msgs/include/uuv_control_msgs/srv/detail/reset_controller__traits.hpp
[1.315s] -- Up-to-date: /home/osansubuntumachine/ros2_ws/install/uuv_control_msgs/include/uuv_control_msgs/srv/detail/add_waypoint__struct.hpp
[1.315s] -- Up-to-date: /home/osansubuntumachine/ros2_ws/install/uuv_control_msgs/include/uuv_control_msgs/srv/detail/set_pid_params__type_support.hpp
[1.315s] -- Up-to-date: /home/osansubuntumachine/ros2_ws/install/uuv_control_msgs/include/uuv_control_msgs/srv/detail/hold__type_support.hpp
[1.315s] -- Up-to-date: /home/osansubuntumachine/ros2_ws/install/uuv_control_msgs/include/uuv_control_msgs/srv/detail/get_waypoints__builder.hpp
[1.315s] -- Up-to-date: /home/osansubuntumachine/ros2_ws/install/uuv_control_msgs/include/uuv_control_msgs/srv/detail/switch_to_automatic__type_support.hpp
[1.315s] -- Up-to-date: /home/osansubuntumachine/ros2_ws/install/uuv_control_msgs/include/uuv_control_msgs/srv/detail/init_circular_trajectory__builder.hpp
[1.316s] -- Up-to-date: /home/osansubuntumachine/ros2_ws/install/uuv_control_msgs/include/uuv_control_msgs/srv/detail/get_waypoints__traits.hpp
[1.316s] -- Up-to-date: /home/osansubuntumachine/ros2_ws/install/uuv_control_msgs/include/uuv_control_msgs/srv/detail/init_helical_trajectory__struct.hpp
[1.316s] -- Up-to-date: /home/osansubuntumachine/ros2_ws/install/uuv_control_msgs/include/uuv_control_msgs/srv/detail/set_sm_controller_params__struct.hpp
[1.316s] -- Up-to-date: /home/osansubuntumachine/ros2_ws/install/uuv_control_msgs/include/uuv_control_msgs/srv/detail/clear_waypoints__type_support.hpp
[1.316s] -- Up-to-date: /home/osansubuntumachine/ros2_ws/install/uuv_control_msgs/include/uuv_control_msgs/srv/detail/set_sm_controller_params__traits.hpp
[1.316s] -- Up-to-date: /home/osansubuntumachine/ros2_ws/install/uuv_control_msgs/include/uuv_control_msgs/srv/detail/get_waypoints__type_support.hpp
[1.316s] -- Up-to-date: /home/osansubuntumachine/ros2_ws/install/uuv_control_msgs/include/uuv_control_msgs/srv/detail/start_trajectory__traits.hpp
[1.317s] -- Up-to-date: /home/osansubuntumachine/ros2_ws/install/uuv_control_msgs/include/uuv_control_msgs/srv/detail/is_running_trajectory__builder.hpp
[1.317s] -- Up-to-date: /home/osansubuntumachine/ros2_ws/install/uuv_control_msgs/include/uuv_control_msgs/srv/detail/clear_waypoints__traits.hpp
[1.317s] -- Up-to-date: /home/osansubuntumachine/ros2_ws/install/uuv_control_msgs/include/uuv_control_msgs/srv/detail/start_trajectory__type_support.hpp
[1.317s] -- Up-to-date: /home/osansubuntumachine/ros2_ws/install/uuv_control_msgs/include/uuv_control_msgs/srv/detail/switch_to_automatic__builder.hpp
[1.317s] -- Up-to-date: /home/osansubuntumachine/ros2_ws/install/uuv_control_msgs/include/uuv_control_msgs/srv/detail/init_waypoints_from_file__traits.hpp
[1.317s] -- Up-to-date: /home/osansubuntumachine/ros2_ws/install/uuv_control_msgs/include/uuv_control_msgs/srv/detail/switch_to_manual__traits.hpp
[1.317s] -- Up-to-date: /home/osansubuntumachine/ros2_ws/install/uuv_control_msgs/include/uuv_control_msgs/srv/detail/set_pid_params__traits.hpp
[1.317s] -- Up-to-date: /home/osansubuntumachine/ros2_ws/install/uuv_control_msgs/include/uuv_control_msgs/srv/detail/init_rect_trajectory__type_support.hpp
[1.318s] -- Up-to-date: /home/osansubuntumachine/ros2_ws/install/uuv_control_msgs/include/uuv_control_msgs/srv/detail/hold__builder.hpp
[1.318s] -- Up-to-date: /home/osansubuntumachine/ros2_ws/install/uuv_control_msgs/include/uuv_control_msgs/srv/detail/init_waypoints_from_file__struct.hpp
[1.318s] -- Up-to-date: /home/osansubuntumachine/ros2_ws/install/uuv_control_msgs/include/uuv_control_msgs/srv/detail/reset_controller__type_support.hpp
[1.318s] -- Up-to-date: /home/osansubuntumachine/ros2_ws/install/uuv_control_msgs/include/uuv_control_msgs/srv/detail/init_waypoint_set__type_support.hpp
[1.318s] -- Up-to-date: /home/osansubuntumachine/ros2_ws/install/uuv_control_msgs/include/uuv_control_msgs/srv/detail/init_rect_trajectory__traits.hpp
[1.318s] -- Up-to-date: /home/osansubuntumachine/ros2_ws/install/uuv_control_msgs/include/uuv_control_msgs/srv/detail/set_mbsm_controller_params__builder.hpp
[1.318s] -- Up-to-date: /home/osansubuntumachine/ros2_ws/install/uuv_control_msgs/include/uuv_control_msgs/srv/detail/init_waypoints_from_file__builder.hpp
[1.318s] -- Up-to-date: /home/osansubuntumachine/ros2_ws/install/uuv_control_msgs/include/uuv_control_msgs/srv/detail/reset_controller__struct.hpp
[1.319s] -- Up-to-date: /home/osansubuntumachine/ros2_ws/install/uuv_control_msgs/include/uuv_control_msgs/srv/detail/reset_controller__builder.hpp
[1.322s] -- Up-to-date: /home/osansubuntumachine/ros2_ws/install/uuv_control_msgs/include/uuv_control_msgs/srv/detail/switch_to_automatic__struct.hpp
[1.323s] -- Up-to-date: /home/osansubuntumachine/ros2_ws/install/uuv_control_msgs/include/uuv_control_msgs/srv/detail/go_to_incremental__struct.hpp
[1.323s] -- Up-to-date: /home/osansubuntumachine/ros2_ws/install/uuv_control_msgs/include/uuv_control_msgs/srv/detail/start_trajectory__builder.hpp
[1.323s] -- Up-to-date: /home/osansubuntumachine/ros2_ws/install/uuv_control_msgs/include/uuv_control_msgs/srv/detail/get_pid_params__struct.hpp
[1.323s] -- Up-to-date: /home/osansubuntumachine/ros2_ws/install/uuv_control_msgs/include/uuv_control_msgs/srv/detail/init_circular_trajectory__type_support.hpp
[1.323s] -- Up-to-date: /home/osansubuntumachine/ros2_ws/install/uuv_control_msgs/include/uuv_control_msgs/srv/detail/hold__struct.hpp
[1.324s] -- Up-to-date: /home/osansubuntumachine/ros2_ws/install/uuv_control_msgs/include/uuv_control_msgs/srv/detail/get_pid_params__builder.hpp
[1.324s] -- Up-to-date: /home/osansubuntumachine/ros2_ws/install/uuv_control_msgs/include/uuv_control_msgs/srv/detail/get_sm_controller_params__traits.hpp
[1.324s] -- Up-to-date: /home/osansubuntumachine/ros2_ws/install/uuv_control_msgs/include/uuv_control_msgs/srv/detail/is_running_trajectory__traits.hpp
[1.331s] -- Up-to-date: /home/osansubuntumachine/ros2_ws/install/uuv_control_msgs/include/uuv_control_msgs/srv/detail/init_circular_trajectory__traits.hpp
[1.332s] -- Up-to-date: /home/osansubuntumachine/ros2_ws/install/uuv_control_msgs/include/uuv_control_msgs/srv/detail/add_waypoint__type_support.hpp
[1.333s] -- Up-to-date: /home/osansubuntumachine/ros2_ws/install/uuv_control_msgs/include/uuv_control_msgs/srv/detail/add_waypoint__builder.hpp
[1.334s] -- Up-to-date: /home/osansubuntumachine/ros2_ws/install/uuv_control_msgs/include/uuv_control_msgs/srv/detail/go_to_incremental__type_support.hpp
[1.334s] -- Up-to-date: /home/osansubuntumachine/ros2_ws/install/uuv_control_msgs/include/uuv_control_msgs/srv/detail/init_waypoints_from_file__type_support.hpp
[1.334s] -- Up-to-date: /home/osansubuntumachine/ros2_ws/install/uuv_control_msgs/include/uuv_control_msgs/srv/detail/init_rect_trajectory__builder.hpp
[1.335s] -- Up-to-date: /home/osansubuntumachine/ros2_ws/install/uuv_control_msgs/include/uuv_control_msgs/srv/detail/init_helical_trajectory__type_support.hpp
[1.337s] -- Up-to-date: /home/osansubuntumachine/ros2_ws/install/uuv_control_msgs/include/uuv_control_msgs/srv/detail/get_sm_controller_params__type_support.hpp
[1.337s] -- Up-to-date: /home/osansubuntumachine/ros2_ws/install/uuv_control_msgs/include/uuv_control_msgs/srv/detail/init_helical_trajectory__traits.hpp
[1.340s] -- Up-to-date: /home/osansubuntumachine/ros2_ws/install/uuv_control_msgs/include/uuv_control_msgs/srv/detail/set_sm_controller_params__type_support.hpp
[1.340s] -- Up-to-date: /home/osansubuntumachine/ros2_ws/install/uuv_control_msgs/include/uuv_control_msgs/srv/detail/set_sm_controller_params__builder.hpp
[1.340s] -- Up-to-date: /home/osansubuntumachine/ros2_ws/install/uuv_control_msgs/include/uuv_control_msgs/srv/detail/is_running_trajectory__type_support.hpp
[1.341s] -- Up-to-date: /home/osansubuntumachine/ros2_ws/install/uuv_control_msgs/include/uuv_control_msgs/srv/detail/init_circular_trajectory__struct.hpp
[1.341s] -- Up-to-date: /home/osansubuntumachine/ros2_ws/install/uuv_control_msgs/include/uuv_control_msgs/srv/detail/switch_to_automatic__traits.hpp
[1.341s] -- Up-to-date: /home/osansubuntumachine/ros2_ws/install/uuv_control_msgs/include/uuv_control_msgs/srv/detail/switch_to_manual__builder.hpp
[1.341s] -- Up-to-date: /home/osansubuntumachine/ros2_ws/install/uuv_control_msgs/include/uuv_control_msgs/srv/detail/go_to__type_support.hpp
[1.341s] -- Up-to-date: /home/osansubuntumachine/ros2_ws/install/uuv_control_msgs/include/uuv_control_msgs/srv/detail/go_to__struct.hpp
[1.341s] -- Up-to-date: /home/osansubuntumachine/ros2_ws/install/uuv_control_msgs/include/uuv_control_msgs/srv/detail/go_to_incremental__traits.hpp
[1.341s] -- Up-to-date: /home/osansubuntumachine/ros2_ws/install/uuv_control_msgs/include/uuv_control_msgs/srv/detail/set_mbsm_controller_params__traits.hpp
[1.341s] -- Up-to-date: /home/osansubuntumachine/ros2_ws/install/uuv_control_msgs/include/uuv_control_msgs/srv/detail/get_sm_controller_params__builder.hpp
[1.342s] -- Up-to-date: /home/osansubuntumachine/ros2_ws/install/uuv_control_msgs/include/uuv_control_msgs/srv/detail/get_mbsm_controller_params__traits.hpp
[1.342s] -- Up-to-date: /home/osansubuntumachine/ros2_ws/install/uuv_control_msgs/include/uuv_control_msgs/srv/detail/set_pid_params__struct.hpp
[1.342s] -- Up-to-date: /home/osansubuntumachine/ros2_ws/install/uuv_control_msgs/include/uuv_control_msgs/srv/detail/get_sm_controller_params__struct.hpp
[1.342s] -- Up-to-date: /home/osansubuntumachine/ros2_ws/install/uuv_control_msgs/include/uuv_control_msgs/srv/detail/switch_to_manual__struct.hpp
[1.342s] -- Up-to-date: /home/osansubuntumachine/ros2_ws/install/uuv_control_msgs/include/uuv_control_msgs/srv/detail/switch_to_manual__type_support.hpp
[1.342s] -- Up-to-date: /home/osansubuntumachine/ros2_ws/install/uuv_control_msgs/include/uuv_control_msgs/srv/get_mbsm_controller_params.hpp
[1.343s] -- Up-to-date: /home/osansubuntumachine/ros2_ws/install/uuv_control_msgs/include/uuv_control_msgs/srv/set_pid_params.hpp
[1.343s] -- Up-to-date: /home/osansubuntumachine/ros2_ws/install/uuv_control_msgs/include/uuv_control_msgs/srv/get_pid_params.hpp
[1.343s] -- Up-to-date: /home/osansubuntumachine/ros2_ws/install/uuv_control_msgs/include/uuv_control_msgs/srv/set_mbsm_controller_params.hpp
[1.343s] -- Up-to-date: /home/osansubuntumachine/ros2_ws/install/uuv_control_msgs/include/uuv_control_msgs/srv/go_to.hpp
[1.345s] -- Up-to-date: /home/osansubuntumachine/ros2_ws/install/uuv_control_msgs/include/uuv_control_msgs
[1.345s] -- Up-to-date: /home/osansubuntumachine/ros2_ws/install/uuv_control_msgs/include/uuv_control_msgs/msg
[1.356s] -- Up-to-date: /home/osansubuntumachine/ros2_ws/install/uuv_control_msgs/include/uuv_control_msgs/msg/detail
[1.357s] -- Up-to-date: /home/osansubuntumachine/ros2_ws/install/uuv_control_msgs/include/uuv_control_msgs/msg/detail/trajectory__type_support.cpp
[1.357s] -- Up-to-date: /home/osansubuntumachine/ros2_ws/install/uuv_control_msgs/include/uuv_control_msgs/msg/detail/waypoint__type_support.cpp
[1.357s] -- Up-to-date: /home/osansubuntumachine/ros2_ws/install/uuv_control_msgs/include/uuv_control_msgs/msg/detail/waypoint_set__rosidl_typesupport_introspection_cpp.hpp
[1.358s] -- Up-to-date: /home/osansubuntumachine/ros2_ws/install/uuv_control_msgs/include/uuv_control_msgs/msg/detail/trajectory__rosidl_typesupport_introspection_cpp.hpp
[1.358s] -- Up-to-date: /home/osansubuntumachine/ros2_ws/install/uuv_control_msgs/include/uuv_control_msgs/msg/detail/waypoint_set__type_support.cpp
[1.358s] -- Up-to-date: /home/osansubuntumachine/ros2_ws/install/uuv_control_msgs/include/uuv_control_msgs/msg/detail/waypoint__rosidl_typesupport_introspection_cpp.hpp
[1.358s] -- Up-to-date: /home/osansubuntumachine/ros2_ws/install/uuv_control_msgs/include/uuv_control_msgs/msg/detail/trajectory_point__rosidl_typesupport_introspection_cpp.hpp
[1.359s] -- Up-to-date: /home/osansubuntumachine/ros2_ws/install/uuv_control_msgs/include/uuv_control_msgs/msg/detail/trajectory_point__type_support.cpp
[1.359s] -- Up-to-date: /home/osansubuntumachine/ros2_ws/install/uuv_control_msgs/include/uuv_control_msgs/srv
[1.359s] -- Up-to-date: /home/osansubuntumachine/ros2_ws/install/uuv_control_msgs/include/uuv_control_msgs/srv/detail
[1.359s] -- Up-to-date: /home/osansubuntumachine/ros2_ws/install/uuv_control_msgs/include/uuv_control_msgs/srv/detail/get_sm_controller_params__rosidl_typesupport_introspection_cpp.hpp
[1.359s] -- Up-to-date: /home/osansubuntumachine/ros2_ws/install/uuv_control_msgs/include/uuv_control_msgs/srv/detail/switch_to_manual__rosidl_typesupport_introspection_cpp.hpp
[1.359s] -- Up-to-date: /home/osansubuntumachine/ros2_ws/install/uuv_control_msgs/include/uuv_control_msgs/srv/detail/switch_to_manual__type_support.cpp
[1.359s] -- Up-to-date: /home/osansubuntumachine/ros2_ws/install/uuv_control_msgs/include/uuv_control_msgs/srv/detail/switch_to_automatic__type_support.cpp
[1.359s] -- Up-to-date: /home/osansubuntumachine/ros2_ws/install/uuv_control_msgs/include/uuv_control_msgs/srv/detail/init_waypoint_set__type_support.cpp
[1.359s] -- Up-to-date: /home/osansubuntumachine/ros2_ws/install/uuv_control_msgs/include/uuv_control_msgs/srv/detail/get_pid_params__type_support.cpp
[1.359s] -- Up-to-date: /home/osansubuntumachine/ros2_ws/install/uuv_control_msgs/include/uuv_control_msgs/srv/detail/go_to__type_support.cpp
[1.359s] -- Up-to-date: /home/osansubuntumachine/ros2_ws/install/uuv_control_msgs/include/uuv_control_msgs/srv/detail/switch_to_automatic__rosidl_typesupport_introspection_cpp.hpp
[1.360s] -- Up-to-date: /home/osansubuntumachine/ros2_ws/install/uuv_control_msgs/include/uuv_control_msgs/srv/detail/get_sm_controller_params__type_support.cpp
[1.360s] -- Up-to-date: /home/osansubuntumachine/ros2_ws/install/uuv_control_msgs/include/uuv_control_msgs/srv/detail/start_trajectory__type_support.cpp
[1.360s] -- Up-to-date: /home/osansubuntumachine/ros2_ws/install/uuv_control_msgs/include/uuv_control_msgs/srv/detail/init_rect_trajectory__type_support.cpp
[1.360s] -- Up-to-date: /home/osansubuntumachine/ros2_ws/install/uuv_control_msgs/include/uuv_control_msgs/srv/detail/set_mbsm_controller_params__rosidl_typesupport_introspection_cpp.hpp
[1.360s] -- Up-to-date: /home/osansubuntumachine/ros2_ws/install/uuv_control_msgs/include/uuv_control_msgs/srv/detail/add_waypoint__type_support.cpp
[1.360s] -- Up-to-date: /home/osansubuntumachine/ros2_ws/install/uuv_control_msgs/include/uuv_control_msgs/srv/detail/get_waypoints__type_support.cpp
[1.360s] -- Up-to-date: /home/osansubuntumachine/ros2_ws/install/uuv_control_msgs/include/uuv_control_msgs/srv/detail/init_waypoint_set__rosidl_typesupport_introspection_cpp.hpp
[1.360s] -- Up-to-date: /home/osansubuntumachine/ros2_ws/install/uuv_control_msgs/include/uuv_control_msgs/srv/detail/start_trajectory__rosidl_typesupport_introspection_cpp.hpp
[1.360s] -- Up-to-date: /home/osansubuntumachine/ros2_ws/install/uuv_control_msgs/include/uuv_control_msgs/srv/detail/set_pid_params__type_support.cpp
[1.360s] -- Up-to-date: /home/osansubuntumachine/ros2_ws/install/uuv_control_msgs/include/uuv_control_msgs/srv/detail/clear_waypoints__type_support.cpp
[1.361s] -- Up-to-date: /home/osansubuntumachine/ros2_ws/install/uuv_control_msgs/include/uuv_control_msgs/srv/detail/is_running_trajectory__rosidl_typesupport_introspection_cpp.hpp
[1.361s] -- Up-to-date: /home/osansubuntumachine/ros2_ws/install/uuv_control_msgs/include/uuv_control_msgs/srv/detail/set_sm_controller_params__type_support.cpp
[1.361s] -- Up-to-date: /home/osansubuntumachine/ros2_ws/install/uuv_control_msgs/include/uuv_control_msgs/srv/detail/get_pid_params__rosidl_typesupport_introspection_cpp.hpp
[1.361s] -- Up-to-date: /home/osansubuntumachine/ros2_ws/install/uuv_control_msgs/include/uuv_control_msgs/srv/detail/init_waypoints_from_file__rosidl_typesupport_introspection_cpp.hpp
[1.361s] -- Up-to-date: /home/osansubuntumachine/ros2_ws/install/uuv_control_msgs/include/uuv_control_msgs/srv/detail/reset_controller__rosidl_typesupport_introspection_cpp.hpp
[1.361s] -- Up-to-date: /home/osansubuntumachine/ros2_ws/install/uuv_control_msgs/include/uuv_control_msgs/srv/detail/init_circular_trajectory__rosidl_typesupport_introspection_cpp.hpp
[1.361s] -- Up-to-date: /home/osansubuntumachine/ros2_ws/install/uuv_control_msgs/include/uuv_control_msgs/srv/detail/get_mbsm_controller_params__rosidl_typesupport_introspection_cpp.hpp
[1.361s] -- Up-to-date: /home/osansubuntumachine/ros2_ws/install/uuv_control_msgs/include/uuv_control_msgs/srv/detail/get_waypoints__rosidl_typesupport_introspection_cpp.hpp
[1.361s] -- Up-to-date: /home/osansubuntumachine/ros2_ws/install/uuv_control_msgs/include/uuv_control_msgs/srv/detail/add_waypoint__rosidl_typesupport_introspection_cpp.hpp
[1.361s] -- Up-to-date: /home/osansubuntumachine/ros2_ws/install/uuv_control_msgs/include/uuv_control_msgs/srv/detail/set_pid_params__rosidl_typesupport_introspection_cpp.hpp
[1.361s] -- Up-to-date: /home/osansubuntumachine/ros2_ws/install/uuv_control_msgs/include/uuv_control_msgs/srv/detail/hold__rosidl_typesupport_introspection_cpp.hpp
[1.362s] -- Up-to-date: /home/osansubuntumachine/ros2_ws/install/uuv_control_msgs/include/uuv_control_msgs/srv/detail/init_rect_trajectory__rosidl_typesupport_introspection_cpp.hpp
[1.362s] -- Up-to-date: /home/osansubuntumachine/ros2_ws/install/uuv_control_msgs/include/uuv_control_msgs/srv/detail/go_to__rosidl_typesupport_introspection_cpp.hpp
[1.362s] -- Up-to-date: /home/osansubuntumachine/ros2_ws/install/uuv_control_msgs/include/uuv_control_msgs/srv/detail/init_helical_trajectory__type_support.cpp
[1.362s] -- Up-to-date: /home/osansubuntumachine/ros2_ws/install/uuv_control_msgs/include/uuv_control_msgs/srv/detail/clear_waypoints__rosidl_typesupport_introspection_cpp.hpp
[1.362s] -- Up-to-date: /home/osansubuntumachine/ros2_ws/install/uuv_control_msgs/include/uuv_control_msgs/srv/detail/set_mbsm_controller_params__type_support.cpp
[1.362s] -- Up-to-date: /home/osansubuntumachine/ros2_ws/install/uuv_control_msgs/include/uuv_control_msgs/srv/detail/init_circular_trajectory__type_support.cpp
[1.362s] -- Up-to-date: /home/osansubuntumachine/ros2_ws/install/uuv_control_msgs/include/uuv_control_msgs/srv/detail/go_to_incremental__rosidl_typesupport_introspection_cpp.hpp
[1.362s] -- Up-to-date: /home/osansubuntumachine/ros2_ws/install/uuv_control_msgs/include/uuv_control_msgs/srv/detail/set_sm_controller_params__rosidl_typesupport_introspection_cpp.hpp
[1.362s] -- Up-to-date: /home/osansubuntumachine/ros2_ws/install/uuv_control_msgs/include/uuv_control_msgs/srv/detail/reset_controller__type_support.cpp
[1.362s] -- Up-to-date: /home/osansubuntumachine/ros2_ws/install/uuv_control_msgs/include/uuv_control_msgs/srv/detail/go_to_incremental__type_support.cpp
[1.363s] -- Up-to-date: /home/osansubuntumachine/ros2_ws/install/uuv_control_msgs/include/uuv_control_msgs/srv/detail/init_helical_trajectory__rosidl_typesupport_introspection_cpp.hpp
[1.363s] -- Up-to-date: /home/osansubuntumachine/ros2_ws/install/uuv_control_msgs/include/uuv_control_msgs/srv/detail/is_running_trajectory__type_support.cpp
[1.363s] -- Up-to-date: /home/osansubuntumachine/ros2_ws/install/uuv_control_msgs/include/uuv_control_msgs/srv/detail/get_mbsm_controller_params__type_support.cpp
[1.363s] -- Up-to-date: /home/osansubuntumachine/ros2_ws/install/uuv_control_msgs/include/uuv_control_msgs/srv/detail/init_waypoints_from_file__type_support.cpp
[1.363s] -- Up-to-date: /home/osansubuntumachine/ros2_ws/install/uuv_control_msgs/include/uuv_control_msgs/srv/detail/hold__type_support.cpp
[1.363s] -- Up-to-date: /home/osansubuntumachine/ros2_ws/install/uuv_control_msgs/lib/libuuv_control_msgs__rosidl_typesupport_introspection_cpp.so
[1.363s] -- Up-to-date: /home/osansubuntumachine/ros2_ws/install/uuv_control_msgs/lib/libuuv_control_msgs__rosidl_typesupport_cpp.so
[1.363s] -- Up-to-date: /home/osansubuntumachine/ros2_ws/install/uuv_control_msgs/share/uuv_control_msgs/environment/pythonpath.sh
[1.363s] -- Up-to-date: /home/osansubuntumachine/ros2_ws/install/uuv_control_msgs/share/uuv_control_msgs/environment/pythonpath.dsv
[1.377s] -- Up-to-date: /home/osansubuntumachine/ros2_ws/install/uuv_control_msgs/lib/python3.8/site-packages/uuv_control_msgs/__init__.py
[1.379s] -- Up-to-date: /home/osansubuntumachine/ros2_ws/install/uuv_control_msgs/lib/python3.8/site-packages/uuv_control_msgs/msg
[1.380s] -- Up-to-date: /home/osansubuntumachine/ros2_ws/install/uuv_control_msgs/lib/python3.8/site-packages/uuv_control_msgs/msg/_trajectory.py
[1.380s] -- Up-to-date: /home/osansubuntumachine/ros2_ws/install/uuv_control_msgs/lib/python3.8/site-packages/uuv_control_msgs/msg/_waypoint_set_s.c
[1.380s] -- Up-to-date: /home/osansubuntumachine/ros2_ws/install/uuv_control_msgs/lib/python3.8/site-packages/uuv_control_msgs/msg/_trajectory_point_s.c
[1.380s] -- Up-to-date: /home/osansubuntumachine/ros2_ws/install/uuv_control_msgs/lib/python3.8/site-packages/uuv_control_msgs/msg/_waypoint_s.c
[1.380s] -- Up-to-date: /home/osansubuntumachine/ros2_ws/install/uuv_control_msgs/lib/python3.8/site-packages/uuv_control_msgs/msg/_waypoint.py
[1.380s] -- Up-to-date: /home/osansubuntumachine/ros2_ws/install/uuv_control_msgs/lib/python3.8/site-packages/uuv_control_msgs/msg/__init__.py
[1.381s] -- Up-to-date: /home/osansubuntumachine/ros2_ws/install/uuv_control_msgs/lib/python3.8/site-packages/uuv_control_msgs/msg/_waypoint_set.py
[1.381s] -- Up-to-date: /home/osansubuntumachine/ros2_ws/install/uuv_control_msgs/lib/python3.8/site-packages/uuv_control_msgs/msg/_trajectory_s.c
[1.381s] -- Up-to-date: /home/osansubuntumachine/ros2_ws/install/uuv_control_msgs/lib/python3.8/site-packages/uuv_control_msgs/msg/_trajectory_point.py
[1.381s] -- Up-to-date: /home/osansubuntumachine/ros2_ws/install/uuv_control_msgs/lib/python3.8/site-packages/uuv_control_msgs/srv
[1.381s] -- Up-to-date: /home/osansubuntumachine/ros2_ws/install/uuv_control_msgs/lib/python3.8/site-packages/uuv_control_msgs/srv/_get_pid_params_s.c
[1.381s] -- Up-to-date: /home/osansubuntumachine/ros2_ws/install/uuv_control_msgs/lib/python3.8/site-packages/uuv_control_msgs/srv/_reset_controller.py
[1.381s] -- Up-to-date: /home/osansubuntumachine/ros2_ws/install/uuv_control_msgs/lib/python3.8/site-packages/uuv_control_msgs/srv/_go_to_incremental.py
[1.381s] -- Up-to-date: /home/osansubuntumachine/ros2_ws/install/uuv_control_msgs/lib/python3.8/site-packages/uuv_control_msgs/srv/_go_to.py
[1.381s] -- Up-to-date: /home/osansubuntumachine/ros2_ws/install/uuv_control_msgs/lib/python3.8/site-packages/uuv_control_msgs/srv/_get_waypoints_s.c
[1.381s] -- Up-to-date: /home/osansubuntumachine/ros2_ws/install/uuv_control_msgs/lib/python3.8/site-packages/uuv_control_msgs/srv/_init_rect_trajectory.py
[1.382s] -- Up-to-date: /home/osansubuntumachine/ros2_ws/install/uuv_control_msgs/lib/python3.8/site-packages/uuv_control_msgs/srv/_reset_controller_s.c
[1.382s] -- Up-to-date: /home/osansubuntumachine/ros2_ws/install/uuv_control_msgs/lib/python3.8/site-packages/uuv_control_msgs/srv/_hold_s.c
[1.382s] -- Up-to-date: /home/osansubuntumachine/ros2_ws/install/uuv_control_msgs/lib/python3.8/site-packages/uuv_control_msgs/srv/_clear_waypoints_s.c
[1.382s] -- Up-to-date: /home/osansubuntumachine/ros2_ws/install/uuv_control_msgs/lib/python3.8/site-packages/uuv_control_msgs/srv/_go_to_incremental_s.c
[1.382s] -- Up-to-date: /home/osansubuntumachine/ros2_ws/install/uuv_control_msgs/lib/python3.8/site-packages/uuv_control_msgs/srv/_init_waypoints_from_file.py
[1.382s] -- Up-to-date: /home/osansubuntumachine/ros2_ws/install/uuv_control_msgs/lib/python3.8/site-packages/uuv_control_msgs/srv/_switch_to_manual_s.c
[1.383s] -- Up-to-date: /home/osansubuntumachine/ros2_ws/install/uuv_control_msgs/lib/python3.8/site-packages/uuv_control_msgs/srv/_set_pid_params.py
[1.383s] -- Up-to-date: /home/osansubuntumachine/ros2_ws/install/uuv_control_msgs/lib/python3.8/site-packages/uuv_control_msgs/srv/_init_rect_trajectory_s.c
[1.383s] -- Up-to-date: /home/osansubuntumachine/ros2_ws/install/uuv_control_msgs/lib/python3.8/site-packages/uuv_control_msgs/srv/_set_pid_params_s.c
[1.383s] -- Up-to-date: /home/osansubuntumachine/ros2_ws/install/uuv_control_msgs/lib/python3.8/site-packages/uuv_control_msgs/srv/_get_pid_params.py
[1.383s] -- Up-to-date: /home/osansubuntumachine/ros2_ws/install/uuv_control_msgs/lib/python3.8/site-packages/uuv_control_msgs/srv/_switch_to_automatic_s.c
[1.383s] -- Up-to-date: /home/osansubuntumachine/ros2_ws/install/uuv_control_msgs/lib/python3.8/site-packages/uuv_control_msgs/srv/_init_waypoints_from_file_s.c
[1.383s] -- Up-to-date: /home/osansubuntumachine/ros2_ws/install/uuv_control_msgs/lib/python3.8/site-packages/uuv_control_msgs/srv/_start_trajectory.py
[1.383s] -- Up-to-date: /home/osansubuntumachine/ros2_ws/install/uuv_control_msgs/lib/python3.8/site-packages/uuv_control_msgs/srv/_init_circular_trajectory_s.c
[1.383s] -- Up-to-date: /home/osansubuntumachine/ros2_ws/install/uuv_control_msgs/lib/python3.8/site-packages/uuv_control_msgs/srv/_init_waypoint_set_s.c
[1.383s] -- Up-to-date: /home/osansubuntumachine/ros2_ws/install/uuv_control_msgs/lib/python3.8/site-packages/uuv_control_msgs/srv/_is_running_trajectory.py
[1.383s] -- Up-to-date: /home/osansubuntumachine/ros2_ws/install/uuv_control_msgs/lib/python3.8/site-packages/uuv_control_msgs/srv/_get_waypoints.py
[1.384s] -- Up-to-date: /home/osansubuntumachine/ros2_ws/install/uuv_control_msgs/lib/python3.8/site-packages/uuv_control_msgs/srv/_set_sm_controller_params_s.c
[1.384s] -- Up-to-date: /home/osansubuntumachine/ros2_ws/install/uuv_control_msgs/lib/python3.8/site-packages/uuv_control_msgs/srv/__init__.py
[1.384s] -- Up-to-date: /home/osansubuntumachine/ros2_ws/install/uuv_control_msgs/lib/python3.8/site-packages/uuv_control_msgs/srv/_set_sm_controller_params.py
[1.384s] -- Up-to-date: /home/osansubuntumachine/ros2_ws/install/uuv_control_msgs/lib/python3.8/site-packages/uuv_control_msgs/srv/_switch_to_automatic.py
[1.384s] -- Up-to-date: /home/osansubuntumachine/ros2_ws/install/uuv_control_msgs/lib/python3.8/site-packages/uuv_control_msgs/srv/_clear_waypoints.py
[1.384s] -- Up-to-date: /home/osansubuntumachine/ros2_ws/install/uuv_control_msgs/lib/python3.8/site-packages/uuv_control_msgs/srv/_switch_to_manual.py
[1.384s] -- Up-to-date: /home/osansubuntumachine/ros2_ws/install/uuv_control_msgs/lib/python3.8/site-packages/uuv_control_msgs/srv/_go_to_s.c
[1.385s] -- Up-to-date: /home/osansubuntumachine/ros2_ws/install/uuv_control_msgs/lib/python3.8/site-packages/uuv_control_msgs/srv/_set_mbsm_controller_params.py
[1.385s] -- Up-to-date: /home/osansubuntumachine/ros2_ws/install/uuv_control_msgs/lib/python3.8/site-packages/uuv_control_msgs/srv/_set_mbsm_controller_params_s.c
[1.385s] -- Up-to-date: /home/osansubuntumachine/ros2_ws/install/uuv_control_msgs/lib/python3.8/site-packages/uuv_control_msgs/srv/_start_trajectory_s.c
[1.385s] -- Up-to-date: /home/osansubuntumachine/ros2_ws/install/uuv_control_msgs/lib/python3.8/site-packages/uuv_control_msgs/srv/_add_waypoint.py
[1.385s] -- Up-to-date: /home/osansubuntumachine/ros2_ws/install/uuv_control_msgs/lib/python3.8/site-packages/uuv_control_msgs/srv/_init_waypoint_set.py
[1.385s] -- Up-to-date: /home/osansubuntumachine/ros2_ws/install/uuv_control_msgs/lib/python3.8/site-packages/uuv_control_msgs/srv/_get_mbsm_controller_params.py
[1.385s] -- Up-to-date: /home/osansubuntumachine/ros2_ws/install/uuv_control_msgs/lib/python3.8/site-packages/uuv_control_msgs/srv/_init_helical_trajectory_s.c
[1.385s] -- Up-to-date: /home/osansubuntumachine/ros2_ws/install/uuv_control_msgs/lib/python3.8/site-packages/uuv_control_msgs/srv/_hold.py
[1.385s] -- Up-to-date: /home/osansubuntumachine/ros2_ws/install/uuv_control_msgs/lib/python3.8/site-packages/uuv_control_msgs/srv/_init_circular_trajectory.py
[1.386s] -- Up-to-date: /home/osansubuntumachine/ros2_ws/install/uuv_control_msgs/lib/python3.8/site-packages/uuv_control_msgs/srv/_get_mbsm_controller_params_s.c
[1.386s] -- Up-to-date: /home/osansubuntumachine/ros2_ws/install/uuv_control_msgs/lib/python3.8/site-packages/uuv_control_msgs/srv/_get_sm_controller_params.py
[1.386s] -- Up-to-date: /home/osansubuntumachine/ros2_ws/install/uuv_control_msgs/lib/python3.8/site-packages/uuv_control_msgs/srv/_init_helical_trajectory.py
[1.386s] -- Up-to-date: /home/osansubuntumachine/ros2_ws/install/uuv_control_msgs/lib/python3.8/site-packages/uuv_control_msgs/srv/_add_waypoint_s.c
[1.386s] -- Up-to-date: /home/osansubuntumachine/ros2_ws/install/uuv_control_msgs/lib/python3.8/site-packages/uuv_control_msgs/srv/_is_running_trajectory_s.c
[1.386s] -- Up-to-date: /home/osansubuntumachine/ros2_ws/install/uuv_control_msgs/lib/python3.8/site-packages/uuv_control_msgs/srv/_get_sm_controller_params_s.c
[1.387s] -- Up-to-date: /home/osansubuntumachine/ros2_ws/install/uuv_control_msgs/lib/python3.8/site-packages/uuv_control_msgs/uuv_control_msgs_s__rosidl_typesupport_fastrtps_c.cpython-38-x86_64-linux-gnu.so
[1.387s] -- Up-to-date: /home/osansubuntumachine/ros2_ws/install/uuv_control_msgs/lib/python3.8/site-packages/uuv_control_msgs/uuv_control_msgs_s__rosidl_typesupport_introspection_c.cpython-38-x86_64-linux-gnu.so
[1.387s] -- Up-to-date: /home/osansubuntumachine/ros2_ws/install/uuv_control_msgs/lib/python3.8/site-packages/uuv_control_msgs/uuv_control_msgs_s__rosidl_typesupport_c.cpython-38-x86_64-linux-gnu.so
[1.387s] -- Up-to-date: /home/osansubuntumachine/ros2_ws/install/uuv_control_msgs/lib/libuuv_control_msgs__python.so
[1.387s] -- Up-to-date: /home/osansubuntumachine/ros2_ws/install/uuv_control_msgs/share/uuv_control_msgs/msg/Trajectory.idl
[1.387s] -- Up-to-date: /home/osansubuntumachine/ros2_ws/install/uuv_control_msgs/share/uuv_control_msgs/msg/TrajectoryPoint.idl
[1.387s] -- Up-to-date: /home/osansubuntumachine/ros2_ws/install/uuv_control_msgs/share/uuv_control_msgs/msg/Waypoint.idl
[1.387s] -- Up-to-date: /home/osansubuntumachine/ros2_ws/install/uuv_control_msgs/share/uuv_control_msgs/msg/WaypointSet.idl
[1.387s] -- Up-to-date: /home/osansubuntumachine/ros2_ws/install/uuv_control_msgs/share/uuv_control_msgs/srv/AddWaypoint.idl
[1.388s] -- Up-to-date: /home/osansubuntumachine/ros2_ws/install/uuv_control_msgs/share/uuv_control_msgs/srv/ClearWaypoints.idl
[1.388s] -- Up-to-date: /home/osansubuntumachine/ros2_ws/install/uuv_control_msgs/share/uuv_control_msgs/srv/InitCircularTrajectory.idl
[1.388s] -- Up-to-date: /home/osansubuntumachine/ros2_ws/install/uuv_control_msgs/share/uuv_control_msgs/srv/InitHelicalTrajectory.idl
[1.388s] -- Up-to-date: /home/osansubuntumachine/ros2_ws/install/uuv_control_msgs/share/uuv_control_msgs/srv/InitWaypointsFromFile.idl
[1.388s] -- Up-to-date: /home/osansubuntumachine/ros2_ws/install/uuv_control_msgs/share/uuv_control_msgs/srv/GetWaypoints.idl
[1.388s] -- Up-to-date: /home/osansubuntumachine/ros2_ws/install/uuv_control_msgs/share/uuv_control_msgs/srv/GoTo.idl
[1.389s] -- Up-to-date: /home/osansubuntumachine/ros2_ws/install/uuv_control_msgs/share/uuv_control_msgs/srv/GoToIncremental.idl
[1.389s] -- Up-to-date: /home/osansubuntumachine/ros2_ws/install/uuv_control_msgs/share/uuv_control_msgs/srv/Hold.idl
[1.389s] -- Up-to-date: /home/osansubuntumachine/ros2_ws/install/uuv_control_msgs/share/uuv_control_msgs/srv/IsRunningTrajectory.idl
[1.389s] -- Up-to-date: /home/osansubuntumachine/ros2_ws/install/uuv_control_msgs/share/uuv_control_msgs/srv/InitWaypointSet.idl
[1.389s] -- Up-to-date: /home/osansubuntumachine/ros2_ws/install/uuv_control_msgs/share/uuv_control_msgs/srv/InitRectTrajectory.idl
[1.389s] -- Up-to-date: /home/osansubuntumachine/ros2_ws/install/uuv_control_msgs/share/uuv_control_msgs/srv/StartTrajectory.idl
[1.390s] -- Up-to-date: /home/osansubuntumachine/ros2_ws/install/uuv_control_msgs/share/uuv_control_msgs/srv/SwitchToAutomatic.idl
[1.390s] -- Up-to-date: /home/osansubuntumachine/ros2_ws/install/uuv_control_msgs/share/uuv_control_msgs/srv/SwitchToManual.idl
[1.390s] -- Up-to-date: /home/osansubuntumachine/ros2_ws/install/uuv_control_msgs/share/uuv_control_msgs/srv/SetPIDParams.idl
[1.390s] -- Up-to-date: /home/osansubuntumachine/ros2_ws/install/uuv_control_msgs/share/uuv_control_msgs/srv/GetPIDParams.idl
[1.390s] -- Up-to-date: /home/osansubuntumachine/ros2_ws/install/uuv_control_msgs/share/uuv_control_msgs/srv/SetSMControllerParams.idl
[1.390s] -- Up-to-date: /home/osansubuntumachine/ros2_ws/install/uuv_control_msgs/share/uuv_control_msgs/srv/GetSMControllerParams.idl
[1.390s] -- Up-to-date: /home/osansubuntumachine/ros2_ws/install/uuv_control_msgs/share/uuv_control_msgs/srv/SetMBSMControllerParams.idl
[1.391s] -- Up-to-date: /home/osansubuntumachine/ros2_ws/install/uuv_control_msgs/share/uuv_control_msgs/srv/GetMBSMControllerParams.idl
[1.391s] -- Up-to-date: /home/osansubuntumachine/ros2_ws/install/uuv_control_msgs/share/uuv_control_msgs/srv/ResetController.idl
[1.391s] -- Up-to-date: /home/osansubuntumachine/ros2_ws/install/uuv_control_msgs/share/uuv_control_msgs/msg/Trajectory.msg
[1.391s] -- Up-to-date: /home/osansubuntumachine/ros2_ws/install/uuv_control_msgs/share/uuv_control_msgs/msg/TrajectoryPoint.msg
[1.391s] -- Up-to-date: /home/osansubuntumachine/ros2_ws/install/uuv_control_msgs/share/uuv_control_msgs/msg/Waypoint.msg
[1.391s] -- Up-to-date: /home/osansubuntumachine/ros2_ws/install/uuv_control_msgs/share/uuv_control_msgs/msg/WaypointSet.msg
[1.392s] -- Up-to-date: /home/osansubuntumachine/ros2_ws/install/uuv_control_msgs/share/uuv_control_msgs/srv/AddWaypoint.srv
[1.392s] -- Up-to-date: /home/osansubuntumachine/ros2_ws/install/uuv_control_msgs/share/uuv_control_msgs/srv/AddWaypoint_Request.msg
[1.392s] -- Up-to-date: /home/osansubuntumachine/ros2_ws/install/uuv_control_msgs/share/uuv_control_msgs/srv/AddWaypoint_Response.msg
[1.392s] -- Up-to-date: /home/osansubuntumachine/ros2_ws/install/uuv_control_msgs/share/uuv_control_msgs/srv/ClearWaypoints.srv
[1.392s] -- Up-to-date: /home/osansubuntumachine/ros2_ws/install/uuv_control_msgs/share/uuv_control_msgs/srv/ClearWaypoints_Request.msg
[1.392s] -- Up-to-date: /home/osansubuntumachine/ros2_ws/install/uuv_control_msgs/share/uuv_control_msgs/srv/ClearWaypoints_Response.msg
[1.393s] -- Up-to-date: /home/osansubuntumachine/ros2_ws/install/uuv_control_msgs/share/uuv_control_msgs/srv/InitCircularTrajectory.srv
[1.393s] -- Up-to-date: /home/osansubuntumachine/ros2_ws/install/uuv_control_msgs/share/uuv_control_msgs/srv/InitCircularTrajectory_Request.msg
[1.393s] -- Up-to-date: /home/osansubuntumachine/ros2_ws/install/uuv_control_msgs/share/uuv_control_msgs/srv/InitCircularTrajectory_Response.msg
[1.394s] -- Up-to-date: /home/osansubuntumachine/ros2_ws/install/uuv_control_msgs/share/uuv_control_msgs/srv/InitHelicalTrajectory.srv
[1.394s] -- Up-to-date: /home/osansubuntumachine/ros2_ws/install/uuv_control_msgs/share/uuv_control_msgs/srv/InitHelicalTrajectory_Request.msg
[1.394s] -- Up-to-date: /home/osansubuntumachine/ros2_ws/install/uuv_control_msgs/share/uuv_control_msgs/srv/InitHelicalTrajectory_Response.msg
[1.394s] -- Up-to-date: /home/osansubuntumachine/ros2_ws/install/uuv_control_msgs/share/uuv_control_msgs/srv/InitWaypointsFromFile.srv
[1.394s] -- Up-to-date: /home/osansubuntumachine/ros2_ws/install/uuv_control_msgs/share/uuv_control_msgs/srv/InitWaypointsFromFile_Request.msg
[1.395s] -- Up-to-date: /home/osansubuntumachine/ros2_ws/install/uuv_control_msgs/share/uuv_control_msgs/srv/InitWaypointsFromFile_Response.msg
[1.395s] -- Up-to-date: /home/osansubuntumachine/ros2_ws/install/uuv_control_msgs/share/uuv_control_msgs/srv/GetWaypoints.srv
[1.395s] -- Up-to-date: /home/osansubuntumachine/ros2_ws/install/uuv_control_msgs/share/uuv_control_msgs/srv/GetWaypoints_Request.msg
[1.395s] -- Up-to-date: /home/osansubuntumachine/ros2_ws/install/uuv_control_msgs/share/uuv_control_msgs/srv/GetWaypoints_Response.msg
[1.395s] -- Up-to-date: /home/osansubuntumachine/ros2_ws/install/uuv_control_msgs/share/uuv_control_msgs/srv/GoTo.srv
[1.396s] -- Up-to-date: /home/osansubuntumachine/ros2_ws/install/uuv_control_msgs/share/uuv_control_msgs/srv/GoTo_Request.msg
[1.396s] -- Up-to-date: /home/osansubuntumachine/ros2_ws/install/uuv_control_msgs/share/uuv_control_msgs/srv/GoTo_Response.msg
[1.396s] -- Up-to-date: /home/osansubuntumachine/ros2_ws/install/uuv_control_msgs/share/uuv_control_msgs/srv/GoToIncremental.srv
[1.396s] -- Up-to-date: /home/osansubuntumachine/ros2_ws/install/uuv_control_msgs/share/uuv_control_msgs/srv/GoToIncremental_Request.msg
[1.396s] -- Up-to-date: /home/osansubuntumachine/ros2_ws/install/uuv_control_msgs/share/uuv_control_msgs/srv/GoToIncremental_Response.msg
[1.396s] -- Up-to-date: /home/osansubuntumachine/ros2_ws/install/uuv_control_msgs/share/uuv_control_msgs/srv/Hold.srv
[1.396s] -- Up-to-date: /home/osansubuntumachine/ros2_ws/install/uuv_control_msgs/share/uuv_control_msgs/srv/Hold_Request.msg
[1.396s] -- Up-to-date: /home/osansubuntumachine/ros2_ws/install/uuv_control_msgs/share/uuv_control_msgs/srv/Hold_Response.msg
[1.396s] -- Up-to-date: /home/osansubuntumachine/ros2_ws/install/uuv_control_msgs/share/uuv_control_msgs/srv/IsRunningTrajectory.srv
[1.396s] -- Up-to-date: /home/osansubuntumachine/ros2_ws/install/uuv_control_msgs/share/uuv_control_msgs/srv/IsRunningTrajectory_Request.msg
[1.397s] -- Up-to-date: /home/osansubuntumachine/ros2_ws/install/uuv_control_msgs/share/uuv_control_msgs/srv/IsRunningTrajectory_Response.msg
[1.397s] -- Up-to-date: /home/osansubuntumachine/ros2_ws/install/uuv_control_msgs/share/uuv_control_msgs/srv/InitWaypointSet.srv
[1.397s] -- Up-to-date: /home/osansubuntumachine/ros2_ws/install/uuv_control_msgs/share/uuv_control_msgs/srv/InitWaypointSet_Request.msg
[1.397s] -- Up-to-date: /home/osansubuntumachine/ros2_ws/install/uuv_control_msgs/share/uuv_control_msgs/srv/InitWaypointSet_Response.msg
[1.397s] -- Up-to-date: /home/osansubuntumachine/ros2_ws/install/uuv_control_msgs/share/uuv_control_msgs/srv/InitRectTrajectory.srv
[1.397s] -- Up-to-date: /home/osansubuntumachine/ros2_ws/install/uuv_control_msgs/share/uuv_control_msgs/srv/InitRectTrajectory_Request.msg
[1.397s] -- Up-to-date: /home/osansubuntumachine/ros2_ws/install/uuv_control_msgs/share/uuv_control_msgs/srv/InitRectTrajectory_Response.msg
[1.397s] -- Up-to-date: /home/osansubuntumachine/ros2_ws/install/uuv_control_msgs/share/uuv_control_msgs/srv/StartTrajectory.srv
[1.398s] -- Up-to-date: /home/osansubuntumachine/ros2_ws/install/uuv_control_msgs/share/uuv_control_msgs/srv/StartTrajectory_Request.msg
[1.398s] -- Up-to-date: /home/osansubuntumachine/ros2_ws/install/uuv_control_msgs/share/uuv_control_msgs/srv/StartTrajectory_Response.msg
[1.398s] -- Up-to-date: /home/osansubuntumachine/ros2_ws/install/uuv_control_msgs/share/uuv_control_msgs/srv/SwitchToAutomatic.srv
[1.398s] -- Up-to-date: /home/osansubuntumachine/ros2_ws/install/uuv_control_msgs/share/uuv_control_msgs/srv/SwitchToAutomatic_Request.msg
[1.399s] -- Up-to-date: /home/osansubuntumachine/ros2_ws/install/uuv_control_msgs/share/uuv_control_msgs/srv/SwitchToAutomatic_Response.msg
[1.399s] -- Up-to-date: /home/osansubuntumachine/ros2_ws/install/uuv_control_msgs/share/uuv_control_msgs/srv/SwitchToManual.srv
[1.403s] -- Up-to-date: /home/osansubuntumachine/ros2_ws/install/uuv_control_msgs/share/uuv_control_msgs/srv/SwitchToManual_Request.msg
[1.404s] -- Up-to-date: /home/osansubuntumachine/ros2_ws/install/uuv_control_msgs/share/uuv_control_msgs/srv/SwitchToManual_Response.msg
[1.404s] -- Up-to-date: /home/osansubuntumachine/ros2_ws/install/uuv_control_msgs/share/uuv_control_msgs/srv/SetPIDParams.srv
[1.405s] -- Up-to-date: /home/osansubuntumachine/ros2_ws/install/uuv_control_msgs/share/uuv_control_msgs/srv/SetPIDParams_Request.msg
[1.405s] -- Up-to-date: /home/osansubuntumachine/ros2_ws/install/uuv_control_msgs/share/uuv_control_msgs/srv/SetPIDParams_Response.msg
[1.406s] -- Up-to-date: /home/osansubuntumachine/ros2_ws/install/uuv_control_msgs/share/uuv_control_msgs/srv/GetPIDParams.srv
[1.406s] -- Up-to-date: /home/osansubuntumachine/ros2_ws/install/uuv_control_msgs/share/uuv_control_msgs/srv/GetPIDParams_Request.msg
[1.406s] -- Up-to-date: /home/osansubuntumachine/ros2_ws/install/uuv_control_msgs/share/uuv_control_msgs/srv/GetPIDParams_Response.msg
[1.406s] -- Up-to-date: /home/osansubuntumachine/ros2_ws/install/uuv_control_msgs/share/uuv_control_msgs/srv/SetSMControllerParams.srv
[1.407s] -- Up-to-date: /home/osansubuntumachine/ros2_ws/install/uuv_control_msgs/share/uuv_control_msgs/srv/SetSMControllerParams_Request.msg
[1.407s] -- Up-to-date: /home/osansubuntumachine/ros2_ws/install/uuv_control_msgs/share/uuv_control_msgs/srv/SetSMControllerParams_Response.msg
[1.407s] -- Up-to-date: /home/osansubuntumachine/ros2_ws/install/uuv_control_msgs/share/uuv_control_msgs/srv/GetSMControllerParams.srv
[1.407s] -- Up-to-date: /home/osansubuntumachine/ros2_ws/install/uuv_control_msgs/share/uuv_control_msgs/srv/GetSMControllerParams_Request.msg
[1.407s] -- Up-to-date: /home/osansubuntumachine/ros2_ws/install/uuv_control_msgs/share/uuv_control_msgs/srv/GetSMControllerParams_Response.msg
[1.408s] -- Up-to-date: /home/osansubuntumachine/ros2_ws/install/uuv_control_msgs/share/uuv_control_msgs/srv/SetMBSMControllerParams.srv
[1.408s] -- Up-to-date: /home/osansubuntumachine/ros2_ws/install/uuv_control_msgs/share/uuv_control_msgs/srv/SetMBSMControllerParams_Request.msg
[1.408s] -- Up-to-date: /home/osansubuntumachine/ros2_ws/install/uuv_control_msgs/share/uuv_control_msgs/srv/SetMBSMControllerParams_Response.msg
[1.409s] -- Up-to-date: /home/osansubuntumachine/ros2_ws/install/uuv_control_msgs/share/uuv_control_msgs/srv/GetMBSMControllerParams.srv
[1.409s] -- Up-to-date: /home/osansubuntumachine/ros2_ws/install/uuv_control_msgs/share/uuv_control_msgs/srv/GetMBSMControllerParams_Request.msg
[1.410s] -- Up-to-date: /home/osansubuntumachine/ros2_ws/install/uuv_control_msgs/share/uuv_control_msgs/srv/GetMBSMControllerParams_Response.msg
[1.411s] -- Up-to-date: /home/osansubuntumachine/ros2_ws/install/uuv_control_msgs/share/uuv_control_msgs/srv/ResetController.srv
[1.411s] -- Up-to-date: /home/osansubuntumachine/ros2_ws/install/uuv_control_msgs/share/uuv_control_msgs/srv/ResetController_Request.msg
[1.411s] -- Up-to-date: /home/osansubuntumachine/ros2_ws/install/uuv_control_msgs/share/uuv_control_msgs/srv/ResetController_Response.msg
[1.412s] -- Up-to-date: /home/osansubuntumachine/ros2_ws/install/uuv_control_msgs/share/ament_index/resource_index/package_run_dependencies/uuv_control_msgs
[1.412s] -- Up-to-date: /home/osansubuntumachine/ros2_ws/install/uuv_control_msgs/share/ament_index/resource_index/parent_prefix_path/uuv_control_msgs
[1.412s] -- Up-to-date: /home/osansubuntumachine/ros2_ws/install/uuv_control_msgs/share/uuv_control_msgs/environment/ament_prefix_path.sh
[1.412s] -- Up-to-date: /home/osansubuntumachine/ros2_ws/install/uuv_control_msgs/share/uuv_control_msgs/environment/ament_prefix_path.dsv
[1.412s] -- Up-to-date: /home/osansubuntumachine/ros2_ws/install/uuv_control_msgs/share/uuv_control_msgs/environment/path.sh
[1.412s] -- Up-to-date: /home/osansubuntumachine/ros2_ws/install/uuv_control_msgs/share/uuv_control_msgs/environment/path.dsv
[1.412s] -- Up-to-date: /home/osansubuntumachine/ros2_ws/install/uuv_control_msgs/share/uuv_control_msgs/local_setup.bash
[1.412s] -- Up-to-date: /home/osansubuntumachine/ros2_ws/install/uuv_control_msgs/share/uuv_control_msgs/local_setup.sh
[1.413s] -- Up-to-date: /home/osansubuntumachine/ros2_ws/install/uuv_control_msgs/share/uuv_control_msgs/local_setup.zsh
[1.413s] -- Up-to-date: /home/osansubuntumachine/ros2_ws/install/uuv_control_msgs/share/uuv_control_msgs/local_setup.dsv
[1.413s] -- Installing: /home/osansubuntumachine/ros2_ws/install/uuv_control_msgs/share/uuv_control_msgs/package.dsv
[1.413s] -- Up-to-date: /home/osansubuntumachine/ros2_ws/install/uuv_control_msgs/share/ament_index/resource_index/packages/uuv_control_msgs
[1.413s] -- Up-to-date: /home/osansubuntumachine/ros2_ws/install/uuv_control_msgs/share/uuv_control_msgs/cmake/uuv_control_msgs__rosidl_generator_cExport.cmake
[1.413s] -- Up-to-date: /home/osansubuntumachine/ros2_ws/install/uuv_control_msgs/share/uuv_control_msgs/cmake/uuv_control_msgs__rosidl_generator_cExport-noconfig.cmake
[1.413s] -- Up-to-date: /home/osansubuntumachine/ros2_ws/install/uuv_control_msgs/share/uuv_control_msgs/cmake/uuv_control_msgs__rosidl_typesupport_introspection_cExport.cmake
[1.414s] -- Up-to-date: /home/osansubuntumachine/ros2_ws/install/uuv_control_msgs/share/uuv_control_msgs/cmake/uuv_control_msgs__rosidl_typesupport_introspection_cExport-noconfig.cmake
[1.414s] -- Up-to-date: /home/osansubuntumachine/ros2_ws/install/uuv_control_msgs/share/uuv_control_msgs/cmake/uuv_control_msgs__rosidl_typesupport_cExport.cmake
[1.414s] -- Up-to-date: /home/osansubuntumachine/ros2_ws/install/uuv_control_msgs/share/uuv_control_msgs/cmake/uuv_control_msgs__rosidl_typesupport_cExport-noconfig.cmake
[1.414s] -- Up-to-date: /home/osansubuntumachine/ros2_ws/install/uuv_control_msgs/share/uuv_control_msgs/cmake/uuv_control_msgs__rosidl_generator_cppExport.cmake
[1.414s] -- Up-to-date: /home/osansubuntumachine/ros2_ws/install/uuv_control_msgs/share/uuv_control_msgs/cmake/uuv_control_msgs__rosidl_typesupport_introspection_cppExport.cmake
[1.414s] -- Up-to-date: /home/osansubuntumachine/ros2_ws/install/uuv_control_msgs/share/uuv_control_msgs/cmake/uuv_control_msgs__rosidl_typesupport_introspection_cppExport-noconfig.cmake
[1.414s] -- Up-to-date: /home/osansubuntumachine/ros2_ws/install/uuv_control_msgs/share/uuv_control_msgs/cmake/uuv_control_msgs__rosidl_typesupport_cppExport.cmake
[1.414s] -- Up-to-date: /home/osansubuntumachine/ros2_ws/install/uuv_control_msgs/share/uuv_control_msgs/cmake/uuv_control_msgs__rosidl_typesupport_cppExport-noconfig.cmake
[1.415s] -- Up-to-date: /home/osansubuntumachine/ros2_ws/install/uuv_control_msgs/share/uuv_control_msgs/cmake/rosidl_cmake-extras.cmake
[1.415s] -- Up-to-date: /home/osansubuntumachine/ros2_ws/install/uuv_control_msgs/share/uuv_control_msgs/cmake/ament_cmake_export_dependencies-extras.cmake
[1.416s] -- Up-to-date: /home/osansubuntumachine/ros2_ws/install/uuv_control_msgs/share/uuv_control_msgs/cmake/ament_cmake_export_libraries-extras.cmake
[1.417s] -- Up-to-date: /home/osansubuntumachine/ros2_ws/install/uuv_control_msgs/share/uuv_control_msgs/cmake/ament_cmake_export_targets-extras.cmake
[1.417s] -- Up-to-date: /home/osansubuntumachine/ros2_ws/install/uuv_control_msgs/share/uuv_control_msgs/cmake/ament_cmake_export_include_directories-extras.cmake
[1.417s] -- Up-to-date: /home/osansubuntumachine/ros2_ws/install/uuv_control_msgs/share/uuv_control_msgs/cmake/rosidl_cmake_export_typesupport_libraries-extras.cmake
[1.417s] -- Up-to-date: /home/osansubuntumachine/ros2_ws/install/uuv_control_msgs/share/uuv_control_msgs/cmake/rosidl_cmake_export_typesupport_targets-extras.cmake
[1.418s] -- Up-to-date: /home/osansubuntumachine/ros2_ws/install/uuv_control_msgs/share/uuv_control_msgs/cmake/uuv_control_msgsConfig.cmake
[1.418s] -- Up-to-date: /home/osansubuntumachine/ros2_ws/install/uuv_control_msgs/share/uuv_control_msgs/cmake/uuv_control_msgsConfig-version.cmake
[1.419s] -- Up-to-date: /home/osansubuntumachine/ros2_ws/install/uuv_control_msgs/share/uuv_control_msgs/package.xml
[1.419s] Invoked command in '/home/osansubuntumachine/ros2_ws/build/uuv_control_msgs' returned '0': CMAKE_PREFIX_PATH=/opt/ros/foxy /usr/bin/cmake --install /home/osansubuntumachine/ros2_ws/build/uuv_control_msgs
