[0.490s] Invoking command in '/home/osansubuntumachine/ros2_ws/build/uuv_thruster_manager': CMAKE_PREFIX_PATH=/home/osansubuntumachine/ros2_ws/install/uuv_assistants:/home/osansubuntumachine/ros2_ws/install/uuv_gazebo_ros_plugins_msgs:/home/osansubuntumachine/ros2_ws/install/plankton_utils:/home/osansubuntumachine/ros2_ws/install/plankton:/home/osansubuntumachine/ros2_ws/install/uuv_simulator:/home/osansubuntumachine/ros2_ws/install/uuv_world_ros_plugins:/home/osansubuntumachine/ros2_ws/install/uuv_tutorials:/home/osansubuntumachine/ros2_ws/install/uuv_tutorial_dp_controller:/home/osansubuntumachine/ros2_ws/install/uuv_tutorial_disturbances:/home/osansubuntumachine/ros2_ws/install/uuv_control_utils:/home/osansubuntumachine/ros2_ws/install/uuv_world_ros_plugins_msgs:/home/osansubuntumachine/ros2_ws/install/uuv_world_plugins:/home/osansubuntumachine/ros2_ws/install/uuv_tutorial_seabed_world:/home/osansubuntumachine/ros2_ws/install/uuv_trajectory_control:/home/osansubuntumachine/ros2_ws/install/uuv_teleop:/home/osansubuntumachine/ros2_ws/install/uuv_thruster_manager:/home/osansubuntumachine/ros2_ws/install/uuv_descriptions:/home/osansubuntumachine/ros2_ws/install/uuv_sensor_ros_plugins:/home/osansubuntumachine/ros2_ws/install/uuv_sensor_ros_plugins_msgs:/home/osansubuntumachine/ros2_ws/install/uuv_gazebo_worlds:/home/osansubuntumachine/ros2_ws/install/uuv_gazebo_ros_plugins:/home/osansubuntumachine/ros2_ws/install/uuv_gazebo_plugins:/home/osansubuntumachine/ros2_ws/install/uuv_gazebo:/home/osansubuntumachine/ros2_ws/install/uuv_control_msgs:/home/osansubuntumachine/ros2_ws/install/uuv_control_cascaded_pid:/home/osansubuntumachine/ros2_ws/install/uuv_auv_control_allocator:/home/osansubuntumachine/ros2_ws/install/rexrov_autonomy:/opt/ros/foxy LD_LIBRARY_PATH=/home/osansubuntumachine/ros2_ws/install/uuv_gazebo_ros_plugins_msgs/lib:/home/osansubuntumachine/ros2_ws/install/uuv_world_ros_plugins/lib:/home/osansubuntumachine/ros2_ws/install/uuv_world_ros_plugins_msgs/lib:/home/osansubuntumachine/ros2_ws/install/uuv_world_plugins/lib:/home/osansubuntumachine/ros2_ws/install/uuv_thruster_manager/lib:/home/osansubuntumachine/ros2_ws/install/uuv_sensor_ros_plugins/lib:/home/osansubuntumachine/ros2_ws/install/uuv_sensor_ros_plugins_msgs/lib:/home/osansubuntumachine/ros2_ws/install/uuv_gazebo_ros_plugins/lib:/home/osansubuntumachine/ros2_ws/install/uuv_gazebo_plugins/lib:/home/osansubuntumachine/ros2_ws/install/uuv_control_msgs/lib:/home/osansubuntumachine/ros2_ws/install/uuv_auv_control_allocator/lib:/usr/lib/x86_64-linux-gnu/gazebo-11/plugins:/opt/ros/foxy/opt/yaml_cpp_vendor/lib:/opt/ros/foxy/opt/rviz_ogre_vendor/lib:/opt/ros/foxy/lib/x86_64-linux-gnu:/opt/ros/foxy/lib:/usr/lib/x86_64-linux-gnu/gazebo-11/plugins:/usr/lib/x86_64-linux-gnu/gazebo-11/plugins:/usr/lib/x86_64-linux-gnu/gazebo-11/plugins PYTHONPATH=/home/osansubuntumachine/ros2_ws/install/uuv_assistants/lib/python3.8/site-packages:/home/osansubuntumachine/ros2_ws/install/uuv_gazebo_ros_plugins_msgs/lib/python3.8/site-packages:/home/osansubuntumachine/ros2_ws/install/plankton_utils/lib/python3.8/site-packages:/home/osansubuntumachine/ros2_ws/install/uuv_world_ros_plugins_msgs/lib/python3.8/site-packages:/home/osansubuntumachine/ros2_ws/install/uuv_trajectory_control/lib/python3.8/site-packages:/home/osansubuntumachine/ros2_ws/install/uuv_thruster_manager/lib/python3.8/site-packages:/home/osansubuntumachine/ros2_ws/install/uuv_sensor_ros_plugins_msgs/lib/python3.8/site-packages:/home/osansubuntumachine/ros2_ws/install/uuv_control_msgs/lib/python3.8/site-packages:/home/osansubuntumachine/ros2_ws/install/uuv_control_cascaded_pid/lib/python3.8/site-packages:/home/osansubuntumachine/ros2_ws/install/uuv_auv_control_allocator/lib/python3.8/site-packages:/home/osansubuntumachine/ros2_ws/install/rexrov_autonomy/lib/python3.8/site-packages:/opt/ros/foxy/lib/python3.8/site-packages /usr/bin/cmake --build /home/osansubuntumachine/ros2_ws/build/uuv_thruster_manager -- -j4 -l4
[0.756s] [  1%] Built target uuv_thruster_manager__cpp
[0.768s] [ 12%] Built target uuv_thruster_manager__rosidl_generator_c
[1.005s] [ 23%] Built target uuv_thruster_manager__rosidl_typesupport_cpp
[1.017s] [ 34%] Built target uuv_thruster_manager__rosidl_typesupport_fastrtps_cpp
[1.067s] [ 45%] Built target uuv_thruster_manager__rosidl_typesupport_introspection_c
[1.119s] [ 56%] Built target uuv_thruster_manager__rosidl_typesupport_c
[1.221s] [ 67%] Built target uuv_thruster_manager__rosidl_typesupport_fastrtps_c
[1.257s] [ 78%] Built target uuv_thruster_manager__rosidl_typesupport_introspection_cpp
[1.357s] [ 78%] Built target uuv_thruster_manager
[1.437s] [ 80%] Built target uuv_thruster_manager__py
[1.579s] [ 89%] Built target uuv_thruster_manager__python
[1.751s] [ 92%] Built target uuv_thruster_manager__rosidl_typesupport_introspection_c__pyext
[1.753s] [ 96%] Built target uuv_thruster_manager__rosidl_typesupport_fastrtps_c__pyext
[1.758s] [100%] Built target uuv_thruster_manager__rosidl_typesupport_c__pyext
[1.834s] Invoked command in '/home/osansubuntumachine/ros2_ws/build/uuv_thruster_manager' returned '0': CMAKE_PREFIX_PATH=/home/osansubuntumachine/ros2_ws/install/uuv_assistants:/home/osansubuntumachine/ros2_ws/install/uuv_gazebo_ros_plugins_msgs:/home/osansubuntumachine/ros2_ws/install/plankton_utils:/home/osansubuntumachine/ros2_ws/install/plankton:/home/osansubuntumachine/ros2_ws/install/uuv_simulator:/home/osansubuntumachine/ros2_ws/install/uuv_world_ros_plugins:/home/osansubuntumachine/ros2_ws/install/uuv_tutorials:/home/osansubuntumachine/ros2_ws/install/uuv_tutorial_dp_controller:/home/osansubuntumachine/ros2_ws/install/uuv_tutorial_disturbances:/home/osansubuntumachine/ros2_ws/install/uuv_control_utils:/home/osansubuntumachine/ros2_ws/install/uuv_world_ros_plugins_msgs:/home/osansubuntumachine/ros2_ws/install/uuv_world_plugins:/home/osansubuntumachine/ros2_ws/install/uuv_tutorial_seabed_world:/home/osansubuntumachine/ros2_ws/install/uuv_trajectory_control:/home/osansubuntumachine/ros2_ws/install/uuv_teleop:/home/osansubuntumachine/ros2_ws/install/uuv_thruster_manager:/home/osansubuntumachine/ros2_ws/install/uuv_descriptions:/home/osansubuntumachine/ros2_ws/install/uuv_sensor_ros_plugins:/home/osansubuntumachine/ros2_ws/install/uuv_sensor_ros_plugins_msgs:/home/osansubuntumachine/ros2_ws/install/uuv_gazebo_worlds:/home/osansubuntumachine/ros2_ws/install/uuv_gazebo_ros_plugins:/home/osansubuntumachine/ros2_ws/install/uuv_gazebo_plugins:/home/osansubuntumachine/ros2_ws/install/uuv_gazebo:/home/osansubuntumachine/ros2_ws/install/uuv_control_msgs:/home/osansubuntumachine/ros2_ws/install/uuv_control_cascaded_pid:/home/osansubuntumachine/ros2_ws/install/uuv_auv_control_allocator:/home/osansubuntumachine/ros2_ws/install/rexrov_autonomy:/opt/ros/foxy LD_LIBRARY_PATH=/home/osansubuntumachine/ros2_ws/install/uuv_gazebo_ros_plugins_msgs/lib:/home/osansubuntumachine/ros2_ws/install/uuv_world_ros_plugins/lib:/home/osansubuntumachine/ros2_ws/install/uuv_world_ros_plugins_msgs/lib:/home/osansubuntumachine/ros2_ws/install/uuv_world_plugins/lib:/home/osansubuntumachine/ros2_ws/install/uuv_thruster_manager/lib:/home/osansubuntumachine/ros2_ws/install/uuv_sensor_ros_plugins/lib:/home/osansubuntumachine/ros2_ws/install/uuv_sensor_ros_plugins_msgs/lib:/home/osansubuntumachine/ros2_ws/install/uuv_gazebo_ros_plugins/lib:/home/osansubuntumachine/ros2_ws/install/uuv_gazebo_plugins/lib:/home/osansubuntumachine/ros2_ws/install/uuv_control_msgs/lib:/home/osansubuntumachine/ros2_ws/install/uuv_auv_control_allocator/lib:/usr/lib/x86_64-linux-gnu/gazebo-11/plugins:/opt/ros/foxy/opt/yaml_cpp_vendor/lib:/opt/ros/foxy/opt/rviz_ogre_vendor/lib:/opt/ros/foxy/lib/x86_64-linux-gnu:/opt/ros/foxy/lib:/usr/lib/x86_64-linux-gnu/gazebo-11/plugins:/usr/lib/x86_64-linux-gnu/gazebo-11/plugins:/usr/lib/x86_64-linux-gnu/gazebo-11/plugins PYTHONPATH=/home/osansubuntumachine/ros2_ws/install/uuv_assistants/lib/python3.8/site-packages:/home/osansubuntumachine/ros2_ws/install/uuv_gazebo_ros_plugins_msgs/lib/python3.8/site-packages:/home/osansubuntumachine/ros2_ws/install/plankton_utils/lib/python3.8/site-packages:/home/osansubuntumachine/ros2_ws/install/uuv_world_ros_plugins_msgs/lib/python3.8/site-packages:/home/osansubuntumachine/ros2_ws/install/uuv_trajectory_control/lib/python3.8/site-packages:/home/osansubuntumachine/ros2_ws/install/uuv_thruster_manager/lib/python3.8/site-packages:/home/osansubuntumachine/ros2_ws/install/uuv_sensor_ros_plugins_msgs/lib/python3.8/site-packages:/home/osansubuntumachine/ros2_ws/install/uuv_control_msgs/lib/python3.8/site-packages:/home/osansubuntumachine/ros2_ws/install/uuv_control_cascaded_pid/lib/python3.8/site-packages:/home/osansubuntumachine/ros2_ws/install/uuv_auv_control_allocator/lib/python3.8/site-packages:/home/osansubuntumachine/ros2_ws/install/rexrov_autonomy/lib/python3.8/site-packages:/opt/ros/foxy/lib/python3.8/site-packages /usr/bin/cmake --build /home/osansubuntumachine/ros2_ws/build/uuv_thruster_manager -- -j4 -l4
[1.837s] Invoking command in '/home/osansubuntumachine/ros2_ws/build/uuv_thruster_manager': CMAKE_PREFIX_PATH=/home/osansubuntumachine/ros2_ws/install/uuv_assistants:/home/osansubuntumachine/ros2_ws/install/uuv_gazebo_ros_plugins_msgs:/home/osansubuntumachine/ros2_ws/install/plankton_utils:/home/osansubuntumachine/ros2_ws/install/plankton:/home/osansubuntumachine/ros2_ws/install/uuv_simulator:/home/osansubuntumachine/ros2_ws/install/uuv_world_ros_plugins:/home/osansubuntumachine/ros2_ws/install/uuv_tutorials:/home/osansubuntumachine/ros2_ws/install/uuv_tutorial_dp_controller:/home/osansubuntumachine/ros2_ws/install/uuv_tutorial_disturbances:/home/osansubuntumachine/ros2_ws/install/uuv_control_utils:/home/osansubuntumachine/ros2_ws/install/uuv_world_ros_plugins_msgs:/home/osansubuntumachine/ros2_ws/install/uuv_world_plugins:/home/osansubuntumachine/ros2_ws/install/uuv_tutorial_seabed_world:/home/osansubuntumachine/ros2_ws/install/uuv_trajectory_control:/home/osansubuntumachine/ros2_ws/install/uuv_teleop:/home/osansubuntumachine/ros2_ws/install/uuv_thruster_manager:/home/osansubuntumachine/ros2_ws/install/uuv_descriptions:/home/osansubuntumachine/ros2_ws/install/uuv_sensor_ros_plugins:/home/osansubuntumachine/ros2_ws/install/uuv_sensor_ros_plugins_msgs:/home/osansubuntumachine/ros2_ws/install/uuv_gazebo_worlds:/home/osansubuntumachine/ros2_ws/install/uuv_gazebo_ros_plugins:/home/osansubuntumachine/ros2_ws/install/uuv_gazebo_plugins:/home/osansubuntumachine/ros2_ws/install/uuv_gazebo:/home/osansubuntumachine/ros2_ws/install/uuv_control_msgs:/home/osansubuntumachine/ros2_ws/install/uuv_control_cascaded_pid:/home/osansubuntumachine/ros2_ws/install/uuv_auv_control_allocator:/home/osansubuntumachine/ros2_ws/install/rexrov_autonomy:/opt/ros/foxy LD_LIBRARY_PATH=/home/osansubuntumachine/ros2_ws/install/uuv_gazebo_ros_plugins_msgs/lib:/home/osansubuntumachine/ros2_ws/install/uuv_world_ros_plugins/lib:/home/osansubuntumachine/ros2_ws/install/uuv_world_ros_plugins_msgs/lib:/home/osansubuntumachine/ros2_ws/install/uuv_world_plugins/lib:/home/osansubuntumachine/ros2_ws/install/uuv_thruster_manager/lib:/home/osansubuntumachine/ros2_ws/install/uuv_sensor_ros_plugins/lib:/home/osansubuntumachine/ros2_ws/install/uuv_sensor_ros_plugins_msgs/lib:/home/osansubuntumachine/ros2_ws/install/uuv_gazebo_ros_plugins/lib:/home/osansubuntumachine/ros2_ws/install/uuv_gazebo_plugins/lib:/home/osansubuntumachine/ros2_ws/install/uuv_control_msgs/lib:/home/osansubuntumachine/ros2_ws/install/uuv_auv_control_allocator/lib:/usr/lib/x86_64-linux-gnu/gazebo-11/plugins:/opt/ros/foxy/opt/yaml_cpp_vendor/lib:/opt/ros/foxy/opt/rviz_ogre_vendor/lib:/opt/ros/foxy/lib/x86_64-linux-gnu:/opt/ros/foxy/lib:/usr/lib/x86_64-linux-gnu/gazebo-11/plugins:/usr/lib/x86_64-linux-gnu/gazebo-11/plugins:/usr/lib/x86_64-linux-gnu/gazebo-11/plugins PYTHONPATH=/home/osansubuntumachine/ros2_ws/install/uuv_assistants/lib/python3.8/site-packages:/home/osansubuntumachine/ros2_ws/install/uuv_gazebo_ros_plugins_msgs/lib/python3.8/site-packages:/home/osansubuntumachine/ros2_ws/install/plankton_utils/lib/python3.8/site-packages:/home/osansubuntumachine/ros2_ws/install/uuv_world_ros_plugins_msgs/lib/python3.8/site-packages:/home/osansubuntumachine/ros2_ws/install/uuv_trajectory_control/lib/python3.8/site-packages:/home/osansubuntumachine/ros2_ws/install/uuv_thruster_manager/lib/python3.8/site-packages:/home/osansubuntumachine/ros2_ws/install/uuv_sensor_ros_plugins_msgs/lib/python3.8/site-packages:/home/osansubuntumachine/ros2_ws/install/uuv_control_msgs/lib/python3.8/site-packages:/home/osansubuntumachine/ros2_ws/install/uuv_control_cascaded_pid/lib/python3.8/site-packages:/home/osansubuntumachine/ros2_ws/install/uuv_auv_control_allocator/lib/python3.8/site-packages:/home/osansubuntumachine/ros2_ws/install/rexrov_autonomy/lib/python3.8/site-packages:/opt/ros/foxy/lib/python3.8/site-packages /usr/bin/cmake --install /home/osansubuntumachine/ros2_ws/build/uuv_thruster_manager
[1.888s] -- Install configuration: ""
[1.888s] -- Up-to-date: /home/osansubuntumachine/ros2_ws/install/uuv_thruster_manager/share/ament_index/resource_index/rosidl_interfaces/uuv_thruster_manager
[1.890s] -- Up-to-date: /home/osansubuntumachine/ros2_ws/install/uuv_thruster_manager/include/uuv_thruster_manager
[1.890s] -- Up-to-date: /home/osansubuntumachine/ros2_ws/install/uuv_thruster_manager/include/uuv_thruster_manager/msg
[1.890s] -- Up-to-date: /home/osansubuntumachine/ros2_ws/install/uuv_thruster_manager/include/uuv_thruster_manager/msg/rosidl_generator_c__visibility_control.h
[1.890s] -- Up-to-date: /home/osansubuntumachine/ros2_ws/install/uuv_thruster_manager/include/uuv_thruster_manager/srv
[1.890s] -- Up-to-date: /home/osansubuntumachine/ros2_ws/install/uuv_thruster_manager/include/uuv_thruster_manager/srv/set_thruster_manager_config.h
[1.891s] -- Up-to-date: /home/osansubuntumachine/ros2_ws/install/uuv_thruster_manager/include/uuv_thruster_manager/srv/thruster_manager_info.h
[1.892s] -- Up-to-date: /home/osansubuntumachine/ros2_ws/install/uuv_thruster_manager/include/uuv_thruster_manager/srv/get_thruster_curve.h
[1.893s] -- Up-to-date: /home/osansubuntumachine/ros2_ws/install/uuv_thruster_manager/include/uuv_thruster_manager/srv/get_thruster_manager_config.h
[1.893s] -- Up-to-date: /home/osansubuntumachine/ros2_ws/install/uuv_thruster_manager/include/uuv_thruster_manager/srv/detail
[1.893s] -- Up-to-date: /home/osansubuntumachine/ros2_ws/install/uuv_thruster_manager/include/uuv_thruster_manager/srv/detail/set_thruster_manager_config__type_support.h
[1.893s] -- Up-to-date: /home/osansubuntumachine/ros2_ws/install/uuv_thruster_manager/include/uuv_thruster_manager/srv/detail/set_thruster_manager_config__struct.h
[1.893s] -- Up-to-date: /home/osansubuntumachine/ros2_ws/install/uuv_thruster_manager/include/uuv_thruster_manager/srv/detail/get_thruster_manager_config__functions.c
[1.894s] -- Up-to-date: /home/osansubuntumachine/ros2_ws/install/uuv_thruster_manager/include/uuv_thruster_manager/srv/detail/get_thruster_curve__struct.h
[1.894s] -- Up-to-date: /home/osansubuntumachine/ros2_ws/install/uuv_thruster_manager/include/uuv_thruster_manager/srv/detail/get_thruster_manager_config__type_support.h
[1.894s] -- Up-to-date: /home/osansubuntumachine/ros2_ws/install/uuv_thruster_manager/include/uuv_thruster_manager/srv/detail/set_thruster_manager_config__functions.c
[1.894s] -- Up-to-date: /home/osansubuntumachine/ros2_ws/install/uuv_thruster_manager/include/uuv_thruster_manager/srv/detail/get_thruster_curve__functions.h
[1.894s] -- Up-to-date: /home/osansubuntumachine/ros2_ws/install/uuv_thruster_manager/include/uuv_thruster_manager/srv/detail/get_thruster_curve__type_support.h
[1.894s] -- Up-to-date: /home/osansubuntumachine/ros2_ws/install/uuv_thruster_manager/include/uuv_thruster_manager/srv/detail/get_thruster_manager_config__struct.h
[1.895s] -- Up-to-date: /home/osansubuntumachine/ros2_ws/install/uuv_thruster_manager/include/uuv_thruster_manager/srv/detail/thruster_manager_info__functions.c
[1.895s] -- Up-to-date: /home/osansubuntumachine/ros2_ws/install/uuv_thruster_manager/include/uuv_thruster_manager/srv/detail/thruster_manager_info__functions.h
[1.895s] -- Up-to-date: /home/osansubuntumachine/ros2_ws/install/uuv_thruster_manager/include/uuv_thruster_manager/srv/detail/thruster_manager_info__type_support.h
[1.895s] -- Up-to-date: /home/osansubuntumachine/ros2_ws/install/uuv_thruster_manager/include/uuv_thruster_manager/srv/detail/get_thruster_curve__functions.c
[1.895s] -- Up-to-date: /home/osansubuntumachine/ros2_ws/install/uuv_thruster_manager/include/uuv_thruster_manager/srv/detail/get_thruster_manager_config__functions.h
[1.896s] -- Up-to-date: /home/osansubuntumachine/ros2_ws/install/uuv_thruster_manager/include/uuv_thruster_manager/srv/detail/thruster_manager_info__struct.h
[1.896s] -- Up-to-date: /home/osansubuntumachine/ros2_ws/install/uuv_thruster_manager/include/uuv_thruster_manager/srv/detail/set_thruster_manager_config__functions.h
[1.896s] -- Up-to-date: /home/osansubuntumachine/ros2_ws/install/uuv_thruster_manager/share/uuv_thruster_manager/environment/library_path.sh
[1.896s] -- Up-to-date: /home/osansubuntumachine/ros2_ws/install/uuv_thruster_manager/share/uuv_thruster_manager/environment/library_path.dsv
[1.897s] -- Up-to-date: /home/osansubuntumachine/ros2_ws/install/uuv_thruster_manager/lib/libuuv_thruster_manager__rosidl_generator_c.so
[1.897s] -- Up-to-date: /home/osansubuntumachine/ros2_ws/install/uuv_thruster_manager/include/uuv_thruster_manager
[1.897s] -- Up-to-date: /home/osansubuntumachine/ros2_ws/install/uuv_thruster_manager/include/uuv_thruster_manager/msg
[1.897s] -- Up-to-date: /home/osansubuntumachine/ros2_ws/install/uuv_thruster_manager/include/uuv_thruster_manager/msg/rosidl_typesupport_fastrtps_c__visibility_control.h
[1.898s] -- Up-to-date: /home/osansubuntumachine/ros2_ws/install/uuv_thruster_manager/include/uuv_thruster_manager/srv
[1.898s] -- Up-to-date: /home/osansubuntumachine/ros2_ws/install/uuv_thruster_manager/include/uuv_thruster_manager/srv/detail
[1.898s] -- Up-to-date: /home/osansubuntumachine/ros2_ws/install/uuv_thruster_manager/include/uuv_thruster_manager/srv/detail/set_thruster_manager_config__rosidl_typesupport_fastrtps_c.h
[1.898s] -- Up-to-date: /home/osansubuntumachine/ros2_ws/install/uuv_thruster_manager/include/uuv_thruster_manager/srv/detail/thruster_manager_info__rosidl_typesupport_fastrtps_c.h
[1.899s] -- Up-to-date: /home/osansubuntumachine/ros2_ws/install/uuv_thruster_manager/include/uuv_thruster_manager/srv/detail/get_thruster_curve__rosidl_typesupport_fastrtps_c.h
[1.899s] -- Up-to-date: /home/osansubuntumachine/ros2_ws/install/uuv_thruster_manager/include/uuv_thruster_manager/srv/detail/get_thruster_manager_config__rosidl_typesupport_fastrtps_c.h
[1.900s] -- Up-to-date: /home/osansubuntumachine/ros2_ws/install/uuv_thruster_manager/lib/libuuv_thruster_manager__rosidl_typesupport_fastrtps_c.so
[1.901s] -- Up-to-date: /home/osansubuntumachine/ros2_ws/install/uuv_thruster_manager/include/uuv_thruster_manager
[1.901s] -- Up-to-date: /home/osansubuntumachine/ros2_ws/install/uuv_thruster_manager/include/uuv_thruster_manager/msg
[1.901s] -- Up-to-date: /home/osansubuntumachine/ros2_ws/install/uuv_thruster_manager/include/uuv_thruster_manager/msg/rosidl_typesupport_fastrtps_cpp__visibility_control.h
[1.901s] -- Up-to-date: /home/osansubuntumachine/ros2_ws/install/uuv_thruster_manager/include/uuv_thruster_manager/srv
[1.901s] -- Up-to-date: /home/osansubuntumachine/ros2_ws/install/uuv_thruster_manager/include/uuv_thruster_manager/srv/detail
[1.901s] -- Up-to-date: /home/osansubuntumachine/ros2_ws/install/uuv_thruster_manager/include/uuv_thruster_manager/srv/detail/get_thruster_curve__rosidl_typesupport_fastrtps_cpp.hpp
[1.902s] -- Up-to-date: /home/osansubuntumachine/ros2_ws/install/uuv_thruster_manager/include/uuv_thruster_manager/srv/detail/thruster_manager_info__rosidl_typesupport_fastrtps_cpp.hpp
[1.902s] -- Up-to-date: /home/osansubuntumachine/ros2_ws/install/uuv_thruster_manager/include/uuv_thruster_manager/srv/detail/set_thruster_manager_config__rosidl_typesupport_fastrtps_cpp.hpp
[1.902s] -- Up-to-date: /home/osansubuntumachine/ros2_ws/install/uuv_thruster_manager/include/uuv_thruster_manager/srv/detail/dds_fastrtps
[1.902s] -- Up-to-date: /home/osansubuntumachine/ros2_ws/install/uuv_thruster_manager/include/uuv_thruster_manager/srv/detail/get_thruster_manager_config__rosidl_typesupport_fastrtps_cpp.hpp
[1.907s] -- Up-to-date: /home/osansubuntumachine/ros2_ws/install/uuv_thruster_manager/lib/libuuv_thruster_manager__rosidl_typesupport_fastrtps_cpp.so
[1.908s] -- Up-to-date: /home/osansubuntumachine/ros2_ws/install/uuv_thruster_manager/include/uuv_thruster_manager
[1.908s] -- Up-to-date: /home/osansubuntumachine/ros2_ws/install/uuv_thruster_manager/include/uuv_thruster_manager/msg
[1.908s] -- Up-to-date: /home/osansubuntumachine/ros2_ws/install/uuv_thruster_manager/include/uuv_thruster_manager/msg/rosidl_typesupport_introspection_c__visibility_control.h
[1.908s] -- Up-to-date: /home/osansubuntumachine/ros2_ws/install/uuv_thruster_manager/include/uuv_thruster_manager/srv
[1.908s] -- Up-to-date: /home/osansubuntumachine/ros2_ws/install/uuv_thruster_manager/include/uuv_thruster_manager/srv/detail
[1.908s] -- Up-to-date: /home/osansubuntumachine/ros2_ws/install/uuv_thruster_manager/include/uuv_thruster_manager/srv/detail/thruster_manager_info__rosidl_typesupport_introspection_c.h
[1.908s] -- Up-to-date: /home/osansubuntumachine/ros2_ws/install/uuv_thruster_manager/include/uuv_thruster_manager/srv/detail/thruster_manager_info__type_support.c
[1.909s] -- Up-to-date: /home/osansubuntumachine/ros2_ws/install/uuv_thruster_manager/include/uuv_thruster_manager/srv/detail/get_thruster_manager_config__type_support.c
[1.909s] -- Up-to-date: /home/osansubuntumachine/ros2_ws/install/uuv_thruster_manager/include/uuv_thruster_manager/srv/detail/get_thruster_curve__type_support.c
[1.909s] -- Up-to-date: /home/osansubuntumachine/ros2_ws/install/uuv_thruster_manager/include/uuv_thruster_manager/srv/detail/set_thruster_manager_config__rosidl_typesupport_introspection_c.h
[1.910s] -- Up-to-date: /home/osansubuntumachine/ros2_ws/install/uuv_thruster_manager/include/uuv_thruster_manager/srv/detail/get_thruster_curve__rosidl_typesupport_introspection_c.h
[1.910s] -- Up-to-date: /home/osansubuntumachine/ros2_ws/install/uuv_thruster_manager/include/uuv_thruster_manager/srv/detail/get_thruster_manager_config__rosidl_typesupport_introspection_c.h
[1.910s] -- Up-to-date: /home/osansubuntumachine/ros2_ws/install/uuv_thruster_manager/include/uuv_thruster_manager/srv/detail/set_thruster_manager_config__type_support.c
[1.910s] -- Up-to-date: /home/osansubuntumachine/ros2_ws/install/uuv_thruster_manager/lib/libuuv_thruster_manager__rosidl_typesupport_introspection_c.so
[1.913s] -- Up-to-date: /home/osansubuntumachine/ros2_ws/install/uuv_thruster_manager/lib/libuuv_thruster_manager__rosidl_typesupport_c.so
[1.913s] -- Up-to-date: /home/osansubuntumachine/ros2_ws/install/uuv_thruster_manager/include/uuv_thruster_manager
[1.914s] -- Up-to-date: /home/osansubuntumachine/ros2_ws/install/uuv_thruster_manager/include/uuv_thruster_manager/msg
[1.915s] -- Up-to-date: /home/osansubuntumachine/ros2_ws/install/uuv_thruster_manager/include/uuv_thruster_manager/msg/rosidl_generator_cpp__visibility_control.hpp
[1.915s] -- Up-to-date: /home/osansubuntumachine/ros2_ws/install/uuv_thruster_manager/include/uuv_thruster_manager/srv
[1.915s] -- Up-to-date: /home/osansubuntumachine/ros2_ws/install/uuv_thruster_manager/include/uuv_thruster_manager/srv/thruster_manager_info.hpp
[1.915s] -- Up-to-date: /home/osansubuntumachine/ros2_ws/install/uuv_thruster_manager/include/uuv_thruster_manager/srv/set_thruster_manager_config.hpp
[1.915s] -- Up-to-date: /home/osansubuntumachine/ros2_ws/install/uuv_thruster_manager/include/uuv_thruster_manager/srv/get_thruster_curve.hpp
[1.915s] -- Up-to-date: /home/osansubuntumachine/ros2_ws/install/uuv_thruster_manager/include/uuv_thruster_manager/srv/get_thruster_manager_config.hpp
[1.916s] -- Up-to-date: /home/osansubuntumachine/ros2_ws/install/uuv_thruster_manager/include/uuv_thruster_manager/srv/detail
[1.916s] -- Up-to-date: /home/osansubuntumachine/ros2_ws/install/uuv_thruster_manager/include/uuv_thruster_manager/srv/detail/thruster_manager_info__traits.hpp
[1.916s] -- Up-to-date: /home/osansubuntumachine/ros2_ws/install/uuv_thruster_manager/include/uuv_thruster_manager/srv/detail/set_thruster_manager_config__struct.hpp
[1.916s] -- Up-to-date: /home/osansubuntumachine/ros2_ws/install/uuv_thruster_manager/include/uuv_thruster_manager/srv/detail/get_thruster_manager_config__struct.hpp
[1.917s] -- Up-to-date: /home/osansubuntumachine/ros2_ws/install/uuv_thruster_manager/include/uuv_thruster_manager/srv/detail/get_thruster_curve__type_support.hpp
[1.919s] -- Up-to-date: /home/osansubuntumachine/ros2_ws/install/uuv_thruster_manager/include/uuv_thruster_manager/srv/detail/get_thruster_manager_config__type_support.hpp
[1.919s] -- Up-to-date: /home/osansubuntumachine/ros2_ws/install/uuv_thruster_manager/include/uuv_thruster_manager/srv/detail/thruster_manager_info__type_support.hpp
[1.919s] -- Up-to-date: /home/osansubuntumachine/ros2_ws/install/uuv_thruster_manager/include/uuv_thruster_manager/srv/detail/set_thruster_manager_config__builder.hpp
[1.920s] -- Up-to-date: /home/osansubuntumachine/ros2_ws/install/uuv_thruster_manager/include/uuv_thruster_manager/srv/detail/get_thruster_manager_config__builder.hpp
[1.920s] -- Up-to-date: /home/osansubuntumachine/ros2_ws/install/uuv_thruster_manager/include/uuv_thruster_manager/srv/detail/set_thruster_manager_config__type_support.hpp
[1.920s] -- Up-to-date: /home/osansubuntumachine/ros2_ws/install/uuv_thruster_manager/include/uuv_thruster_manager/srv/detail/get_thruster_manager_config__traits.hpp
[1.920s] -- Up-to-date: /home/osansubuntumachine/ros2_ws/install/uuv_thruster_manager/include/uuv_thruster_manager/srv/detail/get_thruster_curve__struct.hpp
[1.920s] -- Up-to-date: /home/osansubuntumachine/ros2_ws/install/uuv_thruster_manager/include/uuv_thruster_manager/srv/detail/thruster_manager_info__struct.hpp
[1.920s] -- Up-to-date: /home/osansubuntumachine/ros2_ws/install/uuv_thruster_manager/include/uuv_thruster_manager/srv/detail/get_thruster_curve__builder.hpp
[1.920s] -- Up-to-date: /home/osansubuntumachine/ros2_ws/install/uuv_thruster_manager/include/uuv_thruster_manager/srv/detail/get_thruster_curve__traits.hpp
[1.920s] -- Up-to-date: /home/osansubuntumachine/ros2_ws/install/uuv_thruster_manager/include/uuv_thruster_manager/srv/detail/thruster_manager_info__builder.hpp
[1.920s] -- Up-to-date: /home/osansubuntumachine/ros2_ws/install/uuv_thruster_manager/include/uuv_thruster_manager/srv/detail/set_thruster_manager_config__traits.hpp
[1.920s] -- Up-to-date: /home/osansubuntumachine/ros2_ws/install/uuv_thruster_manager/include/uuv_thruster_manager
[1.920s] -- Up-to-date: /home/osansubuntumachine/ros2_ws/install/uuv_thruster_manager/include/uuv_thruster_manager/srv
[1.920s] -- Up-to-date: /home/osansubuntumachine/ros2_ws/install/uuv_thruster_manager/include/uuv_thruster_manager/srv/detail
[1.920s] -- Up-to-date: /home/osansubuntumachine/ros2_ws/install/uuv_thruster_manager/include/uuv_thruster_manager/srv/detail/set_thruster_manager_config__type_support.cpp
[1.920s] -- Up-to-date: /home/osansubuntumachine/ros2_ws/install/uuv_thruster_manager/include/uuv_thruster_manager/srv/detail/set_thruster_manager_config__rosidl_typesupport_introspection_cpp.hpp
[1.921s] -- Up-to-date: /home/osansubuntumachine/ros2_ws/install/uuv_thruster_manager/include/uuv_thruster_manager/srv/detail/get_thruster_curve__type_support.cpp
[1.921s] -- Up-to-date: /home/osansubuntumachine/ros2_ws/install/uuv_thruster_manager/include/uuv_thruster_manager/srv/detail/thruster_manager_info__rosidl_typesupport_introspection_cpp.hpp
[1.921s] -- Up-to-date: /home/osansubuntumachine/ros2_ws/install/uuv_thruster_manager/include/uuv_thruster_manager/srv/detail/get_thruster_manager_config__type_support.cpp
[1.921s] -- Up-to-date: /home/osansubuntumachine/ros2_ws/install/uuv_thruster_manager/include/uuv_thruster_manager/srv/detail/get_thruster_manager_config__rosidl_typesupport_introspection_cpp.hpp
[1.921s] -- Up-to-date: /home/osansubuntumachine/ros2_ws/install/uuv_thruster_manager/include/uuv_thruster_manager/srv/detail/thruster_manager_info__type_support.cpp
[1.921s] -- Up-to-date: /home/osansubuntumachine/ros2_ws/install/uuv_thruster_manager/include/uuv_thruster_manager/srv/detail/get_thruster_curve__rosidl_typesupport_introspection_cpp.hpp
[1.921s] -- Up-to-date: /home/osansubuntumachine/ros2_ws/install/uuv_thruster_manager/lib/libuuv_thruster_manager__rosidl_typesupport_introspection_cpp.so
[1.921s] -- Up-to-date: /home/osansubuntumachine/ros2_ws/install/uuv_thruster_manager/lib/libuuv_thruster_manager__rosidl_typesupport_cpp.so
[1.922s] -- Up-to-date: /home/osansubuntumachine/ros2_ws/install/uuv_thruster_manager/share/uuv_thruster_manager/environment/pythonpath.sh
[1.922s] -- Up-to-date: /home/osansubuntumachine/ros2_ws/install/uuv_thruster_manager/share/uuv_thruster_manager/environment/pythonpath.dsv
[1.922s] -- Up-to-date: /home/osansubuntumachine/ros2_ws/install/uuv_thruster_manager/lib/python3.8/site-packages/uuv_thruster_manager/__init__.py
[2.020s] -- Up-to-date: /home/osansubuntumachine/ros2_ws/install/uuv_thruster_manager/lib/python3.8/site-packages/uuv_thruster_manager/srv
[2.020s] -- Up-to-date: /home/osansubuntumachine/ros2_ws/install/uuv_thruster_manager/lib/python3.8/site-packages/uuv_thruster_manager/srv/_get_thruster_manager_config.py
[2.020s] -- Up-to-date: /home/osansubuntumachine/ros2_ws/install/uuv_thruster_manager/lib/python3.8/site-packages/uuv_thruster_manager/srv/_thruster_manager_info.py
[2.020s] -- Up-to-date: /home/osansubuntumachine/ros2_ws/install/uuv_thruster_manager/lib/python3.8/site-packages/uuv_thruster_manager/srv/__init__.py
[2.020s] -- Up-to-date: /home/osansubuntumachine/ros2_ws/install/uuv_thruster_manager/lib/python3.8/site-packages/uuv_thruster_manager/srv/_get_thruster_curve.py
[2.020s] -- Up-to-date: /home/osansubuntumachine/ros2_ws/install/uuv_thruster_manager/lib/python3.8/site-packages/uuv_thruster_manager/srv/_get_thruster_manager_config_s.c
[2.021s] -- Up-to-date: /home/osansubuntumachine/ros2_ws/install/uuv_thruster_manager/lib/python3.8/site-packages/uuv_thruster_manager/srv/_thruster_manager_info_s.c
[2.021s] -- Up-to-date: /home/osansubuntumachine/ros2_ws/install/uuv_thruster_manager/lib/python3.8/site-packages/uuv_thruster_manager/srv/_set_thruster_manager_config.py
[2.021s] -- Up-to-date: /home/osansubuntumachine/ros2_ws/install/uuv_thruster_manager/lib/python3.8/site-packages/uuv_thruster_manager/srv/_set_thruster_manager_config_s.c
[2.021s] -- Up-to-date: /home/osansubuntumachine/ros2_ws/install/uuv_thruster_manager/lib/python3.8/site-packages/uuv_thruster_manager/srv/_get_thruster_curve_s.c
[2.021s] -- Up-to-date: /home/osansubuntumachine/ros2_ws/install/uuv_thruster_manager/lib/python3.8/site-packages/uuv_thruster_manager/uuv_thruster_manager_s__rosidl_typesupport_fastrtps_c.cpython-38-x86_64-linux-gnu.so
[2.023s] -- Up-to-date: /home/osansubuntumachine/ros2_ws/install/uuv_thruster_manager/lib/python3.8/site-packages/uuv_thruster_manager/uuv_thruster_manager_s__rosidl_typesupport_introspection_c.cpython-38-x86_64-linux-gnu.so
[2.023s] -- Up-to-date: /home/osansubuntumachine/ros2_ws/install/uuv_thruster_manager/lib/python3.8/site-packages/uuv_thruster_manager/uuv_thruster_manager_s__rosidl_typesupport_c.cpython-38-x86_64-linux-gnu.so
[2.023s] -- Up-to-date: /home/osansubuntumachine/ros2_ws/install/uuv_thruster_manager/lib/libuuv_thruster_manager__python.so
[2.024s] -- Up-to-date: /home/osansubuntumachine/ros2_ws/install/uuv_thruster_manager/share/uuv_thruster_manager/srv/GetThrusterCurve.idl
[2.024s] -- Up-to-date: /home/osansubuntumachine/ros2_ws/install/uuv_thruster_manager/share/uuv_thruster_manager/srv/ThrusterManagerInfo.idl
[2.024s] -- Up-to-date: /home/osansubuntumachine/ros2_ws/install/uuv_thruster_manager/share/uuv_thruster_manager/srv/SetThrusterManagerConfig.idl
[2.024s] -- Up-to-date: /home/osansubuntumachine/ros2_ws/install/uuv_thruster_manager/share/uuv_thruster_manager/srv/GetThrusterManagerConfig.idl
[2.025s] -- Up-to-date: /home/osansubuntumachine/ros2_ws/install/uuv_thruster_manager/share/uuv_thruster_manager/srv/GetThrusterCurve.srv
[2.025s] -- Up-to-date: /home/osansubuntumachine/ros2_ws/install/uuv_thruster_manager/share/uuv_thruster_manager/srv/GetThrusterCurve_Request.msg
[2.025s] -- Up-to-date: /home/osansubuntumachine/ros2_ws/install/uuv_thruster_manager/share/uuv_thruster_manager/srv/GetThrusterCurve_Response.msg
[2.025s] -- Up-to-date: /home/osansubuntumachine/ros2_ws/install/uuv_thruster_manager/share/uuv_thruster_manager/srv/ThrusterManagerInfo.srv
[2.026s] -- Up-to-date: /home/osansubuntumachine/ros2_ws/install/uuv_thruster_manager/share/uuv_thruster_manager/srv/ThrusterManagerInfo_Request.msg
[2.026s] -- Up-to-date: /home/osansubuntumachine/ros2_ws/install/uuv_thruster_manager/share/uuv_thruster_manager/srv/ThrusterManagerInfo_Response.msg
[2.026s] -- Up-to-date: /home/osansubuntumachine/ros2_ws/install/uuv_thruster_manager/share/uuv_thruster_manager/srv/SetThrusterManagerConfig.srv
[2.026s] -- Up-to-date: /home/osansubuntumachine/ros2_ws/install/uuv_thruster_manager/share/uuv_thruster_manager/srv/SetThrusterManagerConfig_Request.msg
[2.026s] -- Up-to-date: /home/osansubuntumachine/ros2_ws/install/uuv_thruster_manager/share/uuv_thruster_manager/srv/SetThrusterManagerConfig_Response.msg
[2.026s] -- Up-to-date: /home/osansubuntumachine/ros2_ws/install/uuv_thruster_manager/share/uuv_thruster_manager/srv/GetThrusterManagerConfig.srv
[2.029s] -- Up-to-date: /home/osansubuntumachine/ros2_ws/install/uuv_thruster_manager/share/uuv_thruster_manager/srv/GetThrusterManagerConfig_Request.msg
[2.029s] -- Up-to-date: /home/osansubuntumachine/ros2_ws/install/uuv_thruster_manager/share/uuv_thruster_manager/srv/GetThrusterManagerConfig_Response.msg
[2.029s] -- Up-to-date: /home/osansubuntumachine/ros2_ws/install/uuv_thruster_manager/lib/python3.8/site-packages/uuv_thrusters
[2.029s] -- Up-to-date: /home/osansubuntumachine/ros2_ws/install/uuv_thruster_manager/lib/python3.8/site-packages/uuv_thrusters/models
[2.030s] -- Up-to-date: /home/osansubuntumachine/ros2_ws/install/uuv_thruster_manager/lib/python3.8/site-packages/uuv_thrusters/models/thruster_proportional.py
[2.030s] -- Up-to-date: /home/osansubuntumachine/ros2_ws/install/uuv_thruster_manager/lib/python3.8/site-packages/uuv_thrusters/models/thruster_custom.py
[2.030s] -- Up-to-date: /home/osansubuntumachine/ros2_ws/install/uuv_thruster_manager/lib/python3.8/site-packages/uuv_thrusters/models/__init__.py
[2.030s] -- Up-to-date: /home/osansubuntumachine/ros2_ws/install/uuv_thruster_manager/lib/python3.8/site-packages/uuv_thrusters/models/thruster.py
[2.030s] -- Up-to-date: /home/osansubuntumachine/ros2_ws/install/uuv_thruster_manager/lib/python3.8/site-packages/uuv_thrusters/__init__.py
[2.031s] -- Up-to-date: /home/osansubuntumachine/ros2_ws/install/uuv_thruster_manager/lib/python3.8/site-packages/uuv_thrusters/thruster_manager.py
[2.125s] Listing '/home/osansubuntumachine/ros2_ws/install/uuv_thruster_manager/lib/python3.8/site-packages/uuv_thrusters'...
[2.125s] Listing '/home/osansubuntumachine/ros2_ws/install/uuv_thruster_manager/lib/python3.8/site-packages/uuv_thrusters/models'...
[2.138s] -- Up-to-date: /home/osansubuntumachine/ros2_ws/install/uuv_thruster_manager/lib/python3.8/site-packages/uuv_thrusters.models
[2.138s] -- Up-to-date: /home/osansubuntumachine/ros2_ws/install/uuv_thruster_manager/lib/python3.8/site-packages/uuv_thrusters.models/thruster_proportional.py
[2.138s] -- Up-to-date: /home/osansubuntumachine/ros2_ws/install/uuv_thruster_manager/lib/python3.8/site-packages/uuv_thrusters.models/thruster_custom.py
[2.138s] -- Up-to-date: /home/osansubuntumachine/ros2_ws/install/uuv_thruster_manager/lib/python3.8/site-packages/uuv_thrusters.models/__init__.py
[2.139s] -- Up-to-date: /home/osansubuntumachine/ros2_ws/install/uuv_thruster_manager/lib/python3.8/site-packages/uuv_thrusters.models/thruster.py
[2.189s] Listing '/home/osansubuntumachine/ros2_ws/install/uuv_thruster_manager/lib/python3.8/site-packages/uuv_thrusters.models'...
[2.197s] -- Up-to-date: /home/osansubuntumachine/ros2_ws/install/uuv_thruster_manager/lib/uuv_thruster_manager/thruster_allocator.py
[2.198s] -- Up-to-date: /home/osansubuntumachine/ros2_ws/install/uuv_thruster_manager/share/uuv_thruster_manager/launch
[2.198s] -- Up-to-date: /home/osansubuntumachine/ros2_ws/install/uuv_thruster_manager/share/uuv_thruster_manager/launch/thruster_manager.launch
[2.198s] -- Up-to-date: /home/osansubuntumachine/ros2_ws/install/uuv_thruster_manager/share/uuv_thruster_manager/config
[2.198s] -- Up-to-date: /home/osansubuntumachine/ros2_ws/install/uuv_thruster_manager/share/uuv_thruster_manager/config/rexrov
[2.198s] -- Up-to-date: /home/osansubuntumachine/ros2_ws/install/uuv_thruster_manager/share/uuv_thruster_manager/config/rexrov/thruster_manager.yaml
[2.198s] -- Up-to-date: /home/osansubuntumachine/ros2_ws/install/uuv_thruster_manager/share/uuv_thruster_manager/config/rexrov/TAM.yaml
[2.198s] -- Up-to-date: /home/osansubuntumachine/ros2_ws/install/uuv_thruster_manager/share/ament_index/resource_index/package_run_dependencies/uuv_thruster_manager
[2.198s] -- Up-to-date: /home/osansubuntumachine/ros2_ws/install/uuv_thruster_manager/share/ament_index/resource_index/parent_prefix_path/uuv_thruster_manager
[2.199s] -- Up-to-date: /home/osansubuntumachine/ros2_ws/install/uuv_thruster_manager/share/uuv_thruster_manager/environment/ament_prefix_path.sh
[2.199s] -- Up-to-date: /home/osansubuntumachine/ros2_ws/install/uuv_thruster_manager/share/uuv_thruster_manager/environment/ament_prefix_path.dsv
[2.199s] -- Up-to-date: /home/osansubuntumachine/ros2_ws/install/uuv_thruster_manager/share/uuv_thruster_manager/environment/path.sh
[2.199s] -- Up-to-date: /home/osansubuntumachine/ros2_ws/install/uuv_thruster_manager/share/uuv_thruster_manager/environment/path.dsv
[2.199s] -- Up-to-date: /home/osansubuntumachine/ros2_ws/install/uuv_thruster_manager/share/uuv_thruster_manager/local_setup.bash
[2.200s] -- Up-to-date: /home/osansubuntumachine/ros2_ws/install/uuv_thruster_manager/share/uuv_thruster_manager/local_setup.sh
[2.200s] -- Up-to-date: /home/osansubuntumachine/ros2_ws/install/uuv_thruster_manager/share/uuv_thruster_manager/local_setup.zsh
[2.200s] -- Up-to-date: /home/osansubuntumachine/ros2_ws/install/uuv_thruster_manager/share/uuv_thruster_manager/local_setup.dsv
[2.200s] -- Installing: /home/osansubuntumachine/ros2_ws/install/uuv_thruster_manager/share/uuv_thruster_manager/package.dsv
[2.200s] -- Up-to-date: /home/osansubuntumachine/ros2_ws/install/uuv_thruster_manager/share/ament_index/resource_index/packages/uuv_thruster_manager
[2.203s] -- Up-to-date: /home/osansubuntumachine/ros2_ws/install/uuv_thruster_manager/share/uuv_thruster_manager/cmake/uuv_thruster_manager__rosidl_generator_cExport.cmake
[2.204s] -- Up-to-date: /home/osansubuntumachine/ros2_ws/install/uuv_thruster_manager/share/uuv_thruster_manager/cmake/uuv_thruster_manager__rosidl_generator_cExport-noconfig.cmake
[2.208s] -- Up-to-date: /home/osansubuntumachine/ros2_ws/install/uuv_thruster_manager/share/uuv_thruster_manager/cmake/uuv_thruster_manager__rosidl_typesupport_introspection_cExport.cmake
[2.208s] -- Up-to-date: /home/osansubuntumachine/ros2_ws/install/uuv_thruster_manager/share/uuv_thruster_manager/cmake/uuv_thruster_manager__rosidl_typesupport_introspection_cExport-noconfig.cmake
[2.209s] -- Up-to-date: /home/osansubuntumachine/ros2_ws/install/uuv_thruster_manager/share/uuv_thruster_manager/cmake/uuv_thruster_manager__rosidl_typesupport_cExport.cmake
[2.209s] -- Up-to-date: /home/osansubuntumachine/ros2_ws/install/uuv_thruster_manager/share/uuv_thruster_manager/cmake/uuv_thruster_manager__rosidl_typesupport_cExport-noconfig.cmake
[2.209s] -- Up-to-date: /home/osansubuntumachine/ros2_ws/install/uuv_thruster_manager/share/uuv_thruster_manager/cmake/uuv_thruster_manager__rosidl_generator_cppExport.cmake
[2.210s] -- Up-to-date: /home/osansubuntumachine/ros2_ws/install/uuv_thruster_manager/share/uuv_thruster_manager/cmake/uuv_thruster_manager__rosidl_typesupport_introspection_cppExport.cmake
[2.210s] -- Up-to-date: /home/osansubuntumachine/ros2_ws/install/uuv_thruster_manager/share/uuv_thruster_manager/cmake/uuv_thruster_manager__rosidl_typesupport_introspection_cppExport-noconfig.cmake
[2.210s] -- Up-to-date: /home/osansubuntumachine/ros2_ws/install/uuv_thruster_manager/share/uuv_thruster_manager/cmake/uuv_thruster_manager__rosidl_typesupport_cppExport.cmake
[2.210s] -- Up-to-date: /home/osansubuntumachine/ros2_ws/install/uuv_thruster_manager/share/uuv_thruster_manager/cmake/uuv_thruster_manager__rosidl_typesupport_cppExport-noconfig.cmake
[2.210s] -- Up-to-date: /home/osansubuntumachine/ros2_ws/install/uuv_thruster_manager/share/uuv_thruster_manager/cmake/rosidl_cmake-extras.cmake
[2.210s] -- Up-to-date: /home/osansubuntumachine/ros2_ws/install/uuv_thruster_manager/share/uuv_thruster_manager/cmake/ament_cmake_export_dependencies-extras.cmake
[2.211s] -- Up-to-date: /home/osansubuntumachine/ros2_ws/install/uuv_thruster_manager/share/uuv_thruster_manager/cmake/ament_cmake_export_libraries-extras.cmake
[2.211s] -- Up-to-date: /home/osansubuntumachine/ros2_ws/install/uuv_thruster_manager/share/uuv_thruster_manager/cmake/ament_cmake_export_targets-extras.cmake
[2.212s] -- Up-to-date: /home/osansubuntumachine/ros2_ws/install/uuv_thruster_manager/share/uuv_thruster_manager/cmake/ament_cmake_export_include_directories-extras.cmake
[2.212s] -- Up-to-date: /home/osansubuntumachine/ros2_ws/install/uuv_thruster_manager/share/uuv_thruster_manager/cmake/rosidl_cmake_export_typesupport_libraries-extras.cmake
[2.213s] -- Up-to-date: /home/osansubuntumachine/ros2_ws/install/uuv_thruster_manager/share/uuv_thruster_manager/cmake/rosidl_cmake_export_typesupport_targets-extras.cmake
[2.213s] -- Up-to-date: /home/osansubuntumachine/ros2_ws/install/uuv_thruster_manager/share/uuv_thruster_manager/cmake/uuv_thruster_managerConfig.cmake
[2.213s] -- Up-to-date: /home/osansubuntumachine/ros2_ws/install/uuv_thruster_manager/share/uuv_thruster_manager/cmake/uuv_thruster_managerConfig-version.cmake
[2.213s] -- Up-to-date: /home/osansubuntumachine/ros2_ws/install/uuv_thruster_manager/share/uuv_thruster_manager/package.xml
[2.260s] Invoked command in '/home/osansubuntumachine/ros2_ws/build/uuv_thruster_manager' returned '0': CMAKE_PREFIX_PATH=/home/osansubuntumachine/ros2_ws/install/uuv_assistants:/home/osansubuntumachine/ros2_ws/install/uuv_gazebo_ros_plugins_msgs:/home/osansubuntumachine/ros2_ws/install/plankton_utils:/home/osansubuntumachine/ros2_ws/install/plankton:/home/osansubuntumachine/ros2_ws/install/uuv_simulator:/home/osansubuntumachine/ros2_ws/install/uuv_world_ros_plugins:/home/osansubuntumachine/ros2_ws/install/uuv_tutorials:/home/osansubuntumachine/ros2_ws/install/uuv_tutorial_dp_controller:/home/osansubuntumachine/ros2_ws/install/uuv_tutorial_disturbances:/home/osansubuntumachine/ros2_ws/install/uuv_control_utils:/home/osansubuntumachine/ros2_ws/install/uuv_world_ros_plugins_msgs:/home/osansubuntumachine/ros2_ws/install/uuv_world_plugins:/home/osansubuntumachine/ros2_ws/install/uuv_tutorial_seabed_world:/home/osansubuntumachine/ros2_ws/install/uuv_trajectory_control:/home/osansubuntumachine/ros2_ws/install/uuv_teleop:/home/osansubuntumachine/ros2_ws/install/uuv_thruster_manager:/home/osansubuntumachine/ros2_ws/install/uuv_descriptions:/home/osansubuntumachine/ros2_ws/install/uuv_sensor_ros_plugins:/home/osansubuntumachine/ros2_ws/install/uuv_sensor_ros_plugins_msgs:/home/osansubuntumachine/ros2_ws/install/uuv_gazebo_worlds:/home/osansubuntumachine/ros2_ws/install/uuv_gazebo_ros_plugins:/home/osansubuntumachine/ros2_ws/install/uuv_gazebo_plugins:/home/osansubuntumachine/ros2_ws/install/uuv_gazebo:/home/osansubuntumachine/ros2_ws/install/uuv_control_msgs:/home/osansubuntumachine/ros2_ws/install/uuv_control_cascaded_pid:/home/osansubuntumachine/ros2_ws/install/uuv_auv_control_allocator:/home/osansubuntumachine/ros2_ws/install/rexrov_autonomy:/opt/ros/foxy LD_LIBRARY_PATH=/home/osansubuntumachine/ros2_ws/install/uuv_gazebo_ros_plugins_msgs/lib:/home/osansubuntumachine/ros2_ws/install/uuv_world_ros_plugins/lib:/home/osansubuntumachine/ros2_ws/install/uuv_world_ros_plugins_msgs/lib:/home/osansubuntumachine/ros2_ws/install/uuv_world_plugins/lib:/home/osansubuntumachine/ros2_ws/install/uuv_thruster_manager/lib:/home/osansubuntumachine/ros2_ws/install/uuv_sensor_ros_plugins/lib:/home/osansubuntumachine/ros2_ws/install/uuv_sensor_ros_plugins_msgs/lib:/home/osansubuntumachine/ros2_ws/install/uuv_gazebo_ros_plugins/lib:/home/osansubuntumachine/ros2_ws/install/uuv_gazebo_plugins/lib:/home/osansubuntumachine/ros2_ws/install/uuv_control_msgs/lib:/home/osansubuntumachine/ros2_ws/install/uuv_auv_control_allocator/lib:/usr/lib/x86_64-linux-gnu/gazebo-11/plugins:/opt/ros/foxy/opt/yaml_cpp_vendor/lib:/opt/ros/foxy/opt/rviz_ogre_vendor/lib:/opt/ros/foxy/lib/x86_64-linux-gnu:/opt/ros/foxy/lib:/usr/lib/x86_64-linux-gnu/gazebo-11/plugins:/usr/lib/x86_64-linux-gnu/gazebo-11/plugins:/usr/lib/x86_64-linux-gnu/gazebo-11/plugins PYTHONPATH=/home/osansubuntumachine/ros2_ws/install/uuv_assistants/lib/python3.8/site-packages:/home/osansubuntumachine/ros2_ws/install/uuv_gazebo_ros_plugins_msgs/lib/python3.8/site-packages:/home/osansubuntumachine/ros2_ws/install/plankton_utils/lib/python3.8/site-packages:/home/osansubuntumachine/ros2_ws/install/uuv_world_ros_plugins_msgs/lib/python3.8/site-packages:/home/osansubuntumachine/ros2_ws/install/uuv_trajectory_control/lib/python3.8/site-packages:/home/osansubuntumachine/ros2_ws/install/uuv_thruster_manager/lib/python3.8/site-packages:/home/osansubuntumachine/ros2_ws/install/uuv_sensor_ros_plugins_msgs/lib/python3.8/site-packages:/home/osansubuntumachine/ros2_ws/install/uuv_control_msgs/lib/python3.8/site-packages:/home/osansubuntumachine/ros2_ws/install/uuv_control_cascaded_pid/lib/python3.8/site-packages:/home/osansubuntumachine/ros2_ws/install/uuv_auv_control_allocator/lib/python3.8/site-packages:/home/osansubuntumachine/ros2_ws/install/rexrov_autonomy/lib/python3.8/site-packages:/opt/ros/foxy/lib/python3.8/site-packages /usr/bin/cmake --install /home/osansubuntumachine/ros2_ws/build/uuv_thruster_manager
