[0.050s] Invoking command in '/home/osansubuntumachine/ros2_ws/build/uuv_gazebo_ros_plugins': AMENT_PREFIX_PATH=/home/osansubuntumachine/ros2_ws/install/uuv_gazebo_ros_plugins_msgs:/home/osansubuntumachine/ros2_ws/install/uuv_gazebo_plugins:${AMENT_PREFIX_PATH} CMAKE_PREFIX_PATH=/home/osansubuntumachine/ros2_ws/install/uuv_gazebo_ros_plugins_msgs:/home/osansubuntumachine/ros2_ws/install/uuv_gazebo_plugins:/opt/ros/foxy LD_LIBRARY_PATH=/home/osansubuntumachine/ros2_ws/install/uuv_gazebo_ros_plugins_msgs/lib:/home/osansubuntumachine/ros2_ws/install/uuv_gazebo_plugins/lib:${LD_LIBRARY_PATH} PYTHONPATH=/home/osansubuntumachine/ros2_ws/install/uuv_gazebo_ros_plugins_msgs/lib/python3.8/site-packages:${PYTHONPATH} /usr/bin/cmake --build /home/osansubuntumachine/ros2_ws/build/uuv_gazebo_ros_plugins -- -j4 -l4
[0.236s] [ 14%] Built target uuv_thruster_ros_plugin
[0.259s] [ 28%] Built target uuv_fin_ros_plugin
[0.288s] [ 42%] Built target uuv_underwater_object_ros_plugin
[0.322s] [ 57%] Built target uuv_joint_state_publisher
[0.380s] [ 71%] Built target custom_battery_consumer_ros_plugin
[0.397s] [ 85%] Built target linear_battery_ros_plugin
[0.434s] [100%] Built target uuv_accelerations_test_plugin
[0.457s] Invoked command in '/home/osansubuntumachine/ros2_ws/build/uuv_gazebo_ros_plugins' returned '0': AMENT_PREFIX_PATH=/home/osansubuntumachine/ros2_ws/install/uuv_gazebo_ros_plugins_msgs:/home/osansubuntumachine/ros2_ws/install/uuv_gazebo_plugins:${AMENT_PREFIX_PATH} CMAKE_PREFIX_PATH=/home/osansubuntumachine/ros2_ws/install/uuv_gazebo_ros_plugins_msgs:/home/osansubuntumachine/ros2_ws/install/uuv_gazebo_plugins:/opt/ros/foxy LD_LIBRARY_PATH=/home/osansubuntumachine/ros2_ws/install/uuv_gazebo_ros_plugins_msgs/lib:/home/osansubuntumachine/ros2_ws/install/uuv_gazebo_plugins/lib:${LD_LIBRARY_PATH} PYTHONPATH=/home/osansubuntumachine/ros2_ws/install/uuv_gazebo_ros_plugins_msgs/lib/python3.8/site-packages:${PYTHONPATH} /usr/bin/cmake --build /home/osansubuntumachine/ros2_ws/build/uuv_gazebo_ros_plugins -- -j4 -l4
[0.458s] Invoking command in '/home/osansubuntumachine/ros2_ws/build/uuv_gazebo_ros_plugins': AMENT_PREFIX_PATH=/home/osansubuntumachine/ros2_ws/install/uuv_gazebo_ros_plugins_msgs:/home/osansubuntumachine/ros2_ws/install/uuv_gazebo_plugins:${AMENT_PREFIX_PATH} CMAKE_PREFIX_PATH=/home/osansubuntumachine/ros2_ws/install/uuv_gazebo_ros_plugins_msgs:/home/osansubuntumachine/ros2_ws/install/uuv_gazebo_plugins:/opt/ros/foxy LD_LIBRARY_PATH=/home/osansubuntumachine/ros2_ws/install/uuv_gazebo_ros_plugins_msgs/lib:/home/osansubuntumachine/ros2_ws/install/uuv_gazebo_plugins/lib:${LD_LIBRARY_PATH} PYTHONPATH=/home/osansubuntumachine/ros2_ws/install/uuv_gazebo_ros_plugins_msgs/lib/python3.8/site-packages:${PYTHONPATH} /usr/bin/cmake --install /home/osansubuntumachine/ros2_ws/build/uuv_gazebo_ros_plugins
[0.484s] -- Install configuration: ""
[0.485s] -- Up-to-date: /home/osansubuntumachine/ros2_ws/install/uuv_gazebo_ros_plugins/share/uuv_gazebo_ros_plugins/environment/library_path.sh
[0.485s] -- Up-to-date: /home/osansubuntumachine/ros2_ws/install/uuv_gazebo_ros_plugins/share/uuv_gazebo_ros_plugins/environment/library_path.dsv
[0.485s] -- Up-to-date: /home/osansubuntumachine/ros2_ws/install/uuv_gazebo_ros_plugins/lib/libuuv_fin_ros_plugin.so
[0.486s] -- Up-to-date: /home/osansubuntumachine/ros2_ws/install/uuv_gazebo_ros_plugins/lib/libuuv_thruster_ros_plugin.so
[0.487s] -- Up-to-date: /home/osansubuntumachine/ros2_ws/install/uuv_gazebo_ros_plugins/lib/libuuv_underwater_object_ros_plugin.so
[0.488s] -- Up-to-date: /home/osansubuntumachine/ros2_ws/install/uuv_gazebo_ros_plugins/lib/libuuv_joint_state_publisher.so
[0.489s] -- Up-to-date: /home/osansubuntumachine/ros2_ws/install/uuv_gazebo_ros_plugins/lib/libuuv_accelerations_test_plugin.so
[0.490s] -- Up-to-date: /home/osansubuntumachine/ros2_ws/install/uuv_gazebo_ros_plugins/lib/liblinear_battery_ros_plugin.so
[0.491s] -- Up-to-date: /home/osansubuntumachine/ros2_ws/install/uuv_gazebo_ros_plugins/lib/libcustom_battery_consumer_ros_plugin.so
[0.491s] -- Up-to-date: /home/osansubuntumachine/ros2_ws/install/uuv_gazebo_ros_plugins/include/uuv_gazebo_ros_plugins
[0.491s] -- Up-to-date: /home/osansubuntumachine/ros2_ws/install/uuv_gazebo_ros_plugins/include/uuv_gazebo_ros_plugins/UnderwaterObjectROSPlugin.h
[0.491s] -- Up-to-date: /home/osansubuntumachine/ros2_ws/install/uuv_gazebo_ros_plugins/include/uuv_gazebo_ros_plugins/AccelerationsTestPlugin.h
[0.491s] -- Up-to-date: /home/osansubuntumachine/ros2_ws/install/uuv_gazebo_ros_plugins/include/uuv_gazebo_ros_plugins/FinROSPlugin.h
[0.492s] -- Up-to-date: /home/osansubuntumachine/ros2_ws/install/uuv_gazebo_ros_plugins/include/uuv_gazebo_ros_plugins/LinearBatteryROSPlugin.h
[0.492s] -- Up-to-date: /home/osansubuntumachine/ros2_ws/install/uuv_gazebo_ros_plugins/include/uuv_gazebo_ros_plugins/ThrusterROSPlugin.h
[0.492s] -- Up-to-date: /home/osansubuntumachine/ros2_ws/install/uuv_gazebo_ros_plugins/include/uuv_gazebo_ros_plugins/CustomBatteryConsumerROSPlugin.h
[0.492s] -- Up-to-date: /home/osansubuntumachine/ros2_ws/install/uuv_gazebo_ros_plugins/include/uuv_gazebo_ros_plugins/JointStatePublisher.h
[0.492s] -- Up-to-date: /home/osansubuntumachine/ros2_ws/install/uuv_gazebo_ros_plugins/share/uuv_gazebo_ros_plugins/urdf
[0.492s] -- Up-to-date: /home/osansubuntumachine/ros2_ws/install/uuv_gazebo_ros_plugins/share/uuv_gazebo_ros_plugins/urdf/battery_snippets.xacro
[0.493s] -- Up-to-date: /home/osansubuntumachine/ros2_ws/install/uuv_gazebo_ros_plugins/share/uuv_gazebo_ros_plugins/urdf/snippets.xacro
[0.493s] -- Up-to-date: /home/osansubuntumachine/ros2_ws/install/uuv_gazebo_ros_plugins/share/uuv_gazebo_ros_plugins/urdf/thruster_snippets.xacro
[0.493s] -- Up-to-date: /home/osansubuntumachine/ros2_ws/install/uuv_gazebo_ros_plugins/share/uuv_gazebo_ros_plugins/urdf/misc.xacro
[0.493s] -- Up-to-date: /home/osansubuntumachine/ros2_ws/install/uuv_gazebo_ros_plugins/share/uuv_gazebo_ros_plugins/urdf/fin_snippets.xacro
[0.493s] -- Up-to-date: /home/osansubuntumachine/ros2_ws/install/uuv_gazebo_ros_plugins/share/ament_index/resource_index/package_run_dependencies/uuv_gazebo_ros_plugins
[0.494s] -- Up-to-date: /home/osansubuntumachine/ros2_ws/install/uuv_gazebo_ros_plugins/share/ament_index/resource_index/parent_prefix_path/uuv_gazebo_ros_plugins
[0.494s] -- Up-to-date: /home/osansubuntumachine/ros2_ws/install/uuv_gazebo_ros_plugins/share/uuv_gazebo_ros_plugins/environment/ament_prefix_path.sh
[0.494s] -- Up-to-date: /home/osansubuntumachine/ros2_ws/install/uuv_gazebo_ros_plugins/share/uuv_gazebo_ros_plugins/environment/ament_prefix_path.dsv
[0.494s] -- Up-to-date: /home/osansubuntumachine/ros2_ws/install/uuv_gazebo_ros_plugins/share/uuv_gazebo_ros_plugins/environment/path.sh
[0.494s] -- Up-to-date: /home/osansubuntumachine/ros2_ws/install/uuv_gazebo_ros_plugins/share/uuv_gazebo_ros_plugins/environment/path.dsv
[0.495s] -- Up-to-date: /home/osansubuntumachine/ros2_ws/install/uuv_gazebo_ros_plugins/share/uuv_gazebo_ros_plugins/local_setup.bash
[0.495s] -- Up-to-date: /home/osansubuntumachine/ros2_ws/install/uuv_gazebo_ros_plugins/share/uuv_gazebo_ros_plugins/local_setup.sh
[0.496s] -- Up-to-date: /home/osansubuntumachine/ros2_ws/install/uuv_gazebo_ros_plugins/share/uuv_gazebo_ros_plugins/local_setup.zsh
[0.496s] -- Up-to-date: /home/osansubuntumachine/ros2_ws/install/uuv_gazebo_ros_plugins/share/uuv_gazebo_ros_plugins/local_setup.dsv
[0.496s] -- Installing: /home/osansubuntumachine/ros2_ws/install/uuv_gazebo_ros_plugins/share/uuv_gazebo_ros_plugins/package.dsv
[0.496s] -- Up-to-date: /home/osansubuntumachine/ros2_ws/install/uuv_gazebo_ros_plugins/share/ament_index/resource_index/packages/uuv_gazebo_ros_plugins
[0.497s] -- Up-to-date: /home/osansubuntumachine/ros2_ws/install/uuv_gazebo_ros_plugins/share/uuv_gazebo_ros_plugins/cmake/export_uuv_fin_ros_pluginExport.cmake
[0.497s] -- Up-to-date: /home/osansubuntumachine/ros2_ws/install/uuv_gazebo_ros_plugins/share/uuv_gazebo_ros_plugins/cmake/export_uuv_fin_ros_pluginExport-noconfig.cmake
[0.497s] -- Up-to-date: /home/osansubuntumachine/ros2_ws/install/uuv_gazebo_ros_plugins/share/uuv_gazebo_ros_plugins/cmake/export_uuv_thruster_ros_pluginExport.cmake
[0.497s] -- Up-to-date: /home/osansubuntumachine/ros2_ws/install/uuv_gazebo_ros_plugins/share/uuv_gazebo_ros_plugins/cmake/export_uuv_thruster_ros_pluginExport-noconfig.cmake
[0.499s] -- Up-to-date: /home/osansubuntumachine/ros2_ws/install/uuv_gazebo_ros_plugins/share/uuv_gazebo_ros_plugins/cmake/export_uuv_underwater_object_ros_pluginExport.cmake
[0.499s] -- Up-to-date: /home/osansubuntumachine/ros2_ws/install/uuv_gazebo_ros_plugins/share/uuv_gazebo_ros_plugins/cmake/export_uuv_underwater_object_ros_pluginExport-noconfig.cmake
[0.500s] -- Up-to-date: /home/osansubuntumachine/ros2_ws/install/uuv_gazebo_ros_plugins/share/uuv_gazebo_ros_plugins/cmake/export_uuv_joint_state_publisherExport.cmake
[0.503s] -- Up-to-date: /home/osansubuntumachine/ros2_ws/install/uuv_gazebo_ros_plugins/share/uuv_gazebo_ros_plugins/cmake/export_uuv_joint_state_publisherExport-noconfig.cmake
[0.512s] -- Up-to-date: /home/osansubuntumachine/ros2_ws/install/uuv_gazebo_ros_plugins/share/uuv_gazebo_ros_plugins/cmake/export_uuv_accelerations_test_pluginExport.cmake
[0.512s] -- Up-to-date: /home/osansubuntumachine/ros2_ws/install/uuv_gazebo_ros_plugins/share/uuv_gazebo_ros_plugins/cmake/export_uuv_accelerations_test_pluginExport-noconfig.cmake
[0.513s] -- Up-to-date: /home/osansubuntumachine/ros2_ws/install/uuv_gazebo_ros_plugins/share/uuv_gazebo_ros_plugins/cmake/export_linear_battery_ros_pluginExport.cmake
[0.513s] -- Up-to-date: /home/osansubuntumachine/ros2_ws/install/uuv_gazebo_ros_plugins/share/uuv_gazebo_ros_plugins/cmake/export_linear_battery_ros_pluginExport-noconfig.cmake
[0.536s] -- Up-to-date: /home/osansubuntumachine/ros2_ws/install/uuv_gazebo_ros_plugins/share/uuv_gazebo_ros_plugins/cmake/export_custom_battery_consumer_ros_pluginExport.cmake
[0.537s] -- Up-to-date: /home/osansubuntumachine/ros2_ws/install/uuv_gazebo_ros_plugins/share/uuv_gazebo_ros_plugins/cmake/export_custom_battery_consumer_ros_pluginExport-noconfig.cmake
[0.537s] -- Up-to-date: /home/osansubuntumachine/ros2_ws/install/uuv_gazebo_ros_plugins/share/uuv_gazebo_ros_plugins/cmake/ament_cmake_export_targets-extras.cmake
[0.538s] -- Up-to-date: /home/osansubuntumachine/ros2_ws/install/uuv_gazebo_ros_plugins/share/uuv_gazebo_ros_plugins/cmake/ament_cmake_export_dependencies-extras.cmake
[0.538s] -- Up-to-date: /home/osansubuntumachine/ros2_ws/install/uuv_gazebo_ros_plugins/share/uuv_gazebo_ros_plugins/cmake/ament_cmake_export_include_directories-extras.cmake
[0.539s] -- Up-to-date: /home/osansubuntumachine/ros2_ws/install/uuv_gazebo_ros_plugins/share/uuv_gazebo_ros_plugins/cmake/ament_cmake_export_libraries-extras.cmake
[0.539s] -- Up-to-date: /home/osansubuntumachine/ros2_ws/install/uuv_gazebo_ros_plugins/share/uuv_gazebo_ros_plugins/cmake/uuv_gazebo_ros_pluginsConfig.cmake
[0.539s] -- Up-to-date: /home/osansubuntumachine/ros2_ws/install/uuv_gazebo_ros_plugins/share/uuv_gazebo_ros_plugins/cmake/uuv_gazebo_ros_pluginsConfig-version.cmake
[0.539s] -- Up-to-date: /home/osansubuntumachine/ros2_ws/install/uuv_gazebo_ros_plugins/share/uuv_gazebo_ros_plugins/package.xml
[0.583s] Invoked command in '/home/osansubuntumachine/ros2_ws/build/uuv_gazebo_ros_plugins' returned '0': AMENT_PREFIX_PATH=/home/osansubuntumachine/ros2_ws/install/uuv_gazebo_ros_plugins_msgs:/home/osansubuntumachine/ros2_ws/install/uuv_gazebo_plugins:${AMENT_PREFIX_PATH} CMAKE_PREFIX_PATH=/home/osansubuntumachine/ros2_ws/install/uuv_gazebo_ros_plugins_msgs:/home/osansubuntumachine/ros2_ws/install/uuv_gazebo_plugins:/opt/ros/foxy LD_LIBRARY_PATH=/home/osansubuntumachine/ros2_ws/install/uuv_gazebo_ros_plugins_msgs/lib:/home/osansubuntumachine/ros2_ws/install/uuv_gazebo_plugins/lib:${LD_LIBRARY_PATH} PYTHONPATH=/home/osansubuntumachine/ros2_ws/install/uuv_gazebo_ros_plugins_msgs/lib/python3.8/site-packages:${PYTHONPATH} /usr/bin/cmake --install /home/osansubuntumachine/ros2_ws/build/uuv_gazebo_ros_plugins
