[0.087s] Invoking command in '/home/osansubuntumachine/ros2_ws/build/uuv_assistants': CMAKE_PREFIX_PATH=/home/osansubuntumachine/ros2_ws/install/plankton_utils:/home/osansubuntumachine/ros2_ws/install/plankton:/home/osansubuntumachine/ros2_ws/install/uuv_simulator:/home/osansubuntumachine/ros2_ws/install/uuv_world_ros_plugins:/home/osansubuntumachine/ros2_ws/install/uuv_tutorials:/home/osansubuntumachine/ros2_ws/install/uuv_tutorial_dp_controller:/home/osansubuntumachine/ros2_ws/install/uuv_tutorial_disturbances:/home/osansubuntumachine/ros2_ws/install/uuv_control_utils:/home/osansubuntumachine/ros2_ws/install/uuv_world_ros_plugins_msgs:/home/osansubuntumachine/ros2_ws/install/uuv_world_plugins:/home/osansubuntumachine/ros2_ws/install/uuv_tutorial_seabed_world:/home/osansubuntumachine/ros2_ws/install/uuv_trajectory_control:/home/osansubuntumachine/ros2_ws/install/uuv_teleop:/home/osansubuntumachine/ros2_ws/install/uuv_thruster_manager:/home/osansubuntumachine/ros2_ws/install/uuv_descriptions:/home/osansubuntumachine/ros2_ws/install/uuv_sensor_ros_plugins:/home/osansubuntumachine/ros2_ws/install/uuv_sensor_ros_plugins_msgs:/home/osansubuntumachine/ros2_ws/install/uuv_gazebo_worlds:/home/osansubuntumachine/ros2_ws/install/uuv_gazebo_ros_plugins:/home/osansubuntumachine/ros2_ws/install/uuv_gazebo_ros_plugins_msgs:/home/osansubuntumachine/ros2_ws/install/uuv_gazebo_plugins:/home/osansubuntumachine/ros2_ws/install/uuv_gazebo:/home/osansubuntumachine/ros2_ws/install/uuv_control_msgs:/home/osansubuntumachine/ros2_ws/install/uuv_control_cascaded_pid:/home/osansubuntumachine/ros2_ws/install/uuv_auv_control_allocator:/home/osansubuntumachine/ros2_ws/install/uuv_assistants:/home/osansubuntumachine/ros2_ws/install/rexrov_autonomy:/opt/ros/foxy PYTHONPATH=/home/osansubuntumachine/ros2_ws/install/plankton_utils/lib/python3.8/site-packages:/home/osansubuntumachine/ros2_ws/install/uuv_world_ros_plugins_msgs/lib/python3.8/site-packages:/home/osansubuntumachine/ros2_ws/install/uuv_trajectory_control/lib/python3.8/site-packages:/home/osansubuntumachine/ros2_ws/install/uuv_thruster_manager/lib/python3.8/site-packages:/home/osansubuntumachine/ros2_ws/install/uuv_sensor_ros_plugins_msgs/lib/python3.8/site-packages:/home/osansubuntumachine/ros2_ws/install/uuv_gazebo_ros_plugins_msgs/lib/python3.8/site-packages:/home/osansubuntumachine/ros2_ws/install/uuv_control_msgs/lib/python3.8/site-packages:/home/osansubuntumachine/ros2_ws/install/uuv_control_cascaded_pid/lib/python3.8/site-packages:/home/osansubuntumachine/ros2_ws/install/uuv_auv_control_allocator/lib/python3.8/site-packages:/home/osansubuntumachine/ros2_ws/install/uuv_assistants/lib/python3.8/site-packages:/home/osansubuntumachine/ros2_ws/install/rexrov_autonomy/lib/python3.8/site-packages:/opt/ros/foxy/lib/python3.8/site-packages /usr/bin/cmake --build /home/osansubuntumachine/ros2_ws/build/uuv_assistants -- -j4 -l4
[0.541s] [100%] Built target uuv_message_to_tf
[0.615s] Invoked command in '/home/osansubuntumachine/ros2_ws/build/uuv_assistants' returned '0': CMAKE_PREFIX_PATH=/home/osansubuntumachine/ros2_ws/install/plankton_utils:/home/osansubuntumachine/ros2_ws/install/plankton:/home/osansubuntumachine/ros2_ws/install/uuv_simulator:/home/osansubuntumachine/ros2_ws/install/uuv_world_ros_plugins:/home/osansubuntumachine/ros2_ws/install/uuv_tutorials:/home/osansubuntumachine/ros2_ws/install/uuv_tutorial_dp_controller:/home/osansubuntumachine/ros2_ws/install/uuv_tutorial_disturbances:/home/osansubuntumachine/ros2_ws/install/uuv_control_utils:/home/osansubuntumachine/ros2_ws/install/uuv_world_ros_plugins_msgs:/home/osansubuntumachine/ros2_ws/install/uuv_world_plugins:/home/osansubuntumachine/ros2_ws/install/uuv_tutorial_seabed_world:/home/osansubuntumachine/ros2_ws/install/uuv_trajectory_control:/home/osansubuntumachine/ros2_ws/install/uuv_teleop:/home/osansubuntumachine/ros2_ws/install/uuv_thruster_manager:/home/osansubuntumachine/ros2_ws/install/uuv_descriptions:/home/osansubuntumachine/ros2_ws/install/uuv_sensor_ros_plugins:/home/osansubuntumachine/ros2_ws/install/uuv_sensor_ros_plugins_msgs:/home/osansubuntumachine/ros2_ws/install/uuv_gazebo_worlds:/home/osansubuntumachine/ros2_ws/install/uuv_gazebo_ros_plugins:/home/osansubuntumachine/ros2_ws/install/uuv_gazebo_ros_plugins_msgs:/home/osansubuntumachine/ros2_ws/install/uuv_gazebo_plugins:/home/osansubuntumachine/ros2_ws/install/uuv_gazebo:/home/osansubuntumachine/ros2_ws/install/uuv_control_msgs:/home/osansubuntumachine/ros2_ws/install/uuv_control_cascaded_pid:/home/osansubuntumachine/ros2_ws/install/uuv_auv_control_allocator:/home/osansubuntumachine/ros2_ws/install/uuv_assistants:/home/osansubuntumachine/ros2_ws/install/rexrov_autonomy:/opt/ros/foxy PYTHONPATH=/home/osansubuntumachine/ros2_ws/install/plankton_utils/lib/python3.8/site-packages:/home/osansubuntumachine/ros2_ws/install/uuv_world_ros_plugins_msgs/lib/python3.8/site-packages:/home/osansubuntumachine/ros2_ws/install/uuv_trajectory_control/lib/python3.8/site-packages:/home/osansubuntumachine/ros2_ws/install/uuv_thruster_manager/lib/python3.8/site-packages:/home/osansubuntumachine/ros2_ws/install/uuv_sensor_ros_plugins_msgs/lib/python3.8/site-packages:/home/osansubuntumachine/ros2_ws/install/uuv_gazebo_ros_plugins_msgs/lib/python3.8/site-packages:/home/osansubuntumachine/ros2_ws/install/uuv_control_msgs/lib/python3.8/site-packages:/home/osansubuntumachine/ros2_ws/install/uuv_control_cascaded_pid/lib/python3.8/site-packages:/home/osansubuntumachine/ros2_ws/install/uuv_auv_control_allocator/lib/python3.8/site-packages:/home/osansubuntumachine/ros2_ws/install/uuv_assistants/lib/python3.8/site-packages:/home/osansubuntumachine/ros2_ws/install/rexrov_autonomy/lib/python3.8/site-packages:/opt/ros/foxy/lib/python3.8/site-packages /usr/bin/cmake --build /home/osansubuntumachine/ros2_ws/build/uuv_assistants -- -j4 -l4
[0.617s] Invoking command in '/home/osansubuntumachine/ros2_ws/build/uuv_assistants': CMAKE_PREFIX_PATH=/home/osansubuntumachine/ros2_ws/install/plankton_utils:/home/osansubuntumachine/ros2_ws/install/plankton:/home/osansubuntumachine/ros2_ws/install/uuv_simulator:/home/osansubuntumachine/ros2_ws/install/uuv_world_ros_plugins:/home/osansubuntumachine/ros2_ws/install/uuv_tutorials:/home/osansubuntumachine/ros2_ws/install/uuv_tutorial_dp_controller:/home/osansubuntumachine/ros2_ws/install/uuv_tutorial_disturbances:/home/osansubuntumachine/ros2_ws/install/uuv_control_utils:/home/osansubuntumachine/ros2_ws/install/uuv_world_ros_plugins_msgs:/home/osansubuntumachine/ros2_ws/install/uuv_world_plugins:/home/osansubuntumachine/ros2_ws/install/uuv_tutorial_seabed_world:/home/osansubuntumachine/ros2_ws/install/uuv_trajectory_control:/home/osansubuntumachine/ros2_ws/install/uuv_teleop:/home/osansubuntumachine/ros2_ws/install/uuv_thruster_manager:/home/osansubuntumachine/ros2_ws/install/uuv_descriptions:/home/osansubuntumachine/ros2_ws/install/uuv_sensor_ros_plugins:/home/osansubuntumachine/ros2_ws/install/uuv_sensor_ros_plugins_msgs:/home/osansubuntumachine/ros2_ws/install/uuv_gazebo_worlds:/home/osansubuntumachine/ros2_ws/install/uuv_gazebo_ros_plugins:/home/osansubuntumachine/ros2_ws/install/uuv_gazebo_ros_plugins_msgs:/home/osansubuntumachine/ros2_ws/install/uuv_gazebo_plugins:/home/osansubuntumachine/ros2_ws/install/uuv_gazebo:/home/osansubuntumachine/ros2_ws/install/uuv_control_msgs:/home/osansubuntumachine/ros2_ws/install/uuv_control_cascaded_pid:/home/osansubuntumachine/ros2_ws/install/uuv_auv_control_allocator:/home/osansubuntumachine/ros2_ws/install/uuv_assistants:/home/osansubuntumachine/ros2_ws/install/rexrov_autonomy:/opt/ros/foxy PYTHONPATH=/home/osansubuntumachine/ros2_ws/install/plankton_utils/lib/python3.8/site-packages:/home/osansubuntumachine/ros2_ws/install/uuv_world_ros_plugins_msgs/lib/python3.8/site-packages:/home/osansubuntumachine/ros2_ws/install/uuv_trajectory_control/lib/python3.8/site-packages:/home/osansubuntumachine/ros2_ws/install/uuv_thruster_manager/lib/python3.8/site-packages:/home/osansubuntumachine/ros2_ws/install/uuv_sensor_ros_plugins_msgs/lib/python3.8/site-packages:/home/osansubuntumachine/ros2_ws/install/uuv_gazebo_ros_plugins_msgs/lib/python3.8/site-packages:/home/osansubuntumachine/ros2_ws/install/uuv_control_msgs/lib/python3.8/site-packages:/home/osansubuntumachine/ros2_ws/install/uuv_control_cascaded_pid/lib/python3.8/site-packages:/home/osansubuntumachine/ros2_ws/install/uuv_auv_control_allocator/lib/python3.8/site-packages:/home/osansubuntumachine/ros2_ws/install/uuv_assistants/lib/python3.8/site-packages:/home/osansubuntumachine/ros2_ws/install/rexrov_autonomy/lib/python3.8/site-packages:/opt/ros/foxy/lib/python3.8/site-packages /usr/bin/cmake --install /home/osansubuntumachine/ros2_ws/build/uuv_assistants
[0.663s] -- Install configuration: ""
[0.665s] -- Up-to-date: /home/osansubuntumachine/ros2_ws/install/uuv_assistants/share/uuv_assistants/environment/pythonpath.sh
[0.666s] -- Up-to-date: /home/osansubuntumachine/ros2_ws/install/uuv_assistants/share/uuv_assistants/environment/pythonpath.dsv
[0.667s] -- Up-to-date: /home/osansubuntumachine/ros2_ws/install/uuv_assistants/lib/python3.8/site-packages/tf_quaternion
[0.667s] -- Up-to-date: /home/osansubuntumachine/ros2_ws/install/uuv_assistants/lib/python3.8/site-packages/tf_quaternion/transformations.py
[0.669s] -- Up-to-date: /home/osansubuntumachine/ros2_ws/install/uuv_assistants/lib/python3.8/site-packages/tf_quaternion/__init__.py
[0.975s] Listing '/home/osansubuntumachine/ros2_ws/install/uuv_assistants/lib/python3.8/site-packages/tf_quaternion'...
[1.003s] -- Up-to-date: /home/osansubuntumachine/ros2_ws/install/uuv_assistants/share/uuv_assistants/launch
[1.003s] -- Up-to-date: /home/osansubuntumachine/ros2_ws/install/uuv_assistants/share/uuv_assistants/launch/publish_vehicle_footprint.launch
[1.003s] -- Up-to-date: /home/osansubuntumachine/ros2_ws/install/uuv_assistants/share/uuv_assistants/launch/unpause_simulation.launch
[1.004s] -- Up-to-date: /home/osansubuntumachine/ros2_ws/install/uuv_assistants/share/uuv_assistants/launch/publish_world_ned_frame.launch
[1.004s] -- Up-to-date: /home/osansubuntumachine/ros2_ws/install/uuv_assistants/share/uuv_assistants/launch/publish_body_sname.launch
[1.004s] -- Up-to-date: /home/osansubuntumachine/ros2_ws/install/uuv_assistants/share/uuv_assistants/launch/message_to_tf.launch
[1.004s] -- Up-to-date: /home/osansubuntumachine/ros2_ws/install/uuv_assistants/share/uuv_assistants/launch/publish_footprints.launch
[1.004s] -- Up-to-date: /home/osansubuntumachine/ros2_ws/install/uuv_assistants/share/uuv_assistants/launch/set_simulation_timer.launch
[1.004s] -- Up-to-date: /home/osansubuntumachine/ros2_ws/install/uuv_assistants/share/uuv_assistants/templates
[1.004s] -- Up-to-date: /home/osansubuntumachine/ros2_ws/install/uuv_assistants/share/uuv_assistants/templates/control
[1.004s] -- Up-to-date: /home/osansubuntumachine/ros2_ws/install/uuv_assistants/share/uuv_assistants/templates/control/vel_pid_control.yaml
[1.004s] -- Up-to-date: /home/osansubuntumachine/ros2_ws/install/uuv_assistants/share/uuv_assistants/templates/control/position_hold_launch.xml
[1.004s] -- Up-to-date: /home/osansubuntumachine/ros2_ws/install/uuv_assistants/share/uuv_assistants/templates/control/thruster_manager.yaml
[1.005s] -- Up-to-date: /home/osansubuntumachine/ros2_ws/install/uuv_assistants/share/uuv_assistants/templates/control/pos_pid_control.yaml
[1.005s] -- Up-to-date: /home/osansubuntumachine/ros2_ws/install/uuv_assistants/share/uuv_assistants/templates/control/inertial.yaml
[1.005s] -- Up-to-date: /home/osansubuntumachine/ros2_ws/install/uuv_assistants/share/uuv_assistants/templates/control/thruster_manager_launch.xml
[1.005s] -- Up-to-date: /home/osansubuntumachine/ros2_ws/install/uuv_assistants/share/uuv_assistants/templates/control/TAM.yaml
[1.005s] -- Up-to-date: /home/osansubuntumachine/ros2_ws/install/uuv_assistants/share/uuv_assistants/templates/robot_model
[1.005s] -- Up-to-date: /home/osansubuntumachine/ros2_ws/install/uuv_assistants/share/uuv_assistants/templates/robot_model/launch
[1.005s] -- Up-to-date: /home/osansubuntumachine/ros2_ws/install/uuv_assistants/share/uuv_assistants/templates/robot_model/launch/upload.launch.template
[1.005s] -- Up-to-date: /home/osansubuntumachine/ros2_ws/install/uuv_assistants/share/uuv_assistants/templates/robot_model/urdf
[1.005s] -- Up-to-date: /home/osansubuntumachine/ros2_ws/install/uuv_assistants/share/uuv_assistants/templates/robot_model/urdf/base.xacro.template
[1.005s] -- Up-to-date: /home/osansubuntumachine/ros2_ws/install/uuv_assistants/share/uuv_assistants/templates/robot_model/urdf/gazebo.xacro.template
[1.006s] -- Up-to-date: /home/osansubuntumachine/ros2_ws/install/uuv_assistants/share/uuv_assistants/templates/robot_model/urdf/sensors.xacro.template
[1.014s] -- Up-to-date: /home/osansubuntumachine/ros2_ws/install/uuv_assistants/share/uuv_assistants/templates/robot_model/urdf/actuators.xacro.template
[1.014s] -- Up-to-date: /home/osansubuntumachine/ros2_ws/install/uuv_assistants/share/uuv_assistants/templates/robot_model/urdf/snippets.xacro.template
[1.014s] -- Up-to-date: /home/osansubuntumachine/ros2_ws/install/uuv_assistants/share/uuv_assistants/templates/robot_model/robots
[1.014s] -- Up-to-date: /home/osansubuntumachine/ros2_ws/install/uuv_assistants/share/uuv_assistants/templates/robot_model/robots/default.xacro.template
[1.015s] -- Up-to-date: /home/osansubuntumachine/ros2_ws/install/uuv_assistants/share/uuv_assistants/templates/robot_model/meshes
[1.015s] -- Up-to-date: /home/osansubuntumachine/ros2_ws/install/uuv_assistants/share/uuv_assistants/templates/robot_model/meshes/README.md
[1.015s] -- Up-to-date: /home/osansubuntumachine/ros2_ws/install/uuv_assistants/share/uuv_assistants/templates/thruster_manager_config
[1.015s] -- Up-to-date: /home/osansubuntumachine/ros2_ws/install/uuv_assistants/share/uuv_assistants/templates/thruster_manager_config/config
[1.015s] -- Up-to-date: /home/osansubuntumachine/ros2_ws/install/uuv_assistants/share/uuv_assistants/templates/thruster_manager_config/config/thruster_manager.yaml.template
[1.015s] -- Up-to-date: /home/osansubuntumachine/ros2_ws/install/uuv_assistants/share/uuv_assistants/templates/thruster_manager_config/launch
[1.015s] -- Up-to-date: /home/osansubuntumachine/ros2_ws/install/uuv_assistants/share/uuv_assistants/templates/thruster_manager_config/launch/start_thruster_manager.launch.template
[1.016s] -- Up-to-date: /home/osansubuntumachine/ros2_ws/install/uuv_assistants/lib/uuv_assistants/uuv_message_to_tf
[1.050s] -- Up-to-date: /home/osansubuntumachine/ros2_ws/install/uuv_assistants/lib/uuv_assistants/publish_footprints.py
[1.052s] -- Up-to-date: /home/osansubuntumachine/ros2_ws/install/uuv_assistants/lib/uuv_assistants/set_simulation_timer.py
[1.052s] -- Up-to-date: /home/osansubuntumachine/ros2_ws/install/uuv_assistants/lib/uuv_assistants/publish_world_models.py
[1.052s] -- Up-to-date: /home/osansubuntumachine/ros2_ws/install/uuv_assistants/lib/uuv_assistants/publish_vehicle_footprint.py
[1.052s] -- Up-to-date: /home/osansubuntumachine/ros2_ws/install/uuv_assistants/lib/uuv_assistants/unpause_simulation.py
[1.052s] -- Up-to-date: /home/osansubuntumachine/ros2_ws/install/uuv_assistants/lib/uuv_assistants/create_new_robot_model
[1.052s] -- Up-to-date: /home/osansubuntumachine/ros2_ws/install/uuv_assistants/lib/uuv_assistants/create_thruster_manager_configuration
[1.052s] -- Up-to-date: /home/osansubuntumachine/ros2_ws/install/uuv_assistants/lib/uuv_assistants/create_control_package
[1.053s] -- Up-to-date: /home/osansubuntumachine/ros2_ws/install/uuv_assistants/share/ament_index/resource_index/package_run_dependencies/uuv_assistants
[1.053s] -- Up-to-date: /home/osansubuntumachine/ros2_ws/install/uuv_assistants/share/ament_index/resource_index/parent_prefix_path/uuv_assistants
[1.053s] -- Up-to-date: /home/osansubuntumachine/ros2_ws/install/uuv_assistants/share/uuv_assistants/environment/ament_prefix_path.sh
[1.053s] -- Up-to-date: /home/osansubuntumachine/ros2_ws/install/uuv_assistants/share/uuv_assistants/environment/ament_prefix_path.dsv
[1.053s] -- Up-to-date: /home/osansubuntumachine/ros2_ws/install/uuv_assistants/share/uuv_assistants/environment/path.sh
[1.053s] -- Up-to-date: /home/osansubuntumachine/ros2_ws/install/uuv_assistants/share/uuv_assistants/environment/path.dsv
[1.054s] -- Up-to-date: /home/osansubuntumachine/ros2_ws/install/uuv_assistants/share/uuv_assistants/local_setup.bash
[1.054s] -- Up-to-date: /home/osansubuntumachine/ros2_ws/install/uuv_assistants/share/uuv_assistants/local_setup.sh
[1.054s] -- Up-to-date: /home/osansubuntumachine/ros2_ws/install/uuv_assistants/share/uuv_assistants/local_setup.zsh
[1.054s] -- Up-to-date: /home/osansubuntumachine/ros2_ws/install/uuv_assistants/share/uuv_assistants/local_setup.dsv
[1.054s] -- Installing: /home/osansubuntumachine/ros2_ws/install/uuv_assistants/share/uuv_assistants/package.dsv
[1.054s] -- Up-to-date: /home/osansubuntumachine/ros2_ws/install/uuv_assistants/share/ament_index/resource_index/packages/uuv_assistants
[1.054s] -- Up-to-date: /home/osansubuntumachine/ros2_ws/install/uuv_assistants/share/uuv_assistants/cmake/uuv_assistantsConfig.cmake
[1.055s] -- Up-to-date: /home/osansubuntumachine/ros2_ws/install/uuv_assistants/share/uuv_assistants/cmake/uuv_assistantsConfig-version.cmake
[1.055s] -- Up-to-date: /home/osansubuntumachine/ros2_ws/install/uuv_assistants/share/uuv_assistants/package.xml
[1.055s] Invoked command in '/home/osansubuntumachine/ros2_ws/build/uuv_assistants' returned '0': CMAKE_PREFIX_PATH=/home/osansubuntumachine/ros2_ws/install/plankton_utils:/home/osansubuntumachine/ros2_ws/install/plankton:/home/osansubuntumachine/ros2_ws/install/uuv_simulator:/home/osansubuntumachine/ros2_ws/install/uuv_world_ros_plugins:/home/osansubuntumachine/ros2_ws/install/uuv_tutorials:/home/osansubuntumachine/ros2_ws/install/uuv_tutorial_dp_controller:/home/osansubuntumachine/ros2_ws/install/uuv_tutorial_disturbances:/home/osansubuntumachine/ros2_ws/install/uuv_control_utils:/home/osansubuntumachine/ros2_ws/install/uuv_world_ros_plugins_msgs:/home/osansubuntumachine/ros2_ws/install/uuv_world_plugins:/home/osansubuntumachine/ros2_ws/install/uuv_tutorial_seabed_world:/home/osansubuntumachine/ros2_ws/install/uuv_trajectory_control:/home/osansubuntumachine/ros2_ws/install/uuv_teleop:/home/osansubuntumachine/ros2_ws/install/uuv_thruster_manager:/home/osansubuntumachine/ros2_ws/install/uuv_descriptions:/home/osansubuntumachine/ros2_ws/install/uuv_sensor_ros_plugins:/home/osansubuntumachine/ros2_ws/install/uuv_sensor_ros_plugins_msgs:/home/osansubuntumachine/ros2_ws/install/uuv_gazebo_worlds:/home/osansubuntumachine/ros2_ws/install/uuv_gazebo_ros_plugins:/home/osansubuntumachine/ros2_ws/install/uuv_gazebo_ros_plugins_msgs:/home/osansubuntumachine/ros2_ws/install/uuv_gazebo_plugins:/home/osansubuntumachine/ros2_ws/install/uuv_gazebo:/home/osansubuntumachine/ros2_ws/install/uuv_control_msgs:/home/osansubuntumachine/ros2_ws/install/uuv_control_cascaded_pid:/home/osansubuntumachine/ros2_ws/install/uuv_auv_control_allocator:/home/osansubuntumachine/ros2_ws/install/uuv_assistants:/home/osansubuntumachine/ros2_ws/install/rexrov_autonomy:/opt/ros/foxy PYTHONPATH=/home/osansubuntumachine/ros2_ws/install/plankton_utils/lib/python3.8/site-packages:/home/osansubuntumachine/ros2_ws/install/uuv_world_ros_plugins_msgs/lib/python3.8/site-packages:/home/osansubuntumachine/ros2_ws/install/uuv_trajectory_control/lib/python3.8/site-packages:/home/osansubuntumachine/ros2_ws/install/uuv_thruster_manager/lib/python3.8/site-packages:/home/osansubuntumachine/ros2_ws/install/uuv_sensor_ros_plugins_msgs/lib/python3.8/site-packages:/home/osansubuntumachine/ros2_ws/install/uuv_gazebo_ros_plugins_msgs/lib/python3.8/site-packages:/home/osansubuntumachine/ros2_ws/install/uuv_control_msgs/lib/python3.8/site-packages:/home/osansubuntumachine/ros2_ws/install/uuv_control_cascaded_pid/lib/python3.8/site-packages:/home/osansubuntumachine/ros2_ws/install/uuv_auv_control_allocator/lib/python3.8/site-packages:/home/osansubuntumachine/ros2_ws/install/uuv_assistants/lib/python3.8/site-packages:/home/osansubuntumachine/ros2_ws/install/rexrov_autonomy/lib/python3.8/site-packages:/opt/ros/foxy/lib/python3.8/site-packages /usr/bin/cmake --install /home/osansubuntumachine/ros2_ws/build/uuv_assistants
