[0.043s] Invoking command in '/home/osansubuntumachine/ros2_ws/build/uuv_control_msgs': CMAKE_PREFIX_PATH=${CMAKE_PREFIX_PATH}:/home/osansubuntumachine/ros2_ws/install/rexrov_autonomy:/opt/ros/foxy /usr/bin/cmake --build /home/osansubuntumachine/ros2_ws/build/uuv_control_msgs -- -j4 -l4
[0.180s] [  0%] Built target uuv_control_msgs__cpp
[0.240s] [ 12%] Built target uuv_control_msgs__rosidl_generator_c
[0.310s] [ 24%] Built target uuv_control_msgs__rosidl_typesupport_cpp
[0.387s] [ 36%] Built target uuv_control_msgs__rosidl_typesupport_c
[0.460s] [ 49%] Built target uuv_control_msgs__rosidl_typesupport_introspection_c
[0.536s] [ 61%] Built target uuv_control_msgs__rosidl_typesupport_fastrtps_cpp
[0.589s] [ 74%] Built target uuv_control_msgs__rosidl_typesupport_introspection_cpp
[0.659s] [ 86%] Built target uuv_control_msgs__rosidl_typesupport_fastrtps_c
[0.721s] [ 86%] Built target uuv_control_msgs
[0.765s] [ 86%] Built target uuv_control_msgs__py
[0.867s] [ 98%] Built target uuv_control_msgs__python
[0.966s] [ 99%] Built target uuv_control_msgs__rosidl_typesupport_c__pyext
[1.061s] [ 99%] Built target uuv_control_msgs__rosidl_typesupport_introspection_c__pyext
[1.175s] [100%] Built target uuv_control_msgs__rosidl_typesupport_fastrtps_c__pyext
[1.227s] Invoked command in '/home/osansubuntumachine/ros2_ws/build/uuv_control_msgs' returned '0': CMAKE_PREFIX_PATH=${CMAKE_PREFIX_PATH}:/home/osansubuntumachine/ros2_ws/install/rexrov_autonomy:/opt/ros/foxy /usr/bin/cmake --build /home/osansubuntumachine/ros2_ws/build/uuv_control_msgs -- -j4 -l4
[1.228s] Invoking command in '/home/osansubuntumachine/ros2_ws/build/uuv_control_msgs': CMAKE_PREFIX_PATH=${CMAKE_PREFIX_PATH}:/home/osansubuntumachine/ros2_ws/install/rexrov_autonomy:/opt/ros/foxy /usr/bin/cmake --install /home/osansubuntumachine/ros2_ws/build/uuv_control_msgs
[1.303s] -- Install configuration: ""
[1.325s] -- Up-to-date: /home/osansubuntumachine/ros2_ws/install/uuv_control_msgs/share/ament_index/resource_index/rosidl_interfaces/uuv_control_msgs
[1.325s] -- Up-to-date: /home/osansubuntumachine/ros2_ws/install/uuv_control_msgs/include/uuv_control_msgs
[1.325s] -- Up-to-date: /home/osansubuntumachine/ros2_ws/install/uuv_control_msgs/include/uuv_control_msgs/msg
[1.325s] -- Up-to-date: /home/osansubuntumachine/ros2_ws/install/uuv_control_msgs/include/uuv_control_msgs/msg/waypoint.h
[1.325s] -- Up-to-date: /home/osansubuntumachine/ros2_ws/install/uuv_control_msgs/include/uuv_control_msgs/msg/waypoint_set.h
[1.325s] -- Up-to-date: /home/osansubuntumachine/ros2_ws/install/uuv_control_msgs/include/uuv_control_msgs/msg/trajectory.h
[1.325s] -- Up-to-date: /home/osansubuntumachine/ros2_ws/install/uuv_control_msgs/include/uuv_control_msgs/msg/rosidl_generator_c__visibility_control.h
[1.326s] -- Up-to-date: /home/osansubuntumachine/ros2_ws/install/uuv_control_msgs/include/uuv_control_msgs/msg/trajectory_point.h
[1.326s] -- Up-to-date: /home/osansubuntumachine/ros2_ws/install/uuv_control_msgs/include/uuv_control_msgs/msg/detail
[1.326s] -- Up-to-date: /home/osansubuntumachine/ros2_ws/install/uuv_control_msgs/include/uuv_control_msgs/msg/detail/trajectory__functions.c
[1.333s] -- Up-to-date: /home/osansubuntumachine/ros2_ws/install/uuv_control_msgs/include/uuv_control_msgs/msg/detail/trajectory_point__functions.h
[1.335s] -- Up-to-date: /home/osansubuntumachine/ros2_ws/install/uuv_control_msgs/include/uuv_control_msgs/msg/detail/waypoint_set__functions.c
[1.335s] -- Up-to-date: /home/osansubuntumachine/ros2_ws/install/uuv_control_msgs/include/uuv_control_msgs/msg/detail/waypoint__functions.h
[1.337s] -- Up-to-date: /home/osansubuntumachine/ros2_ws/install/uuv_control_msgs/include/uuv_control_msgs/msg/detail/waypoint_set__type_support.h
[1.337s] -- Up-to-date: /home/osansubuntumachine/ros2_ws/install/uuv_control_msgs/include/uuv_control_msgs/msg/detail/waypoint__type_support.h
[1.337s] -- Up-to-date: /home/osansubuntumachine/ros2_ws/install/uuv_control_msgs/include/uuv_control_msgs/msg/detail/trajectory__struct.h
[1.338s] -- Up-to-date: /home/osansubuntumachine/ros2_ws/install/uuv_control_msgs/include/uuv_control_msgs/msg/detail/waypoint_set__struct.h
[1.338s] -- Up-to-date: /home/osansubuntumachine/ros2_ws/install/uuv_control_msgs/include/uuv_control_msgs/msg/detail/trajectory_point__functions.c
[1.338s] -- Up-to-date: /home/osansubuntumachine/ros2_ws/install/uuv_control_msgs/include/uuv_control_msgs/msg/detail/waypoint__struct.h
[1.338s] -- Up-to-date: /home/osansubuntumachine/ros2_ws/install/uuv_control_msgs/include/uuv_control_msgs/msg/detail/waypoint_set__functions.h
[1.338s] -- Up-to-date: /home/osansubuntumachine/ros2_ws/install/uuv_control_msgs/include/uuv_control_msgs/msg/detail/trajectory__type_support.h
[1.338s] -- Up-to-date: /home/osansubuntumachine/ros2_ws/install/uuv_control_msgs/include/uuv_control_msgs/msg/detail/trajectory_point__type_support.h
[1.338s] -- Up-to-date: /home/osansubuntumachine/ros2_ws/install/uuv_control_msgs/include/uuv_control_msgs/msg/detail/trajectory_point__struct.h
[1.339s] -- Up-to-date: /home/osansubuntumachine/ros2_ws/install/uuv_control_msgs/include/uuv_control_msgs/msg/detail/waypoint__functions.c
[1.339s] -- Up-to-date: /home/osansubuntumachine/ros2_ws/install/uuv_control_msgs/include/uuv_control_msgs/msg/detail/trajectory__functions.h
[1.339s] -- Up-to-date: /home/osansubuntumachine/ros2_ws/install/uuv_control_msgs/include/uuv_control_msgs/srv
[1.339s] -- Up-to-date: /home/osansubuntumachine/ros2_ws/install/uuv_control_msgs/include/uuv_control_msgs/srv/get_waypoints.h
[1.339s] -- Up-to-date: /home/osansubuntumachine/ros2_ws/install/uuv_control_msgs/include/uuv_control_msgs/srv/init_helical_trajectory.h
[1.340s] -- Up-to-date: /home/osansubuntumachine/ros2_ws/install/uuv_control_msgs/include/uuv_control_msgs/srv/init_rect_trajectory.h
[1.343s] -- Up-to-date: /home/osansubuntumachine/ros2_ws/install/uuv_control_msgs/include/uuv_control_msgs/srv/set_mbsm_controller_params.h
[1.343s] -- Up-to-date: /home/osansubuntumachine/ros2_ws/install/uuv_control_msgs/include/uuv_control_msgs/srv/switch_to_automatic.h
[1.343s] -- Up-to-date: /home/osansubuntumachine/ros2_ws/install/uuv_control_msgs/include/uuv_control_msgs/srv/start_trajectory.h
[1.343s] -- Up-to-date: /home/osansubuntumachine/ros2_ws/install/uuv_control_msgs/include/uuv_control_msgs/srv/init_waypoints_from_file.h
[1.343s] -- Up-to-date: /home/osansubuntumachine/ros2_ws/install/uuv_control_msgs/include/uuv_control_msgs/srv/switch_to_manual.h
[1.344s] -- Up-to-date: /home/osansubuntumachine/ros2_ws/install/uuv_control_msgs/include/uuv_control_msgs/srv/is_running_trajectory.h
[1.344s] -- Up-to-date: /home/osansubuntumachine/ros2_ws/install/uuv_control_msgs/include/uuv_control_msgs/srv/hold.h
[1.344s] -- Up-to-date: /home/osansubuntumachine/ros2_ws/install/uuv_control_msgs/include/uuv_control_msgs/srv/clear_waypoints.h
[1.344s] -- Up-to-date: /home/osansubuntumachine/ros2_ws/install/uuv_control_msgs/include/uuv_control_msgs/srv/set_sm_controller_params.h
[1.344s] -- Up-to-date: /home/osansubuntumachine/ros2_ws/install/uuv_control_msgs/include/uuv_control_msgs/srv/set_pid_params.h
[1.344s] -- Up-to-date: /home/osansubuntumachine/ros2_ws/install/uuv_control_msgs/include/uuv_control_msgs/srv/get_sm_controller_params.h
[1.345s] -- Up-to-date: /home/osansubuntumachine/ros2_ws/install/uuv_control_msgs/include/uuv_control_msgs/srv/add_waypoint.h
[1.345s] -- Up-to-date: /home/osansubuntumachine/ros2_ws/install/uuv_control_msgs/include/uuv_control_msgs/srv/init_circular_trajectory.h
[1.345s] -- Up-to-date: /home/osansubuntumachine/ros2_ws/install/uuv_control_msgs/include/uuv_control_msgs/srv/detail
[1.345s] -- Up-to-date: /home/osansubuntumachine/ros2_ws/install/uuv_control_msgs/include/uuv_control_msgs/srv/detail/set_mbsm_controller_params__functions.c
[1.347s] -- Up-to-date: /home/osansubuntumachine/ros2_ws/install/uuv_control_msgs/include/uuv_control_msgs/srv/detail/hold__struct.h
[1.347s] -- Up-to-date: /home/osansubuntumachine/ros2_ws/install/uuv_control_msgs/include/uuv_control_msgs/srv/detail/init_waypoint_set__functions.c
[1.347s] -- Up-to-date: /home/osansubuntumachine/ros2_ws/install/uuv_control_msgs/include/uuv_control_msgs/srv/detail/go_to__struct.h
[1.350s] -- Up-to-date: /home/osansubuntumachine/ros2_ws/install/uuv_control_msgs/include/uuv_control_msgs/srv/detail/get_mbsm_controller_params__type_support.h
[1.350s] -- Up-to-date: /home/osansubuntumachine/ros2_ws/install/uuv_control_msgs/include/uuv_control_msgs/srv/detail/init_waypoint_set__functions.h
[1.350s] -- Up-to-date: /home/osansubuntumachine/ros2_ws/install/uuv_control_msgs/include/uuv_control_msgs/srv/detail/get_mbsm_controller_params__struct.h
[1.350s] -- Up-to-date: /home/osansubuntumachine/ros2_ws/install/uuv_control_msgs/include/uuv_control_msgs/srv/detail/go_to_incremental__functions.h
[1.350s] -- Up-to-date: /home/osansubuntumachine/ros2_ws/install/uuv_control_msgs/include/uuv_control_msgs/srv/detail/reset_controller__struct.h
[1.350s] -- Up-to-date: /home/osansubuntumachine/ros2_ws/install/uuv_control_msgs/include/uuv_control_msgs/srv/detail/reset_controller__type_support.h
[1.350s] -- Up-to-date: /home/osansubuntumachine/ros2_ws/install/uuv_control_msgs/include/uuv_control_msgs/srv/detail/init_helical_trajectory__struct.h
[1.350s] -- Up-to-date: /home/osansubuntumachine/ros2_ws/install/uuv_control_msgs/include/uuv_control_msgs/srv/detail/start_trajectory__functions.c
[1.351s] -- Up-to-date: /home/osansubuntumachine/ros2_ws/install/uuv_control_msgs/include/uuv_control_msgs/srv/detail/go_to_incremental__functions.c
[1.351s] -- Up-to-date: /home/osansubuntumachine/ros2_ws/install/uuv_control_msgs/include/uuv_control_msgs/srv/detail/set_sm_controller_params__type_support.h
[1.351s] -- Up-to-date: /home/osansubuntumachine/ros2_ws/install/uuv_control_msgs/include/uuv_control_msgs/srv/detail/hold__functions.h
[1.351s] -- Up-to-date: /home/osansubuntumachine/ros2_ws/install/uuv_control_msgs/include/uuv_control_msgs/srv/detail/init_waypoint_set__type_support.h
[1.351s] -- Up-to-date: /home/osansubuntumachine/ros2_ws/install/uuv_control_msgs/include/uuv_control_msgs/srv/detail/set_sm_controller_params__functions.c
[1.351s] -- Up-to-date: /home/osansubuntumachine/ros2_ws/install/uuv_control_msgs/include/uuv_control_msgs/srv/detail/set_sm_controller_params__struct.h
[1.351s] -- Up-to-date: /home/osansubuntumachine/ros2_ws/install/uuv_control_msgs/include/uuv_control_msgs/srv/detail/init_circular_trajectory__struct.h
[1.353s] -- Up-to-date: /home/osansubuntumachine/ros2_ws/install/uuv_control_msgs/include/uuv_control_msgs/srv/detail/add_waypoint__functions.h
[1.353s] -- Up-to-date: /home/osansubuntumachine/ros2_ws/install/uuv_control_msgs/include/uuv_control_msgs/srv/detail/set_sm_controller_params__functions.h
[1.353s] -- Up-to-date: /home/osansubuntumachine/ros2_ws/install/uuv_control_msgs/include/uuv_control_msgs/srv/detail/switch_to_manual__struct.h
[1.353s] -- Up-to-date: /home/osansubuntumachine/ros2_ws/install/uuv_control_msgs/include/uuv_control_msgs/srv/detail/go_to_incremental__struct.h
[1.353s] -- Up-to-date: /home/osansubuntumachine/ros2_ws/install/uuv_control_msgs/include/uuv_control_msgs/srv/detail/go_to__type_support.h
[1.353s] -- Up-to-date: /home/osansubuntumachine/ros2_ws/install/uuv_control_msgs/include/uuv_control_msgs/srv/detail/init_waypoint_set__struct.h
[1.353s] -- Up-to-date: /home/osansubuntumachine/ros2_ws/install/uuv_control_msgs/include/uuv_control_msgs/srv/detail/init_waypoints_from_file__struct.h
[1.353s] -- Up-to-date: /home/osansubuntumachine/ros2_ws/install/uuv_control_msgs/include/uuv_control_msgs/srv/detail/hold__type_support.h
[1.354s] -- Up-to-date: /home/osansubuntumachine/ros2_ws/install/uuv_control_msgs/include/uuv_control_msgs/srv/detail/init_waypoints_from_file__functions.h
[1.354s] -- Up-to-date: /home/osansubuntumachine/ros2_ws/install/uuv_control_msgs/include/uuv_control_msgs/srv/detail/get_pid_params__functions.c
[1.354s] -- Up-to-date: /home/osansubuntumachine/ros2_ws/install/uuv_control_msgs/include/uuv_control_msgs/srv/detail/start_trajectory__struct.h
[1.354s] -- Up-to-date: /home/osansubuntumachine/ros2_ws/install/uuv_control_msgs/include/uuv_control_msgs/srv/detail/reset_controller__functions.h
[1.354s] -- Up-to-date: /home/osansubuntumachine/ros2_ws/install/uuv_control_msgs/include/uuv_control_msgs/srv/detail/switch_to_automatic__functions.h
[1.354s] -- Up-to-date: /home/osansubuntumachine/ros2_ws/install/uuv_control_msgs/include/uuv_control_msgs/srv/detail/get_mbsm_controller_params__functions.c
[1.354s] -- Up-to-date: /home/osansubuntumachine/ros2_ws/install/uuv_control_msgs/include/uuv_control_msgs/srv/detail/switch_to_automatic__struct.h
[1.354s] -- Up-to-date: /home/osansubuntumachine/ros2_ws/install/uuv_control_msgs/include/uuv_control_msgs/srv/detail/set_pid_params__type_support.h
[1.354s] -- Up-to-date: /home/osansubuntumachine/ros2_ws/install/uuv_control_msgs/include/uuv_control_msgs/srv/detail/init_helical_trajectory__functions.h
[1.354s] -- Up-to-date: /home/osansubuntumachine/ros2_ws/install/uuv_control_msgs/include/uuv_control_msgs/srv/detail/switch_to_manual__functions.c
[1.354s] -- Up-to-date: /home/osansubuntumachine/ros2_ws/install/uuv_control_msgs/include/uuv_control_msgs/srv/detail/get_waypoints__functions.h
[1.354s] -- Up-to-date: /home/osansubuntumachine/ros2_ws/install/uuv_control_msgs/include/uuv_control_msgs/srv/detail/init_helical_trajectory__functions.c
[1.354s] -- Up-to-date: /home/osansubuntumachine/ros2_ws/install/uuv_control_msgs/include/uuv_control_msgs/srv/detail/init_rect_trajectory__functions.h
[1.354s] -- Up-to-date: /home/osansubuntumachine/ros2_ws/install/uuv_control_msgs/include/uuv_control_msgs/srv/detail/init_circular_trajectory__functions.c
[1.354s] -- Up-to-date: /home/osansubuntumachine/ros2_ws/install/uuv_control_msgs/include/uuv_control_msgs/srv/detail/switch_to_automatic__functions.c
[1.354s] -- Up-to-date: /home/osansubuntumachine/ros2_ws/install/uuv_control_msgs/include/uuv_control_msgs/srv/detail/set_pid_params__struct.h
[1.354s] -- Up-to-date: /home/osansubuntumachine/ros2_ws/install/uuv_control_msgs/include/uuv_control_msgs/srv/detail/start_trajectory__functions.h
[1.355s] -- Up-to-date: /home/osansubuntumachine/ros2_ws/install/uuv_control_msgs/include/uuv_control_msgs/srv/detail/init_rect_trajectory__type_support.h
[1.355s] -- Up-to-date: /home/osansubuntumachine/ros2_ws/install/uuv_control_msgs/include/uuv_control_msgs/srv/detail/set_pid_params__functions.h
[1.355s] -- Up-to-date: /home/osansubuntumachine/ros2_ws/install/uuv_control_msgs/include/uuv_control_msgs/srv/detail/set_pid_params__functions.c
[1.355s] -- Up-to-date: /home/osansubuntumachine/ros2_ws/install/uuv_control_msgs/include/uuv_control_msgs/srv/detail/clear_waypoints__functions.h
[1.355s] -- Up-to-date: /home/osansubuntumachine/ros2_ws/install/uuv_control_msgs/include/uuv_control_msgs/srv/detail/get_waypoints__type_support.h
[1.355s] -- Up-to-date: /home/osansubuntumachine/ros2_ws/install/uuv_control_msgs/include/uuv_control_msgs/srv/detail/clear_waypoints__functions.c
[1.355s] -- Up-to-date: /home/osansubuntumachine/ros2_ws/install/uuv_control_msgs/include/uuv_control_msgs/srv/detail/is_running_trajectory__struct.h
[1.355s] -- Up-to-date: /home/osansubuntumachine/ros2_ws/install/uuv_control_msgs/include/uuv_control_msgs/srv/detail/set_mbsm_controller_params__type_support.h
[1.355s] -- Up-to-date: /home/osansubuntumachine/ros2_ws/install/uuv_control_msgs/include/uuv_control_msgs/srv/detail/get_waypoints__struct.h
[1.355s] -- Up-to-date: /home/osansubuntumachine/ros2_ws/install/uuv_control_msgs/include/uuv_control_msgs/srv/detail/is_running_trajectory__type_support.h
[1.355s] -- Up-to-date: /home/osansubuntumachine/ros2_ws/install/uuv_control_msgs/include/uuv_control_msgs/srv/detail/init_circular_trajectory__functions.h
[1.355s] -- Up-to-date: /home/osansubuntumachine/ros2_ws/install/uuv_control_msgs/include/uuv_control_msgs/srv/detail/get_sm_controller_params__functions.h
[1.355s] -- Up-to-date: /home/osansubuntumachine/ros2_ws/install/uuv_control_msgs/include/uuv_control_msgs/srv/detail/go_to__functions.h
[1.355s] -- Up-to-date: /home/osansubuntumachine/ros2_ws/install/uuv_control_msgs/include/uuv_control_msgs/srv/detail/go_to_incremental__type_support.h
[1.355s] -- Up-to-date: /home/osansubuntumachine/ros2_ws/install/uuv_control_msgs/include/uuv_control_msgs/srv/detail/reset_controller__functions.c
[1.355s] -- Up-to-date: /home/osansubuntumachine/ros2_ws/install/uuv_control_msgs/include/uuv_control_msgs/srv/detail/get_sm_controller_params__type_support.h
[1.356s] -- Up-to-date: /home/osansubuntumachine/ros2_ws/install/uuv_control_msgs/include/uuv_control_msgs/srv/detail/init_circular_trajectory__type_support.h
[1.356s] -- Up-to-date: /home/osansubuntumachine/ros2_ws/install/uuv_control_msgs/include/uuv_control_msgs/srv/detail/init_waypoints_from_file__functions.c
[1.356s] -- Up-to-date: /home/osansubuntumachine/ros2_ws/install/uuv_control_msgs/include/uuv_control_msgs/srv/detail/get_waypoints__functions.c
[1.356s] -- Up-to-date: /home/osansubuntumachine/ros2_ws/install/uuv_control_msgs/include/uuv_control_msgs/srv/detail/clear_waypoints__struct.h
[1.356s] -- Up-to-date: /home/osansubuntumachine/ros2_ws/install/uuv_control_msgs/include/uuv_control_msgs/srv/detail/get_sm_controller_params__functions.c
[1.356s] -- Up-to-date: /home/osansubuntumachine/ros2_ws/install/uuv_control_msgs/include/uuv_control_msgs/srv/detail/get_sm_controller_params__struct.h
[1.356s] -- Up-to-date: /home/osansubuntumachine/ros2_ws/install/uuv_control_msgs/include/uuv_control_msgs/srv/detail/switch_to_manual__type_support.h
[1.356s] -- Up-to-date: /home/osansubuntumachine/ros2_ws/install/uuv_control_msgs/include/uuv_control_msgs/srv/detail/go_to__functions.c
[1.356s] -- Up-to-date: /home/osansubuntumachine/ros2_ws/install/uuv_control_msgs/include/uuv_control_msgs/srv/detail/init_rect_trajectory__struct.h
[1.356s] -- Up-to-date: /home/osansubuntumachine/ros2_ws/install/uuv_control_msgs/include/uuv_control_msgs/srv/detail/start_trajectory__type_support.h
[1.356s] -- Up-to-date: /home/osansubuntumachine/ros2_ws/install/uuv_control_msgs/include/uuv_control_msgs/srv/detail/is_running_trajectory__functions.h
[1.366s] -- Up-to-date: /home/osansubuntumachine/ros2_ws/install/uuv_control_msgs/include/uuv_control_msgs/srv/detail/get_pid_params__type_support.h
[1.366s] -- Up-to-date: /home/osansubuntumachine/ros2_ws/install/uuv_control_msgs/include/uuv_control_msgs/srv/detail/get_pid_params__struct.h
[1.366s] -- Up-to-date: /home/osansubuntumachine/ros2_ws/install/uuv_control_msgs/include/uuv_control_msgs/srv/detail/get_mbsm_controller_params__functions.h
[1.367s] -- Up-to-date: /home/osansubuntumachine/ros2_ws/install/uuv_control_msgs/include/uuv_control_msgs/srv/detail/set_mbsm_controller_params__struct.h
[1.367s] -- Up-to-date: /home/osansubuntumachine/ros2_ws/install/uuv_control_msgs/include/uuv_control_msgs/srv/detail/add_waypoint__struct.h
[1.367s] -- Up-to-date: /home/osansubuntumachine/ros2_ws/install/uuv_control_msgs/include/uuv_control_msgs/srv/detail/set_mbsm_controller_params__functions.h
[1.367s] -- Up-to-date: /home/osansubuntumachine/ros2_ws/install/uuv_control_msgs/include/uuv_control_msgs/srv/detail/switch_to_automatic__type_support.h
[1.367s] -- Up-to-date: /home/osansubuntumachine/ros2_ws/install/uuv_control_msgs/include/uuv_control_msgs/srv/detail/is_running_trajectory__functions.c
[1.367s] -- Up-to-date: /home/osansubuntumachine/ros2_ws/install/uuv_control_msgs/include/uuv_control_msgs/srv/detail/clear_waypoints__type_support.h
[1.367s] -- Up-to-date: /home/osansubuntumachine/ros2_ws/install/uuv_control_msgs/include/uuv_control_msgs/srv/detail/add_waypoint__type_support.h
[1.367s] -- Up-to-date: /home/osansubuntumachine/ros2_ws/install/uuv_control_msgs/include/uuv_control_msgs/srv/detail/init_waypoints_from_file__type_support.h
[1.367s] -- Up-to-date: /home/osansubuntumachine/ros2_ws/install/uuv_control_msgs/include/uuv_control_msgs/srv/detail/hold__functions.c
[1.367s] -- Up-to-date: /home/osansubuntumachine/ros2_ws/install/uuv_control_msgs/include/uuv_control_msgs/srv/detail/init_rect_trajectory__functions.c
[1.367s] -- Up-to-date: /home/osansubuntumachine/ros2_ws/install/uuv_control_msgs/include/uuv_control_msgs/srv/detail/get_pid_params__functions.h
[1.367s] -- Up-to-date: /home/osansubuntumachine/ros2_ws/install/uuv_control_msgs/include/uuv_control_msgs/srv/detail/init_helical_trajectory__type_support.h
[1.367s] -- Up-to-date: /home/osansubuntumachine/ros2_ws/install/uuv_control_msgs/include/uuv_control_msgs/srv/detail/switch_to_manual__functions.h
[1.367s] -- Up-to-date: /home/osansubuntumachine/ros2_ws/install/uuv_control_msgs/include/uuv_control_msgs/srv/detail/add_waypoint__functions.c
[1.367s] -- Up-to-date: /home/osansubuntumachine/ros2_ws/install/uuv_control_msgs/include/uuv_control_msgs/srv/go_to_incremental.h
[1.367s] -- Up-to-date: /home/osansubuntumachine/ros2_ws/install/uuv_control_msgs/include/uuv_control_msgs/srv/go_to.h
[1.368s] -- Up-to-date: /home/osansubuntumachine/ros2_ws/install/uuv_control_msgs/include/uuv_control_msgs/srv/init_waypoint_set.h
[1.368s] -- Up-to-date: /home/osansubuntumachine/ros2_ws/install/uuv_control_msgs/include/uuv_control_msgs/srv/get_pid_params.h
[1.368s] -- Up-to-date: /home/osansubuntumachine/ros2_ws/install/uuv_control_msgs/include/uuv_control_msgs/srv/get_mbsm_controller_params.h
[1.368s] -- Up-to-date: /home/osansubuntumachine/ros2_ws/install/uuv_control_msgs/include/uuv_control_msgs/srv/reset_controller.h
[1.368s] -- Up-to-date: /home/osansubuntumachine/ros2_ws/install/uuv_control_msgs/share/uuv_control_msgs/environment/library_path.sh
[1.368s] -- Up-to-date: /home/osansubuntumachine/ros2_ws/install/uuv_control_msgs/share/uuv_control_msgs/environment/library_path.dsv
[1.368s] -- Up-to-date: /home/osansubuntumachine/ros2_ws/install/uuv_control_msgs/lib/libuuv_control_msgs__rosidl_generator_c.so
[1.368s] -- Up-to-date: /home/osansubuntumachine/ros2_ws/install/uuv_control_msgs/include/uuv_control_msgs
[1.368s] -- Up-to-date: /home/osansubuntumachine/ros2_ws/install/uuv_control_msgs/include/uuv_control_msgs/msg
[1.368s] -- Up-to-date: /home/osansubuntumachine/ros2_ws/install/uuv_control_msgs/include/uuv_control_msgs/msg/rosidl_typesupport_fastrtps_c__visibility_control.h
[1.368s] -- Up-to-date: /home/osansubuntumachine/ros2_ws/install/uuv_control_msgs/include/uuv_control_msgs/msg/detail
[1.368s] -- Up-to-date: /home/osansubuntumachine/ros2_ws/install/uuv_control_msgs/include/uuv_control_msgs/msg/detail/waypoint__rosidl_typesupport_fastrtps_c.h
[1.368s] -- Up-to-date: /home/osansubuntumachine/ros2_ws/install/uuv_control_msgs/include/uuv_control_msgs/msg/detail/trajectory_point__rosidl_typesupport_fastrtps_c.h
[1.368s] -- Up-to-date: /home/osansubuntumachine/ros2_ws/install/uuv_control_msgs/include/uuv_control_msgs/msg/detail/trajectory__rosidl_typesupport_fastrtps_c.h
[1.368s] -- Up-to-date: /home/osansubuntumachine/ros2_ws/install/uuv_control_msgs/include/uuv_control_msgs/msg/detail/waypoint_set__rosidl_typesupport_fastrtps_c.h
[1.369s] -- Up-to-date: /home/osansubuntumachine/ros2_ws/install/uuv_control_msgs/include/uuv_control_msgs/srv
[1.369s] -- Up-to-date: /home/osansubuntumachine/ros2_ws/install/uuv_control_msgs/include/uuv_control_msgs/srv/detail
[1.369s] -- Up-to-date: /home/osansubuntumachine/ros2_ws/install/uuv_control_msgs/include/uuv_control_msgs/srv/detail/is_running_trajectory__rosidl_typesupport_fastrtps_c.h
[1.369s] -- Up-to-date: /home/osansubuntumachine/ros2_ws/install/uuv_control_msgs/include/uuv_control_msgs/srv/detail/set_mbsm_controller_params__rosidl_typesupport_fastrtps_c.h
[1.369s] -- Up-to-date: /home/osansubuntumachine/ros2_ws/install/uuv_control_msgs/include/uuv_control_msgs/srv/detail/get_pid_params__rosidl_typesupport_fastrtps_c.h
[1.369s] -- Up-to-date: /home/osansubuntumachine/ros2_ws/install/uuv_control_msgs/include/uuv_control_msgs/srv/detail/get_waypoints__rosidl_typesupport_fastrtps_c.h
[1.369s] -- Up-to-date: /home/osansubuntumachine/ros2_ws/install/uuv_control_msgs/include/uuv_control_msgs/srv/detail/go_to_incremental__rosidl_typesupport_fastrtps_c.h
[1.369s] -- Up-to-date: /home/osansubuntumachine/ros2_ws/install/uuv_control_msgs/include/uuv_control_msgs/srv/detail/init_waypoints_from_file__rosidl_typesupport_fastrtps_c.h
[1.369s] -- Up-to-date: /home/osansubuntumachine/ros2_ws/install/uuv_control_msgs/include/uuv_control_msgs/srv/detail/switch_to_manual__rosidl_typesupport_fastrtps_c.h
[1.369s] -- Up-to-date: /home/osansubuntumachine/ros2_ws/install/uuv_control_msgs/include/uuv_control_msgs/srv/detail/get_mbsm_controller_params__rosidl_typesupport_fastrtps_c.h
[1.369s] -- Up-to-date: /home/osansubuntumachine/ros2_ws/install/uuv_control_msgs/include/uuv_control_msgs/srv/detail/hold__rosidl_typesupport_fastrtps_c.h
[1.369s] -- Up-to-date: /home/osansubuntumachine/ros2_ws/install/uuv_control_msgs/include/uuv_control_msgs/srv/detail/add_waypoint__rosidl_typesupport_fastrtps_c.h
[1.369s] -- Up-to-date: /home/osansubuntumachine/ros2_ws/install/uuv_control_msgs/include/uuv_control_msgs/srv/detail/set_pid_params__rosidl_typesupport_fastrtps_c.h
[1.369s] -- Up-to-date: /home/osansubuntumachine/ros2_ws/install/uuv_control_msgs/include/uuv_control_msgs/srv/detail/init_helical_trajectory__rosidl_typesupport_fastrtps_c.h
[1.369s] -- Up-to-date: /home/osansubuntumachine/ros2_ws/install/uuv_control_msgs/include/uuv_control_msgs/srv/detail/switch_to_automatic__rosidl_typesupport_fastrtps_c.h
[1.369s] -- Up-to-date: /home/osansubuntumachine/ros2_ws/install/uuv_control_msgs/include/uuv_control_msgs/srv/detail/set_sm_controller_params__rosidl_typesupport_fastrtps_c.h
[1.370s] -- Up-to-date: /home/osansubuntumachine/ros2_ws/install/uuv_control_msgs/include/uuv_control_msgs/srv/detail/start_trajectory__rosidl_typesupport_fastrtps_c.h
[1.370s] -- Up-to-date: /home/osansubuntumachine/ros2_ws/install/uuv_control_msgs/include/uuv_control_msgs/srv/detail/init_rect_trajectory__rosidl_typesupport_fastrtps_c.h
[1.370s] -- Up-to-date: /home/osansubuntumachine/ros2_ws/install/uuv_control_msgs/include/uuv_control_msgs/srv/detail/get_sm_controller_params__rosidl_typesupport_fastrtps_c.h
[1.370s] -- Up-to-date: /home/osansubuntumachine/ros2_ws/install/uuv_control_msgs/include/uuv_control_msgs/srv/detail/init_circular_trajectory__rosidl_typesupport_fastrtps_c.h
[1.370s] -- Up-to-date: /home/osansubuntumachine/ros2_ws/install/uuv_control_msgs/include/uuv_control_msgs/srv/detail/go_to__rosidl_typesupport_fastrtps_c.h
[1.370s] -- Up-to-date: /home/osansubuntumachine/ros2_ws/install/uuv_control_msgs/include/uuv_control_msgs/srv/detail/reset_controller__rosidl_typesupport_fastrtps_c.h
[1.370s] -- Up-to-date: /home/osansubuntumachine/ros2_ws/install/uuv_control_msgs/include/uuv_control_msgs/srv/detail/init_waypoint_set__rosidl_typesupport_fastrtps_c.h
[1.370s] -- Up-to-date: /home/osansubuntumachine/ros2_ws/install/uuv_control_msgs/include/uuv_control_msgs/srv/detail/clear_waypoints__rosidl_typesupport_fastrtps_c.h
[1.370s] -- Up-to-date: /home/osansubuntumachine/ros2_ws/install/uuv_control_msgs/lib/libuuv_control_msgs__rosidl_typesupport_fastrtps_c.so
[1.370s] -- Up-to-date: /home/osansubuntumachine/ros2_ws/install/uuv_control_msgs/include/uuv_control_msgs
[1.370s] -- Up-to-date: /home/osansubuntumachine/ros2_ws/install/uuv_control_msgs/include/uuv_control_msgs/msg
[1.370s] -- Up-to-date: /home/osansubuntumachine/ros2_ws/install/uuv_control_msgs/include/uuv_control_msgs/msg/rosidl_typesupport_fastrtps_cpp__visibility_control.h
[1.370s] -- Up-to-date: /home/osansubuntumachine/ros2_ws/install/uuv_control_msgs/include/uuv_control_msgs/msg/detail
[1.370s] -- Up-to-date: /home/osansubuntumachine/ros2_ws/install/uuv_control_msgs/include/uuv_control_msgs/msg/detail/trajectory__rosidl_typesupport_fastrtps_cpp.hpp
[1.370s] -- Up-to-date: /home/osansubuntumachine/ros2_ws/install/uuv_control_msgs/include/uuv_control_msgs/msg/detail/trajectory_point__rosidl_typesupport_fastrtps_cpp.hpp
[1.370s] -- Up-to-date: /home/osansubuntumachine/ros2_ws/install/uuv_control_msgs/include/uuv_control_msgs/msg/detail/waypoint__rosidl_typesupport_fastrtps_cpp.hpp
[1.370s] -- Up-to-date: /home/osansubuntumachine/ros2_ws/install/uuv_control_msgs/include/uuv_control_msgs/msg/detail/waypoint_set__rosidl_typesupport_fastrtps_cpp.hpp
[1.372s] -- Up-to-date: /home/osansubuntumachine/ros2_ws/install/uuv_control_msgs/include/uuv_control_msgs/msg/detail/dds_fastrtps
[1.373s] -- Up-to-date: /home/osansubuntumachine/ros2_ws/install/uuv_control_msgs/include/uuv_control_msgs/srv
[1.373s] -- Up-to-date: /home/osansubuntumachine/ros2_ws/install/uuv_control_msgs/include/uuv_control_msgs/srv/detail
[1.373s] -- Up-to-date: /home/osansubuntumachine/ros2_ws/install/uuv_control_msgs/include/uuv_control_msgs/srv/detail/get_mbsm_controller_params__rosidl_typesupport_fastrtps_cpp.hpp
[1.373s] -- Up-to-date: /home/osansubuntumachine/ros2_ws/install/uuv_control_msgs/include/uuv_control_msgs/srv/detail/go_to_incremental__rosidl_typesupport_fastrtps_cpp.hpp
[1.373s] -- Up-to-date: /home/osansubuntumachine/ros2_ws/install/uuv_control_msgs/include/uuv_control_msgs/srv/detail/get_waypoints__rosidl_typesupport_fastrtps_cpp.hpp
[1.374s] -- Up-to-date: /home/osansubuntumachine/ros2_ws/install/uuv_control_msgs/include/uuv_control_msgs/srv/detail/is_running_trajectory__rosidl_typesupport_fastrtps_cpp.hpp
[1.374s] -- Up-to-date: /home/osansubuntumachine/ros2_ws/install/uuv_control_msgs/include/uuv_control_msgs/srv/detail/add_waypoint__rosidl_typesupport_fastrtps_cpp.hpp
[1.374s] -- Up-to-date: /home/osansubuntumachine/ros2_ws/install/uuv_control_msgs/include/uuv_control_msgs/srv/detail/init_helical_trajectory__rosidl_typesupport_fastrtps_cpp.hpp
[1.374s] -- Up-to-date: /home/osansubuntumachine/ros2_ws/install/uuv_control_msgs/include/uuv_control_msgs/srv/detail/reset_controller__rosidl_typesupport_fastrtps_cpp.hpp
[1.374s] -- Up-to-date: /home/osansubuntumachine/ros2_ws/install/uuv_control_msgs/include/uuv_control_msgs/srv/detail/get_sm_controller_params__rosidl_typesupport_fastrtps_cpp.hpp
[1.374s] -- Up-to-date: /home/osansubuntumachine/ros2_ws/install/uuv_control_msgs/include/uuv_control_msgs/srv/detail/hold__rosidl_typesupport_fastrtps_cpp.hpp
[1.374s] -- Up-to-date: /home/osansubuntumachine/ros2_ws/install/uuv_control_msgs/include/uuv_control_msgs/srv/detail/switch_to_manual__rosidl_typesupport_fastrtps_cpp.hpp
[1.374s] -- Up-to-date: /home/osansubuntumachine/ros2_ws/install/uuv_control_msgs/include/uuv_control_msgs/srv/detail/init_waypoints_from_file__rosidl_typesupport_fastrtps_cpp.hpp
[1.374s] -- Up-to-date: /home/osansubuntumachine/ros2_ws/install/uuv_control_msgs/include/uuv_control_msgs/srv/detail/go_to__rosidl_typesupport_fastrtps_cpp.hpp
[1.374s] -- Up-to-date: /home/osansubuntumachine/ros2_ws/install/uuv_control_msgs/include/uuv_control_msgs/srv/detail/init_circular_trajectory__rosidl_typesupport_fastrtps_cpp.hpp
[1.374s] -- Up-to-date: /home/osansubuntumachine/ros2_ws/install/uuv_control_msgs/include/uuv_control_msgs/srv/detail/set_mbsm_controller_params__rosidl_typesupport_fastrtps_cpp.hpp
[1.374s] -- Up-to-date: /home/osansubuntumachine/ros2_ws/install/uuv_control_msgs/include/uuv_control_msgs/srv/detail/set_sm_controller_params__rosidl_typesupport_fastrtps_cpp.hpp
[1.374s] -- Up-to-date: /home/osansubuntumachine/ros2_ws/install/uuv_control_msgs/include/uuv_control_msgs/srv/detail/init_waypoint_set__rosidl_typesupport_fastrtps_cpp.hpp
[1.374s] -- Up-to-date: /home/osansubuntumachine/ros2_ws/install/uuv_control_msgs/include/uuv_control_msgs/srv/detail/get_pid_params__rosidl_typesupport_fastrtps_cpp.hpp
[1.374s] -- Up-to-date: /home/osansubuntumachine/ros2_ws/install/uuv_control_msgs/include/uuv_control_msgs/srv/detail/clear_waypoints__rosidl_typesupport_fastrtps_cpp.hpp
[1.387s] -- Up-to-date: /home/osansubuntumachine/ros2_ws/install/uuv_control_msgs/include/uuv_control_msgs/srv/detail/start_trajectory__rosidl_typesupport_fastrtps_cpp.hpp
[1.387s] -- Up-to-date: /home/osansubuntumachine/ros2_ws/install/uuv_control_msgs/include/uuv_control_msgs/srv/detail/dds_fastrtps
[1.387s] -- Up-to-date: /home/osansubuntumachine/ros2_ws/install/uuv_control_msgs/include/uuv_control_msgs/srv/detail/set_pid_params__rosidl_typesupport_fastrtps_cpp.hpp
[1.387s] -- Up-to-date: /home/osansubuntumachine/ros2_ws/install/uuv_control_msgs/include/uuv_control_msgs/srv/detail/switch_to_automatic__rosidl_typesupport_fastrtps_cpp.hpp
[1.387s] -- Up-to-date: /home/osansubuntumachine/ros2_ws/install/uuv_control_msgs/include/uuv_control_msgs/srv/detail/init_rect_trajectory__rosidl_typesupport_fastrtps_cpp.hpp
[1.387s] -- Up-to-date: /home/osansubuntumachine/ros2_ws/install/uuv_control_msgs/lib/libuuv_control_msgs__rosidl_typesupport_fastrtps_cpp.so
[1.387s] -- Up-to-date: /home/osansubuntumachine/ros2_ws/install/uuv_control_msgs/include/uuv_control_msgs
[1.387s] -- Up-to-date: /home/osansubuntumachine/ros2_ws/install/uuv_control_msgs/include/uuv_control_msgs/msg
[1.387s] -- Up-to-date: /home/osansubuntumachine/ros2_ws/install/uuv_control_msgs/include/uuv_control_msgs/msg/rosidl_typesupport_introspection_c__visibility_control.h
[1.388s] -- Up-to-date: /home/osansubuntumachine/ros2_ws/install/uuv_control_msgs/include/uuv_control_msgs/msg/detail
[1.388s] -- Up-to-date: /home/osansubuntumachine/ros2_ws/install/uuv_control_msgs/include/uuv_control_msgs/msg/detail/trajectory_point__type_support.c
[1.388s] -- Up-to-date: /home/osansubuntumachine/ros2_ws/install/uuv_control_msgs/include/uuv_control_msgs/msg/detail/trajectory__type_support.c
[1.388s] -- Up-to-date: /home/osansubuntumachine/ros2_ws/install/uuv_control_msgs/include/uuv_control_msgs/msg/detail/waypoint_set__rosidl_typesupport_introspection_c.h
[1.388s] -- Up-to-date: /home/osansubuntumachine/ros2_ws/install/uuv_control_msgs/include/uuv_control_msgs/msg/detail/waypoint__rosidl_typesupport_introspection_c.h
[1.388s] -- Up-to-date: /home/osansubuntumachine/ros2_ws/install/uuv_control_msgs/include/uuv_control_msgs/msg/detail/waypoint_set__type_support.c
[1.388s] -- Up-to-date: /home/osansubuntumachine/ros2_ws/install/uuv_control_msgs/include/uuv_control_msgs/msg/detail/trajectory__rosidl_typesupport_introspection_c.h
[1.388s] -- Up-to-date: /home/osansubuntumachine/ros2_ws/install/uuv_control_msgs/include/uuv_control_msgs/msg/detail/waypoint__type_support.c
[1.388s] -- Up-to-date: /home/osansubuntumachine/ros2_ws/install/uuv_control_msgs/include/uuv_control_msgs/msg/detail/trajectory_point__rosidl_typesupport_introspection_c.h
[1.388s] -- Up-to-date: /home/osansubuntumachine/ros2_ws/install/uuv_control_msgs/include/uuv_control_msgs/srv
[1.404s] -- Up-to-date: /home/osansubuntumachine/ros2_ws/install/uuv_control_msgs/include/uuv_control_msgs/srv/detail
[1.404s] -- Up-to-date: /home/osansubuntumachine/ros2_ws/install/uuv_control_msgs/include/uuv_control_msgs/srv/detail/set_mbsm_controller_params__rosidl_typesupport_introspection_c.h
[1.405s] -- Up-to-date: /home/osansubuntumachine/ros2_ws/install/uuv_control_msgs/include/uuv_control_msgs/srv/detail/get_mbsm_controller_params__rosidl_typesupport_introspection_c.h
[1.405s] -- Up-to-date: /home/osansubuntumachine/ros2_ws/install/uuv_control_msgs/include/uuv_control_msgs/srv/detail/init_rect_trajectory__rosidl_typesupport_introspection_c.h
[1.405s] -- Up-to-date: /home/osansubuntumachine/ros2_ws/install/uuv_control_msgs/include/uuv_control_msgs/srv/detail/go_to_incremental__rosidl_typesupport_introspection_c.h
[1.405s] -- Up-to-date: /home/osansubuntumachine/ros2_ws/install/uuv_control_msgs/include/uuv_control_msgs/srv/detail/init_waypoint_set__rosidl_typesupport_introspection_c.h
[1.405s] -- Up-to-date: /home/osansubuntumachine/ros2_ws/install/uuv_control_msgs/include/uuv_control_msgs/srv/detail/add_waypoint__rosidl_typesupport_introspection_c.h
[1.405s] -- Up-to-date: /home/osansubuntumachine/ros2_ws/install/uuv_control_msgs/include/uuv_control_msgs/srv/detail/init_circular_trajectory__type_support.c
[1.405s] -- Up-to-date: /home/osansubuntumachine/ros2_ws/install/uuv_control_msgs/include/uuv_control_msgs/srv/detail/set_pid_params__rosidl_typesupport_introspection_c.h
[1.405s] -- Up-to-date: /home/osansubuntumachine/ros2_ws/install/uuv_control_msgs/include/uuv_control_msgs/srv/detail/start_trajectory__type_support.c
[1.405s] -- Up-to-date: /home/osansubuntumachine/ros2_ws/install/uuv_control_msgs/include/uuv_control_msgs/srv/detail/switch_to_manual__type_support.c
[1.405s] -- Up-to-date: /home/osansubuntumachine/ros2_ws/install/uuv_control_msgs/include/uuv_control_msgs/srv/detail/init_helical_trajectory__type_support.c
[1.405s] -- Up-to-date: /home/osansubuntumachine/ros2_ws/install/uuv_control_msgs/include/uuv_control_msgs/srv/detail/init_waypoints_from_file__rosidl_typesupport_introspection_c.h
[1.405s] -- Up-to-date: /home/osansubuntumachine/ros2_ws/install/uuv_control_msgs/include/uuv_control_msgs/srv/detail/init_circular_trajectory__rosidl_typesupport_introspection_c.h
[1.405s] -- Up-to-date: /home/osansubuntumachine/ros2_ws/install/uuv_control_msgs/include/uuv_control_msgs/srv/detail/get_sm_controller_params__rosidl_typesupport_introspection_c.h
[1.405s] -- Up-to-date: /home/osansubuntumachine/ros2_ws/install/uuv_control_msgs/include/uuv_control_msgs/srv/detail/clear_waypoints__rosidl_typesupport_introspection_c.h
[1.405s] -- Up-to-date: /home/osansubuntumachine/ros2_ws/install/uuv_control_msgs/include/uuv_control_msgs/srv/detail/clear_waypoints__type_support.c
[1.405s] -- Up-to-date: /home/osansubuntumachine/ros2_ws/install/uuv_control_msgs/include/uuv_control_msgs/srv/detail/get_mbsm_controller_params__type_support.c
[1.405s] -- Up-to-date: /home/osansubuntumachine/ros2_ws/install/uuv_control_msgs/include/uuv_control_msgs/srv/detail/get_pid_params__type_support.c
[1.406s] -- Up-to-date: /home/osansubuntumachine/ros2_ws/install/uuv_control_msgs/include/uuv_control_msgs/srv/detail/set_mbsm_controller_params__type_support.c
[1.406s] -- Up-to-date: /home/osansubuntumachine/ros2_ws/install/uuv_control_msgs/include/uuv_control_msgs/srv/detail/init_rect_trajectory__type_support.c
[1.406s] -- Up-to-date: /home/osansubuntumachine/ros2_ws/install/uuv_control_msgs/include/uuv_control_msgs/srv/detail/get_sm_controller_params__type_support.c
[1.406s] -- Up-to-date: /home/osansubuntumachine/ros2_ws/install/uuv_control_msgs/include/uuv_control_msgs/srv/detail/add_waypoint__type_support.c
[1.406s] -- Up-to-date: /home/osansubuntumachine/ros2_ws/install/uuv_control_msgs/include/uuv_control_msgs/srv/detail/hold__rosidl_typesupport_introspection_c.h
[1.406s] -- Up-to-date: /home/osansubuntumachine/ros2_ws/install/uuv_control_msgs/include/uuv_control_msgs/srv/detail/init_helical_trajectory__rosidl_typesupport_introspection_c.h
[1.406s] -- Up-to-date: /home/osansubuntumachine/ros2_ws/install/uuv_control_msgs/include/uuv_control_msgs/srv/detail/get_waypoints__rosidl_typesupport_introspection_c.h
[1.406s] -- Up-to-date: /home/osansubuntumachine/ros2_ws/install/uuv_control_msgs/include/uuv_control_msgs/srv/detail/is_running_trajectory__type_support.c
[1.406s] -- Up-to-date: /home/osansubuntumachine/ros2_ws/install/uuv_control_msgs/include/uuv_control_msgs/srv/detail/switch_to_manual__rosidl_typesupport_introspection_c.h
[1.406s] -- Up-to-date: /home/osansubuntumachine/ros2_ws/install/uuv_control_msgs/include/uuv_control_msgs/srv/detail/switch_to_automatic__type_support.c
[1.406s] -- Up-to-date: /home/osansubuntumachine/ros2_ws/install/uuv_control_msgs/include/uuv_control_msgs/srv/detail/go_to__type_support.c
[1.406s] -- Up-to-date: /home/osansubuntumachine/ros2_ws/install/uuv_control_msgs/include/uuv_control_msgs/srv/detail/set_sm_controller_params__type_support.c
[1.406s] -- Up-to-date: /home/osansubuntumachine/ros2_ws/install/uuv_control_msgs/include/uuv_control_msgs/srv/detail/reset_controller__rosidl_typesupport_introspection_c.h
[1.406s] -- Up-to-date: /home/osansubuntumachine/ros2_ws/install/uuv_control_msgs/include/uuv_control_msgs/srv/detail/switch_to_automatic__rosidl_typesupport_introspection_c.h
[1.407s] -- Up-to-date: /home/osansubuntumachine/ros2_ws/install/uuv_control_msgs/include/uuv_control_msgs/srv/detail/is_running_trajectory__rosidl_typesupport_introspection_c.h
[1.407s] -- Up-to-date: /home/osansubuntumachine/ros2_ws/install/uuv_control_msgs/include/uuv_control_msgs/srv/detail/go_to__rosidl_typesupport_introspection_c.h
[1.407s] -- Up-to-date: /home/osansubuntumachine/ros2_ws/install/uuv_control_msgs/include/uuv_control_msgs/srv/detail/init_waypoints_from_file__type_support.c
[1.407s] -- Up-to-date: /home/osansubuntumachine/ros2_ws/install/uuv_control_msgs/include/uuv_control_msgs/srv/detail/get_pid_params__rosidl_typesupport_introspection_c.h
[1.407s] -- Up-to-date: /home/osansubuntumachine/ros2_ws/install/uuv_control_msgs/include/uuv_control_msgs/srv/detail/get_waypoints__type_support.c
[1.407s] -- Up-to-date: /home/osansubuntumachine/ros2_ws/install/uuv_control_msgs/include/uuv_control_msgs/srv/detail/hold__type_support.c
[1.407s] -- Up-to-date: /home/osansubuntumachine/ros2_ws/install/uuv_control_msgs/include/uuv_control_msgs/srv/detail/init_waypoint_set__type_support.c
[1.407s] -- Up-to-date: /home/osansubuntumachine/ros2_ws/install/uuv_control_msgs/include/uuv_control_msgs/srv/detail/start_trajectory__rosidl_typesupport_introspection_c.h
[1.407s] -- Up-to-date: /home/osansubuntumachine/ros2_ws/install/uuv_control_msgs/include/uuv_control_msgs/srv/detail/set_sm_controller_params__rosidl_typesupport_introspection_c.h
[1.408s] -- Up-to-date: /home/osansubuntumachine/ros2_ws/install/uuv_control_msgs/include/uuv_control_msgs/srv/detail/set_pid_params__type_support.c
[1.408s] -- Up-to-date: /home/osansubuntumachine/ros2_ws/install/uuv_control_msgs/include/uuv_control_msgs/srv/detail/reset_controller__type_support.c
[1.408s] -- Up-to-date: /home/osansubuntumachine/ros2_ws/install/uuv_control_msgs/include/uuv_control_msgs/srv/detail/go_to_incremental__type_support.c
[1.408s] -- Up-to-date: /home/osansubuntumachine/ros2_ws/install/uuv_control_msgs/lib/libuuv_control_msgs__rosidl_typesupport_introspection_c.so
[1.408s] -- Up-to-date: /home/osansubuntumachine/ros2_ws/install/uuv_control_msgs/lib/libuuv_control_msgs__rosidl_typesupport_c.so
[1.408s] -- Up-to-date: /home/osansubuntumachine/ros2_ws/install/uuv_control_msgs/include/uuv_control_msgs
[1.408s] -- Up-to-date: /home/osansubuntumachine/ros2_ws/install/uuv_control_msgs/include/uuv_control_msgs/msg
[1.408s] -- Up-to-date: /home/osansubuntumachine/ros2_ws/install/uuv_control_msgs/include/uuv_control_msgs/msg/trajectory.hpp
[1.408s] -- Up-to-date: /home/osansubuntumachine/ros2_ws/install/uuv_control_msgs/include/uuv_control_msgs/msg/trajectory_point.hpp
[1.408s] -- Up-to-date: /home/osansubuntumachine/ros2_ws/install/uuv_control_msgs/include/uuv_control_msgs/msg/waypoint.hpp
[1.408s] -- Up-to-date: /home/osansubuntumachine/ros2_ws/install/uuv_control_msgs/include/uuv_control_msgs/msg/rosidl_generator_cpp__visibility_control.hpp
[1.408s] -- Up-to-date: /home/osansubuntumachine/ros2_ws/install/uuv_control_msgs/include/uuv_control_msgs/msg/waypoint_set.hpp
[1.442s] -- Up-to-date: /home/osansubuntumachine/ros2_ws/install/uuv_control_msgs/include/uuv_control_msgs/msg/detail
[1.442s] -- Up-to-date: /home/osansubuntumachine/ros2_ws/install/uuv_control_msgs/include/uuv_control_msgs/msg/detail/waypoint_set__builder.hpp
[1.442s] -- Up-to-date: /home/osansubuntumachine/ros2_ws/install/uuv_control_msgs/include/uuv_control_msgs/msg/detail/trajectory_point__traits.hpp
[1.442s] -- Up-to-date: /home/osansubuntumachine/ros2_ws/install/uuv_control_msgs/include/uuv_control_msgs/msg/detail/trajectory__type_support.hpp
[1.443s] -- Up-to-date: /home/osansubuntumachine/ros2_ws/install/uuv_control_msgs/include/uuv_control_msgs/msg/detail/trajectory__traits.hpp
[1.443s] -- Up-to-date: /home/osansubuntumachine/ros2_ws/install/uuv_control_msgs/include/uuv_control_msgs/msg/detail/waypoint_set__struct.hpp
[1.443s] -- Up-to-date: /home/osansubuntumachine/ros2_ws/install/uuv_control_msgs/include/uuv_control_msgs/msg/detail/waypoint__type_support.hpp
[1.443s] -- Up-to-date: /home/osansubuntumachine/ros2_ws/install/uuv_control_msgs/include/uuv_control_msgs/msg/detail/waypoint__traits.hpp
[1.443s] -- Up-to-date: /home/osansubuntumachine/ros2_ws/install/uuv_control_msgs/include/uuv_control_msgs/msg/detail/waypoint_set__type_support.hpp
[1.443s] -- Up-to-date: /home/osansubuntumachine/ros2_ws/install/uuv_control_msgs/include/uuv_control_msgs/msg/detail/trajectory__builder.hpp
[1.443s] -- Up-to-date: /home/osansubuntumachine/ros2_ws/install/uuv_control_msgs/include/uuv_control_msgs/msg/detail/waypoint__struct.hpp
[1.443s] -- Up-to-date: /home/osansubuntumachine/ros2_ws/install/uuv_control_msgs/include/uuv_control_msgs/msg/detail/trajectory_point__struct.hpp
[1.444s] -- Up-to-date: /home/osansubuntumachine/ros2_ws/install/uuv_control_msgs/include/uuv_control_msgs/msg/detail/waypoint__builder.hpp
[1.444s] -- Up-to-date: /home/osansubuntumachine/ros2_ws/install/uuv_control_msgs/include/uuv_control_msgs/msg/detail/trajectory_point__type_support.hpp
[1.444s] -- Up-to-date: /home/osansubuntumachine/ros2_ws/install/uuv_control_msgs/include/uuv_control_msgs/msg/detail/trajectory__struct.hpp
[1.444s] -- Up-to-date: /home/osansubuntumachine/ros2_ws/install/uuv_control_msgs/include/uuv_control_msgs/msg/detail/trajectory_point__builder.hpp
[1.444s] -- Up-to-date: /home/osansubuntumachine/ros2_ws/install/uuv_control_msgs/include/uuv_control_msgs/msg/detail/waypoint_set__traits.hpp
[1.444s] -- Up-to-date: /home/osansubuntumachine/ros2_ws/install/uuv_control_msgs/include/uuv_control_msgs/srv
[1.444s] -- Up-to-date: /home/osansubuntumachine/ros2_ws/install/uuv_control_msgs/include/uuv_control_msgs/srv/add_waypoint.hpp
[1.444s] -- Up-to-date: /home/osansubuntumachine/ros2_ws/install/uuv_control_msgs/include/uuv_control_msgs/srv/init_helical_trajectory.hpp
[1.444s] -- Up-to-date: /home/osansubuntumachine/ros2_ws/install/uuv_control_msgs/include/uuv_control_msgs/srv/clear_waypoints.hpp
[1.444s] -- Up-to-date: /home/osansubuntumachine/ros2_ws/install/uuv_control_msgs/include/uuv_control_msgs/srv/start_trajectory.hpp
[1.444s] -- Up-to-date: /home/osansubuntumachine/ros2_ws/install/uuv_control_msgs/include/uuv_control_msgs/srv/init_rect_trajectory.hpp
[1.449s] -- Up-to-date: /home/osansubuntumachine/ros2_ws/install/uuv_control_msgs/include/uuv_control_msgs/srv/set_sm_controller_params.hpp
[1.449s] -- Up-to-date: /home/osansubuntumachine/ros2_ws/install/uuv_control_msgs/include/uuv_control_msgs/srv/reset_controller.hpp
[1.449s] -- Up-to-date: /home/osansubuntumachine/ros2_ws/install/uuv_control_msgs/include/uuv_control_msgs/srv/switch_to_automatic.hpp
[1.449s] -- Up-to-date: /home/osansubuntumachine/ros2_ws/install/uuv_control_msgs/include/uuv_control_msgs/srv/go_to_incremental.hpp
[1.449s] -- Up-to-date: /home/osansubuntumachine/ros2_ws/install/uuv_control_msgs/include/uuv_control_msgs/srv/get_waypoints.hpp
[1.449s] -- Up-to-date: /home/osansubuntumachine/ros2_ws/install/uuv_control_msgs/include/uuv_control_msgs/srv/init_circular_trajectory.hpp
[1.449s] -- Up-to-date: /home/osansubuntumachine/ros2_ws/install/uuv_control_msgs/include/uuv_control_msgs/srv/get_sm_controller_params.hpp
[1.449s] -- Up-to-date: /home/osansubuntumachine/ros2_ws/install/uuv_control_msgs/include/uuv_control_msgs/srv/is_running_trajectory.hpp
[1.449s] -- Up-to-date: /home/osansubuntumachine/ros2_ws/install/uuv_control_msgs/include/uuv_control_msgs/srv/switch_to_manual.hpp
[1.449s] -- Up-to-date: /home/osansubuntumachine/ros2_ws/install/uuv_control_msgs/include/uuv_control_msgs/srv/hold.hpp
[1.449s] -- Up-to-date: /home/osansubuntumachine/ros2_ws/install/uuv_control_msgs/include/uuv_control_msgs/srv/init_waypoints_from_file.hpp
[1.449s] -- Up-to-date: /home/osansubuntumachine/ros2_ws/install/uuv_control_msgs/include/uuv_control_msgs/srv/init_waypoint_set.hpp
[1.449s] -- Up-to-date: /home/osansubuntumachine/ros2_ws/install/uuv_control_msgs/include/uuv_control_msgs/srv/detail
[1.449s] -- Up-to-date: /home/osansubuntumachine/ros2_ws/install/uuv_control_msgs/include/uuv_control_msgs/srv/detail/init_rect_trajectory__struct.hpp
[1.450s] -- Up-to-date: /home/osansubuntumachine/ros2_ws/install/uuv_control_msgs/include/uuv_control_msgs/srv/detail/init_waypoint_set__struct.hpp
[1.450s] -- Up-to-date: /home/osansubuntumachine/ros2_ws/install/uuv_control_msgs/include/uuv_control_msgs/srv/detail/init_waypoint_set__builder.hpp
[1.450s] -- Up-to-date: /home/osansubuntumachine/ros2_ws/install/uuv_control_msgs/include/uuv_control_msgs/srv/detail/add_waypoint__traits.hpp
[1.450s] -- Up-to-date: /home/osansubuntumachine/ros2_ws/install/uuv_control_msgs/include/uuv_control_msgs/srv/detail/get_waypoints__struct.hpp
[1.450s] -- Up-to-date: /home/osansubuntumachine/ros2_ws/install/uuv_control_msgs/include/uuv_control_msgs/srv/detail/get_pid_params__traits.hpp
[1.450s] -- Up-to-date: /home/osansubuntumachine/ros2_ws/install/uuv_control_msgs/include/uuv_control_msgs/srv/detail/go_to__builder.hpp
[1.450s] -- Up-to-date: /home/osansubuntumachine/ros2_ws/install/uuv_control_msgs/include/uuv_control_msgs/srv/detail/init_helical_trajectory__builder.hpp
[1.450s] -- Up-to-date: /home/osansubuntumachine/ros2_ws/install/uuv_control_msgs/include/uuv_control_msgs/srv/detail/go_to_incremental__builder.hpp
[1.450s] -- Up-to-date: /home/osansubuntumachine/ros2_ws/install/uuv_control_msgs/include/uuv_control_msgs/srv/detail/go_to__traits.hpp
[1.450s] -- Up-to-date: /home/osansubuntumachine/ros2_ws/install/uuv_control_msgs/include/uuv_control_msgs/srv/detail/set_pid_params__builder.hpp
[1.450s] -- Up-to-date: /home/osansubuntumachine/ros2_ws/install/uuv_control_msgs/include/uuv_control_msgs/srv/detail/get_mbsm_controller_params__builder.hpp
[1.450s] -- Up-to-date: /home/osansubuntumachine/ros2_ws/install/uuv_control_msgs/include/uuv_control_msgs/srv/detail/is_running_trajectory__struct.hpp
[1.450s] -- Up-to-date: /home/osansubuntumachine/ros2_ws/install/uuv_control_msgs/include/uuv_control_msgs/srv/detail/get_mbsm_controller_params__struct.hpp
[1.450s] -- Up-to-date: /home/osansubuntumachine/ros2_ws/install/uuv_control_msgs/include/uuv_control_msgs/srv/detail/hold__traits.hpp
[1.450s] -- Up-to-date: /home/osansubuntumachine/ros2_ws/install/uuv_control_msgs/include/uuv_control_msgs/srv/detail/get_pid_params__type_support.hpp
[1.451s] -- Up-to-date: /home/osansubuntumachine/ros2_ws/install/uuv_control_msgs/include/uuv_control_msgs/srv/detail/set_mbsm_controller_params__type_support.hpp
[1.451s] -- Up-to-date: /home/osansubuntumachine/ros2_ws/install/uuv_control_msgs/include/uuv_control_msgs/srv/detail/init_waypoint_set__traits.hpp
[1.451s] -- Up-to-date: /home/osansubuntumachine/ros2_ws/install/uuv_control_msgs/include/uuv_control_msgs/srv/detail/get_mbsm_controller_params__type_support.hpp
[1.451s] -- Up-to-date: /home/osansubuntumachine/ros2_ws/install/uuv_control_msgs/include/uuv_control_msgs/srv/detail/start_trajectory__struct.hpp
[1.451s] -- Up-to-date: /home/osansubuntumachine/ros2_ws/install/uuv_control_msgs/include/uuv_control_msgs/srv/detail/clear_waypoints__struct.hpp
[1.451s] -- Up-to-date: /home/osansubuntumachine/ros2_ws/install/uuv_control_msgs/include/uuv_control_msgs/srv/detail/set_mbsm_controller_params__struct.hpp
[1.451s] -- Up-to-date: /home/osansubuntumachine/ros2_ws/install/uuv_control_msgs/include/uuv_control_msgs/srv/detail/clear_waypoints__builder.hpp
[1.451s] -- Up-to-date: /home/osansubuntumachine/ros2_ws/install/uuv_control_msgs/include/uuv_control_msgs/srv/detail/reset_controller__traits.hpp
[1.451s] -- Up-to-date: /home/osansubuntumachine/ros2_ws/install/uuv_control_msgs/include/uuv_control_msgs/srv/detail/add_waypoint__struct.hpp
[1.451s] -- Up-to-date: /home/osansubuntumachine/ros2_ws/install/uuv_control_msgs/include/uuv_control_msgs/srv/detail/set_pid_params__type_support.hpp
[1.451s] -- Up-to-date: /home/osansubuntumachine/ros2_ws/install/uuv_control_msgs/include/uuv_control_msgs/srv/detail/hold__type_support.hpp
[1.451s] -- Up-to-date: /home/osansubuntumachine/ros2_ws/install/uuv_control_msgs/include/uuv_control_msgs/srv/detail/get_waypoints__builder.hpp
[1.451s] -- Up-to-date: /home/osansubuntumachine/ros2_ws/install/uuv_control_msgs/include/uuv_control_msgs/srv/detail/switch_to_automatic__type_support.hpp
[1.451s] -- Up-to-date: /home/osansubuntumachine/ros2_ws/install/uuv_control_msgs/include/uuv_control_msgs/srv/detail/init_circular_trajectory__builder.hpp
[1.451s] -- Up-to-date: /home/osansubuntumachine/ros2_ws/install/uuv_control_msgs/include/uuv_control_msgs/srv/detail/get_waypoints__traits.hpp
[1.451s] -- Up-to-date: /home/osansubuntumachine/ros2_ws/install/uuv_control_msgs/include/uuv_control_msgs/srv/detail/init_helical_trajectory__struct.hpp
[1.452s] -- Up-to-date: /home/osansubuntumachine/ros2_ws/install/uuv_control_msgs/include/uuv_control_msgs/srv/detail/set_sm_controller_params__struct.hpp
[1.452s] -- Up-to-date: /home/osansubuntumachine/ros2_ws/install/uuv_control_msgs/include/uuv_control_msgs/srv/detail/clear_waypoints__type_support.hpp
[1.452s] -- Up-to-date: /home/osansubuntumachine/ros2_ws/install/uuv_control_msgs/include/uuv_control_msgs/srv/detail/set_sm_controller_params__traits.hpp
[1.467s] -- Up-to-date: /home/osansubuntumachine/ros2_ws/install/uuv_control_msgs/include/uuv_control_msgs/srv/detail/get_waypoints__type_support.hpp
[1.467s] -- Up-to-date: /home/osansubuntumachine/ros2_ws/install/uuv_control_msgs/include/uuv_control_msgs/srv/detail/start_trajectory__traits.hpp
[1.467s] -- Up-to-date: /home/osansubuntumachine/ros2_ws/install/uuv_control_msgs/include/uuv_control_msgs/srv/detail/is_running_trajectory__builder.hpp
[1.479s] -- Up-to-date: /home/osansubuntumachine/ros2_ws/install/uuv_control_msgs/include/uuv_control_msgs/srv/detail/clear_waypoints__traits.hpp
[1.480s] -- Up-to-date: /home/osansubuntumachine/ros2_ws/install/uuv_control_msgs/include/uuv_control_msgs/srv/detail/start_trajectory__type_support.hpp
[1.480s] -- Up-to-date: /home/osansubuntumachine/ros2_ws/install/uuv_control_msgs/include/uuv_control_msgs/srv/detail/switch_to_automatic__builder.hpp
[1.480s] -- Up-to-date: /home/osansubuntumachine/ros2_ws/install/uuv_control_msgs/include/uuv_control_msgs/srv/detail/init_waypoints_from_file__traits.hpp
[1.480s] -- Up-to-date: /home/osansubuntumachine/ros2_ws/install/uuv_control_msgs/include/uuv_control_msgs/srv/detail/switch_to_manual__traits.hpp
[1.480s] -- Up-to-date: /home/osansubuntumachine/ros2_ws/install/uuv_control_msgs/include/uuv_control_msgs/srv/detail/set_pid_params__traits.hpp
[1.480s] -- Up-to-date: /home/osansubuntumachine/ros2_ws/install/uuv_control_msgs/include/uuv_control_msgs/srv/detail/init_rect_trajectory__type_support.hpp
[1.480s] -- Up-to-date: /home/osansubuntumachine/ros2_ws/install/uuv_control_msgs/include/uuv_control_msgs/srv/detail/hold__builder.hpp
[1.480s] -- Up-to-date: /home/osansubuntumachine/ros2_ws/install/uuv_control_msgs/include/uuv_control_msgs/srv/detail/init_waypoints_from_file__struct.hpp
[1.480s] -- Up-to-date: /home/osansubuntumachine/ros2_ws/install/uuv_control_msgs/include/uuv_control_msgs/srv/detail/reset_controller__type_support.hpp
[1.480s] -- Up-to-date: /home/osansubuntumachine/ros2_ws/install/uuv_control_msgs/include/uuv_control_msgs/srv/detail/init_waypoint_set__type_support.hpp
[1.480s] -- Up-to-date: /home/osansubuntumachine/ros2_ws/install/uuv_control_msgs/include/uuv_control_msgs/srv/detail/init_rect_trajectory__traits.hpp
[1.480s] -- Up-to-date: /home/osansubuntumachine/ros2_ws/install/uuv_control_msgs/include/uuv_control_msgs/srv/detail/set_mbsm_controller_params__builder.hpp
[1.480s] -- Up-to-date: /home/osansubuntumachine/ros2_ws/install/uuv_control_msgs/include/uuv_control_msgs/srv/detail/init_waypoints_from_file__builder.hpp
[1.481s] -- Up-to-date: /home/osansubuntumachine/ros2_ws/install/uuv_control_msgs/include/uuv_control_msgs/srv/detail/reset_controller__struct.hpp
[1.481s] -- Up-to-date: /home/osansubuntumachine/ros2_ws/install/uuv_control_msgs/include/uuv_control_msgs/srv/detail/reset_controller__builder.hpp
[1.481s] -- Up-to-date: /home/osansubuntumachine/ros2_ws/install/uuv_control_msgs/include/uuv_control_msgs/srv/detail/switch_to_automatic__struct.hpp
[1.481s] -- Up-to-date: /home/osansubuntumachine/ros2_ws/install/uuv_control_msgs/include/uuv_control_msgs/srv/detail/go_to_incremental__struct.hpp
[1.481s] -- Up-to-date: /home/osansubuntumachine/ros2_ws/install/uuv_control_msgs/include/uuv_control_msgs/srv/detail/start_trajectory__builder.hpp
[1.481s] -- Up-to-date: /home/osansubuntumachine/ros2_ws/install/uuv_control_msgs/include/uuv_control_msgs/srv/detail/get_pid_params__struct.hpp
[1.481s] -- Up-to-date: /home/osansubuntumachine/ros2_ws/install/uuv_control_msgs/include/uuv_control_msgs/srv/detail/init_circular_trajectory__type_support.hpp
[1.481s] -- Up-to-date: /home/osansubuntumachine/ros2_ws/install/uuv_control_msgs/include/uuv_control_msgs/srv/detail/hold__struct.hpp
[1.481s] -- Up-to-date: /home/osansubuntumachine/ros2_ws/install/uuv_control_msgs/include/uuv_control_msgs/srv/detail/get_pid_params__builder.hpp
[1.481s] -- Up-to-date: /home/osansubuntumachine/ros2_ws/install/uuv_control_msgs/include/uuv_control_msgs/srv/detail/get_sm_controller_params__traits.hpp
[1.481s] -- Up-to-date: /home/osansubuntumachine/ros2_ws/install/uuv_control_msgs/include/uuv_control_msgs/srv/detail/is_running_trajectory__traits.hpp
[1.481s] -- Up-to-date: /home/osansubuntumachine/ros2_ws/install/uuv_control_msgs/include/uuv_control_msgs/srv/detail/init_circular_trajectory__traits.hpp
[1.482s] -- Up-to-date: /home/osansubuntumachine/ros2_ws/install/uuv_control_msgs/include/uuv_control_msgs/srv/detail/add_waypoint__type_support.hpp
[1.482s] -- Up-to-date: /home/osansubuntumachine/ros2_ws/install/uuv_control_msgs/include/uuv_control_msgs/srv/detail/add_waypoint__builder.hpp
[1.482s] -- Up-to-date: /home/osansubuntumachine/ros2_ws/install/uuv_control_msgs/include/uuv_control_msgs/srv/detail/go_to_incremental__type_support.hpp
[1.482s] -- Up-to-date: /home/osansubuntumachine/ros2_ws/install/uuv_control_msgs/include/uuv_control_msgs/srv/detail/init_waypoints_from_file__type_support.hpp
[1.482s] -- Up-to-date: /home/osansubuntumachine/ros2_ws/install/uuv_control_msgs/include/uuv_control_msgs/srv/detail/init_rect_trajectory__builder.hpp
[1.482s] -- Up-to-date: /home/osansubuntumachine/ros2_ws/install/uuv_control_msgs/include/uuv_control_msgs/srv/detail/init_helical_trajectory__type_support.hpp
[1.482s] -- Up-to-date: /home/osansubuntumachine/ros2_ws/install/uuv_control_msgs/include/uuv_control_msgs/srv/detail/get_sm_controller_params__type_support.hpp
[1.482s] -- Up-to-date: /home/osansubuntumachine/ros2_ws/install/uuv_control_msgs/include/uuv_control_msgs/srv/detail/init_helical_trajectory__traits.hpp
[1.482s] -- Up-to-date: /home/osansubuntumachine/ros2_ws/install/uuv_control_msgs/include/uuv_control_msgs/srv/detail/set_sm_controller_params__type_support.hpp
[1.482s] -- Up-to-date: /home/osansubuntumachine/ros2_ws/install/uuv_control_msgs/include/uuv_control_msgs/srv/detail/set_sm_controller_params__builder.hpp
[1.482s] -- Up-to-date: /home/osansubuntumachine/ros2_ws/install/uuv_control_msgs/include/uuv_control_msgs/srv/detail/is_running_trajectory__type_support.hpp
[1.482s] -- Up-to-date: /home/osansubuntumachine/ros2_ws/install/uuv_control_msgs/include/uuv_control_msgs/srv/detail/init_circular_trajectory__struct.hpp
[1.482s] -- Up-to-date: /home/osansubuntumachine/ros2_ws/install/uuv_control_msgs/include/uuv_control_msgs/srv/detail/switch_to_automatic__traits.hpp
[1.483s] -- Up-to-date: /home/osansubuntumachine/ros2_ws/install/uuv_control_msgs/include/uuv_control_msgs/srv/detail/switch_to_manual__builder.hpp
[1.483s] -- Up-to-date: /home/osansubuntumachine/ros2_ws/install/uuv_control_msgs/include/uuv_control_msgs/srv/detail/go_to__type_support.hpp
[1.483s] -- Up-to-date: /home/osansubuntumachine/ros2_ws/install/uuv_control_msgs/include/uuv_control_msgs/srv/detail/go_to__struct.hpp
[1.483s] -- Up-to-date: /home/osansubuntumachine/ros2_ws/install/uuv_control_msgs/include/uuv_control_msgs/srv/detail/go_to_incremental__traits.hpp
[1.493s] -- Up-to-date: /home/osansubuntumachine/ros2_ws/install/uuv_control_msgs/include/uuv_control_msgs/srv/detail/set_mbsm_controller_params__traits.hpp
[1.493s] -- Up-to-date: /home/osansubuntumachine/ros2_ws/install/uuv_control_msgs/include/uuv_control_msgs/srv/detail/get_sm_controller_params__builder.hpp
[1.493s] -- Up-to-date: /home/osansubuntumachine/ros2_ws/install/uuv_control_msgs/include/uuv_control_msgs/srv/detail/get_mbsm_controller_params__traits.hpp
[1.493s] -- Up-to-date: /home/osansubuntumachine/ros2_ws/install/uuv_control_msgs/include/uuv_control_msgs/srv/detail/set_pid_params__struct.hpp
[1.493s] -- Up-to-date: /home/osansubuntumachine/ros2_ws/install/uuv_control_msgs/include/uuv_control_msgs/srv/detail/get_sm_controller_params__struct.hpp
[1.494s] -- Up-to-date: /home/osansubuntumachine/ros2_ws/install/uuv_control_msgs/include/uuv_control_msgs/srv/detail/switch_to_manual__struct.hpp
[1.495s] -- Up-to-date: /home/osansubuntumachine/ros2_ws/install/uuv_control_msgs/include/uuv_control_msgs/srv/detail/switch_to_manual__type_support.hpp
[1.495s] -- Up-to-date: /home/osansubuntumachine/ros2_ws/install/uuv_control_msgs/include/uuv_control_msgs/srv/get_mbsm_controller_params.hpp
[1.495s] -- Up-to-date: /home/osansubuntumachine/ros2_ws/install/uuv_control_msgs/include/uuv_control_msgs/srv/set_pid_params.hpp
[1.495s] -- Up-to-date: /home/osansubuntumachine/ros2_ws/install/uuv_control_msgs/include/uuv_control_msgs/srv/get_pid_params.hpp
[1.495s] -- Up-to-date: /home/osansubuntumachine/ros2_ws/install/uuv_control_msgs/include/uuv_control_msgs/srv/set_mbsm_controller_params.hpp
[1.495s] -- Up-to-date: /home/osansubuntumachine/ros2_ws/install/uuv_control_msgs/include/uuv_control_msgs/srv/go_to.hpp
[1.495s] -- Up-to-date: /home/osansubuntumachine/ros2_ws/install/uuv_control_msgs/include/uuv_control_msgs
[1.495s] -- Up-to-date: /home/osansubuntumachine/ros2_ws/install/uuv_control_msgs/include/uuv_control_msgs/msg
[1.495s] -- Up-to-date: /home/osansubuntumachine/ros2_ws/install/uuv_control_msgs/include/uuv_control_msgs/msg/detail
[1.495s] -- Up-to-date: /home/osansubuntumachine/ros2_ws/install/uuv_control_msgs/include/uuv_control_msgs/msg/detail/trajectory__type_support.cpp
[1.495s] -- Up-to-date: /home/osansubuntumachine/ros2_ws/install/uuv_control_msgs/include/uuv_control_msgs/msg/detail/waypoint__type_support.cpp
[1.496s] -- Up-to-date: /home/osansubuntumachine/ros2_ws/install/uuv_control_msgs/include/uuv_control_msgs/msg/detail/waypoint_set__rosidl_typesupport_introspection_cpp.hpp
[1.496s] -- Up-to-date: /home/osansubuntumachine/ros2_ws/install/uuv_control_msgs/include/uuv_control_msgs/msg/detail/trajectory__rosidl_typesupport_introspection_cpp.hpp
[1.496s] -- Up-to-date: /home/osansubuntumachine/ros2_ws/install/uuv_control_msgs/include/uuv_control_msgs/msg/detail/waypoint_set__type_support.cpp
[1.496s] -- Up-to-date: /home/osansubuntumachine/ros2_ws/install/uuv_control_msgs/include/uuv_control_msgs/msg/detail/waypoint__rosidl_typesupport_introspection_cpp.hpp
[1.496s] -- Up-to-date: /home/osansubuntumachine/ros2_ws/install/uuv_control_msgs/include/uuv_control_msgs/msg/detail/trajectory_point__rosidl_typesupport_introspection_cpp.hpp
[1.496s] -- Up-to-date: /home/osansubuntumachine/ros2_ws/install/uuv_control_msgs/include/uuv_control_msgs/msg/detail/trajectory_point__type_support.cpp
[1.496s] -- Up-to-date: /home/osansubuntumachine/ros2_ws/install/uuv_control_msgs/include/uuv_control_msgs/srv
[1.496s] -- Up-to-date: /home/osansubuntumachine/ros2_ws/install/uuv_control_msgs/include/uuv_control_msgs/srv/detail
[1.496s] -- Up-to-date: /home/osansubuntumachine/ros2_ws/install/uuv_control_msgs/include/uuv_control_msgs/srv/detail/get_sm_controller_params__rosidl_typesupport_introspection_cpp.hpp
[1.501s] -- Up-to-date: /home/osansubuntumachine/ros2_ws/install/uuv_control_msgs/include/uuv_control_msgs/srv/detail/switch_to_manual__rosidl_typesupport_introspection_cpp.hpp
[1.501s] -- Up-to-date: /home/osansubuntumachine/ros2_ws/install/uuv_control_msgs/include/uuv_control_msgs/srv/detail/switch_to_manual__type_support.cpp
[1.501s] -- Up-to-date: /home/osansubuntumachine/ros2_ws/install/uuv_control_msgs/include/uuv_control_msgs/srv/detail/switch_to_automatic__type_support.cpp
[1.501s] -- Up-to-date: /home/osansubuntumachine/ros2_ws/install/uuv_control_msgs/include/uuv_control_msgs/srv/detail/init_waypoint_set__type_support.cpp
[1.507s] -- Up-to-date: /home/osansubuntumachine/ros2_ws/install/uuv_control_msgs/include/uuv_control_msgs/srv/detail/get_pid_params__type_support.cpp
[1.507s] -- Up-to-date: /home/osansubuntumachine/ros2_ws/install/uuv_control_msgs/include/uuv_control_msgs/srv/detail/go_to__type_support.cpp
[1.507s] -- Up-to-date: /home/osansubuntumachine/ros2_ws/install/uuv_control_msgs/include/uuv_control_msgs/srv/detail/switch_to_automatic__rosidl_typesupport_introspection_cpp.hpp
[1.509s] -- Up-to-date: /home/osansubuntumachine/ros2_ws/install/uuv_control_msgs/include/uuv_control_msgs/srv/detail/get_sm_controller_params__type_support.cpp
[1.509s] -- Up-to-date: /home/osansubuntumachine/ros2_ws/install/uuv_control_msgs/include/uuv_control_msgs/srv/detail/start_trajectory__type_support.cpp
[1.509s] -- Up-to-date: /home/osansubuntumachine/ros2_ws/install/uuv_control_msgs/include/uuv_control_msgs/srv/detail/init_rect_trajectory__type_support.cpp
[1.509s] -- Up-to-date: /home/osansubuntumachine/ros2_ws/install/uuv_control_msgs/include/uuv_control_msgs/srv/detail/set_mbsm_controller_params__rosidl_typesupport_introspection_cpp.hpp
[1.509s] -- Up-to-date: /home/osansubuntumachine/ros2_ws/install/uuv_control_msgs/include/uuv_control_msgs/srv/detail/add_waypoint__type_support.cpp
[1.509s] -- Up-to-date: /home/osansubuntumachine/ros2_ws/install/uuv_control_msgs/include/uuv_control_msgs/srv/detail/get_waypoints__type_support.cpp
[1.509s] -- Up-to-date: /home/osansubuntumachine/ros2_ws/install/uuv_control_msgs/include/uuv_control_msgs/srv/detail/init_waypoint_set__rosidl_typesupport_introspection_cpp.hpp
[1.509s] -- Up-to-date: /home/osansubuntumachine/ros2_ws/install/uuv_control_msgs/include/uuv_control_msgs/srv/detail/start_trajectory__rosidl_typesupport_introspection_cpp.hpp
[1.509s] -- Up-to-date: /home/osansubuntumachine/ros2_ws/install/uuv_control_msgs/include/uuv_control_msgs/srv/detail/set_pid_params__type_support.cpp
[1.509s] -- Up-to-date: /home/osansubuntumachine/ros2_ws/install/uuv_control_msgs/include/uuv_control_msgs/srv/detail/clear_waypoints__type_support.cpp
[1.512s] -- Up-to-date: /home/osansubuntumachine/ros2_ws/install/uuv_control_msgs/include/uuv_control_msgs/srv/detail/is_running_trajectory__rosidl_typesupport_introspection_cpp.hpp
[1.512s] -- Up-to-date: /home/osansubuntumachine/ros2_ws/install/uuv_control_msgs/include/uuv_control_msgs/srv/detail/set_sm_controller_params__type_support.cpp
[1.512s] -- Up-to-date: /home/osansubuntumachine/ros2_ws/install/uuv_control_msgs/include/uuv_control_msgs/srv/detail/get_pid_params__rosidl_typesupport_introspection_cpp.hpp
[1.512s] -- Up-to-date: /home/osansubuntumachine/ros2_ws/install/uuv_control_msgs/include/uuv_control_msgs/srv/detail/init_waypoints_from_file__rosidl_typesupport_introspection_cpp.hpp
[1.512s] -- Up-to-date: /home/osansubuntumachine/ros2_ws/install/uuv_control_msgs/include/uuv_control_msgs/srv/detail/reset_controller__rosidl_typesupport_introspection_cpp.hpp
[1.513s] -- Up-to-date: /home/osansubuntumachine/ros2_ws/install/uuv_control_msgs/include/uuv_control_msgs/srv/detail/init_circular_trajectory__rosidl_typesupport_introspection_cpp.hpp
[1.513s] -- Up-to-date: /home/osansubuntumachine/ros2_ws/install/uuv_control_msgs/include/uuv_control_msgs/srv/detail/get_mbsm_controller_params__rosidl_typesupport_introspection_cpp.hpp
[1.513s] -- Up-to-date: /home/osansubuntumachine/ros2_ws/install/uuv_control_msgs/include/uuv_control_msgs/srv/detail/get_waypoints__rosidl_typesupport_introspection_cpp.hpp
[1.513s] -- Up-to-date: /home/osansubuntumachine/ros2_ws/install/uuv_control_msgs/include/uuv_control_msgs/srv/detail/add_waypoint__rosidl_typesupport_introspection_cpp.hpp
[1.513s] -- Up-to-date: /home/osansubuntumachine/ros2_ws/install/uuv_control_msgs/include/uuv_control_msgs/srv/detail/set_pid_params__rosidl_typesupport_introspection_cpp.hpp
[1.513s] -- Up-to-date: /home/osansubuntumachine/ros2_ws/install/uuv_control_msgs/include/uuv_control_msgs/srv/detail/hold__rosidl_typesupport_introspection_cpp.hpp
[1.513s] -- Up-to-date: /home/osansubuntumachine/ros2_ws/install/uuv_control_msgs/include/uuv_control_msgs/srv/detail/init_rect_trajectory__rosidl_typesupport_introspection_cpp.hpp
[1.513s] -- Up-to-date: /home/osansubuntumachine/ros2_ws/install/uuv_control_msgs/include/uuv_control_msgs/srv/detail/go_to__rosidl_typesupport_introspection_cpp.hpp
[1.513s] -- Up-to-date: /home/osansubuntumachine/ros2_ws/install/uuv_control_msgs/include/uuv_control_msgs/srv/detail/init_helical_trajectory__type_support.cpp
[1.513s] -- Up-to-date: /home/osansubuntumachine/ros2_ws/install/uuv_control_msgs/include/uuv_control_msgs/srv/detail/clear_waypoints__rosidl_typesupport_introspection_cpp.hpp
[1.513s] -- Up-to-date: /home/osansubuntumachine/ros2_ws/install/uuv_control_msgs/include/uuv_control_msgs/srv/detail/set_mbsm_controller_params__type_support.cpp
[1.513s] -- Up-to-date: /home/osansubuntumachine/ros2_ws/install/uuv_control_msgs/include/uuv_control_msgs/srv/detail/init_circular_trajectory__type_support.cpp
[1.514s] -- Up-to-date: /home/osansubuntumachine/ros2_ws/install/uuv_control_msgs/include/uuv_control_msgs/srv/detail/go_to_incremental__rosidl_typesupport_introspection_cpp.hpp
[1.514s] -- Up-to-date: /home/osansubuntumachine/ros2_ws/install/uuv_control_msgs/include/uuv_control_msgs/srv/detail/set_sm_controller_params__rosidl_typesupport_introspection_cpp.hpp
[1.514s] -- Up-to-date: /home/osansubuntumachine/ros2_ws/install/uuv_control_msgs/include/uuv_control_msgs/srv/detail/reset_controller__type_support.cpp
[1.514s] -- Up-to-date: /home/osansubuntumachine/ros2_ws/install/uuv_control_msgs/include/uuv_control_msgs/srv/detail/go_to_incremental__type_support.cpp
[1.514s] -- Up-to-date: /home/osansubuntumachine/ros2_ws/install/uuv_control_msgs/include/uuv_control_msgs/srv/detail/init_helical_trajectory__rosidl_typesupport_introspection_cpp.hpp
[1.514s] -- Up-to-date: /home/osansubuntumachine/ros2_ws/install/uuv_control_msgs/include/uuv_control_msgs/srv/detail/is_running_trajectory__type_support.cpp
[1.514s] -- Up-to-date: /home/osansubuntumachine/ros2_ws/install/uuv_control_msgs/include/uuv_control_msgs/srv/detail/get_mbsm_controller_params__type_support.cpp
[1.514s] -- Up-to-date: /home/osansubuntumachine/ros2_ws/install/uuv_control_msgs/include/uuv_control_msgs/srv/detail/init_waypoints_from_file__type_support.cpp
[1.514s] -- Up-to-date: /home/osansubuntumachine/ros2_ws/install/uuv_control_msgs/include/uuv_control_msgs/srv/detail/hold__type_support.cpp
[1.515s] -- Up-to-date: /home/osansubuntumachine/ros2_ws/install/uuv_control_msgs/lib/libuuv_control_msgs__rosidl_typesupport_introspection_cpp.so
[1.515s] -- Up-to-date: /home/osansubuntumachine/ros2_ws/install/uuv_control_msgs/lib/libuuv_control_msgs__rosidl_typesupport_cpp.so
[1.515s] -- Up-to-date: /home/osansubuntumachine/ros2_ws/install/uuv_control_msgs/share/uuv_control_msgs/environment/pythonpath.sh
[1.515s] -- Up-to-date: /home/osansubuntumachine/ros2_ws/install/uuv_control_msgs/share/uuv_control_msgs/environment/pythonpath.dsv
[1.515s] -- Up-to-date: /home/osansubuntumachine/ros2_ws/install/uuv_control_msgs/lib/python3.8/site-packages/uuv_control_msgs/__init__.py
[1.610s] -- Up-to-date: /home/osansubuntumachine/ros2_ws/install/uuv_control_msgs/lib/python3.8/site-packages/uuv_control_msgs/msg
[1.618s] -- Up-to-date: /home/osansubuntumachine/ros2_ws/install/uuv_control_msgs/lib/python3.8/site-packages/uuv_control_msgs/msg/_trajectory.py
[1.622s] -- Up-to-date: /home/osansubuntumachine/ros2_ws/install/uuv_control_msgs/lib/python3.8/site-packages/uuv_control_msgs/msg/_waypoint_set_s.c
[1.623s] -- Up-to-date: /home/osansubuntumachine/ros2_ws/install/uuv_control_msgs/lib/python3.8/site-packages/uuv_control_msgs/msg/_trajectory_point_s.c
[1.623s] -- Up-to-date: /home/osansubuntumachine/ros2_ws/install/uuv_control_msgs/lib/python3.8/site-packages/uuv_control_msgs/msg/_waypoint_s.c
[1.623s] -- Up-to-date: /home/osansubuntumachine/ros2_ws/install/uuv_control_msgs/lib/python3.8/site-packages/uuv_control_msgs/msg/_waypoint.py
[1.623s] -- Up-to-date: /home/osansubuntumachine/ros2_ws/install/uuv_control_msgs/lib/python3.8/site-packages/uuv_control_msgs/msg/__init__.py
[1.623s] -- Up-to-date: /home/osansubuntumachine/ros2_ws/install/uuv_control_msgs/lib/python3.8/site-packages/uuv_control_msgs/msg/_waypoint_set.py
[1.623s] -- Up-to-date: /home/osansubuntumachine/ros2_ws/install/uuv_control_msgs/lib/python3.8/site-packages/uuv_control_msgs/msg/_trajectory_s.c
[1.623s] -- Up-to-date: /home/osansubuntumachine/ros2_ws/install/uuv_control_msgs/lib/python3.8/site-packages/uuv_control_msgs/msg/_trajectory_point.py
[1.623s] -- Up-to-date: /home/osansubuntumachine/ros2_ws/install/uuv_control_msgs/lib/python3.8/site-packages/uuv_control_msgs/srv
[1.623s] -- Up-to-date: /home/osansubuntumachine/ros2_ws/install/uuv_control_msgs/lib/python3.8/site-packages/uuv_control_msgs/srv/_get_pid_params_s.c
[1.623s] -- Up-to-date: /home/osansubuntumachine/ros2_ws/install/uuv_control_msgs/lib/python3.8/site-packages/uuv_control_msgs/srv/_reset_controller.py
[1.623s] -- Up-to-date: /home/osansubuntumachine/ros2_ws/install/uuv_control_msgs/lib/python3.8/site-packages/uuv_control_msgs/srv/_go_to_incremental.py
[1.623s] -- Up-to-date: /home/osansubuntumachine/ros2_ws/install/uuv_control_msgs/lib/python3.8/site-packages/uuv_control_msgs/srv/_go_to.py
[1.623s] -- Up-to-date: /home/osansubuntumachine/ros2_ws/install/uuv_control_msgs/lib/python3.8/site-packages/uuv_control_msgs/srv/_get_waypoints_s.c
[1.632s] -- Up-to-date: /home/osansubuntumachine/ros2_ws/install/uuv_control_msgs/lib/python3.8/site-packages/uuv_control_msgs/srv/_init_rect_trajectory.py
[1.632s] -- Up-to-date: /home/osansubuntumachine/ros2_ws/install/uuv_control_msgs/lib/python3.8/site-packages/uuv_control_msgs/srv/_reset_controller_s.c
[1.632s] -- Up-to-date: /home/osansubuntumachine/ros2_ws/install/uuv_control_msgs/lib/python3.8/site-packages/uuv_control_msgs/srv/_hold_s.c
[1.632s] -- Up-to-date: /home/osansubuntumachine/ros2_ws/install/uuv_control_msgs/lib/python3.8/site-packages/uuv_control_msgs/srv/_clear_waypoints_s.c
[1.636s] -- Up-to-date: /home/osansubuntumachine/ros2_ws/install/uuv_control_msgs/lib/python3.8/site-packages/uuv_control_msgs/srv/_go_to_incremental_s.c
[1.636s] -- Up-to-date: /home/osansubuntumachine/ros2_ws/install/uuv_control_msgs/lib/python3.8/site-packages/uuv_control_msgs/srv/_init_waypoints_from_file.py
[1.637s] -- Up-to-date: /home/osansubuntumachine/ros2_ws/install/uuv_control_msgs/lib/python3.8/site-packages/uuv_control_msgs/srv/_switch_to_manual_s.c
[1.637s] -- Up-to-date: /home/osansubuntumachine/ros2_ws/install/uuv_control_msgs/lib/python3.8/site-packages/uuv_control_msgs/srv/_set_pid_params.py
[1.637s] -- Up-to-date: /home/osansubuntumachine/ros2_ws/install/uuv_control_msgs/lib/python3.8/site-packages/uuv_control_msgs/srv/_init_rect_trajectory_s.c
[1.637s] -- Up-to-date: /home/osansubuntumachine/ros2_ws/install/uuv_control_msgs/lib/python3.8/site-packages/uuv_control_msgs/srv/_set_pid_params_s.c
[1.637s] -- Up-to-date: /home/osansubuntumachine/ros2_ws/install/uuv_control_msgs/lib/python3.8/site-packages/uuv_control_msgs/srv/_get_pid_params.py
[1.637s] -- Up-to-date: /home/osansubuntumachine/ros2_ws/install/uuv_control_msgs/lib/python3.8/site-packages/uuv_control_msgs/srv/_switch_to_automatic_s.c
[1.637s] -- Up-to-date: /home/osansubuntumachine/ros2_ws/install/uuv_control_msgs/lib/python3.8/site-packages/uuv_control_msgs/srv/_init_waypoints_from_file_s.c
[1.637s] -- Up-to-date: /home/osansubuntumachine/ros2_ws/install/uuv_control_msgs/lib/python3.8/site-packages/uuv_control_msgs/srv/_start_trajectory.py
[1.638s] -- Up-to-date: /home/osansubuntumachine/ros2_ws/install/uuv_control_msgs/lib/python3.8/site-packages/uuv_control_msgs/srv/_init_circular_trajectory_s.c
[1.638s] -- Up-to-date: /home/osansubuntumachine/ros2_ws/install/uuv_control_msgs/lib/python3.8/site-packages/uuv_control_msgs/srv/_init_waypoint_set_s.c
[1.638s] -- Up-to-date: /home/osansubuntumachine/ros2_ws/install/uuv_control_msgs/lib/python3.8/site-packages/uuv_control_msgs/srv/_is_running_trajectory.py
[1.657s] -- Up-to-date: /home/osansubuntumachine/ros2_ws/install/uuv_control_msgs/lib/python3.8/site-packages/uuv_control_msgs/srv/_get_waypoints.py
[1.657s] -- Up-to-date: /home/osansubuntumachine/ros2_ws/install/uuv_control_msgs/lib/python3.8/site-packages/uuv_control_msgs/srv/_set_sm_controller_params_s.c
[1.657s] -- Up-to-date: /home/osansubuntumachine/ros2_ws/install/uuv_control_msgs/lib/python3.8/site-packages/uuv_control_msgs/srv/__init__.py
[1.657s] -- Up-to-date: /home/osansubuntumachine/ros2_ws/install/uuv_control_msgs/lib/python3.8/site-packages/uuv_control_msgs/srv/_set_sm_controller_params.py
[1.657s] -- Up-to-date: /home/osansubuntumachine/ros2_ws/install/uuv_control_msgs/lib/python3.8/site-packages/uuv_control_msgs/srv/_switch_to_automatic.py
[1.657s] -- Up-to-date: /home/osansubuntumachine/ros2_ws/install/uuv_control_msgs/lib/python3.8/site-packages/uuv_control_msgs/srv/_clear_waypoints.py
[1.657s] -- Up-to-date: /home/osansubuntumachine/ros2_ws/install/uuv_control_msgs/lib/python3.8/site-packages/uuv_control_msgs/srv/_switch_to_manual.py
[1.657s] -- Up-to-date: /home/osansubuntumachine/ros2_ws/install/uuv_control_msgs/lib/python3.8/site-packages/uuv_control_msgs/srv/_go_to_s.c
[1.658s] -- Up-to-date: /home/osansubuntumachine/ros2_ws/install/uuv_control_msgs/lib/python3.8/site-packages/uuv_control_msgs/srv/_set_mbsm_controller_params.py
[1.658s] -- Up-to-date: /home/osansubuntumachine/ros2_ws/install/uuv_control_msgs/lib/python3.8/site-packages/uuv_control_msgs/srv/_set_mbsm_controller_params_s.c
[1.658s] -- Up-to-date: /home/osansubuntumachine/ros2_ws/install/uuv_control_msgs/lib/python3.8/site-packages/uuv_control_msgs/srv/_start_trajectory_s.c
[1.658s] -- Up-to-date: /home/osansubuntumachine/ros2_ws/install/uuv_control_msgs/lib/python3.8/site-packages/uuv_control_msgs/srv/_add_waypoint.py
[1.659s] -- Up-to-date: /home/osansubuntumachine/ros2_ws/install/uuv_control_msgs/lib/python3.8/site-packages/uuv_control_msgs/srv/_init_waypoint_set.py
[1.659s] -- Up-to-date: /home/osansubuntumachine/ros2_ws/install/uuv_control_msgs/lib/python3.8/site-packages/uuv_control_msgs/srv/_get_mbsm_controller_params.py
[1.659s] -- Up-to-date: /home/osansubuntumachine/ros2_ws/install/uuv_control_msgs/lib/python3.8/site-packages/uuv_control_msgs/srv/_init_helical_trajectory_s.c
[1.659s] -- Up-to-date: /home/osansubuntumachine/ros2_ws/install/uuv_control_msgs/lib/python3.8/site-packages/uuv_control_msgs/srv/_hold.py
[1.659s] -- Up-to-date: /home/osansubuntumachine/ros2_ws/install/uuv_control_msgs/lib/python3.8/site-packages/uuv_control_msgs/srv/_init_circular_trajectory.py
[1.659s] -- Up-to-date: /home/osansubuntumachine/ros2_ws/install/uuv_control_msgs/lib/python3.8/site-packages/uuv_control_msgs/srv/_get_mbsm_controller_params_s.c
[1.659s] -- Up-to-date: /home/osansubuntumachine/ros2_ws/install/uuv_control_msgs/lib/python3.8/site-packages/uuv_control_msgs/srv/_get_sm_controller_params.py
[1.664s] -- Up-to-date: /home/osansubuntumachine/ros2_ws/install/uuv_control_msgs/lib/python3.8/site-packages/uuv_control_msgs/srv/_init_helical_trajectory.py
[1.665s] -- Up-to-date: /home/osansubuntumachine/ros2_ws/install/uuv_control_msgs/lib/python3.8/site-packages/uuv_control_msgs/srv/_add_waypoint_s.c
[1.667s] -- Up-to-date: /home/osansubuntumachine/ros2_ws/install/uuv_control_msgs/lib/python3.8/site-packages/uuv_control_msgs/srv/_is_running_trajectory_s.c
[1.667s] -- Up-to-date: /home/osansubuntumachine/ros2_ws/install/uuv_control_msgs/lib/python3.8/site-packages/uuv_control_msgs/srv/_get_sm_controller_params_s.c
[1.668s] -- Up-to-date: /home/osansubuntumachine/ros2_ws/install/uuv_control_msgs/lib/python3.8/site-packages/uuv_control_msgs/uuv_control_msgs_s__rosidl_typesupport_fastrtps_c.cpython-38-x86_64-linux-gnu.so
[1.668s] -- Up-to-date: /home/osansubuntumachine/ros2_ws/install/uuv_control_msgs/lib/python3.8/site-packages/uuv_control_msgs/uuv_control_msgs_s__rosidl_typesupport_introspection_c.cpython-38-x86_64-linux-gnu.so
[1.668s] -- Up-to-date: /home/osansubuntumachine/ros2_ws/install/uuv_control_msgs/lib/python3.8/site-packages/uuv_control_msgs/uuv_control_msgs_s__rosidl_typesupport_c.cpython-38-x86_64-linux-gnu.so
[1.668s] -- Up-to-date: /home/osansubuntumachine/ros2_ws/install/uuv_control_msgs/lib/libuuv_control_msgs__python.so
[1.669s] -- Up-to-date: /home/osansubuntumachine/ros2_ws/install/uuv_control_msgs/share/uuv_control_msgs/msg/Trajectory.idl
[1.669s] -- Up-to-date: /home/osansubuntumachine/ros2_ws/install/uuv_control_msgs/share/uuv_control_msgs/msg/TrajectoryPoint.idl
[1.670s] -- Up-to-date: /home/osansubuntumachine/ros2_ws/install/uuv_control_msgs/share/uuv_control_msgs/msg/Waypoint.idl
[1.670s] -- Up-to-date: /home/osansubuntumachine/ros2_ws/install/uuv_control_msgs/share/uuv_control_msgs/msg/WaypointSet.idl
[1.670s] -- Up-to-date: /home/osansubuntumachine/ros2_ws/install/uuv_control_msgs/share/uuv_control_msgs/srv/AddWaypoint.idl
[1.670s] -- Up-to-date: /home/osansubuntumachine/ros2_ws/install/uuv_control_msgs/share/uuv_control_msgs/srv/ClearWaypoints.idl
[1.670s] -- Up-to-date: /home/osansubuntumachine/ros2_ws/install/uuv_control_msgs/share/uuv_control_msgs/srv/InitCircularTrajectory.idl
[1.670s] -- Up-to-date: /home/osansubuntumachine/ros2_ws/install/uuv_control_msgs/share/uuv_control_msgs/srv/InitHelicalTrajectory.idl
[1.670s] -- Up-to-date: /home/osansubuntumachine/ros2_ws/install/uuv_control_msgs/share/uuv_control_msgs/srv/InitWaypointsFromFile.idl
[1.670s] -- Up-to-date: /home/osansubuntumachine/ros2_ws/install/uuv_control_msgs/share/uuv_control_msgs/srv/GetWaypoints.idl
[1.670s] -- Up-to-date: /home/osansubuntumachine/ros2_ws/install/uuv_control_msgs/share/uuv_control_msgs/srv/GoTo.idl
[1.670s] -- Up-to-date: /home/osansubuntumachine/ros2_ws/install/uuv_control_msgs/share/uuv_control_msgs/srv/GoToIncremental.idl
[1.670s] -- Up-to-date: /home/osansubuntumachine/ros2_ws/install/uuv_control_msgs/share/uuv_control_msgs/srv/Hold.idl
[1.671s] -- Up-to-date: /home/osansubuntumachine/ros2_ws/install/uuv_control_msgs/share/uuv_control_msgs/srv/IsRunningTrajectory.idl
[1.671s] -- Up-to-date: /home/osansubuntumachine/ros2_ws/install/uuv_control_msgs/share/uuv_control_msgs/srv/InitWaypointSet.idl
[1.671s] -- Up-to-date: /home/osansubuntumachine/ros2_ws/install/uuv_control_msgs/share/uuv_control_msgs/srv/InitRectTrajectory.idl
[1.671s] -- Up-to-date: /home/osansubuntumachine/ros2_ws/install/uuv_control_msgs/share/uuv_control_msgs/srv/StartTrajectory.idl
[1.671s] -- Up-to-date: /home/osansubuntumachine/ros2_ws/install/uuv_control_msgs/share/uuv_control_msgs/srv/SwitchToAutomatic.idl
[1.671s] -- Up-to-date: /home/osansubuntumachine/ros2_ws/install/uuv_control_msgs/share/uuv_control_msgs/srv/SwitchToManual.idl
[1.676s] -- Up-to-date: /home/osansubuntumachine/ros2_ws/install/uuv_control_msgs/share/uuv_control_msgs/srv/SetPIDParams.idl
[1.677s] -- Up-to-date: /home/osansubuntumachine/ros2_ws/install/uuv_control_msgs/share/uuv_control_msgs/srv/GetPIDParams.idl
[1.677s] -- Up-to-date: /home/osansubuntumachine/ros2_ws/install/uuv_control_msgs/share/uuv_control_msgs/srv/SetSMControllerParams.idl
[1.677s] -- Up-to-date: /home/osansubuntumachine/ros2_ws/install/uuv_control_msgs/share/uuv_control_msgs/srv/GetSMControllerParams.idl
[1.677s] -- Up-to-date: /home/osansubuntumachine/ros2_ws/install/uuv_control_msgs/share/uuv_control_msgs/srv/SetMBSMControllerParams.idl
[1.677s] -- Up-to-date: /home/osansubuntumachine/ros2_ws/install/uuv_control_msgs/share/uuv_control_msgs/srv/GetMBSMControllerParams.idl
[1.677s] -- Up-to-date: /home/osansubuntumachine/ros2_ws/install/uuv_control_msgs/share/uuv_control_msgs/srv/ResetController.idl
[1.677s] -- Up-to-date: /home/osansubuntumachine/ros2_ws/install/uuv_control_msgs/share/uuv_control_msgs/msg/Trajectory.msg
[1.677s] -- Up-to-date: /home/osansubuntumachine/ros2_ws/install/uuv_control_msgs/share/uuv_control_msgs/msg/TrajectoryPoint.msg
[1.677s] -- Up-to-date: /home/osansubuntumachine/ros2_ws/install/uuv_control_msgs/share/uuv_control_msgs/msg/Waypoint.msg
[1.677s] -- Up-to-date: /home/osansubuntumachine/ros2_ws/install/uuv_control_msgs/share/uuv_control_msgs/msg/WaypointSet.msg
[1.677s] -- Up-to-date: /home/osansubuntumachine/ros2_ws/install/uuv_control_msgs/share/uuv_control_msgs/srv/AddWaypoint.srv
[1.678s] -- Up-to-date: /home/osansubuntumachine/ros2_ws/install/uuv_control_msgs/share/uuv_control_msgs/srv/AddWaypoint_Request.msg
[1.688s] -- Up-to-date: /home/osansubuntumachine/ros2_ws/install/uuv_control_msgs/share/uuv_control_msgs/srv/AddWaypoint_Response.msg
[1.689s] -- Up-to-date: /home/osansubuntumachine/ros2_ws/install/uuv_control_msgs/share/uuv_control_msgs/srv/ClearWaypoints.srv
[1.689s] -- Up-to-date: /home/osansubuntumachine/ros2_ws/install/uuv_control_msgs/share/uuv_control_msgs/srv/ClearWaypoints_Request.msg
[1.689s] -- Up-to-date: /home/osansubuntumachine/ros2_ws/install/uuv_control_msgs/share/uuv_control_msgs/srv/ClearWaypoints_Response.msg
[1.689s] -- Up-to-date: /home/osansubuntumachine/ros2_ws/install/uuv_control_msgs/share/uuv_control_msgs/srv/InitCircularTrajectory.srv
[1.689s] -- Up-to-date: /home/osansubuntumachine/ros2_ws/install/uuv_control_msgs/share/uuv_control_msgs/srv/InitCircularTrajectory_Request.msg
[1.689s] -- Up-to-date: /home/osansubuntumachine/ros2_ws/install/uuv_control_msgs/share/uuv_control_msgs/srv/InitCircularTrajectory_Response.msg
[1.689s] -- Up-to-date: /home/osansubuntumachine/ros2_ws/install/uuv_control_msgs/share/uuv_control_msgs/srv/InitHelicalTrajectory.srv
[1.689s] -- Up-to-date: /home/osansubuntumachine/ros2_ws/install/uuv_control_msgs/share/uuv_control_msgs/srv/InitHelicalTrajectory_Request.msg
[1.689s] -- Up-to-date: /home/osansubuntumachine/ros2_ws/install/uuv_control_msgs/share/uuv_control_msgs/srv/InitHelicalTrajectory_Response.msg
[1.689s] -- Up-to-date: /home/osansubuntumachine/ros2_ws/install/uuv_control_msgs/share/uuv_control_msgs/srv/InitWaypointsFromFile.srv
[1.689s] -- Up-to-date: /home/osansubuntumachine/ros2_ws/install/uuv_control_msgs/share/uuv_control_msgs/srv/InitWaypointsFromFile_Request.msg
[1.689s] -- Up-to-date: /home/osansubuntumachine/ros2_ws/install/uuv_control_msgs/share/uuv_control_msgs/srv/InitWaypointsFromFile_Response.msg
[1.689s] -- Up-to-date: /home/osansubuntumachine/ros2_ws/install/uuv_control_msgs/share/uuv_control_msgs/srv/GetWaypoints.srv
[1.689s] -- Up-to-date: /home/osansubuntumachine/ros2_ws/install/uuv_control_msgs/share/uuv_control_msgs/srv/GetWaypoints_Request.msg
[1.689s] -- Up-to-date: /home/osansubuntumachine/ros2_ws/install/uuv_control_msgs/share/uuv_control_msgs/srv/GetWaypoints_Response.msg
[1.690s] -- Up-to-date: /home/osansubuntumachine/ros2_ws/install/uuv_control_msgs/share/uuv_control_msgs/srv/GoTo.srv
[1.690s] -- Up-to-date: /home/osansubuntumachine/ros2_ws/install/uuv_control_msgs/share/uuv_control_msgs/srv/GoTo_Request.msg
[1.690s] -- Up-to-date: /home/osansubuntumachine/ros2_ws/install/uuv_control_msgs/share/uuv_control_msgs/srv/GoTo_Response.msg
[1.690s] -- Up-to-date: /home/osansubuntumachine/ros2_ws/install/uuv_control_msgs/share/uuv_control_msgs/srv/GoToIncremental.srv
[1.703s] -- Up-to-date: /home/osansubuntumachine/ros2_ws/install/uuv_control_msgs/share/uuv_control_msgs/srv/GoToIncremental_Request.msg
[1.704s] -- Up-to-date: /home/osansubuntumachine/ros2_ws/install/uuv_control_msgs/share/uuv_control_msgs/srv/GoToIncremental_Response.msg
[1.704s] -- Up-to-date: /home/osansubuntumachine/ros2_ws/install/uuv_control_msgs/share/uuv_control_msgs/srv/Hold.srv
[1.704s] -- Up-to-date: /home/osansubuntumachine/ros2_ws/install/uuv_control_msgs/share/uuv_control_msgs/srv/Hold_Request.msg
[1.704s] -- Up-to-date: /home/osansubuntumachine/ros2_ws/install/uuv_control_msgs/share/uuv_control_msgs/srv/Hold_Response.msg
[1.704s] -- Up-to-date: /home/osansubuntumachine/ros2_ws/install/uuv_control_msgs/share/uuv_control_msgs/srv/IsRunningTrajectory.srv
[1.705s] -- Up-to-date: /home/osansubuntumachine/ros2_ws/install/uuv_control_msgs/share/uuv_control_msgs/srv/IsRunningTrajectory_Request.msg
[1.705s] -- Up-to-date: /home/osansubuntumachine/ros2_ws/install/uuv_control_msgs/share/uuv_control_msgs/srv/IsRunningTrajectory_Response.msg
[1.705s] -- Up-to-date: /home/osansubuntumachine/ros2_ws/install/uuv_control_msgs/share/uuv_control_msgs/srv/InitWaypointSet.srv
[1.705s] -- Up-to-date: /home/osansubuntumachine/ros2_ws/install/uuv_control_msgs/share/uuv_control_msgs/srv/InitWaypointSet_Request.msg
[1.705s] -- Up-to-date: /home/osansubuntumachine/ros2_ws/install/uuv_control_msgs/share/uuv_control_msgs/srv/InitWaypointSet_Response.msg
[1.705s] -- Up-to-date: /home/osansubuntumachine/ros2_ws/install/uuv_control_msgs/share/uuv_control_msgs/srv/InitRectTrajectory.srv
[1.705s] -- Up-to-date: /home/osansubuntumachine/ros2_ws/install/uuv_control_msgs/share/uuv_control_msgs/srv/InitRectTrajectory_Request.msg
[1.705s] -- Up-to-date: /home/osansubuntumachine/ros2_ws/install/uuv_control_msgs/share/uuv_control_msgs/srv/InitRectTrajectory_Response.msg
[1.705s] -- Up-to-date: /home/osansubuntumachine/ros2_ws/install/uuv_control_msgs/share/uuv_control_msgs/srv/StartTrajectory.srv
[1.705s] -- Up-to-date: /home/osansubuntumachine/ros2_ws/install/uuv_control_msgs/share/uuv_control_msgs/srv/StartTrajectory_Request.msg
[1.705s] -- Up-to-date: /home/osansubuntumachine/ros2_ws/install/uuv_control_msgs/share/uuv_control_msgs/srv/StartTrajectory_Response.msg
[1.705s] -- Up-to-date: /home/osansubuntumachine/ros2_ws/install/uuv_control_msgs/share/uuv_control_msgs/srv/SwitchToAutomatic.srv
[1.705s] -- Up-to-date: /home/osansubuntumachine/ros2_ws/install/uuv_control_msgs/share/uuv_control_msgs/srv/SwitchToAutomatic_Request.msg
[1.706s] -- Up-to-date: /home/osansubuntumachine/ros2_ws/install/uuv_control_msgs/share/uuv_control_msgs/srv/SwitchToAutomatic_Response.msg
[1.706s] -- Up-to-date: /home/osansubuntumachine/ros2_ws/install/uuv_control_msgs/share/uuv_control_msgs/srv/SwitchToManual.srv
[1.706s] -- Up-to-date: /home/osansubuntumachine/ros2_ws/install/uuv_control_msgs/share/uuv_control_msgs/srv/SwitchToManual_Request.msg
[1.706s] -- Up-to-date: /home/osansubuntumachine/ros2_ws/install/uuv_control_msgs/share/uuv_control_msgs/srv/SwitchToManual_Response.msg
[1.706s] -- Up-to-date: /home/osansubuntumachine/ros2_ws/install/uuv_control_msgs/share/uuv_control_msgs/srv/SetPIDParams.srv
[1.706s] -- Up-to-date: /home/osansubuntumachine/ros2_ws/install/uuv_control_msgs/share/uuv_control_msgs/srv/SetPIDParams_Request.msg
[1.719s] -- Up-to-date: /home/osansubuntumachine/ros2_ws/install/uuv_control_msgs/share/uuv_control_msgs/srv/SetPIDParams_Response.msg
[1.719s] -- Up-to-date: /home/osansubuntumachine/ros2_ws/install/uuv_control_msgs/share/uuv_control_msgs/srv/GetPIDParams.srv
[1.720s] -- Up-to-date: /home/osansubuntumachine/ros2_ws/install/uuv_control_msgs/share/uuv_control_msgs/srv/GetPIDParams_Request.msg
[1.720s] -- Up-to-date: /home/osansubuntumachine/ros2_ws/install/uuv_control_msgs/share/uuv_control_msgs/srv/GetPIDParams_Response.msg
[1.720s] -- Up-to-date: /home/osansubuntumachine/ros2_ws/install/uuv_control_msgs/share/uuv_control_msgs/srv/SetSMControllerParams.srv
[1.720s] -- Up-to-date: /home/osansubuntumachine/ros2_ws/install/uuv_control_msgs/share/uuv_control_msgs/srv/SetSMControllerParams_Request.msg
[1.720s] -- Up-to-date: /home/osansubuntumachine/ros2_ws/install/uuv_control_msgs/share/uuv_control_msgs/srv/SetSMControllerParams_Response.msg
[1.720s] -- Up-to-date: /home/osansubuntumachine/ros2_ws/install/uuv_control_msgs/share/uuv_control_msgs/srv/GetSMControllerParams.srv
[1.720s] -- Up-to-date: /home/osansubuntumachine/ros2_ws/install/uuv_control_msgs/share/uuv_control_msgs/srv/GetSMControllerParams_Request.msg
[1.720s] -- Up-to-date: /home/osansubuntumachine/ros2_ws/install/uuv_control_msgs/share/uuv_control_msgs/srv/GetSMControllerParams_Response.msg
[1.720s] -- Up-to-date: /home/osansubuntumachine/ros2_ws/install/uuv_control_msgs/share/uuv_control_msgs/srv/SetMBSMControllerParams.srv
[1.721s] -- Up-to-date: /home/osansubuntumachine/ros2_ws/install/uuv_control_msgs/share/uuv_control_msgs/srv/SetMBSMControllerParams_Request.msg
[1.721s] -- Up-to-date: /home/osansubuntumachine/ros2_ws/install/uuv_control_msgs/share/uuv_control_msgs/srv/SetMBSMControllerParams_Response.msg
[1.721s] -- Up-to-date: /home/osansubuntumachine/ros2_ws/install/uuv_control_msgs/share/uuv_control_msgs/srv/GetMBSMControllerParams.srv
[1.721s] -- Up-to-date: /home/osansubuntumachine/ros2_ws/install/uuv_control_msgs/share/uuv_control_msgs/srv/GetMBSMControllerParams_Request.msg
[1.721s] -- Up-to-date: /home/osansubuntumachine/ros2_ws/install/uuv_control_msgs/share/uuv_control_msgs/srv/GetMBSMControllerParams_Response.msg
[1.721s] -- Up-to-date: /home/osansubuntumachine/ros2_ws/install/uuv_control_msgs/share/uuv_control_msgs/srv/ResetController.srv
[1.721s] -- Up-to-date: /home/osansubuntumachine/ros2_ws/install/uuv_control_msgs/share/uuv_control_msgs/srv/ResetController_Request.msg
[1.721s] -- Up-to-date: /home/osansubuntumachine/ros2_ws/install/uuv_control_msgs/share/uuv_control_msgs/srv/ResetController_Response.msg
[1.721s] -- Up-to-date: /home/osansubuntumachine/ros2_ws/install/uuv_control_msgs/share/ament_index/resource_index/package_run_dependencies/uuv_control_msgs
[1.721s] -- Up-to-date: /home/osansubuntumachine/ros2_ws/install/uuv_control_msgs/share/ament_index/resource_index/parent_prefix_path/uuv_control_msgs
[1.721s] -- Up-to-date: /home/osansubuntumachine/ros2_ws/install/uuv_control_msgs/share/uuv_control_msgs/environment/ament_prefix_path.sh
[1.721s] -- Up-to-date: /home/osansubuntumachine/ros2_ws/install/uuv_control_msgs/share/uuv_control_msgs/environment/ament_prefix_path.dsv
[1.721s] -- Up-to-date: /home/osansubuntumachine/ros2_ws/install/uuv_control_msgs/share/uuv_control_msgs/environment/path.sh
[1.721s] -- Up-to-date: /home/osansubuntumachine/ros2_ws/install/uuv_control_msgs/share/uuv_control_msgs/environment/path.dsv
[1.721s] -- Up-to-date: /home/osansubuntumachine/ros2_ws/install/uuv_control_msgs/share/uuv_control_msgs/local_setup.bash
[1.721s] -- Up-to-date: /home/osansubuntumachine/ros2_ws/install/uuv_control_msgs/share/uuv_control_msgs/local_setup.sh
[1.721s] -- Up-to-date: /home/osansubuntumachine/ros2_ws/install/uuv_control_msgs/share/uuv_control_msgs/local_setup.zsh
[1.722s] -- Up-to-date: /home/osansubuntumachine/ros2_ws/install/uuv_control_msgs/share/uuv_control_msgs/local_setup.dsv
[1.722s] -- Installing: /home/osansubuntumachine/ros2_ws/install/uuv_control_msgs/share/uuv_control_msgs/package.dsv
[1.722s] -- Up-to-date: /home/osansubuntumachine/ros2_ws/install/uuv_control_msgs/share/ament_index/resource_index/packages/uuv_control_msgs
[1.722s] -- Up-to-date: /home/osansubuntumachine/ros2_ws/install/uuv_control_msgs/share/uuv_control_msgs/cmake/uuv_control_msgs__rosidl_generator_cExport.cmake
[1.722s] -- Up-to-date: /home/osansubuntumachine/ros2_ws/install/uuv_control_msgs/share/uuv_control_msgs/cmake/uuv_control_msgs__rosidl_generator_cExport-noconfig.cmake
[1.722s] -- Up-to-date: /home/osansubuntumachine/ros2_ws/install/uuv_control_msgs/share/uuv_control_msgs/cmake/uuv_control_msgs__rosidl_typesupport_introspection_cExport.cmake
[1.722s] -- Up-to-date: /home/osansubuntumachine/ros2_ws/install/uuv_control_msgs/share/uuv_control_msgs/cmake/uuv_control_msgs__rosidl_typesupport_introspection_cExport-noconfig.cmake
[1.722s] -- Up-to-date: /home/osansubuntumachine/ros2_ws/install/uuv_control_msgs/share/uuv_control_msgs/cmake/uuv_control_msgs__rosidl_typesupport_cExport.cmake
[1.722s] -- Up-to-date: /home/osansubuntumachine/ros2_ws/install/uuv_control_msgs/share/uuv_control_msgs/cmake/uuv_control_msgs__rosidl_typesupport_cExport-noconfig.cmake
[1.722s] -- Up-to-date: /home/osansubuntumachine/ros2_ws/install/uuv_control_msgs/share/uuv_control_msgs/cmake/uuv_control_msgs__rosidl_generator_cppExport.cmake
[1.722s] -- Up-to-date: /home/osansubuntumachine/ros2_ws/install/uuv_control_msgs/share/uuv_control_msgs/cmake/uuv_control_msgs__rosidl_typesupport_introspection_cppExport.cmake
[1.722s] -- Up-to-date: /home/osansubuntumachine/ros2_ws/install/uuv_control_msgs/share/uuv_control_msgs/cmake/uuv_control_msgs__rosidl_typesupport_introspection_cppExport-noconfig.cmake
[1.723s] -- Up-to-date: /home/osansubuntumachine/ros2_ws/install/uuv_control_msgs/share/uuv_control_msgs/cmake/uuv_control_msgs__rosidl_typesupport_cppExport.cmake
[1.723s] -- Up-to-date: /home/osansubuntumachine/ros2_ws/install/uuv_control_msgs/share/uuv_control_msgs/cmake/uuv_control_msgs__rosidl_typesupport_cppExport-noconfig.cmake
[1.723s] -- Up-to-date: /home/osansubuntumachine/ros2_ws/install/uuv_control_msgs/share/uuv_control_msgs/cmake/rosidl_cmake-extras.cmake
[1.723s] -- Up-to-date: /home/osansubuntumachine/ros2_ws/install/uuv_control_msgs/share/uuv_control_msgs/cmake/ament_cmake_export_dependencies-extras.cmake
[1.723s] -- Up-to-date: /home/osansubuntumachine/ros2_ws/install/uuv_control_msgs/share/uuv_control_msgs/cmake/ament_cmake_export_libraries-extras.cmake
[1.723s] -- Up-to-date: /home/osansubuntumachine/ros2_ws/install/uuv_control_msgs/share/uuv_control_msgs/cmake/ament_cmake_export_targets-extras.cmake
[1.723s] -- Up-to-date: /home/osansubuntumachine/ros2_ws/install/uuv_control_msgs/share/uuv_control_msgs/cmake/ament_cmake_export_include_directories-extras.cmake
[1.723s] -- Up-to-date: /home/osansubuntumachine/ros2_ws/install/uuv_control_msgs/share/uuv_control_msgs/cmake/rosidl_cmake_export_typesupport_libraries-extras.cmake
[1.723s] -- Up-to-date: /home/osansubuntumachine/ros2_ws/install/uuv_control_msgs/share/uuv_control_msgs/cmake/rosidl_cmake_export_typesupport_targets-extras.cmake
[1.723s] -- Up-to-date: /home/osansubuntumachine/ros2_ws/install/uuv_control_msgs/share/uuv_control_msgs/cmake/uuv_control_msgsConfig.cmake
[1.723s] -- Up-to-date: /home/osansubuntumachine/ros2_ws/install/uuv_control_msgs/share/uuv_control_msgs/cmake/uuv_control_msgsConfig-version.cmake
[1.723s] -- Up-to-date: /home/osansubuntumachine/ros2_ws/install/uuv_control_msgs/share/uuv_control_msgs/package.xml
[1.724s] Invoked command in '/home/osansubuntumachine/ros2_ws/build/uuv_control_msgs' returned '0': CMAKE_PREFIX_PATH=${CMAKE_PREFIX_PATH}:/home/osansubuntumachine/ros2_ws/install/rexrov_autonomy:/opt/ros/foxy /usr/bin/cmake --install /home/osansubuntumachine/ros2_ws/build/uuv_control_msgs
