[0.035s] Invoking command in '/home/osansubuntumachine/ros2_ws/build/uuv_auv_control_allocator': CMAKE_PREFIX_PATH=/home/osansubuntumachine/ros2_ws/install/plankton_utils:/home/osansubuntumachine/ros2_ws/install/plankton:/home/osansubuntumachine/ros2_ws/install/uuv_simulator:/home/osansubuntumachine/ros2_ws/install/uuv_world_ros_plugins:/home/osansubuntumachine/ros2_ws/install/uuv_tutorials:/home/osansubuntumachine/ros2_ws/install/uuv_tutorial_dp_controller:/home/osansubuntumachine/ros2_ws/install/uuv_tutorial_disturbances:/home/osansubuntumachine/ros2_ws/install/uuv_control_utils:/home/osansubuntumachine/ros2_ws/install/uuv_world_ros_plugins_msgs:/home/osansubuntumachine/ros2_ws/install/uuv_world_plugins:/home/osansubuntumachine/ros2_ws/install/uuv_tutorial_seabed_world:/home/osansubuntumachine/ros2_ws/install/uuv_trajectory_control:/home/osansubuntumachine/ros2_ws/install/uuv_teleop:/home/osansubuntumachine/ros2_ws/install/uuv_thruster_manager:/home/osansubuntumachine/ros2_ws/install/uuv_descriptions:/home/osansubuntumachine/ros2_ws/install/uuv_sensor_ros_plugins:/home/osansubuntumachine/ros2_ws/install/uuv_sensor_ros_plugins_msgs:/home/osansubuntumachine/ros2_ws/install/uuv_gazebo_worlds:/home/osansubuntumachine/ros2_ws/install/uuv_gazebo_ros_plugins:/home/osansubuntumachine/ros2_ws/install/uuv_gazebo_ros_plugins_msgs:/home/osansubuntumachine/ros2_ws/install/uuv_gazebo_plugins:/home/osansubuntumachine/ros2_ws/install/uuv_gazebo:/home/osansubuntumachine/ros2_ws/install/uuv_control_msgs:/home/osansubuntumachine/ros2_ws/install/uuv_control_cascaded_pid:/home/osansubuntumachine/ros2_ws/install/uuv_auv_control_allocator:/home/osansubuntumachine/ros2_ws/install/uuv_assistants:/home/osansubuntumachine/ros2_ws/install/rexrov_autonomy:/opt/ros/foxy PYTHONPATH=/home/osansubuntumachine/ros2_ws/install/plankton_utils/lib/python3.8/site-packages:/home/osansubuntumachine/ros2_ws/install/uuv_world_ros_plugins_msgs/lib/python3.8/site-packages:/home/osansubuntumachine/ros2_ws/install/uuv_trajectory_control/lib/python3.8/site-packages:/home/osansubuntumachine/ros2_ws/install/uuv_thruster_manager/lib/python3.8/site-packages:/home/osansubuntumachine/ros2_ws/install/uuv_sensor_ros_plugins_msgs/lib/python3.8/site-packages:/home/osansubuntumachine/ros2_ws/install/uuv_gazebo_ros_plugins_msgs/lib/python3.8/site-packages:/home/osansubuntumachine/ros2_ws/install/uuv_control_msgs/lib/python3.8/site-packages:/home/osansubuntumachine/ros2_ws/install/uuv_control_cascaded_pid/lib/python3.8/site-packages:/home/osansubuntumachine/ros2_ws/install/uuv_auv_control_allocator/lib/python3.8/site-packages:/home/osansubuntumachine/ros2_ws/install/uuv_assistants/lib/python3.8/site-packages:/home/osansubuntumachine/ros2_ws/install/rexrov_autonomy/lib/python3.8/site-packages:/opt/ros/foxy/lib/python3.8/site-packages /usr/bin/cmake --build /home/osansubuntumachine/ros2_ws/build/uuv_auv_control_allocator -- -j4 -l4
[0.123s] [  3%] Built target uuv_auv_control_allocator__cpp
[0.132s] [ 12%] Built target uuv_auv_control_allocator__rosidl_generator_c
[0.170s] [ 22%] Built target uuv_auv_control_allocator__rosidl_typesupport_introspection_cpp
[0.171s] [ 32%] Built target uuv_auv_control_allocator__rosidl_typesupport_fastrtps_cpp
[0.181s] [ 41%] Built target uuv_auv_control_allocator__rosidl_typesupport_introspection_c
[0.184s] [ 51%] Built target uuv_auv_control_allocator__rosidl_typesupport_cpp
[0.214s] [ 61%] Built target uuv_auv_control_allocator__rosidl_typesupport_c
[0.217s] [ 70%] Built target uuv_auv_control_allocator__rosidl_typesupport_fastrtps_c
[0.242s] [ 70%] Built target uuv_auv_control_allocator
[0.286s] [ 74%] Built target uuv_auv_control_allocator__py
[0.318s] [ 80%] Built target uuv_auv_control_allocator__python
[0.363s] [ 87%] Built target uuv_auv_control_allocator__rosidl_typesupport_introspection_c__pyext
[0.370s] [ 93%] Built target uuv_auv_control_allocator__rosidl_typesupport_fastrtps_c__pyext
[0.371s] [100%] Built target uuv_auv_control_allocator__rosidl_typesupport_c__pyext
[0.395s] Invoked command in '/home/osansubuntumachine/ros2_ws/build/uuv_auv_control_allocator' returned '0': CMAKE_PREFIX_PATH=/home/osansubuntumachine/ros2_ws/install/plankton_utils:/home/osansubuntumachine/ros2_ws/install/plankton:/home/osansubuntumachine/ros2_ws/install/uuv_simulator:/home/osansubuntumachine/ros2_ws/install/uuv_world_ros_plugins:/home/osansubuntumachine/ros2_ws/install/uuv_tutorials:/home/osansubuntumachine/ros2_ws/install/uuv_tutorial_dp_controller:/home/osansubuntumachine/ros2_ws/install/uuv_tutorial_disturbances:/home/osansubuntumachine/ros2_ws/install/uuv_control_utils:/home/osansubuntumachine/ros2_ws/install/uuv_world_ros_plugins_msgs:/home/osansubuntumachine/ros2_ws/install/uuv_world_plugins:/home/osansubuntumachine/ros2_ws/install/uuv_tutorial_seabed_world:/home/osansubuntumachine/ros2_ws/install/uuv_trajectory_control:/home/osansubuntumachine/ros2_ws/install/uuv_teleop:/home/osansubuntumachine/ros2_ws/install/uuv_thruster_manager:/home/osansubuntumachine/ros2_ws/install/uuv_descriptions:/home/osansubuntumachine/ros2_ws/install/uuv_sensor_ros_plugins:/home/osansubuntumachine/ros2_ws/install/uuv_sensor_ros_plugins_msgs:/home/osansubuntumachine/ros2_ws/install/uuv_gazebo_worlds:/home/osansubuntumachine/ros2_ws/install/uuv_gazebo_ros_plugins:/home/osansubuntumachine/ros2_ws/install/uuv_gazebo_ros_plugins_msgs:/home/osansubuntumachine/ros2_ws/install/uuv_gazebo_plugins:/home/osansubuntumachine/ros2_ws/install/uuv_gazebo:/home/osansubuntumachine/ros2_ws/install/uuv_control_msgs:/home/osansubuntumachine/ros2_ws/install/uuv_control_cascaded_pid:/home/osansubuntumachine/ros2_ws/install/uuv_auv_control_allocator:/home/osansubuntumachine/ros2_ws/install/uuv_assistants:/home/osansubuntumachine/ros2_ws/install/rexrov_autonomy:/opt/ros/foxy PYTHONPATH=/home/osansubuntumachine/ros2_ws/install/plankton_utils/lib/python3.8/site-packages:/home/osansubuntumachine/ros2_ws/install/uuv_world_ros_plugins_msgs/lib/python3.8/site-packages:/home/osansubuntumachine/ros2_ws/install/uuv_trajectory_control/lib/python3.8/site-packages:/home/osansubuntumachine/ros2_ws/install/uuv_thruster_manager/lib/python3.8/site-packages:/home/osansubuntumachine/ros2_ws/install/uuv_sensor_ros_plugins_msgs/lib/python3.8/site-packages:/home/osansubuntumachine/ros2_ws/install/uuv_gazebo_ros_plugins_msgs/lib/python3.8/site-packages:/home/osansubuntumachine/ros2_ws/install/uuv_control_msgs/lib/python3.8/site-packages:/home/osansubuntumachine/ros2_ws/install/uuv_control_cascaded_pid/lib/python3.8/site-packages:/home/osansubuntumachine/ros2_ws/install/uuv_auv_control_allocator/lib/python3.8/site-packages:/home/osansubuntumachine/ros2_ws/install/uuv_assistants/lib/python3.8/site-packages:/home/osansubuntumachine/ros2_ws/install/rexrov_autonomy/lib/python3.8/site-packages:/opt/ros/foxy/lib/python3.8/site-packages /usr/bin/cmake --build /home/osansubuntumachine/ros2_ws/build/uuv_auv_control_allocator -- -j4 -l4
[0.400s] Invoking command in '/home/osansubuntumachine/ros2_ws/build/uuv_auv_control_allocator': CMAKE_PREFIX_PATH=/home/osansubuntumachine/ros2_ws/install/plankton_utils:/home/osansubuntumachine/ros2_ws/install/plankton:/home/osansubuntumachine/ros2_ws/install/uuv_simulator:/home/osansubuntumachine/ros2_ws/install/uuv_world_ros_plugins:/home/osansubuntumachine/ros2_ws/install/uuv_tutorials:/home/osansubuntumachine/ros2_ws/install/uuv_tutorial_dp_controller:/home/osansubuntumachine/ros2_ws/install/uuv_tutorial_disturbances:/home/osansubuntumachine/ros2_ws/install/uuv_control_utils:/home/osansubuntumachine/ros2_ws/install/uuv_world_ros_plugins_msgs:/home/osansubuntumachine/ros2_ws/install/uuv_world_plugins:/home/osansubuntumachine/ros2_ws/install/uuv_tutorial_seabed_world:/home/osansubuntumachine/ros2_ws/install/uuv_trajectory_control:/home/osansubuntumachine/ros2_ws/install/uuv_teleop:/home/osansubuntumachine/ros2_ws/install/uuv_thruster_manager:/home/osansubuntumachine/ros2_ws/install/uuv_descriptions:/home/osansubuntumachine/ros2_ws/install/uuv_sensor_ros_plugins:/home/osansubuntumachine/ros2_ws/install/uuv_sensor_ros_plugins_msgs:/home/osansubuntumachine/ros2_ws/install/uuv_gazebo_worlds:/home/osansubuntumachine/ros2_ws/install/uuv_gazebo_ros_plugins:/home/osansubuntumachine/ros2_ws/install/uuv_gazebo_ros_plugins_msgs:/home/osansubuntumachine/ros2_ws/install/uuv_gazebo_plugins:/home/osansubuntumachine/ros2_ws/install/uuv_gazebo:/home/osansubuntumachine/ros2_ws/install/uuv_control_msgs:/home/osansubuntumachine/ros2_ws/install/uuv_control_cascaded_pid:/home/osansubuntumachine/ros2_ws/install/uuv_auv_control_allocator:/home/osansubuntumachine/ros2_ws/install/uuv_assistants:/home/osansubuntumachine/ros2_ws/install/rexrov_autonomy:/opt/ros/foxy PYTHONPATH=/home/osansubuntumachine/ros2_ws/install/plankton_utils/lib/python3.8/site-packages:/home/osansubuntumachine/ros2_ws/install/uuv_world_ros_plugins_msgs/lib/python3.8/site-packages:/home/osansubuntumachine/ros2_ws/install/uuv_trajectory_control/lib/python3.8/site-packages:/home/osansubuntumachine/ros2_ws/install/uuv_thruster_manager/lib/python3.8/site-packages:/home/osansubuntumachine/ros2_ws/install/uuv_sensor_ros_plugins_msgs/lib/python3.8/site-packages:/home/osansubuntumachine/ros2_ws/install/uuv_gazebo_ros_plugins_msgs/lib/python3.8/site-packages:/home/osansubuntumachine/ros2_ws/install/uuv_control_msgs/lib/python3.8/site-packages:/home/osansubuntumachine/ros2_ws/install/uuv_control_cascaded_pid/lib/python3.8/site-packages:/home/osansubuntumachine/ros2_ws/install/uuv_auv_control_allocator/lib/python3.8/site-packages:/home/osansubuntumachine/ros2_ws/install/uuv_assistants/lib/python3.8/site-packages:/home/osansubuntumachine/ros2_ws/install/rexrov_autonomy/lib/python3.8/site-packages:/opt/ros/foxy/lib/python3.8/site-packages /usr/bin/cmake --install /home/osansubuntumachine/ros2_ws/build/uuv_auv_control_allocator
[0.414s] -- Install configuration: ""
[0.415s] -- Up-to-date: /home/osansubuntumachine/ros2_ws/install/uuv_auv_control_allocator/share/ament_index/resource_index/rosidl_interfaces/uuv_auv_control_allocator
[0.415s] -- Up-to-date: /home/osansubuntumachine/ros2_ws/install/uuv_auv_control_allocator/include/uuv_auv_control_allocator
[0.415s] -- Up-to-date: /home/osansubuntumachine/ros2_ws/install/uuv_auv_control_allocator/include/uuv_auv_control_allocator/msg
[0.415s] -- Up-to-date: /home/osansubuntumachine/ros2_ws/install/uuv_auv_control_allocator/include/uuv_auv_control_allocator/msg/auv_command.h
[0.415s] -- Up-to-date: /home/osansubuntumachine/ros2_ws/install/uuv_auv_control_allocator/include/uuv_auv_control_allocator/msg/rosidl_generator_c__visibility_control.h
[0.415s] -- Up-to-date: /home/osansubuntumachine/ros2_ws/install/uuv_auv_control_allocator/include/uuv_auv_control_allocator/msg/detail
[0.415s] -- Up-to-date: /home/osansubuntumachine/ros2_ws/install/uuv_auv_control_allocator/include/uuv_auv_control_allocator/msg/detail/auv_command__struct.h
[0.415s] -- Up-to-date: /home/osansubuntumachine/ros2_ws/install/uuv_auv_control_allocator/include/uuv_auv_control_allocator/msg/detail/auv_command__type_support.h
[0.415s] -- Up-to-date: /home/osansubuntumachine/ros2_ws/install/uuv_auv_control_allocator/include/uuv_auv_control_allocator/msg/detail/auv_command__functions.h
[0.415s] -- Up-to-date: /home/osansubuntumachine/ros2_ws/install/uuv_auv_control_allocator/include/uuv_auv_control_allocator/msg/detail/auv_command__functions.c
[0.415s] -- Up-to-date: /home/osansubuntumachine/ros2_ws/install/uuv_auv_control_allocator/share/uuv_auv_control_allocator/environment/library_path.sh
[0.415s] -- Up-to-date: /home/osansubuntumachine/ros2_ws/install/uuv_auv_control_allocator/share/uuv_auv_control_allocator/environment/library_path.dsv
[0.415s] -- Up-to-date: /home/osansubuntumachine/ros2_ws/install/uuv_auv_control_allocator/lib/libuuv_auv_control_allocator__rosidl_generator_c.so
[0.415s] -- Up-to-date: /home/osansubuntumachine/ros2_ws/install/uuv_auv_control_allocator/include/uuv_auv_control_allocator
[0.416s] -- Up-to-date: /home/osansubuntumachine/ros2_ws/install/uuv_auv_control_allocator/include/uuv_auv_control_allocator/msg
[0.416s] -- Up-to-date: /home/osansubuntumachine/ros2_ws/install/uuv_auv_control_allocator/include/uuv_auv_control_allocator/msg/rosidl_typesupport_fastrtps_c__visibility_control.h
[0.416s] -- Up-to-date: /home/osansubuntumachine/ros2_ws/install/uuv_auv_control_allocator/include/uuv_auv_control_allocator/msg/detail
[0.416s] -- Up-to-date: /home/osansubuntumachine/ros2_ws/install/uuv_auv_control_allocator/include/uuv_auv_control_allocator/msg/detail/auv_command__rosidl_typesupport_fastrtps_c.h
[0.416s] -- Up-to-date: /home/osansubuntumachine/ros2_ws/install/uuv_auv_control_allocator/lib/libuuv_auv_control_allocator__rosidl_typesupport_fastrtps_c.so
[0.416s] -- Up-to-date: /home/osansubuntumachine/ros2_ws/install/uuv_auv_control_allocator/include/uuv_auv_control_allocator
[0.416s] -- Up-to-date: /home/osansubuntumachine/ros2_ws/install/uuv_auv_control_allocator/include/uuv_auv_control_allocator/msg
[0.416s] -- Up-to-date: /home/osansubuntumachine/ros2_ws/install/uuv_auv_control_allocator/include/uuv_auv_control_allocator/msg/rosidl_typesupport_fastrtps_cpp__visibility_control.h
[0.416s] -- Up-to-date: /home/osansubuntumachine/ros2_ws/install/uuv_auv_control_allocator/include/uuv_auv_control_allocator/msg/detail
[0.416s] -- Up-to-date: /home/osansubuntumachine/ros2_ws/install/uuv_auv_control_allocator/include/uuv_auv_control_allocator/msg/detail/auv_command__rosidl_typesupport_fastrtps_cpp.hpp
[0.416s] -- Up-to-date: /home/osansubuntumachine/ros2_ws/install/uuv_auv_control_allocator/include/uuv_auv_control_allocator/msg/detail/dds_fastrtps
[0.416s] -- Up-to-date: /home/osansubuntumachine/ros2_ws/install/uuv_auv_control_allocator/lib/libuuv_auv_control_allocator__rosidl_typesupport_fastrtps_cpp.so
[0.416s] -- Up-to-date: /home/osansubuntumachine/ros2_ws/install/uuv_auv_control_allocator/include/uuv_auv_control_allocator
[0.416s] -- Up-to-date: /home/osansubuntumachine/ros2_ws/install/uuv_auv_control_allocator/include/uuv_auv_control_allocator/msg
[0.417s] -- Up-to-date: /home/osansubuntumachine/ros2_ws/install/uuv_auv_control_allocator/include/uuv_auv_control_allocator/msg/rosidl_typesupport_introspection_c__visibility_control.h
[0.417s] -- Up-to-date: /home/osansubuntumachine/ros2_ws/install/uuv_auv_control_allocator/include/uuv_auv_control_allocator/msg/detail
[0.417s] -- Up-to-date: /home/osansubuntumachine/ros2_ws/install/uuv_auv_control_allocator/include/uuv_auv_control_allocator/msg/detail/auv_command__rosidl_typesupport_introspection_c.h
[0.417s] -- Up-to-date: /home/osansubuntumachine/ros2_ws/install/uuv_auv_control_allocator/include/uuv_auv_control_allocator/msg/detail/auv_command__type_support.c
[0.417s] -- Up-to-date: /home/osansubuntumachine/ros2_ws/install/uuv_auv_control_allocator/lib/libuuv_auv_control_allocator__rosidl_typesupport_introspection_c.so
[0.417s] -- Up-to-date: /home/osansubuntumachine/ros2_ws/install/uuv_auv_control_allocator/lib/libuuv_auv_control_allocator__rosidl_typesupport_c.so
[0.418s] -- Up-to-date: /home/osansubuntumachine/ros2_ws/install/uuv_auv_control_allocator/include/uuv_auv_control_allocator
[0.418s] -- Up-to-date: /home/osansubuntumachine/ros2_ws/install/uuv_auv_control_allocator/include/uuv_auv_control_allocator/msg
[0.418s] -- Up-to-date: /home/osansubuntumachine/ros2_ws/install/uuv_auv_control_allocator/include/uuv_auv_control_allocator/msg/auv_command.hpp
[0.418s] -- Up-to-date: /home/osansubuntumachine/ros2_ws/install/uuv_auv_control_allocator/include/uuv_auv_control_allocator/msg/rosidl_generator_cpp__visibility_control.hpp
[0.418s] -- Up-to-date: /home/osansubuntumachine/ros2_ws/install/uuv_auv_control_allocator/include/uuv_auv_control_allocator/msg/detail
[0.418s] -- Up-to-date: /home/osansubuntumachine/ros2_ws/install/uuv_auv_control_allocator/include/uuv_auv_control_allocator/msg/detail/auv_command__traits.hpp
[0.419s] -- Up-to-date: /home/osansubuntumachine/ros2_ws/install/uuv_auv_control_allocator/include/uuv_auv_control_allocator/msg/detail/auv_command__struct.hpp
[0.419s] -- Up-to-date: /home/osansubuntumachine/ros2_ws/install/uuv_auv_control_allocator/include/uuv_auv_control_allocator/msg/detail/auv_command__type_support.hpp
[0.419s] -- Up-to-date: /home/osansubuntumachine/ros2_ws/install/uuv_auv_control_allocator/include/uuv_auv_control_allocator/msg/detail/auv_command__builder.hpp
[0.419s] -- Up-to-date: /home/osansubuntumachine/ros2_ws/install/uuv_auv_control_allocator/include/uuv_auv_control_allocator
[0.419s] -- Up-to-date: /home/osansubuntumachine/ros2_ws/install/uuv_auv_control_allocator/include/uuv_auv_control_allocator/msg
[0.419s] -- Up-to-date: /home/osansubuntumachine/ros2_ws/install/uuv_auv_control_allocator/include/uuv_auv_control_allocator/msg/detail
[0.419s] -- Up-to-date: /home/osansubuntumachine/ros2_ws/install/uuv_auv_control_allocator/include/uuv_auv_control_allocator/msg/detail/auv_command__type_support.cpp
[0.419s] -- Up-to-date: /home/osansubuntumachine/ros2_ws/install/uuv_auv_control_allocator/include/uuv_auv_control_allocator/msg/detail/auv_command__rosidl_typesupport_introspection_cpp.hpp
[0.419s] -- Up-to-date: /home/osansubuntumachine/ros2_ws/install/uuv_auv_control_allocator/lib/libuuv_auv_control_allocator__rosidl_typesupport_introspection_cpp.so
[0.419s] -- Up-to-date: /home/osansubuntumachine/ros2_ws/install/uuv_auv_control_allocator/lib/libuuv_auv_control_allocator__rosidl_typesupport_cpp.so
[0.419s] -- Up-to-date: /home/osansubuntumachine/ros2_ws/install/uuv_auv_control_allocator/share/uuv_auv_control_allocator/environment/pythonpath.sh
[0.420s] -- Up-to-date: /home/osansubuntumachine/ros2_ws/install/uuv_auv_control_allocator/share/uuv_auv_control_allocator/environment/pythonpath.dsv
[0.420s] -- Up-to-date: /home/osansubuntumachine/ros2_ws/install/uuv_auv_control_allocator/lib/python3.8/site-packages/uuv_auv_control_allocator/__init__.py
[0.516s] -- Up-to-date: /home/osansubuntumachine/ros2_ws/install/uuv_auv_control_allocator/lib/python3.8/site-packages/uuv_auv_control_allocator/msg
[0.516s] -- Up-to-date: /home/osansubuntumachine/ros2_ws/install/uuv_auv_control_allocator/lib/python3.8/site-packages/uuv_auv_control_allocator/msg/_auv_command.py
[0.516s] -- Up-to-date: /home/osansubuntumachine/ros2_ws/install/uuv_auv_control_allocator/lib/python3.8/site-packages/uuv_auv_control_allocator/msg/__init__.py
[0.517s] -- Up-to-date: /home/osansubuntumachine/ros2_ws/install/uuv_auv_control_allocator/lib/python3.8/site-packages/uuv_auv_control_allocator/msg/_auv_command_s.c
[0.517s] -- Up-to-date: /home/osansubuntumachine/ros2_ws/install/uuv_auv_control_allocator/lib/python3.8/site-packages/uuv_auv_control_allocator/uuv_auv_control_allocator_s__rosidl_typesupport_fastrtps_c.cpython-38-x86_64-linux-gnu.so
[0.517s] -- Up-to-date: /home/osansubuntumachine/ros2_ws/install/uuv_auv_control_allocator/lib/python3.8/site-packages/uuv_auv_control_allocator/uuv_auv_control_allocator_s__rosidl_typesupport_introspection_c.cpython-38-x86_64-linux-gnu.so
[0.517s] -- Up-to-date: /home/osansubuntumachine/ros2_ws/install/uuv_auv_control_allocator/lib/python3.8/site-packages/uuv_auv_control_allocator/uuv_auv_control_allocator_s__rosidl_typesupport_c.cpython-38-x86_64-linux-gnu.so
[0.518s] -- Up-to-date: /home/osansubuntumachine/ros2_ws/install/uuv_auv_control_allocator/lib/libuuv_auv_control_allocator__python.so
[0.518s] -- Up-to-date: /home/osansubuntumachine/ros2_ws/install/uuv_auv_control_allocator/share/uuv_auv_control_allocator/msg/AUVCommand.idl
[0.518s] -- Up-to-date: /home/osansubuntumachine/ros2_ws/install/uuv_auv_control_allocator/share/uuv_auv_control_allocator/msg/AUVCommand.msg
[0.518s] -- Up-to-date: /home/osansubuntumachine/ros2_ws/install/uuv_auv_control_allocator/lib/python3.8/site-packages/uuv_auv_actuator_interface
[0.518s] -- Up-to-date: /home/osansubuntumachine/ros2_ws/install/uuv_auv_control_allocator/lib/python3.8/site-packages/uuv_auv_actuator_interface/fin_model.py
[0.518s] -- Up-to-date: /home/osansubuntumachine/ros2_ws/install/uuv_auv_control_allocator/lib/python3.8/site-packages/uuv_auv_actuator_interface/__init__.py
[0.518s] -- Up-to-date: /home/osansubuntumachine/ros2_ws/install/uuv_auv_control_allocator/lib/python3.8/site-packages/uuv_auv_actuator_interface/actuator_manager.py
[0.568s] Listing '/home/osansubuntumachine/ros2_ws/install/uuv_auv_control_allocator/lib/python3.8/site-packages/uuv_auv_actuator_interface'...
[0.569s] Compiling '/home/osansubuntumachine/ros2_ws/install/uuv_auv_control_allocator/lib/python3.8/site-packages/uuv_auv_actuator_interface/actuator_manager.py'...
[0.569s] ***   File "/home/osansubuntumachine/ros2_ws/install/uuv_auv_control_allocator/lib/python3.8/site-packages/uuv_auv_actuator_interface/actuator_manager.py", line 237
[0.569s]     def build_topic_name(self, namespace, topic_prefix, id, topic_prefix):
[0.569s]     ^
[0.569s] SyntaxError: duplicate argument 'topic_prefix' in function definition
[0.569s] 
[0.571s] -- Up-to-date: /home/osansubuntumachine/ros2_ws/install/uuv_auv_control_allocator/share/uuv_auv_control_allocator/launch
[0.571s] -- Up-to-date: /home/osansubuntumachine/ros2_ws/install/uuv_auv_control_allocator/share/uuv_auv_control_allocator/launch/start_control_allocator.launch
[0.571s] -- Up-to-date: /home/osansubuntumachine/ros2_ws/install/uuv_auv_control_allocator/lib/uuv_auv_control_allocator/control_allocator
[0.571s] -- Up-to-date: /home/osansubuntumachine/ros2_ws/install/uuv_auv_control_allocator/share/ament_index/resource_index/package_run_dependencies/uuv_auv_control_allocator
[0.571s] -- Up-to-date: /home/osansubuntumachine/ros2_ws/install/uuv_auv_control_allocator/share/ament_index/resource_index/parent_prefix_path/uuv_auv_control_allocator
[0.572s] -- Up-to-date: /home/osansubuntumachine/ros2_ws/install/uuv_auv_control_allocator/share/uuv_auv_control_allocator/environment/ament_prefix_path.sh
[0.572s] -- Up-to-date: /home/osansubuntumachine/ros2_ws/install/uuv_auv_control_allocator/share/uuv_auv_control_allocator/environment/ament_prefix_path.dsv
[0.572s] -- Up-to-date: /home/osansubuntumachine/ros2_ws/install/uuv_auv_control_allocator/share/uuv_auv_control_allocator/environment/path.sh
[0.572s] -- Up-to-date: /home/osansubuntumachine/ros2_ws/install/uuv_auv_control_allocator/share/uuv_auv_control_allocator/environment/path.dsv
[0.572s] -- Up-to-date: /home/osansubuntumachine/ros2_ws/install/uuv_auv_control_allocator/share/uuv_auv_control_allocator/local_setup.bash
[0.572s] -- Up-to-date: /home/osansubuntumachine/ros2_ws/install/uuv_auv_control_allocator/share/uuv_auv_control_allocator/local_setup.sh
[0.572s] -- Up-to-date: /home/osansubuntumachine/ros2_ws/install/uuv_auv_control_allocator/share/uuv_auv_control_allocator/local_setup.zsh
[0.572s] -- Up-to-date: /home/osansubuntumachine/ros2_ws/install/uuv_auv_control_allocator/share/uuv_auv_control_allocator/local_setup.dsv
[0.572s] -- Installing: /home/osansubuntumachine/ros2_ws/install/uuv_auv_control_allocator/share/uuv_auv_control_allocator/package.dsv
[0.572s] -- Up-to-date: /home/osansubuntumachine/ros2_ws/install/uuv_auv_control_allocator/share/ament_index/resource_index/packages/uuv_auv_control_allocator
[0.573s] -- Up-to-date: /home/osansubuntumachine/ros2_ws/install/uuv_auv_control_allocator/share/uuv_auv_control_allocator/cmake/uuv_auv_control_allocator__rosidl_generator_cExport.cmake
[0.573s] -- Up-to-date: /home/osansubuntumachine/ros2_ws/install/uuv_auv_control_allocator/share/uuv_auv_control_allocator/cmake/uuv_auv_control_allocator__rosidl_generator_cExport-noconfig.cmake
[0.573s] -- Up-to-date: /home/osansubuntumachine/ros2_ws/install/uuv_auv_control_allocator/share/uuv_auv_control_allocator/cmake/uuv_auv_control_allocator__rosidl_typesupport_introspection_cExport.cmake
[0.573s] -- Up-to-date: /home/osansubuntumachine/ros2_ws/install/uuv_auv_control_allocator/share/uuv_auv_control_allocator/cmake/uuv_auv_control_allocator__rosidl_typesupport_introspection_cExport-noconfig.cmake
[0.574s] -- Up-to-date: /home/osansubuntumachine/ros2_ws/install/uuv_auv_control_allocator/share/uuv_auv_control_allocator/cmake/uuv_auv_control_allocator__rosidl_typesupport_cExport.cmake
[0.574s] -- Up-to-date: /home/osansubuntumachine/ros2_ws/install/uuv_auv_control_allocator/share/uuv_auv_control_allocator/cmake/uuv_auv_control_allocator__rosidl_typesupport_cExport-noconfig.cmake
[0.575s] -- Up-to-date: /home/osansubuntumachine/ros2_ws/install/uuv_auv_control_allocator/share/uuv_auv_control_allocator/cmake/uuv_auv_control_allocator__rosidl_generator_cppExport.cmake
[0.575s] -- Up-to-date: /home/osansubuntumachine/ros2_ws/install/uuv_auv_control_allocator/share/uuv_auv_control_allocator/cmake/uuv_auv_control_allocator__rosidl_typesupport_introspection_cppExport.cmake
[0.575s] -- Up-to-date: /home/osansubuntumachine/ros2_ws/install/uuv_auv_control_allocator/share/uuv_auv_control_allocator/cmake/uuv_auv_control_allocator__rosidl_typesupport_introspection_cppExport-noconfig.cmake
[0.576s] -- Up-to-date: /home/osansubuntumachine/ros2_ws/install/uuv_auv_control_allocator/share/uuv_auv_control_allocator/cmake/uuv_auv_control_allocator__rosidl_typesupport_cppExport.cmake
[0.576s] -- Up-to-date: /home/osansubuntumachine/ros2_ws/install/uuv_auv_control_allocator/share/uuv_auv_control_allocator/cmake/uuv_auv_control_allocator__rosidl_typesupport_cppExport-noconfig.cmake
[0.576s] -- Up-to-date: /home/osansubuntumachine/ros2_ws/install/uuv_auv_control_allocator/share/uuv_auv_control_allocator/cmake/rosidl_cmake-extras.cmake
[0.576s] -- Up-to-date: /home/osansubuntumachine/ros2_ws/install/uuv_auv_control_allocator/share/uuv_auv_control_allocator/cmake/ament_cmake_export_dependencies-extras.cmake
[0.577s] -- Up-to-date: /home/osansubuntumachine/ros2_ws/install/uuv_auv_control_allocator/share/uuv_auv_control_allocator/cmake/ament_cmake_export_libraries-extras.cmake
[0.577s] -- Up-to-date: /home/osansubuntumachine/ros2_ws/install/uuv_auv_control_allocator/share/uuv_auv_control_allocator/cmake/ament_cmake_export_targets-extras.cmake
[0.577s] -- Up-to-date: /home/osansubuntumachine/ros2_ws/install/uuv_auv_control_allocator/share/uuv_auv_control_allocator/cmake/ament_cmake_export_include_directories-extras.cmake
[0.577s] -- Up-to-date: /home/osansubuntumachine/ros2_ws/install/uuv_auv_control_allocator/share/uuv_auv_control_allocator/cmake/rosidl_cmake_export_typesupport_libraries-extras.cmake
[0.577s] -- Up-to-date: /home/osansubuntumachine/ros2_ws/install/uuv_auv_control_allocator/share/uuv_auv_control_allocator/cmake/rosidl_cmake_export_typesupport_targets-extras.cmake
[0.577s] -- Up-to-date: /home/osansubuntumachine/ros2_ws/install/uuv_auv_control_allocator/share/uuv_auv_control_allocator/cmake/uuv_auv_control_allocatorConfig.cmake
[0.577s] -- Up-to-date: /home/osansubuntumachine/ros2_ws/install/uuv_auv_control_allocator/share/uuv_auv_control_allocator/cmake/uuv_auv_control_allocatorConfig-version.cmake
[0.577s] -- Up-to-date: /home/osansubuntumachine/ros2_ws/install/uuv_auv_control_allocator/share/uuv_auv_control_allocator/package.xml
[0.773s] Invoked command in '/home/osansubuntumachine/ros2_ws/build/uuv_auv_control_allocator' returned '0': CMAKE_PREFIX_PATH=/home/osansubuntumachine/ros2_ws/install/plankton_utils:/home/osansubuntumachine/ros2_ws/install/plankton:/home/osansubuntumachine/ros2_ws/install/uuv_simulator:/home/osansubuntumachine/ros2_ws/install/uuv_world_ros_plugins:/home/osansubuntumachine/ros2_ws/install/uuv_tutorials:/home/osansubuntumachine/ros2_ws/install/uuv_tutorial_dp_controller:/home/osansubuntumachine/ros2_ws/install/uuv_tutorial_disturbances:/home/osansubuntumachine/ros2_ws/install/uuv_control_utils:/home/osansubuntumachine/ros2_ws/install/uuv_world_ros_plugins_msgs:/home/osansubuntumachine/ros2_ws/install/uuv_world_plugins:/home/osansubuntumachine/ros2_ws/install/uuv_tutorial_seabed_world:/home/osansubuntumachine/ros2_ws/install/uuv_trajectory_control:/home/osansubuntumachine/ros2_ws/install/uuv_teleop:/home/osansubuntumachine/ros2_ws/install/uuv_thruster_manager:/home/osansubuntumachine/ros2_ws/install/uuv_descriptions:/home/osansubuntumachine/ros2_ws/install/uuv_sensor_ros_plugins:/home/osansubuntumachine/ros2_ws/install/uuv_sensor_ros_plugins_msgs:/home/osansubuntumachine/ros2_ws/install/uuv_gazebo_worlds:/home/osansubuntumachine/ros2_ws/install/uuv_gazebo_ros_plugins:/home/osansubuntumachine/ros2_ws/install/uuv_gazebo_ros_plugins_msgs:/home/osansubuntumachine/ros2_ws/install/uuv_gazebo_plugins:/home/osansubuntumachine/ros2_ws/install/uuv_gazebo:/home/osansubuntumachine/ros2_ws/install/uuv_control_msgs:/home/osansubuntumachine/ros2_ws/install/uuv_control_cascaded_pid:/home/osansubuntumachine/ros2_ws/install/uuv_auv_control_allocator:/home/osansubuntumachine/ros2_ws/install/uuv_assistants:/home/osansubuntumachine/ros2_ws/install/rexrov_autonomy:/opt/ros/foxy PYTHONPATH=/home/osansubuntumachine/ros2_ws/install/plankton_utils/lib/python3.8/site-packages:/home/osansubuntumachine/ros2_ws/install/uuv_world_ros_plugins_msgs/lib/python3.8/site-packages:/home/osansubuntumachine/ros2_ws/install/uuv_trajectory_control/lib/python3.8/site-packages:/home/osansubuntumachine/ros2_ws/install/uuv_thruster_manager/lib/python3.8/site-packages:/home/osansubuntumachine/ros2_ws/install/uuv_sensor_ros_plugins_msgs/lib/python3.8/site-packages:/home/osansubuntumachine/ros2_ws/install/uuv_gazebo_ros_plugins_msgs/lib/python3.8/site-packages:/home/osansubuntumachine/ros2_ws/install/uuv_control_msgs/lib/python3.8/site-packages:/home/osansubuntumachine/ros2_ws/install/uuv_control_cascaded_pid/lib/python3.8/site-packages:/home/osansubuntumachine/ros2_ws/install/uuv_auv_control_allocator/lib/python3.8/site-packages:/home/osansubuntumachine/ros2_ws/install/uuv_assistants/lib/python3.8/site-packages:/home/osansubuntumachine/ros2_ws/install/rexrov_autonomy/lib/python3.8/site-packages:/opt/ros/foxy/lib/python3.8/site-packages /usr/bin/cmake --install /home/osansubuntumachine/ros2_ws/build/uuv_auv_control_allocator
