[0.073s] Invoking command in '/home/osansubuntumachine/ros2_ws/build/uuv_tutorial_seabed_world': CMAKE_PREFIX_PATH=${CMAKE_PREFIX_PATH}:/home/osansubuntumachine/ros2_ws/install/rexrov_autonomy:/opt/ros/foxy /usr/bin/cmake --build /home/osansubuntumachine/ros2_ws/build/uuv_tutorial_seabed_world -- -j4 -l4
[0.198s] Invoked command in '/home/osansubuntumachine/ros2_ws/build/uuv_tutorial_seabed_world' returned '0': CMAKE_PREFIX_PATH=${CMAKE_PREFIX_PATH}:/home/osansubuntumachine/ros2_ws/install/rexrov_autonomy:/opt/ros/foxy /usr/bin/cmake --build /home/osansubuntumachine/ros2_ws/build/uuv_tutorial_seabed_world -- -j4 -l4
[0.201s] Invoking command in '/home/osansubuntumachine/ros2_ws/build/uuv_tutorial_seabed_world': CMAKE_PREFIX_PATH=${CMAKE_PREFIX_PATH}:/home/osansubuntumachine/ros2_ws/install/rexrov_autonomy:/opt/ros/foxy /usr/bin/cmake --install /home/osansubuntumachine/ros2_ws/build/uuv_tutorial_seabed_world
[0.209s] -- Install configuration: ""
[0.209s] -- Up-to-date: /home/osansubuntumachine/ros2_ws/install/uuv_tutorial_seabed_world/share/uuv_tutorial_seabed_world/launch
[0.210s] -- Up-to-date: /home/osansubuntumachine/ros2_ws/install/uuv_tutorial_seabed_world/share/uuv_tutorial_seabed_world/launch/tutorial_seabed_world.launch
[0.210s] -- Up-to-date: /home/osansubuntumachine/ros2_ws/install/uuv_tutorial_seabed_world/share/uuv_tutorial_seabed_world/worlds
[0.211s] -- Up-to-date: /home/osansubuntumachine/ros2_ws/install/uuv_tutorial_seabed_world/share/uuv_tutorial_seabed_world/worlds/example_underwater.world
[0.211s] -- Up-to-date: /home/osansubuntumachine/ros2_ws/install/uuv_tutorial_seabed_world/share/uuv_tutorial_seabed_world/models
[0.212s] -- Up-to-date: /home/osansubuntumachine/ros2_ws/install/uuv_tutorial_seabed_world/share/uuv_tutorial_seabed_world/models/tutorial_seabed
[0.212s] -- Up-to-date: /home/osansubuntumachine/ros2_ws/install/uuv_tutorial_seabed_world/share/uuv_tutorial_seabed_world/models/tutorial_seabed/model.sdf
[0.213s] -- Up-to-date: /home/osansubuntumachine/ros2_ws/install/uuv_tutorial_seabed_world/share/uuv_tutorial_seabed_world/models/tutorial_seabed/model.config
[0.213s] -- Up-to-date: /home/osansubuntumachine/ros2_ws/install/uuv_tutorial_seabed_world/share/uuv_tutorial_seabed_world/models/tutorial_seabed/meshes
[0.214s] -- Up-to-date: /home/osansubuntumachine/ros2_ws/install/uuv_tutorial_seabed_world/share/uuv_tutorial_seabed_world/models/tutorial_seabed/meshes/seabed.stl
[0.214s] -- Up-to-date: /home/osansubuntumachine/ros2_ws/install/uuv_tutorial_seabed_world/share/ament_index/resource_index/package_run_dependencies/uuv_tutorial_seabed_world
[0.215s] -- Up-to-date: /home/osansubuntumachine/ros2_ws/install/uuv_tutorial_seabed_world/share/ament_index/resource_index/parent_prefix_path/uuv_tutorial_seabed_world
[0.216s] -- Up-to-date: /home/osansubuntumachine/ros2_ws/install/uuv_tutorial_seabed_world/share/uuv_tutorial_seabed_world/environment/ament_prefix_path.sh
[0.216s] -- Up-to-date: /home/osansubuntumachine/ros2_ws/install/uuv_tutorial_seabed_world/share/uuv_tutorial_seabed_world/environment/ament_prefix_path.dsv
[0.216s] -- Up-to-date: /home/osansubuntumachine/ros2_ws/install/uuv_tutorial_seabed_world/share/uuv_tutorial_seabed_world/environment/path.sh
[0.216s] -- Up-to-date: /home/osansubuntumachine/ros2_ws/install/uuv_tutorial_seabed_world/share/uuv_tutorial_seabed_world/environment/path.dsv
[0.216s] -- Up-to-date: /home/osansubuntumachine/ros2_ws/install/uuv_tutorial_seabed_world/share/uuv_tutorial_seabed_world/local_setup.bash
[0.216s] -- Up-to-date: /home/osansubuntumachine/ros2_ws/install/uuv_tutorial_seabed_world/share/uuv_tutorial_seabed_world/local_setup.sh
[0.216s] -- Up-to-date: /home/osansubuntumachine/ros2_ws/install/uuv_tutorial_seabed_world/share/uuv_tutorial_seabed_world/local_setup.zsh
[0.216s] -- Up-to-date: /home/osansubuntumachine/ros2_ws/install/uuv_tutorial_seabed_world/share/uuv_tutorial_seabed_world/local_setup.dsv
[0.216s] -- Installing: /home/osansubuntumachine/ros2_ws/install/uuv_tutorial_seabed_world/share/uuv_tutorial_seabed_world/package.dsv
[0.218s] -- Up-to-date: /home/osansubuntumachine/ros2_ws/install/uuv_tutorial_seabed_world/share/ament_index/resource_index/packages/uuv_tutorial_seabed_world
[0.219s] -- Up-to-date: /home/osansubuntumachine/ros2_ws/install/uuv_tutorial_seabed_world/share/uuv_tutorial_seabed_world/cmake/uuv_tutorial_seabed_worldConfig.cmake
[0.220s] -- Up-to-date: /home/osansubuntumachine/ros2_ws/install/uuv_tutorial_seabed_world/share/uuv_tutorial_seabed_world/cmake/uuv_tutorial_seabed_worldConfig-version.cmake
[0.220s] -- Up-to-date: /home/osansubuntumachine/ros2_ws/install/uuv_tutorial_seabed_world/share/uuv_tutorial_seabed_world/package.xml
[0.251s] Invoked command in '/home/osansubuntumachine/ros2_ws/build/uuv_tutorial_seabed_world' returned '0': CMAKE_PREFIX_PATH=${CMAKE_PREFIX_PATH}:/home/osansubuntumachine/ros2_ws/install/rexrov_autonomy:/opt/ros/foxy /usr/bin/cmake --install /home/osansubuntumachine/ros2_ws/build/uuv_tutorial_seabed_world
