[0.037s] Invoking command in '/home/osansubuntumachine/ros2_ws/build/rexrov_interfaces': CMAKE_PREFIX_PATH=${CMAKE_PREFIX_PATH}:/home/osansubuntumachine/ros2_ws/install/rexrov_autonomy:/opt/ros/foxy /usr/bin/cmake --build /home/osansubuntumachine/ros2_ws/build/rexrov_interfaces -- -j4 -l4
[0.178s] [  3%] Built target rexrov_interfaces__cpp
[0.202s] [ 12%] Built target rexrov_interfaces__rosidl_generator_c
[0.246s] [ 22%] Built target rexrov_interfaces__rosidl_typesupport_cpp
[0.266s] [ 32%] Built target rexrov_interfaces__rosidl_typesupport_introspection_cpp
[0.268s] [ 41%] Built target rexrov_interfaces__rosidl_typesupport_fastrtps_cpp
[0.281s] [ 51%] Built target rexrov_interfaces__rosidl_typesupport_introspection_c
[0.304s] [ 61%] Built target rexrov_interfaces__rosidl_typesupport_c
[0.321s] [ 70%] Built target rexrov_interfaces__rosidl_typesupport_fastrtps_c
[0.396s] [ 70%] Built target rexrov_interfaces
[0.447s] [ 74%] Built target rexrov_interfaces__py
[0.488s] [ 80%] Built target rexrov_interfaces__python
[0.562s] [ 87%] Built target rexrov_interfaces__rosidl_typesupport_c__pyext
[0.589s] [ 93%] Built target rexrov_interfaces__rosidl_typesupport_fastrtps_c__pyext
[0.600s] [100%] Built target rexrov_interfaces__rosidl_typesupport_introspection_c__pyext
[0.633s] Invoked command in '/home/osansubuntumachine/ros2_ws/build/rexrov_interfaces' returned '0': CMAKE_PREFIX_PATH=${CMAKE_PREFIX_PATH}:/home/osansubuntumachine/ros2_ws/install/rexrov_autonomy:/opt/ros/foxy /usr/bin/cmake --build /home/osansubuntumachine/ros2_ws/build/rexrov_interfaces -- -j4 -l4
[0.639s] Invoking command in '/home/osansubuntumachine/ros2_ws/build/rexrov_interfaces': CMAKE_PREFIX_PATH=${CMAKE_PREFIX_PATH}:/home/osansubuntumachine/ros2_ws/install/rexrov_autonomy:/opt/ros/foxy /usr/bin/cmake --install /home/osansubuntumachine/ros2_ws/build/rexrov_interfaces
[0.657s] -- Install configuration: ""
[0.657s] -- Up-to-date: /home/osansubuntumachine/ros2_ws/install/rexrov_interfaces/share/ament_index/resource_index/rosidl_interfaces/rexrov_interfaces
[0.657s] -- Up-to-date: /home/osansubuntumachine/ros2_ws/install/rexrov_interfaces/include/rexrov_interfaces
[0.657s] -- Up-to-date: /home/osansubuntumachine/ros2_ws/install/rexrov_interfaces/include/rexrov_interfaces/msg
[0.657s] -- Up-to-date: /home/osansubuntumachine/ros2_ws/install/rexrov_interfaces/include/rexrov_interfaces/msg/gate_detection.h
[0.658s] -- Up-to-date: /home/osansubuntumachine/ros2_ws/install/rexrov_interfaces/include/rexrov_interfaces/msg/rosidl_generator_c__visibility_control.h
[0.658s] -- Up-to-date: /home/osansubuntumachine/ros2_ws/install/rexrov_interfaces/include/rexrov_interfaces/msg/detail
[0.658s] -- Up-to-date: /home/osansubuntumachine/ros2_ws/install/rexrov_interfaces/include/rexrov_interfaces/msg/detail/gate_detection__functions.c
[0.658s] -- Up-to-date: /home/osansubuntumachine/ros2_ws/install/rexrov_interfaces/include/rexrov_interfaces/msg/detail/gate_detection__type_support.h
[0.658s] -- Up-to-date: /home/osansubuntumachine/ros2_ws/install/rexrov_interfaces/include/rexrov_interfaces/msg/detail/gate_detection__functions.h
[0.658s] -- Up-to-date: /home/osansubuntumachine/ros2_ws/install/rexrov_interfaces/include/rexrov_interfaces/msg/detail/gate_detection__struct.h
[0.658s] -- Up-to-date: /home/osansubuntumachine/ros2_ws/install/rexrov_interfaces/share/rexrov_interfaces/environment/library_path.sh
[0.658s] -- Up-to-date: /home/osansubuntumachine/ros2_ws/install/rexrov_interfaces/share/rexrov_interfaces/environment/library_path.dsv
[0.659s] -- Up-to-date: /home/osansubuntumachine/ros2_ws/install/rexrov_interfaces/lib/librexrov_interfaces__rosidl_generator_c.so
[0.659s] -- Up-to-date: /home/osansubuntumachine/ros2_ws/install/rexrov_interfaces/include/rexrov_interfaces
[0.659s] -- Up-to-date: /home/osansubuntumachine/ros2_ws/install/rexrov_interfaces/include/rexrov_interfaces/msg
[0.659s] -- Up-to-date: /home/osansubuntumachine/ros2_ws/install/rexrov_interfaces/include/rexrov_interfaces/msg/rosidl_typesupport_fastrtps_c__visibility_control.h
[0.659s] -- Up-to-date: /home/osansubuntumachine/ros2_ws/install/rexrov_interfaces/include/rexrov_interfaces/msg/detail
[0.659s] -- Up-to-date: /home/osansubuntumachine/ros2_ws/install/rexrov_interfaces/include/rexrov_interfaces/msg/detail/gate_detection__rosidl_typesupport_fastrtps_c.h
[0.664s] -- Up-to-date: /home/osansubuntumachine/ros2_ws/install/rexrov_interfaces/lib/librexrov_interfaces__rosidl_typesupport_fastrtps_c.so
[0.665s] -- Up-to-date: /home/osansubuntumachine/ros2_ws/install/rexrov_interfaces/include/rexrov_interfaces
[0.665s] -- Up-to-date: /home/osansubuntumachine/ros2_ws/install/rexrov_interfaces/include/rexrov_interfaces/msg
[0.665s] -- Up-to-date: /home/osansubuntumachine/ros2_ws/install/rexrov_interfaces/include/rexrov_interfaces/msg/rosidl_typesupport_fastrtps_cpp__visibility_control.h
[0.665s] -- Up-to-date: /home/osansubuntumachine/ros2_ws/install/rexrov_interfaces/include/rexrov_interfaces/msg/detail
[0.665s] -- Up-to-date: /home/osansubuntumachine/ros2_ws/install/rexrov_interfaces/include/rexrov_interfaces/msg/detail/gate_detection__rosidl_typesupport_fastrtps_cpp.hpp
[0.665s] -- Up-to-date: /home/osansubuntumachine/ros2_ws/install/rexrov_interfaces/include/rexrov_interfaces/msg/detail/dds_fastrtps
[0.671s] -- Up-to-date: /home/osansubuntumachine/ros2_ws/install/rexrov_interfaces/lib/librexrov_interfaces__rosidl_typesupport_fastrtps_cpp.so
[0.671s] -- Up-to-date: /home/osansubuntumachine/ros2_ws/install/rexrov_interfaces/include/rexrov_interfaces
[0.671s] -- Up-to-date: /home/osansubuntumachine/ros2_ws/install/rexrov_interfaces/include/rexrov_interfaces/msg
[0.672s] -- Up-to-date: /home/osansubuntumachine/ros2_ws/install/rexrov_interfaces/include/rexrov_interfaces/msg/rosidl_typesupport_introspection_c__visibility_control.h
[0.672s] -- Up-to-date: /home/osansubuntumachine/ros2_ws/install/rexrov_interfaces/include/rexrov_interfaces/msg/detail
[0.672s] -- Up-to-date: /home/osansubuntumachine/ros2_ws/install/rexrov_interfaces/include/rexrov_interfaces/msg/detail/gate_detection__type_support.c
[0.672s] -- Up-to-date: /home/osansubuntumachine/ros2_ws/install/rexrov_interfaces/include/rexrov_interfaces/msg/detail/gate_detection__rosidl_typesupport_introspection_c.h
[0.677s] -- Up-to-date: /home/osansubuntumachine/ros2_ws/install/rexrov_interfaces/lib/librexrov_interfaces__rosidl_typesupport_introspection_c.so
[0.679s] -- Up-to-date: /home/osansubuntumachine/ros2_ws/install/rexrov_interfaces/lib/librexrov_interfaces__rosidl_typesupport_c.so
[0.679s] -- Up-to-date: /home/osansubuntumachine/ros2_ws/install/rexrov_interfaces/include/rexrov_interfaces
[0.679s] -- Up-to-date: /home/osansubuntumachine/ros2_ws/install/rexrov_interfaces/include/rexrov_interfaces/msg
[0.679s] -- Up-to-date: /home/osansubuntumachine/ros2_ws/install/rexrov_interfaces/include/rexrov_interfaces/msg/gate_detection.hpp
[0.680s] -- Up-to-date: /home/osansubuntumachine/ros2_ws/install/rexrov_interfaces/include/rexrov_interfaces/msg/rosidl_generator_cpp__visibility_control.hpp
[0.680s] -- Up-to-date: /home/osansubuntumachine/ros2_ws/install/rexrov_interfaces/include/rexrov_interfaces/msg/detail
[0.680s] -- Up-to-date: /home/osansubuntumachine/ros2_ws/install/rexrov_interfaces/include/rexrov_interfaces/msg/detail/gate_detection__traits.hpp
[0.680s] -- Up-to-date: /home/osansubuntumachine/ros2_ws/install/rexrov_interfaces/include/rexrov_interfaces/msg/detail/gate_detection__struct.hpp
[0.680s] -- Up-to-date: /home/osansubuntumachine/ros2_ws/install/rexrov_interfaces/include/rexrov_interfaces/msg/detail/gate_detection__type_support.hpp
[0.680s] -- Up-to-date: /home/osansubuntumachine/ros2_ws/install/rexrov_interfaces/include/rexrov_interfaces/msg/detail/gate_detection__builder.hpp
[0.680s] -- Up-to-date: /home/osansubuntumachine/ros2_ws/install/rexrov_interfaces/include/rexrov_interfaces
[0.680s] -- Up-to-date: /home/osansubuntumachine/ros2_ws/install/rexrov_interfaces/include/rexrov_interfaces/msg
[0.680s] -- Up-to-date: /home/osansubuntumachine/ros2_ws/install/rexrov_interfaces/include/rexrov_interfaces/msg/detail
[0.680s] -- Up-to-date: /home/osansubuntumachine/ros2_ws/install/rexrov_interfaces/include/rexrov_interfaces/msg/detail/gate_detection__rosidl_typesupport_introspection_cpp.hpp
[0.680s] -- Up-to-date: /home/osansubuntumachine/ros2_ws/install/rexrov_interfaces/include/rexrov_interfaces/msg/detail/gate_detection__type_support.cpp
[0.683s] -- Up-to-date: /home/osansubuntumachine/ros2_ws/install/rexrov_interfaces/lib/librexrov_interfaces__rosidl_typesupport_introspection_cpp.so
[0.689s] -- Up-to-date: /home/osansubuntumachine/ros2_ws/install/rexrov_interfaces/lib/librexrov_interfaces__rosidl_typesupport_cpp.so
[0.689s] -- Up-to-date: /home/osansubuntumachine/ros2_ws/install/rexrov_interfaces/share/rexrov_interfaces/environment/pythonpath.sh
[0.689s] -- Up-to-date: /home/osansubuntumachine/ros2_ws/install/rexrov_interfaces/share/rexrov_interfaces/environment/pythonpath.dsv
[0.689s] -- Up-to-date: /home/osansubuntumachine/ros2_ws/install/rexrov_interfaces/lib/python3.8/site-packages/rexrov_interfaces/__init__.py
[0.754s] -- Up-to-date: /home/osansubuntumachine/ros2_ws/install/rexrov_interfaces/lib/python3.8/site-packages/rexrov_interfaces/msg
[0.754s] -- Up-to-date: /home/osansubuntumachine/ros2_ws/install/rexrov_interfaces/lib/python3.8/site-packages/rexrov_interfaces/msg/_gate_detection.py
[0.754s] -- Up-to-date: /home/osansubuntumachine/ros2_ws/install/rexrov_interfaces/lib/python3.8/site-packages/rexrov_interfaces/msg/__init__.py
[0.754s] -- Up-to-date: /home/osansubuntumachine/ros2_ws/install/rexrov_interfaces/lib/python3.8/site-packages/rexrov_interfaces/msg/_gate_detection_s.c
[0.756s] -- Up-to-date: /home/osansubuntumachine/ros2_ws/install/rexrov_interfaces/lib/python3.8/site-packages/rexrov_interfaces/rexrov_interfaces_s__rosidl_typesupport_fastrtps_c.cpython-38-x86_64-linux-gnu.so
[0.757s] -- Up-to-date: /home/osansubuntumachine/ros2_ws/install/rexrov_interfaces/lib/python3.8/site-packages/rexrov_interfaces/rexrov_interfaces_s__rosidl_typesupport_introspection_c.cpython-38-x86_64-linux-gnu.so
[0.759s] -- Up-to-date: /home/osansubuntumachine/ros2_ws/install/rexrov_interfaces/lib/python3.8/site-packages/rexrov_interfaces/rexrov_interfaces_s__rosidl_typesupport_c.cpython-38-x86_64-linux-gnu.so
[0.761s] -- Up-to-date: /home/osansubuntumachine/ros2_ws/install/rexrov_interfaces/lib/librexrov_interfaces__python.so
[0.761s] -- Up-to-date: /home/osansubuntumachine/ros2_ws/install/rexrov_interfaces/share/rexrov_interfaces/msg/GateDetection.idl
[0.761s] -- Up-to-date: /home/osansubuntumachine/ros2_ws/install/rexrov_interfaces/share/rexrov_interfaces/msg/GateDetection.msg
[0.762s] -- Up-to-date: /home/osansubuntumachine/ros2_ws/install/rexrov_interfaces/share/ament_index/resource_index/package_run_dependencies/rexrov_interfaces
[0.762s] -- Up-to-date: /home/osansubuntumachine/ros2_ws/install/rexrov_interfaces/share/ament_index/resource_index/parent_prefix_path/rexrov_interfaces
[0.762s] -- Up-to-date: /home/osansubuntumachine/ros2_ws/install/rexrov_interfaces/share/rexrov_interfaces/environment/ament_prefix_path.sh
[0.762s] -- Up-to-date: /home/osansubuntumachine/ros2_ws/install/rexrov_interfaces/share/rexrov_interfaces/environment/ament_prefix_path.dsv
[0.762s] -- Up-to-date: /home/osansubuntumachine/ros2_ws/install/rexrov_interfaces/share/rexrov_interfaces/environment/path.sh
[0.762s] -- Up-to-date: /home/osansubuntumachine/ros2_ws/install/rexrov_interfaces/share/rexrov_interfaces/environment/path.dsv
[0.763s] -- Up-to-date: /home/osansubuntumachine/ros2_ws/install/rexrov_interfaces/share/rexrov_interfaces/local_setup.bash
[0.764s] -- Up-to-date: /home/osansubuntumachine/ros2_ws/install/rexrov_interfaces/share/rexrov_interfaces/local_setup.sh
[0.764s] -- Up-to-date: /home/osansubuntumachine/ros2_ws/install/rexrov_interfaces/share/rexrov_interfaces/local_setup.zsh
[0.764s] -- Up-to-date: /home/osansubuntumachine/ros2_ws/install/rexrov_interfaces/share/rexrov_interfaces/local_setup.dsv
[0.764s] -- Installing: /home/osansubuntumachine/ros2_ws/install/rexrov_interfaces/share/rexrov_interfaces/package.dsv
[0.764s] -- Up-to-date: /home/osansubuntumachine/ros2_ws/install/rexrov_interfaces/share/ament_index/resource_index/packages/rexrov_interfaces
[0.764s] -- Up-to-date: /home/osansubuntumachine/ros2_ws/install/rexrov_interfaces/share/rexrov_interfaces/cmake/rexrov_interfaces__rosidl_generator_cExport.cmake
[0.765s] -- Up-to-date: /home/osansubuntumachine/ros2_ws/install/rexrov_interfaces/share/rexrov_interfaces/cmake/rexrov_interfaces__rosidl_generator_cExport-noconfig.cmake
[0.766s] -- Up-to-date: /home/osansubuntumachine/ros2_ws/install/rexrov_interfaces/share/rexrov_interfaces/cmake/rexrov_interfaces__rosidl_typesupport_introspection_cExport.cmake
[0.766s] -- Up-to-date: /home/osansubuntumachine/ros2_ws/install/rexrov_interfaces/share/rexrov_interfaces/cmake/rexrov_interfaces__rosidl_typesupport_introspection_cExport-noconfig.cmake
[0.766s] -- Up-to-date: /home/osansubuntumachine/ros2_ws/install/rexrov_interfaces/share/rexrov_interfaces/cmake/rexrov_interfaces__rosidl_typesupport_cExport.cmake
[0.767s] -- Up-to-date: /home/osansubuntumachine/ros2_ws/install/rexrov_interfaces/share/rexrov_interfaces/cmake/rexrov_interfaces__rosidl_typesupport_cExport-noconfig.cmake
[0.768s] -- Up-to-date: /home/osansubuntumachine/ros2_ws/install/rexrov_interfaces/share/rexrov_interfaces/cmake/rexrov_interfaces__rosidl_generator_cppExport.cmake
[0.769s] -- Up-to-date: /home/osansubuntumachine/ros2_ws/install/rexrov_interfaces/share/rexrov_interfaces/cmake/rexrov_interfaces__rosidl_typesupport_introspection_cppExport.cmake
[0.769s] -- Up-to-date: /home/osansubuntumachine/ros2_ws/install/rexrov_interfaces/share/rexrov_interfaces/cmake/rexrov_interfaces__rosidl_typesupport_introspection_cppExport-noconfig.cmake
[0.769s] -- Up-to-date: /home/osansubuntumachine/ros2_ws/install/rexrov_interfaces/share/rexrov_interfaces/cmake/rexrov_interfaces__rosidl_typesupport_cppExport.cmake
[0.770s] -- Up-to-date: /home/osansubuntumachine/ros2_ws/install/rexrov_interfaces/share/rexrov_interfaces/cmake/rexrov_interfaces__rosidl_typesupport_cppExport-noconfig.cmake
[0.770s] -- Up-to-date: /home/osansubuntumachine/ros2_ws/install/rexrov_interfaces/share/rexrov_interfaces/cmake/rosidl_cmake-extras.cmake
[0.770s] -- Up-to-date: /home/osansubuntumachine/ros2_ws/install/rexrov_interfaces/share/rexrov_interfaces/cmake/ament_cmake_export_dependencies-extras.cmake
[0.770s] -- Up-to-date: /home/osansubuntumachine/ros2_ws/install/rexrov_interfaces/share/rexrov_interfaces/cmake/ament_cmake_export_libraries-extras.cmake
[0.770s] -- Up-to-date: /home/osansubuntumachine/ros2_ws/install/rexrov_interfaces/share/rexrov_interfaces/cmake/ament_cmake_export_targets-extras.cmake
[0.770s] -- Up-to-date: /home/osansubuntumachine/ros2_ws/install/rexrov_interfaces/share/rexrov_interfaces/cmake/ament_cmake_export_include_directories-extras.cmake
[0.771s] -- Up-to-date: /home/osansubuntumachine/ros2_ws/install/rexrov_interfaces/share/rexrov_interfaces/cmake/rosidl_cmake_export_typesupport_libraries-extras.cmake
[0.771s] -- Up-to-date: /home/osansubuntumachine/ros2_ws/install/rexrov_interfaces/share/rexrov_interfaces/cmake/rosidl_cmake_export_typesupport_targets-extras.cmake
[0.771s] -- Up-to-date: /home/osansubuntumachine/ros2_ws/install/rexrov_interfaces/share/rexrov_interfaces/cmake/rexrov_interfacesConfig.cmake
[0.771s] -- Up-to-date: /home/osansubuntumachine/ros2_ws/install/rexrov_interfaces/share/rexrov_interfaces/cmake/rexrov_interfacesConfig-version.cmake
[0.771s] -- Up-to-date: /home/osansubuntumachine/ros2_ws/install/rexrov_interfaces/share/rexrov_interfaces/package.xml
[0.777s] Invoked command in '/home/osansubuntumachine/ros2_ws/build/rexrov_interfaces' returned '0': CMAKE_PREFIX_PATH=${CMAKE_PREFIX_PATH}:/home/osansubuntumachine/ros2_ws/install/rexrov_autonomy:/opt/ros/foxy /usr/bin/cmake --install /home/osansubuntumachine/ros2_ws/build/rexrov_interfaces
