[0.026s] Invoking command in '/home/osansubuntumachine/ros2_ws/build/uuv_sensor_ros_plugins_msgs': CMAKE_PREFIX_PATH=${CMAKE_PREFIX_PATH}:/home/osansubuntumachine/ros2_ws/install/rexrov_autonomy:/opt/ros/foxy /usr/bin/cmake --build /home/osansubuntumachine/ros2_ws/build/uuv_sensor_ros_plugins_msgs -- -j4 -l4
[0.116s] [  1%] Built target uuv_sensor_ros_plugins_msgs__cpp
[0.139s] [ 12%] Built target uuv_sensor_ros_plugins_msgs__rosidl_generator_c
[0.173s] [ 24%] Built target uuv_sensor_ros_plugins_msgs__rosidl_typesupport_cpp
[0.197s] [ 35%] Built target uuv_sensor_ros_plugins_msgs__rosidl_typesupport_fastrtps_cpp
[0.282s] [ 46%] Built target uuv_sensor_ros_plugins_msgs__rosidl_typesupport_introspection_c
[0.282s] [ 58%] Built target uuv_sensor_ros_plugins_msgs__rosidl_typesupport_introspection_cpp
[0.444s] [ 69%] Built target uuv_sensor_ros_plugins_msgs__rosidl_typesupport_c
[0.445s] [ 81%] Built target uuv_sensor_ros_plugins_msgs__rosidl_typesupport_fastrtps_c
[0.513s] [ 81%] Built target uuv_sensor_ros_plugins_msgs
[0.525s] [ 82%] Built target uuv_sensor_ros_plugins_msgs__py
[0.566s] [ 92%] Built target uuv_sensor_ros_plugins_msgs__python
[0.614s] [ 94%] Built target uuv_sensor_ros_plugins_msgs__rosidl_typesupport_fastrtps_c__pyext
[0.648s] [ 97%] Built target uuv_sensor_ros_plugins_msgs__rosidl_typesupport_c__pyext
[0.678s] [100%] Built target uuv_sensor_ros_plugins_msgs__rosidl_typesupport_introspection_c__pyext
[0.704s] Invoked command in '/home/osansubuntumachine/ros2_ws/build/uuv_sensor_ros_plugins_msgs' returned '0': CMAKE_PREFIX_PATH=${CMAKE_PREFIX_PATH}:/home/osansubuntumachine/ros2_ws/install/rexrov_autonomy:/opt/ros/foxy /usr/bin/cmake --build /home/osansubuntumachine/ros2_ws/build/uuv_sensor_ros_plugins_msgs -- -j4 -l4
[0.707s] Invoking command in '/home/osansubuntumachine/ros2_ws/build/uuv_sensor_ros_plugins_msgs': CMAKE_PREFIX_PATH=${CMAKE_PREFIX_PATH}:/home/osansubuntumachine/ros2_ws/install/rexrov_autonomy:/opt/ros/foxy /usr/bin/cmake --install /home/osansubuntumachine/ros2_ws/build/uuv_sensor_ros_plugins_msgs
[0.732s] -- Install configuration: ""
[0.737s] -- Up-to-date: /home/osansubuntumachine/ros2_ws/install/uuv_sensor_ros_plugins_msgs/share/ament_index/resource_index/rosidl_interfaces/uuv_sensor_ros_plugins_msgs
[0.742s] -- Up-to-date: /home/osansubuntumachine/ros2_ws/install/uuv_sensor_ros_plugins_msgs/include/uuv_sensor_ros_plugins_msgs
[0.742s] -- Up-to-date: /home/osansubuntumachine/ros2_ws/install/uuv_sensor_ros_plugins_msgs/include/uuv_sensor_ros_plugins_msgs/msg
[0.742s] -- Up-to-date: /home/osansubuntumachine/ros2_ws/install/uuv_sensor_ros_plugins_msgs/include/uuv_sensor_ros_plugins_msgs/msg/dvl.h
[0.742s] -- Up-to-date: /home/osansubuntumachine/ros2_ws/install/uuv_sensor_ros_plugins_msgs/include/uuv_sensor_ros_plugins_msgs/msg/chemical_particle_concentration.h
[0.742s] -- Up-to-date: /home/osansubuntumachine/ros2_ws/install/uuv_sensor_ros_plugins_msgs/include/uuv_sensor_ros_plugins_msgs/msg/salinity.h
[0.742s] -- Up-to-date: /home/osansubuntumachine/ros2_ws/install/uuv_sensor_ros_plugins_msgs/include/uuv_sensor_ros_plugins_msgs/msg/position_with_covariance_stamped.h
[0.743s] -- Up-to-date: /home/osansubuntumachine/ros2_ws/install/uuv_sensor_ros_plugins_msgs/include/uuv_sensor_ros_plugins_msgs/msg/rosidl_generator_c__visibility_control.h
[0.743s] -- Up-to-date: /home/osansubuntumachine/ros2_ws/install/uuv_sensor_ros_plugins_msgs/include/uuv_sensor_ros_plugins_msgs/msg/detail
[0.743s] -- Up-to-date: /home/osansubuntumachine/ros2_ws/install/uuv_sensor_ros_plugins_msgs/include/uuv_sensor_ros_plugins_msgs/msg/detail/dvl__functions.c
[0.743s] -- Up-to-date: /home/osansubuntumachine/ros2_ws/install/uuv_sensor_ros_plugins_msgs/include/uuv_sensor_ros_plugins_msgs/msg/detail/dvl_beam__struct.h
[0.743s] -- Up-to-date: /home/osansubuntumachine/ros2_ws/install/uuv_sensor_ros_plugins_msgs/include/uuv_sensor_ros_plugins_msgs/msg/detail/dvl__type_support.h
[0.743s] -- Up-to-date: /home/osansubuntumachine/ros2_ws/install/uuv_sensor_ros_plugins_msgs/include/uuv_sensor_ros_plugins_msgs/msg/detail/dvl_beam__functions.h
[0.743s] -- Up-to-date: /home/osansubuntumachine/ros2_ws/install/uuv_sensor_ros_plugins_msgs/include/uuv_sensor_ros_plugins_msgs/msg/detail/position_with_covariance__functions.c
[0.743s] -- Up-to-date: /home/osansubuntumachine/ros2_ws/install/uuv_sensor_ros_plugins_msgs/include/uuv_sensor_ros_plugins_msgs/msg/detail/position_with_covariance_stamped__functions.h
[0.743s] -- Up-to-date: /home/osansubuntumachine/ros2_ws/install/uuv_sensor_ros_plugins_msgs/include/uuv_sensor_ros_plugins_msgs/msg/detail/position_with_covariance__type_support.h
[0.743s] -- Up-to-date: /home/osansubuntumachine/ros2_ws/install/uuv_sensor_ros_plugins_msgs/include/uuv_sensor_ros_plugins_msgs/msg/detail/dvl_beam__functions.c
[0.743s] -- Up-to-date: /home/osansubuntumachine/ros2_ws/install/uuv_sensor_ros_plugins_msgs/include/uuv_sensor_ros_plugins_msgs/msg/detail/dvl_beam__type_support.h
[0.743s] -- Up-to-date: /home/osansubuntumachine/ros2_ws/install/uuv_sensor_ros_plugins_msgs/include/uuv_sensor_ros_plugins_msgs/msg/detail/salinity__struct.h
[0.743s] -- Up-to-date: /home/osansubuntumachine/ros2_ws/install/uuv_sensor_ros_plugins_msgs/include/uuv_sensor_ros_plugins_msgs/msg/detail/position_with_covariance_stamped__functions.c
[0.743s] -- Up-to-date: /home/osansubuntumachine/ros2_ws/install/uuv_sensor_ros_plugins_msgs/include/uuv_sensor_ros_plugins_msgs/msg/detail/salinity__functions.h
[0.747s] -- Up-to-date: /home/osansubuntumachine/ros2_ws/install/uuv_sensor_ros_plugins_msgs/include/uuv_sensor_ros_plugins_msgs/msg/detail/chemical_particle_concentration__functions.h
[0.747s] -- Up-to-date: /home/osansubuntumachine/ros2_ws/install/uuv_sensor_ros_plugins_msgs/include/uuv_sensor_ros_plugins_msgs/msg/detail/dvl__functions.h
[0.747s] -- Up-to-date: /home/osansubuntumachine/ros2_ws/install/uuv_sensor_ros_plugins_msgs/include/uuv_sensor_ros_plugins_msgs/msg/detail/salinity__functions.c
[0.747s] -- Up-to-date: /home/osansubuntumachine/ros2_ws/install/uuv_sensor_ros_plugins_msgs/include/uuv_sensor_ros_plugins_msgs/msg/detail/chemical_particle_concentration__functions.c
[0.747s] -- Up-to-date: /home/osansubuntumachine/ros2_ws/install/uuv_sensor_ros_plugins_msgs/include/uuv_sensor_ros_plugins_msgs/msg/detail/position_with_covariance__struct.h
[0.747s] -- Up-to-date: /home/osansubuntumachine/ros2_ws/install/uuv_sensor_ros_plugins_msgs/include/uuv_sensor_ros_plugins_msgs/msg/detail/position_with_covariance_stamped__type_support.h
[0.747s] -- Up-to-date: /home/osansubuntumachine/ros2_ws/install/uuv_sensor_ros_plugins_msgs/include/uuv_sensor_ros_plugins_msgs/msg/detail/chemical_particle_concentration__struct.h
[0.747s] -- Up-to-date: /home/osansubuntumachine/ros2_ws/install/uuv_sensor_ros_plugins_msgs/include/uuv_sensor_ros_plugins_msgs/msg/detail/position_with_covariance_stamped__struct.h
[0.747s] -- Up-to-date: /home/osansubuntumachine/ros2_ws/install/uuv_sensor_ros_plugins_msgs/include/uuv_sensor_ros_plugins_msgs/msg/detail/dvl__struct.h
[0.748s] -- Up-to-date: /home/osansubuntumachine/ros2_ws/install/uuv_sensor_ros_plugins_msgs/include/uuv_sensor_ros_plugins_msgs/msg/detail/position_with_covariance__functions.h
[0.748s] -- Up-to-date: /home/osansubuntumachine/ros2_ws/install/uuv_sensor_ros_plugins_msgs/include/uuv_sensor_ros_plugins_msgs/msg/detail/salinity__type_support.h
[0.748s] -- Up-to-date: /home/osansubuntumachine/ros2_ws/install/uuv_sensor_ros_plugins_msgs/include/uuv_sensor_ros_plugins_msgs/msg/detail/chemical_particle_concentration__type_support.h
[0.748s] -- Up-to-date: /home/osansubuntumachine/ros2_ws/install/uuv_sensor_ros_plugins_msgs/include/uuv_sensor_ros_plugins_msgs/msg/dvl_beam.h
[0.748s] -- Up-to-date: /home/osansubuntumachine/ros2_ws/install/uuv_sensor_ros_plugins_msgs/include/uuv_sensor_ros_plugins_msgs/msg/position_with_covariance.h
[0.748s] -- Up-to-date: /home/osansubuntumachine/ros2_ws/install/uuv_sensor_ros_plugins_msgs/include/uuv_sensor_ros_plugins_msgs/srv
[0.748s] -- Up-to-date: /home/osansubuntumachine/ros2_ws/install/uuv_sensor_ros_plugins_msgs/include/uuv_sensor_ros_plugins_msgs/srv/change_sensor_state.h
[0.748s] -- Up-to-date: /home/osansubuntumachine/ros2_ws/install/uuv_sensor_ros_plugins_msgs/include/uuv_sensor_ros_plugins_msgs/srv/detail
[0.748s] -- Up-to-date: /home/osansubuntumachine/ros2_ws/install/uuv_sensor_ros_plugins_msgs/include/uuv_sensor_ros_plugins_msgs/srv/detail/change_sensor_state__type_support.h
[0.748s] -- Up-to-date: /home/osansubuntumachine/ros2_ws/install/uuv_sensor_ros_plugins_msgs/include/uuv_sensor_ros_plugins_msgs/srv/detail/change_sensor_state__functions.c
[0.748s] -- Up-to-date: /home/osansubuntumachine/ros2_ws/install/uuv_sensor_ros_plugins_msgs/include/uuv_sensor_ros_plugins_msgs/srv/detail/change_sensor_state__struct.h
[0.748s] -- Up-to-date: /home/osansubuntumachine/ros2_ws/install/uuv_sensor_ros_plugins_msgs/include/uuv_sensor_ros_plugins_msgs/srv/detail/change_sensor_state__functions.h
[0.748s] -- Up-to-date: /home/osansubuntumachine/ros2_ws/install/uuv_sensor_ros_plugins_msgs/share/uuv_sensor_ros_plugins_msgs/environment/library_path.sh
[0.748s] -- Up-to-date: /home/osansubuntumachine/ros2_ws/install/uuv_sensor_ros_plugins_msgs/share/uuv_sensor_ros_plugins_msgs/environment/library_path.dsv
[0.748s] -- Up-to-date: /home/osansubuntumachine/ros2_ws/install/uuv_sensor_ros_plugins_msgs/lib/libuuv_sensor_ros_plugins_msgs__rosidl_generator_c.so
[0.748s] -- Up-to-date: /home/osansubuntumachine/ros2_ws/install/uuv_sensor_ros_plugins_msgs/include/uuv_sensor_ros_plugins_msgs
[0.748s] -- Up-to-date: /home/osansubuntumachine/ros2_ws/install/uuv_sensor_ros_plugins_msgs/include/uuv_sensor_ros_plugins_msgs/msg
[0.749s] -- Up-to-date: /home/osansubuntumachine/ros2_ws/install/uuv_sensor_ros_plugins_msgs/include/uuv_sensor_ros_plugins_msgs/msg/rosidl_typesupport_fastrtps_c__visibility_control.h
[0.749s] -- Up-to-date: /home/osansubuntumachine/ros2_ws/install/uuv_sensor_ros_plugins_msgs/include/uuv_sensor_ros_plugins_msgs/msg/detail
[0.749s] -- Up-to-date: /home/osansubuntumachine/ros2_ws/install/uuv_sensor_ros_plugins_msgs/include/uuv_sensor_ros_plugins_msgs/msg/detail/position_with_covariance__rosidl_typesupport_fastrtps_c.h
[0.749s] -- Up-to-date: /home/osansubuntumachine/ros2_ws/install/uuv_sensor_ros_plugins_msgs/include/uuv_sensor_ros_plugins_msgs/msg/detail/chemical_particle_concentration__rosidl_typesupport_fastrtps_c.h
[0.749s] -- Up-to-date: /home/osansubuntumachine/ros2_ws/install/uuv_sensor_ros_plugins_msgs/include/uuv_sensor_ros_plugins_msgs/msg/detail/dvl_beam__rosidl_typesupport_fastrtps_c.h
[0.749s] -- Up-to-date: /home/osansubuntumachine/ros2_ws/install/uuv_sensor_ros_plugins_msgs/include/uuv_sensor_ros_plugins_msgs/msg/detail/salinity__rosidl_typesupport_fastrtps_c.h
[0.749s] -- Up-to-date: /home/osansubuntumachine/ros2_ws/install/uuv_sensor_ros_plugins_msgs/include/uuv_sensor_ros_plugins_msgs/msg/detail/position_with_covariance_stamped__rosidl_typesupport_fastrtps_c.h
[0.749s] -- Up-to-date: /home/osansubuntumachine/ros2_ws/install/uuv_sensor_ros_plugins_msgs/include/uuv_sensor_ros_plugins_msgs/msg/detail/dvl__rosidl_typesupport_fastrtps_c.h
[0.749s] -- Up-to-date: /home/osansubuntumachine/ros2_ws/install/uuv_sensor_ros_plugins_msgs/include/uuv_sensor_ros_plugins_msgs/srv
[0.749s] -- Up-to-date: /home/osansubuntumachine/ros2_ws/install/uuv_sensor_ros_plugins_msgs/include/uuv_sensor_ros_plugins_msgs/srv/detail
[0.749s] -- Up-to-date: /home/osansubuntumachine/ros2_ws/install/uuv_sensor_ros_plugins_msgs/include/uuv_sensor_ros_plugins_msgs/srv/detail/change_sensor_state__rosidl_typesupport_fastrtps_c.h
[0.749s] -- Up-to-date: /home/osansubuntumachine/ros2_ws/install/uuv_sensor_ros_plugins_msgs/lib/libuuv_sensor_ros_plugins_msgs__rosidl_typesupport_fastrtps_c.so
[0.749s] -- Up-to-date: /home/osansubuntumachine/ros2_ws/install/uuv_sensor_ros_plugins_msgs/include/uuv_sensor_ros_plugins_msgs
[0.750s] -- Up-to-date: /home/osansubuntumachine/ros2_ws/install/uuv_sensor_ros_plugins_msgs/include/uuv_sensor_ros_plugins_msgs/msg
[0.750s] -- Up-to-date: /home/osansubuntumachine/ros2_ws/install/uuv_sensor_ros_plugins_msgs/include/uuv_sensor_ros_plugins_msgs/msg/rosidl_typesupport_fastrtps_cpp__visibility_control.h
[0.750s] -- Up-to-date: /home/osansubuntumachine/ros2_ws/install/uuv_sensor_ros_plugins_msgs/include/uuv_sensor_ros_plugins_msgs/msg/detail
[0.750s] -- Up-to-date: /home/osansubuntumachine/ros2_ws/install/uuv_sensor_ros_plugins_msgs/include/uuv_sensor_ros_plugins_msgs/msg/detail/salinity__rosidl_typesupport_fastrtps_cpp.hpp
[0.750s] -- Up-to-date: /home/osansubuntumachine/ros2_ws/install/uuv_sensor_ros_plugins_msgs/include/uuv_sensor_ros_plugins_msgs/msg/detail/dvl_beam__rosidl_typesupport_fastrtps_cpp.hpp
[0.750s] -- Up-to-date: /home/osansubuntumachine/ros2_ws/install/uuv_sensor_ros_plugins_msgs/include/uuv_sensor_ros_plugins_msgs/msg/detail/dvl__rosidl_typesupport_fastrtps_cpp.hpp
[0.750s] -- Up-to-date: /home/osansubuntumachine/ros2_ws/install/uuv_sensor_ros_plugins_msgs/include/uuv_sensor_ros_plugins_msgs/msg/detail/chemical_particle_concentration__rosidl_typesupport_fastrtps_cpp.hpp
[0.750s] -- Up-to-date: /home/osansubuntumachine/ros2_ws/install/uuv_sensor_ros_plugins_msgs/include/uuv_sensor_ros_plugins_msgs/msg/detail/dds_fastrtps
[0.750s] -- Up-to-date: /home/osansubuntumachine/ros2_ws/install/uuv_sensor_ros_plugins_msgs/include/uuv_sensor_ros_plugins_msgs/msg/detail/position_with_covariance__rosidl_typesupport_fastrtps_cpp.hpp
[0.750s] -- Up-to-date: /home/osansubuntumachine/ros2_ws/install/uuv_sensor_ros_plugins_msgs/include/uuv_sensor_ros_plugins_msgs/msg/detail/position_with_covariance_stamped__rosidl_typesupport_fastrtps_cpp.hpp
[0.750s] -- Up-to-date: /home/osansubuntumachine/ros2_ws/install/uuv_sensor_ros_plugins_msgs/include/uuv_sensor_ros_plugins_msgs/srv
[0.750s] -- Up-to-date: /home/osansubuntumachine/ros2_ws/install/uuv_sensor_ros_plugins_msgs/include/uuv_sensor_ros_plugins_msgs/srv/detail
[0.753s] -- Up-to-date: /home/osansubuntumachine/ros2_ws/install/uuv_sensor_ros_plugins_msgs/include/uuv_sensor_ros_plugins_msgs/srv/detail/change_sensor_state__rosidl_typesupport_fastrtps_cpp.hpp
[0.753s] -- Up-to-date: /home/osansubuntumachine/ros2_ws/install/uuv_sensor_ros_plugins_msgs/include/uuv_sensor_ros_plugins_msgs/srv/detail/dds_fastrtps
[0.754s] -- Up-to-date: /home/osansubuntumachine/ros2_ws/install/uuv_sensor_ros_plugins_msgs/lib/libuuv_sensor_ros_plugins_msgs__rosidl_typesupport_fastrtps_cpp.so
[0.759s] -- Up-to-date: /home/osansubuntumachine/ros2_ws/install/uuv_sensor_ros_plugins_msgs/include/uuv_sensor_ros_plugins_msgs
[0.759s] -- Up-to-date: /home/osansubuntumachine/ros2_ws/install/uuv_sensor_ros_plugins_msgs/include/uuv_sensor_ros_plugins_msgs/msg
[0.759s] -- Up-to-date: /home/osansubuntumachine/ros2_ws/install/uuv_sensor_ros_plugins_msgs/include/uuv_sensor_ros_plugins_msgs/msg/rosidl_typesupport_introspection_c__visibility_control.h
[0.759s] -- Up-to-date: /home/osansubuntumachine/ros2_ws/install/uuv_sensor_ros_plugins_msgs/include/uuv_sensor_ros_plugins_msgs/msg/detail
[0.759s] -- Up-to-date: /home/osansubuntumachine/ros2_ws/install/uuv_sensor_ros_plugins_msgs/include/uuv_sensor_ros_plugins_msgs/msg/detail/dvl_beam__type_support.c
[0.759s] -- Up-to-date: /home/osansubuntumachine/ros2_ws/install/uuv_sensor_ros_plugins_msgs/include/uuv_sensor_ros_plugins_msgs/msg/detail/salinity__rosidl_typesupport_introspection_c.h
[0.760s] -- Up-to-date: /home/osansubuntumachine/ros2_ws/install/uuv_sensor_ros_plugins_msgs/include/uuv_sensor_ros_plugins_msgs/msg/detail/position_with_covariance__rosidl_typesupport_introspection_c.h
[0.760s] -- Up-to-date: /home/osansubuntumachine/ros2_ws/install/uuv_sensor_ros_plugins_msgs/include/uuv_sensor_ros_plugins_msgs/msg/detail/dvl__type_support.c
[0.760s] -- Up-to-date: /home/osansubuntumachine/ros2_ws/install/uuv_sensor_ros_plugins_msgs/include/uuv_sensor_ros_plugins_msgs/msg/detail/position_with_covariance_stamped__type_support.c
[0.760s] -- Up-to-date: /home/osansubuntumachine/ros2_ws/install/uuv_sensor_ros_plugins_msgs/include/uuv_sensor_ros_plugins_msgs/msg/detail/salinity__type_support.c
[0.760s] -- Up-to-date: /home/osansubuntumachine/ros2_ws/install/uuv_sensor_ros_plugins_msgs/include/uuv_sensor_ros_plugins_msgs/msg/detail/chemical_particle_concentration__rosidl_typesupport_introspection_c.h
[0.760s] -- Up-to-date: /home/osansubuntumachine/ros2_ws/install/uuv_sensor_ros_plugins_msgs/include/uuv_sensor_ros_plugins_msgs/msg/detail/dvl_beam__rosidl_typesupport_introspection_c.h
[0.760s] -- Up-to-date: /home/osansubuntumachine/ros2_ws/install/uuv_sensor_ros_plugins_msgs/include/uuv_sensor_ros_plugins_msgs/msg/detail/chemical_particle_concentration__type_support.c
[0.760s] -- Up-to-date: /home/osansubuntumachine/ros2_ws/install/uuv_sensor_ros_plugins_msgs/include/uuv_sensor_ros_plugins_msgs/msg/detail/position_with_covariance__type_support.c
[0.760s] -- Up-to-date: /home/osansubuntumachine/ros2_ws/install/uuv_sensor_ros_plugins_msgs/include/uuv_sensor_ros_plugins_msgs/msg/detail/dvl__rosidl_typesupport_introspection_c.h
[0.760s] -- Up-to-date: /home/osansubuntumachine/ros2_ws/install/uuv_sensor_ros_plugins_msgs/include/uuv_sensor_ros_plugins_msgs/msg/detail/position_with_covariance_stamped__rosidl_typesupport_introspection_c.h
[0.760s] -- Up-to-date: /home/osansubuntumachine/ros2_ws/install/uuv_sensor_ros_plugins_msgs/include/uuv_sensor_ros_plugins_msgs/srv
[0.760s] -- Up-to-date: /home/osansubuntumachine/ros2_ws/install/uuv_sensor_ros_plugins_msgs/include/uuv_sensor_ros_plugins_msgs/srv/detail
[0.760s] -- Up-to-date: /home/osansubuntumachine/ros2_ws/install/uuv_sensor_ros_plugins_msgs/include/uuv_sensor_ros_plugins_msgs/srv/detail/change_sensor_state__type_support.c
[0.760s] -- Up-to-date: /home/osansubuntumachine/ros2_ws/install/uuv_sensor_ros_plugins_msgs/include/uuv_sensor_ros_plugins_msgs/srv/detail/change_sensor_state__rosidl_typesupport_introspection_c.h
[0.760s] -- Up-to-date: /home/osansubuntumachine/ros2_ws/install/uuv_sensor_ros_plugins_msgs/lib/libuuv_sensor_ros_plugins_msgs__rosidl_typesupport_introspection_c.so
[0.760s] -- Up-to-date: /home/osansubuntumachine/ros2_ws/install/uuv_sensor_ros_plugins_msgs/lib/libuuv_sensor_ros_plugins_msgs__rosidl_typesupport_c.so
[0.761s] -- Up-to-date: /home/osansubuntumachine/ros2_ws/install/uuv_sensor_ros_plugins_msgs/include/uuv_sensor_ros_plugins_msgs
[0.769s] -- Up-to-date: /home/osansubuntumachine/ros2_ws/install/uuv_sensor_ros_plugins_msgs/include/uuv_sensor_ros_plugins_msgs/msg
[0.769s] -- Up-to-date: /home/osansubuntumachine/ros2_ws/install/uuv_sensor_ros_plugins_msgs/include/uuv_sensor_ros_plugins_msgs/msg/position_with_covariance.hpp
[0.769s] -- Up-to-date: /home/osansubuntumachine/ros2_ws/install/uuv_sensor_ros_plugins_msgs/include/uuv_sensor_ros_plugins_msgs/msg/dvl.hpp
[0.769s] -- Up-to-date: /home/osansubuntumachine/ros2_ws/install/uuv_sensor_ros_plugins_msgs/include/uuv_sensor_ros_plugins_msgs/msg/chemical_particle_concentration.hpp
[0.769s] -- Up-to-date: /home/osansubuntumachine/ros2_ws/install/uuv_sensor_ros_plugins_msgs/include/uuv_sensor_ros_plugins_msgs/msg/position_with_covariance_stamped.hpp
[0.769s] -- Up-to-date: /home/osansubuntumachine/ros2_ws/install/uuv_sensor_ros_plugins_msgs/include/uuv_sensor_ros_plugins_msgs/msg/rosidl_generator_cpp__visibility_control.hpp
[0.769s] -- Up-to-date: /home/osansubuntumachine/ros2_ws/install/uuv_sensor_ros_plugins_msgs/include/uuv_sensor_ros_plugins_msgs/msg/dvl_beam.hpp
[0.769s] -- Up-to-date: /home/osansubuntumachine/ros2_ws/install/uuv_sensor_ros_plugins_msgs/include/uuv_sensor_ros_plugins_msgs/msg/detail
[0.769s] -- Up-to-date: /home/osansubuntumachine/ros2_ws/install/uuv_sensor_ros_plugins_msgs/include/uuv_sensor_ros_plugins_msgs/msg/detail/position_with_covariance__traits.hpp
[0.769s] -- Up-to-date: /home/osansubuntumachine/ros2_ws/install/uuv_sensor_ros_plugins_msgs/include/uuv_sensor_ros_plugins_msgs/msg/detail/salinity__type_support.hpp
[0.769s] -- Up-to-date: /home/osansubuntumachine/ros2_ws/install/uuv_sensor_ros_plugins_msgs/include/uuv_sensor_ros_plugins_msgs/msg/detail/dvl__type_support.hpp
[0.769s] -- Up-to-date: /home/osansubuntumachine/ros2_ws/install/uuv_sensor_ros_plugins_msgs/include/uuv_sensor_ros_plugins_msgs/msg/detail/salinity__builder.hpp
[0.769s] -- Up-to-date: /home/osansubuntumachine/ros2_ws/install/uuv_sensor_ros_plugins_msgs/include/uuv_sensor_ros_plugins_msgs/msg/detail/chemical_particle_concentration__struct.hpp
[0.770s] -- Up-to-date: /home/osansubuntumachine/ros2_ws/install/uuv_sensor_ros_plugins_msgs/include/uuv_sensor_ros_plugins_msgs/msg/detail/dvl__traits.hpp
[0.770s] -- Up-to-date: /home/osansubuntumachine/ros2_ws/install/uuv_sensor_ros_plugins_msgs/include/uuv_sensor_ros_plugins_msgs/msg/detail/dvl_beam__struct.hpp
[0.770s] -- Up-to-date: /home/osansubuntumachine/ros2_ws/install/uuv_sensor_ros_plugins_msgs/include/uuv_sensor_ros_plugins_msgs/msg/detail/dvl_beam__builder.hpp
[0.770s] -- Up-to-date: /home/osansubuntumachine/ros2_ws/install/uuv_sensor_ros_plugins_msgs/include/uuv_sensor_ros_plugins_msgs/msg/detail/position_with_covariance__type_support.hpp
[0.770s] -- Up-to-date: /home/osansubuntumachine/ros2_ws/install/uuv_sensor_ros_plugins_msgs/include/uuv_sensor_ros_plugins_msgs/msg/detail/position_with_covariance_stamped__type_support.hpp
[0.770s] -- Up-to-date: /home/osansubuntumachine/ros2_ws/install/uuv_sensor_ros_plugins_msgs/include/uuv_sensor_ros_plugins_msgs/msg/detail/position_with_covariance_stamped__builder.hpp
[0.770s] -- Up-to-date: /home/osansubuntumachine/ros2_ws/install/uuv_sensor_ros_plugins_msgs/include/uuv_sensor_ros_plugins_msgs/msg/detail/dvl__builder.hpp
[0.770s] -- Up-to-date: /home/osansubuntumachine/ros2_ws/install/uuv_sensor_ros_plugins_msgs/include/uuv_sensor_ros_plugins_msgs/msg/detail/dvl_beam__type_support.hpp
[0.770s] -- Up-to-date: /home/osansubuntumachine/ros2_ws/install/uuv_sensor_ros_plugins_msgs/include/uuv_sensor_ros_plugins_msgs/msg/detail/position_with_covariance__struct.hpp
[0.770s] -- Up-to-date: /home/osansubuntumachine/ros2_ws/install/uuv_sensor_ros_plugins_msgs/include/uuv_sensor_ros_plugins_msgs/msg/detail/salinity__traits.hpp
[0.770s] -- Up-to-date: /home/osansubuntumachine/ros2_ws/install/uuv_sensor_ros_plugins_msgs/include/uuv_sensor_ros_plugins_msgs/msg/detail/position_with_covariance_stamped__struct.hpp
[0.770s] -- Up-to-date: /home/osansubuntumachine/ros2_ws/install/uuv_sensor_ros_plugins_msgs/include/uuv_sensor_ros_plugins_msgs/msg/detail/position_with_covariance__builder.hpp
[0.773s] -- Up-to-date: /home/osansubuntumachine/ros2_ws/install/uuv_sensor_ros_plugins_msgs/include/uuv_sensor_ros_plugins_msgs/msg/detail/salinity__struct.hpp
[0.773s] -- Up-to-date: /home/osansubuntumachine/ros2_ws/install/uuv_sensor_ros_plugins_msgs/include/uuv_sensor_ros_plugins_msgs/msg/detail/chemical_particle_concentration__type_support.hpp
[0.773s] -- Up-to-date: /home/osansubuntumachine/ros2_ws/install/uuv_sensor_ros_plugins_msgs/include/uuv_sensor_ros_plugins_msgs/msg/detail/chemical_particle_concentration__traits.hpp
[0.773s] -- Up-to-date: /home/osansubuntumachine/ros2_ws/install/uuv_sensor_ros_plugins_msgs/include/uuv_sensor_ros_plugins_msgs/msg/detail/chemical_particle_concentration__builder.hpp
[0.773s] -- Up-to-date: /home/osansubuntumachine/ros2_ws/install/uuv_sensor_ros_plugins_msgs/include/uuv_sensor_ros_plugins_msgs/msg/detail/dvl__struct.hpp
[0.773s] -- Up-to-date: /home/osansubuntumachine/ros2_ws/install/uuv_sensor_ros_plugins_msgs/include/uuv_sensor_ros_plugins_msgs/msg/detail/dvl_beam__traits.hpp
[0.773s] -- Up-to-date: /home/osansubuntumachine/ros2_ws/install/uuv_sensor_ros_plugins_msgs/include/uuv_sensor_ros_plugins_msgs/msg/detail/position_with_covariance_stamped__traits.hpp
[0.773s] -- Up-to-date: /home/osansubuntumachine/ros2_ws/install/uuv_sensor_ros_plugins_msgs/include/uuv_sensor_ros_plugins_msgs/msg/salinity.hpp
[0.773s] -- Up-to-date: /home/osansubuntumachine/ros2_ws/install/uuv_sensor_ros_plugins_msgs/include/uuv_sensor_ros_plugins_msgs/srv
[0.773s] -- Up-to-date: /home/osansubuntumachine/ros2_ws/install/uuv_sensor_ros_plugins_msgs/include/uuv_sensor_ros_plugins_msgs/srv/change_sensor_state.hpp
[0.773s] -- Up-to-date: /home/osansubuntumachine/ros2_ws/install/uuv_sensor_ros_plugins_msgs/include/uuv_sensor_ros_plugins_msgs/srv/detail
[0.773s] -- Up-to-date: /home/osansubuntumachine/ros2_ws/install/uuv_sensor_ros_plugins_msgs/include/uuv_sensor_ros_plugins_msgs/srv/detail/change_sensor_state__type_support.hpp
[0.773s] -- Up-to-date: /home/osansubuntumachine/ros2_ws/install/uuv_sensor_ros_plugins_msgs/include/uuv_sensor_ros_plugins_msgs/srv/detail/change_sensor_state__traits.hpp
[0.774s] -- Up-to-date: /home/osansubuntumachine/ros2_ws/install/uuv_sensor_ros_plugins_msgs/include/uuv_sensor_ros_plugins_msgs/srv/detail/change_sensor_state__struct.hpp
[0.774s] -- Up-to-date: /home/osansubuntumachine/ros2_ws/install/uuv_sensor_ros_plugins_msgs/include/uuv_sensor_ros_plugins_msgs/srv/detail/change_sensor_state__builder.hpp
[0.774s] -- Up-to-date: /home/osansubuntumachine/ros2_ws/install/uuv_sensor_ros_plugins_msgs/include/uuv_sensor_ros_plugins_msgs
[0.774s] -- Up-to-date: /home/osansubuntumachine/ros2_ws/install/uuv_sensor_ros_plugins_msgs/include/uuv_sensor_ros_plugins_msgs/msg
[0.774s] -- Up-to-date: /home/osansubuntumachine/ros2_ws/install/uuv_sensor_ros_plugins_msgs/include/uuv_sensor_ros_plugins_msgs/msg/detail
[0.774s] -- Up-to-date: /home/osansubuntumachine/ros2_ws/install/uuv_sensor_ros_plugins_msgs/include/uuv_sensor_ros_plugins_msgs/msg/detail/dvl__type_support.cpp
[0.774s] -- Up-to-date: /home/osansubuntumachine/ros2_ws/install/uuv_sensor_ros_plugins_msgs/include/uuv_sensor_ros_plugins_msgs/msg/detail/position_with_covariance__rosidl_typesupport_introspection_cpp.hpp
[0.774s] -- Up-to-date: /home/osansubuntumachine/ros2_ws/install/uuv_sensor_ros_plugins_msgs/include/uuv_sensor_ros_plugins_msgs/msg/detail/position_with_covariance_stamped__rosidl_typesupport_introspection_cpp.hpp
[0.774s] -- Up-to-date: /home/osansubuntumachine/ros2_ws/install/uuv_sensor_ros_plugins_msgs/include/uuv_sensor_ros_plugins_msgs/msg/detail/dvl__rosidl_typesupport_introspection_cpp.hpp
[0.774s] -- Up-to-date: /home/osansubuntumachine/ros2_ws/install/uuv_sensor_ros_plugins_msgs/include/uuv_sensor_ros_plugins_msgs/msg/detail/salinity__rosidl_typesupport_introspection_cpp.hpp
[0.774s] -- Up-to-date: /home/osansubuntumachine/ros2_ws/install/uuv_sensor_ros_plugins_msgs/include/uuv_sensor_ros_plugins_msgs/msg/detail/chemical_particle_concentration__type_support.cpp
[0.774s] -- Up-to-date: /home/osansubuntumachine/ros2_ws/install/uuv_sensor_ros_plugins_msgs/include/uuv_sensor_ros_plugins_msgs/msg/detail/salinity__type_support.cpp
[0.774s] -- Up-to-date: /home/osansubuntumachine/ros2_ws/install/uuv_sensor_ros_plugins_msgs/include/uuv_sensor_ros_plugins_msgs/msg/detail/position_with_covariance_stamped__type_support.cpp
[0.774s] -- Up-to-date: /home/osansubuntumachine/ros2_ws/install/uuv_sensor_ros_plugins_msgs/include/uuv_sensor_ros_plugins_msgs/msg/detail/position_with_covariance__type_support.cpp
[0.774s] -- Up-to-date: /home/osansubuntumachine/ros2_ws/install/uuv_sensor_ros_plugins_msgs/include/uuv_sensor_ros_plugins_msgs/msg/detail/dvl_beam__rosidl_typesupport_introspection_cpp.hpp
[0.774s] -- Up-to-date: /home/osansubuntumachine/ros2_ws/install/uuv_sensor_ros_plugins_msgs/include/uuv_sensor_ros_plugins_msgs/msg/detail/chemical_particle_concentration__rosidl_typesupport_introspection_cpp.hpp
[0.774s] -- Up-to-date: /home/osansubuntumachine/ros2_ws/install/uuv_sensor_ros_plugins_msgs/include/uuv_sensor_ros_plugins_msgs/msg/detail/dvl_beam__type_support.cpp
[0.775s] -- Up-to-date: /home/osansubuntumachine/ros2_ws/install/uuv_sensor_ros_plugins_msgs/include/uuv_sensor_ros_plugins_msgs/srv
[0.775s] -- Up-to-date: /home/osansubuntumachine/ros2_ws/install/uuv_sensor_ros_plugins_msgs/include/uuv_sensor_ros_plugins_msgs/srv/detail
[0.775s] -- Up-to-date: /home/osansubuntumachine/ros2_ws/install/uuv_sensor_ros_plugins_msgs/include/uuv_sensor_ros_plugins_msgs/srv/detail/change_sensor_state__rosidl_typesupport_introspection_cpp.hpp
[0.775s] -- Up-to-date: /home/osansubuntumachine/ros2_ws/install/uuv_sensor_ros_plugins_msgs/include/uuv_sensor_ros_plugins_msgs/srv/detail/change_sensor_state__type_support.cpp
[0.775s] -- Up-to-date: /home/osansubuntumachine/ros2_ws/install/uuv_sensor_ros_plugins_msgs/lib/libuuv_sensor_ros_plugins_msgs__rosidl_typesupport_introspection_cpp.so
[0.775s] -- Up-to-date: /home/osansubuntumachine/ros2_ws/install/uuv_sensor_ros_plugins_msgs/lib/libuuv_sensor_ros_plugins_msgs__rosidl_typesupport_cpp.so
[0.775s] -- Up-to-date: /home/osansubuntumachine/ros2_ws/install/uuv_sensor_ros_plugins_msgs/share/uuv_sensor_ros_plugins_msgs/environment/pythonpath.sh
[0.775s] -- Up-to-date: /home/osansubuntumachine/ros2_ws/install/uuv_sensor_ros_plugins_msgs/share/uuv_sensor_ros_plugins_msgs/environment/pythonpath.dsv
[0.775s] -- Up-to-date: /home/osansubuntumachine/ros2_ws/install/uuv_sensor_ros_plugins_msgs/lib/python3.8/site-packages/uuv_sensor_ros_plugins_msgs/__init__.py
[0.896s] -- Up-to-date: /home/osansubuntumachine/ros2_ws/install/uuv_sensor_ros_plugins_msgs/lib/python3.8/site-packages/uuv_sensor_ros_plugins_msgs/msg
[0.896s] -- Up-to-date: /home/osansubuntumachine/ros2_ws/install/uuv_sensor_ros_plugins_msgs/lib/python3.8/site-packages/uuv_sensor_ros_plugins_msgs/msg/_chemical_particle_concentration_s.c
[0.896s] -- Up-to-date: /home/osansubuntumachine/ros2_ws/install/uuv_sensor_ros_plugins_msgs/lib/python3.8/site-packages/uuv_sensor_ros_plugins_msgs/msg/_position_with_covariance.py
[0.896s] -- Up-to-date: /home/osansubuntumachine/ros2_ws/install/uuv_sensor_ros_plugins_msgs/lib/python3.8/site-packages/uuv_sensor_ros_plugins_msgs/msg/_position_with_covariance_stamped_s.c
[0.897s] -- Up-to-date: /home/osansubuntumachine/ros2_ws/install/uuv_sensor_ros_plugins_msgs/lib/python3.8/site-packages/uuv_sensor_ros_plugins_msgs/msg/_position_with_covariance_s.c
[0.897s] -- Up-to-date: /home/osansubuntumachine/ros2_ws/install/uuv_sensor_ros_plugins_msgs/lib/python3.8/site-packages/uuv_sensor_ros_plugins_msgs/msg/_salinity_s.c
[0.897s] -- Up-to-date: /home/osansubuntumachine/ros2_ws/install/uuv_sensor_ros_plugins_msgs/lib/python3.8/site-packages/uuv_sensor_ros_plugins_msgs/msg/__init__.py
[0.897s] -- Up-to-date: /home/osansubuntumachine/ros2_ws/install/uuv_sensor_ros_plugins_msgs/lib/python3.8/site-packages/uuv_sensor_ros_plugins_msgs/msg/_dvl_beam_s.c
[0.897s] -- Up-to-date: /home/osansubuntumachine/ros2_ws/install/uuv_sensor_ros_plugins_msgs/lib/python3.8/site-packages/uuv_sensor_ros_plugins_msgs/msg/_salinity.py
[0.897s] -- Up-to-date: /home/osansubuntumachine/ros2_ws/install/uuv_sensor_ros_plugins_msgs/lib/python3.8/site-packages/uuv_sensor_ros_plugins_msgs/msg/_dvl_beam.py
[0.897s] -- Up-to-date: /home/osansubuntumachine/ros2_ws/install/uuv_sensor_ros_plugins_msgs/lib/python3.8/site-packages/uuv_sensor_ros_plugins_msgs/msg/_position_with_covariance_stamped.py
[0.897s] -- Up-to-date: /home/osansubuntumachine/ros2_ws/install/uuv_sensor_ros_plugins_msgs/lib/python3.8/site-packages/uuv_sensor_ros_plugins_msgs/msg/_dvl_s.c
[0.898s] -- Up-to-date: /home/osansubuntumachine/ros2_ws/install/uuv_sensor_ros_plugins_msgs/lib/python3.8/site-packages/uuv_sensor_ros_plugins_msgs/msg/_dvl.py
[0.898s] -- Up-to-date: /home/osansubuntumachine/ros2_ws/install/uuv_sensor_ros_plugins_msgs/lib/python3.8/site-packages/uuv_sensor_ros_plugins_msgs/msg/_chemical_particle_concentration.py
[0.898s] -- Up-to-date: /home/osansubuntumachine/ros2_ws/install/uuv_sensor_ros_plugins_msgs/lib/python3.8/site-packages/uuv_sensor_ros_plugins_msgs/srv
[0.898s] -- Up-to-date: /home/osansubuntumachine/ros2_ws/install/uuv_sensor_ros_plugins_msgs/lib/python3.8/site-packages/uuv_sensor_ros_plugins_msgs/srv/__init__.py
[0.898s] -- Up-to-date: /home/osansubuntumachine/ros2_ws/install/uuv_sensor_ros_plugins_msgs/lib/python3.8/site-packages/uuv_sensor_ros_plugins_msgs/srv/_change_sensor_state_s.c
[0.899s] -- Up-to-date: /home/osansubuntumachine/ros2_ws/install/uuv_sensor_ros_plugins_msgs/lib/python3.8/site-packages/uuv_sensor_ros_plugins_msgs/srv/_change_sensor_state.py
[0.900s] -- Up-to-date: /home/osansubuntumachine/ros2_ws/install/uuv_sensor_ros_plugins_msgs/lib/python3.8/site-packages/uuv_sensor_ros_plugins_msgs/uuv_sensor_ros_plugins_msgs_s__rosidl_typesupport_fastrtps_c.cpython-38-x86_64-linux-gnu.so
[0.900s] -- Up-to-date: /home/osansubuntumachine/ros2_ws/install/uuv_sensor_ros_plugins_msgs/lib/python3.8/site-packages/uuv_sensor_ros_plugins_msgs/uuv_sensor_ros_plugins_msgs_s__rosidl_typesupport_introspection_c.cpython-38-x86_64-linux-gnu.so
[0.900s] -- Up-to-date: /home/osansubuntumachine/ros2_ws/install/uuv_sensor_ros_plugins_msgs/lib/python3.8/site-packages/uuv_sensor_ros_plugins_msgs/uuv_sensor_ros_plugins_msgs_s__rosidl_typesupport_c.cpython-38-x86_64-linux-gnu.so
[0.901s] -- Up-to-date: /home/osansubuntumachine/ros2_ws/install/uuv_sensor_ros_plugins_msgs/lib/libuuv_sensor_ros_plugins_msgs__python.so
[0.907s] -- Up-to-date: /home/osansubuntumachine/ros2_ws/install/uuv_sensor_ros_plugins_msgs/share/uuv_sensor_ros_plugins_msgs/msg/DVL.idl
[0.907s] -- Up-to-date: /home/osansubuntumachine/ros2_ws/install/uuv_sensor_ros_plugins_msgs/share/uuv_sensor_ros_plugins_msgs/msg/DVLBeam.idl
[0.907s] -- Up-to-date: /home/osansubuntumachine/ros2_ws/install/uuv_sensor_ros_plugins_msgs/share/uuv_sensor_ros_plugins_msgs/msg/PositionWithCovariance.idl
[0.907s] -- Up-to-date: /home/osansubuntumachine/ros2_ws/install/uuv_sensor_ros_plugins_msgs/share/uuv_sensor_ros_plugins_msgs/msg/PositionWithCovarianceStamped.idl
[0.907s] -- Up-to-date: /home/osansubuntumachine/ros2_ws/install/uuv_sensor_ros_plugins_msgs/share/uuv_sensor_ros_plugins_msgs/msg/ChemicalParticleConcentration.idl
[0.907s] -- Up-to-date: /home/osansubuntumachine/ros2_ws/install/uuv_sensor_ros_plugins_msgs/share/uuv_sensor_ros_plugins_msgs/msg/Salinity.idl
[0.907s] -- Up-to-date: /home/osansubuntumachine/ros2_ws/install/uuv_sensor_ros_plugins_msgs/share/uuv_sensor_ros_plugins_msgs/srv/ChangeSensorState.idl
[0.908s] -- Up-to-date: /home/osansubuntumachine/ros2_ws/install/uuv_sensor_ros_plugins_msgs/share/uuv_sensor_ros_plugins_msgs/msg/DVL.msg
[0.908s] -- Up-to-date: /home/osansubuntumachine/ros2_ws/install/uuv_sensor_ros_plugins_msgs/share/uuv_sensor_ros_plugins_msgs/msg/DVLBeam.msg
[0.908s] -- Up-to-date: /home/osansubuntumachine/ros2_ws/install/uuv_sensor_ros_plugins_msgs/share/uuv_sensor_ros_plugins_msgs/msg/PositionWithCovariance.msg
[0.909s] -- Up-to-date: /home/osansubuntumachine/ros2_ws/install/uuv_sensor_ros_plugins_msgs/share/uuv_sensor_ros_plugins_msgs/msg/PositionWithCovarianceStamped.msg
[0.909s] -- Up-to-date: /home/osansubuntumachine/ros2_ws/install/uuv_sensor_ros_plugins_msgs/share/uuv_sensor_ros_plugins_msgs/msg/ChemicalParticleConcentration.msg
[0.909s] -- Up-to-date: /home/osansubuntumachine/ros2_ws/install/uuv_sensor_ros_plugins_msgs/share/uuv_sensor_ros_plugins_msgs/msg/Salinity.msg
[0.909s] -- Up-to-date: /home/osansubuntumachine/ros2_ws/install/uuv_sensor_ros_plugins_msgs/share/uuv_sensor_ros_plugins_msgs/srv/ChangeSensorState.srv
[0.909s] -- Up-to-date: /home/osansubuntumachine/ros2_ws/install/uuv_sensor_ros_plugins_msgs/share/uuv_sensor_ros_plugins_msgs/srv/ChangeSensorState_Request.msg
[0.909s] -- Up-to-date: /home/osansubuntumachine/ros2_ws/install/uuv_sensor_ros_plugins_msgs/share/uuv_sensor_ros_plugins_msgs/srv/ChangeSensorState_Response.msg
[0.910s] -- Up-to-date: /home/osansubuntumachine/ros2_ws/install/uuv_sensor_ros_plugins_msgs/share/ament_index/resource_index/package_run_dependencies/uuv_sensor_ros_plugins_msgs
[0.910s] -- Up-to-date: /home/osansubuntumachine/ros2_ws/install/uuv_sensor_ros_plugins_msgs/share/ament_index/resource_index/parent_prefix_path/uuv_sensor_ros_plugins_msgs
[0.910s] -- Up-to-date: /home/osansubuntumachine/ros2_ws/install/uuv_sensor_ros_plugins_msgs/share/uuv_sensor_ros_plugins_msgs/environment/ament_prefix_path.sh
[0.910s] -- Up-to-date: /home/osansubuntumachine/ros2_ws/install/uuv_sensor_ros_plugins_msgs/share/uuv_sensor_ros_plugins_msgs/environment/ament_prefix_path.dsv
[0.910s] -- Up-to-date: /home/osansubuntumachine/ros2_ws/install/uuv_sensor_ros_plugins_msgs/share/uuv_sensor_ros_plugins_msgs/environment/path.sh
[0.910s] -- Up-to-date: /home/osansubuntumachine/ros2_ws/install/uuv_sensor_ros_plugins_msgs/share/uuv_sensor_ros_plugins_msgs/environment/path.dsv
[0.910s] -- Up-to-date: /home/osansubuntumachine/ros2_ws/install/uuv_sensor_ros_plugins_msgs/share/uuv_sensor_ros_plugins_msgs/local_setup.bash
[0.910s] -- Up-to-date: /home/osansubuntumachine/ros2_ws/install/uuv_sensor_ros_plugins_msgs/share/uuv_sensor_ros_plugins_msgs/local_setup.sh
[0.916s] -- Up-to-date: /home/osansubuntumachine/ros2_ws/install/uuv_sensor_ros_plugins_msgs/share/uuv_sensor_ros_plugins_msgs/local_setup.zsh
[0.925s] -- Up-to-date: /home/osansubuntumachine/ros2_ws/install/uuv_sensor_ros_plugins_msgs/share/uuv_sensor_ros_plugins_msgs/local_setup.dsv
[0.925s] -- Installing: /home/osansubuntumachine/ros2_ws/install/uuv_sensor_ros_plugins_msgs/share/uuv_sensor_ros_plugins_msgs/package.dsv
[0.926s] -- Up-to-date: /home/osansubuntumachine/ros2_ws/install/uuv_sensor_ros_plugins_msgs/share/ament_index/resource_index/packages/uuv_sensor_ros_plugins_msgs
[0.926s] -- Up-to-date: /home/osansubuntumachine/ros2_ws/install/uuv_sensor_ros_plugins_msgs/share/uuv_sensor_ros_plugins_msgs/cmake/uuv_sensor_ros_plugins_msgs__rosidl_generator_cExport.cmake
[0.926s] -- Up-to-date: /home/osansubuntumachine/ros2_ws/install/uuv_sensor_ros_plugins_msgs/share/uuv_sensor_ros_plugins_msgs/cmake/uuv_sensor_ros_plugins_msgs__rosidl_generator_cExport-noconfig.cmake
[0.926s] -- Up-to-date: /home/osansubuntumachine/ros2_ws/install/uuv_sensor_ros_plugins_msgs/share/uuv_sensor_ros_plugins_msgs/cmake/uuv_sensor_ros_plugins_msgs__rosidl_typesupport_introspection_cExport.cmake
[0.926s] -- Up-to-date: /home/osansubuntumachine/ros2_ws/install/uuv_sensor_ros_plugins_msgs/share/uuv_sensor_ros_plugins_msgs/cmake/uuv_sensor_ros_plugins_msgs__rosidl_typesupport_introspection_cExport-noconfig.cmake
[0.926s] -- Up-to-date: /home/osansubuntumachine/ros2_ws/install/uuv_sensor_ros_plugins_msgs/share/uuv_sensor_ros_plugins_msgs/cmake/uuv_sensor_ros_plugins_msgs__rosidl_typesupport_cExport.cmake
[0.926s] -- Up-to-date: /home/osansubuntumachine/ros2_ws/install/uuv_sensor_ros_plugins_msgs/share/uuv_sensor_ros_plugins_msgs/cmake/uuv_sensor_ros_plugins_msgs__rosidl_typesupport_cExport-noconfig.cmake
[0.926s] -- Up-to-date: /home/osansubuntumachine/ros2_ws/install/uuv_sensor_ros_plugins_msgs/share/uuv_sensor_ros_plugins_msgs/cmake/uuv_sensor_ros_plugins_msgs__rosidl_generator_cppExport.cmake
[0.926s] -- Up-to-date: /home/osansubuntumachine/ros2_ws/install/uuv_sensor_ros_plugins_msgs/share/uuv_sensor_ros_plugins_msgs/cmake/uuv_sensor_ros_plugins_msgs__rosidl_typesupport_introspection_cppExport.cmake
[0.926s] -- Up-to-date: /home/osansubuntumachine/ros2_ws/install/uuv_sensor_ros_plugins_msgs/share/uuv_sensor_ros_plugins_msgs/cmake/uuv_sensor_ros_plugins_msgs__rosidl_typesupport_introspection_cppExport-noconfig.cmake
[0.929s] -- Up-to-date: /home/osansubuntumachine/ros2_ws/install/uuv_sensor_ros_plugins_msgs/share/uuv_sensor_ros_plugins_msgs/cmake/uuv_sensor_ros_plugins_msgs__rosidl_typesupport_cppExport.cmake
[0.929s] -- Up-to-date: /home/osansubuntumachine/ros2_ws/install/uuv_sensor_ros_plugins_msgs/share/uuv_sensor_ros_plugins_msgs/cmake/uuv_sensor_ros_plugins_msgs__rosidl_typesupport_cppExport-noconfig.cmake
[0.930s] -- Up-to-date: /home/osansubuntumachine/ros2_ws/install/uuv_sensor_ros_plugins_msgs/share/uuv_sensor_ros_plugins_msgs/cmake/rosidl_cmake-extras.cmake
[0.930s] -- Up-to-date: /home/osansubuntumachine/ros2_ws/install/uuv_sensor_ros_plugins_msgs/share/uuv_sensor_ros_plugins_msgs/cmake/ament_cmake_export_dependencies-extras.cmake
[0.930s] -- Up-to-date: /home/osansubuntumachine/ros2_ws/install/uuv_sensor_ros_plugins_msgs/share/uuv_sensor_ros_plugins_msgs/cmake/ament_cmake_export_libraries-extras.cmake
[0.930s] -- Up-to-date: /home/osansubuntumachine/ros2_ws/install/uuv_sensor_ros_plugins_msgs/share/uuv_sensor_ros_plugins_msgs/cmake/ament_cmake_export_targets-extras.cmake
[0.932s] -- Up-to-date: /home/osansubuntumachine/ros2_ws/install/uuv_sensor_ros_plugins_msgs/share/uuv_sensor_ros_plugins_msgs/cmake/ament_cmake_export_include_directories-extras.cmake
[0.932s] -- Up-to-date: /home/osansubuntumachine/ros2_ws/install/uuv_sensor_ros_plugins_msgs/share/uuv_sensor_ros_plugins_msgs/cmake/rosidl_cmake_export_typesupport_libraries-extras.cmake
[0.932s] -- Up-to-date: /home/osansubuntumachine/ros2_ws/install/uuv_sensor_ros_plugins_msgs/share/uuv_sensor_ros_plugins_msgs/cmake/rosidl_cmake_export_typesupport_targets-extras.cmake
[0.932s] -- Up-to-date: /home/osansubuntumachine/ros2_ws/install/uuv_sensor_ros_plugins_msgs/share/uuv_sensor_ros_plugins_msgs/cmake/uuv_sensor_ros_plugins_msgsConfig.cmake
[0.932s] -- Up-to-date: /home/osansubuntumachine/ros2_ws/install/uuv_sensor_ros_plugins_msgs/share/uuv_sensor_ros_plugins_msgs/cmake/uuv_sensor_ros_plugins_msgsConfig-version.cmake
[0.933s] -- Up-to-date: /home/osansubuntumachine/ros2_ws/install/uuv_sensor_ros_plugins_msgs/share/uuv_sensor_ros_plugins_msgs/package.xml
[0.958s] Invoked command in '/home/osansubuntumachine/ros2_ws/build/uuv_sensor_ros_plugins_msgs' returned '0': CMAKE_PREFIX_PATH=${CMAKE_PREFIX_PATH}:/home/osansubuntumachine/ros2_ws/install/rexrov_autonomy:/opt/ros/foxy /usr/bin/cmake --install /home/osansubuntumachine/ros2_ws/build/uuv_sensor_ros_plugins_msgs
