-- The C compiler identification is GNU 9.4.0
-- The CXX compiler identification is GNU 9.4.0
-- Check for working C compiler: /usr/bin/cc
-- Check for working C compiler: /usr/bin/cc -- works
-- Detecting C compiler ABI info
-- Detecting C compiler ABI info - done
-- Detecting C compile features
-- Detecting C compile features - done
-- Check for working CXX compiler: /usr/bin/c++
-- Check for working CXX compiler: /usr/bin/c++ -- works
-- Detecting CXX compiler ABI info
-- Detecting CXX compiler ABI info - done
-- Detecting CXX compile features
-- Detecting CXX compile features - done
-- Found ament_cmake: 0.9.12 (/opt/ros/foxy/share/ament_cmake/cmake)
-- Found PythonInterp: /usr/bin/python3 (found suitable version "3.8.10", minimum required is "3") 
-- Using PYTHON_EXECUTABLE: /usr/bin/python3
-- Configuring done
-- Generating done
-- Build files have been written to: /home/osansubuntumachine/ros2_ws/build/plankton
-- Install configuration: ""
-- Installing: /home/osansubuntumachine/ros2_ws/install/plankton/share/ament_index/resource_index/package_run_dependencies/plankton
-- Installing: /home/osansubuntumachine/ros2_ws/install/plankton/share/ament_index/resource_index/parent_prefix_path/plankton
-- Installing: /home/osansubuntumachine/ros2_ws/install/plankton/share/plankton/environment/ament_prefix_path.sh
-- Installing: /home/osansubuntumachine/ros2_ws/install/plankton/share/plankton/environment/ament_prefix_path.dsv
-- Installing: /home/osansubuntumachine/ros2_ws/install/plankton/share/plankton/environment/path.sh
-- Installing: /home/osansubuntumachine/ros2_ws/install/plankton/share/plankton/environment/path.dsv
-- Installing: /home/osansubuntumachine/ros2_ws/install/plankton/share/plankton/local_setup.bash
-- Installing: /home/osansubuntumachine/ros2_ws/install/plankton/share/plankton/local_setup.sh
-- Installing: /home/osansubuntumachine/ros2_ws/install/plankton/share/plankton/local_setup.zsh
-- Installing: /home/osansubuntumachine/ros2_ws/install/plankton/share/plankton/local_setup.dsv
-- Installing: /home/osansubuntumachine/ros2_ws/install/plankton/share/plankton/package.dsv
-- Installing: /home/osansubuntumachine/ros2_ws/install/plankton/share/ament_index/resource_index/packages/plankton
-- Installing: /home/osansubuntumachine/ros2_ws/install/plankton/share/plankton/cmake/planktonConfig.cmake
-- Installing: /home/osansubuntumachine/ros2_ws/install/plankton/share/plankton/cmake/planktonConfig-version.cmake
-- Installing: /home/osansubuntumachine/ros2_ws/install/plankton/share/plankton/package.xml
