-- Install configuration: ""
-- Up-to-date: /home/osansubuntumachine/ros2_ws/install/uuv_control_utils/lib/uuv_control_utils/set_timed_current_perturbation.py
-- Up-to-date: /home/osansubuntumachine/ros2_ws/install/uuv_control_utils/lib/uuv_control_utils/apply_link_wrench.py
-- Up-to-date: /home/osansubuntumachine/ros2_ws/install/uuv_control_utils/lib/uuv_control_utils/disturbance_manager.py
-- Up-to-date: /home/osansubuntumachine/ros2_ws/install/uuv_control_utils/lib/uuv_control_utils/start_helical_trajectory.py
-- Up-to-date: /home/osansubuntumachine/ros2_ws/install/uuv_control_utils/lib/uuv_control_utils/start_circular_trajectory.py
-- Up-to-date: /home/osansubuntumachine/ros2_ws/install/uuv_control_utils/lib/uuv_control_utils/set_thruster_state.py
-- Up-to-date: /home/osansubuntumachine/ros2_ws/install/uuv_control_utils/lib/uuv_control_utils/trajectory_marker_publisher.py
-- Up-to-date: /home/osansubuntumachine/ros2_ws/install/uuv_control_utils/lib/uuv_control_utils/set_thruster_output_efficiency.py
-- Up-to-date: /home/osansubuntumachine/ros2_ws/install/uuv_control_utils/lib/uuv_control_utils/send_waypoint_file.py
-- Up-to-date: /home/osansubuntumachine/ros2_ws/install/uuv_control_utils/lib/uuv_control_utils/set_gm_current_perturbation.py
-- Up-to-date: /home/osansubuntumachine/ros2_ws/install/uuv_control_utils/lib/uuv_control_utils/set_scalar_parameter.py
-- Up-to-date: /home/osansubuntumachine/ros2_ws/install/uuv_control_utils/share/uuv_control_utils/launch
-- Up-to-date: /home/osansubuntumachine/ros2_ws/install/uuv_control_utils/share/uuv_control_utils/launch/start_circular_trajectory.launch
-- Up-to-date: /home/osansubuntumachine/ros2_ws/install/uuv_control_utils/share/uuv_control_utils/launch/start_helical_trajectory.launch
-- Up-to-date: /home/osansubuntumachine/ros2_ws/install/uuv_control_utils/share/uuv_control_utils/launch/set_gm_current_perturbation.launch
-- Up-to-date: /home/osansubuntumachine/ros2_ws/install/uuv_control_utils/share/uuv_control_utils/launch/apply_link_wrench.launch
-- Up-to-date: /home/osansubuntumachine/ros2_ws/install/uuv_control_utils/share/uuv_control_utils/launch/set_scalar_parameter.launch
-- Up-to-date: /home/osansubuntumachine/ros2_ws/install/uuv_control_utils/share/uuv_control_utils/launch/set_thruster_output_efficiency.launch
-- Up-to-date: /home/osansubuntumachine/ros2_ws/install/uuv_control_utils/share/uuv_control_utils/launch/set_thruster_state.launch
-- Up-to-date: /home/osansubuntumachine/ros2_ws/install/uuv_control_utils/share/uuv_control_utils/launch/start_disturbance_manager.launch
-- Up-to-date: /home/osansubuntumachine/ros2_ws/install/uuv_control_utils/share/uuv_control_utils/launch/set_timed_current_perturbation.launch
-- Up-to-date: /home/osansubuntumachine/ros2_ws/install/uuv_control_utils/share/uuv_control_utils/launch/send_waypoints_file.launch
-- Up-to-date: /home/osansubuntumachine/ros2_ws/install/uuv_control_utils/share/uuv_control_utils/config
-- Up-to-date: /home/osansubuntumachine/ros2_ws/install/uuv_control_utils/share/uuv_control_utils/config/example_waypoints.yaml
-- Up-to-date: /home/osansubuntumachine/ros2_ws/install/uuv_control_utils/share/uuv_control_utils/config/example_disturbances.yaml
-- Up-to-date: /home/osansubuntumachine/ros2_ws/install/uuv_control_utils/share/ament_index/resource_index/package_run_dependencies/uuv_control_utils
-- Up-to-date: /home/osansubuntumachine/ros2_ws/install/uuv_control_utils/share/ament_index/resource_index/parent_prefix_path/uuv_control_utils
-- Up-to-date: /home/osansubuntumachine/ros2_ws/install/uuv_control_utils/share/uuv_control_utils/environment/ament_prefix_path.sh
-- Up-to-date: /home/osansubuntumachine/ros2_ws/install/uuv_control_utils/share/uuv_control_utils/environment/ament_prefix_path.dsv
-- Up-to-date: /home/osansubuntumachine/ros2_ws/install/uuv_control_utils/share/uuv_control_utils/environment/path.sh
-- Up-to-date: /home/osansubuntumachine/ros2_ws/install/uuv_control_utils/share/uuv_control_utils/environment/path.dsv
-- Up-to-date: /home/osansubuntumachine/ros2_ws/install/uuv_control_utils/share/uuv_control_utils/local_setup.bash
-- Up-to-date: /home/osansubuntumachine/ros2_ws/install/uuv_control_utils/share/uuv_control_utils/local_setup.sh
-- Up-to-date: /home/osansubuntumachine/ros2_ws/install/uuv_control_utils/share/uuv_control_utils/local_setup.zsh
-- Up-to-date: /home/osansubuntumachine/ros2_ws/install/uuv_control_utils/share/uuv_control_utils/local_setup.dsv
-- Installing: /home/osansubuntumachine/ros2_ws/install/uuv_control_utils/share/uuv_control_utils/package.dsv
-- Up-to-date: /home/osansubuntumachine/ros2_ws/install/uuv_control_utils/share/ament_index/resource_index/packages/uuv_control_utils
-- Up-to-date: /home/osansubuntumachine/ros2_ws/install/uuv_control_utils/share/uuv_control_utils/cmake/uuv_control_utilsConfig.cmake
-- Up-to-date: /home/osansubuntumachine/ros2_ws/install/uuv_control_utils/share/uuv_control_utils/cmake/uuv_control_utilsConfig-version.cmake
-- Up-to-date: /home/osansubuntumachine/ros2_ws/install/uuv_control_utils/share/uuv_control_utils/package.xml
