[0.152s] Invoking command in '/home/osansubuntumachine/ros2_ws/build/plankton_utils': CMAKE_PREFIX_PATH=${CMAKE_PREFIX_PATH}:/home/osansubuntumachine/ros2_ws/install/rexrov_autonomy:/opt/ros/foxy /usr/bin/cmake --build /home/osansubuntumachine/ros2_ws/build/plankton_utils -- -j4 -l4
[0.349s] [100%] Built target plankton_global_sim_time
[0.371s] Invoked command in '/home/osansubuntumachine/ros2_ws/build/plankton_utils' returned '0': CMAKE_PREFIX_PATH=${CMAKE_PREFIX_PATH}:/home/osansubuntumachine/ros2_ws/install/rexrov_autonomy:/opt/ros/foxy /usr/bin/cmake --build /home/osansubuntumachine/ros2_ws/build/plankton_utils -- -j4 -l4
[0.399s] Invoking command in '/home/osansubuntumachine/ros2_ws/build/plankton_utils': CMAKE_PREFIX_PATH=${CMAKE_PREFIX_PATH}:/home/osansubuntumachine/ros2_ws/install/rexrov_autonomy:/opt/ros/foxy /usr/bin/cmake --install /home/osansubuntumachine/ros2_ws/build/plankton_utils
[0.420s] -- Install configuration: ""
[0.421s] -- Up-to-date: /home/osansubuntumachine/ros2_ws/install/plankton_utils/lib/plankton_utils/plankton_global_sim_time
[0.423s] -- Up-to-date: /home/osansubuntumachine/ros2_ws/install/plankton_utils/share/plankton_utils/environment/pythonpath.sh
[0.423s] -- Up-to-date: /home/osansubuntumachine/ros2_ws/install/plankton_utils/share/plankton_utils/environment/pythonpath.dsv
[0.425s] -- Up-to-date: /home/osansubuntumachine/ros2_ws/install/plankton_utils/lib/python3.8/site-packages/plankton_utils
[0.425s] -- Up-to-date: /home/osansubuntumachine/ros2_ws/install/plankton_utils/lib/python3.8/site-packages/plankton_utils/param_helper.py
[0.426s] -- Up-to-date: /home/osansubuntumachine/ros2_ws/install/plankton_utils/lib/python3.8/site-packages/plankton_utils/__init__.py
[0.428s] -- Up-to-date: /home/osansubuntumachine/ros2_ws/install/plankton_utils/lib/python3.8/site-packages/plankton_utils/time.py
[0.494s] Listing '/home/osansubuntumachine/ros2_ws/install/plankton_utils/lib/python3.8/site-packages/plankton_utils'...
[0.499s] -- Up-to-date: /home/osansubuntumachine/ros2_ws/install/plankton_utils/share/ament_index/resource_index/package_run_dependencies/plankton_utils
[0.501s] -- Up-to-date: /home/osansubuntumachine/ros2_ws/install/plankton_utils/share/ament_index/resource_index/parent_prefix_path/plankton_utils
[0.501s] -- Up-to-date: /home/osansubuntumachine/ros2_ws/install/plankton_utils/share/plankton_utils/environment/ament_prefix_path.sh
[0.502s] -- Up-to-date: /home/osansubuntumachine/ros2_ws/install/plankton_utils/share/plankton_utils/environment/ament_prefix_path.dsv
[0.503s] -- Up-to-date: /home/osansubuntumachine/ros2_ws/install/plankton_utils/share/plankton_utils/environment/path.sh
[0.503s] -- Up-to-date: /home/osansubuntumachine/ros2_ws/install/plankton_utils/share/plankton_utils/environment/path.dsv
[0.503s] -- Up-to-date: /home/osansubuntumachine/ros2_ws/install/plankton_utils/share/plankton_utils/local_setup.bash
[0.504s] -- Up-to-date: /home/osansubuntumachine/ros2_ws/install/plankton_utils/share/plankton_utils/local_setup.sh
[0.504s] -- Up-to-date: /home/osansubuntumachine/ros2_ws/install/plankton_utils/share/plankton_utils/local_setup.zsh
[0.504s] -- Up-to-date: /home/osansubuntumachine/ros2_ws/install/plankton_utils/share/plankton_utils/local_setup.dsv
[0.504s] -- Installing: /home/osansubuntumachine/ros2_ws/install/plankton_utils/share/plankton_utils/package.dsv
[0.504s] -- Up-to-date: /home/osansubuntumachine/ros2_ws/install/plankton_utils/share/ament_index/resource_index/packages/plankton_utils
[0.505s] -- Up-to-date: /home/osansubuntumachine/ros2_ws/install/plankton_utils/share/plankton_utils/cmake/plankton_utilsConfig.cmake
[0.505s] -- Up-to-date: /home/osansubuntumachine/ros2_ws/install/plankton_utils/share/plankton_utils/cmake/plankton_utilsConfig-version.cmake
[0.505s] -- Up-to-date: /home/osansubuntumachine/ros2_ws/install/plankton_utils/share/plankton_utils/package.xml
[0.509s] Invoked command in '/home/osansubuntumachine/ros2_ws/build/plankton_utils' returned '0': CMAKE_PREFIX_PATH=${CMAKE_PREFIX_PATH}:/home/osansubuntumachine/ros2_ws/install/rexrov_autonomy:/opt/ros/foxy /usr/bin/cmake --install /home/osansubuntumachine/ros2_ws/build/plankton_utils
