[0.016s] Invoking command in '/home/osansubuntumachine/ros2_ws/build/uuv_world_ros_plugins': AMENT_PREFIX_PATH=/home/osansubuntumachine/ros2_ws/install/uuv_world_ros_plugins_msgs:/home/osansubuntumachine/ros2_ws/install/uuv_world_plugins:${AMENT_PREFIX_PATH} CMAKE_PREFIX_PATH=/home/osansubuntumachine/ros2_ws/install/uuv_world_ros_plugins_msgs:/home/osansubuntumachine/ros2_ws/install/uuv_world_plugins:/opt/ros/foxy LD_LIBRARY_PATH=/home/osansubuntumachine/ros2_ws/install/uuv_world_ros_plugins_msgs/lib:/home/osansubuntumachine/ros2_ws/install/uuv_world_plugins/lib:/usr/lib/x86_64-linux-gnu/gazebo-11/plugins:/opt/ros/foxy/opt/yaml_cpp_vendor/lib:/opt/ros/foxy/opt/rviz_ogre_vendor/lib:/opt/ros/foxy/lib/x86_64-linux-gnu:/opt/ros/foxy/lib:/usr/lib/x86_64-linux-gnu/gazebo-11/plugins PYTHONPATH=/home/osansubuntumachine/ros2_ws/install/uuv_world_ros_plugins_msgs/lib/python3.8/site-packages:${PYTHONPATH} /usr/bin/cmake /home/osansubuntumachine/ros2_ws/src/Plankton/uuv_world_plugins/uuv_world_ros_plugins -DCMAKE_INSTALL_PREFIX=/home/osansubuntumachine/ros2_ws/install/uuv_world_ros_plugins
[0.065s] -- The C compiler identification is GNU 9.4.0
[0.113s] -- The CXX compiler identification is GNU 9.4.0
[0.116s] -- Check for working C compiler: /usr/bin/cc
[0.178s] -- Check for working C compiler: /usr/bin/cc -- works
[0.179s] -- Detecting C compiler ABI info
[0.235s] -- Detecting C compiler ABI info - done
[0.242s] -- Detecting C compile features
[0.243s] -- Detecting C compile features - done
[0.245s] -- Check for working CXX compiler: /usr/bin/c++
[0.310s] -- Check for working CXX compiler: /usr/bin/c++ -- works
[0.311s] -- Detecting CXX compiler ABI info
[0.376s] -- Detecting CXX compiler ABI info - done
[0.383s] -- Detecting CXX compile features
[0.384s] -- Detecting CXX compile features - done
[0.385s] -- Found uuv_world_plugins: 0.6.1 (/home/osansubuntumachine/ros2_ws/install/uuv_world_plugins/share/uuv_world_plugins/cmake)
[0.404s] -- Found PythonInterp: /usr/bin/python3 (found suitable version "3.8.10", minimum required is "3") 
[0.404s] -- Using PYTHON_EXECUTABLE: /usr/bin/python3
[0.531s] -- Found PkgConfig: /usr/bin/pkg-config (found version "0.29.1") 
[0.534s] -- Checking for module 'bullet>=2.82'
[0.548s] --   Found bullet, version 2.88
[0.643s] -- Found ccd: /usr/include (found suitable version "2.0", minimum required is "2.0") 
[0.691s] -- Found fcl: /usr/include (found suitable version "0.5.0", minimum required is "0.3.2") 
[0.740s] -- Found assimp: /usr/include (found version "5.0.0") 
[0.756s] -- Found DART: /usr/include (Required is at least version "6.6") found components: dart 
[1.005s] -- Found Boost: /usr/lib/x86_64-linux-gnu/cmake/Boost-1.71.0/BoostConfig.cmake (found suitable version "1.71.0", minimum required is "1.40.0") found components: thread system filesystem program_options regex iostreams date_time 
[1.019s] -- Found Protobuf: /usr/lib/x86_64-linux-gnu/libprotobuf.so;-lpthread (found version "3.6.1") 
[1.023s] -- Looking for ignition-math6 -- found version 6.15.1
[1.028s] -- Searching for dependencies of ignition-math6
[1.029s] -- Looking for OGRE...
[1.030s] -- OGRE_PREFIX_WATCH changed.
[1.033s] -- Checking for module 'OGRE'
[1.046s] --   Found OGRE, version 1.9.0
[1.080s] -- Found Ogre Ghadamon (1.9.0)
[1.086s] -- Found OGRE: optimized;/usr/lib/x86_64-linux-gnu/libOgreMain.so;debug;/usr/lib/x86_64-linux-gnu/libOgreMain.so
[1.095s] -- Looking for OGRE_Paging...
[1.100s] -- Found OGRE_Paging: optimized;/usr/lib/x86_64-linux-gnu/libOgrePaging.so;debug;/usr/lib/x86_64-linux-gnu/libOgrePaging.so
[1.100s] -- Looking for OGRE_Terrain...
[1.104s] -- Found OGRE_Terrain: optimized;/usr/lib/x86_64-linux-gnu/libOgreTerrain.so;debug;/usr/lib/x86_64-linux-gnu/libOgreTerrain.so
[1.104s] -- Looking for OGRE_Property...
[1.108s] -- Found OGRE_Property: optimized;/usr/lib/x86_64-linux-gnu/libOgreProperty.so;debug;/usr/lib/x86_64-linux-gnu/libOgreProperty.so
[1.108s] -- Looking for OGRE_RTShaderSystem...
[1.112s] -- Found OGRE_RTShaderSystem: optimized;/usr/lib/x86_64-linux-gnu/libOgreRTShaderSystem.so;debug;/usr/lib/x86_64-linux-gnu/libOgreRTShaderSystem.so
[1.112s] -- Looking for OGRE_Volume...
[1.116s] -- Found OGRE_Volume: optimized;/usr/lib/x86_64-linux-gnu/libOgreVolume.so;debug;/usr/lib/x86_64-linux-gnu/libOgreVolume.so
[1.116s] -- Looking for OGRE_Overlay...
[1.121s] -- Found OGRE_Overlay: optimized;/usr/lib/x86_64-linux-gnu/libOgreOverlay.so;debug;/usr/lib/x86_64-linux-gnu/libOgreOverlay.so
[1.210s] -- Looking for ignition-math6 -- found version 6.15.1
[1.211s] -- Looking for ignition-transport8 -- found version 8.5.1
[1.212s] -- Searching for dependencies of ignition-transport8
[1.231s] -- Config-file not installed for ZeroMQ -- checking for pkg-config
[1.236s] -- Checking for module 'libzmq >= 4'
[1.249s] --   Found libzmq , version 4.3.2
[1.284s] -- Found ZeroMQ: TRUE (Required is at least version "4") 
[1.288s] -- Checking for module 'uuid'
[1.302s] --   Found uuid, version 2.34.0
[1.335s] -- Found UUID: TRUE  
[1.336s] -- Looking for ignition-msgs5 -- found version 5.11.1
[1.337s] -- Searching for dependencies of ignition-msgs5
[1.350s] -- Looking for ignition-math6 -- found version 6.15.1
[1.354s] -- Checking for module 'tinyxml2'
[1.367s] --   Found tinyxml2, version 6.2.0
[1.402s] -- Looking for ignition-msgs5 -- found version 5.11.1
[1.403s] -- Looking for ignition-common3 -- found version 3.17.1
[1.404s] -- Searching for dependencies of ignition-common3
[1.405s] -- Looking for dlfcn.h - found
[1.405s] -- Looking for libdl - found
[1.406s] -- Found DL: TRUE  
[1.413s] -- Searching for <ignition-common3> component [graphics]
[1.414s] -- Looking for ignition-common3-graphics -- found version 3.17.1
[1.415s] -- Searching for dependencies of ignition-common3-graphics
[1.416s] -- Looking for ignition-math6 -- found version 6.15.1
[1.418s] -- Looking for ignition-fuel_tools4 -- found version 4.9.2
[1.419s] -- Searching for dependencies of ignition-fuel_tools4
[1.486s] -- Found CURL: /usr/lib/x86_64-linux-gnu/libcurl.so (found version "7.68.0")  
[1.493s] -- Checking for module 'jsoncpp'
[1.507s] --   Found jsoncpp, version 1.7.4
[1.540s] -- Found JSONCPP: TRUE  
[1.545s] -- Checking for module 'libzip'
[1.558s] --   Found libzip, version 1.5.1
[1.592s] -- Found ZIP: TRUE  
[1.593s] -- Looking for ignition-common3 -- found version 3.17.1
[1.593s] -- Looking for ignition-math6 -- found version 6.15.1
[1.594s] -- Looking for ignition-msgs5 -- found version 5.11.1
[1.595s] -- Gazebo version: 11.15
[1.633s] -- Using all available rosidl_typesupport_c: rosidl_typesupport_fastrtps_c;rosidl_typesupport_introspection_c
[1.638s] -- Found rosidl_adapter: 1.3.1 (/opt/ros/foxy/share/rosidl_adapter/cmake)
[1.704s] -- Found OpenSSL: /usr/lib/x86_64-linux-gnu/libcrypto.so (found version "1.1.1f")  
[1.723s] -- Found FastRTPS: /opt/ros/foxy/include  
[1.782s] -- Using all available rosidl_typesupport_cpp: rosidl_typesupport_fastrtps_cpp;rosidl_typesupport_introspection_cpp
[2.028s] -- Found uuv_world_ros_plugins_msgs: 0.6.1 (/home/osansubuntumachine/ros2_ws/install/uuv_world_ros_plugins_msgs/share/uuv_world_ros_plugins_msgs/cmake)
[2.073s] -- Found rclcpp: 2.4.3 (/opt/ros/foxy/share/rclcpp/cmake)
[2.107s] -- Found rmw_implementation_cmake: 1.0.4 (/opt/ros/foxy/share/rmw_implementation_cmake/cmake)
[2.109s] -- Using RMW implementation 'rmw_fastrtps_cpp' as default
[2.110s] -- Found Threads: TRUE  
[2.294s] -- Configuring done
[2.351s] -- Generating done
[2.363s] -- Build files have been written to: /home/osansubuntumachine/ros2_ws/build/uuv_world_ros_plugins
[2.374s] Invoked command in '/home/osansubuntumachine/ros2_ws/build/uuv_world_ros_plugins' returned '0': AMENT_PREFIX_PATH=/home/osansubuntumachine/ros2_ws/install/uuv_world_ros_plugins_msgs:/home/osansubuntumachine/ros2_ws/install/uuv_world_plugins:${AMENT_PREFIX_PATH} CMAKE_PREFIX_PATH=/home/osansubuntumachine/ros2_ws/install/uuv_world_ros_plugins_msgs:/home/osansubuntumachine/ros2_ws/install/uuv_world_plugins:/opt/ros/foxy LD_LIBRARY_PATH=/home/osansubuntumachine/ros2_ws/install/uuv_world_ros_plugins_msgs/lib:/home/osansubuntumachine/ros2_ws/install/uuv_world_plugins/lib:/usr/lib/x86_64-linux-gnu/gazebo-11/plugins:/opt/ros/foxy/opt/yaml_cpp_vendor/lib:/opt/ros/foxy/opt/rviz_ogre_vendor/lib:/opt/ros/foxy/lib/x86_64-linux-gnu:/opt/ros/foxy/lib:/usr/lib/x86_64-linux-gnu/gazebo-11/plugins PYTHONPATH=/home/osansubuntumachine/ros2_ws/install/uuv_world_ros_plugins_msgs/lib/python3.8/site-packages:${PYTHONPATH} /usr/bin/cmake /home/osansubuntumachine/ros2_ws/src/Plankton/uuv_world_plugins/uuv_world_ros_plugins -DCMAKE_INSTALL_PREFIX=/home/osansubuntumachine/ros2_ws/install/uuv_world_ros_plugins
[2.375s] Invoking command in '/home/osansubuntumachine/ros2_ws/build/uuv_world_ros_plugins': AMENT_PREFIX_PATH=/home/osansubuntumachine/ros2_ws/install/uuv_world_ros_plugins_msgs:/home/osansubuntumachine/ros2_ws/install/uuv_world_plugins:${AMENT_PREFIX_PATH} CMAKE_PREFIX_PATH=/home/osansubuntumachine/ros2_ws/install/uuv_world_ros_plugins_msgs:/home/osansubuntumachine/ros2_ws/install/uuv_world_plugins:/opt/ros/foxy LD_LIBRARY_PATH=/home/osansubuntumachine/ros2_ws/install/uuv_world_ros_plugins_msgs/lib:/home/osansubuntumachine/ros2_ws/install/uuv_world_plugins/lib:/usr/lib/x86_64-linux-gnu/gazebo-11/plugins:/opt/ros/foxy/opt/yaml_cpp_vendor/lib:/opt/ros/foxy/opt/rviz_ogre_vendor/lib:/opt/ros/foxy/lib/x86_64-linux-gnu:/opt/ros/foxy/lib:/usr/lib/x86_64-linux-gnu/gazebo-11/plugins PYTHONPATH=/home/osansubuntumachine/ros2_ws/install/uuv_world_ros_plugins_msgs/lib/python3.8/site-packages:${PYTHONPATH} /usr/bin/cmake --build /home/osansubuntumachine/ros2_ws/build/uuv_world_ros_plugins -- -j2 -l2
[2.413s] [35m[1mScanning dependencies of target uuv_sc_ros_interface_plugin[0m
[2.504s] [ 25%] [32mBuilding CXX object CMakeFiles/uuv_sc_ros_interface_plugin.dir/src/SphericalCoordinatesROSInterfacePlugin.cpp.o[0m
[9.973s] [ 50%] [32m[1mLinking CXX shared library libuuv_sc_ros_interface_plugin.so[0m
[10.327s] [ 50%] Built target uuv_sc_ros_interface_plugin
[10.337s] [35m[1mScanning dependencies of target uuv_underwater_current_ros_plugin[0m
[10.446s] [ 75%] [32mBuilding CXX object CMakeFiles/uuv_underwater_current_ros_plugin.dir/src/UnderwaterCurrentROSPlugin.cpp.o[0m
[19.173s] [100%] [32m[1mLinking CXX shared library libuuv_underwater_current_ros_plugin.so[0m
[19.569s] [100%] Built target uuv_underwater_current_ros_plugin
[19.579s] Invoked command in '/home/osansubuntumachine/ros2_ws/build/uuv_world_ros_plugins' returned '0': AMENT_PREFIX_PATH=/home/osansubuntumachine/ros2_ws/install/uuv_world_ros_plugins_msgs:/home/osansubuntumachine/ros2_ws/install/uuv_world_plugins:${AMENT_PREFIX_PATH} CMAKE_PREFIX_PATH=/home/osansubuntumachine/ros2_ws/install/uuv_world_ros_plugins_msgs:/home/osansubuntumachine/ros2_ws/install/uuv_world_plugins:/opt/ros/foxy LD_LIBRARY_PATH=/home/osansubuntumachine/ros2_ws/install/uuv_world_ros_plugins_msgs/lib:/home/osansubuntumachine/ros2_ws/install/uuv_world_plugins/lib:/usr/lib/x86_64-linux-gnu/gazebo-11/plugins:/opt/ros/foxy/opt/yaml_cpp_vendor/lib:/opt/ros/foxy/opt/rviz_ogre_vendor/lib:/opt/ros/foxy/lib/x86_64-linux-gnu:/opt/ros/foxy/lib:/usr/lib/x86_64-linux-gnu/gazebo-11/plugins PYTHONPATH=/home/osansubuntumachine/ros2_ws/install/uuv_world_ros_plugins_msgs/lib/python3.8/site-packages:${PYTHONPATH} /usr/bin/cmake --build /home/osansubuntumachine/ros2_ws/build/uuv_world_ros_plugins -- -j2 -l2
[19.579s] Invoking command in '/home/osansubuntumachine/ros2_ws/build/uuv_world_ros_plugins': AMENT_PREFIX_PATH=/home/osansubuntumachine/ros2_ws/install/uuv_world_ros_plugins_msgs:/home/osansubuntumachine/ros2_ws/install/uuv_world_plugins:${AMENT_PREFIX_PATH} CMAKE_PREFIX_PATH=/home/osansubuntumachine/ros2_ws/install/uuv_world_ros_plugins_msgs:/home/osansubuntumachine/ros2_ws/install/uuv_world_plugins:/opt/ros/foxy LD_LIBRARY_PATH=/home/osansubuntumachine/ros2_ws/install/uuv_world_ros_plugins_msgs/lib:/home/osansubuntumachine/ros2_ws/install/uuv_world_plugins/lib:/usr/lib/x86_64-linux-gnu/gazebo-11/plugins:/opt/ros/foxy/opt/yaml_cpp_vendor/lib:/opt/ros/foxy/opt/rviz_ogre_vendor/lib:/opt/ros/foxy/lib/x86_64-linux-gnu:/opt/ros/foxy/lib:/usr/lib/x86_64-linux-gnu/gazebo-11/plugins PYTHONPATH=/home/osansubuntumachine/ros2_ws/install/uuv_world_ros_plugins_msgs/lib/python3.8/site-packages:${PYTHONPATH} /usr/bin/cmake --install /home/osansubuntumachine/ros2_ws/build/uuv_world_ros_plugins
[19.589s] -- Install configuration: ""
[19.589s] -- Installing: /home/osansubuntumachine/ros2_ws/install/uuv_world_ros_plugins/lib/libuuv_underwater_current_ros_plugin.so
[19.590s] -- Set runtime path of "/home/osansubuntumachine/ros2_ws/install/uuv_world_ros_plugins/lib/libuuv_underwater_current_ros_plugin.so" to ""
[19.590s] -- Installing: /home/osansubuntumachine/ros2_ws/install/uuv_world_ros_plugins/lib/libuuv_sc_ros_interface_plugin.so
[19.593s] -- Set runtime path of "/home/osansubuntumachine/ros2_ws/install/uuv_world_ros_plugins/lib/libuuv_sc_ros_interface_plugin.so" to ""
[19.593s] -- Installing: /home/osansubuntumachine/ros2_ws/install/uuv_world_ros_plugins/include/uuv_world_ros_plugins
[19.593s] -- Installing: /home/osansubuntumachine/ros2_ws/install/uuv_world_ros_plugins/include/uuv_world_ros_plugins/SphericalCoordinatesROSInterfacePlugin.h
[19.593s] -- Installing: /home/osansubuntumachine/ros2_ws/install/uuv_world_ros_plugins/include/uuv_world_ros_plugins/UnderwaterCurrentROSPlugin.h
[19.593s] -- Installing: /home/osansubuntumachine/ros2_ws/install/uuv_world_ros_plugins/share/uuv_world_ros_plugins/environment/library_path.sh
[19.593s] -- Installing: /home/osansubuntumachine/ros2_ws/install/uuv_world_ros_plugins/share/uuv_world_ros_plugins/environment/library_path.dsv
[19.594s] -- Installing: /home/osansubuntumachine/ros2_ws/install/uuv_world_ros_plugins/share/ament_index/resource_index/package_run_dependencies/uuv_world_ros_plugins
[19.594s] -- Installing: /home/osansubuntumachine/ros2_ws/install/uuv_world_ros_plugins/share/ament_index/resource_index/parent_prefix_path/uuv_world_ros_plugins
[19.594s] -- Installing: /home/osansubuntumachine/ros2_ws/install/uuv_world_ros_plugins/share/uuv_world_ros_plugins/environment/ament_prefix_path.sh
[19.594s] -- Installing: /home/osansubuntumachine/ros2_ws/install/uuv_world_ros_plugins/share/uuv_world_ros_plugins/environment/ament_prefix_path.dsv
[19.594s] -- Installing: /home/osansubuntumachine/ros2_ws/install/uuv_world_ros_plugins/share/uuv_world_ros_plugins/environment/path.sh
[19.594s] -- Installing: /home/osansubuntumachine/ros2_ws/install/uuv_world_ros_plugins/share/uuv_world_ros_plugins/environment/path.dsv
[19.594s] -- Installing: /home/osansubuntumachine/ros2_ws/install/uuv_world_ros_plugins/share/uuv_world_ros_plugins/local_setup.bash
[19.594s] -- Installing: /home/osansubuntumachine/ros2_ws/install/uuv_world_ros_plugins/share/uuv_world_ros_plugins/local_setup.sh
[19.594s] -- Installing: /home/osansubuntumachine/ros2_ws/install/uuv_world_ros_plugins/share/uuv_world_ros_plugins/local_setup.zsh
[19.594s] -- Installing: /home/osansubuntumachine/ros2_ws/install/uuv_world_ros_plugins/share/uuv_world_ros_plugins/local_setup.dsv
[19.595s] -- Installing: /home/osansubuntumachine/ros2_ws/install/uuv_world_ros_plugins/share/uuv_world_ros_plugins/package.dsv
[19.595s] -- Installing: /home/osansubuntumachine/ros2_ws/install/uuv_world_ros_plugins/share/ament_index/resource_index/packages/uuv_world_ros_plugins
[19.595s] -- Installing: /home/osansubuntumachine/ros2_ws/install/uuv_world_ros_plugins/share/uuv_world_ros_plugins/cmake/export_uuv_underwater_current_ros_pluginExport.cmake
[19.595s] -- Installing: /home/osansubuntumachine/ros2_ws/install/uuv_world_ros_plugins/share/uuv_world_ros_plugins/cmake/export_uuv_underwater_current_ros_pluginExport-noconfig.cmake
[19.595s] -- Installing: /home/osansubuntumachine/ros2_ws/install/uuv_world_ros_plugins/share/uuv_world_ros_plugins/cmake/export_uuv_sc_ros_interface_pluginExport.cmake
[19.595s] -- Installing: /home/osansubuntumachine/ros2_ws/install/uuv_world_ros_plugins/share/uuv_world_ros_plugins/cmake/export_uuv_sc_ros_interface_pluginExport-noconfig.cmake
[19.595s] -- Installing: /home/osansubuntumachine/ros2_ws/install/uuv_world_ros_plugins/share/uuv_world_ros_plugins/cmake/ament_cmake_export_targets-extras.cmake
[19.595s] -- Installing: /home/osansubuntumachine/ros2_ws/install/uuv_world_ros_plugins/share/uuv_world_ros_plugins/cmake/ament_cmake_export_dependencies-extras.cmake
[19.596s] -- Installing: /home/osansubuntumachine/ros2_ws/install/uuv_world_ros_plugins/share/uuv_world_ros_plugins/cmake/ament_cmake_export_include_directories-extras.cmake
[19.596s] -- Installing: /home/osansubuntumachine/ros2_ws/install/uuv_world_ros_plugins/share/uuv_world_ros_plugins/cmake/ament_cmake_export_libraries-extras.cmake
[19.596s] -- Installing: /home/osansubuntumachine/ros2_ws/install/uuv_world_ros_plugins/share/uuv_world_ros_plugins/cmake/uuv_world_ros_pluginsConfig.cmake
[19.596s] -- Installing: /home/osansubuntumachine/ros2_ws/install/uuv_world_ros_plugins/share/uuv_world_ros_plugins/cmake/uuv_world_ros_pluginsConfig-version.cmake
[19.596s] -- Installing: /home/osansubuntumachine/ros2_ws/install/uuv_world_ros_plugins/share/uuv_world_ros_plugins/package.xml
[19.600s] Invoked command in '/home/osansubuntumachine/ros2_ws/build/uuv_world_ros_plugins' returned '0': AMENT_PREFIX_PATH=/home/osansubuntumachine/ros2_ws/install/uuv_world_ros_plugins_msgs:/home/osansubuntumachine/ros2_ws/install/uuv_world_plugins:${AMENT_PREFIX_PATH} CMAKE_PREFIX_PATH=/home/osansubuntumachine/ros2_ws/install/uuv_world_ros_plugins_msgs:/home/osansubuntumachine/ros2_ws/install/uuv_world_plugins:/opt/ros/foxy LD_LIBRARY_PATH=/home/osansubuntumachine/ros2_ws/install/uuv_world_ros_plugins_msgs/lib:/home/osansubuntumachine/ros2_ws/install/uuv_world_plugins/lib:/usr/lib/x86_64-linux-gnu/gazebo-11/plugins:/opt/ros/foxy/opt/yaml_cpp_vendor/lib:/opt/ros/foxy/opt/rviz_ogre_vendor/lib:/opt/ros/foxy/lib/x86_64-linux-gnu:/opt/ros/foxy/lib:/usr/lib/x86_64-linux-gnu/gazebo-11/plugins PYTHONPATH=/home/osansubuntumachine/ros2_ws/install/uuv_world_ros_plugins_msgs/lib/python3.8/site-packages:${PYTHONPATH} /usr/bin/cmake --install /home/osansubuntumachine/ros2_ws/build/uuv_world_ros_plugins
