[0.076s] Invoking command in '/home/osansubuntumachine/ros2_ws/build/uuv_control_msgs': CMAKE_PREFIX_PATH=${CMAKE_PREFIX_PATH}:/home/osansubuntumachine/ros2_ws/install/rexrov_autonomy:/opt/ros/foxy /usr/bin/cmake --build /home/osansubuntumachine/ros2_ws/build/uuv_control_msgs -- -j4 -l4
[0.306s] [  0%] Built target uuv_control_msgs__cpp
[0.330s] [ 12%] Built target uuv_control_msgs__rosidl_generator_c
[0.424s] [ 25%] Built target uuv_control_msgs__rosidl_typesupport_introspection_cpp
[0.456s] [ 37%] Built target uuv_control_msgs__rosidl_typesupport_cpp
[0.479s] [ 49%] Built target uuv_control_msgs__rosidl_typesupport_c
[0.528s] [ 61%] Built target uuv_control_msgs__rosidl_typesupport_fastrtps_cpp
[0.648s] [ 74%] Built target uuv_control_msgs__rosidl_typesupport_introspection_c
[0.658s] [ 86%] Built target uuv_control_msgs__rosidl_typesupport_fastrtps_c
[0.738s] [ 86%] Built target uuv_control_msgs
[0.798s] [ 86%] Built target uuv_control_msgs__py
[0.879s] [ 98%] Built target uuv_control_msgs__python
[1.010s] [ 99%] Built target uuv_control_msgs__rosidl_typesupport_c__pyext
[1.024s] [ 99%] Built target uuv_control_msgs__rosidl_typesupport_introspection_c__pyext
[1.037s] [100%] Built target uuv_control_msgs__rosidl_typesupport_fastrtps_c__pyext
[1.305s] Invoked command in '/home/osansubuntumachine/ros2_ws/build/uuv_control_msgs' returned '0': CMAKE_PREFIX_PATH=${CMAKE_PREFIX_PATH}:/home/osansubuntumachine/ros2_ws/install/rexrov_autonomy:/opt/ros/foxy /usr/bin/cmake --build /home/osansubuntumachine/ros2_ws/build/uuv_control_msgs -- -j4 -l4
[1.310s] Invoking command in '/home/osansubuntumachine/ros2_ws/build/uuv_control_msgs': CMAKE_PREFIX_PATH=${CMAKE_PREFIX_PATH}:/home/osansubuntumachine/ros2_ws/install/rexrov_autonomy:/opt/ros/foxy /usr/bin/cmake --install /home/osansubuntumachine/ros2_ws/build/uuv_control_msgs
[1.324s] -- Install configuration: ""
[1.324s] -- Up-to-date: /home/osansubuntumachine/ros2_ws/install/uuv_control_msgs/share/ament_index/resource_index/rosidl_interfaces/uuv_control_msgs
[1.325s] -- Up-to-date: /home/osansubuntumachine/ros2_ws/install/uuv_control_msgs/include/uuv_control_msgs
[1.325s] -- Up-to-date: /home/osansubuntumachine/ros2_ws/install/uuv_control_msgs/include/uuv_control_msgs/msg
[1.325s] -- Up-to-date: /home/osansubuntumachine/ros2_ws/install/uuv_control_msgs/include/uuv_control_msgs/msg/waypoint.h
[1.325s] -- Up-to-date: /home/osansubuntumachine/ros2_ws/install/uuv_control_msgs/include/uuv_control_msgs/msg/waypoint_set.h
[1.325s] -- Up-to-date: /home/osansubuntumachine/ros2_ws/install/uuv_control_msgs/include/uuv_control_msgs/msg/trajectory.h
[1.325s] -- Up-to-date: /home/osansubuntumachine/ros2_ws/install/uuv_control_msgs/include/uuv_control_msgs/msg/rosidl_generator_c__visibility_control.h
[1.325s] -- Up-to-date: /home/osansubuntumachine/ros2_ws/install/uuv_control_msgs/include/uuv_control_msgs/msg/trajectory_point.h
[1.325s] -- Up-to-date: /home/osansubuntumachine/ros2_ws/install/uuv_control_msgs/include/uuv_control_msgs/msg/detail
[1.325s] -- Up-to-date: /home/osansubuntumachine/ros2_ws/install/uuv_control_msgs/include/uuv_control_msgs/msg/detail/trajectory__functions.c
[1.325s] -- Up-to-date: /home/osansubuntumachine/ros2_ws/install/uuv_control_msgs/include/uuv_control_msgs/msg/detail/trajectory_point__functions.h
[1.326s] -- Up-to-date: /home/osansubuntumachine/ros2_ws/install/uuv_control_msgs/include/uuv_control_msgs/msg/detail/waypoint_set__functions.c
[1.326s] -- Up-to-date: /home/osansubuntumachine/ros2_ws/install/uuv_control_msgs/include/uuv_control_msgs/msg/detail/waypoint__functions.h
[1.327s] -- Up-to-date: /home/osansubuntumachine/ros2_ws/install/uuv_control_msgs/include/uuv_control_msgs/msg/detail/waypoint_set__type_support.h
[1.327s] -- Up-to-date: /home/osansubuntumachine/ros2_ws/install/uuv_control_msgs/include/uuv_control_msgs/msg/detail/waypoint__type_support.h
[1.327s] -- Up-to-date: /home/osansubuntumachine/ros2_ws/install/uuv_control_msgs/include/uuv_control_msgs/msg/detail/trajectory__struct.h
[1.327s] -- Up-to-date: /home/osansubuntumachine/ros2_ws/install/uuv_control_msgs/include/uuv_control_msgs/msg/detail/waypoint_set__struct.h
[1.327s] -- Up-to-date: /home/osansubuntumachine/ros2_ws/install/uuv_control_msgs/include/uuv_control_msgs/msg/detail/trajectory_point__functions.c
[1.327s] -- Up-to-date: /home/osansubuntumachine/ros2_ws/install/uuv_control_msgs/include/uuv_control_msgs/msg/detail/waypoint__struct.h
[1.327s] -- Up-to-date: /home/osansubuntumachine/ros2_ws/install/uuv_control_msgs/include/uuv_control_msgs/msg/detail/waypoint_set__functions.h
[1.327s] -- Up-to-date: /home/osansubuntumachine/ros2_ws/install/uuv_control_msgs/include/uuv_control_msgs/msg/detail/trajectory__type_support.h
[1.327s] -- Up-to-date: /home/osansubuntumachine/ros2_ws/install/uuv_control_msgs/include/uuv_control_msgs/msg/detail/trajectory_point__type_support.h
[1.327s] -- Up-to-date: /home/osansubuntumachine/ros2_ws/install/uuv_control_msgs/include/uuv_control_msgs/msg/detail/trajectory_point__struct.h
[1.327s] -- Up-to-date: /home/osansubuntumachine/ros2_ws/install/uuv_control_msgs/include/uuv_control_msgs/msg/detail/waypoint__functions.c
[1.328s] -- Up-to-date: /home/osansubuntumachine/ros2_ws/install/uuv_control_msgs/include/uuv_control_msgs/msg/detail/trajectory__functions.h
[1.328s] -- Up-to-date: /home/osansubuntumachine/ros2_ws/install/uuv_control_msgs/include/uuv_control_msgs/srv
[1.328s] -- Up-to-date: /home/osansubuntumachine/ros2_ws/install/uuv_control_msgs/include/uuv_control_msgs/srv/get_waypoints.h
[1.328s] -- Up-to-date: /home/osansubuntumachine/ros2_ws/install/uuv_control_msgs/include/uuv_control_msgs/srv/init_helical_trajectory.h
[1.328s] -- Up-to-date: /home/osansubuntumachine/ros2_ws/install/uuv_control_msgs/include/uuv_control_msgs/srv/init_rect_trajectory.h
[1.328s] -- Up-to-date: /home/osansubuntumachine/ros2_ws/install/uuv_control_msgs/include/uuv_control_msgs/srv/set_mbsm_controller_params.h
[1.328s] -- Up-to-date: /home/osansubuntumachine/ros2_ws/install/uuv_control_msgs/include/uuv_control_msgs/srv/switch_to_automatic.h
[1.328s] -- Up-to-date: /home/osansubuntumachine/ros2_ws/install/uuv_control_msgs/include/uuv_control_msgs/srv/start_trajectory.h
[1.328s] -- Up-to-date: /home/osansubuntumachine/ros2_ws/install/uuv_control_msgs/include/uuv_control_msgs/srv/init_waypoints_from_file.h
[1.328s] -- Up-to-date: /home/osansubuntumachine/ros2_ws/install/uuv_control_msgs/include/uuv_control_msgs/srv/switch_to_manual.h
[1.328s] -- Up-to-date: /home/osansubuntumachine/ros2_ws/install/uuv_control_msgs/include/uuv_control_msgs/srv/is_running_trajectory.h
[1.328s] -- Up-to-date: /home/osansubuntumachine/ros2_ws/install/uuv_control_msgs/include/uuv_control_msgs/srv/hold.h
[1.329s] -- Up-to-date: /home/osansubuntumachine/ros2_ws/install/uuv_control_msgs/include/uuv_control_msgs/srv/clear_waypoints.h
[1.329s] -- Up-to-date: /home/osansubuntumachine/ros2_ws/install/uuv_control_msgs/include/uuv_control_msgs/srv/set_sm_controller_params.h
[1.329s] -- Up-to-date: /home/osansubuntumachine/ros2_ws/install/uuv_control_msgs/include/uuv_control_msgs/srv/set_pid_params.h
[1.329s] -- Up-to-date: /home/osansubuntumachine/ros2_ws/install/uuv_control_msgs/include/uuv_control_msgs/srv/get_sm_controller_params.h
[1.329s] -- Up-to-date: /home/osansubuntumachine/ros2_ws/install/uuv_control_msgs/include/uuv_control_msgs/srv/add_waypoint.h
[1.329s] -- Up-to-date: /home/osansubuntumachine/ros2_ws/install/uuv_control_msgs/include/uuv_control_msgs/srv/init_circular_trajectory.h
[1.330s] -- Up-to-date: /home/osansubuntumachine/ros2_ws/install/uuv_control_msgs/include/uuv_control_msgs/srv/detail
[1.339s] -- Up-to-date: /home/osansubuntumachine/ros2_ws/install/uuv_control_msgs/include/uuv_control_msgs/srv/detail/set_mbsm_controller_params__functions.c
[1.346s] -- Up-to-date: /home/osansubuntumachine/ros2_ws/install/uuv_control_msgs/include/uuv_control_msgs/srv/detail/hold__struct.h
[1.355s] -- Up-to-date: /home/osansubuntumachine/ros2_ws/install/uuv_control_msgs/include/uuv_control_msgs/srv/detail/init_waypoint_set__functions.c
[1.356s] -- Up-to-date: /home/osansubuntumachine/ros2_ws/install/uuv_control_msgs/include/uuv_control_msgs/srv/detail/go_to__struct.h
[1.356s] -- Up-to-date: /home/osansubuntumachine/ros2_ws/install/uuv_control_msgs/include/uuv_control_msgs/srv/detail/get_mbsm_controller_params__type_support.h
[1.356s] -- Up-to-date: /home/osansubuntumachine/ros2_ws/install/uuv_control_msgs/include/uuv_control_msgs/srv/detail/init_waypoint_set__functions.h
[1.356s] -- Up-to-date: /home/osansubuntumachine/ros2_ws/install/uuv_control_msgs/include/uuv_control_msgs/srv/detail/get_mbsm_controller_params__struct.h
[1.357s] -- Up-to-date: /home/osansubuntumachine/ros2_ws/install/uuv_control_msgs/include/uuv_control_msgs/srv/detail/go_to_incremental__functions.h
[1.357s] -- Up-to-date: /home/osansubuntumachine/ros2_ws/install/uuv_control_msgs/include/uuv_control_msgs/srv/detail/reset_controller__struct.h
[1.358s] -- Up-to-date: /home/osansubuntumachine/ros2_ws/install/uuv_control_msgs/include/uuv_control_msgs/srv/detail/reset_controller__type_support.h
[1.358s] -- Up-to-date: /home/osansubuntumachine/ros2_ws/install/uuv_control_msgs/include/uuv_control_msgs/srv/detail/init_helical_trajectory__struct.h
[1.358s] -- Up-to-date: /home/osansubuntumachine/ros2_ws/install/uuv_control_msgs/include/uuv_control_msgs/srv/detail/start_trajectory__functions.c
[1.358s] -- Up-to-date: /home/osansubuntumachine/ros2_ws/install/uuv_control_msgs/include/uuv_control_msgs/srv/detail/go_to_incremental__functions.c
[1.359s] -- Up-to-date: /home/osansubuntumachine/ros2_ws/install/uuv_control_msgs/include/uuv_control_msgs/srv/detail/set_sm_controller_params__type_support.h
[1.360s] -- Up-to-date: /home/osansubuntumachine/ros2_ws/install/uuv_control_msgs/include/uuv_control_msgs/srv/detail/hold__functions.h
[1.360s] -- Up-to-date: /home/osansubuntumachine/ros2_ws/install/uuv_control_msgs/include/uuv_control_msgs/srv/detail/init_waypoint_set__type_support.h
[1.360s] -- Up-to-date: /home/osansubuntumachine/ros2_ws/install/uuv_control_msgs/include/uuv_control_msgs/srv/detail/set_sm_controller_params__functions.c
[1.361s] -- Up-to-date: /home/osansubuntumachine/ros2_ws/install/uuv_control_msgs/include/uuv_control_msgs/srv/detail/set_sm_controller_params__struct.h
[1.366s] -- Up-to-date: /home/osansubuntumachine/ros2_ws/install/uuv_control_msgs/include/uuv_control_msgs/srv/detail/init_circular_trajectory__struct.h
[1.367s] -- Up-to-date: /home/osansubuntumachine/ros2_ws/install/uuv_control_msgs/include/uuv_control_msgs/srv/detail/add_waypoint__functions.h
[1.368s] -- Up-to-date: /home/osansubuntumachine/ros2_ws/install/uuv_control_msgs/include/uuv_control_msgs/srv/detail/set_sm_controller_params__functions.h
[1.368s] -- Up-to-date: /home/osansubuntumachine/ros2_ws/install/uuv_control_msgs/include/uuv_control_msgs/srv/detail/switch_to_manual__struct.h
[1.368s] -- Up-to-date: /home/osansubuntumachine/ros2_ws/install/uuv_control_msgs/include/uuv_control_msgs/srv/detail/go_to_incremental__struct.h
[1.369s] -- Up-to-date: /home/osansubuntumachine/ros2_ws/install/uuv_control_msgs/include/uuv_control_msgs/srv/detail/go_to__type_support.h
[1.369s] -- Up-to-date: /home/osansubuntumachine/ros2_ws/install/uuv_control_msgs/include/uuv_control_msgs/srv/detail/init_waypoint_set__struct.h
[1.370s] -- Up-to-date: /home/osansubuntumachine/ros2_ws/install/uuv_control_msgs/include/uuv_control_msgs/srv/detail/init_waypoints_from_file__struct.h
[1.370s] -- Up-to-date: /home/osansubuntumachine/ros2_ws/install/uuv_control_msgs/include/uuv_control_msgs/srv/detail/hold__type_support.h
[1.372s] -- Up-to-date: /home/osansubuntumachine/ros2_ws/install/uuv_control_msgs/include/uuv_control_msgs/srv/detail/init_waypoints_from_file__functions.h
[1.372s] -- Up-to-date: /home/osansubuntumachine/ros2_ws/install/uuv_control_msgs/include/uuv_control_msgs/srv/detail/get_pid_params__functions.c
[1.372s] -- Up-to-date: /home/osansubuntumachine/ros2_ws/install/uuv_control_msgs/include/uuv_control_msgs/srv/detail/start_trajectory__struct.h
[1.372s] -- Up-to-date: /home/osansubuntumachine/ros2_ws/install/uuv_control_msgs/include/uuv_control_msgs/srv/detail/reset_controller__functions.h
[1.373s] -- Up-to-date: /home/osansubuntumachine/ros2_ws/install/uuv_control_msgs/include/uuv_control_msgs/srv/detail/switch_to_automatic__functions.h
[1.375s] -- Up-to-date: /home/osansubuntumachine/ros2_ws/install/uuv_control_msgs/include/uuv_control_msgs/srv/detail/get_mbsm_controller_params__functions.c
[1.375s] -- Up-to-date: /home/osansubuntumachine/ros2_ws/install/uuv_control_msgs/include/uuv_control_msgs/srv/detail/switch_to_automatic__struct.h
[1.376s] -- Up-to-date: /home/osansubuntumachine/ros2_ws/install/uuv_control_msgs/include/uuv_control_msgs/srv/detail/set_pid_params__type_support.h
[1.376s] -- Up-to-date: /home/osansubuntumachine/ros2_ws/install/uuv_control_msgs/include/uuv_control_msgs/srv/detail/init_helical_trajectory__functions.h
[1.376s] -- Up-to-date: /home/osansubuntumachine/ros2_ws/install/uuv_control_msgs/include/uuv_control_msgs/srv/detail/switch_to_manual__functions.c
[1.376s] -- Up-to-date: /home/osansubuntumachine/ros2_ws/install/uuv_control_msgs/include/uuv_control_msgs/srv/detail/get_waypoints__functions.h
[1.377s] -- Up-to-date: /home/osansubuntumachine/ros2_ws/install/uuv_control_msgs/include/uuv_control_msgs/srv/detail/init_helical_trajectory__functions.c
[1.377s] -- Up-to-date: /home/osansubuntumachine/ros2_ws/install/uuv_control_msgs/include/uuv_control_msgs/srv/detail/init_rect_trajectory__functions.h
[1.377s] -- Up-to-date: /home/osansubuntumachine/ros2_ws/install/uuv_control_msgs/include/uuv_control_msgs/srv/detail/init_circular_trajectory__functions.c
[1.377s] -- Up-to-date: /home/osansubuntumachine/ros2_ws/install/uuv_control_msgs/include/uuv_control_msgs/srv/detail/switch_to_automatic__functions.c
[1.377s] -- Up-to-date: /home/osansubuntumachine/ros2_ws/install/uuv_control_msgs/include/uuv_control_msgs/srv/detail/set_pid_params__struct.h
[1.377s] -- Up-to-date: /home/osansubuntumachine/ros2_ws/install/uuv_control_msgs/include/uuv_control_msgs/srv/detail/start_trajectory__functions.h
[1.377s] -- Up-to-date: /home/osansubuntumachine/ros2_ws/install/uuv_control_msgs/include/uuv_control_msgs/srv/detail/init_rect_trajectory__type_support.h
[1.377s] -- Up-to-date: /home/osansubuntumachine/ros2_ws/install/uuv_control_msgs/include/uuv_control_msgs/srv/detail/set_pid_params__functions.h
[1.377s] -- Up-to-date: /home/osansubuntumachine/ros2_ws/install/uuv_control_msgs/include/uuv_control_msgs/srv/detail/set_pid_params__functions.c
[1.377s] -- Up-to-date: /home/osansubuntumachine/ros2_ws/install/uuv_control_msgs/include/uuv_control_msgs/srv/detail/clear_waypoints__functions.h
[1.377s] -- Up-to-date: /home/osansubuntumachine/ros2_ws/install/uuv_control_msgs/include/uuv_control_msgs/srv/detail/get_waypoints__type_support.h
[1.377s] -- Up-to-date: /home/osansubuntumachine/ros2_ws/install/uuv_control_msgs/include/uuv_control_msgs/srv/detail/clear_waypoints__functions.c
[1.378s] -- Up-to-date: /home/osansubuntumachine/ros2_ws/install/uuv_control_msgs/include/uuv_control_msgs/srv/detail/is_running_trajectory__struct.h
[1.378s] -- Up-to-date: /home/osansubuntumachine/ros2_ws/install/uuv_control_msgs/include/uuv_control_msgs/srv/detail/set_mbsm_controller_params__type_support.h
[1.378s] -- Up-to-date: /home/osansubuntumachine/ros2_ws/install/uuv_control_msgs/include/uuv_control_msgs/srv/detail/get_waypoints__struct.h
[1.378s] -- Up-to-date: /home/osansubuntumachine/ros2_ws/install/uuv_control_msgs/include/uuv_control_msgs/srv/detail/is_running_trajectory__type_support.h
[1.378s] -- Up-to-date: /home/osansubuntumachine/ros2_ws/install/uuv_control_msgs/include/uuv_control_msgs/srv/detail/init_circular_trajectory__functions.h
[1.378s] -- Up-to-date: /home/osansubuntumachine/ros2_ws/install/uuv_control_msgs/include/uuv_control_msgs/srv/detail/get_sm_controller_params__functions.h
[1.378s] -- Up-to-date: /home/osansubuntumachine/ros2_ws/install/uuv_control_msgs/include/uuv_control_msgs/srv/detail/go_to__functions.h
[1.378s] -- Up-to-date: /home/osansubuntumachine/ros2_ws/install/uuv_control_msgs/include/uuv_control_msgs/srv/detail/go_to_incremental__type_support.h
[1.378s] -- Up-to-date: /home/osansubuntumachine/ros2_ws/install/uuv_control_msgs/include/uuv_control_msgs/srv/detail/reset_controller__functions.c
[1.378s] -- Up-to-date: /home/osansubuntumachine/ros2_ws/install/uuv_control_msgs/include/uuv_control_msgs/srv/detail/get_sm_controller_params__type_support.h
[1.378s] -- Up-to-date: /home/osansubuntumachine/ros2_ws/install/uuv_control_msgs/include/uuv_control_msgs/srv/detail/init_circular_trajectory__type_support.h
[1.378s] -- Up-to-date: /home/osansubuntumachine/ros2_ws/install/uuv_control_msgs/include/uuv_control_msgs/srv/detail/init_waypoints_from_file__functions.c
[1.378s] -- Up-to-date: /home/osansubuntumachine/ros2_ws/install/uuv_control_msgs/include/uuv_control_msgs/srv/detail/get_waypoints__functions.c
[1.378s] -- Up-to-date: /home/osansubuntumachine/ros2_ws/install/uuv_control_msgs/include/uuv_control_msgs/srv/detail/clear_waypoints__struct.h
[1.378s] -- Up-to-date: /home/osansubuntumachine/ros2_ws/install/uuv_control_msgs/include/uuv_control_msgs/srv/detail/get_sm_controller_params__functions.c
[1.378s] -- Up-to-date: /home/osansubuntumachine/ros2_ws/install/uuv_control_msgs/include/uuv_control_msgs/srv/detail/get_sm_controller_params__struct.h
[1.378s] -- Up-to-date: /home/osansubuntumachine/ros2_ws/install/uuv_control_msgs/include/uuv_control_msgs/srv/detail/switch_to_manual__type_support.h
[1.379s] -- Up-to-date: /home/osansubuntumachine/ros2_ws/install/uuv_control_msgs/include/uuv_control_msgs/srv/detail/go_to__functions.c
[1.379s] -- Up-to-date: /home/osansubuntumachine/ros2_ws/install/uuv_control_msgs/include/uuv_control_msgs/srv/detail/init_rect_trajectory__struct.h
[1.379s] -- Up-to-date: /home/osansubuntumachine/ros2_ws/install/uuv_control_msgs/include/uuv_control_msgs/srv/detail/start_trajectory__type_support.h
[1.379s] -- Up-to-date: /home/osansubuntumachine/ros2_ws/install/uuv_control_msgs/include/uuv_control_msgs/srv/detail/is_running_trajectory__functions.h
[1.379s] -- Up-to-date: /home/osansubuntumachine/ros2_ws/install/uuv_control_msgs/include/uuv_control_msgs/srv/detail/get_pid_params__type_support.h
[1.379s] -- Up-to-date: /home/osansubuntumachine/ros2_ws/install/uuv_control_msgs/include/uuv_control_msgs/srv/detail/get_pid_params__struct.h
[1.379s] -- Up-to-date: /home/osansubuntumachine/ros2_ws/install/uuv_control_msgs/include/uuv_control_msgs/srv/detail/get_mbsm_controller_params__functions.h
[1.379s] -- Up-to-date: /home/osansubuntumachine/ros2_ws/install/uuv_control_msgs/include/uuv_control_msgs/srv/detail/set_mbsm_controller_params__struct.h
[1.379s] -- Up-to-date: /home/osansubuntumachine/ros2_ws/install/uuv_control_msgs/include/uuv_control_msgs/srv/detail/add_waypoint__struct.h
[1.379s] -- Up-to-date: /home/osansubuntumachine/ros2_ws/install/uuv_control_msgs/include/uuv_control_msgs/srv/detail/set_mbsm_controller_params__functions.h
[1.379s] -- Up-to-date: /home/osansubuntumachine/ros2_ws/install/uuv_control_msgs/include/uuv_control_msgs/srv/detail/switch_to_automatic__type_support.h
[1.379s] -- Up-to-date: /home/osansubuntumachine/ros2_ws/install/uuv_control_msgs/include/uuv_control_msgs/srv/detail/is_running_trajectory__functions.c
[1.379s] -- Up-to-date: /home/osansubuntumachine/ros2_ws/install/uuv_control_msgs/include/uuv_control_msgs/srv/detail/clear_waypoints__type_support.h
[1.379s] -- Up-to-date: /home/osansubuntumachine/ros2_ws/install/uuv_control_msgs/include/uuv_control_msgs/srv/detail/add_waypoint__type_support.h
[1.379s] -- Up-to-date: /home/osansubuntumachine/ros2_ws/install/uuv_control_msgs/include/uuv_control_msgs/srv/detail/init_waypoints_from_file__type_support.h
[1.379s] -- Up-to-date: /home/osansubuntumachine/ros2_ws/install/uuv_control_msgs/include/uuv_control_msgs/srv/detail/hold__functions.c
[1.379s] -- Up-to-date: /home/osansubuntumachine/ros2_ws/install/uuv_control_msgs/include/uuv_control_msgs/srv/detail/init_rect_trajectory__functions.c
[1.379s] -- Up-to-date: /home/osansubuntumachine/ros2_ws/install/uuv_control_msgs/include/uuv_control_msgs/srv/detail/get_pid_params__functions.h
[1.380s] -- Up-to-date: /home/osansubuntumachine/ros2_ws/install/uuv_control_msgs/include/uuv_control_msgs/srv/detail/init_helical_trajectory__type_support.h
[1.380s] -- Up-to-date: /home/osansubuntumachine/ros2_ws/install/uuv_control_msgs/include/uuv_control_msgs/srv/detail/switch_to_manual__functions.h
[1.380s] -- Up-to-date: /home/osansubuntumachine/ros2_ws/install/uuv_control_msgs/include/uuv_control_msgs/srv/detail/add_waypoint__functions.c
[1.380s] -- Up-to-date: /home/osansubuntumachine/ros2_ws/install/uuv_control_msgs/include/uuv_control_msgs/srv/go_to_incremental.h
[1.380s] -- Up-to-date: /home/osansubuntumachine/ros2_ws/install/uuv_control_msgs/include/uuv_control_msgs/srv/go_to.h
[1.380s] -- Up-to-date: /home/osansubuntumachine/ros2_ws/install/uuv_control_msgs/include/uuv_control_msgs/srv/init_waypoint_set.h
[1.380s] -- Up-to-date: /home/osansubuntumachine/ros2_ws/install/uuv_control_msgs/include/uuv_control_msgs/srv/get_pid_params.h
[1.380s] -- Up-to-date: /home/osansubuntumachine/ros2_ws/install/uuv_control_msgs/include/uuv_control_msgs/srv/get_mbsm_controller_params.h
[1.380s] -- Up-to-date: /home/osansubuntumachine/ros2_ws/install/uuv_control_msgs/include/uuv_control_msgs/srv/reset_controller.h
[1.380s] -- Up-to-date: /home/osansubuntumachine/ros2_ws/install/uuv_control_msgs/share/uuv_control_msgs/environment/library_path.sh
[1.380s] -- Up-to-date: /home/osansubuntumachine/ros2_ws/install/uuv_control_msgs/share/uuv_control_msgs/environment/library_path.dsv
[1.380s] -- Up-to-date: /home/osansubuntumachine/ros2_ws/install/uuv_control_msgs/lib/libuuv_control_msgs__rosidl_generator_c.so
[1.380s] -- Up-to-date: /home/osansubuntumachine/ros2_ws/install/uuv_control_msgs/include/uuv_control_msgs
[1.380s] -- Up-to-date: /home/osansubuntumachine/ros2_ws/install/uuv_control_msgs/include/uuv_control_msgs/msg
[1.380s] -- Up-to-date: /home/osansubuntumachine/ros2_ws/install/uuv_control_msgs/include/uuv_control_msgs/msg/rosidl_typesupport_fastrtps_c__visibility_control.h
[1.380s] -- Up-to-date: /home/osansubuntumachine/ros2_ws/install/uuv_control_msgs/include/uuv_control_msgs/msg/detail
[1.380s] -- Up-to-date: /home/osansubuntumachine/ros2_ws/install/uuv_control_msgs/include/uuv_control_msgs/msg/detail/waypoint__rosidl_typesupport_fastrtps_c.h
[1.381s] -- Up-to-date: /home/osansubuntumachine/ros2_ws/install/uuv_control_msgs/include/uuv_control_msgs/msg/detail/trajectory_point__rosidl_typesupport_fastrtps_c.h
[1.381s] -- Up-to-date: /home/osansubuntumachine/ros2_ws/install/uuv_control_msgs/include/uuv_control_msgs/msg/detail/trajectory__rosidl_typesupport_fastrtps_c.h
[1.381s] -- Up-to-date: /home/osansubuntumachine/ros2_ws/install/uuv_control_msgs/include/uuv_control_msgs/msg/detail/waypoint_set__rosidl_typesupport_fastrtps_c.h
[1.381s] -- Up-to-date: /home/osansubuntumachine/ros2_ws/install/uuv_control_msgs/include/uuv_control_msgs/srv
[1.381s] -- Up-to-date: /home/osansubuntumachine/ros2_ws/install/uuv_control_msgs/include/uuv_control_msgs/srv/detail
[1.381s] -- Up-to-date: /home/osansubuntumachine/ros2_ws/install/uuv_control_msgs/include/uuv_control_msgs/srv/detail/is_running_trajectory__rosidl_typesupport_fastrtps_c.h
[1.381s] -- Up-to-date: /home/osansubuntumachine/ros2_ws/install/uuv_control_msgs/include/uuv_control_msgs/srv/detail/set_mbsm_controller_params__rosidl_typesupport_fastrtps_c.h
[1.381s] -- Up-to-date: /home/osansubuntumachine/ros2_ws/install/uuv_control_msgs/include/uuv_control_msgs/srv/detail/get_pid_params__rosidl_typesupport_fastrtps_c.h
[1.381s] -- Up-to-date: /home/osansubuntumachine/ros2_ws/install/uuv_control_msgs/include/uuv_control_msgs/srv/detail/get_waypoints__rosidl_typesupport_fastrtps_c.h
[1.381s] -- Up-to-date: /home/osansubuntumachine/ros2_ws/install/uuv_control_msgs/include/uuv_control_msgs/srv/detail/go_to_incremental__rosidl_typesupport_fastrtps_c.h
[1.381s] -- Up-to-date: /home/osansubuntumachine/ros2_ws/install/uuv_control_msgs/include/uuv_control_msgs/srv/detail/init_waypoints_from_file__rosidl_typesupport_fastrtps_c.h
[1.381s] -- Up-to-date: /home/osansubuntumachine/ros2_ws/install/uuv_control_msgs/include/uuv_control_msgs/srv/detail/switch_to_manual__rosidl_typesupport_fastrtps_c.h
[1.381s] -- Up-to-date: /home/osansubuntumachine/ros2_ws/install/uuv_control_msgs/include/uuv_control_msgs/srv/detail/get_mbsm_controller_params__rosidl_typesupport_fastrtps_c.h
[1.381s] -- Up-to-date: /home/osansubuntumachine/ros2_ws/install/uuv_control_msgs/include/uuv_control_msgs/srv/detail/hold__rosidl_typesupport_fastrtps_c.h
[1.381s] -- Up-to-date: /home/osansubuntumachine/ros2_ws/install/uuv_control_msgs/include/uuv_control_msgs/srv/detail/add_waypoint__rosidl_typesupport_fastrtps_c.h
[1.381s] -- Up-to-date: /home/osansubuntumachine/ros2_ws/install/uuv_control_msgs/include/uuv_control_msgs/srv/detail/set_pid_params__rosidl_typesupport_fastrtps_c.h
[1.381s] -- Up-to-date: /home/osansubuntumachine/ros2_ws/install/uuv_control_msgs/include/uuv_control_msgs/srv/detail/init_helical_trajectory__rosidl_typesupport_fastrtps_c.h
[1.382s] -- Up-to-date: /home/osansubuntumachine/ros2_ws/install/uuv_control_msgs/include/uuv_control_msgs/srv/detail/switch_to_automatic__rosidl_typesupport_fastrtps_c.h
[1.382s] -- Up-to-date: /home/osansubuntumachine/ros2_ws/install/uuv_control_msgs/include/uuv_control_msgs/srv/detail/set_sm_controller_params__rosidl_typesupport_fastrtps_c.h
[1.382s] -- Up-to-date: /home/osansubuntumachine/ros2_ws/install/uuv_control_msgs/include/uuv_control_msgs/srv/detail/start_trajectory__rosidl_typesupport_fastrtps_c.h
[1.382s] -- Up-to-date: /home/osansubuntumachine/ros2_ws/install/uuv_control_msgs/include/uuv_control_msgs/srv/detail/init_rect_trajectory__rosidl_typesupport_fastrtps_c.h
[1.382s] -- Up-to-date: /home/osansubuntumachine/ros2_ws/install/uuv_control_msgs/include/uuv_control_msgs/srv/detail/get_sm_controller_params__rosidl_typesupport_fastrtps_c.h
[1.382s] -- Up-to-date: /home/osansubuntumachine/ros2_ws/install/uuv_control_msgs/include/uuv_control_msgs/srv/detail/init_circular_trajectory__rosidl_typesupport_fastrtps_c.h
[1.382s] -- Up-to-date: /home/osansubuntumachine/ros2_ws/install/uuv_control_msgs/include/uuv_control_msgs/srv/detail/go_to__rosidl_typesupport_fastrtps_c.h
[1.396s] -- Up-to-date: /home/osansubuntumachine/ros2_ws/install/uuv_control_msgs/include/uuv_control_msgs/srv/detail/reset_controller__rosidl_typesupport_fastrtps_c.h
[1.396s] -- Up-to-date: /home/osansubuntumachine/ros2_ws/install/uuv_control_msgs/include/uuv_control_msgs/srv/detail/init_waypoint_set__rosidl_typesupport_fastrtps_c.h
[1.397s] -- Up-to-date: /home/osansubuntumachine/ros2_ws/install/uuv_control_msgs/include/uuv_control_msgs/srv/detail/clear_waypoints__rosidl_typesupport_fastrtps_c.h
[1.398s] -- Up-to-date: /home/osansubuntumachine/ros2_ws/install/uuv_control_msgs/lib/libuuv_control_msgs__rosidl_typesupport_fastrtps_c.so
[1.398s] -- Up-to-date: /home/osansubuntumachine/ros2_ws/install/uuv_control_msgs/include/uuv_control_msgs
[1.398s] -- Up-to-date: /home/osansubuntumachine/ros2_ws/install/uuv_control_msgs/include/uuv_control_msgs/msg
[1.399s] -- Up-to-date: /home/osansubuntumachine/ros2_ws/install/uuv_control_msgs/include/uuv_control_msgs/msg/rosidl_typesupport_fastrtps_cpp__visibility_control.h
[1.399s] -- Up-to-date: /home/osansubuntumachine/ros2_ws/install/uuv_control_msgs/include/uuv_control_msgs/msg/detail
[1.404s] -- Up-to-date: /home/osansubuntumachine/ros2_ws/install/uuv_control_msgs/include/uuv_control_msgs/msg/detail/trajectory__rosidl_typesupport_fastrtps_cpp.hpp
[1.404s] -- Up-to-date: /home/osansubuntumachine/ros2_ws/install/uuv_control_msgs/include/uuv_control_msgs/msg/detail/trajectory_point__rosidl_typesupport_fastrtps_cpp.hpp
[1.404s] -- Up-to-date: /home/osansubuntumachine/ros2_ws/install/uuv_control_msgs/include/uuv_control_msgs/msg/detail/waypoint__rosidl_typesupport_fastrtps_cpp.hpp
[1.404s] -- Up-to-date: /home/osansubuntumachine/ros2_ws/install/uuv_control_msgs/include/uuv_control_msgs/msg/detail/waypoint_set__rosidl_typesupport_fastrtps_cpp.hpp
[1.404s] -- Up-to-date: /home/osansubuntumachine/ros2_ws/install/uuv_control_msgs/include/uuv_control_msgs/msg/detail/dds_fastrtps
[1.405s] -- Up-to-date: /home/osansubuntumachine/ros2_ws/install/uuv_control_msgs/include/uuv_control_msgs/srv
[1.405s] -- Up-to-date: /home/osansubuntumachine/ros2_ws/install/uuv_control_msgs/include/uuv_control_msgs/srv/detail
[1.405s] -- Up-to-date: /home/osansubuntumachine/ros2_ws/install/uuv_control_msgs/include/uuv_control_msgs/srv/detail/get_mbsm_controller_params__rosidl_typesupport_fastrtps_cpp.hpp
[1.405s] -- Up-to-date: /home/osansubuntumachine/ros2_ws/install/uuv_control_msgs/include/uuv_control_msgs/srv/detail/go_to_incremental__rosidl_typesupport_fastrtps_cpp.hpp
[1.405s] -- Up-to-date: /home/osansubuntumachine/ros2_ws/install/uuv_control_msgs/include/uuv_control_msgs/srv/detail/get_waypoints__rosidl_typesupport_fastrtps_cpp.hpp
[1.405s] -- Up-to-date: /home/osansubuntumachine/ros2_ws/install/uuv_control_msgs/include/uuv_control_msgs/srv/detail/is_running_trajectory__rosidl_typesupport_fastrtps_cpp.hpp
[1.405s] -- Up-to-date: /home/osansubuntumachine/ros2_ws/install/uuv_control_msgs/include/uuv_control_msgs/srv/detail/add_waypoint__rosidl_typesupport_fastrtps_cpp.hpp
[1.405s] -- Up-to-date: /home/osansubuntumachine/ros2_ws/install/uuv_control_msgs/include/uuv_control_msgs/srv/detail/init_helical_trajectory__rosidl_typesupport_fastrtps_cpp.hpp
[1.405s] -- Up-to-date: /home/osansubuntumachine/ros2_ws/install/uuv_control_msgs/include/uuv_control_msgs/srv/detail/reset_controller__rosidl_typesupport_fastrtps_cpp.hpp
[1.405s] -- Up-to-date: /home/osansubuntumachine/ros2_ws/install/uuv_control_msgs/include/uuv_control_msgs/srv/detail/get_sm_controller_params__rosidl_typesupport_fastrtps_cpp.hpp
[1.405s] -- Up-to-date: /home/osansubuntumachine/ros2_ws/install/uuv_control_msgs/include/uuv_control_msgs/srv/detail/hold__rosidl_typesupport_fastrtps_cpp.hpp
[1.405s] -- Up-to-date: /home/osansubuntumachine/ros2_ws/install/uuv_control_msgs/include/uuv_control_msgs/srv/detail/switch_to_manual__rosidl_typesupport_fastrtps_cpp.hpp
[1.405s] -- Up-to-date: /home/osansubuntumachine/ros2_ws/install/uuv_control_msgs/include/uuv_control_msgs/srv/detail/init_waypoints_from_file__rosidl_typesupport_fastrtps_cpp.hpp
[1.405s] -- Up-to-date: /home/osansubuntumachine/ros2_ws/install/uuv_control_msgs/include/uuv_control_msgs/srv/detail/go_to__rosidl_typesupport_fastrtps_cpp.hpp
[1.405s] -- Up-to-date: /home/osansubuntumachine/ros2_ws/install/uuv_control_msgs/include/uuv_control_msgs/srv/detail/init_circular_trajectory__rosidl_typesupport_fastrtps_cpp.hpp
[1.405s] -- Up-to-date: /home/osansubuntumachine/ros2_ws/install/uuv_control_msgs/include/uuv_control_msgs/srv/detail/set_mbsm_controller_params__rosidl_typesupport_fastrtps_cpp.hpp
[1.406s] -- Up-to-date: /home/osansubuntumachine/ros2_ws/install/uuv_control_msgs/include/uuv_control_msgs/srv/detail/set_sm_controller_params__rosidl_typesupport_fastrtps_cpp.hpp
[1.406s] -- Up-to-date: /home/osansubuntumachine/ros2_ws/install/uuv_control_msgs/include/uuv_control_msgs/srv/detail/init_waypoint_set__rosidl_typesupport_fastrtps_cpp.hpp
[1.406s] -- Up-to-date: /home/osansubuntumachine/ros2_ws/install/uuv_control_msgs/include/uuv_control_msgs/srv/detail/get_pid_params__rosidl_typesupport_fastrtps_cpp.hpp
[1.407s] -- Up-to-date: /home/osansubuntumachine/ros2_ws/install/uuv_control_msgs/include/uuv_control_msgs/srv/detail/clear_waypoints__rosidl_typesupport_fastrtps_cpp.hpp
[1.407s] -- Up-to-date: /home/osansubuntumachine/ros2_ws/install/uuv_control_msgs/include/uuv_control_msgs/srv/detail/start_trajectory__rosidl_typesupport_fastrtps_cpp.hpp
[1.407s] -- Up-to-date: /home/osansubuntumachine/ros2_ws/install/uuv_control_msgs/include/uuv_control_msgs/srv/detail/dds_fastrtps
[1.407s] -- Up-to-date: /home/osansubuntumachine/ros2_ws/install/uuv_control_msgs/include/uuv_control_msgs/srv/detail/set_pid_params__rosidl_typesupport_fastrtps_cpp.hpp
[1.407s] -- Up-to-date: /home/osansubuntumachine/ros2_ws/install/uuv_control_msgs/include/uuv_control_msgs/srv/detail/switch_to_automatic__rosidl_typesupport_fastrtps_cpp.hpp
[1.407s] -- Up-to-date: /home/osansubuntumachine/ros2_ws/install/uuv_control_msgs/include/uuv_control_msgs/srv/detail/init_rect_trajectory__rosidl_typesupport_fastrtps_cpp.hpp
[1.407s] -- Up-to-date: /home/osansubuntumachine/ros2_ws/install/uuv_control_msgs/lib/libuuv_control_msgs__rosidl_typesupport_fastrtps_cpp.so
[1.407s] -- Up-to-date: /home/osansubuntumachine/ros2_ws/install/uuv_control_msgs/include/uuv_control_msgs
[1.407s] -- Up-to-date: /home/osansubuntumachine/ros2_ws/install/uuv_control_msgs/include/uuv_control_msgs/msg
[1.407s] -- Up-to-date: /home/osansubuntumachine/ros2_ws/install/uuv_control_msgs/include/uuv_control_msgs/msg/rosidl_typesupport_introspection_c__visibility_control.h
[1.407s] -- Up-to-date: /home/osansubuntumachine/ros2_ws/install/uuv_control_msgs/include/uuv_control_msgs/msg/detail
[1.407s] -- Up-to-date: /home/osansubuntumachine/ros2_ws/install/uuv_control_msgs/include/uuv_control_msgs/msg/detail/trajectory_point__type_support.c
[1.407s] -- Up-to-date: /home/osansubuntumachine/ros2_ws/install/uuv_control_msgs/include/uuv_control_msgs/msg/detail/trajectory__type_support.c
[1.407s] -- Up-to-date: /home/osansubuntumachine/ros2_ws/install/uuv_control_msgs/include/uuv_control_msgs/msg/detail/waypoint_set__rosidl_typesupport_introspection_c.h
[1.407s] -- Up-to-date: /home/osansubuntumachine/ros2_ws/install/uuv_control_msgs/include/uuv_control_msgs/msg/detail/waypoint__rosidl_typesupport_introspection_c.h
[1.407s] -- Up-to-date: /home/osansubuntumachine/ros2_ws/install/uuv_control_msgs/include/uuv_control_msgs/msg/detail/waypoint_set__type_support.c
[1.407s] -- Up-to-date: /home/osansubuntumachine/ros2_ws/install/uuv_control_msgs/include/uuv_control_msgs/msg/detail/trajectory__rosidl_typesupport_introspection_c.h
[1.408s] -- Up-to-date: /home/osansubuntumachine/ros2_ws/install/uuv_control_msgs/include/uuv_control_msgs/msg/detail/waypoint__type_support.c
[1.408s] -- Up-to-date: /home/osansubuntumachine/ros2_ws/install/uuv_control_msgs/include/uuv_control_msgs/msg/detail/trajectory_point__rosidl_typesupport_introspection_c.h
[1.408s] -- Up-to-date: /home/osansubuntumachine/ros2_ws/install/uuv_control_msgs/include/uuv_control_msgs/srv
[1.408s] -- Up-to-date: /home/osansubuntumachine/ros2_ws/install/uuv_control_msgs/include/uuv_control_msgs/srv/detail
[1.408s] -- Up-to-date: /home/osansubuntumachine/ros2_ws/install/uuv_control_msgs/include/uuv_control_msgs/srv/detail/set_mbsm_controller_params__rosidl_typesupport_introspection_c.h
[1.408s] -- Up-to-date: /home/osansubuntumachine/ros2_ws/install/uuv_control_msgs/include/uuv_control_msgs/srv/detail/get_mbsm_controller_params__rosidl_typesupport_introspection_c.h
[1.408s] -- Up-to-date: /home/osansubuntumachine/ros2_ws/install/uuv_control_msgs/include/uuv_control_msgs/srv/detail/init_rect_trajectory__rosidl_typesupport_introspection_c.h
[1.408s] -- Up-to-date: /home/osansubuntumachine/ros2_ws/install/uuv_control_msgs/include/uuv_control_msgs/srv/detail/go_to_incremental__rosidl_typesupport_introspection_c.h
[1.414s] -- Up-to-date: /home/osansubuntumachine/ros2_ws/install/uuv_control_msgs/include/uuv_control_msgs/srv/detail/init_waypoint_set__rosidl_typesupport_introspection_c.h
[1.414s] -- Up-to-date: /home/osansubuntumachine/ros2_ws/install/uuv_control_msgs/include/uuv_control_msgs/srv/detail/add_waypoint__rosidl_typesupport_introspection_c.h
[1.414s] -- Up-to-date: /home/osansubuntumachine/ros2_ws/install/uuv_control_msgs/include/uuv_control_msgs/srv/detail/init_circular_trajectory__type_support.c
[1.414s] -- Up-to-date: /home/osansubuntumachine/ros2_ws/install/uuv_control_msgs/include/uuv_control_msgs/srv/detail/set_pid_params__rosidl_typesupport_introspection_c.h
[1.414s] -- Up-to-date: /home/osansubuntumachine/ros2_ws/install/uuv_control_msgs/include/uuv_control_msgs/srv/detail/start_trajectory__type_support.c
[1.414s] -- Up-to-date: /home/osansubuntumachine/ros2_ws/install/uuv_control_msgs/include/uuv_control_msgs/srv/detail/switch_to_manual__type_support.c
[1.414s] -- Up-to-date: /home/osansubuntumachine/ros2_ws/install/uuv_control_msgs/include/uuv_control_msgs/srv/detail/init_helical_trajectory__type_support.c
[1.414s] -- Up-to-date: /home/osansubuntumachine/ros2_ws/install/uuv_control_msgs/include/uuv_control_msgs/srv/detail/init_waypoints_from_file__rosidl_typesupport_introspection_c.h
[1.415s] -- Up-to-date: /home/osansubuntumachine/ros2_ws/install/uuv_control_msgs/include/uuv_control_msgs/srv/detail/init_circular_trajectory__rosidl_typesupport_introspection_c.h
[1.415s] -- Up-to-date: /home/osansubuntumachine/ros2_ws/install/uuv_control_msgs/include/uuv_control_msgs/srv/detail/get_sm_controller_params__rosidl_typesupport_introspection_c.h
[1.415s] -- Up-to-date: /home/osansubuntumachine/ros2_ws/install/uuv_control_msgs/include/uuv_control_msgs/srv/detail/clear_waypoints__rosidl_typesupport_introspection_c.h
[1.415s] -- Up-to-date: /home/osansubuntumachine/ros2_ws/install/uuv_control_msgs/include/uuv_control_msgs/srv/detail/clear_waypoints__type_support.c
[1.415s] -- Up-to-date: /home/osansubuntumachine/ros2_ws/install/uuv_control_msgs/include/uuv_control_msgs/srv/detail/get_mbsm_controller_params__type_support.c
[1.415s] -- Up-to-date: /home/osansubuntumachine/ros2_ws/install/uuv_control_msgs/include/uuv_control_msgs/srv/detail/get_pid_params__type_support.c
[1.415s] -- Up-to-date: /home/osansubuntumachine/ros2_ws/install/uuv_control_msgs/include/uuv_control_msgs/srv/detail/set_mbsm_controller_params__type_support.c
[1.415s] -- Up-to-date: /home/osansubuntumachine/ros2_ws/install/uuv_control_msgs/include/uuv_control_msgs/srv/detail/init_rect_trajectory__type_support.c
[1.415s] -- Up-to-date: /home/osansubuntumachine/ros2_ws/install/uuv_control_msgs/include/uuv_control_msgs/srv/detail/get_sm_controller_params__type_support.c
[1.416s] -- Up-to-date: /home/osansubuntumachine/ros2_ws/install/uuv_control_msgs/include/uuv_control_msgs/srv/detail/add_waypoint__type_support.c
[1.428s] -- Up-to-date: /home/osansubuntumachine/ros2_ws/install/uuv_control_msgs/include/uuv_control_msgs/srv/detail/hold__rosidl_typesupport_introspection_c.h
[1.428s] -- Up-to-date: /home/osansubuntumachine/ros2_ws/install/uuv_control_msgs/include/uuv_control_msgs/srv/detail/init_helical_trajectory__rosidl_typesupport_introspection_c.h
[1.428s] -- Up-to-date: /home/osansubuntumachine/ros2_ws/install/uuv_control_msgs/include/uuv_control_msgs/srv/detail/get_waypoints__rosidl_typesupport_introspection_c.h
[1.429s] -- Up-to-date: /home/osansubuntumachine/ros2_ws/install/uuv_control_msgs/include/uuv_control_msgs/srv/detail/is_running_trajectory__type_support.c
[1.429s] -- Up-to-date: /home/osansubuntumachine/ros2_ws/install/uuv_control_msgs/include/uuv_control_msgs/srv/detail/switch_to_manual__rosidl_typesupport_introspection_c.h
[1.429s] -- Up-to-date: /home/osansubuntumachine/ros2_ws/install/uuv_control_msgs/include/uuv_control_msgs/srv/detail/switch_to_automatic__type_support.c
[1.429s] -- Up-to-date: /home/osansubuntumachine/ros2_ws/install/uuv_control_msgs/include/uuv_control_msgs/srv/detail/go_to__type_support.c
[1.429s] -- Up-to-date: /home/osansubuntumachine/ros2_ws/install/uuv_control_msgs/include/uuv_control_msgs/srv/detail/set_sm_controller_params__type_support.c
[1.429s] -- Up-to-date: /home/osansubuntumachine/ros2_ws/install/uuv_control_msgs/include/uuv_control_msgs/srv/detail/reset_controller__rosidl_typesupport_introspection_c.h
[1.429s] -- Up-to-date: /home/osansubuntumachine/ros2_ws/install/uuv_control_msgs/include/uuv_control_msgs/srv/detail/switch_to_automatic__rosidl_typesupport_introspection_c.h
[1.429s] -- Up-to-date: /home/osansubuntumachine/ros2_ws/install/uuv_control_msgs/include/uuv_control_msgs/srv/detail/is_running_trajectory__rosidl_typesupport_introspection_c.h
[1.429s] -- Up-to-date: /home/osansubuntumachine/ros2_ws/install/uuv_control_msgs/include/uuv_control_msgs/srv/detail/go_to__rosidl_typesupport_introspection_c.h
[1.429s] -- Up-to-date: /home/osansubuntumachine/ros2_ws/install/uuv_control_msgs/include/uuv_control_msgs/srv/detail/init_waypoints_from_file__type_support.c
[1.429s] -- Up-to-date: /home/osansubuntumachine/ros2_ws/install/uuv_control_msgs/include/uuv_control_msgs/srv/detail/get_pid_params__rosidl_typesupport_introspection_c.h
[1.429s] -- Up-to-date: /home/osansubuntumachine/ros2_ws/install/uuv_control_msgs/include/uuv_control_msgs/srv/detail/get_waypoints__type_support.c
[1.429s] -- Up-to-date: /home/osansubuntumachine/ros2_ws/install/uuv_control_msgs/include/uuv_control_msgs/srv/detail/hold__type_support.c
[1.429s] -- Up-to-date: /home/osansubuntumachine/ros2_ws/install/uuv_control_msgs/include/uuv_control_msgs/srv/detail/init_waypoint_set__type_support.c
[1.429s] -- Up-to-date: /home/osansubuntumachine/ros2_ws/install/uuv_control_msgs/include/uuv_control_msgs/srv/detail/start_trajectory__rosidl_typesupport_introspection_c.h
[1.429s] -- Up-to-date: /home/osansubuntumachine/ros2_ws/install/uuv_control_msgs/include/uuv_control_msgs/srv/detail/set_sm_controller_params__rosidl_typesupport_introspection_c.h
[1.430s] -- Up-to-date: /home/osansubuntumachine/ros2_ws/install/uuv_control_msgs/include/uuv_control_msgs/srv/detail/set_pid_params__type_support.c
[1.430s] -- Up-to-date: /home/osansubuntumachine/ros2_ws/install/uuv_control_msgs/include/uuv_control_msgs/srv/detail/reset_controller__type_support.c
[1.430s] -- Up-to-date: /home/osansubuntumachine/ros2_ws/install/uuv_control_msgs/include/uuv_control_msgs/srv/detail/go_to_incremental__type_support.c
[1.430s] -- Up-to-date: /home/osansubuntumachine/ros2_ws/install/uuv_control_msgs/lib/libuuv_control_msgs__rosidl_typesupport_introspection_c.so
[1.430s] -- Up-to-date: /home/osansubuntumachine/ros2_ws/install/uuv_control_msgs/lib/libuuv_control_msgs__rosidl_typesupport_c.so
[1.430s] -- Up-to-date: /home/osansubuntumachine/ros2_ws/install/uuv_control_msgs/include/uuv_control_msgs
[1.439s] -- Up-to-date: /home/osansubuntumachine/ros2_ws/install/uuv_control_msgs/include/uuv_control_msgs/msg
[1.439s] -- Up-to-date: /home/osansubuntumachine/ros2_ws/install/uuv_control_msgs/include/uuv_control_msgs/msg/trajectory.hpp
[1.439s] -- Up-to-date: /home/osansubuntumachine/ros2_ws/install/uuv_control_msgs/include/uuv_control_msgs/msg/trajectory_point.hpp
[1.439s] -- Up-to-date: /home/osansubuntumachine/ros2_ws/install/uuv_control_msgs/include/uuv_control_msgs/msg/waypoint.hpp
[1.439s] -- Up-to-date: /home/osansubuntumachine/ros2_ws/install/uuv_control_msgs/include/uuv_control_msgs/msg/rosidl_generator_cpp__visibility_control.hpp
[1.439s] -- Up-to-date: /home/osansubuntumachine/ros2_ws/install/uuv_control_msgs/include/uuv_control_msgs/msg/waypoint_set.hpp
[1.439s] -- Up-to-date: /home/osansubuntumachine/ros2_ws/install/uuv_control_msgs/include/uuv_control_msgs/msg/detail
[1.439s] -- Up-to-date: /home/osansubuntumachine/ros2_ws/install/uuv_control_msgs/include/uuv_control_msgs/msg/detail/waypoint_set__builder.hpp
[1.440s] -- Up-to-date: /home/osansubuntumachine/ros2_ws/install/uuv_control_msgs/include/uuv_control_msgs/msg/detail/trajectory_point__traits.hpp
[1.440s] -- Up-to-date: /home/osansubuntumachine/ros2_ws/install/uuv_control_msgs/include/uuv_control_msgs/msg/detail/trajectory__type_support.hpp
[1.440s] -- Up-to-date: /home/osansubuntumachine/ros2_ws/install/uuv_control_msgs/include/uuv_control_msgs/msg/detail/trajectory__traits.hpp
[1.440s] -- Up-to-date: /home/osansubuntumachine/ros2_ws/install/uuv_control_msgs/include/uuv_control_msgs/msg/detail/waypoint_set__struct.hpp
[1.440s] -- Up-to-date: /home/osansubuntumachine/ros2_ws/install/uuv_control_msgs/include/uuv_control_msgs/msg/detail/waypoint__type_support.hpp
[1.440s] -- Up-to-date: /home/osansubuntumachine/ros2_ws/install/uuv_control_msgs/include/uuv_control_msgs/msg/detail/waypoint__traits.hpp
[1.440s] -- Up-to-date: /home/osansubuntumachine/ros2_ws/install/uuv_control_msgs/include/uuv_control_msgs/msg/detail/waypoint_set__type_support.hpp
[1.440s] -- Up-to-date: /home/osansubuntumachine/ros2_ws/install/uuv_control_msgs/include/uuv_control_msgs/msg/detail/trajectory__builder.hpp
[1.440s] -- Up-to-date: /home/osansubuntumachine/ros2_ws/install/uuv_control_msgs/include/uuv_control_msgs/msg/detail/waypoint__struct.hpp
[1.440s] -- Up-to-date: /home/osansubuntumachine/ros2_ws/install/uuv_control_msgs/include/uuv_control_msgs/msg/detail/trajectory_point__struct.hpp
[1.440s] -- Up-to-date: /home/osansubuntumachine/ros2_ws/install/uuv_control_msgs/include/uuv_control_msgs/msg/detail/waypoint__builder.hpp
[1.440s] -- Up-to-date: /home/osansubuntumachine/ros2_ws/install/uuv_control_msgs/include/uuv_control_msgs/msg/detail/trajectory_point__type_support.hpp
[1.440s] -- Up-to-date: /home/osansubuntumachine/ros2_ws/install/uuv_control_msgs/include/uuv_control_msgs/msg/detail/trajectory__struct.hpp
[1.440s] -- Up-to-date: /home/osansubuntumachine/ros2_ws/install/uuv_control_msgs/include/uuv_control_msgs/msg/detail/trajectory_point__builder.hpp
[1.441s] -- Up-to-date: /home/osansubuntumachine/ros2_ws/install/uuv_control_msgs/include/uuv_control_msgs/msg/detail/waypoint_set__traits.hpp
[1.441s] -- Up-to-date: /home/osansubuntumachine/ros2_ws/install/uuv_control_msgs/include/uuv_control_msgs/srv
[1.441s] -- Up-to-date: /home/osansubuntumachine/ros2_ws/install/uuv_control_msgs/include/uuv_control_msgs/srv/add_waypoint.hpp
[1.441s] -- Up-to-date: /home/osansubuntumachine/ros2_ws/install/uuv_control_msgs/include/uuv_control_msgs/srv/init_helical_trajectory.hpp
[1.441s] -- Up-to-date: /home/osansubuntumachine/ros2_ws/install/uuv_control_msgs/include/uuv_control_msgs/srv/clear_waypoints.hpp
[1.441s] -- Up-to-date: /home/osansubuntumachine/ros2_ws/install/uuv_control_msgs/include/uuv_control_msgs/srv/start_trajectory.hpp
[1.441s] -- Up-to-date: /home/osansubuntumachine/ros2_ws/install/uuv_control_msgs/include/uuv_control_msgs/srv/init_rect_trajectory.hpp
[1.441s] -- Up-to-date: /home/osansubuntumachine/ros2_ws/install/uuv_control_msgs/include/uuv_control_msgs/srv/set_sm_controller_params.hpp
[1.441s] -- Up-to-date: /home/osansubuntumachine/ros2_ws/install/uuv_control_msgs/include/uuv_control_msgs/srv/reset_controller.hpp
[1.441s] -- Up-to-date: /home/osansubuntumachine/ros2_ws/install/uuv_control_msgs/include/uuv_control_msgs/srv/switch_to_automatic.hpp
[1.449s] -- Up-to-date: /home/osansubuntumachine/ros2_ws/install/uuv_control_msgs/include/uuv_control_msgs/srv/go_to_incremental.hpp
[1.449s] -- Up-to-date: /home/osansubuntumachine/ros2_ws/install/uuv_control_msgs/include/uuv_control_msgs/srv/get_waypoints.hpp
[1.449s] -- Up-to-date: /home/osansubuntumachine/ros2_ws/install/uuv_control_msgs/include/uuv_control_msgs/srv/init_circular_trajectory.hpp
[1.449s] -- Up-to-date: /home/osansubuntumachine/ros2_ws/install/uuv_control_msgs/include/uuv_control_msgs/srv/get_sm_controller_params.hpp
[1.449s] -- Up-to-date: /home/osansubuntumachine/ros2_ws/install/uuv_control_msgs/include/uuv_control_msgs/srv/is_running_trajectory.hpp
[1.449s] -- Up-to-date: /home/osansubuntumachine/ros2_ws/install/uuv_control_msgs/include/uuv_control_msgs/srv/switch_to_manual.hpp
[1.450s] -- Up-to-date: /home/osansubuntumachine/ros2_ws/install/uuv_control_msgs/include/uuv_control_msgs/srv/hold.hpp
[1.450s] -- Up-to-date: /home/osansubuntumachine/ros2_ws/install/uuv_control_msgs/include/uuv_control_msgs/srv/init_waypoints_from_file.hpp
[1.450s] -- Up-to-date: /home/osansubuntumachine/ros2_ws/install/uuv_control_msgs/include/uuv_control_msgs/srv/init_waypoint_set.hpp
[1.450s] -- Up-to-date: /home/osansubuntumachine/ros2_ws/install/uuv_control_msgs/include/uuv_control_msgs/srv/detail
[1.450s] -- Up-to-date: /home/osansubuntumachine/ros2_ws/install/uuv_control_msgs/include/uuv_control_msgs/srv/detail/init_rect_trajectory__struct.hpp
[1.450s] -- Up-to-date: /home/osansubuntumachine/ros2_ws/install/uuv_control_msgs/include/uuv_control_msgs/srv/detail/init_waypoint_set__struct.hpp
[1.450s] -- Up-to-date: /home/osansubuntumachine/ros2_ws/install/uuv_control_msgs/include/uuv_control_msgs/srv/detail/init_waypoint_set__builder.hpp
[1.450s] -- Up-to-date: /home/osansubuntumachine/ros2_ws/install/uuv_control_msgs/include/uuv_control_msgs/srv/detail/add_waypoint__traits.hpp
[1.450s] -- Up-to-date: /home/osansubuntumachine/ros2_ws/install/uuv_control_msgs/include/uuv_control_msgs/srv/detail/get_waypoints__struct.hpp
[1.450s] -- Up-to-date: /home/osansubuntumachine/ros2_ws/install/uuv_control_msgs/include/uuv_control_msgs/srv/detail/get_pid_params__traits.hpp
[1.450s] -- Up-to-date: /home/osansubuntumachine/ros2_ws/install/uuv_control_msgs/include/uuv_control_msgs/srv/detail/go_to__builder.hpp
[1.450s] -- Up-to-date: /home/osansubuntumachine/ros2_ws/install/uuv_control_msgs/include/uuv_control_msgs/srv/detail/init_helical_trajectory__builder.hpp
[1.450s] -- Up-to-date: /home/osansubuntumachine/ros2_ws/install/uuv_control_msgs/include/uuv_control_msgs/srv/detail/go_to_incremental__builder.hpp
[1.450s] -- Up-to-date: /home/osansubuntumachine/ros2_ws/install/uuv_control_msgs/include/uuv_control_msgs/srv/detail/go_to__traits.hpp
[1.450s] -- Up-to-date: /home/osansubuntumachine/ros2_ws/install/uuv_control_msgs/include/uuv_control_msgs/srv/detail/set_pid_params__builder.hpp
[1.451s] -- Up-to-date: /home/osansubuntumachine/ros2_ws/install/uuv_control_msgs/include/uuv_control_msgs/srv/detail/get_mbsm_controller_params__builder.hpp
[1.451s] -- Up-to-date: /home/osansubuntumachine/ros2_ws/install/uuv_control_msgs/include/uuv_control_msgs/srv/detail/is_running_trajectory__struct.hpp
[1.451s] -- Up-to-date: /home/osansubuntumachine/ros2_ws/install/uuv_control_msgs/include/uuv_control_msgs/srv/detail/get_mbsm_controller_params__struct.hpp
[1.451s] -- Up-to-date: /home/osansubuntumachine/ros2_ws/install/uuv_control_msgs/include/uuv_control_msgs/srv/detail/hold__traits.hpp
[1.451s] -- Up-to-date: /home/osansubuntumachine/ros2_ws/install/uuv_control_msgs/include/uuv_control_msgs/srv/detail/get_pid_params__type_support.hpp
[1.451s] -- Up-to-date: /home/osansubuntumachine/ros2_ws/install/uuv_control_msgs/include/uuv_control_msgs/srv/detail/set_mbsm_controller_params__type_support.hpp
[1.451s] -- Up-to-date: /home/osansubuntumachine/ros2_ws/install/uuv_control_msgs/include/uuv_control_msgs/srv/detail/init_waypoint_set__traits.hpp
[1.451s] -- Up-to-date: /home/osansubuntumachine/ros2_ws/install/uuv_control_msgs/include/uuv_control_msgs/srv/detail/get_mbsm_controller_params__type_support.hpp
[1.451s] -- Up-to-date: /home/osansubuntumachine/ros2_ws/install/uuv_control_msgs/include/uuv_control_msgs/srv/detail/start_trajectory__struct.hpp
[1.451s] -- Up-to-date: /home/osansubuntumachine/ros2_ws/install/uuv_control_msgs/include/uuv_control_msgs/srv/detail/clear_waypoints__struct.hpp
[1.451s] -- Up-to-date: /home/osansubuntumachine/ros2_ws/install/uuv_control_msgs/include/uuv_control_msgs/srv/detail/set_mbsm_controller_params__struct.hpp
[1.451s] -- Up-to-date: /home/osansubuntumachine/ros2_ws/install/uuv_control_msgs/include/uuv_control_msgs/srv/detail/clear_waypoints__builder.hpp
[1.451s] -- Up-to-date: /home/osansubuntumachine/ros2_ws/install/uuv_control_msgs/include/uuv_control_msgs/srv/detail/reset_controller__traits.hpp
[1.451s] -- Up-to-date: /home/osansubuntumachine/ros2_ws/install/uuv_control_msgs/include/uuv_control_msgs/srv/detail/add_waypoint__struct.hpp
[1.452s] -- Up-to-date: /home/osansubuntumachine/ros2_ws/install/uuv_control_msgs/include/uuv_control_msgs/srv/detail/set_pid_params__type_support.hpp
[1.452s] -- Up-to-date: /home/osansubuntumachine/ros2_ws/install/uuv_control_msgs/include/uuv_control_msgs/srv/detail/hold__type_support.hpp
[1.452s] -- Up-to-date: /home/osansubuntumachine/ros2_ws/install/uuv_control_msgs/include/uuv_control_msgs/srv/detail/get_waypoints__builder.hpp
[1.452s] -- Up-to-date: /home/osansubuntumachine/ros2_ws/install/uuv_control_msgs/include/uuv_control_msgs/srv/detail/switch_to_automatic__type_support.hpp
[1.452s] -- Up-to-date: /home/osansubuntumachine/ros2_ws/install/uuv_control_msgs/include/uuv_control_msgs/srv/detail/init_circular_trajectory__builder.hpp
[1.452s] -- Up-to-date: /home/osansubuntumachine/ros2_ws/install/uuv_control_msgs/include/uuv_control_msgs/srv/detail/get_waypoints__traits.hpp
[1.452s] -- Up-to-date: /home/osansubuntumachine/ros2_ws/install/uuv_control_msgs/include/uuv_control_msgs/srv/detail/init_helical_trajectory__struct.hpp
[1.452s] -- Up-to-date: /home/osansubuntumachine/ros2_ws/install/uuv_control_msgs/include/uuv_control_msgs/srv/detail/set_sm_controller_params__struct.hpp
[1.452s] -- Up-to-date: /home/osansubuntumachine/ros2_ws/install/uuv_control_msgs/include/uuv_control_msgs/srv/detail/clear_waypoints__type_support.hpp
[1.452s] -- Up-to-date: /home/osansubuntumachine/ros2_ws/install/uuv_control_msgs/include/uuv_control_msgs/srv/detail/set_sm_controller_params__traits.hpp
[1.452s] -- Up-to-date: /home/osansubuntumachine/ros2_ws/install/uuv_control_msgs/include/uuv_control_msgs/srv/detail/get_waypoints__type_support.hpp
[1.452s] -- Up-to-date: /home/osansubuntumachine/ros2_ws/install/uuv_control_msgs/include/uuv_control_msgs/srv/detail/start_trajectory__traits.hpp
[1.452s] -- Up-to-date: /home/osansubuntumachine/ros2_ws/install/uuv_control_msgs/include/uuv_control_msgs/srv/detail/is_running_trajectory__builder.hpp
[1.452s] -- Up-to-date: /home/osansubuntumachine/ros2_ws/install/uuv_control_msgs/include/uuv_control_msgs/srv/detail/clear_waypoints__traits.hpp
[1.452s] -- Up-to-date: /home/osansubuntumachine/ros2_ws/install/uuv_control_msgs/include/uuv_control_msgs/srv/detail/start_trajectory__type_support.hpp
[1.453s] -- Up-to-date: /home/osansubuntumachine/ros2_ws/install/uuv_control_msgs/include/uuv_control_msgs/srv/detail/switch_to_automatic__builder.hpp
[1.453s] -- Up-to-date: /home/osansubuntumachine/ros2_ws/install/uuv_control_msgs/include/uuv_control_msgs/srv/detail/init_waypoints_from_file__traits.hpp
[1.453s] -- Up-to-date: /home/osansubuntumachine/ros2_ws/install/uuv_control_msgs/include/uuv_control_msgs/srv/detail/switch_to_manual__traits.hpp
[1.453s] -- Up-to-date: /home/osansubuntumachine/ros2_ws/install/uuv_control_msgs/include/uuv_control_msgs/srv/detail/set_pid_params__traits.hpp
[1.453s] -- Up-to-date: /home/osansubuntumachine/ros2_ws/install/uuv_control_msgs/include/uuv_control_msgs/srv/detail/init_rect_trajectory__type_support.hpp
[1.453s] -- Up-to-date: /home/osansubuntumachine/ros2_ws/install/uuv_control_msgs/include/uuv_control_msgs/srv/detail/hold__builder.hpp
[1.453s] -- Up-to-date: /home/osansubuntumachine/ros2_ws/install/uuv_control_msgs/include/uuv_control_msgs/srv/detail/init_waypoints_from_file__struct.hpp
[1.453s] -- Up-to-date: /home/osansubuntumachine/ros2_ws/install/uuv_control_msgs/include/uuv_control_msgs/srv/detail/reset_controller__type_support.hpp
[1.453s] -- Up-to-date: /home/osansubuntumachine/ros2_ws/install/uuv_control_msgs/include/uuv_control_msgs/srv/detail/init_waypoint_set__type_support.hpp
[1.473s] -- Up-to-date: /home/osansubuntumachine/ros2_ws/install/uuv_control_msgs/include/uuv_control_msgs/srv/detail/init_rect_trajectory__traits.hpp
[1.473s] -- Up-to-date: /home/osansubuntumachine/ros2_ws/install/uuv_control_msgs/include/uuv_control_msgs/srv/detail/set_mbsm_controller_params__builder.hpp
[1.473s] -- Up-to-date: /home/osansubuntumachine/ros2_ws/install/uuv_control_msgs/include/uuv_control_msgs/srv/detail/init_waypoints_from_file__builder.hpp
[1.473s] -- Up-to-date: /home/osansubuntumachine/ros2_ws/install/uuv_control_msgs/include/uuv_control_msgs/srv/detail/reset_controller__struct.hpp
[1.473s] -- Up-to-date: /home/osansubuntumachine/ros2_ws/install/uuv_control_msgs/include/uuv_control_msgs/srv/detail/reset_controller__builder.hpp
[1.473s] -- Up-to-date: /home/osansubuntumachine/ros2_ws/install/uuv_control_msgs/include/uuv_control_msgs/srv/detail/switch_to_automatic__struct.hpp
[1.473s] -- Up-to-date: /home/osansubuntumachine/ros2_ws/install/uuv_control_msgs/include/uuv_control_msgs/srv/detail/go_to_incremental__struct.hpp
[1.473s] -- Up-to-date: /home/osansubuntumachine/ros2_ws/install/uuv_control_msgs/include/uuv_control_msgs/srv/detail/start_trajectory__builder.hpp
[1.473s] -- Up-to-date: /home/osansubuntumachine/ros2_ws/install/uuv_control_msgs/include/uuv_control_msgs/srv/detail/get_pid_params__struct.hpp
[1.473s] -- Up-to-date: /home/osansubuntumachine/ros2_ws/install/uuv_control_msgs/include/uuv_control_msgs/srv/detail/init_circular_trajectory__type_support.hpp
[1.473s] -- Up-to-date: /home/osansubuntumachine/ros2_ws/install/uuv_control_msgs/include/uuv_control_msgs/srv/detail/hold__struct.hpp
[1.473s] -- Up-to-date: /home/osansubuntumachine/ros2_ws/install/uuv_control_msgs/include/uuv_control_msgs/srv/detail/get_pid_params__builder.hpp
[1.474s] -- Up-to-date: /home/osansubuntumachine/ros2_ws/install/uuv_control_msgs/include/uuv_control_msgs/srv/detail/get_sm_controller_params__traits.hpp
[1.474s] -- Up-to-date: /home/osansubuntumachine/ros2_ws/install/uuv_control_msgs/include/uuv_control_msgs/srv/detail/is_running_trajectory__traits.hpp
[1.474s] -- Up-to-date: /home/osansubuntumachine/ros2_ws/install/uuv_control_msgs/include/uuv_control_msgs/srv/detail/init_circular_trajectory__traits.hpp
[1.474s] -- Up-to-date: /home/osansubuntumachine/ros2_ws/install/uuv_control_msgs/include/uuv_control_msgs/srv/detail/add_waypoint__type_support.hpp
[1.474s] -- Up-to-date: /home/osansubuntumachine/ros2_ws/install/uuv_control_msgs/include/uuv_control_msgs/srv/detail/add_waypoint__builder.hpp
[1.478s] -- Up-to-date: /home/osansubuntumachine/ros2_ws/install/uuv_control_msgs/include/uuv_control_msgs/srv/detail/go_to_incremental__type_support.hpp
[1.478s] -- Up-to-date: /home/osansubuntumachine/ros2_ws/install/uuv_control_msgs/include/uuv_control_msgs/srv/detail/init_waypoints_from_file__type_support.hpp
[1.478s] -- Up-to-date: /home/osansubuntumachine/ros2_ws/install/uuv_control_msgs/include/uuv_control_msgs/srv/detail/init_rect_trajectory__builder.hpp
[1.478s] -- Up-to-date: /home/osansubuntumachine/ros2_ws/install/uuv_control_msgs/include/uuv_control_msgs/srv/detail/init_helical_trajectory__type_support.hpp
[1.478s] -- Up-to-date: /home/osansubuntumachine/ros2_ws/install/uuv_control_msgs/include/uuv_control_msgs/srv/detail/get_sm_controller_params__type_support.hpp
[1.478s] -- Up-to-date: /home/osansubuntumachine/ros2_ws/install/uuv_control_msgs/include/uuv_control_msgs/srv/detail/init_helical_trajectory__traits.hpp
[1.479s] -- Up-to-date: /home/osansubuntumachine/ros2_ws/install/uuv_control_msgs/include/uuv_control_msgs/srv/detail/set_sm_controller_params__type_support.hpp
[1.479s] -- Up-to-date: /home/osansubuntumachine/ros2_ws/install/uuv_control_msgs/include/uuv_control_msgs/srv/detail/set_sm_controller_params__builder.hpp
[1.479s] -- Up-to-date: /home/osansubuntumachine/ros2_ws/install/uuv_control_msgs/include/uuv_control_msgs/srv/detail/is_running_trajectory__type_support.hpp
[1.479s] -- Up-to-date: /home/osansubuntumachine/ros2_ws/install/uuv_control_msgs/include/uuv_control_msgs/srv/detail/init_circular_trajectory__struct.hpp
[1.479s] -- Up-to-date: /home/osansubuntumachine/ros2_ws/install/uuv_control_msgs/include/uuv_control_msgs/srv/detail/switch_to_automatic__traits.hpp
[1.479s] -- Up-to-date: /home/osansubuntumachine/ros2_ws/install/uuv_control_msgs/include/uuv_control_msgs/srv/detail/switch_to_manual__builder.hpp
[1.479s] -- Up-to-date: /home/osansubuntumachine/ros2_ws/install/uuv_control_msgs/include/uuv_control_msgs/srv/detail/go_to__type_support.hpp
[1.479s] -- Up-to-date: /home/osansubuntumachine/ros2_ws/install/uuv_control_msgs/include/uuv_control_msgs/srv/detail/go_to__struct.hpp
[1.479s] -- Up-to-date: /home/osansubuntumachine/ros2_ws/install/uuv_control_msgs/include/uuv_control_msgs/srv/detail/go_to_incremental__traits.hpp
[1.479s] -- Up-to-date: /home/osansubuntumachine/ros2_ws/install/uuv_control_msgs/include/uuv_control_msgs/srv/detail/set_mbsm_controller_params__traits.hpp
[1.479s] -- Up-to-date: /home/osansubuntumachine/ros2_ws/install/uuv_control_msgs/include/uuv_control_msgs/srv/detail/get_sm_controller_params__builder.hpp
[1.479s] -- Up-to-date: /home/osansubuntumachine/ros2_ws/install/uuv_control_msgs/include/uuv_control_msgs/srv/detail/get_mbsm_controller_params__traits.hpp
[1.479s] -- Up-to-date: /home/osansubuntumachine/ros2_ws/install/uuv_control_msgs/include/uuv_control_msgs/srv/detail/set_pid_params__struct.hpp
[1.479s] -- Up-to-date: /home/osansubuntumachine/ros2_ws/install/uuv_control_msgs/include/uuv_control_msgs/srv/detail/get_sm_controller_params__struct.hpp
[1.479s] -- Up-to-date: /home/osansubuntumachine/ros2_ws/install/uuv_control_msgs/include/uuv_control_msgs/srv/detail/switch_to_manual__struct.hpp
[1.480s] -- Up-to-date: /home/osansubuntumachine/ros2_ws/install/uuv_control_msgs/include/uuv_control_msgs/srv/detail/switch_to_manual__type_support.hpp
[1.480s] -- Up-to-date: /home/osansubuntumachine/ros2_ws/install/uuv_control_msgs/include/uuv_control_msgs/srv/get_mbsm_controller_params.hpp
[1.480s] -- Up-to-date: /home/osansubuntumachine/ros2_ws/install/uuv_control_msgs/include/uuv_control_msgs/srv/set_pid_params.hpp
[1.480s] -- Up-to-date: /home/osansubuntumachine/ros2_ws/install/uuv_control_msgs/include/uuv_control_msgs/srv/get_pid_params.hpp
[1.480s] -- Up-to-date: /home/osansubuntumachine/ros2_ws/install/uuv_control_msgs/include/uuv_control_msgs/srv/set_mbsm_controller_params.hpp
[1.480s] -- Up-to-date: /home/osansubuntumachine/ros2_ws/install/uuv_control_msgs/include/uuv_control_msgs/srv/go_to.hpp
[1.480s] -- Up-to-date: /home/osansubuntumachine/ros2_ws/install/uuv_control_msgs/include/uuv_control_msgs
[1.480s] -- Up-to-date: /home/osansubuntumachine/ros2_ws/install/uuv_control_msgs/include/uuv_control_msgs/msg
[1.480s] -- Up-to-date: /home/osansubuntumachine/ros2_ws/install/uuv_control_msgs/include/uuv_control_msgs/msg/detail
[1.480s] -- Up-to-date: /home/osansubuntumachine/ros2_ws/install/uuv_control_msgs/include/uuv_control_msgs/msg/detail/trajectory__type_support.cpp
[1.480s] -- Up-to-date: /home/osansubuntumachine/ros2_ws/install/uuv_control_msgs/include/uuv_control_msgs/msg/detail/waypoint__type_support.cpp
[1.480s] -- Up-to-date: /home/osansubuntumachine/ros2_ws/install/uuv_control_msgs/include/uuv_control_msgs/msg/detail/waypoint_set__rosidl_typesupport_introspection_cpp.hpp
[1.480s] -- Up-to-date: /home/osansubuntumachine/ros2_ws/install/uuv_control_msgs/include/uuv_control_msgs/msg/detail/trajectory__rosidl_typesupport_introspection_cpp.hpp
[1.480s] -- Up-to-date: /home/osansubuntumachine/ros2_ws/install/uuv_control_msgs/include/uuv_control_msgs/msg/detail/waypoint_set__type_support.cpp
[1.480s] -- Up-to-date: /home/osansubuntumachine/ros2_ws/install/uuv_control_msgs/include/uuv_control_msgs/msg/detail/waypoint__rosidl_typesupport_introspection_cpp.hpp
[1.481s] -- Up-to-date: /home/osansubuntumachine/ros2_ws/install/uuv_control_msgs/include/uuv_control_msgs/msg/detail/trajectory_point__rosidl_typesupport_introspection_cpp.hpp
[1.481s] -- Up-to-date: /home/osansubuntumachine/ros2_ws/install/uuv_control_msgs/include/uuv_control_msgs/msg/detail/trajectory_point__type_support.cpp
[1.481s] -- Up-to-date: /home/osansubuntumachine/ros2_ws/install/uuv_control_msgs/include/uuv_control_msgs/srv
[1.481s] -- Up-to-date: /home/osansubuntumachine/ros2_ws/install/uuv_control_msgs/include/uuv_control_msgs/srv/detail
[1.481s] -- Up-to-date: /home/osansubuntumachine/ros2_ws/install/uuv_control_msgs/include/uuv_control_msgs/srv/detail/get_sm_controller_params__rosidl_typesupport_introspection_cpp.hpp
[1.481s] -- Up-to-date: /home/osansubuntumachine/ros2_ws/install/uuv_control_msgs/include/uuv_control_msgs/srv/detail/switch_to_manual__rosidl_typesupport_introspection_cpp.hpp
[1.481s] -- Up-to-date: /home/osansubuntumachine/ros2_ws/install/uuv_control_msgs/include/uuv_control_msgs/srv/detail/switch_to_manual__type_support.cpp
[1.481s] -- Up-to-date: /home/osansubuntumachine/ros2_ws/install/uuv_control_msgs/include/uuv_control_msgs/srv/detail/switch_to_automatic__type_support.cpp
[1.481s] -- Up-to-date: /home/osansubuntumachine/ros2_ws/install/uuv_control_msgs/include/uuv_control_msgs/srv/detail/init_waypoint_set__type_support.cpp
[1.481s] -- Up-to-date: /home/osansubuntumachine/ros2_ws/install/uuv_control_msgs/include/uuv_control_msgs/srv/detail/get_pid_params__type_support.cpp
[1.481s] -- Up-to-date: /home/osansubuntumachine/ros2_ws/install/uuv_control_msgs/include/uuv_control_msgs/srv/detail/go_to__type_support.cpp
[1.481s] -- Up-to-date: /home/osansubuntumachine/ros2_ws/install/uuv_control_msgs/include/uuv_control_msgs/srv/detail/switch_to_automatic__rosidl_typesupport_introspection_cpp.hpp
[1.481s] -- Up-to-date: /home/osansubuntumachine/ros2_ws/install/uuv_control_msgs/include/uuv_control_msgs/srv/detail/get_sm_controller_params__type_support.cpp
[1.481s] -- Up-to-date: /home/osansubuntumachine/ros2_ws/install/uuv_control_msgs/include/uuv_control_msgs/srv/detail/start_trajectory__type_support.cpp
[1.499s] -- Up-to-date: /home/osansubuntumachine/ros2_ws/install/uuv_control_msgs/include/uuv_control_msgs/srv/detail/init_rect_trajectory__type_support.cpp
[1.499s] -- Up-to-date: /home/osansubuntumachine/ros2_ws/install/uuv_control_msgs/include/uuv_control_msgs/srv/detail/set_mbsm_controller_params__rosidl_typesupport_introspection_cpp.hpp
[1.499s] -- Up-to-date: /home/osansubuntumachine/ros2_ws/install/uuv_control_msgs/include/uuv_control_msgs/srv/detail/add_waypoint__type_support.cpp
[1.499s] -- Up-to-date: /home/osansubuntumachine/ros2_ws/install/uuv_control_msgs/include/uuv_control_msgs/srv/detail/get_waypoints__type_support.cpp
[1.499s] -- Up-to-date: /home/osansubuntumachine/ros2_ws/install/uuv_control_msgs/include/uuv_control_msgs/srv/detail/init_waypoint_set__rosidl_typesupport_introspection_cpp.hpp
[1.499s] -- Up-to-date: /home/osansubuntumachine/ros2_ws/install/uuv_control_msgs/include/uuv_control_msgs/srv/detail/start_trajectory__rosidl_typesupport_introspection_cpp.hpp
[1.499s] -- Up-to-date: /home/osansubuntumachine/ros2_ws/install/uuv_control_msgs/include/uuv_control_msgs/srv/detail/set_pid_params__type_support.cpp
[1.499s] -- Up-to-date: /home/osansubuntumachine/ros2_ws/install/uuv_control_msgs/include/uuv_control_msgs/srv/detail/clear_waypoints__type_support.cpp
[1.499s] -- Up-to-date: /home/osansubuntumachine/ros2_ws/install/uuv_control_msgs/include/uuv_control_msgs/srv/detail/is_running_trajectory__rosidl_typesupport_introspection_cpp.hpp
[1.500s] -- Up-to-date: /home/osansubuntumachine/ros2_ws/install/uuv_control_msgs/include/uuv_control_msgs/srv/detail/set_sm_controller_params__type_support.cpp
[1.500s] -- Up-to-date: /home/osansubuntumachine/ros2_ws/install/uuv_control_msgs/include/uuv_control_msgs/srv/detail/get_pid_params__rosidl_typesupport_introspection_cpp.hpp
[1.500s] -- Up-to-date: /home/osansubuntumachine/ros2_ws/install/uuv_control_msgs/include/uuv_control_msgs/srv/detail/init_waypoints_from_file__rosidl_typesupport_introspection_cpp.hpp
[1.500s] -- Up-to-date: /home/osansubuntumachine/ros2_ws/install/uuv_control_msgs/include/uuv_control_msgs/srv/detail/reset_controller__rosidl_typesupport_introspection_cpp.hpp
[1.500s] -- Up-to-date: /home/osansubuntumachine/ros2_ws/install/uuv_control_msgs/include/uuv_control_msgs/srv/detail/init_circular_trajectory__rosidl_typesupport_introspection_cpp.hpp
[1.500s] -- Up-to-date: /home/osansubuntumachine/ros2_ws/install/uuv_control_msgs/include/uuv_control_msgs/srv/detail/get_mbsm_controller_params__rosidl_typesupport_introspection_cpp.hpp
[1.500s] -- Up-to-date: /home/osansubuntumachine/ros2_ws/install/uuv_control_msgs/include/uuv_control_msgs/srv/detail/get_waypoints__rosidl_typesupport_introspection_cpp.hpp
[1.500s] -- Up-to-date: /home/osansubuntumachine/ros2_ws/install/uuv_control_msgs/include/uuv_control_msgs/srv/detail/add_waypoint__rosidl_typesupport_introspection_cpp.hpp
[1.500s] -- Up-to-date: /home/osansubuntumachine/ros2_ws/install/uuv_control_msgs/include/uuv_control_msgs/srv/detail/set_pid_params__rosidl_typesupport_introspection_cpp.hpp
[1.500s] -- Up-to-date: /home/osansubuntumachine/ros2_ws/install/uuv_control_msgs/include/uuv_control_msgs/srv/detail/hold__rosidl_typesupport_introspection_cpp.hpp
[1.500s] -- Up-to-date: /home/osansubuntumachine/ros2_ws/install/uuv_control_msgs/include/uuv_control_msgs/srv/detail/init_rect_trajectory__rosidl_typesupport_introspection_cpp.hpp
[1.501s] -- Up-to-date: /home/osansubuntumachine/ros2_ws/install/uuv_control_msgs/include/uuv_control_msgs/srv/detail/go_to__rosidl_typesupport_introspection_cpp.hpp
[1.501s] -- Up-to-date: /home/osansubuntumachine/ros2_ws/install/uuv_control_msgs/include/uuv_control_msgs/srv/detail/init_helical_trajectory__type_support.cpp
[1.501s] -- Up-to-date: /home/osansubuntumachine/ros2_ws/install/uuv_control_msgs/include/uuv_control_msgs/srv/detail/clear_waypoints__rosidl_typesupport_introspection_cpp.hpp
[1.501s] -- Up-to-date: /home/osansubuntumachine/ros2_ws/install/uuv_control_msgs/include/uuv_control_msgs/srv/detail/set_mbsm_controller_params__type_support.cpp
[1.501s] -- Up-to-date: /home/osansubuntumachine/ros2_ws/install/uuv_control_msgs/include/uuv_control_msgs/srv/detail/init_circular_trajectory__type_support.cpp
[1.501s] -- Up-to-date: /home/osansubuntumachine/ros2_ws/install/uuv_control_msgs/include/uuv_control_msgs/srv/detail/go_to_incremental__rosidl_typesupport_introspection_cpp.hpp
[1.501s] -- Up-to-date: /home/osansubuntumachine/ros2_ws/install/uuv_control_msgs/include/uuv_control_msgs/srv/detail/set_sm_controller_params__rosidl_typesupport_introspection_cpp.hpp
[1.501s] -- Up-to-date: /home/osansubuntumachine/ros2_ws/install/uuv_control_msgs/include/uuv_control_msgs/srv/detail/reset_controller__type_support.cpp
[1.501s] -- Up-to-date: /home/osansubuntumachine/ros2_ws/install/uuv_control_msgs/include/uuv_control_msgs/srv/detail/go_to_incremental__type_support.cpp
[1.501s] -- Up-to-date: /home/osansubuntumachine/ros2_ws/install/uuv_control_msgs/include/uuv_control_msgs/srv/detail/init_helical_trajectory__rosidl_typesupport_introspection_cpp.hpp
[1.501s] -- Up-to-date: /home/osansubuntumachine/ros2_ws/install/uuv_control_msgs/include/uuv_control_msgs/srv/detail/is_running_trajectory__type_support.cpp
[1.501s] -- Up-to-date: /home/osansubuntumachine/ros2_ws/install/uuv_control_msgs/include/uuv_control_msgs/srv/detail/get_mbsm_controller_params__type_support.cpp
[1.501s] -- Up-to-date: /home/osansubuntumachine/ros2_ws/install/uuv_control_msgs/include/uuv_control_msgs/srv/detail/init_waypoints_from_file__type_support.cpp
[1.501s] -- Up-to-date: /home/osansubuntumachine/ros2_ws/install/uuv_control_msgs/include/uuv_control_msgs/srv/detail/hold__type_support.cpp
[1.502s] -- Up-to-date: /home/osansubuntumachine/ros2_ws/install/uuv_control_msgs/lib/libuuv_control_msgs__rosidl_typesupport_introspection_cpp.so
[1.502s] -- Up-to-date: /home/osansubuntumachine/ros2_ws/install/uuv_control_msgs/lib/libuuv_control_msgs__rosidl_typesupport_cpp.so
[1.502s] -- Up-to-date: /home/osansubuntumachine/ros2_ws/install/uuv_control_msgs/share/uuv_control_msgs/environment/pythonpath.sh
[1.502s] -- Up-to-date: /home/osansubuntumachine/ros2_ws/install/uuv_control_msgs/share/uuv_control_msgs/environment/pythonpath.dsv
[1.502s] -- Up-to-date: /home/osansubuntumachine/ros2_ws/install/uuv_control_msgs/lib/python3.8/site-packages/uuv_control_msgs/__init__.py
[1.525s] -- Up-to-date: /home/osansubuntumachine/ros2_ws/install/uuv_control_msgs/lib/python3.8/site-packages/uuv_control_msgs/msg
[1.525s] -- Up-to-date: /home/osansubuntumachine/ros2_ws/install/uuv_control_msgs/lib/python3.8/site-packages/uuv_control_msgs/msg/_trajectory.py
[1.525s] -- Up-to-date: /home/osansubuntumachine/ros2_ws/install/uuv_control_msgs/lib/python3.8/site-packages/uuv_control_msgs/msg/_waypoint_set_s.c
[1.525s] -- Up-to-date: /home/osansubuntumachine/ros2_ws/install/uuv_control_msgs/lib/python3.8/site-packages/uuv_control_msgs/msg/_trajectory_point_s.c
[1.525s] -- Up-to-date: /home/osansubuntumachine/ros2_ws/install/uuv_control_msgs/lib/python3.8/site-packages/uuv_control_msgs/msg/_waypoint_s.c
[1.525s] -- Up-to-date: /home/osansubuntumachine/ros2_ws/install/uuv_control_msgs/lib/python3.8/site-packages/uuv_control_msgs/msg/_waypoint.py
[1.526s] -- Up-to-date: /home/osansubuntumachine/ros2_ws/install/uuv_control_msgs/lib/python3.8/site-packages/uuv_control_msgs/msg/__init__.py
[1.526s] -- Up-to-date: /home/osansubuntumachine/ros2_ws/install/uuv_control_msgs/lib/python3.8/site-packages/uuv_control_msgs/msg/_waypoint_set.py
[1.542s] -- Up-to-date: /home/osansubuntumachine/ros2_ws/install/uuv_control_msgs/lib/python3.8/site-packages/uuv_control_msgs/msg/_trajectory_s.c
[1.542s] -- Up-to-date: /home/osansubuntumachine/ros2_ws/install/uuv_control_msgs/lib/python3.8/site-packages/uuv_control_msgs/msg/_trajectory_point.py
[1.542s] -- Up-to-date: /home/osansubuntumachine/ros2_ws/install/uuv_control_msgs/lib/python3.8/site-packages/uuv_control_msgs/srv
[1.542s] -- Up-to-date: /home/osansubuntumachine/ros2_ws/install/uuv_control_msgs/lib/python3.8/site-packages/uuv_control_msgs/srv/_get_pid_params_s.c
[1.543s] -- Up-to-date: /home/osansubuntumachine/ros2_ws/install/uuv_control_msgs/lib/python3.8/site-packages/uuv_control_msgs/srv/_reset_controller.py
[1.543s] -- Up-to-date: /home/osansubuntumachine/ros2_ws/install/uuv_control_msgs/lib/python3.8/site-packages/uuv_control_msgs/srv/_go_to_incremental.py
[1.543s] -- Up-to-date: /home/osansubuntumachine/ros2_ws/install/uuv_control_msgs/lib/python3.8/site-packages/uuv_control_msgs/srv/_go_to.py
[1.543s] -- Up-to-date: /home/osansubuntumachine/ros2_ws/install/uuv_control_msgs/lib/python3.8/site-packages/uuv_control_msgs/srv/_get_waypoints_s.c
[1.543s] -- Up-to-date: /home/osansubuntumachine/ros2_ws/install/uuv_control_msgs/lib/python3.8/site-packages/uuv_control_msgs/srv/_init_rect_trajectory.py
[1.543s] -- Up-to-date: /home/osansubuntumachine/ros2_ws/install/uuv_control_msgs/lib/python3.8/site-packages/uuv_control_msgs/srv/_reset_controller_s.c
[1.543s] -- Up-to-date: /home/osansubuntumachine/ros2_ws/install/uuv_control_msgs/lib/python3.8/site-packages/uuv_control_msgs/srv/_hold_s.c
[1.543s] -- Up-to-date: /home/osansubuntumachine/ros2_ws/install/uuv_control_msgs/lib/python3.8/site-packages/uuv_control_msgs/srv/_clear_waypoints_s.c
[1.543s] -- Up-to-date: /home/osansubuntumachine/ros2_ws/install/uuv_control_msgs/lib/python3.8/site-packages/uuv_control_msgs/srv/_go_to_incremental_s.c
[1.543s] -- Up-to-date: /home/osansubuntumachine/ros2_ws/install/uuv_control_msgs/lib/python3.8/site-packages/uuv_control_msgs/srv/_init_waypoints_from_file.py
[1.543s] -- Up-to-date: /home/osansubuntumachine/ros2_ws/install/uuv_control_msgs/lib/python3.8/site-packages/uuv_control_msgs/srv/_switch_to_manual_s.c
[1.543s] -- Up-to-date: /home/osansubuntumachine/ros2_ws/install/uuv_control_msgs/lib/python3.8/site-packages/uuv_control_msgs/srv/_set_pid_params.py
[1.543s] -- Up-to-date: /home/osansubuntumachine/ros2_ws/install/uuv_control_msgs/lib/python3.8/site-packages/uuv_control_msgs/srv/_init_rect_trajectory_s.c
[1.544s] -- Up-to-date: /home/osansubuntumachine/ros2_ws/install/uuv_control_msgs/lib/python3.8/site-packages/uuv_control_msgs/srv/_set_pid_params_s.c
[1.544s] -- Up-to-date: /home/osansubuntumachine/ros2_ws/install/uuv_control_msgs/lib/python3.8/site-packages/uuv_control_msgs/srv/_get_pid_params.py
[1.544s] -- Up-to-date: /home/osansubuntumachine/ros2_ws/install/uuv_control_msgs/lib/python3.8/site-packages/uuv_control_msgs/srv/_switch_to_automatic_s.c
[1.544s] -- Up-to-date: /home/osansubuntumachine/ros2_ws/install/uuv_control_msgs/lib/python3.8/site-packages/uuv_control_msgs/srv/_init_waypoints_from_file_s.c
[1.544s] -- Up-to-date: /home/osansubuntumachine/ros2_ws/install/uuv_control_msgs/lib/python3.8/site-packages/uuv_control_msgs/srv/_start_trajectory.py
[1.544s] -- Up-to-date: /home/osansubuntumachine/ros2_ws/install/uuv_control_msgs/lib/python3.8/site-packages/uuv_control_msgs/srv/_init_circular_trajectory_s.c
[1.544s] -- Up-to-date: /home/osansubuntumachine/ros2_ws/install/uuv_control_msgs/lib/python3.8/site-packages/uuv_control_msgs/srv/_init_waypoint_set_s.c
[1.544s] -- Up-to-date: /home/osansubuntumachine/ros2_ws/install/uuv_control_msgs/lib/python3.8/site-packages/uuv_control_msgs/srv/_is_running_trajectory.py
[1.544s] -- Up-to-date: /home/osansubuntumachine/ros2_ws/install/uuv_control_msgs/lib/python3.8/site-packages/uuv_control_msgs/srv/_get_waypoints.py
[1.544s] -- Up-to-date: /home/osansubuntumachine/ros2_ws/install/uuv_control_msgs/lib/python3.8/site-packages/uuv_control_msgs/srv/_set_sm_controller_params_s.c
[1.544s] -- Up-to-date: /home/osansubuntumachine/ros2_ws/install/uuv_control_msgs/lib/python3.8/site-packages/uuv_control_msgs/srv/__init__.py
[1.544s] -- Up-to-date: /home/osansubuntumachine/ros2_ws/install/uuv_control_msgs/lib/python3.8/site-packages/uuv_control_msgs/srv/_set_sm_controller_params.py
[1.544s] -- Up-to-date: /home/osansubuntumachine/ros2_ws/install/uuv_control_msgs/lib/python3.8/site-packages/uuv_control_msgs/srv/_switch_to_automatic.py
[1.545s] -- Up-to-date: /home/osansubuntumachine/ros2_ws/install/uuv_control_msgs/lib/python3.8/site-packages/uuv_control_msgs/srv/_clear_waypoints.py
[1.545s] -- Up-to-date: /home/osansubuntumachine/ros2_ws/install/uuv_control_msgs/lib/python3.8/site-packages/uuv_control_msgs/srv/_switch_to_manual.py
[1.545s] -- Up-to-date: /home/osansubuntumachine/ros2_ws/install/uuv_control_msgs/lib/python3.8/site-packages/uuv_control_msgs/srv/_go_to_s.c
[1.545s] -- Up-to-date: /home/osansubuntumachine/ros2_ws/install/uuv_control_msgs/lib/python3.8/site-packages/uuv_control_msgs/srv/_set_mbsm_controller_params.py
[1.545s] -- Up-to-date: /home/osansubuntumachine/ros2_ws/install/uuv_control_msgs/lib/python3.8/site-packages/uuv_control_msgs/srv/_set_mbsm_controller_params_s.c
[1.545s] -- Up-to-date: /home/osansubuntumachine/ros2_ws/install/uuv_control_msgs/lib/python3.8/site-packages/uuv_control_msgs/srv/_start_trajectory_s.c
[1.545s] -- Up-to-date: /home/osansubuntumachine/ros2_ws/install/uuv_control_msgs/lib/python3.8/site-packages/uuv_control_msgs/srv/_add_waypoint.py
[1.545s] -- Up-to-date: /home/osansubuntumachine/ros2_ws/install/uuv_control_msgs/lib/python3.8/site-packages/uuv_control_msgs/srv/_init_waypoint_set.py
[1.545s] -- Up-to-date: /home/osansubuntumachine/ros2_ws/install/uuv_control_msgs/lib/python3.8/site-packages/uuv_control_msgs/srv/_get_mbsm_controller_params.py
[1.545s] -- Up-to-date: /home/osansubuntumachine/ros2_ws/install/uuv_control_msgs/lib/python3.8/site-packages/uuv_control_msgs/srv/_init_helical_trajectory_s.c
[1.545s] -- Up-to-date: /home/osansubuntumachine/ros2_ws/install/uuv_control_msgs/lib/python3.8/site-packages/uuv_control_msgs/srv/_hold.py
[1.545s] -- Up-to-date: /home/osansubuntumachine/ros2_ws/install/uuv_control_msgs/lib/python3.8/site-packages/uuv_control_msgs/srv/_init_circular_trajectory.py
[1.546s] -- Up-to-date: /home/osansubuntumachine/ros2_ws/install/uuv_control_msgs/lib/python3.8/site-packages/uuv_control_msgs/srv/_get_mbsm_controller_params_s.c
[1.546s] -- Up-to-date: /home/osansubuntumachine/ros2_ws/install/uuv_control_msgs/lib/python3.8/site-packages/uuv_control_msgs/srv/_get_sm_controller_params.py
[1.546s] -- Up-to-date: /home/osansubuntumachine/ros2_ws/install/uuv_control_msgs/lib/python3.8/site-packages/uuv_control_msgs/srv/_init_helical_trajectory.py
[1.546s] -- Up-to-date: /home/osansubuntumachine/ros2_ws/install/uuv_control_msgs/lib/python3.8/site-packages/uuv_control_msgs/srv/_add_waypoint_s.c
[1.546s] -- Up-to-date: /home/osansubuntumachine/ros2_ws/install/uuv_control_msgs/lib/python3.8/site-packages/uuv_control_msgs/srv/_is_running_trajectory_s.c
[1.558s] -- Up-to-date: /home/osansubuntumachine/ros2_ws/install/uuv_control_msgs/lib/python3.8/site-packages/uuv_control_msgs/srv/_get_sm_controller_params_s.c
[1.558s] -- Up-to-date: /home/osansubuntumachine/ros2_ws/install/uuv_control_msgs/lib/python3.8/site-packages/uuv_control_msgs/uuv_control_msgs_s__rosidl_typesupport_fastrtps_c.cpython-38-x86_64-linux-gnu.so
[1.558s] -- Up-to-date: /home/osansubuntumachine/ros2_ws/install/uuv_control_msgs/lib/python3.8/site-packages/uuv_control_msgs/uuv_control_msgs_s__rosidl_typesupport_introspection_c.cpython-38-x86_64-linux-gnu.so
[1.558s] -- Up-to-date: /home/osansubuntumachine/ros2_ws/install/uuv_control_msgs/lib/python3.8/site-packages/uuv_control_msgs/uuv_control_msgs_s__rosidl_typesupport_c.cpython-38-x86_64-linux-gnu.so
[1.558s] -- Up-to-date: /home/osansubuntumachine/ros2_ws/install/uuv_control_msgs/lib/libuuv_control_msgs__python.so
[1.558s] -- Up-to-date: /home/osansubuntumachine/ros2_ws/install/uuv_control_msgs/share/uuv_control_msgs/msg/Trajectory.idl
[1.558s] -- Up-to-date: /home/osansubuntumachine/ros2_ws/install/uuv_control_msgs/share/uuv_control_msgs/msg/TrajectoryPoint.idl
[1.558s] -- Up-to-date: /home/osansubuntumachine/ros2_ws/install/uuv_control_msgs/share/uuv_control_msgs/msg/Waypoint.idl
[1.558s] -- Up-to-date: /home/osansubuntumachine/ros2_ws/install/uuv_control_msgs/share/uuv_control_msgs/msg/WaypointSet.idl
[1.558s] -- Up-to-date: /home/osansubuntumachine/ros2_ws/install/uuv_control_msgs/share/uuv_control_msgs/srv/AddWaypoint.idl
[1.559s] -- Up-to-date: /home/osansubuntumachine/ros2_ws/install/uuv_control_msgs/share/uuv_control_msgs/srv/ClearWaypoints.idl
[1.559s] -- Up-to-date: /home/osansubuntumachine/ros2_ws/install/uuv_control_msgs/share/uuv_control_msgs/srv/InitCircularTrajectory.idl
[1.559s] -- Up-to-date: /home/osansubuntumachine/ros2_ws/install/uuv_control_msgs/share/uuv_control_msgs/srv/InitHelicalTrajectory.idl
[1.559s] -- Up-to-date: /home/osansubuntumachine/ros2_ws/install/uuv_control_msgs/share/uuv_control_msgs/srv/InitWaypointsFromFile.idl
[1.559s] -- Up-to-date: /home/osansubuntumachine/ros2_ws/install/uuv_control_msgs/share/uuv_control_msgs/srv/GetWaypoints.idl
[1.559s] -- Up-to-date: /home/osansubuntumachine/ros2_ws/install/uuv_control_msgs/share/uuv_control_msgs/srv/GoTo.idl
[1.559s] -- Up-to-date: /home/osansubuntumachine/ros2_ws/install/uuv_control_msgs/share/uuv_control_msgs/srv/GoToIncremental.idl
[1.559s] -- Up-to-date: /home/osansubuntumachine/ros2_ws/install/uuv_control_msgs/share/uuv_control_msgs/srv/Hold.idl
[1.560s] -- Up-to-date: /home/osansubuntumachine/ros2_ws/install/uuv_control_msgs/share/uuv_control_msgs/srv/IsRunningTrajectory.idl
[1.560s] -- Up-to-date: /home/osansubuntumachine/ros2_ws/install/uuv_control_msgs/share/uuv_control_msgs/srv/InitWaypointSet.idl
[1.560s] -- Up-to-date: /home/osansubuntumachine/ros2_ws/install/uuv_control_msgs/share/uuv_control_msgs/srv/InitRectTrajectory.idl
[1.560s] -- Up-to-date: /home/osansubuntumachine/ros2_ws/install/uuv_control_msgs/share/uuv_control_msgs/srv/StartTrajectory.idl
[1.560s] -- Up-to-date: /home/osansubuntumachine/ros2_ws/install/uuv_control_msgs/share/uuv_control_msgs/srv/SwitchToAutomatic.idl
[1.560s] -- Up-to-date: /home/osansubuntumachine/ros2_ws/install/uuv_control_msgs/share/uuv_control_msgs/srv/SwitchToManual.idl
[1.560s] -- Up-to-date: /home/osansubuntumachine/ros2_ws/install/uuv_control_msgs/share/uuv_control_msgs/srv/SetPIDParams.idl
[1.560s] -- Up-to-date: /home/osansubuntumachine/ros2_ws/install/uuv_control_msgs/share/uuv_control_msgs/srv/GetPIDParams.idl
[1.560s] -- Up-to-date: /home/osansubuntumachine/ros2_ws/install/uuv_control_msgs/share/uuv_control_msgs/srv/SetSMControllerParams.idl
[1.560s] -- Up-to-date: /home/osansubuntumachine/ros2_ws/install/uuv_control_msgs/share/uuv_control_msgs/srv/GetSMControllerParams.idl
[1.560s] -- Up-to-date: /home/osansubuntumachine/ros2_ws/install/uuv_control_msgs/share/uuv_control_msgs/srv/SetMBSMControllerParams.idl
[1.560s] -- Up-to-date: /home/osansubuntumachine/ros2_ws/install/uuv_control_msgs/share/uuv_control_msgs/srv/GetMBSMControllerParams.idl
[1.560s] -- Up-to-date: /home/osansubuntumachine/ros2_ws/install/uuv_control_msgs/share/uuv_control_msgs/srv/ResetController.idl
[1.561s] -- Up-to-date: /home/osansubuntumachine/ros2_ws/install/uuv_control_msgs/share/uuv_control_msgs/msg/Trajectory.msg
[1.561s] -- Up-to-date: /home/osansubuntumachine/ros2_ws/install/uuv_control_msgs/share/uuv_control_msgs/msg/TrajectoryPoint.msg
[1.561s] -- Up-to-date: /home/osansubuntumachine/ros2_ws/install/uuv_control_msgs/share/uuv_control_msgs/msg/Waypoint.msg
[1.561s] -- Up-to-date: /home/osansubuntumachine/ros2_ws/install/uuv_control_msgs/share/uuv_control_msgs/msg/WaypointSet.msg
[1.561s] -- Up-to-date: /home/osansubuntumachine/ros2_ws/install/uuv_control_msgs/share/uuv_control_msgs/srv/AddWaypoint.srv
[1.561s] -- Up-to-date: /home/osansubuntumachine/ros2_ws/install/uuv_control_msgs/share/uuv_control_msgs/srv/AddWaypoint_Request.msg
[1.561s] -- Up-to-date: /home/osansubuntumachine/ros2_ws/install/uuv_control_msgs/share/uuv_control_msgs/srv/AddWaypoint_Response.msg
[1.561s] -- Up-to-date: /home/osansubuntumachine/ros2_ws/install/uuv_control_msgs/share/uuv_control_msgs/srv/ClearWaypoints.srv
[1.561s] -- Up-to-date: /home/osansubuntumachine/ros2_ws/install/uuv_control_msgs/share/uuv_control_msgs/srv/ClearWaypoints_Request.msg
[1.561s] -- Up-to-date: /home/osansubuntumachine/ros2_ws/install/uuv_control_msgs/share/uuv_control_msgs/srv/ClearWaypoints_Response.msg
[1.561s] -- Up-to-date: /home/osansubuntumachine/ros2_ws/install/uuv_control_msgs/share/uuv_control_msgs/srv/InitCircularTrajectory.srv
[1.561s] -- Up-to-date: /home/osansubuntumachine/ros2_ws/install/uuv_control_msgs/share/uuv_control_msgs/srv/InitCircularTrajectory_Request.msg
[1.561s] -- Up-to-date: /home/osansubuntumachine/ros2_ws/install/uuv_control_msgs/share/uuv_control_msgs/srv/InitCircularTrajectory_Response.msg
[1.561s] -- Up-to-date: /home/osansubuntumachine/ros2_ws/install/uuv_control_msgs/share/uuv_control_msgs/srv/InitHelicalTrajectory.srv
[1.562s] -- Up-to-date: /home/osansubuntumachine/ros2_ws/install/uuv_control_msgs/share/uuv_control_msgs/srv/InitHelicalTrajectory_Request.msg
[1.562s] -- Up-to-date: /home/osansubuntumachine/ros2_ws/install/uuv_control_msgs/share/uuv_control_msgs/srv/InitHelicalTrajectory_Response.msg
[1.562s] -- Up-to-date: /home/osansubuntumachine/ros2_ws/install/uuv_control_msgs/share/uuv_control_msgs/srv/InitWaypointsFromFile.srv
[1.562s] -- Up-to-date: /home/osansubuntumachine/ros2_ws/install/uuv_control_msgs/share/uuv_control_msgs/srv/InitWaypointsFromFile_Request.msg
[1.562s] -- Up-to-date: /home/osansubuntumachine/ros2_ws/install/uuv_control_msgs/share/uuv_control_msgs/srv/InitWaypointsFromFile_Response.msg
[1.562s] -- Up-to-date: /home/osansubuntumachine/ros2_ws/install/uuv_control_msgs/share/uuv_control_msgs/srv/GetWaypoints.srv
[1.596s] -- Up-to-date: /home/osansubuntumachine/ros2_ws/install/uuv_control_msgs/share/uuv_control_msgs/srv/GetWaypoints_Request.msg
[1.596s] -- Up-to-date: /home/osansubuntumachine/ros2_ws/install/uuv_control_msgs/share/uuv_control_msgs/srv/GetWaypoints_Response.msg
[1.596s] -- Up-to-date: /home/osansubuntumachine/ros2_ws/install/uuv_control_msgs/share/uuv_control_msgs/srv/GoTo.srv
[1.596s] -- Up-to-date: /home/osansubuntumachine/ros2_ws/install/uuv_control_msgs/share/uuv_control_msgs/srv/GoTo_Request.msg
[1.596s] -- Up-to-date: /home/osansubuntumachine/ros2_ws/install/uuv_control_msgs/share/uuv_control_msgs/srv/GoTo_Response.msg
[1.596s] -- Up-to-date: /home/osansubuntumachine/ros2_ws/install/uuv_control_msgs/share/uuv_control_msgs/srv/GoToIncremental.srv
[1.596s] -- Up-to-date: /home/osansubuntumachine/ros2_ws/install/uuv_control_msgs/share/uuv_control_msgs/srv/GoToIncremental_Request.msg
[1.596s] -- Up-to-date: /home/osansubuntumachine/ros2_ws/install/uuv_control_msgs/share/uuv_control_msgs/srv/GoToIncremental_Response.msg
[1.596s] -- Up-to-date: /home/osansubuntumachine/ros2_ws/install/uuv_control_msgs/share/uuv_control_msgs/srv/Hold.srv
[1.596s] -- Up-to-date: /home/osansubuntumachine/ros2_ws/install/uuv_control_msgs/share/uuv_control_msgs/srv/Hold_Request.msg
[1.597s] -- Up-to-date: /home/osansubuntumachine/ros2_ws/install/uuv_control_msgs/share/uuv_control_msgs/srv/Hold_Response.msg
[1.597s] -- Up-to-date: /home/osansubuntumachine/ros2_ws/install/uuv_control_msgs/share/uuv_control_msgs/srv/IsRunningTrajectory.srv
[1.597s] -- Up-to-date: /home/osansubuntumachine/ros2_ws/install/uuv_control_msgs/share/uuv_control_msgs/srv/IsRunningTrajectory_Request.msg
[1.597s] -- Up-to-date: /home/osansubuntumachine/ros2_ws/install/uuv_control_msgs/share/uuv_control_msgs/srv/IsRunningTrajectory_Response.msg
[1.597s] -- Up-to-date: /home/osansubuntumachine/ros2_ws/install/uuv_control_msgs/share/uuv_control_msgs/srv/InitWaypointSet.srv
[1.597s] -- Up-to-date: /home/osansubuntumachine/ros2_ws/install/uuv_control_msgs/share/uuv_control_msgs/srv/InitWaypointSet_Request.msg
[1.597s] -- Up-to-date: /home/osansubuntumachine/ros2_ws/install/uuv_control_msgs/share/uuv_control_msgs/srv/InitWaypointSet_Response.msg
[1.597s] -- Up-to-date: /home/osansubuntumachine/ros2_ws/install/uuv_control_msgs/share/uuv_control_msgs/srv/InitRectTrajectory.srv
[1.597s] -- Up-to-date: /home/osansubuntumachine/ros2_ws/install/uuv_control_msgs/share/uuv_control_msgs/srv/InitRectTrajectory_Request.msg
[1.597s] -- Up-to-date: /home/osansubuntumachine/ros2_ws/install/uuv_control_msgs/share/uuv_control_msgs/srv/InitRectTrajectory_Response.msg
[1.597s] -- Up-to-date: /home/osansubuntumachine/ros2_ws/install/uuv_control_msgs/share/uuv_control_msgs/srv/StartTrajectory.srv
[1.598s] -- Up-to-date: /home/osansubuntumachine/ros2_ws/install/uuv_control_msgs/share/uuv_control_msgs/srv/StartTrajectory_Request.msg
[1.598s] -- Up-to-date: /home/osansubuntumachine/ros2_ws/install/uuv_control_msgs/share/uuv_control_msgs/srv/StartTrajectory_Response.msg
[1.598s] -- Up-to-date: /home/osansubuntumachine/ros2_ws/install/uuv_control_msgs/share/uuv_control_msgs/srv/SwitchToAutomatic.srv
[1.598s] -- Up-to-date: /home/osansubuntumachine/ros2_ws/install/uuv_control_msgs/share/uuv_control_msgs/srv/SwitchToAutomatic_Request.msg
[1.598s] -- Up-to-date: /home/osansubuntumachine/ros2_ws/install/uuv_control_msgs/share/uuv_control_msgs/srv/SwitchToAutomatic_Response.msg
[1.606s] -- Up-to-date: /home/osansubuntumachine/ros2_ws/install/uuv_control_msgs/share/uuv_control_msgs/srv/SwitchToManual.srv
[1.606s] -- Up-to-date: /home/osansubuntumachine/ros2_ws/install/uuv_control_msgs/share/uuv_control_msgs/srv/SwitchToManual_Request.msg
[1.606s] -- Up-to-date: /home/osansubuntumachine/ros2_ws/install/uuv_control_msgs/share/uuv_control_msgs/srv/SwitchToManual_Response.msg
[1.606s] -- Up-to-date: /home/osansubuntumachine/ros2_ws/install/uuv_control_msgs/share/uuv_control_msgs/srv/SetPIDParams.srv
[1.606s] -- Up-to-date: /home/osansubuntumachine/ros2_ws/install/uuv_control_msgs/share/uuv_control_msgs/srv/SetPIDParams_Request.msg
[1.606s] -- Up-to-date: /home/osansubuntumachine/ros2_ws/install/uuv_control_msgs/share/uuv_control_msgs/srv/SetPIDParams_Response.msg
[1.606s] -- Up-to-date: /home/osansubuntumachine/ros2_ws/install/uuv_control_msgs/share/uuv_control_msgs/srv/GetPIDParams.srv
[1.606s] -- Up-to-date: /home/osansubuntumachine/ros2_ws/install/uuv_control_msgs/share/uuv_control_msgs/srv/GetPIDParams_Request.msg
[1.606s] -- Up-to-date: /home/osansubuntumachine/ros2_ws/install/uuv_control_msgs/share/uuv_control_msgs/srv/GetPIDParams_Response.msg
[1.607s] -- Up-to-date: /home/osansubuntumachine/ros2_ws/install/uuv_control_msgs/share/uuv_control_msgs/srv/SetSMControllerParams.srv
[1.607s] -- Up-to-date: /home/osansubuntumachine/ros2_ws/install/uuv_control_msgs/share/uuv_control_msgs/srv/SetSMControllerParams_Request.msg
[1.607s] -- Up-to-date: /home/osansubuntumachine/ros2_ws/install/uuv_control_msgs/share/uuv_control_msgs/srv/SetSMControllerParams_Response.msg
[1.607s] -- Up-to-date: /home/osansubuntumachine/ros2_ws/install/uuv_control_msgs/share/uuv_control_msgs/srv/GetSMControllerParams.srv
[1.607s] -- Up-to-date: /home/osansubuntumachine/ros2_ws/install/uuv_control_msgs/share/uuv_control_msgs/srv/GetSMControllerParams_Request.msg
[1.607s] -- Up-to-date: /home/osansubuntumachine/ros2_ws/install/uuv_control_msgs/share/uuv_control_msgs/srv/GetSMControllerParams_Response.msg
[1.607s] -- Up-to-date: /home/osansubuntumachine/ros2_ws/install/uuv_control_msgs/share/uuv_control_msgs/srv/SetMBSMControllerParams.srv
[1.607s] -- Up-to-date: /home/osansubuntumachine/ros2_ws/install/uuv_control_msgs/share/uuv_control_msgs/srv/SetMBSMControllerParams_Request.msg
[1.607s] -- Up-to-date: /home/osansubuntumachine/ros2_ws/install/uuv_control_msgs/share/uuv_control_msgs/srv/SetMBSMControllerParams_Response.msg
[1.607s] -- Up-to-date: /home/osansubuntumachine/ros2_ws/install/uuv_control_msgs/share/uuv_control_msgs/srv/GetMBSMControllerParams.srv
[1.607s] -- Up-to-date: /home/osansubuntumachine/ros2_ws/install/uuv_control_msgs/share/uuv_control_msgs/srv/GetMBSMControllerParams_Request.msg
[1.607s] -- Up-to-date: /home/osansubuntumachine/ros2_ws/install/uuv_control_msgs/share/uuv_control_msgs/srv/GetMBSMControllerParams_Response.msg
[1.608s] -- Up-to-date: /home/osansubuntumachine/ros2_ws/install/uuv_control_msgs/share/uuv_control_msgs/srv/ResetController.srv
[1.608s] -- Up-to-date: /home/osansubuntumachine/ros2_ws/install/uuv_control_msgs/share/uuv_control_msgs/srv/ResetController_Request.msg
[1.608s] -- Up-to-date: /home/osansubuntumachine/ros2_ws/install/uuv_control_msgs/share/uuv_control_msgs/srv/ResetController_Response.msg
[1.616s] -- Up-to-date: /home/osansubuntumachine/ros2_ws/install/uuv_control_msgs/share/ament_index/resource_index/package_run_dependencies/uuv_control_msgs
[1.616s] -- Up-to-date: /home/osansubuntumachine/ros2_ws/install/uuv_control_msgs/share/ament_index/resource_index/parent_prefix_path/uuv_control_msgs
[1.616s] -- Up-to-date: /home/osansubuntumachine/ros2_ws/install/uuv_control_msgs/share/uuv_control_msgs/environment/ament_prefix_path.sh
[1.623s] -- Up-to-date: /home/osansubuntumachine/ros2_ws/install/uuv_control_msgs/share/uuv_control_msgs/environment/ament_prefix_path.dsv
[1.624s] -- Up-to-date: /home/osansubuntumachine/ros2_ws/install/uuv_control_msgs/share/uuv_control_msgs/environment/path.sh
[1.624s] -- Up-to-date: /home/osansubuntumachine/ros2_ws/install/uuv_control_msgs/share/uuv_control_msgs/environment/path.dsv
[1.624s] -- Up-to-date: /home/osansubuntumachine/ros2_ws/install/uuv_control_msgs/share/uuv_control_msgs/local_setup.bash
[1.624s] -- Up-to-date: /home/osansubuntumachine/ros2_ws/install/uuv_control_msgs/share/uuv_control_msgs/local_setup.sh
[1.624s] -- Up-to-date: /home/osansubuntumachine/ros2_ws/install/uuv_control_msgs/share/uuv_control_msgs/local_setup.zsh
[1.624s] -- Up-to-date: /home/osansubuntumachine/ros2_ws/install/uuv_control_msgs/share/uuv_control_msgs/local_setup.dsv
[1.624s] -- Installing: /home/osansubuntumachine/ros2_ws/install/uuv_control_msgs/share/uuv_control_msgs/package.dsv
[1.624s] -- Up-to-date: /home/osansubuntumachine/ros2_ws/install/uuv_control_msgs/share/ament_index/resource_index/packages/uuv_control_msgs
[1.624s] -- Up-to-date: /home/osansubuntumachine/ros2_ws/install/uuv_control_msgs/share/uuv_control_msgs/cmake/uuv_control_msgs__rosidl_generator_cExport.cmake
[1.624s] -- Up-to-date: /home/osansubuntumachine/ros2_ws/install/uuv_control_msgs/share/uuv_control_msgs/cmake/uuv_control_msgs__rosidl_generator_cExport-noconfig.cmake
[1.625s] -- Up-to-date: /home/osansubuntumachine/ros2_ws/install/uuv_control_msgs/share/uuv_control_msgs/cmake/uuv_control_msgs__rosidl_typesupport_introspection_cExport.cmake
[1.625s] -- Up-to-date: /home/osansubuntumachine/ros2_ws/install/uuv_control_msgs/share/uuv_control_msgs/cmake/uuv_control_msgs__rosidl_typesupport_introspection_cExport-noconfig.cmake
[1.625s] -- Up-to-date: /home/osansubuntumachine/ros2_ws/install/uuv_control_msgs/share/uuv_control_msgs/cmake/uuv_control_msgs__rosidl_typesupport_cExport.cmake
[1.625s] -- Up-to-date: /home/osansubuntumachine/ros2_ws/install/uuv_control_msgs/share/uuv_control_msgs/cmake/uuv_control_msgs__rosidl_typesupport_cExport-noconfig.cmake
[1.625s] -- Up-to-date: /home/osansubuntumachine/ros2_ws/install/uuv_control_msgs/share/uuv_control_msgs/cmake/uuv_control_msgs__rosidl_generator_cppExport.cmake
[1.625s] -- Up-to-date: /home/osansubuntumachine/ros2_ws/install/uuv_control_msgs/share/uuv_control_msgs/cmake/uuv_control_msgs__rosidl_typesupport_introspection_cppExport.cmake
[1.625s] -- Up-to-date: /home/osansubuntumachine/ros2_ws/install/uuv_control_msgs/share/uuv_control_msgs/cmake/uuv_control_msgs__rosidl_typesupport_introspection_cppExport-noconfig.cmake
[1.625s] -- Up-to-date: /home/osansubuntumachine/ros2_ws/install/uuv_control_msgs/share/uuv_control_msgs/cmake/uuv_control_msgs__rosidl_typesupport_cppExport.cmake
[1.625s] -- Up-to-date: /home/osansubuntumachine/ros2_ws/install/uuv_control_msgs/share/uuv_control_msgs/cmake/uuv_control_msgs__rosidl_typesupport_cppExport-noconfig.cmake
[1.625s] -- Up-to-date: /home/osansubuntumachine/ros2_ws/install/uuv_control_msgs/share/uuv_control_msgs/cmake/rosidl_cmake-extras.cmake
[1.625s] -- Up-to-date: /home/osansubuntumachine/ros2_ws/install/uuv_control_msgs/share/uuv_control_msgs/cmake/ament_cmake_export_dependencies-extras.cmake
[1.625s] -- Up-to-date: /home/osansubuntumachine/ros2_ws/install/uuv_control_msgs/share/uuv_control_msgs/cmake/ament_cmake_export_libraries-extras.cmake
[1.625s] -- Up-to-date: /home/osansubuntumachine/ros2_ws/install/uuv_control_msgs/share/uuv_control_msgs/cmake/ament_cmake_export_targets-extras.cmake
[1.626s] -- Up-to-date: /home/osansubuntumachine/ros2_ws/install/uuv_control_msgs/share/uuv_control_msgs/cmake/ament_cmake_export_include_directories-extras.cmake
[1.626s] -- Up-to-date: /home/osansubuntumachine/ros2_ws/install/uuv_control_msgs/share/uuv_control_msgs/cmake/rosidl_cmake_export_typesupport_libraries-extras.cmake
[1.626s] -- Up-to-date: /home/osansubuntumachine/ros2_ws/install/uuv_control_msgs/share/uuv_control_msgs/cmake/rosidl_cmake_export_typesupport_targets-extras.cmake
[1.626s] -- Up-to-date: /home/osansubuntumachine/ros2_ws/install/uuv_control_msgs/share/uuv_control_msgs/cmake/uuv_control_msgsConfig.cmake
[1.626s] -- Up-to-date: /home/osansubuntumachine/ros2_ws/install/uuv_control_msgs/share/uuv_control_msgs/cmake/uuv_control_msgsConfig-version.cmake
[1.626s] -- Up-to-date: /home/osansubuntumachine/ros2_ws/install/uuv_control_msgs/share/uuv_control_msgs/package.xml
[1.626s] Invoked command in '/home/osansubuntumachine/ros2_ws/build/uuv_control_msgs' returned '0': CMAKE_PREFIX_PATH=${CMAKE_PREFIX_PATH}:/home/osansubuntumachine/ros2_ws/install/rexrov_autonomy:/opt/ros/foxy /usr/bin/cmake --install /home/osansubuntumachine/ros2_ws/build/uuv_control_msgs
