[0.113s] Invoking command in '/home/osansubuntumachine/ros2_ws/build/uuv_thruster_manager': AMENT_PREFIX_PATH=/home/osansubuntumachine/ros2_ws/install/uuv_assistants:/home/osansubuntumachine/ros2_ws/install/uuv_gazebo_ros_plugins_msgs:/home/osansubuntumachine/ros2_ws/install/plankton_utils:${AMENT_PREFIX_PATH} CMAKE_PREFIX_PATH=/home/osansubuntumachine/ros2_ws/install/uuv_assistants:/home/osansubuntumachine/ros2_ws/install/uuv_gazebo_ros_plugins_msgs:/home/osansubuntumachine/ros2_ws/install/plankton_utils:/opt/ros/foxy LD_LIBRARY_PATH=/home/osansubuntumachine/ros2_ws/install/uuv_gazebo_ros_plugins_msgs/lib:${LD_LIBRARY_PATH} PYTHONPATH=/home/osansubuntumachine/ros2_ws/install/uuv_assistants/lib/python3.8/site-packages:/home/osansubuntumachine/ros2_ws/install/uuv_gazebo_ros_plugins_msgs/lib/python3.8/site-packages:/home/osansubuntumachine/ros2_ws/install/plankton_utils/lib/python3.8/site-packages:${PYTHONPATH} /usr/bin/cmake --build /home/osansubuntumachine/ros2_ws/build/uuv_thruster_manager -- -j4 -l4
[0.212s] [  1%] Built target uuv_thruster_manager__cpp
[0.215s] [ 12%] Built target uuv_thruster_manager__rosidl_generator_c
[0.277s] [ 23%] Built target uuv_thruster_manager__rosidl_typesupport_introspection_c
[0.310s] [ 34%] Built target uuv_thruster_manager__rosidl_typesupport_fastrtps_cpp
[0.328s] [ 45%] Built target uuv_thruster_manager__rosidl_typesupport_cpp
[0.340s] [ 56%] Built target uuv_thruster_manager__rosidl_typesupport_c
[0.379s] [ 67%] Built target uuv_thruster_manager__rosidl_typesupport_introspection_cpp
[0.388s] [ 78%] Built target uuv_thruster_manager__rosidl_typesupport_fastrtps_c
[0.445s] [ 78%] Built target uuv_thruster_manager
[0.529s] [ 80%] Built target uuv_thruster_manager__py
[0.627s] [ 89%] Built target uuv_thruster_manager__python
[0.685s] [ 92%] Built target uuv_thruster_manager__rosidl_typesupport_introspection_c__pyext
[0.687s] [ 96%] Built target uuv_thruster_manager__rosidl_typesupport_fastrtps_c__pyext
[0.700s] [100%] Built target uuv_thruster_manager__rosidl_typesupport_c__pyext
[0.771s] Invoked command in '/home/osansubuntumachine/ros2_ws/build/uuv_thruster_manager' returned '0': AMENT_PREFIX_PATH=/home/osansubuntumachine/ros2_ws/install/uuv_assistants:/home/osansubuntumachine/ros2_ws/install/uuv_gazebo_ros_plugins_msgs:/home/osansubuntumachine/ros2_ws/install/plankton_utils:${AMENT_PREFIX_PATH} CMAKE_PREFIX_PATH=/home/osansubuntumachine/ros2_ws/install/uuv_assistants:/home/osansubuntumachine/ros2_ws/install/uuv_gazebo_ros_plugins_msgs:/home/osansubuntumachine/ros2_ws/install/plankton_utils:/opt/ros/foxy LD_LIBRARY_PATH=/home/osansubuntumachine/ros2_ws/install/uuv_gazebo_ros_plugins_msgs/lib:${LD_LIBRARY_PATH} PYTHONPATH=/home/osansubuntumachine/ros2_ws/install/uuv_assistants/lib/python3.8/site-packages:/home/osansubuntumachine/ros2_ws/install/uuv_gazebo_ros_plugins_msgs/lib/python3.8/site-packages:/home/osansubuntumachine/ros2_ws/install/plankton_utils/lib/python3.8/site-packages:${PYTHONPATH} /usr/bin/cmake --build /home/osansubuntumachine/ros2_ws/build/uuv_thruster_manager -- -j4 -l4
[0.790s] Invoking command in '/home/osansubuntumachine/ros2_ws/build/uuv_thruster_manager': AMENT_PREFIX_PATH=/home/osansubuntumachine/ros2_ws/install/uuv_assistants:/home/osansubuntumachine/ros2_ws/install/uuv_gazebo_ros_plugins_msgs:/home/osansubuntumachine/ros2_ws/install/plankton_utils:${AMENT_PREFIX_PATH} CMAKE_PREFIX_PATH=/home/osansubuntumachine/ros2_ws/install/uuv_assistants:/home/osansubuntumachine/ros2_ws/install/uuv_gazebo_ros_plugins_msgs:/home/osansubuntumachine/ros2_ws/install/plankton_utils:/opt/ros/foxy LD_LIBRARY_PATH=/home/osansubuntumachine/ros2_ws/install/uuv_gazebo_ros_plugins_msgs/lib:${LD_LIBRARY_PATH} PYTHONPATH=/home/osansubuntumachine/ros2_ws/install/uuv_assistants/lib/python3.8/site-packages:/home/osansubuntumachine/ros2_ws/install/uuv_gazebo_ros_plugins_msgs/lib/python3.8/site-packages:/home/osansubuntumachine/ros2_ws/install/plankton_utils/lib/python3.8/site-packages:${PYTHONPATH} /usr/bin/cmake --install /home/osansubuntumachine/ros2_ws/build/uuv_thruster_manager
[0.850s] -- Install configuration: ""
[0.850s] -- Up-to-date: /home/osansubuntumachine/ros2_ws/install/uuv_thruster_manager/share/ament_index/resource_index/rosidl_interfaces/uuv_thruster_manager
[0.850s] -- Up-to-date: /home/osansubuntumachine/ros2_ws/install/uuv_thruster_manager/include/uuv_thruster_manager
[0.850s] -- Up-to-date: /home/osansubuntumachine/ros2_ws/install/uuv_thruster_manager/include/uuv_thruster_manager/msg
[0.850s] -- Up-to-date: /home/osansubuntumachine/ros2_ws/install/uuv_thruster_manager/include/uuv_thruster_manager/msg/rosidl_generator_c__visibility_control.h
[0.851s] -- Up-to-date: /home/osansubuntumachine/ros2_ws/install/uuv_thruster_manager/include/uuv_thruster_manager/srv
[0.851s] -- Up-to-date: /home/osansubuntumachine/ros2_ws/install/uuv_thruster_manager/include/uuv_thruster_manager/srv/set_thruster_manager_config.h
[0.851s] -- Up-to-date: /home/osansubuntumachine/ros2_ws/install/uuv_thruster_manager/include/uuv_thruster_manager/srv/thruster_manager_info.h
[0.851s] -- Up-to-date: /home/osansubuntumachine/ros2_ws/install/uuv_thruster_manager/include/uuv_thruster_manager/srv/get_thruster_curve.h
[0.851s] -- Up-to-date: /home/osansubuntumachine/ros2_ws/install/uuv_thruster_manager/include/uuv_thruster_manager/srv/get_thruster_manager_config.h
[0.851s] -- Up-to-date: /home/osansubuntumachine/ros2_ws/install/uuv_thruster_manager/include/uuv_thruster_manager/srv/detail
[0.851s] -- Up-to-date: /home/osansubuntumachine/ros2_ws/install/uuv_thruster_manager/include/uuv_thruster_manager/srv/detail/set_thruster_manager_config__type_support.h
[0.851s] -- Up-to-date: /home/osansubuntumachine/ros2_ws/install/uuv_thruster_manager/include/uuv_thruster_manager/srv/detail/set_thruster_manager_config__struct.h
[0.851s] -- Up-to-date: /home/osansubuntumachine/ros2_ws/install/uuv_thruster_manager/include/uuv_thruster_manager/srv/detail/get_thruster_manager_config__functions.c
[0.851s] -- Up-to-date: /home/osansubuntumachine/ros2_ws/install/uuv_thruster_manager/include/uuv_thruster_manager/srv/detail/get_thruster_curve__struct.h
[0.851s] -- Up-to-date: /home/osansubuntumachine/ros2_ws/install/uuv_thruster_manager/include/uuv_thruster_manager/srv/detail/get_thruster_manager_config__type_support.h
[0.852s] -- Up-to-date: /home/osansubuntumachine/ros2_ws/install/uuv_thruster_manager/include/uuv_thruster_manager/srv/detail/set_thruster_manager_config__functions.c
[0.852s] -- Up-to-date: /home/osansubuntumachine/ros2_ws/install/uuv_thruster_manager/include/uuv_thruster_manager/srv/detail/get_thruster_curve__functions.h
[0.852s] -- Up-to-date: /home/osansubuntumachine/ros2_ws/install/uuv_thruster_manager/include/uuv_thruster_manager/srv/detail/get_thruster_curve__type_support.h
[0.852s] -- Up-to-date: /home/osansubuntumachine/ros2_ws/install/uuv_thruster_manager/include/uuv_thruster_manager/srv/detail/get_thruster_manager_config__struct.h
[0.852s] -- Up-to-date: /home/osansubuntumachine/ros2_ws/install/uuv_thruster_manager/include/uuv_thruster_manager/srv/detail/thruster_manager_info__functions.c
[0.853s] -- Up-to-date: /home/osansubuntumachine/ros2_ws/install/uuv_thruster_manager/include/uuv_thruster_manager/srv/detail/thruster_manager_info__functions.h
[0.853s] -- Up-to-date: /home/osansubuntumachine/ros2_ws/install/uuv_thruster_manager/include/uuv_thruster_manager/srv/detail/thruster_manager_info__type_support.h
[0.853s] -- Up-to-date: /home/osansubuntumachine/ros2_ws/install/uuv_thruster_manager/include/uuv_thruster_manager/srv/detail/get_thruster_curve__functions.c
[0.854s] -- Up-to-date: /home/osansubuntumachine/ros2_ws/install/uuv_thruster_manager/include/uuv_thruster_manager/srv/detail/get_thruster_manager_config__functions.h
[0.854s] -- Up-to-date: /home/osansubuntumachine/ros2_ws/install/uuv_thruster_manager/include/uuv_thruster_manager/srv/detail/thruster_manager_info__struct.h
[0.854s] -- Up-to-date: /home/osansubuntumachine/ros2_ws/install/uuv_thruster_manager/include/uuv_thruster_manager/srv/detail/set_thruster_manager_config__functions.h
[0.854s] -- Up-to-date: /home/osansubuntumachine/ros2_ws/install/uuv_thruster_manager/share/uuv_thruster_manager/environment/library_path.sh
[0.855s] -- Up-to-date: /home/osansubuntumachine/ros2_ws/install/uuv_thruster_manager/share/uuv_thruster_manager/environment/library_path.dsv
[0.855s] -- Up-to-date: /home/osansubuntumachine/ros2_ws/install/uuv_thruster_manager/lib/libuuv_thruster_manager__rosidl_generator_c.so
[0.855s] -- Up-to-date: /home/osansubuntumachine/ros2_ws/install/uuv_thruster_manager/include/uuv_thruster_manager
[0.855s] -- Up-to-date: /home/osansubuntumachine/ros2_ws/install/uuv_thruster_manager/include/uuv_thruster_manager/msg
[0.855s] -- Up-to-date: /home/osansubuntumachine/ros2_ws/install/uuv_thruster_manager/include/uuv_thruster_manager/msg/rosidl_typesupport_fastrtps_c__visibility_control.h
[0.855s] -- Up-to-date: /home/osansubuntumachine/ros2_ws/install/uuv_thruster_manager/include/uuv_thruster_manager/srv
[0.855s] -- Up-to-date: /home/osansubuntumachine/ros2_ws/install/uuv_thruster_manager/include/uuv_thruster_manager/srv/detail
[0.855s] -- Up-to-date: /home/osansubuntumachine/ros2_ws/install/uuv_thruster_manager/include/uuv_thruster_manager/srv/detail/set_thruster_manager_config__rosidl_typesupport_fastrtps_c.h
[0.855s] -- Up-to-date: /home/osansubuntumachine/ros2_ws/install/uuv_thruster_manager/include/uuv_thruster_manager/srv/detail/thruster_manager_info__rosidl_typesupport_fastrtps_c.h
[0.855s] -- Up-to-date: /home/osansubuntumachine/ros2_ws/install/uuv_thruster_manager/include/uuv_thruster_manager/srv/detail/get_thruster_curve__rosidl_typesupport_fastrtps_c.h
[0.855s] -- Up-to-date: /home/osansubuntumachine/ros2_ws/install/uuv_thruster_manager/include/uuv_thruster_manager/srv/detail/get_thruster_manager_config__rosidl_typesupport_fastrtps_c.h
[0.855s] -- Up-to-date: /home/osansubuntumachine/ros2_ws/install/uuv_thruster_manager/lib/libuuv_thruster_manager__rosidl_typesupport_fastrtps_c.so
[0.855s] -- Up-to-date: /home/osansubuntumachine/ros2_ws/install/uuv_thruster_manager/include/uuv_thruster_manager
[0.856s] -- Up-to-date: /home/osansubuntumachine/ros2_ws/install/uuv_thruster_manager/include/uuv_thruster_manager/msg
[0.856s] -- Up-to-date: /home/osansubuntumachine/ros2_ws/install/uuv_thruster_manager/include/uuv_thruster_manager/msg/rosidl_typesupport_fastrtps_cpp__visibility_control.h
[0.856s] -- Up-to-date: /home/osansubuntumachine/ros2_ws/install/uuv_thruster_manager/include/uuv_thruster_manager/srv
[0.856s] -- Up-to-date: /home/osansubuntumachine/ros2_ws/install/uuv_thruster_manager/include/uuv_thruster_manager/srv/detail
[0.856s] -- Up-to-date: /home/osansubuntumachine/ros2_ws/install/uuv_thruster_manager/include/uuv_thruster_manager/srv/detail/get_thruster_curve__rosidl_typesupport_fastrtps_cpp.hpp
[0.856s] -- Up-to-date: /home/osansubuntumachine/ros2_ws/install/uuv_thruster_manager/include/uuv_thruster_manager/srv/detail/thruster_manager_info__rosidl_typesupport_fastrtps_cpp.hpp
[0.856s] -- Up-to-date: /home/osansubuntumachine/ros2_ws/install/uuv_thruster_manager/include/uuv_thruster_manager/srv/detail/set_thruster_manager_config__rosidl_typesupport_fastrtps_cpp.hpp
[0.856s] -- Up-to-date: /home/osansubuntumachine/ros2_ws/install/uuv_thruster_manager/include/uuv_thruster_manager/srv/detail/dds_fastrtps
[0.856s] -- Up-to-date: /home/osansubuntumachine/ros2_ws/install/uuv_thruster_manager/include/uuv_thruster_manager/srv/detail/get_thruster_manager_config__rosidl_typesupport_fastrtps_cpp.hpp
[0.856s] -- Up-to-date: /home/osansubuntumachine/ros2_ws/install/uuv_thruster_manager/lib/libuuv_thruster_manager__rosidl_typesupport_fastrtps_cpp.so
[0.856s] -- Up-to-date: /home/osansubuntumachine/ros2_ws/install/uuv_thruster_manager/include/uuv_thruster_manager
[0.856s] -- Up-to-date: /home/osansubuntumachine/ros2_ws/install/uuv_thruster_manager/include/uuv_thruster_manager/msg
[0.856s] -- Up-to-date: /home/osansubuntumachine/ros2_ws/install/uuv_thruster_manager/include/uuv_thruster_manager/msg/rosidl_typesupport_introspection_c__visibility_control.h
[0.856s] -- Up-to-date: /home/osansubuntumachine/ros2_ws/install/uuv_thruster_manager/include/uuv_thruster_manager/srv
[0.856s] -- Up-to-date: /home/osansubuntumachine/ros2_ws/install/uuv_thruster_manager/include/uuv_thruster_manager/srv/detail
[0.856s] -- Up-to-date: /home/osansubuntumachine/ros2_ws/install/uuv_thruster_manager/include/uuv_thruster_manager/srv/detail/thruster_manager_info__rosidl_typesupport_introspection_c.h
[0.857s] -- Up-to-date: /home/osansubuntumachine/ros2_ws/install/uuv_thruster_manager/include/uuv_thruster_manager/srv/detail/thruster_manager_info__type_support.c
[0.857s] -- Up-to-date: /home/osansubuntumachine/ros2_ws/install/uuv_thruster_manager/include/uuv_thruster_manager/srv/detail/get_thruster_manager_config__type_support.c
[0.857s] -- Up-to-date: /home/osansubuntumachine/ros2_ws/install/uuv_thruster_manager/include/uuv_thruster_manager/srv/detail/get_thruster_curve__type_support.c
[0.857s] -- Up-to-date: /home/osansubuntumachine/ros2_ws/install/uuv_thruster_manager/include/uuv_thruster_manager/srv/detail/set_thruster_manager_config__rosidl_typesupport_introspection_c.h
[0.857s] -- Up-to-date: /home/osansubuntumachine/ros2_ws/install/uuv_thruster_manager/include/uuv_thruster_manager/srv/detail/get_thruster_curve__rosidl_typesupport_introspection_c.h
[0.857s] -- Up-to-date: /home/osansubuntumachine/ros2_ws/install/uuv_thruster_manager/include/uuv_thruster_manager/srv/detail/get_thruster_manager_config__rosidl_typesupport_introspection_c.h
[0.857s] -- Up-to-date: /home/osansubuntumachine/ros2_ws/install/uuv_thruster_manager/include/uuv_thruster_manager/srv/detail/set_thruster_manager_config__type_support.c
[0.857s] -- Up-to-date: /home/osansubuntumachine/ros2_ws/install/uuv_thruster_manager/lib/libuuv_thruster_manager__rosidl_typesupport_introspection_c.so
[0.857s] -- Up-to-date: /home/osansubuntumachine/ros2_ws/install/uuv_thruster_manager/lib/libuuv_thruster_manager__rosidl_typesupport_c.so
[0.857s] -- Up-to-date: /home/osansubuntumachine/ros2_ws/install/uuv_thruster_manager/include/uuv_thruster_manager
[0.858s] -- Up-to-date: /home/osansubuntumachine/ros2_ws/install/uuv_thruster_manager/include/uuv_thruster_manager/msg
[0.858s] -- Up-to-date: /home/osansubuntumachine/ros2_ws/install/uuv_thruster_manager/include/uuv_thruster_manager/msg/rosidl_generator_cpp__visibility_control.hpp
[0.858s] -- Up-to-date: /home/osansubuntumachine/ros2_ws/install/uuv_thruster_manager/include/uuv_thruster_manager/srv
[0.858s] -- Up-to-date: /home/osansubuntumachine/ros2_ws/install/uuv_thruster_manager/include/uuv_thruster_manager/srv/thruster_manager_info.hpp
[0.858s] -- Up-to-date: /home/osansubuntumachine/ros2_ws/install/uuv_thruster_manager/include/uuv_thruster_manager/srv/set_thruster_manager_config.hpp
[0.858s] -- Up-to-date: /home/osansubuntumachine/ros2_ws/install/uuv_thruster_manager/include/uuv_thruster_manager/srv/get_thruster_curve.hpp
[0.858s] -- Up-to-date: /home/osansubuntumachine/ros2_ws/install/uuv_thruster_manager/include/uuv_thruster_manager/srv/get_thruster_manager_config.hpp
[0.858s] -- Up-to-date: /home/osansubuntumachine/ros2_ws/install/uuv_thruster_manager/include/uuv_thruster_manager/srv/detail
[0.858s] -- Up-to-date: /home/osansubuntumachine/ros2_ws/install/uuv_thruster_manager/include/uuv_thruster_manager/srv/detail/thruster_manager_info__traits.hpp
[0.858s] -- Up-to-date: /home/osansubuntumachine/ros2_ws/install/uuv_thruster_manager/include/uuv_thruster_manager/srv/detail/set_thruster_manager_config__struct.hpp
[0.859s] -- Up-to-date: /home/osansubuntumachine/ros2_ws/install/uuv_thruster_manager/include/uuv_thruster_manager/srv/detail/get_thruster_manager_config__struct.hpp
[0.859s] -- Up-to-date: /home/osansubuntumachine/ros2_ws/install/uuv_thruster_manager/include/uuv_thruster_manager/srv/detail/get_thruster_curve__type_support.hpp
[0.859s] -- Up-to-date: /home/osansubuntumachine/ros2_ws/install/uuv_thruster_manager/include/uuv_thruster_manager/srv/detail/get_thruster_manager_config__type_support.hpp
[0.859s] -- Up-to-date: /home/osansubuntumachine/ros2_ws/install/uuv_thruster_manager/include/uuv_thruster_manager/srv/detail/thruster_manager_info__type_support.hpp
[0.860s] -- Up-to-date: /home/osansubuntumachine/ros2_ws/install/uuv_thruster_manager/include/uuv_thruster_manager/srv/detail/set_thruster_manager_config__builder.hpp
[0.861s] -- Up-to-date: /home/osansubuntumachine/ros2_ws/install/uuv_thruster_manager/include/uuv_thruster_manager/srv/detail/get_thruster_manager_config__builder.hpp
[0.861s] -- Up-to-date: /home/osansubuntumachine/ros2_ws/install/uuv_thruster_manager/include/uuv_thruster_manager/srv/detail/set_thruster_manager_config__type_support.hpp
[0.861s] -- Up-to-date: /home/osansubuntumachine/ros2_ws/install/uuv_thruster_manager/include/uuv_thruster_manager/srv/detail/get_thruster_manager_config__traits.hpp
[0.861s] -- Up-to-date: /home/osansubuntumachine/ros2_ws/install/uuv_thruster_manager/include/uuv_thruster_manager/srv/detail/get_thruster_curve__struct.hpp
[0.861s] -- Up-to-date: /home/osansubuntumachine/ros2_ws/install/uuv_thruster_manager/include/uuv_thruster_manager/srv/detail/thruster_manager_info__struct.hpp
[0.861s] -- Up-to-date: /home/osansubuntumachine/ros2_ws/install/uuv_thruster_manager/include/uuv_thruster_manager/srv/detail/get_thruster_curve__builder.hpp
[0.861s] -- Up-to-date: /home/osansubuntumachine/ros2_ws/install/uuv_thruster_manager/include/uuv_thruster_manager/srv/detail/get_thruster_curve__traits.hpp
[0.861s] -- Up-to-date: /home/osansubuntumachine/ros2_ws/install/uuv_thruster_manager/include/uuv_thruster_manager/srv/detail/thruster_manager_info__builder.hpp
[0.861s] -- Up-to-date: /home/osansubuntumachine/ros2_ws/install/uuv_thruster_manager/include/uuv_thruster_manager/srv/detail/set_thruster_manager_config__traits.hpp
[0.861s] -- Up-to-date: /home/osansubuntumachine/ros2_ws/install/uuv_thruster_manager/include/uuv_thruster_manager
[0.861s] -- Up-to-date: /home/osansubuntumachine/ros2_ws/install/uuv_thruster_manager/include/uuv_thruster_manager/srv
[0.861s] -- Up-to-date: /home/osansubuntumachine/ros2_ws/install/uuv_thruster_manager/include/uuv_thruster_manager/srv/detail
[0.861s] -- Up-to-date: /home/osansubuntumachine/ros2_ws/install/uuv_thruster_manager/include/uuv_thruster_manager/srv/detail/set_thruster_manager_config__type_support.cpp
[0.862s] -- Up-to-date: /home/osansubuntumachine/ros2_ws/install/uuv_thruster_manager/include/uuv_thruster_manager/srv/detail/set_thruster_manager_config__rosidl_typesupport_introspection_cpp.hpp
[0.862s] -- Up-to-date: /home/osansubuntumachine/ros2_ws/install/uuv_thruster_manager/include/uuv_thruster_manager/srv/detail/get_thruster_curve__type_support.cpp
[0.862s] -- Up-to-date: /home/osansubuntumachine/ros2_ws/install/uuv_thruster_manager/include/uuv_thruster_manager/srv/detail/thruster_manager_info__rosidl_typesupport_introspection_cpp.hpp
[0.862s] -- Up-to-date: /home/osansubuntumachine/ros2_ws/install/uuv_thruster_manager/include/uuv_thruster_manager/srv/detail/get_thruster_manager_config__type_support.cpp
[0.862s] -- Up-to-date: /home/osansubuntumachine/ros2_ws/install/uuv_thruster_manager/include/uuv_thruster_manager/srv/detail/get_thruster_manager_config__rosidl_typesupport_introspection_cpp.hpp
[0.862s] -- Up-to-date: /home/osansubuntumachine/ros2_ws/install/uuv_thruster_manager/include/uuv_thruster_manager/srv/detail/thruster_manager_info__type_support.cpp
[0.862s] -- Up-to-date: /home/osansubuntumachine/ros2_ws/install/uuv_thruster_manager/include/uuv_thruster_manager/srv/detail/get_thruster_curve__rosidl_typesupport_introspection_cpp.hpp
[0.862s] -- Up-to-date: /home/osansubuntumachine/ros2_ws/install/uuv_thruster_manager/lib/libuuv_thruster_manager__rosidl_typesupport_introspection_cpp.so
[0.862s] -- Up-to-date: /home/osansubuntumachine/ros2_ws/install/uuv_thruster_manager/lib/libuuv_thruster_manager__rosidl_typesupport_cpp.so
[0.862s] -- Up-to-date: /home/osansubuntumachine/ros2_ws/install/uuv_thruster_manager/share/uuv_thruster_manager/environment/pythonpath.sh
[0.862s] -- Up-to-date: /home/osansubuntumachine/ros2_ws/install/uuv_thruster_manager/share/uuv_thruster_manager/environment/pythonpath.dsv
[0.862s] -- Up-to-date: /home/osansubuntumachine/ros2_ws/install/uuv_thruster_manager/lib/python3.8/site-packages/uuv_thruster_manager/__init__.py
[0.905s] -- Up-to-date: /home/osansubuntumachine/ros2_ws/install/uuv_thruster_manager/lib/python3.8/site-packages/uuv_thruster_manager/srv
[0.905s] -- Up-to-date: /home/osansubuntumachine/ros2_ws/install/uuv_thruster_manager/lib/python3.8/site-packages/uuv_thruster_manager/srv/_get_thruster_manager_config.py
[0.906s] -- Up-to-date: /home/osansubuntumachine/ros2_ws/install/uuv_thruster_manager/lib/python3.8/site-packages/uuv_thruster_manager/srv/_thruster_manager_info.py
[0.906s] -- Up-to-date: /home/osansubuntumachine/ros2_ws/install/uuv_thruster_manager/lib/python3.8/site-packages/uuv_thruster_manager/srv/__init__.py
[0.906s] -- Up-to-date: /home/osansubuntumachine/ros2_ws/install/uuv_thruster_manager/lib/python3.8/site-packages/uuv_thruster_manager/srv/_get_thruster_curve.py
[0.906s] -- Up-to-date: /home/osansubuntumachine/ros2_ws/install/uuv_thruster_manager/lib/python3.8/site-packages/uuv_thruster_manager/srv/_get_thruster_manager_config_s.c
[0.906s] -- Up-to-date: /home/osansubuntumachine/ros2_ws/install/uuv_thruster_manager/lib/python3.8/site-packages/uuv_thruster_manager/srv/_thruster_manager_info_s.c
[0.906s] -- Up-to-date: /home/osansubuntumachine/ros2_ws/install/uuv_thruster_manager/lib/python3.8/site-packages/uuv_thruster_manager/srv/_set_thruster_manager_config.py
[0.906s] -- Up-to-date: /home/osansubuntumachine/ros2_ws/install/uuv_thruster_manager/lib/python3.8/site-packages/uuv_thruster_manager/srv/_set_thruster_manager_config_s.c
[0.906s] -- Up-to-date: /home/osansubuntumachine/ros2_ws/install/uuv_thruster_manager/lib/python3.8/site-packages/uuv_thruster_manager/srv/_get_thruster_curve_s.c
[0.906s] -- Up-to-date: /home/osansubuntumachine/ros2_ws/install/uuv_thruster_manager/lib/python3.8/site-packages/uuv_thruster_manager/uuv_thruster_manager_s__rosidl_typesupport_fastrtps_c.cpython-38-x86_64-linux-gnu.so
[0.907s] -- Up-to-date: /home/osansubuntumachine/ros2_ws/install/uuv_thruster_manager/lib/python3.8/site-packages/uuv_thruster_manager/uuv_thruster_manager_s__rosidl_typesupport_introspection_c.cpython-38-x86_64-linux-gnu.so
[0.907s] -- Up-to-date: /home/osansubuntumachine/ros2_ws/install/uuv_thruster_manager/lib/python3.8/site-packages/uuv_thruster_manager/uuv_thruster_manager_s__rosidl_typesupport_c.cpython-38-x86_64-linux-gnu.so
[0.907s] -- Up-to-date: /home/osansubuntumachine/ros2_ws/install/uuv_thruster_manager/lib/libuuv_thruster_manager__python.so
[0.907s] -- Up-to-date: /home/osansubuntumachine/ros2_ws/install/uuv_thruster_manager/share/uuv_thruster_manager/srv/GetThrusterCurve.idl
[0.907s] -- Up-to-date: /home/osansubuntumachine/ros2_ws/install/uuv_thruster_manager/share/uuv_thruster_manager/srv/ThrusterManagerInfo.idl
[0.907s] -- Up-to-date: /home/osansubuntumachine/ros2_ws/install/uuv_thruster_manager/share/uuv_thruster_manager/srv/SetThrusterManagerConfig.idl
[0.907s] -- Up-to-date: /home/osansubuntumachine/ros2_ws/install/uuv_thruster_manager/share/uuv_thruster_manager/srv/GetThrusterManagerConfig.idl
[0.908s] -- Up-to-date: /home/osansubuntumachine/ros2_ws/install/uuv_thruster_manager/share/uuv_thruster_manager/srv/GetThrusterCurve.srv
[0.910s] -- Up-to-date: /home/osansubuntumachine/ros2_ws/install/uuv_thruster_manager/share/uuv_thruster_manager/srv/GetThrusterCurve_Request.msg
[0.910s] -- Up-to-date: /home/osansubuntumachine/ros2_ws/install/uuv_thruster_manager/share/uuv_thruster_manager/srv/GetThrusterCurve_Response.msg
[0.910s] -- Up-to-date: /home/osansubuntumachine/ros2_ws/install/uuv_thruster_manager/share/uuv_thruster_manager/srv/ThrusterManagerInfo.srv
[0.911s] -- Up-to-date: /home/osansubuntumachine/ros2_ws/install/uuv_thruster_manager/share/uuv_thruster_manager/srv/ThrusterManagerInfo_Request.msg
[0.911s] -- Up-to-date: /home/osansubuntumachine/ros2_ws/install/uuv_thruster_manager/share/uuv_thruster_manager/srv/ThrusterManagerInfo_Response.msg
[0.911s] -- Up-to-date: /home/osansubuntumachine/ros2_ws/install/uuv_thruster_manager/share/uuv_thruster_manager/srv/SetThrusterManagerConfig.srv
[0.911s] -- Up-to-date: /home/osansubuntumachine/ros2_ws/install/uuv_thruster_manager/share/uuv_thruster_manager/srv/SetThrusterManagerConfig_Request.msg
[0.911s] -- Up-to-date: /home/osansubuntumachine/ros2_ws/install/uuv_thruster_manager/share/uuv_thruster_manager/srv/SetThrusterManagerConfig_Response.msg
[0.911s] -- Up-to-date: /home/osansubuntumachine/ros2_ws/install/uuv_thruster_manager/share/uuv_thruster_manager/srv/GetThrusterManagerConfig.srv
[0.911s] -- Up-to-date: /home/osansubuntumachine/ros2_ws/install/uuv_thruster_manager/share/uuv_thruster_manager/srv/GetThrusterManagerConfig_Request.msg
[0.911s] -- Up-to-date: /home/osansubuntumachine/ros2_ws/install/uuv_thruster_manager/share/uuv_thruster_manager/srv/GetThrusterManagerConfig_Response.msg
[0.911s] -- Up-to-date: /home/osansubuntumachine/ros2_ws/install/uuv_thruster_manager/lib/python3.8/site-packages/uuv_thrusters
[0.911s] -- Up-to-date: /home/osansubuntumachine/ros2_ws/install/uuv_thruster_manager/lib/python3.8/site-packages/uuv_thrusters/models
[0.912s] -- Up-to-date: /home/osansubuntumachine/ros2_ws/install/uuv_thruster_manager/lib/python3.8/site-packages/uuv_thrusters/models/thruster_proportional.py
[0.912s] -- Up-to-date: /home/osansubuntumachine/ros2_ws/install/uuv_thruster_manager/lib/python3.8/site-packages/uuv_thrusters/models/thruster_custom.py
[0.912s] -- Up-to-date: /home/osansubuntumachine/ros2_ws/install/uuv_thruster_manager/lib/python3.8/site-packages/uuv_thrusters/models/__init__.py
[0.912s] -- Up-to-date: /home/osansubuntumachine/ros2_ws/install/uuv_thruster_manager/lib/python3.8/site-packages/uuv_thrusters/models/thruster.py
[0.912s] -- Up-to-date: /home/osansubuntumachine/ros2_ws/install/uuv_thruster_manager/lib/python3.8/site-packages/uuv_thrusters/__init__.py
[0.912s] -- Up-to-date: /home/osansubuntumachine/ros2_ws/install/uuv_thruster_manager/lib/python3.8/site-packages/uuv_thrusters/thruster_manager.py
[0.957s] Listing '/home/osansubuntumachine/ros2_ws/install/uuv_thruster_manager/lib/python3.8/site-packages/uuv_thrusters'...
[0.957s] Listing '/home/osansubuntumachine/ros2_ws/install/uuv_thruster_manager/lib/python3.8/site-packages/uuv_thrusters/models'...
[0.958s] -- Up-to-date: /home/osansubuntumachine/ros2_ws/install/uuv_thruster_manager/lib/python3.8/site-packages/uuv_thrusters.models
[0.958s] -- Up-to-date: /home/osansubuntumachine/ros2_ws/install/uuv_thruster_manager/lib/python3.8/site-packages/uuv_thrusters.models/thruster_proportional.py
[0.958s] -- Up-to-date: /home/osansubuntumachine/ros2_ws/install/uuv_thruster_manager/lib/python3.8/site-packages/uuv_thrusters.models/thruster_custom.py
[0.958s] -- Up-to-date: /home/osansubuntumachine/ros2_ws/install/uuv_thruster_manager/lib/python3.8/site-packages/uuv_thrusters.models/__init__.py
[0.958s] -- Up-to-date: /home/osansubuntumachine/ros2_ws/install/uuv_thruster_manager/lib/python3.8/site-packages/uuv_thrusters.models/thruster.py
[0.983s] Listing '/home/osansubuntumachine/ros2_ws/install/uuv_thruster_manager/lib/python3.8/site-packages/uuv_thrusters.models'...
[0.988s] -- Up-to-date: /home/osansubuntumachine/ros2_ws/install/uuv_thruster_manager/lib/uuv_thruster_manager/thruster_allocator.py
[0.988s] -- Up-to-date: /home/osansubuntumachine/ros2_ws/install/uuv_thruster_manager/share/uuv_thruster_manager/launch
[0.989s] -- Up-to-date: /home/osansubuntumachine/ros2_ws/install/uuv_thruster_manager/share/uuv_thruster_manager/launch/thruster_manager.launch
[0.989s] -- Up-to-date: /home/osansubuntumachine/ros2_ws/install/uuv_thruster_manager/share/uuv_thruster_manager/config
[0.989s] -- Up-to-date: /home/osansubuntumachine/ros2_ws/install/uuv_thruster_manager/share/uuv_thruster_manager/config/rexrov
[0.989s] -- Up-to-date: /home/osansubuntumachine/ros2_ws/install/uuv_thruster_manager/share/uuv_thruster_manager/config/rexrov/thruster_manager.yaml
[0.989s] -- Up-to-date: /home/osansubuntumachine/ros2_ws/install/uuv_thruster_manager/share/uuv_thruster_manager/config/rexrov/TAM.yaml
[0.989s] -- Up-to-date: /home/osansubuntumachine/ros2_ws/install/uuv_thruster_manager/share/ament_index/resource_index/package_run_dependencies/uuv_thruster_manager
[0.989s] -- Up-to-date: /home/osansubuntumachine/ros2_ws/install/uuv_thruster_manager/share/ament_index/resource_index/parent_prefix_path/uuv_thruster_manager
[0.989s] -- Up-to-date: /home/osansubuntumachine/ros2_ws/install/uuv_thruster_manager/share/uuv_thruster_manager/environment/ament_prefix_path.sh
[0.989s] -- Up-to-date: /home/osansubuntumachine/ros2_ws/install/uuv_thruster_manager/share/uuv_thruster_manager/environment/ament_prefix_path.dsv
[0.989s] -- Up-to-date: /home/osansubuntumachine/ros2_ws/install/uuv_thruster_manager/share/uuv_thruster_manager/environment/path.sh
[0.989s] -- Up-to-date: /home/osansubuntumachine/ros2_ws/install/uuv_thruster_manager/share/uuv_thruster_manager/environment/path.dsv
[0.989s] -- Up-to-date: /home/osansubuntumachine/ros2_ws/install/uuv_thruster_manager/share/uuv_thruster_manager/local_setup.bash
[0.989s] -- Up-to-date: /home/osansubuntumachine/ros2_ws/install/uuv_thruster_manager/share/uuv_thruster_manager/local_setup.sh
[0.990s] -- Up-to-date: /home/osansubuntumachine/ros2_ws/install/uuv_thruster_manager/share/uuv_thruster_manager/local_setup.zsh
[0.990s] -- Up-to-date: /home/osansubuntumachine/ros2_ws/install/uuv_thruster_manager/share/uuv_thruster_manager/local_setup.dsv
[0.990s] -- Installing: /home/osansubuntumachine/ros2_ws/install/uuv_thruster_manager/share/uuv_thruster_manager/package.dsv
[0.990s] -- Up-to-date: /home/osansubuntumachine/ros2_ws/install/uuv_thruster_manager/share/ament_index/resource_index/packages/uuv_thruster_manager
[0.990s] -- Up-to-date: /home/osansubuntumachine/ros2_ws/install/uuv_thruster_manager/share/uuv_thruster_manager/cmake/uuv_thruster_manager__rosidl_generator_cExport.cmake
[0.990s] -- Up-to-date: /home/osansubuntumachine/ros2_ws/install/uuv_thruster_manager/share/uuv_thruster_manager/cmake/uuv_thruster_manager__rosidl_generator_cExport-noconfig.cmake
[0.990s] -- Up-to-date: /home/osansubuntumachine/ros2_ws/install/uuv_thruster_manager/share/uuv_thruster_manager/cmake/uuv_thruster_manager__rosidl_typesupport_introspection_cExport.cmake
[0.990s] -- Up-to-date: /home/osansubuntumachine/ros2_ws/install/uuv_thruster_manager/share/uuv_thruster_manager/cmake/uuv_thruster_manager__rosidl_typesupport_introspection_cExport-noconfig.cmake
[0.990s] -- Up-to-date: /home/osansubuntumachine/ros2_ws/install/uuv_thruster_manager/share/uuv_thruster_manager/cmake/uuv_thruster_manager__rosidl_typesupport_cExport.cmake
[0.990s] -- Up-to-date: /home/osansubuntumachine/ros2_ws/install/uuv_thruster_manager/share/uuv_thruster_manager/cmake/uuv_thruster_manager__rosidl_typesupport_cExport-noconfig.cmake
[0.991s] -- Up-to-date: /home/osansubuntumachine/ros2_ws/install/uuv_thruster_manager/share/uuv_thruster_manager/cmake/uuv_thruster_manager__rosidl_generator_cppExport.cmake
[0.992s] -- Up-to-date: /home/osansubuntumachine/ros2_ws/install/uuv_thruster_manager/share/uuv_thruster_manager/cmake/uuv_thruster_manager__rosidl_typesupport_introspection_cppExport.cmake
[0.997s] -- Up-to-date: /home/osansubuntumachine/ros2_ws/install/uuv_thruster_manager/share/uuv_thruster_manager/cmake/uuv_thruster_manager__rosidl_typesupport_introspection_cppExport-noconfig.cmake
[1.001s] -- Up-to-date: /home/osansubuntumachine/ros2_ws/install/uuv_thruster_manager/share/uuv_thruster_manager/cmake/uuv_thruster_manager__rosidl_typesupport_cppExport.cmake
[1.002s] -- Up-to-date: /home/osansubuntumachine/ros2_ws/install/uuv_thruster_manager/share/uuv_thruster_manager/cmake/uuv_thruster_manager__rosidl_typesupport_cppExport-noconfig.cmake
[1.002s] -- Up-to-date: /home/osansubuntumachine/ros2_ws/install/uuv_thruster_manager/share/uuv_thruster_manager/cmake/rosidl_cmake-extras.cmake
[1.002s] -- Up-to-date: /home/osansubuntumachine/ros2_ws/install/uuv_thruster_manager/share/uuv_thruster_manager/cmake/ament_cmake_export_dependencies-extras.cmake
[1.002s] -- Up-to-date: /home/osansubuntumachine/ros2_ws/install/uuv_thruster_manager/share/uuv_thruster_manager/cmake/ament_cmake_export_libraries-extras.cmake
[1.002s] -- Up-to-date: /home/osansubuntumachine/ros2_ws/install/uuv_thruster_manager/share/uuv_thruster_manager/cmake/ament_cmake_export_targets-extras.cmake
[1.002s] -- Up-to-date: /home/osansubuntumachine/ros2_ws/install/uuv_thruster_manager/share/uuv_thruster_manager/cmake/ament_cmake_export_include_directories-extras.cmake
[1.002s] -- Up-to-date: /home/osansubuntumachine/ros2_ws/install/uuv_thruster_manager/share/uuv_thruster_manager/cmake/rosidl_cmake_export_typesupport_libraries-extras.cmake
[1.002s] -- Up-to-date: /home/osansubuntumachine/ros2_ws/install/uuv_thruster_manager/share/uuv_thruster_manager/cmake/rosidl_cmake_export_typesupport_targets-extras.cmake
[1.002s] -- Up-to-date: /home/osansubuntumachine/ros2_ws/install/uuv_thruster_manager/share/uuv_thruster_manager/cmake/uuv_thruster_managerConfig.cmake
[1.002s] -- Up-to-date: /home/osansubuntumachine/ros2_ws/install/uuv_thruster_manager/share/uuv_thruster_manager/cmake/uuv_thruster_managerConfig-version.cmake
[1.002s] -- Up-to-date: /home/osansubuntumachine/ros2_ws/install/uuv_thruster_manager/share/uuv_thruster_manager/package.xml
[1.012s] Invoked command in '/home/osansubuntumachine/ros2_ws/build/uuv_thruster_manager' returned '0': AMENT_PREFIX_PATH=/home/osansubuntumachine/ros2_ws/install/uuv_assistants:/home/osansubuntumachine/ros2_ws/install/uuv_gazebo_ros_plugins_msgs:/home/osansubuntumachine/ros2_ws/install/plankton_utils:${AMENT_PREFIX_PATH} CMAKE_PREFIX_PATH=/home/osansubuntumachine/ros2_ws/install/uuv_assistants:/home/osansubuntumachine/ros2_ws/install/uuv_gazebo_ros_plugins_msgs:/home/osansubuntumachine/ros2_ws/install/plankton_utils:/opt/ros/foxy LD_LIBRARY_PATH=/home/osansubuntumachine/ros2_ws/install/uuv_gazebo_ros_plugins_msgs/lib:${LD_LIBRARY_PATH} PYTHONPATH=/home/osansubuntumachine/ros2_ws/install/uuv_assistants/lib/python3.8/site-packages:/home/osansubuntumachine/ros2_ws/install/uuv_gazebo_ros_plugins_msgs/lib/python3.8/site-packages:/home/osansubuntumachine/ros2_ws/install/plankton_utils/lib/python3.8/site-packages:${PYTHONPATH} /usr/bin/cmake --install /home/osansubuntumachine/ros2_ws/build/uuv_thruster_manager
