[0.387s] Invoking command in '/home/osansubuntumachine/ros2_ws/build/uuv_sensor_ros_plugins': AMENT_PREFIX_PATH=/home/osansubuntumachine/ros2_ws/install/uuv_sensor_ros_plugins_msgs:/home/osansubuntumachine/ros2_ws/install/uuv_gazebo_plugins:${AMENT_PREFIX_PATH} CMAKE_PREFIX_PATH=/home/osansubuntumachine/ros2_ws/install/uuv_sensor_ros_plugins_msgs:/home/osansubuntumachine/ros2_ws/install/uuv_gazebo_plugins:/opt/ros/foxy LD_LIBRARY_PATH=/home/osansubuntumachine/ros2_ws/install/uuv_sensor_ros_plugins_msgs/lib:/home/osansubuntumachine/ros2_ws/install/uuv_gazebo_plugins/lib:${LD_LIBRARY_PATH} PYTHONPATH=/home/osansubuntumachine/ros2_ws/install/uuv_sensor_ros_plugins_msgs/lib/python3.8/site-packages:${PYTHONPATH} /usr/bin/cmake --build /home/osansubuntumachine/ros2_ws/build/uuv_sensor_ros_plugins -- -j4 -l4
[0.824s] [ 26%] Built target uuv_sensor_gazebo_msgs
[0.827s] [ 29%] Built target image_sonar_ros_plugin
[0.830s] [ 33%] Built target uuv_gazebo_ros_camera_plugin
[1.030s] [ 38%] Built target uuv_gazebo_ros_base_model_plugin
[1.308s] [ 45%] Built target uuv_gazebo_ros_pose_gt_plugin
[1.367s] [ 52%] Built target uuv_gazebo_ros_gps_plugin
[1.374s] [ 57%] Built target uuv_gazebo_ros_base_sensor_plugin
[1.572s] [ 64%] Built target uuv_gazebo_ros_subsea_pressure_plugin
[1.785s] [ 71%] Built target uuv_gazebo_ros_dvl_plugin
[1.929s] [ 78%] Built target uuv_gazebo_ros_cpc_plugin
[1.988s] [ 85%] Built target uuv_gazebo_ros_imu_plugin
[2.081s] [ 92%] Built target uuv_gazebo_ros_rpt_plugin
[2.230s] [100%] Built target uuv_gazebo_ros_magnetometer_plugin
[2.278s] Invoked command in '/home/osansubuntumachine/ros2_ws/build/uuv_sensor_ros_plugins' returned '0': AMENT_PREFIX_PATH=/home/osansubuntumachine/ros2_ws/install/uuv_sensor_ros_plugins_msgs:/home/osansubuntumachine/ros2_ws/install/uuv_gazebo_plugins:${AMENT_PREFIX_PATH} CMAKE_PREFIX_PATH=/home/osansubuntumachine/ros2_ws/install/uuv_sensor_ros_plugins_msgs:/home/osansubuntumachine/ros2_ws/install/uuv_gazebo_plugins:/opt/ros/foxy LD_LIBRARY_PATH=/home/osansubuntumachine/ros2_ws/install/uuv_sensor_ros_plugins_msgs/lib:/home/osansubuntumachine/ros2_ws/install/uuv_gazebo_plugins/lib:${LD_LIBRARY_PATH} PYTHONPATH=/home/osansubuntumachine/ros2_ws/install/uuv_sensor_ros_plugins_msgs/lib/python3.8/site-packages:${PYTHONPATH} /usr/bin/cmake --build /home/osansubuntumachine/ros2_ws/build/uuv_sensor_ros_plugins -- -j4 -l4
[2.293s] Invoking command in '/home/osansubuntumachine/ros2_ws/build/uuv_sensor_ros_plugins': AMENT_PREFIX_PATH=/home/osansubuntumachine/ros2_ws/install/uuv_sensor_ros_plugins_msgs:/home/osansubuntumachine/ros2_ws/install/uuv_gazebo_plugins:${AMENT_PREFIX_PATH} CMAKE_PREFIX_PATH=/home/osansubuntumachine/ros2_ws/install/uuv_sensor_ros_plugins_msgs:/home/osansubuntumachine/ros2_ws/install/uuv_gazebo_plugins:/opt/ros/foxy LD_LIBRARY_PATH=/home/osansubuntumachine/ros2_ws/install/uuv_sensor_ros_plugins_msgs/lib:/home/osansubuntumachine/ros2_ws/install/uuv_gazebo_plugins/lib:${LD_LIBRARY_PATH} PYTHONPATH=/home/osansubuntumachine/ros2_ws/install/uuv_sensor_ros_plugins_msgs/lib/python3.8/site-packages:${PYTHONPATH} /usr/bin/cmake --install /home/osansubuntumachine/ros2_ws/build/uuv_sensor_ros_plugins
[2.358s] -- Install configuration: ""
[2.358s] -- Up-to-date: /home/osansubuntumachine/ros2_ws/install/uuv_sensor_ros_plugins/include/uuv_sensor_ros_plugins
[2.363s] -- Up-to-date: /home/osansubuntumachine/ros2_ws/install/uuv_sensor_ros_plugins/include/uuv_sensor_ros_plugins/quaternion.pb.cc
[2.364s] -- Up-to-date: /home/osansubuntumachine/ros2_ws/install/uuv_sensor_ros_plugins/include/uuv_sensor_ros_plugins/SensorDvl.pb.cc
[2.364s] -- Up-to-date: /home/osansubuntumachine/ros2_ws/install/uuv_sensor_ros_plugins/include/uuv_sensor_ros_plugins/ament_cmake_uninstall_target
[2.364s] -- Up-to-date: /home/osansubuntumachine/ros2_ws/install/uuv_sensor_ros_plugins/include/uuv_sensor_ros_plugins/ament_cmake_export_include_directories
[2.364s] -- Up-to-date: /home/osansubuntumachine/ros2_ws/install/uuv_sensor_ros_plugins/include/uuv_sensor_ros_plugins/SensorImu.pb.cc
[2.364s] -- Up-to-date: /home/osansubuntumachine/ros2_ws/install/uuv_sensor_ros_plugins/include/uuv_sensor_ros_plugins/SensorRpt.pb.cc
[2.364s] -- Up-to-date: /home/osansubuntumachine/ros2_ws/install/uuv_sensor_ros_plugins/include/uuv_sensor_ros_plugins/vector3d.pb.h
[2.364s] -- Up-to-date: /home/osansubuntumachine/ros2_ws/install/uuv_sensor_ros_plugins/include/uuv_sensor_ros_plugins/ament_cmake_index
[2.364s] -- Up-to-date: /home/osansubuntumachine/ros2_ws/install/uuv_sensor_ros_plugins/include/uuv_sensor_ros_plugins/ament_cmake_index/share
[2.365s] -- Up-to-date: /home/osansubuntumachine/ros2_ws/install/uuv_sensor_ros_plugins/include/uuv_sensor_ros_plugins/ament_cmake_index/share/ament_index
[2.365s] -- Up-to-date: /home/osansubuntumachine/ros2_ws/install/uuv_sensor_ros_plugins/include/uuv_sensor_ros_plugins/ament_cmake_index/share/ament_index/resource_index
[2.365s] -- Up-to-date: /home/osansubuntumachine/ros2_ws/install/uuv_sensor_ros_plugins/include/uuv_sensor_ros_plugins/ament_cmake_index/share/ament_index/resource_index/parent_prefix_path
[2.365s] -- Up-to-date: /home/osansubuntumachine/ros2_ws/install/uuv_sensor_ros_plugins/include/uuv_sensor_ros_plugins/ament_cmake_index/share/ament_index/resource_index/packages
[2.365s] -- Up-to-date: /home/osansubuntumachine/ros2_ws/install/uuv_sensor_ros_plugins/include/uuv_sensor_ros_plugins/ament_cmake_index/share/ament_index/resource_index/package_run_dependencies
[2.365s] -- Up-to-date: /home/osansubuntumachine/ros2_ws/install/uuv_sensor_ros_plugins/include/uuv_sensor_ros_plugins/quaternion.pb.h
[2.365s] -- Up-to-date: /home/osansubuntumachine/ros2_ws/install/uuv_sensor_ros_plugins/include/uuv_sensor_ros_plugins/SensorDvl.pb.h
[2.365s] -- Up-to-date: /home/osansubuntumachine/ros2_ws/install/uuv_sensor_ros_plugins/include/uuv_sensor_ros_plugins/ament_cmake_core
[2.366s] -- Up-to-date: /home/osansubuntumachine/ros2_ws/install/uuv_sensor_ros_plugins/include/uuv_sensor_ros_plugins/ament_cmake_core/stamps
[2.366s] -- Up-to-date: /home/osansubuntumachine/ros2_ws/install/uuv_sensor_ros_plugins/include/uuv_sensor_ros_plugins/SensorRpt.pb.h
[2.366s] -- Up-to-date: /home/osansubuntumachine/ros2_ws/install/uuv_sensor_ros_plugins/include/uuv_sensor_ros_plugins/SensorPressure.pb.h
[2.366s] -- Up-to-date: /home/osansubuntumachine/ros2_ws/install/uuv_sensor_ros_plugins/include/uuv_sensor_ros_plugins/SensorImu.pb.h
[2.366s] -- Up-to-date: /home/osansubuntumachine/ros2_ws/install/uuv_sensor_ros_plugins/include/uuv_sensor_ros_plugins/msgs
[2.366s] -- Up-to-date: /home/osansubuntumachine/ros2_ws/install/uuv_sensor_ros_plugins/include/uuv_sensor_ros_plugins/ament_cmake_export_libraries
[2.366s] -- Up-to-date: /home/osansubuntumachine/ros2_ws/install/uuv_sensor_ros_plugins/include/uuv_sensor_ros_plugins/SensorMagnetic.pb.h
[2.366s] -- Up-to-date: /home/osansubuntumachine/ros2_ws/install/uuv_sensor_ros_plugins/include/uuv_sensor_ros_plugins/vector3d.pb.cc
[2.367s] -- Up-to-date: /home/osansubuntumachine/ros2_ws/install/uuv_sensor_ros_plugins/include/uuv_sensor_ros_plugins/CMakeFiles
[2.367s] -- Up-to-date: /home/osansubuntumachine/ros2_ws/install/uuv_sensor_ros_plugins/include/uuv_sensor_ros_plugins/CMakeFiles/uuv_gazebo_ros_subsea_pressure_plugin.dir
[2.367s] -- Up-to-date: /home/osansubuntumachine/ros2_ws/install/uuv_sensor_ros_plugins/include/uuv_sensor_ros_plugins/CMakeFiles/uuv_gazebo_ros_subsea_pressure_plugin.dir/src
[2.367s] -- Up-to-date: /home/osansubuntumachine/ros2_ws/install/uuv_sensor_ros_plugins/include/uuv_sensor_ros_plugins/CMakeFiles/uuv_gazebo_ros_rpt_plugin.dir
[2.367s] -- Up-to-date: /home/osansubuntumachine/ros2_ws/install/uuv_sensor_ros_plugins/include/uuv_sensor_ros_plugins/CMakeFiles/uuv_gazebo_ros_rpt_plugin.dir/src
[2.367s] -- Up-to-date: /home/osansubuntumachine/ros2_ws/install/uuv_sensor_ros_plugins/include/uuv_sensor_ros_plugins/CMakeFiles/uuv_gazebo_ros_pose_gt_plugin.dir
[2.367s] -- Up-to-date: /home/osansubuntumachine/ros2_ws/install/uuv_sensor_ros_plugins/include/uuv_sensor_ros_plugins/CMakeFiles/uuv_gazebo_ros_pose_gt_plugin.dir/src
[2.367s] -- Up-to-date: /home/osansubuntumachine/ros2_ws/install/uuv_sensor_ros_plugins/include/uuv_sensor_ros_plugins/CMakeFiles/uuv_gazebo_ros_gps_plugin.dir
[2.367s] -- Up-to-date: /home/osansubuntumachine/ros2_ws/install/uuv_sensor_ros_plugins/include/uuv_sensor_ros_plugins/CMakeFiles/uuv_gazebo_ros_gps_plugin.dir/src
[2.384s] -- Up-to-date: /home/osansubuntumachine/ros2_ws/install/uuv_sensor_ros_plugins/include/uuv_sensor_ros_plugins/CMakeFiles/uuv_gazebo_ros_dvl_plugin.dir
[2.385s] -- Up-to-date: /home/osansubuntumachine/ros2_ws/install/uuv_sensor_ros_plugins/include/uuv_sensor_ros_plugins/CMakeFiles/uuv_gazebo_ros_dvl_plugin.dir/src
[2.388s] -- Up-to-date: /home/osansubuntumachine/ros2_ws/install/uuv_sensor_ros_plugins/include/uuv_sensor_ros_plugins/CMakeFiles/uninstall.dir
[2.389s] -- Up-to-date: /home/osansubuntumachine/ros2_ws/install/uuv_sensor_ros_plugins/include/uuv_sensor_ros_plugins/CMakeFiles/3.16.3
[2.389s] -- Up-to-date: /home/osansubuntumachine/ros2_ws/install/uuv_sensor_ros_plugins/include/uuv_sensor_ros_plugins/CMakeFiles/3.16.3/CompilerIdC
[2.393s] -- Up-to-date: /home/osansubuntumachine/ros2_ws/install/uuv_sensor_ros_plugins/include/uuv_sensor_ros_plugins/CMakeFiles/3.16.3/CompilerIdC/tmp
[2.393s] -- Up-to-date: /home/osansubuntumachine/ros2_ws/install/uuv_sensor_ros_plugins/include/uuv_sensor_ros_plugins/CMakeFiles/3.16.3/CompilerIdCXX
[2.394s] -- Up-to-date: /home/osansubuntumachine/ros2_ws/install/uuv_sensor_ros_plugins/include/uuv_sensor_ros_plugins/CMakeFiles/3.16.3/CompilerIdCXX/tmp
[2.394s] -- Up-to-date: /home/osansubuntumachine/ros2_ws/install/uuv_sensor_ros_plugins/include/uuv_sensor_ros_plugins/CMakeFiles/uuv_gazebo_ros_imu_plugin.dir
[2.394s] -- Up-to-date: /home/osansubuntumachine/ros2_ws/install/uuv_sensor_ros_plugins/include/uuv_sensor_ros_plugins/CMakeFiles/uuv_gazebo_ros_imu_plugin.dir/src
[2.399s] -- Up-to-date: /home/osansubuntumachine/ros2_ws/install/uuv_sensor_ros_plugins/include/uuv_sensor_ros_plugins/CMakeFiles/uuv_gazebo_ros_camera_plugin.dir
[2.399s] -- Up-to-date: /home/osansubuntumachine/ros2_ws/install/uuv_sensor_ros_plugins/include/uuv_sensor_ros_plugins/CMakeFiles/uuv_gazebo_ros_camera_plugin.dir/src
[2.399s] -- Up-to-date: /home/osansubuntumachine/ros2_ws/install/uuv_sensor_ros_plugins/include/uuv_sensor_ros_plugins/CMakeFiles/uuv_sensor_ros_plugins_uninstall.dir
[2.403s] -- Up-to-date: /home/osansubuntumachine/ros2_ws/install/uuv_sensor_ros_plugins/include/uuv_sensor_ros_plugins/CMakeFiles/uuv_gazebo_ros_magnetometer_plugin.dir
[2.403s] -- Up-to-date: /home/osansubuntumachine/ros2_ws/install/uuv_sensor_ros_plugins/include/uuv_sensor_ros_plugins/CMakeFiles/uuv_gazebo_ros_magnetometer_plugin.dir/src
[2.403s] -- Up-to-date: /home/osansubuntumachine/ros2_ws/install/uuv_sensor_ros_plugins/include/uuv_sensor_ros_plugins/CMakeFiles/uuv_gazebo_ros_base_sensor_plugin.dir
[2.403s] -- Up-to-date: /home/osansubuntumachine/ros2_ws/install/uuv_sensor_ros_plugins/include/uuv_sensor_ros_plugins/CMakeFiles/uuv_gazebo_ros_base_sensor_plugin.dir/src
[2.404s] -- Up-to-date: /home/osansubuntumachine/ros2_ws/install/uuv_sensor_ros_plugins/include/uuv_sensor_ros_plugins/CMakeFiles/image_sonar_ros_plugin.dir
[2.404s] -- Up-to-date: /home/osansubuntumachine/ros2_ws/install/uuv_sensor_ros_plugins/include/uuv_sensor_ros_plugins/CMakeFiles/image_sonar_ros_plugin.dir/src
[2.404s] -- Up-to-date: /home/osansubuntumachine/ros2_ws/install/uuv_sensor_ros_plugins/include/uuv_sensor_ros_plugins/CMakeFiles/uuv_gazebo_ros_base_model_plugin.dir
[2.404s] -- Up-to-date: /home/osansubuntumachine/ros2_ws/install/uuv_sensor_ros_plugins/include/uuv_sensor_ros_plugins/CMakeFiles/uuv_gazebo_ros_base_model_plugin.dir/src
[2.404s] -- Up-to-date: /home/osansubuntumachine/ros2_ws/install/uuv_sensor_ros_plugins/include/uuv_sensor_ros_plugins/CMakeFiles/uuv_sensor_gazebo_msgs.dir
[2.404s] -- Up-to-date: /home/osansubuntumachine/ros2_ws/install/uuv_sensor_ros_plugins/include/uuv_sensor_ros_plugins/CMakeFiles/uuv_sensor_gazebo_msgs.dir/quaternion.pb.cc.o
[2.404s] -- Up-to-date: /home/osansubuntumachine/ros2_ws/install/uuv_sensor_ros_plugins/include/uuv_sensor_ros_plugins/CMakeFiles/uuv_sensor_gazebo_msgs.dir/SensorRpt.pb.cc.o
[2.405s] -- Up-to-date: /home/osansubuntumachine/ros2_ws/install/uuv_sensor_ros_plugins/include/uuv_sensor_ros_plugins/CMakeFiles/uuv_sensor_gazebo_msgs.dir/SensorMagnetic.pb.cc.o
[2.405s] -- Up-to-date: /home/osansubuntumachine/ros2_ws/install/uuv_sensor_ros_plugins/include/uuv_sensor_ros_plugins/CMakeFiles/uuv_sensor_gazebo_msgs.dir/vector3d.pb.cc.o
[2.405s] -- Up-to-date: /home/osansubuntumachine/ros2_ws/install/uuv_sensor_ros_plugins/include/uuv_sensor_ros_plugins/CMakeFiles/uuv_sensor_gazebo_msgs.dir/SensorPressure.pb.cc.o
[2.405s] -- Up-to-date: /home/osansubuntumachine/ros2_ws/install/uuv_sensor_ros_plugins/include/uuv_sensor_ros_plugins/CMakeFiles/uuv_sensor_gazebo_msgs.dir/SensorDvl.pb.cc.o
[2.405s] -- Up-to-date: /home/osansubuntumachine/ros2_ws/install/uuv_sensor_ros_plugins/include/uuv_sensor_ros_plugins/CMakeFiles/uuv_sensor_gazebo_msgs.dir/SensorImu.pb.cc.o
[2.405s] -- Up-to-date: /home/osansubuntumachine/ros2_ws/install/uuv_sensor_ros_plugins/include/uuv_sensor_ros_plugins/CMakeFiles/CMakeTmp
[2.405s] -- Up-to-date: /home/osansubuntumachine/ros2_ws/install/uuv_sensor_ros_plugins/include/uuv_sensor_ros_plugins/CMakeFiles/uuv_gazebo_ros_cpc_plugin.dir
[2.405s] -- Up-to-date: /home/osansubuntumachine/ros2_ws/install/uuv_sensor_ros_plugins/include/uuv_sensor_ros_plugins/CMakeFiles/uuv_gazebo_ros_cpc_plugin.dir/src
[2.405s] -- Up-to-date: /home/osansubuntumachine/ros2_ws/install/uuv_sensor_ros_plugins/include/uuv_sensor_ros_plugins/ament_cmake_export_dependencies
[2.406s] -- Up-to-date: /home/osansubuntumachine/ros2_ws/install/uuv_sensor_ros_plugins/include/uuv_sensor_ros_plugins/SensorMagnetic.pb.cc
[2.406s] -- Up-to-date: /home/osansubuntumachine/ros2_ws/install/uuv_sensor_ros_plugins/include/uuv_sensor_ros_plugins/ament_cmake_package_templates
[2.406s] -- Up-to-date: /home/osansubuntumachine/ros2_ws/install/uuv_sensor_ros_plugins/include/uuv_sensor_ros_plugins/.cmake
[2.406s] -- Up-to-date: /home/osansubuntumachine/ros2_ws/install/uuv_sensor_ros_plugins/include/uuv_sensor_ros_plugins/.cmake/api
[2.406s] -- Up-to-date: /home/osansubuntumachine/ros2_ws/install/uuv_sensor_ros_plugins/include/uuv_sensor_ros_plugins/.cmake/api/v1
[2.406s] -- Up-to-date: /home/osansubuntumachine/ros2_ws/install/uuv_sensor_ros_plugins/include/uuv_sensor_ros_plugins/.cmake/api/v1/reply
[2.406s] -- Up-to-date: /home/osansubuntumachine/ros2_ws/install/uuv_sensor_ros_plugins/include/uuv_sensor_ros_plugins/.cmake/api/v1/query
[2.406s] -- Up-to-date: /home/osansubuntumachine/ros2_ws/install/uuv_sensor_ros_plugins/include/uuv_sensor_ros_plugins/.cmake/api/v1/query/client-colcon-cmake
[2.406s] -- Up-to-date: /home/osansubuntumachine/ros2_ws/install/uuv_sensor_ros_plugins/include/uuv_sensor_ros_plugins/ament_cmake_environment_hooks
[2.406s] -- Up-to-date: /home/osansubuntumachine/ros2_ws/install/uuv_sensor_ros_plugins/include/uuv_sensor_ros_plugins/SensorPressure.pb.cc
[2.407s] -- Up-to-date: /home/osansubuntumachine/ros2_ws/install/uuv_sensor_ros_plugins/lib/libuuv_sensor_gazebo_msgs.so
[2.407s] -- Up-to-date: /home/osansubuntumachine/ros2_ws/install/uuv_sensor_ros_plugins/lib/libuuv_gazebo_ros_base_model_plugin.so
[2.407s] -- Up-to-date: /home/osansubuntumachine/ros2_ws/install/uuv_sensor_ros_plugins/lib/libuuv_gazebo_ros_base_sensor_plugin.so
[2.407s] -- Up-to-date: /home/osansubuntumachine/ros2_ws/install/uuv_sensor_ros_plugins/lib/libuuv_gazebo_ros_gps_plugin.so
[2.407s] -- Up-to-date: /home/osansubuntumachine/ros2_ws/install/uuv_sensor_ros_plugins/lib/libuuv_gazebo_ros_pose_gt_plugin.so
[2.407s] -- Up-to-date: /home/osansubuntumachine/ros2_ws/install/uuv_sensor_ros_plugins/lib/libuuv_gazebo_ros_subsea_pressure_plugin.so
[2.412s] -- Up-to-date: /home/osansubuntumachine/ros2_ws/install/uuv_sensor_ros_plugins/lib/libuuv_gazebo_ros_dvl_plugin.so
[2.420s] -- Up-to-date: /home/osansubuntumachine/ros2_ws/install/uuv_sensor_ros_plugins/lib/libuuv_gazebo_ros_magnetometer_plugin.so
[2.420s] -- Up-to-date: /home/osansubuntumachine/ros2_ws/install/uuv_sensor_ros_plugins/lib/libuuv_gazebo_ros_cpc_plugin.so
[2.420s] -- Up-to-date: /home/osansubuntumachine/ros2_ws/install/uuv_sensor_ros_plugins/lib/libuuv_gazebo_ros_imu_plugin.so
[2.422s] -- Up-to-date: /home/osansubuntumachine/ros2_ws/install/uuv_sensor_ros_plugins/lib/libuuv_gazebo_ros_rpt_plugin.so
[2.433s] -- Up-to-date: /home/osansubuntumachine/ros2_ws/install/uuv_sensor_ros_plugins/lib/libuuv_gazebo_ros_camera_plugin.so
[2.453s] -- Up-to-date: /home/osansubuntumachine/ros2_ws/install/uuv_sensor_ros_plugins/lib/libimage_sonar_ros_plugin.so
[2.453s] -- Up-to-date: /home/osansubuntumachine/ros2_ws/install/uuv_sensor_ros_plugins/include/uuv_sensor_ros_plugins
[2.453s] -- Up-to-date: /home/osansubuntumachine/ros2_ws/install/uuv_sensor_ros_plugins/include/uuv_sensor_ros_plugins/ROSBaseModelPlugin.h
[2.454s] -- Up-to-date: /home/osansubuntumachine/ros2_ws/install/uuv_sensor_ros_plugins/include/uuv_sensor_ros_plugins/ROSBaseSensorPlugin.h
[2.454s] -- Up-to-date: /home/osansubuntumachine/ros2_ws/install/uuv_sensor_ros_plugins/include/uuv_sensor_ros_plugins/MagnetometerROSPlugin.h
[2.454s] -- Up-to-date: /home/osansubuntumachine/ros2_ws/install/uuv_sensor_ros_plugins/include/uuv_sensor_ros_plugins/SubseaPressureROSPlugin.h
[2.454s] -- Up-to-date: /home/osansubuntumachine/ros2_ws/install/uuv_sensor_ros_plugins/include/uuv_sensor_ros_plugins/Common.h
[2.454s] -- Up-to-date: /home/osansubuntumachine/ros2_ws/install/uuv_sensor_ros_plugins/include/uuv_sensor_ros_plugins/DVLROSPlugin.h
[2.454s] -- Up-to-date: /home/osansubuntumachine/ros2_ws/install/uuv_sensor_ros_plugins/include/uuv_sensor_ros_plugins/UnderwaterCameraROSPlugin.h
[2.454s] -- Up-to-date: /home/osansubuntumachine/ros2_ws/install/uuv_sensor_ros_plugins/include/uuv_sensor_ros_plugins/IMUROSPlugin.h
[2.455s] -- Up-to-date: /home/osansubuntumachine/ros2_ws/install/uuv_sensor_ros_plugins/include/uuv_sensor_ros_plugins/gazebo_ros_image_sonar.h
[2.455s] -- Up-to-date: /home/osansubuntumachine/ros2_ws/install/uuv_sensor_ros_plugins/include/uuv_sensor_ros_plugins/GPSROSPlugin.h
[2.455s] -- Up-to-date: /home/osansubuntumachine/ros2_ws/install/uuv_sensor_ros_plugins/include/uuv_sensor_ros_plugins/CPCROSPlugin.h
[2.455s] -- Up-to-date: /home/osansubuntumachine/ros2_ws/install/uuv_sensor_ros_plugins/include/uuv_sensor_ros_plugins/ROSBasePlugin.h
[2.455s] -- Up-to-date: /home/osansubuntumachine/ros2_ws/install/uuv_sensor_ros_plugins/include/uuv_sensor_ros_plugins/PoseGTROSPlugin.h
[2.455s] -- Up-to-date: /home/osansubuntumachine/ros2_ws/install/uuv_sensor_ros_plugins/include/uuv_sensor_ros_plugins/RPTROSPlugin.h
[2.456s] -- Up-to-date: /home/osansubuntumachine/ros2_ws/install/uuv_sensor_ros_plugins/share/uuv_sensor_ros_plugins/meshes
[2.457s] -- Up-to-date: /home/osansubuntumachine/ros2_ws/install/uuv_sensor_ros_plugins/share/uuv_sensor_ros_plugins/meshes/p900.blend
[2.457s] -- Up-to-date: /home/osansubuntumachine/ros2_ws/install/uuv_sensor_ros_plugins/share/uuv_sensor_ros_plugins/meshes/pressure.dae
[2.457s] -- Up-to-date: /home/osansubuntumachine/ros2_ws/install/uuv_sensor_ros_plugins/share/uuv_sensor_ros_plugins/meshes/m450-130.blend
[2.457s] -- Up-to-date: /home/osansubuntumachine/ros2_ws/install/uuv_sensor_ros_plugins/share/uuv_sensor_ros_plugins/meshes/oe14-372.dae
[2.457s] -- Up-to-date: /home/osansubuntumachine/ros2_ws/install/uuv_sensor_ros_plugins/share/uuv_sensor_ros_plugins/meshes/p900.stl
[2.457s] -- Up-to-date: /home/osansubuntumachine/ros2_ws/install/uuv_sensor_ros_plugins/share/uuv_sensor_ros_plugins/meshes/rpt.blend
[2.457s] -- Up-to-date: /home/osansubuntumachine/ros2_ws/install/uuv_sensor_ros_plugins/share/uuv_sensor_ros_plugins/meshes/p900.dae
[2.458s] -- Up-to-date: /home/osansubuntumachine/ros2_ws/install/uuv_sensor_ros_plugins/share/uuv_sensor_ros_plugins/meshes/dvl.blend
[2.458s] -- Up-to-date: /home/osansubuntumachine/ros2_ws/install/uuv_sensor_ros_plugins/share/uuv_sensor_ros_plugins/meshes/oe14-372.blend
[2.459s] -- Up-to-date: /home/osansubuntumachine/ros2_ws/install/uuv_sensor_ros_plugins/share/uuv_sensor_ros_plugins/meshes/pressure.blend
[2.459s] -- Up-to-date: /home/osansubuntumachine/ros2_ws/install/uuv_sensor_ros_plugins/share/uuv_sensor_ros_plugins/meshes/m450-130.dae
[2.459s] -- Up-to-date: /home/osansubuntumachine/ros2_ws/install/uuv_sensor_ros_plugins/share/uuv_sensor_ros_plugins/meshes/duo3d.dae
[2.460s] -- Up-to-date: /home/osansubuntumachine/ros2_ws/install/uuv_sensor_ros_plugins/share/uuv_sensor_ros_plugins/meshes/rpt.dae
[2.460s] -- Up-to-date: /home/osansubuntumachine/ros2_ws/install/uuv_sensor_ros_plugins/share/uuv_sensor_ros_plugins/meshes/dvl.dae
[2.460s] -- Up-to-date: /home/osansubuntumachine/ros2_ws/install/uuv_sensor_ros_plugins/share/uuv_sensor_ros_plugins/urdf
[2.460s] -- Up-to-date: /home/osansubuntumachine/ros2_ws/install/uuv_sensor_ros_plugins/share/uuv_sensor_ros_plugins/urdf/imu_snippets.xacro
[2.460s] -- Up-to-date: /home/osansubuntumachine/ros2_ws/install/uuv_sensor_ros_plugins/share/uuv_sensor_ros_plugins/urdf/magnetometer_snippets.xacro
[2.461s] -- Up-to-date: /home/osansubuntumachine/ros2_ws/install/uuv_sensor_ros_plugins/share/uuv_sensor_ros_plugins/urdf/stereo_snippets.xacro
[2.461s] -- Up-to-date: /home/osansubuntumachine/ros2_ws/install/uuv_sensor_ros_plugins/share/uuv_sensor_ros_plugins/urdf/camera_snippets.xacro
[2.461s] -- Up-to-date: /home/osansubuntumachine/ros2_ws/install/uuv_sensor_ros_plugins/share/uuv_sensor_ros_plugins/urdf/chemical_concentration_snippets.xacro
[2.461s] -- Up-to-date: /home/osansubuntumachine/ros2_ws/install/uuv_sensor_ros_plugins/share/uuv_sensor_ros_plugins/urdf/pose_3d_snippets.xacro
[2.462s] -- Up-to-date: /home/osansubuntumachine/ros2_ws/install/uuv_sensor_ros_plugins/share/uuv_sensor_ros_plugins/urdf/sensor_snippets.xacro
[2.462s] -- Up-to-date: /home/osansubuntumachine/ros2_ws/install/uuv_sensor_ros_plugins/share/uuv_sensor_ros_plugins/urdf/pressure_snippets.xacro
[2.462s] -- Up-to-date: /home/osansubuntumachine/ros2_ws/install/uuv_sensor_ros_plugins/share/uuv_sensor_ros_plugins/urdf/sonar_snippets.xacro
[2.462s] -- Up-to-date: /home/osansubuntumachine/ros2_ws/install/uuv_sensor_ros_plugins/share/uuv_sensor_ros_plugins/urdf/gps_sensor_snippets.xacro
[2.462s] -- Up-to-date: /home/osansubuntumachine/ros2_ws/install/uuv_sensor_ros_plugins/share/uuv_sensor_ros_plugins/urdf/dvl_snippets.xacro
[2.468s] -- Up-to-date: /home/osansubuntumachine/ros2_ws/install/uuv_sensor_ros_plugins/share/uuv_sensor_ros_plugins/urdf/rpt_snippets.xacro
[2.468s] -- Up-to-date: /home/osansubuntumachine/ros2_ws/install/uuv_sensor_ros_plugins/share/uuv_sensor_ros_plugins/environment/library_path.sh
[2.468s] -- Up-to-date: /home/osansubuntumachine/ros2_ws/install/uuv_sensor_ros_plugins/share/uuv_sensor_ros_plugins/environment/library_path.dsv
[2.468s] -- Up-to-date: /home/osansubuntumachine/ros2_ws/install/uuv_sensor_ros_plugins/share/ament_index/resource_index/package_run_dependencies/uuv_sensor_ros_plugins
[2.468s] -- Up-to-date: /home/osansubuntumachine/ros2_ws/install/uuv_sensor_ros_plugins/share/ament_index/resource_index/parent_prefix_path/uuv_sensor_ros_plugins
[2.468s] -- Up-to-date: /home/osansubuntumachine/ros2_ws/install/uuv_sensor_ros_plugins/share/uuv_sensor_ros_plugins/environment/ament_prefix_path.sh
[2.469s] -- Up-to-date: /home/osansubuntumachine/ros2_ws/install/uuv_sensor_ros_plugins/share/uuv_sensor_ros_plugins/environment/ament_prefix_path.dsv
[2.469s] -- Up-to-date: /home/osansubuntumachine/ros2_ws/install/uuv_sensor_ros_plugins/share/uuv_sensor_ros_plugins/environment/path.sh
[2.469s] -- Up-to-date: /home/osansubuntumachine/ros2_ws/install/uuv_sensor_ros_plugins/share/uuv_sensor_ros_plugins/environment/path.dsv
[2.470s] -- Up-to-date: /home/osansubuntumachine/ros2_ws/install/uuv_sensor_ros_plugins/share/uuv_sensor_ros_plugins/local_setup.bash
[2.470s] -- Up-to-date: /home/osansubuntumachine/ros2_ws/install/uuv_sensor_ros_plugins/share/uuv_sensor_ros_plugins/local_setup.sh
[2.483s] -- Up-to-date: /home/osansubuntumachine/ros2_ws/install/uuv_sensor_ros_plugins/share/uuv_sensor_ros_plugins/local_setup.zsh
[2.483s] -- Up-to-date: /home/osansubuntumachine/ros2_ws/install/uuv_sensor_ros_plugins/share/uuv_sensor_ros_plugins/local_setup.dsv
[2.483s] -- Installing: /home/osansubuntumachine/ros2_ws/install/uuv_sensor_ros_plugins/share/uuv_sensor_ros_plugins/package.dsv
[2.484s] -- Up-to-date: /home/osansubuntumachine/ros2_ws/install/uuv_sensor_ros_plugins/share/ament_index/resource_index/packages/uuv_sensor_ros_plugins
[2.484s] -- Up-to-date: /home/osansubuntumachine/ros2_ws/install/uuv_sensor_ros_plugins/share/uuv_sensor_ros_plugins/cmake/ament_cmake_export_dependencies-extras.cmake
[2.484s] -- Up-to-date: /home/osansubuntumachine/ros2_ws/install/uuv_sensor_ros_plugins/share/uuv_sensor_ros_plugins/cmake/ament_cmake_export_include_directories-extras.cmake
[2.484s] -- Up-to-date: /home/osansubuntumachine/ros2_ws/install/uuv_sensor_ros_plugins/share/uuv_sensor_ros_plugins/cmake/ament_cmake_export_libraries-extras.cmake
[2.484s] -- Up-to-date: /home/osansubuntumachine/ros2_ws/install/uuv_sensor_ros_plugins/share/uuv_sensor_ros_plugins/cmake/uuv_sensor_ros_pluginsConfig.cmake
[2.484s] -- Up-to-date: /home/osansubuntumachine/ros2_ws/install/uuv_sensor_ros_plugins/share/uuv_sensor_ros_plugins/cmake/uuv_sensor_ros_pluginsConfig-version.cmake
[2.485s] -- Up-to-date: /home/osansubuntumachine/ros2_ws/install/uuv_sensor_ros_plugins/share/uuv_sensor_ros_plugins/package.xml
[2.503s] Invoked command in '/home/osansubuntumachine/ros2_ws/build/uuv_sensor_ros_plugins' returned '0': AMENT_PREFIX_PATH=/home/osansubuntumachine/ros2_ws/install/uuv_sensor_ros_plugins_msgs:/home/osansubuntumachine/ros2_ws/install/uuv_gazebo_plugins:${AMENT_PREFIX_PATH} CMAKE_PREFIX_PATH=/home/osansubuntumachine/ros2_ws/install/uuv_sensor_ros_plugins_msgs:/home/osansubuntumachine/ros2_ws/install/uuv_gazebo_plugins:/opt/ros/foxy LD_LIBRARY_PATH=/home/osansubuntumachine/ros2_ws/install/uuv_sensor_ros_plugins_msgs/lib:/home/osansubuntumachine/ros2_ws/install/uuv_gazebo_plugins/lib:${LD_LIBRARY_PATH} PYTHONPATH=/home/osansubuntumachine/ros2_ws/install/uuv_sensor_ros_plugins_msgs/lib/python3.8/site-packages:${PYTHONPATH} /usr/bin/cmake --install /home/osansubuntumachine/ros2_ws/build/uuv_sensor_ros_plugins
