-- The C compiler identification is GNU 9.4.0
-- The CXX compiler identification is GNU 9.4.0
-- Check for working C compiler: /usr/bin/cc
-- Check for working C compiler: /usr/bin/cc -- works
-- Detecting C compiler ABI info
-- Detecting C compiler ABI info - done
-- Detecting C compile features
-- Detecting C compile features - done
-- Check for working CXX compiler: /usr/bin/c++
-- Check for working CXX compiler: /usr/bin/c++ -- works
-- Detecting CXX compiler ABI info
-- Detecting CXX compiler ABI info - done
-- Detecting CXX compile features
-- Detecting CXX compile features - done
-- Found ament_cmake: 0.9.12 (/opt/ros/foxy/share/ament_cmake/cmake)
-- Found PythonInterp: /usr/bin/python3 (found suitable version "3.8.10", minimum required is "3") 
-- Using PYTHON_EXECUTABLE: /usr/bin/python3
-- Configuring done
-- Generating done
-- Build files have been written to: /home/osansubuntumachine/ros2_ws/build/uuv_tutorial_seabed_world
-- Install configuration: ""
-- Installing: /home/osansubuntumachine/ros2_ws/install/uuv_tutorial_seabed_world/share/uuv_tutorial_seabed_world/launch
-- Installing: /home/osansubuntumachine/ros2_ws/install/uuv_tutorial_seabed_world/share/uuv_tutorial_seabed_world/launch/tutorial_seabed_world.launch
-- Installing: /home/osansubuntumachine/ros2_ws/install/uuv_tutorial_seabed_world/share/uuv_tutorial_seabed_world/worlds
-- Installing: /home/osansubuntumachine/ros2_ws/install/uuv_tutorial_seabed_world/share/uuv_tutorial_seabed_world/worlds/example_underwater.world
-- Installing: /home/osansubuntumachine/ros2_ws/install/uuv_tutorial_seabed_world/share/uuv_tutorial_seabed_world/models
-- Installing: /home/osansubuntumachine/ros2_ws/install/uuv_tutorial_seabed_world/share/uuv_tutorial_seabed_world/models/tutorial_seabed
-- Installing: /home/osansubuntumachine/ros2_ws/install/uuv_tutorial_seabed_world/share/uuv_tutorial_seabed_world/models/tutorial_seabed/model.sdf
-- Installing: /home/osansubuntumachine/ros2_ws/install/uuv_tutorial_seabed_world/share/uuv_tutorial_seabed_world/models/tutorial_seabed/model.config
-- Installing: /home/osansubuntumachine/ros2_ws/install/uuv_tutorial_seabed_world/share/uuv_tutorial_seabed_world/models/tutorial_seabed/meshes
-- Installing: /home/osansubuntumachine/ros2_ws/install/uuv_tutorial_seabed_world/share/uuv_tutorial_seabed_world/models/tutorial_seabed/meshes/seabed.stl
-- Installing: /home/osansubuntumachine/ros2_ws/install/uuv_tutorial_seabed_world/share/ament_index/resource_index/package_run_dependencies/uuv_tutorial_seabed_world
-- Installing: /home/osansubuntumachine/ros2_ws/install/uuv_tutorial_seabed_world/share/ament_index/resource_index/parent_prefix_path/uuv_tutorial_seabed_world
-- Installing: /home/osansubuntumachine/ros2_ws/install/uuv_tutorial_seabed_world/share/uuv_tutorial_seabed_world/environment/ament_prefix_path.sh
-- Installing: /home/osansubuntumachine/ros2_ws/install/uuv_tutorial_seabed_world/share/uuv_tutorial_seabed_world/environment/ament_prefix_path.dsv
-- Installing: /home/osansubuntumachine/ros2_ws/install/uuv_tutorial_seabed_world/share/uuv_tutorial_seabed_world/environment/path.sh
-- Installing: /home/osansubuntumachine/ros2_ws/install/uuv_tutorial_seabed_world/share/uuv_tutorial_seabed_world/environment/path.dsv
-- Installing: /home/osansubuntumachine/ros2_ws/install/uuv_tutorial_seabed_world/share/uuv_tutorial_seabed_world/local_setup.bash
-- Installing: /home/osansubuntumachine/ros2_ws/install/uuv_tutorial_seabed_world/share/uuv_tutorial_seabed_world/local_setup.sh
-- Installing: /home/osansubuntumachine/ros2_ws/install/uuv_tutorial_seabed_world/share/uuv_tutorial_seabed_world/local_setup.zsh
-- Installing: /home/osansubuntumachine/ros2_ws/install/uuv_tutorial_seabed_world/share/uuv_tutorial_seabed_world/local_setup.dsv
-- Installing: /home/osansubuntumachine/ros2_ws/install/uuv_tutorial_seabed_world/share/uuv_tutorial_seabed_world/package.dsv
-- Installing: /home/osansubuntumachine/ros2_ws/install/uuv_tutorial_seabed_world/share/ament_index/resource_index/packages/uuv_tutorial_seabed_world
-- Installing: /home/osansubuntumachine/ros2_ws/install/uuv_tutorial_seabed_world/share/uuv_tutorial_seabed_world/cmake/uuv_tutorial_seabed_worldConfig.cmake
-- Installing: /home/osansubuntumachine/ros2_ws/install/uuv_tutorial_seabed_world/share/uuv_tutorial_seabed_world/cmake/uuv_tutorial_seabed_worldConfig-version.cmake
-- Installing: /home/osansubuntumachine/ros2_ws/install/uuv_tutorial_seabed_world/share/uuv_tutorial_seabed_world/package.xml
