[0.066s] Invoking command in '/home/osansubuntumachine/ros2_ws/build/uuv_thruster_manager': AMENT_PREFIX_PATH=/home/osansubuntumachine/ros2_ws/install/uuv_assistants:/home/osansubuntumachine/ros2_ws/install/uuv_gazebo_ros_plugins_msgs:/home/osansubuntumachine/ros2_ws/install/plankton_utils:${AMENT_PREFIX_PATH} CMAKE_PREFIX_PATH=/home/osansubuntumachine/ros2_ws/install/uuv_assistants:/home/osansubuntumachine/ros2_ws/install/uuv_gazebo_ros_plugins_msgs:/home/osansubuntumachine/ros2_ws/install/plankton_utils:/opt/ros/foxy LD_LIBRARY_PATH=/home/osansubuntumachine/ros2_ws/install/uuv_gazebo_ros_plugins_msgs/lib:${LD_LIBRARY_PATH} PYTHONPATH=/home/osansubuntumachine/ros2_ws/install/uuv_assistants/lib/python3.8/site-packages:/home/osansubuntumachine/ros2_ws/install/uuv_gazebo_ros_plugins_msgs/lib/python3.8/site-packages:/home/osansubuntumachine/ros2_ws/install/plankton_utils/lib/python3.8/site-packages:${PYTHONPATH} /usr/bin/cmake --build /home/osansubuntumachine/ros2_ws/build/uuv_thruster_manager -- -j4 -l4
[0.178s] [ 10%] Built target uuv_thruster_manager__rosidl_generator_c
[0.180s] [ 12%] Built target uuv_thruster_manager__cpp
[0.269s] [ 23%] Built target uuv_thruster_manager__rosidl_typesupport_cpp
[0.276s] [ 34%] Built target uuv_thruster_manager__rosidl_typesupport_fastrtps_cpp
[0.283s] [ 45%] Built target uuv_thruster_manager__rosidl_typesupport_introspection_c
[0.285s] [ 56%] Built target uuv_thruster_manager__rosidl_typesupport_c
[0.351s] [ 67%] Built target uuv_thruster_manager__rosidl_typesupport_introspection_cpp
[0.356s] [ 78%] Built target uuv_thruster_manager__rosidl_typesupport_fastrtps_c
[0.380s] [ 78%] Built target uuv_thruster_manager
[0.411s] [ 80%] Built target uuv_thruster_manager__py
[0.463s] [ 89%] Built target uuv_thruster_manager__python
[0.491s] [ 92%] Built target uuv_thruster_manager__rosidl_typesupport_fastrtps_c__pyext
[0.501s] [ 96%] Built target uuv_thruster_manager__rosidl_typesupport_c__pyext
[0.518s] [100%] Built target uuv_thruster_manager__rosidl_typesupport_introspection_c__pyext
[0.530s] Invoked command in '/home/osansubuntumachine/ros2_ws/build/uuv_thruster_manager' returned '0': AMENT_PREFIX_PATH=/home/osansubuntumachine/ros2_ws/install/uuv_assistants:/home/osansubuntumachine/ros2_ws/install/uuv_gazebo_ros_plugins_msgs:/home/osansubuntumachine/ros2_ws/install/plankton_utils:${AMENT_PREFIX_PATH} CMAKE_PREFIX_PATH=/home/osansubuntumachine/ros2_ws/install/uuv_assistants:/home/osansubuntumachine/ros2_ws/install/uuv_gazebo_ros_plugins_msgs:/home/osansubuntumachine/ros2_ws/install/plankton_utils:/opt/ros/foxy LD_LIBRARY_PATH=/home/osansubuntumachine/ros2_ws/install/uuv_gazebo_ros_plugins_msgs/lib:${LD_LIBRARY_PATH} PYTHONPATH=/home/osansubuntumachine/ros2_ws/install/uuv_assistants/lib/python3.8/site-packages:/home/osansubuntumachine/ros2_ws/install/uuv_gazebo_ros_plugins_msgs/lib/python3.8/site-packages:/home/osansubuntumachine/ros2_ws/install/plankton_utils/lib/python3.8/site-packages:${PYTHONPATH} /usr/bin/cmake --build /home/osansubuntumachine/ros2_ws/build/uuv_thruster_manager -- -j4 -l4
[0.535s] Invoking command in '/home/osansubuntumachine/ros2_ws/build/uuv_thruster_manager': AMENT_PREFIX_PATH=/home/osansubuntumachine/ros2_ws/install/uuv_assistants:/home/osansubuntumachine/ros2_ws/install/uuv_gazebo_ros_plugins_msgs:/home/osansubuntumachine/ros2_ws/install/plankton_utils:${AMENT_PREFIX_PATH} CMAKE_PREFIX_PATH=/home/osansubuntumachine/ros2_ws/install/uuv_assistants:/home/osansubuntumachine/ros2_ws/install/uuv_gazebo_ros_plugins_msgs:/home/osansubuntumachine/ros2_ws/install/plankton_utils:/opt/ros/foxy LD_LIBRARY_PATH=/home/osansubuntumachine/ros2_ws/install/uuv_gazebo_ros_plugins_msgs/lib:${LD_LIBRARY_PATH} PYTHONPATH=/home/osansubuntumachine/ros2_ws/install/uuv_assistants/lib/python3.8/site-packages:/home/osansubuntumachine/ros2_ws/install/uuv_gazebo_ros_plugins_msgs/lib/python3.8/site-packages:/home/osansubuntumachine/ros2_ws/install/plankton_utils/lib/python3.8/site-packages:${PYTHONPATH} /usr/bin/cmake --install /home/osansubuntumachine/ros2_ws/build/uuv_thruster_manager
[0.551s] -- Install configuration: ""
[0.554s] -- Up-to-date: /home/osansubuntumachine/ros2_ws/install/uuv_thruster_manager/share/ament_index/resource_index/rosidl_interfaces/uuv_thruster_manager
[0.554s] -- Up-to-date: /home/osansubuntumachine/ros2_ws/install/uuv_thruster_manager/include/uuv_thruster_manager
[0.554s] -- Up-to-date: /home/osansubuntumachine/ros2_ws/install/uuv_thruster_manager/include/uuv_thruster_manager/msg
[0.554s] -- Up-to-date: /home/osansubuntumachine/ros2_ws/install/uuv_thruster_manager/include/uuv_thruster_manager/msg/rosidl_generator_c__visibility_control.h
[0.554s] -- Up-to-date: /home/osansubuntumachine/ros2_ws/install/uuv_thruster_manager/include/uuv_thruster_manager/srv
[0.555s] -- Up-to-date: /home/osansubuntumachine/ros2_ws/install/uuv_thruster_manager/include/uuv_thruster_manager/srv/set_thruster_manager_config.h
[0.555s] -- Up-to-date: /home/osansubuntumachine/ros2_ws/install/uuv_thruster_manager/include/uuv_thruster_manager/srv/thruster_manager_info.h
[0.555s] -- Up-to-date: /home/osansubuntumachine/ros2_ws/install/uuv_thruster_manager/include/uuv_thruster_manager/srv/get_thruster_curve.h
[0.555s] -- Up-to-date: /home/osansubuntumachine/ros2_ws/install/uuv_thruster_manager/include/uuv_thruster_manager/srv/get_thruster_manager_config.h
[0.555s] -- Up-to-date: /home/osansubuntumachine/ros2_ws/install/uuv_thruster_manager/include/uuv_thruster_manager/srv/detail
[0.556s] -- Up-to-date: /home/osansubuntumachine/ros2_ws/install/uuv_thruster_manager/include/uuv_thruster_manager/srv/detail/set_thruster_manager_config__type_support.h
[0.556s] -- Up-to-date: /home/osansubuntumachine/ros2_ws/install/uuv_thruster_manager/include/uuv_thruster_manager/srv/detail/set_thruster_manager_config__struct.h
[0.556s] -- Up-to-date: /home/osansubuntumachine/ros2_ws/install/uuv_thruster_manager/include/uuv_thruster_manager/srv/detail/get_thruster_manager_config__functions.c
[0.556s] -- Up-to-date: /home/osansubuntumachine/ros2_ws/install/uuv_thruster_manager/include/uuv_thruster_manager/srv/detail/get_thruster_curve__struct.h
[0.556s] -- Up-to-date: /home/osansubuntumachine/ros2_ws/install/uuv_thruster_manager/include/uuv_thruster_manager/srv/detail/get_thruster_manager_config__type_support.h
[0.557s] -- Up-to-date: /home/osansubuntumachine/ros2_ws/install/uuv_thruster_manager/include/uuv_thruster_manager/srv/detail/set_thruster_manager_config__functions.c
[0.557s] -- Up-to-date: /home/osansubuntumachine/ros2_ws/install/uuv_thruster_manager/include/uuv_thruster_manager/srv/detail/get_thruster_curve__functions.h
[0.557s] -- Up-to-date: /home/osansubuntumachine/ros2_ws/install/uuv_thruster_manager/include/uuv_thruster_manager/srv/detail/get_thruster_curve__type_support.h
[0.557s] -- Up-to-date: /home/osansubuntumachine/ros2_ws/install/uuv_thruster_manager/include/uuv_thruster_manager/srv/detail/get_thruster_manager_config__struct.h
[0.557s] -- Up-to-date: /home/osansubuntumachine/ros2_ws/install/uuv_thruster_manager/include/uuv_thruster_manager/srv/detail/thruster_manager_info__functions.c
[0.557s] -- Up-to-date: /home/osansubuntumachine/ros2_ws/install/uuv_thruster_manager/include/uuv_thruster_manager/srv/detail/thruster_manager_info__functions.h
[0.557s] -- Up-to-date: /home/osansubuntumachine/ros2_ws/install/uuv_thruster_manager/include/uuv_thruster_manager/srv/detail/thruster_manager_info__type_support.h
[0.558s] -- Up-to-date: /home/osansubuntumachine/ros2_ws/install/uuv_thruster_manager/include/uuv_thruster_manager/srv/detail/get_thruster_curve__functions.c
[0.558s] -- Up-to-date: /home/osansubuntumachine/ros2_ws/install/uuv_thruster_manager/include/uuv_thruster_manager/srv/detail/get_thruster_manager_config__functions.h
[0.558s] -- Up-to-date: /home/osansubuntumachine/ros2_ws/install/uuv_thruster_manager/include/uuv_thruster_manager/srv/detail/thruster_manager_info__struct.h
[0.558s] -- Up-to-date: /home/osansubuntumachine/ros2_ws/install/uuv_thruster_manager/include/uuv_thruster_manager/srv/detail/set_thruster_manager_config__functions.h
[0.558s] -- Up-to-date: /home/osansubuntumachine/ros2_ws/install/uuv_thruster_manager/share/uuv_thruster_manager/environment/library_path.sh
[0.559s] -- Up-to-date: /home/osansubuntumachine/ros2_ws/install/uuv_thruster_manager/share/uuv_thruster_manager/environment/library_path.dsv
[0.561s] -- Up-to-date: /home/osansubuntumachine/ros2_ws/install/uuv_thruster_manager/lib/libuuv_thruster_manager__rosidl_generator_c.so
[0.561s] -- Up-to-date: /home/osansubuntumachine/ros2_ws/install/uuv_thruster_manager/include/uuv_thruster_manager
[0.561s] -- Up-to-date: /home/osansubuntumachine/ros2_ws/install/uuv_thruster_manager/include/uuv_thruster_manager/msg
[0.561s] -- Up-to-date: /home/osansubuntumachine/ros2_ws/install/uuv_thruster_manager/include/uuv_thruster_manager/msg/rosidl_typesupport_fastrtps_c__visibility_control.h
[0.561s] -- Up-to-date: /home/osansubuntumachine/ros2_ws/install/uuv_thruster_manager/include/uuv_thruster_manager/srv
[0.561s] -- Up-to-date: /home/osansubuntumachine/ros2_ws/install/uuv_thruster_manager/include/uuv_thruster_manager/srv/detail
[0.561s] -- Up-to-date: /home/osansubuntumachine/ros2_ws/install/uuv_thruster_manager/include/uuv_thruster_manager/srv/detail/set_thruster_manager_config__rosidl_typesupport_fastrtps_c.h
[0.562s] -- Up-to-date: /home/osansubuntumachine/ros2_ws/install/uuv_thruster_manager/include/uuv_thruster_manager/srv/detail/thruster_manager_info__rosidl_typesupport_fastrtps_c.h
[0.562s] -- Up-to-date: /home/osansubuntumachine/ros2_ws/install/uuv_thruster_manager/include/uuv_thruster_manager/srv/detail/get_thruster_curve__rosidl_typesupport_fastrtps_c.h
[0.564s] -- Up-to-date: /home/osansubuntumachine/ros2_ws/install/uuv_thruster_manager/include/uuv_thruster_manager/srv/detail/get_thruster_manager_config__rosidl_typesupport_fastrtps_c.h
[0.566s] -- Up-to-date: /home/osansubuntumachine/ros2_ws/install/uuv_thruster_manager/lib/libuuv_thruster_manager__rosidl_typesupport_fastrtps_c.so
[0.566s] -- Up-to-date: /home/osansubuntumachine/ros2_ws/install/uuv_thruster_manager/include/uuv_thruster_manager
[0.566s] -- Up-to-date: /home/osansubuntumachine/ros2_ws/install/uuv_thruster_manager/include/uuv_thruster_manager/msg
[0.566s] -- Up-to-date: /home/osansubuntumachine/ros2_ws/install/uuv_thruster_manager/include/uuv_thruster_manager/msg/rosidl_typesupport_fastrtps_cpp__visibility_control.h
[0.566s] -- Up-to-date: /home/osansubuntumachine/ros2_ws/install/uuv_thruster_manager/include/uuv_thruster_manager/srv
[0.566s] -- Up-to-date: /home/osansubuntumachine/ros2_ws/install/uuv_thruster_manager/include/uuv_thruster_manager/srv/detail
[0.566s] -- Up-to-date: /home/osansubuntumachine/ros2_ws/install/uuv_thruster_manager/include/uuv_thruster_manager/srv/detail/get_thruster_curve__rosidl_typesupport_fastrtps_cpp.hpp
[0.566s] -- Up-to-date: /home/osansubuntumachine/ros2_ws/install/uuv_thruster_manager/include/uuv_thruster_manager/srv/detail/thruster_manager_info__rosidl_typesupport_fastrtps_cpp.hpp
[0.567s] -- Up-to-date: /home/osansubuntumachine/ros2_ws/install/uuv_thruster_manager/include/uuv_thruster_manager/srv/detail/set_thruster_manager_config__rosidl_typesupport_fastrtps_cpp.hpp
[0.567s] -- Up-to-date: /home/osansubuntumachine/ros2_ws/install/uuv_thruster_manager/include/uuv_thruster_manager/srv/detail/dds_fastrtps
[0.567s] -- Up-to-date: /home/osansubuntumachine/ros2_ws/install/uuv_thruster_manager/include/uuv_thruster_manager/srv/detail/get_thruster_manager_config__rosidl_typesupport_fastrtps_cpp.hpp
[0.567s] -- Up-to-date: /home/osansubuntumachine/ros2_ws/install/uuv_thruster_manager/lib/libuuv_thruster_manager__rosidl_typesupport_fastrtps_cpp.so
[0.568s] -- Up-to-date: /home/osansubuntumachine/ros2_ws/install/uuv_thruster_manager/include/uuv_thruster_manager
[0.568s] -- Up-to-date: /home/osansubuntumachine/ros2_ws/install/uuv_thruster_manager/include/uuv_thruster_manager/msg
[0.568s] -- Up-to-date: /home/osansubuntumachine/ros2_ws/install/uuv_thruster_manager/include/uuv_thruster_manager/msg/rosidl_typesupport_introspection_c__visibility_control.h
[0.568s] -- Up-to-date: /home/osansubuntumachine/ros2_ws/install/uuv_thruster_manager/include/uuv_thruster_manager/srv
[0.568s] -- Up-to-date: /home/osansubuntumachine/ros2_ws/install/uuv_thruster_manager/include/uuv_thruster_manager/srv/detail
[0.568s] -- Up-to-date: /home/osansubuntumachine/ros2_ws/install/uuv_thruster_manager/include/uuv_thruster_manager/srv/detail/thruster_manager_info__rosidl_typesupport_introspection_c.h
[0.569s] -- Up-to-date: /home/osansubuntumachine/ros2_ws/install/uuv_thruster_manager/include/uuv_thruster_manager/srv/detail/thruster_manager_info__type_support.c
[0.569s] -- Up-to-date: /home/osansubuntumachine/ros2_ws/install/uuv_thruster_manager/include/uuv_thruster_manager/srv/detail/get_thruster_manager_config__type_support.c
[0.569s] -- Up-to-date: /home/osansubuntumachine/ros2_ws/install/uuv_thruster_manager/include/uuv_thruster_manager/srv/detail/get_thruster_curve__type_support.c
[0.569s] -- Up-to-date: /home/osansubuntumachine/ros2_ws/install/uuv_thruster_manager/include/uuv_thruster_manager/srv/detail/set_thruster_manager_config__rosidl_typesupport_introspection_c.h
[0.569s] -- Up-to-date: /home/osansubuntumachine/ros2_ws/install/uuv_thruster_manager/include/uuv_thruster_manager/srv/detail/get_thruster_curve__rosidl_typesupport_introspection_c.h
[0.569s] -- Up-to-date: /home/osansubuntumachine/ros2_ws/install/uuv_thruster_manager/include/uuv_thruster_manager/srv/detail/get_thruster_manager_config__rosidl_typesupport_introspection_c.h
[0.570s] -- Up-to-date: /home/osansubuntumachine/ros2_ws/install/uuv_thruster_manager/include/uuv_thruster_manager/srv/detail/set_thruster_manager_config__type_support.c
[0.570s] -- Up-to-date: /home/osansubuntumachine/ros2_ws/install/uuv_thruster_manager/lib/libuuv_thruster_manager__rosidl_typesupport_introspection_c.so
[0.573s] -- Up-to-date: /home/osansubuntumachine/ros2_ws/install/uuv_thruster_manager/lib/libuuv_thruster_manager__rosidl_typesupport_c.so
[0.573s] -- Up-to-date: /home/osansubuntumachine/ros2_ws/install/uuv_thruster_manager/include/uuv_thruster_manager
[0.573s] -- Up-to-date: /home/osansubuntumachine/ros2_ws/install/uuv_thruster_manager/include/uuv_thruster_manager/msg
[0.573s] -- Up-to-date: /home/osansubuntumachine/ros2_ws/install/uuv_thruster_manager/include/uuv_thruster_manager/msg/rosidl_generator_cpp__visibility_control.hpp
[0.574s] -- Up-to-date: /home/osansubuntumachine/ros2_ws/install/uuv_thruster_manager/include/uuv_thruster_manager/srv
[0.574s] -- Up-to-date: /home/osansubuntumachine/ros2_ws/install/uuv_thruster_manager/include/uuv_thruster_manager/srv/thruster_manager_info.hpp
[0.574s] -- Up-to-date: /home/osansubuntumachine/ros2_ws/install/uuv_thruster_manager/include/uuv_thruster_manager/srv/set_thruster_manager_config.hpp
[0.574s] -- Up-to-date: /home/osansubuntumachine/ros2_ws/install/uuv_thruster_manager/include/uuv_thruster_manager/srv/get_thruster_curve.hpp
[0.574s] -- Up-to-date: /home/osansubuntumachine/ros2_ws/install/uuv_thruster_manager/include/uuv_thruster_manager/srv/get_thruster_manager_config.hpp
[0.574s] -- Up-to-date: /home/osansubuntumachine/ros2_ws/install/uuv_thruster_manager/include/uuv_thruster_manager/srv/detail
[0.574s] -- Up-to-date: /home/osansubuntumachine/ros2_ws/install/uuv_thruster_manager/include/uuv_thruster_manager/srv/detail/thruster_manager_info__traits.hpp
[0.575s] -- Up-to-date: /home/osansubuntumachine/ros2_ws/install/uuv_thruster_manager/include/uuv_thruster_manager/srv/detail/set_thruster_manager_config__struct.hpp
[0.575s] -- Up-to-date: /home/osansubuntumachine/ros2_ws/install/uuv_thruster_manager/include/uuv_thruster_manager/srv/detail/get_thruster_manager_config__struct.hpp
[0.575s] -- Up-to-date: /home/osansubuntumachine/ros2_ws/install/uuv_thruster_manager/include/uuv_thruster_manager/srv/detail/get_thruster_curve__type_support.hpp
[0.575s] -- Up-to-date: /home/osansubuntumachine/ros2_ws/install/uuv_thruster_manager/include/uuv_thruster_manager/srv/detail/get_thruster_manager_config__type_support.hpp
[0.576s] -- Up-to-date: /home/osansubuntumachine/ros2_ws/install/uuv_thruster_manager/include/uuv_thruster_manager/srv/detail/thruster_manager_info__type_support.hpp
[0.576s] -- Up-to-date: /home/osansubuntumachine/ros2_ws/install/uuv_thruster_manager/include/uuv_thruster_manager/srv/detail/set_thruster_manager_config__builder.hpp
[0.576s] -- Up-to-date: /home/osansubuntumachine/ros2_ws/install/uuv_thruster_manager/include/uuv_thruster_manager/srv/detail/get_thruster_manager_config__builder.hpp
[0.577s] -- Up-to-date: /home/osansubuntumachine/ros2_ws/install/uuv_thruster_manager/include/uuv_thruster_manager/srv/detail/set_thruster_manager_config__type_support.hpp
[0.578s] -- Up-to-date: /home/osansubuntumachine/ros2_ws/install/uuv_thruster_manager/include/uuv_thruster_manager/srv/detail/get_thruster_manager_config__traits.hpp
[0.578s] -- Up-to-date: /home/osansubuntumachine/ros2_ws/install/uuv_thruster_manager/include/uuv_thruster_manager/srv/detail/get_thruster_curve__struct.hpp
[0.578s] -- Up-to-date: /home/osansubuntumachine/ros2_ws/install/uuv_thruster_manager/include/uuv_thruster_manager/srv/detail/thruster_manager_info__struct.hpp
[0.578s] -- Up-to-date: /home/osansubuntumachine/ros2_ws/install/uuv_thruster_manager/include/uuv_thruster_manager/srv/detail/get_thruster_curve__builder.hpp
[0.578s] -- Up-to-date: /home/osansubuntumachine/ros2_ws/install/uuv_thruster_manager/include/uuv_thruster_manager/srv/detail/get_thruster_curve__traits.hpp
[0.578s] -- Up-to-date: /home/osansubuntumachine/ros2_ws/install/uuv_thruster_manager/include/uuv_thruster_manager/srv/detail/thruster_manager_info__builder.hpp
[0.579s] -- Up-to-date: /home/osansubuntumachine/ros2_ws/install/uuv_thruster_manager/include/uuv_thruster_manager/srv/detail/set_thruster_manager_config__traits.hpp
[0.579s] -- Up-to-date: /home/osansubuntumachine/ros2_ws/install/uuv_thruster_manager/include/uuv_thruster_manager
[0.579s] -- Up-to-date: /home/osansubuntumachine/ros2_ws/install/uuv_thruster_manager/include/uuv_thruster_manager/srv
[0.579s] -- Up-to-date: /home/osansubuntumachine/ros2_ws/install/uuv_thruster_manager/include/uuv_thruster_manager/srv/detail
[0.579s] -- Up-to-date: /home/osansubuntumachine/ros2_ws/install/uuv_thruster_manager/include/uuv_thruster_manager/srv/detail/set_thruster_manager_config__type_support.cpp
[0.579s] -- Up-to-date: /home/osansubuntumachine/ros2_ws/install/uuv_thruster_manager/include/uuv_thruster_manager/srv/detail/set_thruster_manager_config__rosidl_typesupport_introspection_cpp.hpp
[0.579s] -- Up-to-date: /home/osansubuntumachine/ros2_ws/install/uuv_thruster_manager/include/uuv_thruster_manager/srv/detail/get_thruster_curve__type_support.cpp
[0.579s] -- Up-to-date: /home/osansubuntumachine/ros2_ws/install/uuv_thruster_manager/include/uuv_thruster_manager/srv/detail/thruster_manager_info__rosidl_typesupport_introspection_cpp.hpp
[0.579s] -- Up-to-date: /home/osansubuntumachine/ros2_ws/install/uuv_thruster_manager/include/uuv_thruster_manager/srv/detail/get_thruster_manager_config__type_support.cpp
[0.580s] -- Up-to-date: /home/osansubuntumachine/ros2_ws/install/uuv_thruster_manager/include/uuv_thruster_manager/srv/detail/get_thruster_manager_config__rosidl_typesupport_introspection_cpp.hpp
[0.580s] -- Up-to-date: /home/osansubuntumachine/ros2_ws/install/uuv_thruster_manager/include/uuv_thruster_manager/srv/detail/thruster_manager_info__type_support.cpp
[0.580s] -- Up-to-date: /home/osansubuntumachine/ros2_ws/install/uuv_thruster_manager/include/uuv_thruster_manager/srv/detail/get_thruster_curve__rosidl_typesupport_introspection_cpp.hpp
[0.580s] -- Up-to-date: /home/osansubuntumachine/ros2_ws/install/uuv_thruster_manager/lib/libuuv_thruster_manager__rosidl_typesupport_introspection_cpp.so
[0.580s] -- Up-to-date: /home/osansubuntumachine/ros2_ws/install/uuv_thruster_manager/lib/libuuv_thruster_manager__rosidl_typesupport_cpp.so
[0.580s] -- Up-to-date: /home/osansubuntumachine/ros2_ws/install/uuv_thruster_manager/share/uuv_thruster_manager/environment/pythonpath.sh
[0.580s] -- Up-to-date: /home/osansubuntumachine/ros2_ws/install/uuv_thruster_manager/share/uuv_thruster_manager/environment/pythonpath.dsv
[0.582s] -- Up-to-date: /home/osansubuntumachine/ros2_ws/install/uuv_thruster_manager/lib/python3.8/site-packages/uuv_thruster_manager/__init__.py
[0.604s] -- Up-to-date: /home/osansubuntumachine/ros2_ws/install/uuv_thruster_manager/lib/python3.8/site-packages/uuv_thruster_manager/srv
[0.604s] -- Up-to-date: /home/osansubuntumachine/ros2_ws/install/uuv_thruster_manager/lib/python3.8/site-packages/uuv_thruster_manager/srv/_get_thruster_manager_config.py
[0.604s] -- Up-to-date: /home/osansubuntumachine/ros2_ws/install/uuv_thruster_manager/lib/python3.8/site-packages/uuv_thruster_manager/srv/_thruster_manager_info.py
[0.605s] -- Up-to-date: /home/osansubuntumachine/ros2_ws/install/uuv_thruster_manager/lib/python3.8/site-packages/uuv_thruster_manager/srv/__init__.py
[0.605s] -- Up-to-date: /home/osansubuntumachine/ros2_ws/install/uuv_thruster_manager/lib/python3.8/site-packages/uuv_thruster_manager/srv/_get_thruster_curve.py
[0.605s] -- Up-to-date: /home/osansubuntumachine/ros2_ws/install/uuv_thruster_manager/lib/python3.8/site-packages/uuv_thruster_manager/srv/_get_thruster_manager_config_s.c
[0.605s] -- Up-to-date: /home/osansubuntumachine/ros2_ws/install/uuv_thruster_manager/lib/python3.8/site-packages/uuv_thruster_manager/srv/_thruster_manager_info_s.c
[0.605s] -- Up-to-date: /home/osansubuntumachine/ros2_ws/install/uuv_thruster_manager/lib/python3.8/site-packages/uuv_thruster_manager/srv/_set_thruster_manager_config.py
[0.605s] -- Up-to-date: /home/osansubuntumachine/ros2_ws/install/uuv_thruster_manager/lib/python3.8/site-packages/uuv_thruster_manager/srv/_set_thruster_manager_config_s.c
[0.605s] -- Up-to-date: /home/osansubuntumachine/ros2_ws/install/uuv_thruster_manager/lib/python3.8/site-packages/uuv_thruster_manager/srv/_get_thruster_curve_s.c
[0.606s] -- Up-to-date: /home/osansubuntumachine/ros2_ws/install/uuv_thruster_manager/lib/python3.8/site-packages/uuv_thruster_manager/uuv_thruster_manager_s__rosidl_typesupport_fastrtps_c.cpython-38-x86_64-linux-gnu.so
[0.608s] -- Up-to-date: /home/osansubuntumachine/ros2_ws/install/uuv_thruster_manager/lib/python3.8/site-packages/uuv_thruster_manager/uuv_thruster_manager_s__rosidl_typesupport_introspection_c.cpython-38-x86_64-linux-gnu.so
[0.610s] -- Up-to-date: /home/osansubuntumachine/ros2_ws/install/uuv_thruster_manager/lib/python3.8/site-packages/uuv_thruster_manager/uuv_thruster_manager_s__rosidl_typesupport_c.cpython-38-x86_64-linux-gnu.so
[0.611s] -- Up-to-date: /home/osansubuntumachine/ros2_ws/install/uuv_thruster_manager/lib/libuuv_thruster_manager__python.so
[0.611s] -- Up-to-date: /home/osansubuntumachine/ros2_ws/install/uuv_thruster_manager/share/uuv_thruster_manager/srv/GetThrusterCurve.idl
[0.612s] -- Up-to-date: /home/osansubuntumachine/ros2_ws/install/uuv_thruster_manager/share/uuv_thruster_manager/srv/ThrusterManagerInfo.idl
[0.612s] -- Up-to-date: /home/osansubuntumachine/ros2_ws/install/uuv_thruster_manager/share/uuv_thruster_manager/srv/SetThrusterManagerConfig.idl
[0.612s] -- Up-to-date: /home/osansubuntumachine/ros2_ws/install/uuv_thruster_manager/share/uuv_thruster_manager/srv/GetThrusterManagerConfig.idl
[0.612s] -- Up-to-date: /home/osansubuntumachine/ros2_ws/install/uuv_thruster_manager/share/uuv_thruster_manager/srv/GetThrusterCurve.srv
[0.612s] -- Up-to-date: /home/osansubuntumachine/ros2_ws/install/uuv_thruster_manager/share/uuv_thruster_manager/srv/GetThrusterCurve_Request.msg
[0.612s] -- Up-to-date: /home/osansubuntumachine/ros2_ws/install/uuv_thruster_manager/share/uuv_thruster_manager/srv/GetThrusterCurve_Response.msg
[0.612s] -- Up-to-date: /home/osansubuntumachine/ros2_ws/install/uuv_thruster_manager/share/uuv_thruster_manager/srv/ThrusterManagerInfo.srv
[0.612s] -- Up-to-date: /home/osansubuntumachine/ros2_ws/install/uuv_thruster_manager/share/uuv_thruster_manager/srv/ThrusterManagerInfo_Request.msg
[0.612s] -- Up-to-date: /home/osansubuntumachine/ros2_ws/install/uuv_thruster_manager/share/uuv_thruster_manager/srv/ThrusterManagerInfo_Response.msg
[0.612s] -- Up-to-date: /home/osansubuntumachine/ros2_ws/install/uuv_thruster_manager/share/uuv_thruster_manager/srv/SetThrusterManagerConfig.srv
[0.612s] -- Up-to-date: /home/osansubuntumachine/ros2_ws/install/uuv_thruster_manager/share/uuv_thruster_manager/srv/SetThrusterManagerConfig_Request.msg
[0.612s] -- Up-to-date: /home/osansubuntumachine/ros2_ws/install/uuv_thruster_manager/share/uuv_thruster_manager/srv/SetThrusterManagerConfig_Response.msg
[0.612s] -- Up-to-date: /home/osansubuntumachine/ros2_ws/install/uuv_thruster_manager/share/uuv_thruster_manager/srv/GetThrusterManagerConfig.srv
[0.612s] -- Up-to-date: /home/osansubuntumachine/ros2_ws/install/uuv_thruster_manager/share/uuv_thruster_manager/srv/GetThrusterManagerConfig_Request.msg
[0.612s] -- Up-to-date: /home/osansubuntumachine/ros2_ws/install/uuv_thruster_manager/share/uuv_thruster_manager/srv/GetThrusterManagerConfig_Response.msg
[0.613s] -- Up-to-date: /home/osansubuntumachine/ros2_ws/install/uuv_thruster_manager/lib/python3.8/site-packages/uuv_thrusters
[0.613s] -- Up-to-date: /home/osansubuntumachine/ros2_ws/install/uuv_thruster_manager/lib/python3.8/site-packages/uuv_thrusters/models
[0.614s] -- Up-to-date: /home/osansubuntumachine/ros2_ws/install/uuv_thruster_manager/lib/python3.8/site-packages/uuv_thrusters/models/thruster_proportional.py
[0.614s] -- Up-to-date: /home/osansubuntumachine/ros2_ws/install/uuv_thruster_manager/lib/python3.8/site-packages/uuv_thrusters/models/thruster_custom.py
[0.614s] -- Up-to-date: /home/osansubuntumachine/ros2_ws/install/uuv_thruster_manager/lib/python3.8/site-packages/uuv_thrusters/models/__init__.py
[0.614s] -- Up-to-date: /home/osansubuntumachine/ros2_ws/install/uuv_thruster_manager/lib/python3.8/site-packages/uuv_thrusters/models/thruster.py
[0.614s] -- Up-to-date: /home/osansubuntumachine/ros2_ws/install/uuv_thruster_manager/lib/python3.8/site-packages/uuv_thrusters/__init__.py
[0.614s] -- Up-to-date: /home/osansubuntumachine/ros2_ws/install/uuv_thruster_manager/lib/python3.8/site-packages/uuv_thrusters/thruster_manager.py
[0.643s] Listing '/home/osansubuntumachine/ros2_ws/install/uuv_thruster_manager/lib/python3.8/site-packages/uuv_thrusters'...
[0.643s] Listing '/home/osansubuntumachine/ros2_ws/install/uuv_thruster_manager/lib/python3.8/site-packages/uuv_thrusters/models'...
[0.646s] -- Up-to-date: /home/osansubuntumachine/ros2_ws/install/uuv_thruster_manager/lib/python3.8/site-packages/uuv_thrusters.models
[0.646s] -- Up-to-date: /home/osansubuntumachine/ros2_ws/install/uuv_thruster_manager/lib/python3.8/site-packages/uuv_thrusters.models/thruster_proportional.py
[0.646s] -- Up-to-date: /home/osansubuntumachine/ros2_ws/install/uuv_thruster_manager/lib/python3.8/site-packages/uuv_thrusters.models/thruster_custom.py
[0.646s] -- Up-to-date: /home/osansubuntumachine/ros2_ws/install/uuv_thruster_manager/lib/python3.8/site-packages/uuv_thrusters.models/__init__.py
[0.646s] -- Up-to-date: /home/osansubuntumachine/ros2_ws/install/uuv_thruster_manager/lib/python3.8/site-packages/uuv_thrusters.models/thruster.py
[0.682s] Listing '/home/osansubuntumachine/ros2_ws/install/uuv_thruster_manager/lib/python3.8/site-packages/uuv_thrusters.models'...
[0.685s] -- Up-to-date: /home/osansubuntumachine/ros2_ws/install/uuv_thruster_manager/lib/uuv_thruster_manager/thruster_allocator.py
[0.685s] -- Up-to-date: /home/osansubuntumachine/ros2_ws/install/uuv_thruster_manager/share/uuv_thruster_manager/launch
[0.686s] -- Up-to-date: /home/osansubuntumachine/ros2_ws/install/uuv_thruster_manager/share/uuv_thruster_manager/launch/thruster_manager.launch
[0.686s] -- Up-to-date: /home/osansubuntumachine/ros2_ws/install/uuv_thruster_manager/share/uuv_thruster_manager/config
[0.686s] -- Up-to-date: /home/osansubuntumachine/ros2_ws/install/uuv_thruster_manager/share/uuv_thruster_manager/config/rexrov
[0.687s] -- Up-to-date: /home/osansubuntumachine/ros2_ws/install/uuv_thruster_manager/share/uuv_thruster_manager/config/rexrov/thruster_manager.yaml
[0.687s] -- Up-to-date: /home/osansubuntumachine/ros2_ws/install/uuv_thruster_manager/share/uuv_thruster_manager/config/rexrov/TAM.yaml
[0.687s] -- Up-to-date: /home/osansubuntumachine/ros2_ws/install/uuv_thruster_manager/share/ament_index/resource_index/package_run_dependencies/uuv_thruster_manager
[0.688s] -- Up-to-date: /home/osansubuntumachine/ros2_ws/install/uuv_thruster_manager/share/ament_index/resource_index/parent_prefix_path/uuv_thruster_manager
[0.688s] -- Up-to-date: /home/osansubuntumachine/ros2_ws/install/uuv_thruster_manager/share/uuv_thruster_manager/environment/ament_prefix_path.sh
[0.688s] -- Up-to-date: /home/osansubuntumachine/ros2_ws/install/uuv_thruster_manager/share/uuv_thruster_manager/environment/ament_prefix_path.dsv
[0.688s] -- Up-to-date: /home/osansubuntumachine/ros2_ws/install/uuv_thruster_manager/share/uuv_thruster_manager/environment/path.sh
[0.688s] -- Up-to-date: /home/osansubuntumachine/ros2_ws/install/uuv_thruster_manager/share/uuv_thruster_manager/environment/path.dsv
[0.688s] -- Up-to-date: /home/osansubuntumachine/ros2_ws/install/uuv_thruster_manager/share/uuv_thruster_manager/local_setup.bash
[0.689s] -- Up-to-date: /home/osansubuntumachine/ros2_ws/install/uuv_thruster_manager/share/uuv_thruster_manager/local_setup.sh
[0.689s] -- Up-to-date: /home/osansubuntumachine/ros2_ws/install/uuv_thruster_manager/share/uuv_thruster_manager/local_setup.zsh
[0.689s] -- Up-to-date: /home/osansubuntumachine/ros2_ws/install/uuv_thruster_manager/share/uuv_thruster_manager/local_setup.dsv
[0.689s] -- Installing: /home/osansubuntumachine/ros2_ws/install/uuv_thruster_manager/share/uuv_thruster_manager/package.dsv
[0.689s] -- Up-to-date: /home/osansubuntumachine/ros2_ws/install/uuv_thruster_manager/share/ament_index/resource_index/packages/uuv_thruster_manager
[0.692s] -- Up-to-date: /home/osansubuntumachine/ros2_ws/install/uuv_thruster_manager/share/uuv_thruster_manager/cmake/uuv_thruster_manager__rosidl_generator_cExport.cmake
[0.692s] -- Up-to-date: /home/osansubuntumachine/ros2_ws/install/uuv_thruster_manager/share/uuv_thruster_manager/cmake/uuv_thruster_manager__rosidl_generator_cExport-noconfig.cmake
[0.693s] -- Up-to-date: /home/osansubuntumachine/ros2_ws/install/uuv_thruster_manager/share/uuv_thruster_manager/cmake/uuv_thruster_manager__rosidl_typesupport_introspection_cExport.cmake
[0.693s] -- Up-to-date: /home/osansubuntumachine/ros2_ws/install/uuv_thruster_manager/share/uuv_thruster_manager/cmake/uuv_thruster_manager__rosidl_typesupport_introspection_cExport-noconfig.cmake
[0.693s] -- Up-to-date: /home/osansubuntumachine/ros2_ws/install/uuv_thruster_manager/share/uuv_thruster_manager/cmake/uuv_thruster_manager__rosidl_typesupport_cExport.cmake
[0.693s] -- Up-to-date: /home/osansubuntumachine/ros2_ws/install/uuv_thruster_manager/share/uuv_thruster_manager/cmake/uuv_thruster_manager__rosidl_typesupport_cExport-noconfig.cmake
[0.694s] -- Up-to-date: /home/osansubuntumachine/ros2_ws/install/uuv_thruster_manager/share/uuv_thruster_manager/cmake/uuv_thruster_manager__rosidl_generator_cppExport.cmake
[0.695s] -- Up-to-date: /home/osansubuntumachine/ros2_ws/install/uuv_thruster_manager/share/uuv_thruster_manager/cmake/uuv_thruster_manager__rosidl_typesupport_introspection_cppExport.cmake
[0.695s] -- Up-to-date: /home/osansubuntumachine/ros2_ws/install/uuv_thruster_manager/share/uuv_thruster_manager/cmake/uuv_thruster_manager__rosidl_typesupport_introspection_cppExport-noconfig.cmake
[0.695s] -- Up-to-date: /home/osansubuntumachine/ros2_ws/install/uuv_thruster_manager/share/uuv_thruster_manager/cmake/uuv_thruster_manager__rosidl_typesupport_cppExport.cmake
[0.695s] -- Up-to-date: /home/osansubuntumachine/ros2_ws/install/uuv_thruster_manager/share/uuv_thruster_manager/cmake/uuv_thruster_manager__rosidl_typesupport_cppExport-noconfig.cmake
[0.695s] -- Up-to-date: /home/osansubuntumachine/ros2_ws/install/uuv_thruster_manager/share/uuv_thruster_manager/cmake/rosidl_cmake-extras.cmake
[0.696s] -- Up-to-date: /home/osansubuntumachine/ros2_ws/install/uuv_thruster_manager/share/uuv_thruster_manager/cmake/ament_cmake_export_dependencies-extras.cmake
[0.698s] -- Up-to-date: /home/osansubuntumachine/ros2_ws/install/uuv_thruster_manager/share/uuv_thruster_manager/cmake/ament_cmake_export_libraries-extras.cmake
[0.698s] -- Up-to-date: /home/osansubuntumachine/ros2_ws/install/uuv_thruster_manager/share/uuv_thruster_manager/cmake/ament_cmake_export_targets-extras.cmake
[0.698s] -- Up-to-date: /home/osansubuntumachine/ros2_ws/install/uuv_thruster_manager/share/uuv_thruster_manager/cmake/ament_cmake_export_include_directories-extras.cmake
[0.698s] -- Up-to-date: /home/osansubuntumachine/ros2_ws/install/uuv_thruster_manager/share/uuv_thruster_manager/cmake/rosidl_cmake_export_typesupport_libraries-extras.cmake
[0.698s] -- Up-to-date: /home/osansubuntumachine/ros2_ws/install/uuv_thruster_manager/share/uuv_thruster_manager/cmake/rosidl_cmake_export_typesupport_targets-extras.cmake
[0.698s] -- Up-to-date: /home/osansubuntumachine/ros2_ws/install/uuv_thruster_manager/share/uuv_thruster_manager/cmake/uuv_thruster_managerConfig.cmake
[0.698s] -- Up-to-date: /home/osansubuntumachine/ros2_ws/install/uuv_thruster_manager/share/uuv_thruster_manager/cmake/uuv_thruster_managerConfig-version.cmake
[0.698s] -- Up-to-date: /home/osansubuntumachine/ros2_ws/install/uuv_thruster_manager/share/uuv_thruster_manager/package.xml
[0.702s] Invoked command in '/home/osansubuntumachine/ros2_ws/build/uuv_thruster_manager' returned '0': AMENT_PREFIX_PATH=/home/osansubuntumachine/ros2_ws/install/uuv_assistants:/home/osansubuntumachine/ros2_ws/install/uuv_gazebo_ros_plugins_msgs:/home/osansubuntumachine/ros2_ws/install/plankton_utils:${AMENT_PREFIX_PATH} CMAKE_PREFIX_PATH=/home/osansubuntumachine/ros2_ws/install/uuv_assistants:/home/osansubuntumachine/ros2_ws/install/uuv_gazebo_ros_plugins_msgs:/home/osansubuntumachine/ros2_ws/install/plankton_utils:/opt/ros/foxy LD_LIBRARY_PATH=/home/osansubuntumachine/ros2_ws/install/uuv_gazebo_ros_plugins_msgs/lib:${LD_LIBRARY_PATH} PYTHONPATH=/home/osansubuntumachine/ros2_ws/install/uuv_assistants/lib/python3.8/site-packages:/home/osansubuntumachine/ros2_ws/install/uuv_gazebo_ros_plugins_msgs/lib/python3.8/site-packages:/home/osansubuntumachine/ros2_ws/install/plankton_utils/lib/python3.8/site-packages:${PYTHONPATH} /usr/bin/cmake --install /home/osansubuntumachine/ros2_ws/build/uuv_thruster_manager
