[0.031s] Invoking command in '/home/osansubuntumachine/ros2_ws/build/uuv_gazebo_ros_plugins_msgs': CMAKE_PREFIX_PATH=/opt/ros/foxy /usr/bin/cmake /home/osansubuntumachine/ros2_ws/src/Plankton/uuv_gazebo_plugins/uuv_gazebo_ros_plugins_msgs -DCMAKE_INSTALL_PREFIX=/home/osansubuntumachine/ros2_ws/install/uuv_gazebo_ros_plugins_msgs
[0.080s] -- The C compiler identification is GNU 9.4.0
[0.132s] -- The CXX compiler identification is GNU 9.4.0
[0.135s] -- Check for working C compiler: /usr/bin/cc
[0.196s] -- Check for working C compiler: /usr/bin/cc -- works
[0.197s] -- Detecting C compiler ABI info
[0.257s] -- Detecting C compiler ABI info - done
[0.266s] -- Detecting C compile features
[0.266s] -- Detecting C compile features - done
[0.268s] -- Check for working CXX compiler: /usr/bin/c++
[0.371s] -- Check for working CXX compiler: /usr/bin/c++ -- works
[0.371s] -- Detecting CXX compiler ABI info
[0.462s] -- Detecting CXX compiler ABI info - done
[0.466s] -- Detecting CXX compile features
[0.467s] -- Detecting CXX compile features - done
[0.468s] -- Found rosidl_default_generators: 1.0.1 (/opt/ros/foxy/share/rosidl_default_generators/cmake)
[0.469s] -- Found ament_cmake_core: 0.9.12 (/opt/ros/foxy/share/ament_cmake_core/cmake)
[0.487s] -- Found PythonInterp: /usr/bin/python3 (found suitable version "3.8.10", minimum required is "3") 
[0.487s] -- Using PYTHON_EXECUTABLE: /usr/bin/python3
[0.614s] -- Using all available rosidl_typesupport_c: rosidl_typesupport_fastrtps_c;rosidl_typesupport_introspection_c
[0.617s] -- Found rosidl_adapter: 1.3.1 (/opt/ros/foxy/share/rosidl_adapter/cmake)
[0.703s] -- Found OpenSSL: /usr/lib/x86_64-linux-gnu/libcrypto.so (found version "1.1.1f")  
[0.723s] -- Found FastRTPS: /opt/ros/foxy/include  
[0.776s] -- Using all available rosidl_typesupport_cpp: rosidl_typesupport_fastrtps_cpp;rosidl_typesupport_introspection_cpp
[0.795s] -- Found std_msgs: 2.0.5 (/opt/ros/foxy/share/std_msgs/cmake)
[0.821s] -- Found geometry_msgs: 2.0.5 (/opt/ros/foxy/share/geometry_msgs/cmake)
[0.875s] -- Found PythonInterp: /usr/bin/python3 (found version "3.8.10") 
[1.100s] -- Found ament_cmake_ros: 0.9.2 (/opt/ros/foxy/share/ament_cmake_ros/cmake)
[1.309s] -- Using all available rosidl_typesupport_c: rosidl_typesupport_fastrtps_c;rosidl_typesupport_introspection_c
[1.423s] -- Using all available rosidl_typesupport_cpp: rosidl_typesupport_fastrtps_cpp;rosidl_typesupport_introspection_cpp
[1.455s] -- Found PythonInterp: /usr/bin/python3 (found suitable version "3.8.10", minimum required is "3.5") 
[1.455s] -- Found python_cmake_module: 0.8.1 (/opt/ros/foxy/share/python_cmake_module/cmake)
[1.478s] -- Found PythonLibs: /usr/lib/x86_64-linux-gnu/libpython3.8.so (found suitable version "3.8.10", minimum required is "3.5") 
[1.478s] -- Using PYTHON_EXECUTABLE: /usr/bin/python3
[1.478s] -- Using PYTHON_INCLUDE_DIRS: /usr/include/python3.8
[1.478s] -- Using PYTHON_LIBRARIES: /usr/lib/x86_64-linux-gnu/libpython3.8.so
[1.495s] -- Found PythonExtra: .so  
[1.578s] -- Configuring done
[1.683s] -- Generating done
[1.702s] -- Build files have been written to: /home/osansubuntumachine/ros2_ws/build/uuv_gazebo_ros_plugins_msgs
[1.712s] Invoked command in '/home/osansubuntumachine/ros2_ws/build/uuv_gazebo_ros_plugins_msgs' returned '0': CMAKE_PREFIX_PATH=/opt/ros/foxy /usr/bin/cmake /home/osansubuntumachine/ros2_ws/src/Plankton/uuv_gazebo_plugins/uuv_gazebo_ros_plugins_msgs -DCMAKE_INSTALL_PREFIX=/home/osansubuntumachine/ros2_ws/install/uuv_gazebo_ros_plugins_msgs
[1.713s] Invoking command in '/home/osansubuntumachine/ros2_ws/build/uuv_gazebo_ros_plugins_msgs': CMAKE_PREFIX_PATH=/opt/ros/foxy /usr/bin/cmake --build /home/osansubuntumachine/ros2_ws/build/uuv_gazebo_ros_plugins_msgs -- -j4 -l4
[1.777s] [  1%] [34m[1mGenerating C code for ROS interfaces[0m
[1.796s] [35m[1mScanning dependencies of target uuv_gazebo_ros_plugins_msgs__cpp[0m
[1.814s] [  1%] [34m[1mGenerating C++ code for ROS interfaces[0m
[3.685s] [  1%] Built target uuv_gazebo_ros_plugins_msgs__cpp
[3.780s] [  2%] [34m[1mGenerating C++ type support dispatch for ROS interfaces[0m
[3.788s] [  3%] [34m[1mGenerating C++ type support for eProsima Fast-RTPS[0m
[3.810s] [  3%] [34m[1mGenerating C++ introspection for ROS interfaces[0m
[3.884s] [35m[1mScanning dependencies of target uuv_gazebo_ros_plugins_msgs__rosidl_generator_c[0m
[4.018s] [  4%] [32mBuilding C object CMakeFiles/uuv_gazebo_ros_plugins_msgs__rosidl_generator_c.dir/rosidl_generator_c/uuv_gazebo_ros_plugins_msgs/msg/detail/float_stamped__functions.c.o[0m
[4.225s] [  4%] [32mBuilding C object CMakeFiles/uuv_gazebo_ros_plugins_msgs__rosidl_generator_c.dir/rosidl_generator_c/uuv_gazebo_ros_plugins_msgs/msg/detail/underwater_object_model__functions.c.o[0m
[4.489s] [  5%] [32mBuilding C object CMakeFiles/uuv_gazebo_ros_plugins_msgs__rosidl_generator_c.dir/rosidl_generator_c/uuv_gazebo_ros_plugins_msgs/msg/detail/thruster_conversion_fcn__functions.c.o[0m
[4.679s] [  6%] [32mBuilding C object CMakeFiles/uuv_gazebo_ros_plugins_msgs__rosidl_generator_c.dir/rosidl_generator_c/uuv_gazebo_ros_plugins_msgs/srv/detail/set_thruster_efficiency__functions.c.o[0m
[4.931s] [  7%] [32mBuilding C object CMakeFiles/uuv_gazebo_ros_plugins_msgs__rosidl_generator_c.dir/rosidl_generator_c/uuv_gazebo_ros_plugins_msgs/srv/detail/set_thruster_state__functions.c.o[0m
[5.133s] [  8%] [32mBuilding C object CMakeFiles/uuv_gazebo_ros_plugins_msgs__rosidl_generator_c.dir/rosidl_generator_c/uuv_gazebo_ros_plugins_msgs/srv/detail/get_thruster_efficiency__functions.c.o[0m
[5.303s] [  8%] [32mBuilding C object CMakeFiles/uuv_gazebo_ros_plugins_msgs__rosidl_generator_c.dir/rosidl_generator_c/uuv_gazebo_ros_plugins_msgs/srv/detail/get_thruster_state__functions.c.o[0m
[5.578s] [  9%] [32mBuilding C object CMakeFiles/uuv_gazebo_ros_plugins_msgs__rosidl_generator_c.dir/rosidl_generator_c/uuv_gazebo_ros_plugins_msgs/srv/detail/set_use_global_current_vel__functions.c.o[0m
[5.845s] [ 10%] [32mBuilding C object CMakeFiles/uuv_gazebo_ros_plugins_msgs__rosidl_generator_c.dir/rosidl_generator_c/uuv_gazebo_ros_plugins_msgs/srv/detail/get_model_properties__functions.c.o[0m
[6.070s] [ 11%] [32mBuilding C object CMakeFiles/uuv_gazebo_ros_plugins_msgs__rosidl_generator_c.dir/rosidl_generator_c/uuv_gazebo_ros_plugins_msgs/srv/detail/set_float__functions.c.o[0m
[6.212s] [ 12%] [32mBuilding C object CMakeFiles/uuv_gazebo_ros_plugins_msgs__rosidl_generator_c.dir/rosidl_generator_c/uuv_gazebo_ros_plugins_msgs/srv/detail/get_float__functions.c.o[0m
[6.241s] [35m[1mScanning dependencies of target uuv_gazebo_ros_plugins_msgs__rosidl_typesupport_cpp[0m
[6.378s] [ 13%] [32mBuilding CXX object CMakeFiles/uuv_gazebo_ros_plugins_msgs__rosidl_typesupport_cpp.dir/rosidl_typesupport_cpp/uuv_gazebo_ros_plugins_msgs/msg/float_stamped__type_support.cpp.o[0m
[6.490s] [ 13%] [32mBuilding C object CMakeFiles/uuv_gazebo_ros_plugins_msgs__rosidl_generator_c.dir/rosidl_generator_c/uuv_gazebo_ros_plugins_msgs/srv/detail/get_list_param__functions.c.o[0m
[6.718s] [ 14%] [32mBuilding C object CMakeFiles/uuv_gazebo_ros_plugins_msgs__rosidl_generator_c.dir/rosidl_generator_c/uuv_gazebo_ros_plugins_msgs/srv/detail/get_thruster_conversion_fcn__functions.c.o[0m
[6.815s] [35m[1mScanning dependencies of target uuv_gazebo_ros_plugins_msgs__rosidl_typesupport_fastrtps_cpp[0m
[6.842s] [35m[1mScanning dependencies of target uuv_gazebo_ros_plugins_msgs__rosidl_typesupport_introspection_cpp[0m
[6.969s] [ 16%] [32mBuilding CXX object CMakeFiles/uuv_gazebo_ros_plugins_msgs__rosidl_typesupport_fastrtps_cpp.dir/rosidl_typesupport_fastrtps_cpp/uuv_gazebo_ros_plugins_msgs/msg/detail/dds_fastrtps/float_stamped__type_support.cpp.o[0m
[6.993s] [ 16%] [32mBuilding CXX object CMakeFiles/uuv_gazebo_ros_plugins_msgs__rosidl_typesupport_introspection_cpp.dir/rosidl_typesupport_introspection_cpp/uuv_gazebo_ros_plugins_msgs/msg/detail/float_stamped__type_support.cpp.o[0m
[7.104s] [ 17%] [32m[1mLinking C shared library libuuv_gazebo_ros_plugins_msgs__rosidl_generator_c.so[0m
[7.290s] [ 17%] Built target uuv_gazebo_ros_plugins_msgs__rosidl_generator_c
[7.338s] [ 18%] [32mBuilding CXX object CMakeFiles/uuv_gazebo_ros_plugins_msgs__rosidl_typesupport_introspection_cpp.dir/rosidl_typesupport_introspection_cpp/uuv_gazebo_ros_plugins_msgs/msg/detail/underwater_object_model__type_support.cpp.o[0m
[7.356s] [ 19%] [32mBuilding CXX object CMakeFiles/uuv_gazebo_ros_plugins_msgs__rosidl_typesupport_cpp.dir/rosidl_typesupport_cpp/uuv_gazebo_ros_plugins_msgs/msg/underwater_object_model__type_support.cpp.o[0m
[7.992s] [ 20%] [32mBuilding CXX object CMakeFiles/uuv_gazebo_ros_plugins_msgs__rosidl_typesupport_introspection_cpp.dir/rosidl_typesupport_introspection_cpp/uuv_gazebo_ros_plugins_msgs/msg/detail/thruster_conversion_fcn__type_support.cpp.o[0m
[8.135s] [ 21%] [32mBuilding CXX object CMakeFiles/uuv_gazebo_ros_plugins_msgs__rosidl_typesupport_fastrtps_cpp.dir/rosidl_typesupport_fastrtps_cpp/uuv_gazebo_ros_plugins_msgs/msg/detail/dds_fastrtps/underwater_object_model__type_support.cpp.o[0m
[8.394s] [ 21%] [32mBuilding CXX object CMakeFiles/uuv_gazebo_ros_plugins_msgs__rosidl_typesupport_cpp.dir/rosidl_typesupport_cpp/uuv_gazebo_ros_plugins_msgs/msg/thruster_conversion_fcn__type_support.cpp.o[0m
[8.483s] [ 22%] [32mBuilding CXX object CMakeFiles/uuv_gazebo_ros_plugins_msgs__rosidl_typesupport_introspection_cpp.dir/rosidl_typesupport_introspection_cpp/uuv_gazebo_ros_plugins_msgs/srv/detail/set_thruster_efficiency__type_support.cpp.o[0m
[9.293s] [ 22%] [32mBuilding CXX object CMakeFiles/uuv_gazebo_ros_plugins_msgs__rosidl_typesupport_introspection_cpp.dir/rosidl_typesupport_introspection_cpp/uuv_gazebo_ros_plugins_msgs/srv/detail/set_thruster_state__type_support.cpp.o[0m
[9.659s] [ 23%] [32mBuilding CXX object CMakeFiles/uuv_gazebo_ros_plugins_msgs__rosidl_typesupport_cpp.dir/rosidl_typesupport_cpp/uuv_gazebo_ros_plugins_msgs/srv/set_thruster_efficiency__type_support.cpp.o[0m
[9.667s] [ 24%] [32mBuilding CXX object CMakeFiles/uuv_gazebo_ros_plugins_msgs__rosidl_typesupport_fastrtps_cpp.dir/rosidl_typesupport_fastrtps_cpp/uuv_gazebo_ros_plugins_msgs/msg/detail/dds_fastrtps/thruster_conversion_fcn__type_support.cpp.o[0m
[9.811s] [ 25%] [32mBuilding CXX object CMakeFiles/uuv_gazebo_ros_plugins_msgs__rosidl_typesupport_introspection_cpp.dir/rosidl_typesupport_introspection_cpp/uuv_gazebo_ros_plugins_msgs/srv/detail/get_thruster_efficiency__type_support.cpp.o[0m
[10.573s] [ 26%] [32mBuilding CXX object CMakeFiles/uuv_gazebo_ros_plugins_msgs__rosidl_typesupport_introspection_cpp.dir/rosidl_typesupport_introspection_cpp/uuv_gazebo_ros_plugins_msgs/srv/detail/get_thruster_state__type_support.cpp.o[0m
[11.080s] [ 27%] [32mBuilding CXX object CMakeFiles/uuv_gazebo_ros_plugins_msgs__rosidl_typesupport_cpp.dir/rosidl_typesupport_cpp/uuv_gazebo_ros_plugins_msgs/srv/set_thruster_state__type_support.cpp.o[0m
[11.142s] [ 27%] [32mBuilding CXX object CMakeFiles/uuv_gazebo_ros_plugins_msgs__rosidl_typesupport_fastrtps_cpp.dir/rosidl_typesupport_fastrtps_cpp/uuv_gazebo_ros_plugins_msgs/srv/detail/dds_fastrtps/set_thruster_efficiency__type_support.cpp.o[0m
[11.185s] [ 28%] [32mBuilding CXX object CMakeFiles/uuv_gazebo_ros_plugins_msgs__rosidl_typesupport_cpp.dir/rosidl_typesupport_cpp/uuv_gazebo_ros_plugins_msgs/srv/get_thruster_efficiency__type_support.cpp.o[0m
[11.521s] [ 29%] [32mBuilding CXX object CMakeFiles/uuv_gazebo_ros_plugins_msgs__rosidl_typesupport_introspection_cpp.dir/rosidl_typesupport_introspection_cpp/uuv_gazebo_ros_plugins_msgs/srv/detail/set_use_global_current_vel__type_support.cpp.o[0m
[11.879s] [ 30%] [32mBuilding CXX object CMakeFiles/uuv_gazebo_ros_plugins_msgs__rosidl_typesupport_cpp.dir/rosidl_typesupport_cpp/uuv_gazebo_ros_plugins_msgs/srv/get_thruster_state__type_support.cpp.o[0m
[12.458s] [ 30%] [32mBuilding CXX object CMakeFiles/uuv_gazebo_ros_plugins_msgs__rosidl_typesupport_cpp.dir/rosidl_typesupport_cpp/uuv_gazebo_ros_plugins_msgs/srv/set_use_global_current_vel__type_support.cpp.o[0m
[12.623s] [ 31%] [32mBuilding CXX object CMakeFiles/uuv_gazebo_ros_plugins_msgs__rosidl_typesupport_fastrtps_cpp.dir/rosidl_typesupport_fastrtps_cpp/uuv_gazebo_ros_plugins_msgs/srv/detail/dds_fastrtps/set_thruster_state__type_support.cpp.o[0m
[12.801s] [ 32%] [32mBuilding CXX object CMakeFiles/uuv_gazebo_ros_plugins_msgs__rosidl_typesupport_introspection_cpp.dir/rosidl_typesupport_introspection_cpp/uuv_gazebo_ros_plugins_msgs/srv/detail/get_model_properties__type_support.cpp.o[0m
[13.055s] [ 33%] [32mBuilding CXX object CMakeFiles/uuv_gazebo_ros_plugins_msgs__rosidl_typesupport_cpp.dir/rosidl_typesupport_cpp/uuv_gazebo_ros_plugins_msgs/srv/get_model_properties__type_support.cpp.o[0m
[13.553s] [ 34%] [32mBuilding CXX object CMakeFiles/uuv_gazebo_ros_plugins_msgs__rosidl_typesupport_cpp.dir/rosidl_typesupport_cpp/uuv_gazebo_ros_plugins_msgs/srv/set_float__type_support.cpp.o[0m
[13.953s] [ 35%] [32mBuilding CXX object CMakeFiles/uuv_gazebo_ros_plugins_msgs__rosidl_typesupport_cpp.dir/rosidl_typesupport_cpp/uuv_gazebo_ros_plugins_msgs/srv/get_float__type_support.cpp.o[0m
[14.394s] [ 36%] [32mBuilding CXX object CMakeFiles/uuv_gazebo_ros_plugins_msgs__rosidl_typesupport_cpp.dir/rosidl_typesupport_cpp/uuv_gazebo_ros_plugins_msgs/srv/get_list_param__type_support.cpp.o[0m
[14.521s] [ 37%] [32mBuilding CXX object CMakeFiles/uuv_gazebo_ros_plugins_msgs__rosidl_typesupport_introspection_cpp.dir/rosidl_typesupport_introspection_cpp/uuv_gazebo_ros_plugins_msgs/srv/detail/set_float__type_support.cpp.o[0m
[14.521s] [ 37%] [32mBuilding CXX object CMakeFiles/uuv_gazebo_ros_plugins_msgs__rosidl_typesupport_fastrtps_cpp.dir/rosidl_typesupport_fastrtps_cpp/uuv_gazebo_ros_plugins_msgs/srv/detail/dds_fastrtps/get_thruster_efficiency__type_support.cpp.o[0m
[15.241s] [ 38%] [32mBuilding CXX object CMakeFiles/uuv_gazebo_ros_plugins_msgs__rosidl_typesupport_introspection_cpp.dir/rosidl_typesupport_introspection_cpp/uuv_gazebo_ros_plugins_msgs/srv/detail/get_float__type_support.cpp.o[0m
[15.292s] [ 39%] [32mBuilding CXX object CMakeFiles/uuv_gazebo_ros_plugins_msgs__rosidl_typesupport_introspection_cpp.dir/rosidl_typesupport_introspection_cpp/uuv_gazebo_ros_plugins_msgs/srv/detail/get_list_param__type_support.cpp.o[0m
[15.426s] [ 39%] [32mBuilding CXX object CMakeFiles/uuv_gazebo_ros_plugins_msgs__rosidl_typesupport_cpp.dir/rosidl_typesupport_cpp/uuv_gazebo_ros_plugins_msgs/srv/get_thruster_conversion_fcn__type_support.cpp.o[0m
[16.143s] [ 40%] [32mBuilding CXX object CMakeFiles/uuv_gazebo_ros_plugins_msgs__rosidl_typesupport_fastrtps_cpp.dir/rosidl_typesupport_fastrtps_cpp/uuv_gazebo_ros_plugins_msgs/srv/detail/dds_fastrtps/get_thruster_state__type_support.cpp.o[0m
[16.422s] [ 41%] [32mBuilding CXX object CMakeFiles/uuv_gazebo_ros_plugins_msgs__rosidl_typesupport_introspection_cpp.dir/rosidl_typesupport_introspection_cpp/uuv_gazebo_ros_plugins_msgs/srv/detail/get_thruster_conversion_fcn__type_support.cpp.o[0m
[16.716s] [ 42%] [32mBuilding CXX object CMakeFiles/uuv_gazebo_ros_plugins_msgs__rosidl_typesupport_fastrtps_cpp.dir/rosidl_typesupport_fastrtps_cpp/uuv_gazebo_ros_plugins_msgs/srv/detail/dds_fastrtps/set_use_global_current_vel__type_support.cpp.o[0m
[16.801s] [ 43%] [32m[1mLinking CXX shared library libuuv_gazebo_ros_plugins_msgs__rosidl_typesupport_cpp.so[0m
[17.067s] [ 43%] Built target uuv_gazebo_ros_plugins_msgs__rosidl_typesupport_cpp
[17.743s] [ 44%] [32m[1mLinking CXX shared library libuuv_gazebo_ros_plugins_msgs__rosidl_typesupport_introspection_cpp.so[0m
[18.325s] [ 44%] Built target uuv_gazebo_ros_plugins_msgs__rosidl_typesupport_introspection_cpp
[18.531s] [ 44%] [32mBuilding CXX object CMakeFiles/uuv_gazebo_ros_plugins_msgs__rosidl_typesupport_fastrtps_cpp.dir/rosidl_typesupport_fastrtps_cpp/uuv_gazebo_ros_plugins_msgs/srv/detail/dds_fastrtps/get_model_properties__type_support.cpp.o[0m
[20.153s] [ 45%] [32mBuilding CXX object CMakeFiles/uuv_gazebo_ros_plugins_msgs__rosidl_typesupport_fastrtps_cpp.dir/rosidl_typesupport_fastrtps_cpp/uuv_gazebo_ros_plugins_msgs/srv/detail/dds_fastrtps/set_float__type_support.cpp.o[0m
[21.208s] [ 46%] [32mBuilding CXX object CMakeFiles/uuv_gazebo_ros_plugins_msgs__rosidl_typesupport_fastrtps_cpp.dir/rosidl_typesupport_fastrtps_cpp/uuv_gazebo_ros_plugins_msgs/srv/detail/dds_fastrtps/get_float__type_support.cpp.o[0m
[22.522s] [ 47%] [32mBuilding CXX object CMakeFiles/uuv_gazebo_ros_plugins_msgs__rosidl_typesupport_fastrtps_cpp.dir/rosidl_typesupport_fastrtps_cpp/uuv_gazebo_ros_plugins_msgs/srv/detail/dds_fastrtps/get_list_param__type_support.cpp.o[0m
[24.482s] [ 48%] [32mBuilding CXX object CMakeFiles/uuv_gazebo_ros_plugins_msgs__rosidl_typesupport_fastrtps_cpp.dir/rosidl_typesupport_fastrtps_cpp/uuv_gazebo_ros_plugins_msgs/srv/detail/dds_fastrtps/get_thruster_conversion_fcn__type_support.cpp.o[0m
[25.991s] [ 48%] [32m[1mLinking CXX shared library libuuv_gazebo_ros_plugins_msgs__rosidl_typesupport_fastrtps_cpp.so[0m
[26.375s] [ 48%] Built target uuv_gazebo_ros_plugins_msgs__rosidl_typesupport_fastrtps_cpp
[26.460s] [ 49%] [34m[1mGenerating C type support dispatch for ROS interfaces[0m
[28.465s] [35m[1mScanning dependencies of target uuv_gazebo_ros_plugins_msgs__rosidl_typesupport_c[0m
[28.566s] [ 49%] [32mBuilding CXX object CMakeFiles/uuv_gazebo_ros_plugins_msgs__rosidl_typesupport_c.dir/rosidl_typesupport_c/uuv_gazebo_ros_plugins_msgs/msg/float_stamped__type_support.cpp.o[0m
[28.724s] [ 50%] [32mBuilding CXX object CMakeFiles/uuv_gazebo_ros_plugins_msgs__rosidl_typesupport_c.dir/rosidl_typesupport_c/uuv_gazebo_ros_plugins_msgs/msg/underwater_object_model__type_support.cpp.o[0m
[28.847s] [ 51%] [32mBuilding CXX object CMakeFiles/uuv_gazebo_ros_plugins_msgs__rosidl_typesupport_c.dir/rosidl_typesupport_c/uuv_gazebo_ros_plugins_msgs/msg/thruster_conversion_fcn__type_support.cpp.o[0m
[28.935s] [ 52%] [32mBuilding CXX object CMakeFiles/uuv_gazebo_ros_plugins_msgs__rosidl_typesupport_c.dir/rosidl_typesupport_c/uuv_gazebo_ros_plugins_msgs/srv/set_thruster_efficiency__type_support.cpp.o[0m
[29.079s] [ 53%] [32mBuilding CXX object CMakeFiles/uuv_gazebo_ros_plugins_msgs__rosidl_typesupport_c.dir/rosidl_typesupport_c/uuv_gazebo_ros_plugins_msgs/srv/set_thruster_state__type_support.cpp.o[0m
[29.194s] [ 53%] [32mBuilding CXX object CMakeFiles/uuv_gazebo_ros_plugins_msgs__rosidl_typesupport_c.dir/rosidl_typesupport_c/uuv_gazebo_ros_plugins_msgs/srv/get_thruster_efficiency__type_support.cpp.o[0m
[29.288s] [ 54%] [32mBuilding CXX object CMakeFiles/uuv_gazebo_ros_plugins_msgs__rosidl_typesupport_c.dir/rosidl_typesupport_c/uuv_gazebo_ros_plugins_msgs/srv/get_thruster_state__type_support.cpp.o[0m
[29.402s] [ 55%] [32mBuilding CXX object CMakeFiles/uuv_gazebo_ros_plugins_msgs__rosidl_typesupport_c.dir/rosidl_typesupport_c/uuv_gazebo_ros_plugins_msgs/srv/set_use_global_current_vel__type_support.cpp.o[0m
[29.538s] [ 56%] [32mBuilding CXX object CMakeFiles/uuv_gazebo_ros_plugins_msgs__rosidl_typesupport_c.dir/rosidl_typesupport_c/uuv_gazebo_ros_plugins_msgs/srv/get_model_properties__type_support.cpp.o[0m
[29.707s] [ 57%] [32mBuilding CXX object CMakeFiles/uuv_gazebo_ros_plugins_msgs__rosidl_typesupport_c.dir/rosidl_typesupport_c/uuv_gazebo_ros_plugins_msgs/srv/set_float__type_support.cpp.o[0m
[29.817s] [ 57%] [32mBuilding CXX object CMakeFiles/uuv_gazebo_ros_plugins_msgs__rosidl_typesupport_c.dir/rosidl_typesupport_c/uuv_gazebo_ros_plugins_msgs/srv/get_float__type_support.cpp.o[0m
[29.921s] [ 58%] [32mBuilding CXX object CMakeFiles/uuv_gazebo_ros_plugins_msgs__rosidl_typesupport_c.dir/rosidl_typesupport_c/uuv_gazebo_ros_plugins_msgs/srv/get_list_param__type_support.cpp.o[0m
[30.036s] [ 59%] [32mBuilding CXX object CMakeFiles/uuv_gazebo_ros_plugins_msgs__rosidl_typesupport_c.dir/rosidl_typesupport_c/uuv_gazebo_ros_plugins_msgs/srv/get_thruster_conversion_fcn__type_support.cpp.o[0m
[30.172s] [ 60%] [32m[1mLinking CXX shared library libuuv_gazebo_ros_plugins_msgs__rosidl_typesupport_c.so[0m
[30.325s] [ 60%] Built target uuv_gazebo_ros_plugins_msgs__rosidl_typesupport_c
[30.400s] [ 61%] [34m[1mGenerating C type support for eProsima Fast-RTPS[0m
[32.656s] [35m[1mScanning dependencies of target uuv_gazebo_ros_plugins_msgs__rosidl_typesupport_fastrtps_c[0m
[32.821s] [ 62%] [32mBuilding CXX object CMakeFiles/uuv_gazebo_ros_plugins_msgs__rosidl_typesupport_fastrtps_c.dir/rosidl_typesupport_fastrtps_c/uuv_gazebo_ros_plugins_msgs/msg/detail/float_stamped__type_support_c.cpp.o[0m
[33.819s] [ 63%] [32mBuilding CXX object CMakeFiles/uuv_gazebo_ros_plugins_msgs__rosidl_typesupport_fastrtps_c.dir/rosidl_typesupport_fastrtps_c/uuv_gazebo_ros_plugins_msgs/msg/detail/thruster_conversion_fcn__type_support_c.cpp.o[0m
[34.539s] [ 64%] [32mBuilding CXX object CMakeFiles/uuv_gazebo_ros_plugins_msgs__rosidl_typesupport_fastrtps_c.dir/rosidl_typesupport_fastrtps_c/uuv_gazebo_ros_plugins_msgs/srv/detail/set_thruster_efficiency__type_support_c.cpp.o[0m
[35.027s] [ 65%] [32mBuilding CXX object CMakeFiles/uuv_gazebo_ros_plugins_msgs__rosidl_typesupport_fastrtps_c.dir/rosidl_typesupport_fastrtps_c/uuv_gazebo_ros_plugins_msgs/srv/detail/set_thruster_state__type_support_c.cpp.o[0m
[36.082s] [ 66%] [32mBuilding CXX object CMakeFiles/uuv_gazebo_ros_plugins_msgs__rosidl_typesupport_fastrtps_c.dir/rosidl_typesupport_fastrtps_c/uuv_gazebo_ros_plugins_msgs/srv/detail/get_thruster_efficiency__type_support_c.cpp.o[0m
[36.705s] [ 66%] [32mBuilding CXX object CMakeFiles/uuv_gazebo_ros_plugins_msgs__rosidl_typesupport_fastrtps_c.dir/rosidl_typesupport_fastrtps_c/uuv_gazebo_ros_plugins_msgs/srv/detail/get_thruster_state__type_support_c.cpp.o[0m
[37.377s] [ 67%] [32mBuilding CXX object CMakeFiles/uuv_gazebo_ros_plugins_msgs__rosidl_typesupport_fastrtps_c.dir/rosidl_typesupport_fastrtps_c/uuv_gazebo_ros_plugins_msgs/srv/detail/set_use_global_current_vel__type_support_c.cpp.o[0m
[38.154s] [ 68%] [32mBuilding CXX object CMakeFiles/uuv_gazebo_ros_plugins_msgs__rosidl_typesupport_fastrtps_c.dir/rosidl_typesupport_fastrtps_c/uuv_gazebo_ros_plugins_msgs/srv/detail/get_model_properties__type_support_c.cpp.o[0m
[38.846s] [ 69%] [32mBuilding CXX object CMakeFiles/uuv_gazebo_ros_plugins_msgs__rosidl_typesupport_fastrtps_c.dir/rosidl_typesupport_fastrtps_c/uuv_gazebo_ros_plugins_msgs/srv/detail/set_float__type_support_c.cpp.o[0m
[39.476s] [ 70%] [32mBuilding CXX object CMakeFiles/uuv_gazebo_ros_plugins_msgs__rosidl_typesupport_fastrtps_c.dir/rosidl_typesupport_fastrtps_c/uuv_gazebo_ros_plugins_msgs/srv/detail/get_float__type_support_c.cpp.o[0m
[40.062s] [ 70%] [32mBuilding CXX object CMakeFiles/uuv_gazebo_ros_plugins_msgs__rosidl_typesupport_fastrtps_c.dir/rosidl_typesupport_fastrtps_c/uuv_gazebo_ros_plugins_msgs/srv/detail/get_list_param__type_support_c.cpp.o[0m
[40.471s] [ 71%] [32mBuilding CXX object CMakeFiles/uuv_gazebo_ros_plugins_msgs__rosidl_typesupport_fastrtps_c.dir/rosidl_typesupport_fastrtps_c/uuv_gazebo_ros_plugins_msgs/srv/detail/get_thruster_conversion_fcn__type_support_c.cpp.o[0m
[40.800s] [ 71%] [32mBuilding CXX object CMakeFiles/uuv_gazebo_ros_plugins_msgs__rosidl_typesupport_fastrtps_c.dir/rosidl_typesupport_fastrtps_c/uuv_gazebo_ros_plugins_msgs/msg/detail/underwater_object_model__type_support_c.cpp.o[0m
[41.272s] [ 72%] [32m[1mLinking CXX shared library libuuv_gazebo_ros_plugins_msgs__rosidl_typesupport_fastrtps_c.so[0m
[41.488s] [ 72%] Built target uuv_gazebo_ros_plugins_msgs__rosidl_typesupport_fastrtps_c
[41.512s] [ 73%] [34m[1mGenerating C introspection for ROS interfaces[0m
[43.211s] [35m[1mScanning dependencies of target uuv_gazebo_ros_plugins_msgs__rosidl_typesupport_introspection_c[0m
[43.441s] [ 74%] [32mBuilding C object CMakeFiles/uuv_gazebo_ros_plugins_msgs__rosidl_typesupport_introspection_c.dir/rosidl_typesupport_introspection_c/uuv_gazebo_ros_plugins_msgs/msg/detail/float_stamped__type_support.c.o[0m
[43.534s] [ 75%] [32mBuilding C object CMakeFiles/uuv_gazebo_ros_plugins_msgs__rosidl_typesupport_introspection_c.dir/rosidl_typesupport_introspection_c/uuv_gazebo_ros_plugins_msgs/srv/detail/set_thruster_efficiency__type_support.c.o[0m
[43.626s] [ 76%] [32mBuilding C object CMakeFiles/uuv_gazebo_ros_plugins_msgs__rosidl_typesupport_introspection_c.dir/rosidl_typesupport_introspection_c/uuv_gazebo_ros_plugins_msgs/srv/detail/set_thruster_state__type_support.c.o[0m
[43.796s] [ 77%] [32mBuilding C object CMakeFiles/uuv_gazebo_ros_plugins_msgs__rosidl_typesupport_introspection_c.dir/rosidl_typesupport_introspection_c/uuv_gazebo_ros_plugins_msgs/srv/detail/get_thruster_efficiency__type_support.c.o[0m
[43.884s] [ 78%] [32mBuilding C object CMakeFiles/uuv_gazebo_ros_plugins_msgs__rosidl_typesupport_introspection_c.dir/rosidl_typesupport_introspection_c/uuv_gazebo_ros_plugins_msgs/srv/detail/get_thruster_state__type_support.c.o[0m
[44.002s] [ 78%] [32mBuilding C object CMakeFiles/uuv_gazebo_ros_plugins_msgs__rosidl_typesupport_introspection_c.dir/rosidl_typesupport_introspection_c/uuv_gazebo_ros_plugins_msgs/srv/detail/set_use_global_current_vel__type_support.c.o[0m
[44.088s] [ 79%] [32mBuilding C object CMakeFiles/uuv_gazebo_ros_plugins_msgs__rosidl_typesupport_introspection_c.dir/rosidl_typesupport_introspection_c/uuv_gazebo_ros_plugins_msgs/srv/detail/get_model_properties__type_support.c.o[0m
[44.203s] [ 80%] [32mBuilding C object CMakeFiles/uuv_gazebo_ros_plugins_msgs__rosidl_typesupport_introspection_c.dir/rosidl_typesupport_introspection_c/uuv_gazebo_ros_plugins_msgs/srv/detail/set_float__type_support.c.o[0m
[44.384s] [ 81%] [32mBuilding C object CMakeFiles/uuv_gazebo_ros_plugins_msgs__rosidl_typesupport_introspection_c.dir/rosidl_typesupport_introspection_c/uuv_gazebo_ros_plugins_msgs/srv/detail/get_float__type_support.c.o[0m
[44.478s] [ 82%] [32mBuilding C object CMakeFiles/uuv_gazebo_ros_plugins_msgs__rosidl_typesupport_introspection_c.dir/rosidl_typesupport_introspection_c/uuv_gazebo_ros_plugins_msgs/srv/detail/get_list_param__type_support.c.o[0m
[44.562s] [ 82%] [32mBuilding C object CMakeFiles/uuv_gazebo_ros_plugins_msgs__rosidl_typesupport_introspection_c.dir/rosidl_typesupport_introspection_c/uuv_gazebo_ros_plugins_msgs/srv/detail/get_thruster_conversion_fcn__type_support.c.o[0m
[44.694s] [ 82%] [32mBuilding C object CMakeFiles/uuv_gazebo_ros_plugins_msgs__rosidl_typesupport_introspection_c.dir/rosidl_typesupport_introspection_c/uuv_gazebo_ros_plugins_msgs/msg/detail/thruster_conversion_fcn__type_support.c.o[0m
[44.807s] [ 83%] [32mBuilding C object CMakeFiles/uuv_gazebo_ros_plugins_msgs__rosidl_typesupport_introspection_c.dir/rosidl_typesupport_introspection_c/uuv_gazebo_ros_plugins_msgs/msg/detail/underwater_object_model__type_support.c.o[0m
[44.937s] [ 84%] [32m[1mLinking C shared library libuuv_gazebo_ros_plugins_msgs__rosidl_typesupport_introspection_c.so[0m
[45.139s] [ 84%] Built target uuv_gazebo_ros_plugins_msgs__rosidl_typesupport_introspection_c
[45.181s] [35m[1mScanning dependencies of target uuv_gazebo_ros_plugins_msgs[0m
[45.231s] [ 84%] Built target uuv_gazebo_ros_plugins_msgs
[45.276s] [35m[1mScanning dependencies of target uuv_gazebo_ros_plugins_msgs__py[0m
[45.308s] [ 85%] [34m[1mGenerating Python code for ROS interfaces[0m
[47.849s] [ 85%] Built target uuv_gazebo_ros_plugins_msgs__py
[47.864s] [35m[1mScanning dependencies of target uuv_gazebo_ros_plugins_msgs__python[0m
[48.031s] [ 86%] [32mBuilding C object CMakeFiles/uuv_gazebo_ros_plugins_msgs__python.dir/rosidl_generator_py/uuv_gazebo_ros_plugins_msgs/msg/_float_stamped_s.c.o[0m
[48.170s] [ 87%] [32mBuilding C object CMakeFiles/uuv_gazebo_ros_plugins_msgs__python.dir/rosidl_generator_py/uuv_gazebo_ros_plugins_msgs/srv/_set_thruster_efficiency_s.c.o[0m
[48.258s] [ 88%] [32mBuilding C object CMakeFiles/uuv_gazebo_ros_plugins_msgs__python.dir/rosidl_generator_py/uuv_gazebo_ros_plugins_msgs/srv/_set_thruster_state_s.c.o[0m
[48.414s] [ 89%] [32mBuilding C object CMakeFiles/uuv_gazebo_ros_plugins_msgs__python.dir/rosidl_generator_py/uuv_gazebo_ros_plugins_msgs/srv/_get_thruster_efficiency_s.c.o[0m
[48.554s] [ 90%] [32mBuilding C object CMakeFiles/uuv_gazebo_ros_plugins_msgs__python.dir/rosidl_generator_py/uuv_gazebo_ros_plugins_msgs/srv/_get_thruster_state_s.c.o[0m
[48.677s] [ 90%] [32mBuilding C object CMakeFiles/uuv_gazebo_ros_plugins_msgs__python.dir/rosidl_generator_py/uuv_gazebo_ros_plugins_msgs/srv/_set_use_global_current_vel_s.c.o[0m
[48.821s] [ 91%] [32mBuilding C object CMakeFiles/uuv_gazebo_ros_plugins_msgs__python.dir/rosidl_generator_py/uuv_gazebo_ros_plugins_msgs/srv/_get_model_properties_s.c.o[0m
[48.966s] [ 92%] [32mBuilding C object CMakeFiles/uuv_gazebo_ros_plugins_msgs__python.dir/rosidl_generator_py/uuv_gazebo_ros_plugins_msgs/srv/_set_float_s.c.o[0m
[49.069s] [ 93%] [32mBuilding C object CMakeFiles/uuv_gazebo_ros_plugins_msgs__python.dir/rosidl_generator_py/uuv_gazebo_ros_plugins_msgs/srv/_get_float_s.c.o[0m
[49.187s] [ 94%] [32mBuilding C object CMakeFiles/uuv_gazebo_ros_plugins_msgs__python.dir/rosidl_generator_py/uuv_gazebo_ros_plugins_msgs/srv/_get_list_param_s.c.o[0m
[49.324s] [ 94%] [32mBuilding C object CMakeFiles/uuv_gazebo_ros_plugins_msgs__python.dir/rosidl_generator_py/uuv_gazebo_ros_plugins_msgs/srv/_get_thruster_conversion_fcn_s.c.o[0m
[49.419s] [ 94%] [32mBuilding C object CMakeFiles/uuv_gazebo_ros_plugins_msgs__python.dir/rosidl_generator_py/uuv_gazebo_ros_plugins_msgs/msg/_thruster_conversion_fcn_s.c.o[0m
[49.518s] [ 95%] [32mBuilding C object CMakeFiles/uuv_gazebo_ros_plugins_msgs__python.dir/rosidl_generator_py/uuv_gazebo_ros_plugins_msgs/msg/_underwater_object_model_s.c.o[0m
[49.616s] [ 96%] [32m[1mLinking C shared library rosidl_generator_py/uuv_gazebo_ros_plugins_msgs/libuuv_gazebo_ros_plugins_msgs__python.so[0m
[49.667s] [ 96%] Built target uuv_gazebo_ros_plugins_msgs__python
[49.677s] [35m[1mScanning dependencies of target uuv_gazebo_ros_plugins_msgs__rosidl_typesupport_introspection_c__pyext[0m
[49.713s] [ 97%] [32mBuilding C object CMakeFiles/uuv_gazebo_ros_plugins_msgs__rosidl_typesupport_introspection_c__pyext.dir/rosidl_generator_py/uuv_gazebo_ros_plugins_msgs/_uuv_gazebo_ros_plugins_msgs_s.ep.rosidl_typesupport_introspection_c.c.o[0m
[49.853s] [ 98%] [32m[1mLinking C shared library rosidl_generator_py/uuv_gazebo_ros_plugins_msgs/uuv_gazebo_ros_plugins_msgs_s__rosidl_typesupport_introspection_c.cpython-38-x86_64-linux-gnu.so[0m
[49.905s] [ 98%] Built target uuv_gazebo_ros_plugins_msgs__rosidl_typesupport_introspection_c__pyext
[49.918s] [35m[1mScanning dependencies of target uuv_gazebo_ros_plugins_msgs__rosidl_typesupport_c__pyext[0m
[49.961s] [ 99%] [32mBuilding C object CMakeFiles/uuv_gazebo_ros_plugins_msgs__rosidl_typesupport_c__pyext.dir/rosidl_generator_py/uuv_gazebo_ros_plugins_msgs/_uuv_gazebo_ros_plugins_msgs_s.ep.rosidl_typesupport_c.c.o[0m
[50.097s] [ 99%] [32m[1mLinking C shared library rosidl_generator_py/uuv_gazebo_ros_plugins_msgs/uuv_gazebo_ros_plugins_msgs_s__rosidl_typesupport_c.cpython-38-x86_64-linux-gnu.so[0m
[50.150s] [ 99%] Built target uuv_gazebo_ros_plugins_msgs__rosidl_typesupport_c__pyext
[50.160s] [35m[1mScanning dependencies of target uuv_gazebo_ros_plugins_msgs__rosidl_typesupport_fastrtps_c__pyext[0m
[50.187s] [100%] [32mBuilding C object CMakeFiles/uuv_gazebo_ros_plugins_msgs__rosidl_typesupport_fastrtps_c__pyext.dir/rosidl_generator_py/uuv_gazebo_ros_plugins_msgs/_uuv_gazebo_ros_plugins_msgs_s.ep.rosidl_typesupport_fastrtps_c.c.o[0m
[50.314s] [100%] [32m[1mLinking CXX shared library rosidl_generator_py/uuv_gazebo_ros_plugins_msgs/uuv_gazebo_ros_plugins_msgs_s__rosidl_typesupport_fastrtps_c.cpython-38-x86_64-linux-gnu.so[0m
[50.384s] [100%] Built target uuv_gazebo_ros_plugins_msgs__rosidl_typesupport_fastrtps_c__pyext
[50.399s] Invoked command in '/home/osansubuntumachine/ros2_ws/build/uuv_gazebo_ros_plugins_msgs' returned '0': CMAKE_PREFIX_PATH=/opt/ros/foxy /usr/bin/cmake --build /home/osansubuntumachine/ros2_ws/build/uuv_gazebo_ros_plugins_msgs -- -j4 -l4
[50.402s] Invoking command in '/home/osansubuntumachine/ros2_ws/build/uuv_gazebo_ros_plugins_msgs': CMAKE_PREFIX_PATH=/opt/ros/foxy /usr/bin/cmake --install /home/osansubuntumachine/ros2_ws/build/uuv_gazebo_ros_plugins_msgs
[50.411s] -- Install configuration: ""
[50.411s] -- Installing: /home/osansubuntumachine/ros2_ws/install/uuv_gazebo_ros_plugins_msgs/share/ament_index/resource_index/rosidl_interfaces/uuv_gazebo_ros_plugins_msgs
[50.412s] -- Installing: /home/osansubuntumachine/ros2_ws/install/uuv_gazebo_ros_plugins_msgs/include/uuv_gazebo_ros_plugins_msgs
[50.412s] -- Installing: /home/osansubuntumachine/ros2_ws/install/uuv_gazebo_ros_plugins_msgs/include/uuv_gazebo_ros_plugins_msgs/msg
[50.412s] -- Installing: /home/osansubuntumachine/ros2_ws/install/uuv_gazebo_ros_plugins_msgs/include/uuv_gazebo_ros_plugins_msgs/msg/float_stamped.h
[50.412s] -- Installing: /home/osansubuntumachine/ros2_ws/install/uuv_gazebo_ros_plugins_msgs/include/uuv_gazebo_ros_plugins_msgs/msg/rosidl_generator_c__visibility_control.h
[50.413s] -- Installing: /home/osansubuntumachine/ros2_ws/install/uuv_gazebo_ros_plugins_msgs/include/uuv_gazebo_ros_plugins_msgs/msg/underwater_object_model.h
[50.413s] -- Installing: /home/osansubuntumachine/ros2_ws/install/uuv_gazebo_ros_plugins_msgs/include/uuv_gazebo_ros_plugins_msgs/msg/thruster_conversion_fcn.h
[50.413s] -- Installing: /home/osansubuntumachine/ros2_ws/install/uuv_gazebo_ros_plugins_msgs/include/uuv_gazebo_ros_plugins_msgs/msg/detail
[50.413s] -- Installing: /home/osansubuntumachine/ros2_ws/install/uuv_gazebo_ros_plugins_msgs/include/uuv_gazebo_ros_plugins_msgs/msg/detail/float_stamped__type_support.h
[50.414s] -- Installing: /home/osansubuntumachine/ros2_ws/install/uuv_gazebo_ros_plugins_msgs/include/uuv_gazebo_ros_plugins_msgs/msg/detail/float_stamped__functions.c
[50.414s] -- Installing: /home/osansubuntumachine/ros2_ws/install/uuv_gazebo_ros_plugins_msgs/include/uuv_gazebo_ros_plugins_msgs/msg/detail/thruster_conversion_fcn__struct.h
[50.415s] -- Installing: /home/osansubuntumachine/ros2_ws/install/uuv_gazebo_ros_plugins_msgs/include/uuv_gazebo_ros_plugins_msgs/msg/detail/underwater_object_model__functions.h
[50.415s] -- Installing: /home/osansubuntumachine/ros2_ws/install/uuv_gazebo_ros_plugins_msgs/include/uuv_gazebo_ros_plugins_msgs/msg/detail/underwater_object_model__struct.h
[50.416s] -- Installing: /home/osansubuntumachine/ros2_ws/install/uuv_gazebo_ros_plugins_msgs/include/uuv_gazebo_ros_plugins_msgs/msg/detail/thruster_conversion_fcn__functions.c
[50.417s] -- Installing: /home/osansubuntumachine/ros2_ws/install/uuv_gazebo_ros_plugins_msgs/include/uuv_gazebo_ros_plugins_msgs/msg/detail/underwater_object_model__type_support.h
[50.417s] -- Installing: /home/osansubuntumachine/ros2_ws/install/uuv_gazebo_ros_plugins_msgs/include/uuv_gazebo_ros_plugins_msgs/msg/detail/float_stamped__functions.h
[50.417s] -- Installing: /home/osansubuntumachine/ros2_ws/install/uuv_gazebo_ros_plugins_msgs/include/uuv_gazebo_ros_plugins_msgs/msg/detail/thruster_conversion_fcn__functions.h
[50.418s] -- Installing: /home/osansubuntumachine/ros2_ws/install/uuv_gazebo_ros_plugins_msgs/include/uuv_gazebo_ros_plugins_msgs/msg/detail/float_stamped__struct.h
[50.418s] -- Installing: /home/osansubuntumachine/ros2_ws/install/uuv_gazebo_ros_plugins_msgs/include/uuv_gazebo_ros_plugins_msgs/msg/detail/thruster_conversion_fcn__type_support.h
[50.418s] -- Installing: /home/osansubuntumachine/ros2_ws/install/uuv_gazebo_ros_plugins_msgs/include/uuv_gazebo_ros_plugins_msgs/msg/detail/underwater_object_model__functions.c
[50.419s] -- Installing: /home/osansubuntumachine/ros2_ws/install/uuv_gazebo_ros_plugins_msgs/include/uuv_gazebo_ros_plugins_msgs/srv
[50.419s] -- Installing: /home/osansubuntumachine/ros2_ws/install/uuv_gazebo_ros_plugins_msgs/include/uuv_gazebo_ros_plugins_msgs/srv/set_thruster_efficiency.h
[50.419s] -- Installing: /home/osansubuntumachine/ros2_ws/install/uuv_gazebo_ros_plugins_msgs/include/uuv_gazebo_ros_plugins_msgs/srv/get_list_param.h
[50.420s] -- Installing: /home/osansubuntumachine/ros2_ws/install/uuv_gazebo_ros_plugins_msgs/include/uuv_gazebo_ros_plugins_msgs/srv/get_model_properties.h
[50.420s] -- Installing: /home/osansubuntumachine/ros2_ws/install/uuv_gazebo_ros_plugins_msgs/include/uuv_gazebo_ros_plugins_msgs/srv/set_float.h
[50.421s] -- Installing: /home/osansubuntumachine/ros2_ws/install/uuv_gazebo_ros_plugins_msgs/include/uuv_gazebo_ros_plugins_msgs/srv/get_thruster_efficiency.h
[50.421s] -- Installing: /home/osansubuntumachine/ros2_ws/install/uuv_gazebo_ros_plugins_msgs/include/uuv_gazebo_ros_plugins_msgs/srv/get_float.h
[50.421s] -- Installing: /home/osansubuntumachine/ros2_ws/install/uuv_gazebo_ros_plugins_msgs/include/uuv_gazebo_ros_plugins_msgs/srv/get_thruster_state.h
[50.422s] -- Installing: /home/osansubuntumachine/ros2_ws/install/uuv_gazebo_ros_plugins_msgs/include/uuv_gazebo_ros_plugins_msgs/srv/set_thruster_state.h
[50.422s] -- Installing: /home/osansubuntumachine/ros2_ws/install/uuv_gazebo_ros_plugins_msgs/include/uuv_gazebo_ros_plugins_msgs/srv/detail
[50.422s] -- Installing: /home/osansubuntumachine/ros2_ws/install/uuv_gazebo_ros_plugins_msgs/include/uuv_gazebo_ros_plugins_msgs/srv/detail/get_list_param__functions.h
[50.423s] -- Installing: /home/osansubuntumachine/ros2_ws/install/uuv_gazebo_ros_plugins_msgs/include/uuv_gazebo_ros_plugins_msgs/srv/detail/get_thruster_state__struct.h
[50.424s] -- Installing: /home/osansubuntumachine/ros2_ws/install/uuv_gazebo_ros_plugins_msgs/include/uuv_gazebo_ros_plugins_msgs/srv/detail/get_thruster_conversion_fcn__functions.h
[50.424s] -- Installing: /home/osansubuntumachine/ros2_ws/install/uuv_gazebo_ros_plugins_msgs/include/uuv_gazebo_ros_plugins_msgs/srv/detail/set_thruster_efficiency__functions.c
[50.424s] -- Installing: /home/osansubuntumachine/ros2_ws/install/uuv_gazebo_ros_plugins_msgs/include/uuv_gazebo_ros_plugins_msgs/srv/detail/get_model_properties__functions.c
[50.425s] -- Installing: /home/osansubuntumachine/ros2_ws/install/uuv_gazebo_ros_plugins_msgs/include/uuv_gazebo_ros_plugins_msgs/srv/detail/set_thruster_state__functions.h
[50.425s] -- Installing: /home/osansubuntumachine/ros2_ws/install/uuv_gazebo_ros_plugins_msgs/include/uuv_gazebo_ros_plugins_msgs/srv/detail/get_float__struct.h
[50.425s] -- Installing: /home/osansubuntumachine/ros2_ws/install/uuv_gazebo_ros_plugins_msgs/include/uuv_gazebo_ros_plugins_msgs/srv/detail/get_model_properties__functions.h
[50.426s] -- Installing: /home/osansubuntumachine/ros2_ws/install/uuv_gazebo_ros_plugins_msgs/include/uuv_gazebo_ros_plugins_msgs/srv/detail/get_thruster_efficiency__functions.c
[50.426s] -- Installing: /home/osansubuntumachine/ros2_ws/install/uuv_gazebo_ros_plugins_msgs/include/uuv_gazebo_ros_plugins_msgs/srv/detail/get_thruster_conversion_fcn__functions.c
[50.427s] -- Installing: /home/osansubuntumachine/ros2_ws/install/uuv_gazebo_ros_plugins_msgs/include/uuv_gazebo_ros_plugins_msgs/srv/detail/set_thruster_state__functions.c
[50.427s] -- Installing: /home/osansubuntumachine/ros2_ws/install/uuv_gazebo_ros_plugins_msgs/include/uuv_gazebo_ros_plugins_msgs/srv/detail/get_thruster_efficiency__functions.h
[50.427s] -- Installing: /home/osansubuntumachine/ros2_ws/install/uuv_gazebo_ros_plugins_msgs/include/uuv_gazebo_ros_plugins_msgs/srv/detail/get_thruster_efficiency__type_support.h
[50.428s] -- Installing: /home/osansubuntumachine/ros2_ws/install/uuv_gazebo_ros_plugins_msgs/include/uuv_gazebo_ros_plugins_msgs/srv/detail/set_float__struct.h
[50.428s] -- Installing: /home/osansubuntumachine/ros2_ws/install/uuv_gazebo_ros_plugins_msgs/include/uuv_gazebo_ros_plugins_msgs/srv/detail/set_thruster_efficiency__type_support.h
[50.428s] -- Installing: /home/osansubuntumachine/ros2_ws/install/uuv_gazebo_ros_plugins_msgs/include/uuv_gazebo_ros_plugins_msgs/srv/detail/get_thruster_efficiency__struct.h
[50.429s] -- Installing: /home/osansubuntumachine/ros2_ws/install/uuv_gazebo_ros_plugins_msgs/include/uuv_gazebo_ros_plugins_msgs/srv/detail/get_model_properties__struct.h
[50.429s] -- Installing: /home/osansubuntumachine/ros2_ws/install/uuv_gazebo_ros_plugins_msgs/include/uuv_gazebo_ros_plugins_msgs/srv/detail/get_float__functions.c
[50.429s] -- Installing: /home/osansubuntumachine/ros2_ws/install/uuv_gazebo_ros_plugins_msgs/include/uuv_gazebo_ros_plugins_msgs/srv/detail/set_thruster_state__type_support.h
[50.429s] -- Installing: /home/osansubuntumachine/ros2_ws/install/uuv_gazebo_ros_plugins_msgs/include/uuv_gazebo_ros_plugins_msgs/srv/detail/get_thruster_state__functions.c
[50.430s] -- Installing: /home/osansubuntumachine/ros2_ws/install/uuv_gazebo_ros_plugins_msgs/include/uuv_gazebo_ros_plugins_msgs/srv/detail/get_thruster_state__type_support.h
[50.430s] -- Installing: /home/osansubuntumachine/ros2_ws/install/uuv_gazebo_ros_plugins_msgs/include/uuv_gazebo_ros_plugins_msgs/srv/detail/set_float__functions.h
[50.431s] -- Installing: /home/osansubuntumachine/ros2_ws/install/uuv_gazebo_ros_plugins_msgs/include/uuv_gazebo_ros_plugins_msgs/srv/detail/get_list_param__functions.c
[50.431s] -- Installing: /home/osansubuntumachine/ros2_ws/install/uuv_gazebo_ros_plugins_msgs/include/uuv_gazebo_ros_plugins_msgs/srv/detail/get_model_properties__type_support.h
[50.432s] -- Installing: /home/osansubuntumachine/ros2_ws/install/uuv_gazebo_ros_plugins_msgs/include/uuv_gazebo_ros_plugins_msgs/srv/detail/set_float__functions.c
[50.432s] -- Installing: /home/osansubuntumachine/ros2_ws/install/uuv_gazebo_ros_plugins_msgs/include/uuv_gazebo_ros_plugins_msgs/srv/detail/set_thruster_state__struct.h
[50.432s] -- Installing: /home/osansubuntumachine/ros2_ws/install/uuv_gazebo_ros_plugins_msgs/include/uuv_gazebo_ros_plugins_msgs/srv/detail/set_use_global_current_vel__struct.h
[50.433s] -- Installing: /home/osansubuntumachine/ros2_ws/install/uuv_gazebo_ros_plugins_msgs/include/uuv_gazebo_ros_plugins_msgs/srv/detail/get_float__type_support.h
[50.433s] -- Installing: /home/osansubuntumachine/ros2_ws/install/uuv_gazebo_ros_plugins_msgs/include/uuv_gazebo_ros_plugins_msgs/srv/detail/set_use_global_current_vel__type_support.h
[50.433s] -- Installing: /home/osansubuntumachine/ros2_ws/install/uuv_gazebo_ros_plugins_msgs/include/uuv_gazebo_ros_plugins_msgs/srv/detail/set_thruster_efficiency__struct.h
[50.434s] -- Installing: /home/osansubuntumachine/ros2_ws/install/uuv_gazebo_ros_plugins_msgs/include/uuv_gazebo_ros_plugins_msgs/srv/detail/get_list_param__struct.h
[50.434s] -- Installing: /home/osansubuntumachine/ros2_ws/install/uuv_gazebo_ros_plugins_msgs/include/uuv_gazebo_ros_plugins_msgs/srv/detail/get_float__functions.h
[50.434s] -- Installing: /home/osansubuntumachine/ros2_ws/install/uuv_gazebo_ros_plugins_msgs/include/uuv_gazebo_ros_plugins_msgs/srv/detail/set_use_global_current_vel__functions.h
[50.435s] -- Installing: /home/osansubuntumachine/ros2_ws/install/uuv_gazebo_ros_plugins_msgs/include/uuv_gazebo_ros_plugins_msgs/srv/detail/set_thruster_efficiency__functions.h
[50.435s] -- Installing: /home/osansubuntumachine/ros2_ws/install/uuv_gazebo_ros_plugins_msgs/include/uuv_gazebo_ros_plugins_msgs/srv/detail/get_thruster_conversion_fcn__struct.h
[50.435s] -- Installing: /home/osansubuntumachine/ros2_ws/install/uuv_gazebo_ros_plugins_msgs/include/uuv_gazebo_ros_plugins_msgs/srv/detail/set_float__type_support.h
[50.436s] -- Installing: /home/osansubuntumachine/ros2_ws/install/uuv_gazebo_ros_plugins_msgs/include/uuv_gazebo_ros_plugins_msgs/srv/detail/set_use_global_current_vel__functions.c
[50.436s] -- Installing: /home/osansubuntumachine/ros2_ws/install/uuv_gazebo_ros_plugins_msgs/include/uuv_gazebo_ros_plugins_msgs/srv/detail/get_thruster_state__functions.h
[50.436s] -- Installing: /home/osansubuntumachine/ros2_ws/install/uuv_gazebo_ros_plugins_msgs/include/uuv_gazebo_ros_plugins_msgs/srv/detail/get_thruster_conversion_fcn__type_support.h
[50.437s] -- Installing: /home/osansubuntumachine/ros2_ws/install/uuv_gazebo_ros_plugins_msgs/include/uuv_gazebo_ros_plugins_msgs/srv/detail/get_list_param__type_support.h
[50.438s] -- Installing: /home/osansubuntumachine/ros2_ws/install/uuv_gazebo_ros_plugins_msgs/include/uuv_gazebo_ros_plugins_msgs/srv/get_thruster_conversion_fcn.h
[50.438s] -- Installing: /home/osansubuntumachine/ros2_ws/install/uuv_gazebo_ros_plugins_msgs/include/uuv_gazebo_ros_plugins_msgs/srv/set_use_global_current_vel.h
[50.438s] -- Installing: /home/osansubuntumachine/ros2_ws/install/uuv_gazebo_ros_plugins_msgs/share/uuv_gazebo_ros_plugins_msgs/environment/library_path.sh
[50.439s] -- Installing: /home/osansubuntumachine/ros2_ws/install/uuv_gazebo_ros_plugins_msgs/share/uuv_gazebo_ros_plugins_msgs/environment/library_path.dsv
[50.439s] -- Installing: /home/osansubuntumachine/ros2_ws/install/uuv_gazebo_ros_plugins_msgs/lib/libuuv_gazebo_ros_plugins_msgs__rosidl_generator_c.so
[50.441s] -- Set runtime path of "/home/osansubuntumachine/ros2_ws/install/uuv_gazebo_ros_plugins_msgs/lib/libuuv_gazebo_ros_plugins_msgs__rosidl_generator_c.so" to ""
[50.441s] -- Up-to-date: /home/osansubuntumachine/ros2_ws/install/uuv_gazebo_ros_plugins_msgs/include/uuv_gazebo_ros_plugins_msgs
[50.441s] -- Up-to-date: /home/osansubuntumachine/ros2_ws/install/uuv_gazebo_ros_plugins_msgs/include/uuv_gazebo_ros_plugins_msgs/msg
[50.441s] -- Installing: /home/osansubuntumachine/ros2_ws/install/uuv_gazebo_ros_plugins_msgs/include/uuv_gazebo_ros_plugins_msgs/msg/rosidl_typesupport_fastrtps_c__visibility_control.h
[50.442s] -- Up-to-date: /home/osansubuntumachine/ros2_ws/install/uuv_gazebo_ros_plugins_msgs/include/uuv_gazebo_ros_plugins_msgs/msg/detail
[50.442s] -- Installing: /home/osansubuntumachine/ros2_ws/install/uuv_gazebo_ros_plugins_msgs/include/uuv_gazebo_ros_plugins_msgs/msg/detail/underwater_object_model__rosidl_typesupport_fastrtps_c.h
[50.442s] -- Installing: /home/osansubuntumachine/ros2_ws/install/uuv_gazebo_ros_plugins_msgs/include/uuv_gazebo_ros_plugins_msgs/msg/detail/float_stamped__rosidl_typesupport_fastrtps_c.h
[50.442s] -- Installing: /home/osansubuntumachine/ros2_ws/install/uuv_gazebo_ros_plugins_msgs/include/uuv_gazebo_ros_plugins_msgs/msg/detail/thruster_conversion_fcn__rosidl_typesupport_fastrtps_c.h
[50.443s] -- Up-to-date: /home/osansubuntumachine/ros2_ws/install/uuv_gazebo_ros_plugins_msgs/include/uuv_gazebo_ros_plugins_msgs/srv
[50.443s] -- Up-to-date: /home/osansubuntumachine/ros2_ws/install/uuv_gazebo_ros_plugins_msgs/include/uuv_gazebo_ros_plugins_msgs/srv/detail
[50.443s] -- Installing: /home/osansubuntumachine/ros2_ws/install/uuv_gazebo_ros_plugins_msgs/include/uuv_gazebo_ros_plugins_msgs/srv/detail/set_thruster_efficiency__rosidl_typesupport_fastrtps_c.h
[50.443s] -- Installing: /home/osansubuntumachine/ros2_ws/install/uuv_gazebo_ros_plugins_msgs/include/uuv_gazebo_ros_plugins_msgs/srv/detail/get_model_properties__rosidl_typesupport_fastrtps_c.h
[50.444s] -- Installing: /home/osansubuntumachine/ros2_ws/install/uuv_gazebo_ros_plugins_msgs/include/uuv_gazebo_ros_plugins_msgs/srv/detail/get_thruster_state__rosidl_typesupport_fastrtps_c.h
[50.444s] -- Installing: /home/osansubuntumachine/ros2_ws/install/uuv_gazebo_ros_plugins_msgs/include/uuv_gazebo_ros_plugins_msgs/srv/detail/get_thruster_efficiency__rosidl_typesupport_fastrtps_c.h
[50.444s] -- Installing: /home/osansubuntumachine/ros2_ws/install/uuv_gazebo_ros_plugins_msgs/include/uuv_gazebo_ros_plugins_msgs/srv/detail/set_float__rosidl_typesupport_fastrtps_c.h
[50.445s] -- Installing: /home/osansubuntumachine/ros2_ws/install/uuv_gazebo_ros_plugins_msgs/include/uuv_gazebo_ros_plugins_msgs/srv/detail/get_thruster_conversion_fcn__rosidl_typesupport_fastrtps_c.h
[50.445s] -- Installing: /home/osansubuntumachine/ros2_ws/install/uuv_gazebo_ros_plugins_msgs/include/uuv_gazebo_ros_plugins_msgs/srv/detail/set_thruster_state__rosidl_typesupport_fastrtps_c.h
[50.445s] -- Installing: /home/osansubuntumachine/ros2_ws/install/uuv_gazebo_ros_plugins_msgs/include/uuv_gazebo_ros_plugins_msgs/srv/detail/set_use_global_current_vel__rosidl_typesupport_fastrtps_c.h
[50.446s] -- Installing: /home/osansubuntumachine/ros2_ws/install/uuv_gazebo_ros_plugins_msgs/include/uuv_gazebo_ros_plugins_msgs/srv/detail/get_float__rosidl_typesupport_fastrtps_c.h
[50.446s] -- Installing: /home/osansubuntumachine/ros2_ws/install/uuv_gazebo_ros_plugins_msgs/include/uuv_gazebo_ros_plugins_msgs/srv/detail/get_list_param__rosidl_typesupport_fastrtps_c.h
[50.446s] -- Installing: /home/osansubuntumachine/ros2_ws/install/uuv_gazebo_ros_plugins_msgs/lib/libuuv_gazebo_ros_plugins_msgs__rosidl_typesupport_fastrtps_c.so
[50.448s] -- Set runtime path of "/home/osansubuntumachine/ros2_ws/install/uuv_gazebo_ros_plugins_msgs/lib/libuuv_gazebo_ros_plugins_msgs__rosidl_typesupport_fastrtps_c.so" to ""
[50.448s] -- Up-to-date: /home/osansubuntumachine/ros2_ws/install/uuv_gazebo_ros_plugins_msgs/include/uuv_gazebo_ros_plugins_msgs
[50.448s] -- Up-to-date: /home/osansubuntumachine/ros2_ws/install/uuv_gazebo_ros_plugins_msgs/include/uuv_gazebo_ros_plugins_msgs/msg
[50.449s] -- Installing: /home/osansubuntumachine/ros2_ws/install/uuv_gazebo_ros_plugins_msgs/include/uuv_gazebo_ros_plugins_msgs/msg/rosidl_typesupport_fastrtps_cpp__visibility_control.h
[50.449s] -- Up-to-date: /home/osansubuntumachine/ros2_ws/install/uuv_gazebo_ros_plugins_msgs/include/uuv_gazebo_ros_plugins_msgs/msg/detail
[50.449s] -- Installing: /home/osansubuntumachine/ros2_ws/install/uuv_gazebo_ros_plugins_msgs/include/uuv_gazebo_ros_plugins_msgs/msg/detail/float_stamped__rosidl_typesupport_fastrtps_cpp.hpp
[50.449s] -- Installing: /home/osansubuntumachine/ros2_ws/install/uuv_gazebo_ros_plugins_msgs/include/uuv_gazebo_ros_plugins_msgs/msg/detail/underwater_object_model__rosidl_typesupport_fastrtps_cpp.hpp
[50.450s] -- Installing: /home/osansubuntumachine/ros2_ws/install/uuv_gazebo_ros_plugins_msgs/include/uuv_gazebo_ros_plugins_msgs/msg/detail/dds_fastrtps
[50.450s] -- Installing: /home/osansubuntumachine/ros2_ws/install/uuv_gazebo_ros_plugins_msgs/include/uuv_gazebo_ros_plugins_msgs/msg/detail/thruster_conversion_fcn__rosidl_typesupport_fastrtps_cpp.hpp
[50.450s] -- Up-to-date: /home/osansubuntumachine/ros2_ws/install/uuv_gazebo_ros_plugins_msgs/include/uuv_gazebo_ros_plugins_msgs/srv
[50.450s] -- Up-to-date: /home/osansubuntumachine/ros2_ws/install/uuv_gazebo_ros_plugins_msgs/include/uuv_gazebo_ros_plugins_msgs/srv/detail
[50.451s] -- Installing: /home/osansubuntumachine/ros2_ws/install/uuv_gazebo_ros_plugins_msgs/include/uuv_gazebo_ros_plugins_msgs/srv/detail/get_list_param__rosidl_typesupport_fastrtps_cpp.hpp
[50.451s] -- Installing: /home/osansubuntumachine/ros2_ws/install/uuv_gazebo_ros_plugins_msgs/include/uuv_gazebo_ros_plugins_msgs/srv/detail/get_thruster_conversion_fcn__rosidl_typesupport_fastrtps_cpp.hpp
[50.451s] -- Installing: /home/osansubuntumachine/ros2_ws/install/uuv_gazebo_ros_plugins_msgs/include/uuv_gazebo_ros_plugins_msgs/srv/detail/set_float__rosidl_typesupport_fastrtps_cpp.hpp
[50.452s] -- Installing: /home/osansubuntumachine/ros2_ws/install/uuv_gazebo_ros_plugins_msgs/include/uuv_gazebo_ros_plugins_msgs/srv/detail/set_thruster_state__rosidl_typesupport_fastrtps_cpp.hpp
[50.452s] -- Installing: /home/osansubuntumachine/ros2_ws/install/uuv_gazebo_ros_plugins_msgs/include/uuv_gazebo_ros_plugins_msgs/srv/detail/get_model_properties__rosidl_typesupport_fastrtps_cpp.hpp
[50.453s] -- Installing: /home/osansubuntumachine/ros2_ws/install/uuv_gazebo_ros_plugins_msgs/include/uuv_gazebo_ros_plugins_msgs/srv/detail/get_float__rosidl_typesupport_fastrtps_cpp.hpp
[50.453s] -- Installing: /home/osansubuntumachine/ros2_ws/install/uuv_gazebo_ros_plugins_msgs/include/uuv_gazebo_ros_plugins_msgs/srv/detail/get_thruster_efficiency__rosidl_typesupport_fastrtps_cpp.hpp
[50.453s] -- Installing: /home/osansubuntumachine/ros2_ws/install/uuv_gazebo_ros_plugins_msgs/include/uuv_gazebo_ros_plugins_msgs/srv/detail/get_thruster_state__rosidl_typesupport_fastrtps_cpp.hpp
[50.454s] -- Installing: /home/osansubuntumachine/ros2_ws/install/uuv_gazebo_ros_plugins_msgs/include/uuv_gazebo_ros_plugins_msgs/srv/detail/set_thruster_efficiency__rosidl_typesupport_fastrtps_cpp.hpp
[50.454s] -- Installing: /home/osansubuntumachine/ros2_ws/install/uuv_gazebo_ros_plugins_msgs/include/uuv_gazebo_ros_plugins_msgs/srv/detail/dds_fastrtps
[50.454s] -- Installing: /home/osansubuntumachine/ros2_ws/install/uuv_gazebo_ros_plugins_msgs/include/uuv_gazebo_ros_plugins_msgs/srv/detail/set_use_global_current_vel__rosidl_typesupport_fastrtps_cpp.hpp
[50.455s] -- Installing: /home/osansubuntumachine/ros2_ws/install/uuv_gazebo_ros_plugins_msgs/lib/libuuv_gazebo_ros_plugins_msgs__rosidl_typesupport_fastrtps_cpp.so
[50.458s] -- Set runtime path of "/home/osansubuntumachine/ros2_ws/install/uuv_gazebo_ros_plugins_msgs/lib/libuuv_gazebo_ros_plugins_msgs__rosidl_typesupport_fastrtps_cpp.so" to ""
[50.459s] -- Up-to-date: /home/osansubuntumachine/ros2_ws/install/uuv_gazebo_ros_plugins_msgs/include/uuv_gazebo_ros_plugins_msgs
[50.459s] -- Up-to-date: /home/osansubuntumachine/ros2_ws/install/uuv_gazebo_ros_plugins_msgs/include/uuv_gazebo_ros_plugins_msgs/msg
[50.459s] -- Installing: /home/osansubuntumachine/ros2_ws/install/uuv_gazebo_ros_plugins_msgs/include/uuv_gazebo_ros_plugins_msgs/msg/rosidl_typesupport_introspection_c__visibility_control.h
[50.459s] -- Up-to-date: /home/osansubuntumachine/ros2_ws/install/uuv_gazebo_ros_plugins_msgs/include/uuv_gazebo_ros_plugins_msgs/msg/detail
[50.459s] -- Installing: /home/osansubuntumachine/ros2_ws/install/uuv_gazebo_ros_plugins_msgs/include/uuv_gazebo_ros_plugins_msgs/msg/detail/thruster_conversion_fcn__rosidl_typesupport_introspection_c.h
[50.460s] -- Installing: /home/osansubuntumachine/ros2_ws/install/uuv_gazebo_ros_plugins_msgs/include/uuv_gazebo_ros_plugins_msgs/msg/detail/underwater_object_model__type_support.c
[50.460s] -- Installing: /home/osansubuntumachine/ros2_ws/install/uuv_gazebo_ros_plugins_msgs/include/uuv_gazebo_ros_plugins_msgs/msg/detail/float_stamped__type_support.c
[50.460s] -- Installing: /home/osansubuntumachine/ros2_ws/install/uuv_gazebo_ros_plugins_msgs/include/uuv_gazebo_ros_plugins_msgs/msg/detail/float_stamped__rosidl_typesupport_introspection_c.h
[50.460s] -- Installing: /home/osansubuntumachine/ros2_ws/install/uuv_gazebo_ros_plugins_msgs/include/uuv_gazebo_ros_plugins_msgs/msg/detail/underwater_object_model__rosidl_typesupport_introspection_c.h
[50.461s] -- Installing: /home/osansubuntumachine/ros2_ws/install/uuv_gazebo_ros_plugins_msgs/include/uuv_gazebo_ros_plugins_msgs/msg/detail/thruster_conversion_fcn__type_support.c
[50.461s] -- Up-to-date: /home/osansubuntumachine/ros2_ws/install/uuv_gazebo_ros_plugins_msgs/include/uuv_gazebo_ros_plugins_msgs/srv
[50.461s] -- Up-to-date: /home/osansubuntumachine/ros2_ws/install/uuv_gazebo_ros_plugins_msgs/include/uuv_gazebo_ros_plugins_msgs/srv/detail
[50.461s] -- Installing: /home/osansubuntumachine/ros2_ws/install/uuv_gazebo_ros_plugins_msgs/include/uuv_gazebo_ros_plugins_msgs/srv/detail/get_float__type_support.c
[50.462s] -- Installing: /home/osansubuntumachine/ros2_ws/install/uuv_gazebo_ros_plugins_msgs/include/uuv_gazebo_ros_plugins_msgs/srv/detail/set_thruster_state__type_support.c
[50.462s] -- Installing: /home/osansubuntumachine/ros2_ws/install/uuv_gazebo_ros_plugins_msgs/include/uuv_gazebo_ros_plugins_msgs/srv/detail/get_thruster_state__type_support.c
[50.463s] -- Installing: /home/osansubuntumachine/ros2_ws/install/uuv_gazebo_ros_plugins_msgs/include/uuv_gazebo_ros_plugins_msgs/srv/detail/get_thruster_state__rosidl_typesupport_introspection_c.h
[50.463s] -- Installing: /home/osansubuntumachine/ros2_ws/install/uuv_gazebo_ros_plugins_msgs/include/uuv_gazebo_ros_plugins_msgs/srv/detail/get_model_properties__rosidl_typesupport_introspection_c.h
[50.463s] -- Installing: /home/osansubuntumachine/ros2_ws/install/uuv_gazebo_ros_plugins_msgs/include/uuv_gazebo_ros_plugins_msgs/srv/detail/set_float__type_support.c
[50.463s] -- Installing: /home/osansubuntumachine/ros2_ws/install/uuv_gazebo_ros_plugins_msgs/include/uuv_gazebo_ros_plugins_msgs/srv/detail/set_use_global_current_vel__rosidl_typesupport_introspection_c.h
[50.464s] -- Installing: /home/osansubuntumachine/ros2_ws/install/uuv_gazebo_ros_plugins_msgs/include/uuv_gazebo_ros_plugins_msgs/srv/detail/set_thruster_efficiency__rosidl_typesupport_introspection_c.h
[50.464s] -- Installing: /home/osansubuntumachine/ros2_ws/install/uuv_gazebo_ros_plugins_msgs/include/uuv_gazebo_ros_plugins_msgs/srv/detail/set_thruster_state__rosidl_typesupport_introspection_c.h
[50.464s] -- Installing: /home/osansubuntumachine/ros2_ws/install/uuv_gazebo_ros_plugins_msgs/include/uuv_gazebo_ros_plugins_msgs/srv/detail/get_model_properties__type_support.c
[50.465s] -- Installing: /home/osansubuntumachine/ros2_ws/install/uuv_gazebo_ros_plugins_msgs/include/uuv_gazebo_ros_plugins_msgs/srv/detail/get_thruster_conversion_fcn__rosidl_typesupport_introspection_c.h
[50.465s] -- Installing: /home/osansubuntumachine/ros2_ws/install/uuv_gazebo_ros_plugins_msgs/include/uuv_gazebo_ros_plugins_msgs/srv/detail/get_thruster_conversion_fcn__type_support.c
[50.465s] -- Installing: /home/osansubuntumachine/ros2_ws/install/uuv_gazebo_ros_plugins_msgs/include/uuv_gazebo_ros_plugins_msgs/srv/detail/set_float__rosidl_typesupport_introspection_c.h
[50.466s] -- Installing: /home/osansubuntumachine/ros2_ws/install/uuv_gazebo_ros_plugins_msgs/include/uuv_gazebo_ros_plugins_msgs/srv/detail/get_list_param__rosidl_typesupport_introspection_c.h
[50.466s] -- Installing: /home/osansubuntumachine/ros2_ws/install/uuv_gazebo_ros_plugins_msgs/include/uuv_gazebo_ros_plugins_msgs/srv/detail/set_use_global_current_vel__type_support.c
[50.466s] -- Installing: /home/osansubuntumachine/ros2_ws/install/uuv_gazebo_ros_plugins_msgs/include/uuv_gazebo_ros_plugins_msgs/srv/detail/get_thruster_efficiency__type_support.c
[50.467s] -- Installing: /home/osansubuntumachine/ros2_ws/install/uuv_gazebo_ros_plugins_msgs/include/uuv_gazebo_ros_plugins_msgs/srv/detail/get_float__rosidl_typesupport_introspection_c.h
[50.468s] -- Installing: /home/osansubuntumachine/ros2_ws/install/uuv_gazebo_ros_plugins_msgs/include/uuv_gazebo_ros_plugins_msgs/srv/detail/set_thruster_efficiency__type_support.c
[50.469s] -- Installing: /home/osansubuntumachine/ros2_ws/install/uuv_gazebo_ros_plugins_msgs/include/uuv_gazebo_ros_plugins_msgs/srv/detail/get_thruster_efficiency__rosidl_typesupport_introspection_c.h
[50.470s] -- Installing: /home/osansubuntumachine/ros2_ws/install/uuv_gazebo_ros_plugins_msgs/include/uuv_gazebo_ros_plugins_msgs/srv/detail/get_list_param__type_support.c
[50.470s] -- Installing: /home/osansubuntumachine/ros2_ws/install/uuv_gazebo_ros_plugins_msgs/lib/libuuv_gazebo_ros_plugins_msgs__rosidl_typesupport_introspection_c.so
[50.472s] -- Set runtime path of "/home/osansubuntumachine/ros2_ws/install/uuv_gazebo_ros_plugins_msgs/lib/libuuv_gazebo_ros_plugins_msgs__rosidl_typesupport_introspection_c.so" to ""
[50.472s] -- Installing: /home/osansubuntumachine/ros2_ws/install/uuv_gazebo_ros_plugins_msgs/lib/libuuv_gazebo_ros_plugins_msgs__rosidl_typesupport_c.so
[50.473s] -- Set runtime path of "/home/osansubuntumachine/ros2_ws/install/uuv_gazebo_ros_plugins_msgs/lib/libuuv_gazebo_ros_plugins_msgs__rosidl_typesupport_c.so" to ""
[50.473s] -- Up-to-date: /home/osansubuntumachine/ros2_ws/install/uuv_gazebo_ros_plugins_msgs/include/uuv_gazebo_ros_plugins_msgs
[50.473s] -- Up-to-date: /home/osansubuntumachine/ros2_ws/install/uuv_gazebo_ros_plugins_msgs/include/uuv_gazebo_ros_plugins_msgs/msg
[50.474s] -- Installing: /home/osansubuntumachine/ros2_ws/install/uuv_gazebo_ros_plugins_msgs/include/uuv_gazebo_ros_plugins_msgs/msg/float_stamped.hpp
[50.474s] -- Installing: /home/osansubuntumachine/ros2_ws/install/uuv_gazebo_ros_plugins_msgs/include/uuv_gazebo_ros_plugins_msgs/msg/thruster_conversion_fcn.hpp
[50.474s] -- Installing: /home/osansubuntumachine/ros2_ws/install/uuv_gazebo_ros_plugins_msgs/include/uuv_gazebo_ros_plugins_msgs/msg/rosidl_generator_cpp__visibility_control.hpp
[50.475s] -- Installing: /home/osansubuntumachine/ros2_ws/install/uuv_gazebo_ros_plugins_msgs/include/uuv_gazebo_ros_plugins_msgs/msg/underwater_object_model.hpp
[50.475s] -- Up-to-date: /home/osansubuntumachine/ros2_ws/install/uuv_gazebo_ros_plugins_msgs/include/uuv_gazebo_ros_plugins_msgs/msg/detail
[50.475s] -- Installing: /home/osansubuntumachine/ros2_ws/install/uuv_gazebo_ros_plugins_msgs/include/uuv_gazebo_ros_plugins_msgs/msg/detail/float_stamped__builder.hpp
[50.475s] -- Installing: /home/osansubuntumachine/ros2_ws/install/uuv_gazebo_ros_plugins_msgs/include/uuv_gazebo_ros_plugins_msgs/msg/detail/thruster_conversion_fcn__traits.hpp
[50.476s] -- Installing: /home/osansubuntumachine/ros2_ws/install/uuv_gazebo_ros_plugins_msgs/include/uuv_gazebo_ros_plugins_msgs/msg/detail/float_stamped__traits.hpp
[50.476s] -- Installing: /home/osansubuntumachine/ros2_ws/install/uuv_gazebo_ros_plugins_msgs/include/uuv_gazebo_ros_plugins_msgs/msg/detail/underwater_object_model__traits.hpp
[50.476s] -- Installing: /home/osansubuntumachine/ros2_ws/install/uuv_gazebo_ros_plugins_msgs/include/uuv_gazebo_ros_plugins_msgs/msg/detail/thruster_conversion_fcn__type_support.hpp
[50.477s] -- Installing: /home/osansubuntumachine/ros2_ws/install/uuv_gazebo_ros_plugins_msgs/include/uuv_gazebo_ros_plugins_msgs/msg/detail/underwater_object_model__type_support.hpp
[50.477s] -- Installing: /home/osansubuntumachine/ros2_ws/install/uuv_gazebo_ros_plugins_msgs/include/uuv_gazebo_ros_plugins_msgs/msg/detail/underwater_object_model__builder.hpp
[50.477s] -- Installing: /home/osansubuntumachine/ros2_ws/install/uuv_gazebo_ros_plugins_msgs/include/uuv_gazebo_ros_plugins_msgs/msg/detail/underwater_object_model__struct.hpp
[50.478s] -- Installing: /home/osansubuntumachine/ros2_ws/install/uuv_gazebo_ros_plugins_msgs/include/uuv_gazebo_ros_plugins_msgs/msg/detail/thruster_conversion_fcn__struct.hpp
[50.478s] -- Installing: /home/osansubuntumachine/ros2_ws/install/uuv_gazebo_ros_plugins_msgs/include/uuv_gazebo_ros_plugins_msgs/msg/detail/thruster_conversion_fcn__builder.hpp
[50.478s] -- Installing: /home/osansubuntumachine/ros2_ws/install/uuv_gazebo_ros_plugins_msgs/include/uuv_gazebo_ros_plugins_msgs/msg/detail/float_stamped__struct.hpp
[50.479s] -- Installing: /home/osansubuntumachine/ros2_ws/install/uuv_gazebo_ros_plugins_msgs/include/uuv_gazebo_ros_plugins_msgs/msg/detail/float_stamped__type_support.hpp
[50.479s] -- Up-to-date: /home/osansubuntumachine/ros2_ws/install/uuv_gazebo_ros_plugins_msgs/include/uuv_gazebo_ros_plugins_msgs/srv
[50.479s] -- Installing: /home/osansubuntumachine/ros2_ws/install/uuv_gazebo_ros_plugins_msgs/include/uuv_gazebo_ros_plugins_msgs/srv/get_float.hpp
[50.479s] -- Installing: /home/osansubuntumachine/ros2_ws/install/uuv_gazebo_ros_plugins_msgs/include/uuv_gazebo_ros_plugins_msgs/srv/get_model_properties.hpp
[50.480s] -- Installing: /home/osansubuntumachine/ros2_ws/install/uuv_gazebo_ros_plugins_msgs/include/uuv_gazebo_ros_plugins_msgs/srv/get_thruster_state.hpp
[50.481s] -- Installing: /home/osansubuntumachine/ros2_ws/install/uuv_gazebo_ros_plugins_msgs/include/uuv_gazebo_ros_plugins_msgs/srv/set_use_global_current_vel.hpp
[50.481s] -- Installing: /home/osansubuntumachine/ros2_ws/install/uuv_gazebo_ros_plugins_msgs/include/uuv_gazebo_ros_plugins_msgs/srv/get_list_param.hpp
[50.482s] -- Installing: /home/osansubuntumachine/ros2_ws/install/uuv_gazebo_ros_plugins_msgs/include/uuv_gazebo_ros_plugins_msgs/srv/get_thruster_conversion_fcn.hpp
[50.482s] -- Up-to-date: /home/osansubuntumachine/ros2_ws/install/uuv_gazebo_ros_plugins_msgs/include/uuv_gazebo_ros_plugins_msgs/srv/detail
[50.483s] -- Installing: /home/osansubuntumachine/ros2_ws/install/uuv_gazebo_ros_plugins_msgs/include/uuv_gazebo_ros_plugins_msgs/srv/detail/get_thruster_conversion_fcn__struct.hpp
[50.484s] -- Installing: /home/osansubuntumachine/ros2_ws/install/uuv_gazebo_ros_plugins_msgs/include/uuv_gazebo_ros_plugins_msgs/srv/detail/get_thruster_efficiency__struct.hpp
[50.484s] -- Installing: /home/osansubuntumachine/ros2_ws/install/uuv_gazebo_ros_plugins_msgs/include/uuv_gazebo_ros_plugins_msgs/srv/detail/set_thruster_efficiency__type_support.hpp
[50.485s] -- Installing: /home/osansubuntumachine/ros2_ws/install/uuv_gazebo_ros_plugins_msgs/include/uuv_gazebo_ros_plugins_msgs/srv/detail/get_list_param__struct.hpp
[50.485s] -- Installing: /home/osansubuntumachine/ros2_ws/install/uuv_gazebo_ros_plugins_msgs/include/uuv_gazebo_ros_plugins_msgs/srv/detail/set_thruster_state__struct.hpp
[50.485s] -- Installing: /home/osansubuntumachine/ros2_ws/install/uuv_gazebo_ros_plugins_msgs/include/uuv_gazebo_ros_plugins_msgs/srv/detail/set_float__struct.hpp
[50.486s] -- Installing: /home/osansubuntumachine/ros2_ws/install/uuv_gazebo_ros_plugins_msgs/include/uuv_gazebo_ros_plugins_msgs/srv/detail/set_float__traits.hpp
[50.486s] -- Installing: /home/osansubuntumachine/ros2_ws/install/uuv_gazebo_ros_plugins_msgs/include/uuv_gazebo_ros_plugins_msgs/srv/detail/get_thruster_state__type_support.hpp
[50.487s] -- Installing: /home/osansubuntumachine/ros2_ws/install/uuv_gazebo_ros_plugins_msgs/include/uuv_gazebo_ros_plugins_msgs/srv/detail/set_float__builder.hpp
[50.487s] -- Installing: /home/osansubuntumachine/ros2_ws/install/uuv_gazebo_ros_plugins_msgs/include/uuv_gazebo_ros_plugins_msgs/srv/detail/get_model_properties__builder.hpp
[50.487s] -- Installing: /home/osansubuntumachine/ros2_ws/install/uuv_gazebo_ros_plugins_msgs/include/uuv_gazebo_ros_plugins_msgs/srv/detail/set_thruster_state__traits.hpp
[50.487s] -- Installing: /home/osansubuntumachine/ros2_ws/install/uuv_gazebo_ros_plugins_msgs/include/uuv_gazebo_ros_plugins_msgs/srv/detail/get_model_properties__traits.hpp
[50.488s] -- Installing: /home/osansubuntumachine/ros2_ws/install/uuv_gazebo_ros_plugins_msgs/include/uuv_gazebo_ros_plugins_msgs/srv/detail/set_thruster_efficiency__struct.hpp
[50.488s] -- Installing: /home/osansubuntumachine/ros2_ws/install/uuv_gazebo_ros_plugins_msgs/include/uuv_gazebo_ros_plugins_msgs/srv/detail/get_thruster_efficiency__type_support.hpp
[50.488s] -- Installing: /home/osansubuntumachine/ros2_ws/install/uuv_gazebo_ros_plugins_msgs/include/uuv_gazebo_ros_plugins_msgs/srv/detail/get_list_param__builder.hpp
[50.489s] -- Installing: /home/osansubuntumachine/ros2_ws/install/uuv_gazebo_ros_plugins_msgs/include/uuv_gazebo_ros_plugins_msgs/srv/detail/get_thruster_conversion_fcn__traits.hpp
[50.489s] -- Installing: /home/osansubuntumachine/ros2_ws/install/uuv_gazebo_ros_plugins_msgs/include/uuv_gazebo_ros_plugins_msgs/srv/detail/get_float__type_support.hpp
[50.489s] -- Installing: /home/osansubuntumachine/ros2_ws/install/uuv_gazebo_ros_plugins_msgs/include/uuv_gazebo_ros_plugins_msgs/srv/detail/set_thruster_efficiency__traits.hpp
[50.490s] -- Installing: /home/osansubuntumachine/ros2_ws/install/uuv_gazebo_ros_plugins_msgs/include/uuv_gazebo_ros_plugins_msgs/srv/detail/get_thruster_conversion_fcn__builder.hpp
[50.490s] -- Installing: /home/osansubuntumachine/ros2_ws/install/uuv_gazebo_ros_plugins_msgs/include/uuv_gazebo_ros_plugins_msgs/srv/detail/get_thruster_state__builder.hpp
[50.490s] -- Installing: /home/osansubuntumachine/ros2_ws/install/uuv_gazebo_ros_plugins_msgs/include/uuv_gazebo_ros_plugins_msgs/srv/detail/get_thruster_efficiency__traits.hpp
[50.491s] -- Installing: /home/osansubuntumachine/ros2_ws/install/uuv_gazebo_ros_plugins_msgs/include/uuv_gazebo_ros_plugins_msgs/srv/detail/get_list_param__traits.hpp
[50.491s] -- Installing: /home/osansubuntumachine/ros2_ws/install/uuv_gazebo_ros_plugins_msgs/include/uuv_gazebo_ros_plugins_msgs/srv/detail/set_use_global_current_vel__type_support.hpp
[50.491s] -- Installing: /home/osansubuntumachine/ros2_ws/install/uuv_gazebo_ros_plugins_msgs/include/uuv_gazebo_ros_plugins_msgs/srv/detail/get_thruster_state__traits.hpp
[50.492s] -- Installing: /home/osansubuntumachine/ros2_ws/install/uuv_gazebo_ros_plugins_msgs/include/uuv_gazebo_ros_plugins_msgs/srv/detail/set_thruster_state__type_support.hpp
[50.492s] -- Installing: /home/osansubuntumachine/ros2_ws/install/uuv_gazebo_ros_plugins_msgs/include/uuv_gazebo_ros_plugins_msgs/srv/detail/get_thruster_efficiency__builder.hpp
[50.492s] -- Installing: /home/osansubuntumachine/ros2_ws/install/uuv_gazebo_ros_plugins_msgs/include/uuv_gazebo_ros_plugins_msgs/srv/detail/get_thruster_conversion_fcn__type_support.hpp
[50.493s] -- Installing: /home/osansubuntumachine/ros2_ws/install/uuv_gazebo_ros_plugins_msgs/include/uuv_gazebo_ros_plugins_msgs/srv/detail/set_float__type_support.hpp
[50.493s] -- Installing: /home/osansubuntumachine/ros2_ws/install/uuv_gazebo_ros_plugins_msgs/include/uuv_gazebo_ros_plugins_msgs/srv/detail/set_thruster_efficiency__builder.hpp
[50.493s] -- Installing: /home/osansubuntumachine/ros2_ws/install/uuv_gazebo_ros_plugins_msgs/include/uuv_gazebo_ros_plugins_msgs/srv/detail/get_model_properties__type_support.hpp
[50.494s] -- Installing: /home/osansubuntumachine/ros2_ws/install/uuv_gazebo_ros_plugins_msgs/include/uuv_gazebo_ros_plugins_msgs/srv/detail/set_use_global_current_vel__traits.hpp
[50.494s] -- Installing: /home/osansubuntumachine/ros2_ws/install/uuv_gazebo_ros_plugins_msgs/include/uuv_gazebo_ros_plugins_msgs/srv/detail/set_thruster_state__builder.hpp
[50.494s] -- Installing: /home/osansubuntumachine/ros2_ws/install/uuv_gazebo_ros_plugins_msgs/include/uuv_gazebo_ros_plugins_msgs/srv/detail/get_float__builder.hpp
[50.495s] -- Installing: /home/osansubuntumachine/ros2_ws/install/uuv_gazebo_ros_plugins_msgs/include/uuv_gazebo_ros_plugins_msgs/srv/detail/set_use_global_current_vel__builder.hpp
[50.495s] -- Installing: /home/osansubuntumachine/ros2_ws/install/uuv_gazebo_ros_plugins_msgs/include/uuv_gazebo_ros_plugins_msgs/srv/detail/set_use_global_current_vel__struct.hpp
[50.495s] -- Installing: /home/osansubuntumachine/ros2_ws/install/uuv_gazebo_ros_plugins_msgs/include/uuv_gazebo_ros_plugins_msgs/srv/detail/get_thruster_state__struct.hpp
[50.496s] -- Installing: /home/osansubuntumachine/ros2_ws/install/uuv_gazebo_ros_plugins_msgs/include/uuv_gazebo_ros_plugins_msgs/srv/detail/get_model_properties__struct.hpp
[50.496s] -- Installing: /home/osansubuntumachine/ros2_ws/install/uuv_gazebo_ros_plugins_msgs/include/uuv_gazebo_ros_plugins_msgs/srv/detail/get_float__traits.hpp
[50.497s] -- Installing: /home/osansubuntumachine/ros2_ws/install/uuv_gazebo_ros_plugins_msgs/include/uuv_gazebo_ros_plugins_msgs/srv/detail/get_float__struct.hpp
[50.497s] -- Installing: /home/osansubuntumachine/ros2_ws/install/uuv_gazebo_ros_plugins_msgs/include/uuv_gazebo_ros_plugins_msgs/srv/detail/get_list_param__type_support.hpp
[50.497s] -- Installing: /home/osansubuntumachine/ros2_ws/install/uuv_gazebo_ros_plugins_msgs/include/uuv_gazebo_ros_plugins_msgs/srv/set_thruster_efficiency.hpp
[50.498s] -- Installing: /home/osansubuntumachine/ros2_ws/install/uuv_gazebo_ros_plugins_msgs/include/uuv_gazebo_ros_plugins_msgs/srv/set_thruster_state.hpp
[50.499s] -- Installing: /home/osansubuntumachine/ros2_ws/install/uuv_gazebo_ros_plugins_msgs/include/uuv_gazebo_ros_plugins_msgs/srv/get_thruster_efficiency.hpp
[50.499s] -- Installing: /home/osansubuntumachine/ros2_ws/install/uuv_gazebo_ros_plugins_msgs/include/uuv_gazebo_ros_plugins_msgs/srv/set_float.hpp
[50.499s] -- Up-to-date: /home/osansubuntumachine/ros2_ws/install/uuv_gazebo_ros_plugins_msgs/include/uuv_gazebo_ros_plugins_msgs
[50.499s] -- Up-to-date: /home/osansubuntumachine/ros2_ws/install/uuv_gazebo_ros_plugins_msgs/include/uuv_gazebo_ros_plugins_msgs/msg
[50.500s] -- Up-to-date: /home/osansubuntumachine/ros2_ws/install/uuv_gazebo_ros_plugins_msgs/include/uuv_gazebo_ros_plugins_msgs/msg/detail
[50.500s] -- Installing: /home/osansubuntumachine/ros2_ws/install/uuv_gazebo_ros_plugins_msgs/include/uuv_gazebo_ros_plugins_msgs/msg/detail/underwater_object_model__rosidl_typesupport_introspection_cpp.hpp
[50.500s] -- Installing: /home/osansubuntumachine/ros2_ws/install/uuv_gazebo_ros_plugins_msgs/include/uuv_gazebo_ros_plugins_msgs/msg/detail/float_stamped__type_support.cpp
[50.501s] -- Installing: /home/osansubuntumachine/ros2_ws/install/uuv_gazebo_ros_plugins_msgs/include/uuv_gazebo_ros_plugins_msgs/msg/detail/underwater_object_model__type_support.cpp
[50.501s] -- Installing: /home/osansubuntumachine/ros2_ws/install/uuv_gazebo_ros_plugins_msgs/include/uuv_gazebo_ros_plugins_msgs/msg/detail/thruster_conversion_fcn__type_support.cpp
[50.501s] -- Installing: /home/osansubuntumachine/ros2_ws/install/uuv_gazebo_ros_plugins_msgs/include/uuv_gazebo_ros_plugins_msgs/msg/detail/float_stamped__rosidl_typesupport_introspection_cpp.hpp
[50.502s] -- Installing: /home/osansubuntumachine/ros2_ws/install/uuv_gazebo_ros_plugins_msgs/include/uuv_gazebo_ros_plugins_msgs/msg/detail/thruster_conversion_fcn__rosidl_typesupport_introspection_cpp.hpp
[50.502s] -- Up-to-date: /home/osansubuntumachine/ros2_ws/install/uuv_gazebo_ros_plugins_msgs/include/uuv_gazebo_ros_plugins_msgs/srv
[50.502s] -- Up-to-date: /home/osansubuntumachine/ros2_ws/install/uuv_gazebo_ros_plugins_msgs/include/uuv_gazebo_ros_plugins_msgs/srv/detail
[50.502s] -- Installing: /home/osansubuntumachine/ros2_ws/install/uuv_gazebo_ros_plugins_msgs/include/uuv_gazebo_ros_plugins_msgs/srv/detail/get_float__type_support.cpp
[50.503s] -- Installing: /home/osansubuntumachine/ros2_ws/install/uuv_gazebo_ros_plugins_msgs/include/uuv_gazebo_ros_plugins_msgs/srv/detail/get_model_properties__rosidl_typesupport_introspection_cpp.hpp
[50.503s] -- Installing: /home/osansubuntumachine/ros2_ws/install/uuv_gazebo_ros_plugins_msgs/include/uuv_gazebo_ros_plugins_msgs/srv/detail/get_thruster_state__rosidl_typesupport_introspection_cpp.hpp
[50.504s] -- Installing: /home/osansubuntumachine/ros2_ws/install/uuv_gazebo_ros_plugins_msgs/include/uuv_gazebo_ros_plugins_msgs/srv/detail/get_list_param__type_support.cpp
[50.504s] -- Installing: /home/osansubuntumachine/ros2_ws/install/uuv_gazebo_ros_plugins_msgs/include/uuv_gazebo_ros_plugins_msgs/srv/detail/set_thruster_state__type_support.cpp
[50.505s] -- Installing: /home/osansubuntumachine/ros2_ws/install/uuv_gazebo_ros_plugins_msgs/include/uuv_gazebo_ros_plugins_msgs/srv/detail/set_thruster_efficiency__rosidl_typesupport_introspection_cpp.hpp
[50.505s] -- Installing: /home/osansubuntumachine/ros2_ws/install/uuv_gazebo_ros_plugins_msgs/include/uuv_gazebo_ros_plugins_msgs/srv/detail/get_thruster_state__type_support.cpp
[50.505s] -- Installing: /home/osansubuntumachine/ros2_ws/install/uuv_gazebo_ros_plugins_msgs/include/uuv_gazebo_ros_plugins_msgs/srv/detail/set_use_global_current_vel__type_support.cpp
[50.506s] -- Installing: /home/osansubuntumachine/ros2_ws/install/uuv_gazebo_ros_plugins_msgs/include/uuv_gazebo_ros_plugins_msgs/srv/detail/get_list_param__rosidl_typesupport_introspection_cpp.hpp
[50.506s] -- Installing: /home/osansubuntumachine/ros2_ws/install/uuv_gazebo_ros_plugins_msgs/include/uuv_gazebo_ros_plugins_msgs/srv/detail/get_model_properties__type_support.cpp
[50.506s] -- Installing: /home/osansubuntumachine/ros2_ws/install/uuv_gazebo_ros_plugins_msgs/include/uuv_gazebo_ros_plugins_msgs/srv/detail/get_thruster_conversion_fcn__type_support.cpp
[50.507s] -- Installing: /home/osansubuntumachine/ros2_ws/install/uuv_gazebo_ros_plugins_msgs/include/uuv_gazebo_ros_plugins_msgs/srv/detail/set_float__type_support.cpp
[50.507s] -- Installing: /home/osansubuntumachine/ros2_ws/install/uuv_gazebo_ros_plugins_msgs/include/uuv_gazebo_ros_plugins_msgs/srv/detail/set_thruster_efficiency__type_support.cpp
[50.508s] -- Installing: /home/osansubuntumachine/ros2_ws/install/uuv_gazebo_ros_plugins_msgs/include/uuv_gazebo_ros_plugins_msgs/srv/detail/get_thruster_efficiency__rosidl_typesupport_introspection_cpp.hpp
[50.509s] -- Installing: /home/osansubuntumachine/ros2_ws/install/uuv_gazebo_ros_plugins_msgs/include/uuv_gazebo_ros_plugins_msgs/srv/detail/get_float__rosidl_typesupport_introspection_cpp.hpp
[50.509s] -- Installing: /home/osansubuntumachine/ros2_ws/install/uuv_gazebo_ros_plugins_msgs/include/uuv_gazebo_ros_plugins_msgs/srv/detail/get_thruster_efficiency__type_support.cpp
[50.510s] -- Installing: /home/osansubuntumachine/ros2_ws/install/uuv_gazebo_ros_plugins_msgs/include/uuv_gazebo_ros_plugins_msgs/srv/detail/set_use_global_current_vel__rosidl_typesupport_introspection_cpp.hpp
[50.510s] -- Installing: /home/osansubuntumachine/ros2_ws/install/uuv_gazebo_ros_plugins_msgs/include/uuv_gazebo_ros_plugins_msgs/srv/detail/set_thruster_state__rosidl_typesupport_introspection_cpp.hpp
[50.511s] -- Installing: /home/osansubuntumachine/ros2_ws/install/uuv_gazebo_ros_plugins_msgs/include/uuv_gazebo_ros_plugins_msgs/srv/detail/set_float__rosidl_typesupport_introspection_cpp.hpp
[50.511s] -- Installing: /home/osansubuntumachine/ros2_ws/install/uuv_gazebo_ros_plugins_msgs/include/uuv_gazebo_ros_plugins_msgs/srv/detail/get_thruster_conversion_fcn__rosidl_typesupport_introspection_cpp.hpp
[50.511s] -- Installing: /home/osansubuntumachine/ros2_ws/install/uuv_gazebo_ros_plugins_msgs/lib/libuuv_gazebo_ros_plugins_msgs__rosidl_typesupport_introspection_cpp.so
[50.514s] -- Set runtime path of "/home/osansubuntumachine/ros2_ws/install/uuv_gazebo_ros_plugins_msgs/lib/libuuv_gazebo_ros_plugins_msgs__rosidl_typesupport_introspection_cpp.so" to ""
[50.516s] -- Installing: /home/osansubuntumachine/ros2_ws/install/uuv_gazebo_ros_plugins_msgs/lib/libuuv_gazebo_ros_plugins_msgs__rosidl_typesupport_cpp.so
[50.520s] -- Set runtime path of "/home/osansubuntumachine/ros2_ws/install/uuv_gazebo_ros_plugins_msgs/lib/libuuv_gazebo_ros_plugins_msgs__rosidl_typesupport_cpp.so" to ""
[50.522s] -- Installing: /home/osansubuntumachine/ros2_ws/install/uuv_gazebo_ros_plugins_msgs/share/uuv_gazebo_ros_plugins_msgs/environment/pythonpath.sh
[50.524s] -- Installing: /home/osansubuntumachine/ros2_ws/install/uuv_gazebo_ros_plugins_msgs/share/uuv_gazebo_ros_plugins_msgs/environment/pythonpath.dsv
[50.525s] -- Installing: /home/osansubuntumachine/ros2_ws/install/uuv_gazebo_ros_plugins_msgs/lib/python3.8/site-packages/uuv_gazebo_ros_plugins_msgs/__init__.py
[50.553s] Compiling '/home/osansubuntumachine/ros2_ws/install/uuv_gazebo_ros_plugins_msgs/lib/python3.8/site-packages/uuv_gazebo_ros_plugins_msgs/__init__.py'...
[50.556s] -- Installing: /home/osansubuntumachine/ros2_ws/install/uuv_gazebo_ros_plugins_msgs/lib/python3.8/site-packages/uuv_gazebo_ros_plugins_msgs/msg
[50.556s] -- Installing: /home/osansubuntumachine/ros2_ws/install/uuv_gazebo_ros_plugins_msgs/lib/python3.8/site-packages/uuv_gazebo_ros_plugins_msgs/msg/_underwater_object_model.py
[50.557s] -- Installing: /home/osansubuntumachine/ros2_ws/install/uuv_gazebo_ros_plugins_msgs/lib/python3.8/site-packages/uuv_gazebo_ros_plugins_msgs/msg/__init__.py
[50.557s] -- Installing: /home/osansubuntumachine/ros2_ws/install/uuv_gazebo_ros_plugins_msgs/lib/python3.8/site-packages/uuv_gazebo_ros_plugins_msgs/msg/_float_stamped_s.c
[50.557s] -- Installing: /home/osansubuntumachine/ros2_ws/install/uuv_gazebo_ros_plugins_msgs/lib/python3.8/site-packages/uuv_gazebo_ros_plugins_msgs/msg/_underwater_object_model_s.c
[50.558s] -- Installing: /home/osansubuntumachine/ros2_ws/install/uuv_gazebo_ros_plugins_msgs/lib/python3.8/site-packages/uuv_gazebo_ros_plugins_msgs/msg/_thruster_conversion_fcn_s.c
[50.558s] -- Installing: /home/osansubuntumachine/ros2_ws/install/uuv_gazebo_ros_plugins_msgs/lib/python3.8/site-packages/uuv_gazebo_ros_plugins_msgs/msg/_thruster_conversion_fcn.py
[50.559s] -- Installing: /home/osansubuntumachine/ros2_ws/install/uuv_gazebo_ros_plugins_msgs/lib/python3.8/site-packages/uuv_gazebo_ros_plugins_msgs/msg/_float_stamped.py
[50.559s] -- Installing: /home/osansubuntumachine/ros2_ws/install/uuv_gazebo_ros_plugins_msgs/lib/python3.8/site-packages/uuv_gazebo_ros_plugins_msgs/srv
[50.559s] -- Installing: /home/osansubuntumachine/ros2_ws/install/uuv_gazebo_ros_plugins_msgs/lib/python3.8/site-packages/uuv_gazebo_ros_plugins_msgs/srv/_get_float_s.c
[50.559s] -- Installing: /home/osansubuntumachine/ros2_ws/install/uuv_gazebo_ros_plugins_msgs/lib/python3.8/site-packages/uuv_gazebo_ros_plugins_msgs/srv/_get_model_properties.py
[50.560s] -- Installing: /home/osansubuntumachine/ros2_ws/install/uuv_gazebo_ros_plugins_msgs/lib/python3.8/site-packages/uuv_gazebo_ros_plugins_msgs/srv/_set_thruster_state_s.c
[50.560s] -- Installing: /home/osansubuntumachine/ros2_ws/install/uuv_gazebo_ros_plugins_msgs/lib/python3.8/site-packages/uuv_gazebo_ros_plugins_msgs/srv/_set_use_global_current_vel_s.c
[50.561s] -- Installing: /home/osansubuntumachine/ros2_ws/install/uuv_gazebo_ros_plugins_msgs/lib/python3.8/site-packages/uuv_gazebo_ros_plugins_msgs/srv/_set_float_s.c
[50.561s] -- Installing: /home/osansubuntumachine/ros2_ws/install/uuv_gazebo_ros_plugins_msgs/lib/python3.8/site-packages/uuv_gazebo_ros_plugins_msgs/srv/_get_list_param.py
[50.561s] -- Installing: /home/osansubuntumachine/ros2_ws/install/uuv_gazebo_ros_plugins_msgs/lib/python3.8/site-packages/uuv_gazebo_ros_plugins_msgs/srv/_get_model_properties_s.c
[50.562s] -- Installing: /home/osansubuntumachine/ros2_ws/install/uuv_gazebo_ros_plugins_msgs/lib/python3.8/site-packages/uuv_gazebo_ros_plugins_msgs/srv/_set_thruster_efficiency.py
[50.562s] -- Installing: /home/osansubuntumachine/ros2_ws/install/uuv_gazebo_ros_plugins_msgs/lib/python3.8/site-packages/uuv_gazebo_ros_plugins_msgs/srv/_get_thruster_state.py
[50.562s] -- Installing: /home/osansubuntumachine/ros2_ws/install/uuv_gazebo_ros_plugins_msgs/lib/python3.8/site-packages/uuv_gazebo_ros_plugins_msgs/srv/_get_float.py
[50.563s] -- Installing: /home/osansubuntumachine/ros2_ws/install/uuv_gazebo_ros_plugins_msgs/lib/python3.8/site-packages/uuv_gazebo_ros_plugins_msgs/srv/__init__.py
[50.563s] -- Installing: /home/osansubuntumachine/ros2_ws/install/uuv_gazebo_ros_plugins_msgs/lib/python3.8/site-packages/uuv_gazebo_ros_plugins_msgs/srv/_set_use_global_current_vel.py
[50.563s] -- Installing: /home/osansubuntumachine/ros2_ws/install/uuv_gazebo_ros_plugins_msgs/lib/python3.8/site-packages/uuv_gazebo_ros_plugins_msgs/srv/_set_thruster_state.py
[50.564s] -- Installing: /home/osansubuntumachine/ros2_ws/install/uuv_gazebo_ros_plugins_msgs/lib/python3.8/site-packages/uuv_gazebo_ros_plugins_msgs/srv/_set_thruster_efficiency_s.c
[50.564s] -- Installing: /home/osansubuntumachine/ros2_ws/install/uuv_gazebo_ros_plugins_msgs/lib/python3.8/site-packages/uuv_gazebo_ros_plugins_msgs/srv/_get_thruster_conversion_fcn.py
[50.564s] -- Installing: /home/osansubuntumachine/ros2_ws/install/uuv_gazebo_ros_plugins_msgs/lib/python3.8/site-packages/uuv_gazebo_ros_plugins_msgs/srv/_set_float.py
[50.565s] -- Installing: /home/osansubuntumachine/ros2_ws/install/uuv_gazebo_ros_plugins_msgs/lib/python3.8/site-packages/uuv_gazebo_ros_plugins_msgs/srv/_get_list_param_s.c
[50.565s] -- Installing: /home/osansubuntumachine/ros2_ws/install/uuv_gazebo_ros_plugins_msgs/lib/python3.8/site-packages/uuv_gazebo_ros_plugins_msgs/srv/_get_thruster_state_s.c
[50.565s] -- Installing: /home/osansubuntumachine/ros2_ws/install/uuv_gazebo_ros_plugins_msgs/lib/python3.8/site-packages/uuv_gazebo_ros_plugins_msgs/srv/_get_thruster_efficiency_s.c
[50.566s] -- Installing: /home/osansubuntumachine/ros2_ws/install/uuv_gazebo_ros_plugins_msgs/lib/python3.8/site-packages/uuv_gazebo_ros_plugins_msgs/srv/_get_thruster_efficiency.py
[50.566s] -- Installing: /home/osansubuntumachine/ros2_ws/install/uuv_gazebo_ros_plugins_msgs/lib/python3.8/site-packages/uuv_gazebo_ros_plugins_msgs/srv/_get_thruster_conversion_fcn_s.c
[50.567s] -- Installing: /home/osansubuntumachine/ros2_ws/install/uuv_gazebo_ros_plugins_msgs/lib/python3.8/site-packages/uuv_gazebo_ros_plugins_msgs/uuv_gazebo_ros_plugins_msgs_s__rosidl_typesupport_fastrtps_c.cpython-38-x86_64-linux-gnu.so
[50.569s] -- Set runtime path of "/home/osansubuntumachine/ros2_ws/install/uuv_gazebo_ros_plugins_msgs/lib/python3.8/site-packages/uuv_gazebo_ros_plugins_msgs/uuv_gazebo_ros_plugins_msgs_s__rosidl_typesupport_fastrtps_c.cpython-38-x86_64-linux-gnu.so" to ""
[50.569s] -- Installing: /home/osansubuntumachine/ros2_ws/install/uuv_gazebo_ros_plugins_msgs/lib/python3.8/site-packages/uuv_gazebo_ros_plugins_msgs/uuv_gazebo_ros_plugins_msgs_s__rosidl_typesupport_introspection_c.cpython-38-x86_64-linux-gnu.so
[50.571s] -- Set runtime path of "/home/osansubuntumachine/ros2_ws/install/uuv_gazebo_ros_plugins_msgs/lib/python3.8/site-packages/uuv_gazebo_ros_plugins_msgs/uuv_gazebo_ros_plugins_msgs_s__rosidl_typesupport_introspection_c.cpython-38-x86_64-linux-gnu.so" to ""
[50.571s] -- Installing: /home/osansubuntumachine/ros2_ws/install/uuv_gazebo_ros_plugins_msgs/lib/python3.8/site-packages/uuv_gazebo_ros_plugins_msgs/uuv_gazebo_ros_plugins_msgs_s__rosidl_typesupport_c.cpython-38-x86_64-linux-gnu.so
[50.573s] -- Set runtime path of "/home/osansubuntumachine/ros2_ws/install/uuv_gazebo_ros_plugins_msgs/lib/python3.8/site-packages/uuv_gazebo_ros_plugins_msgs/uuv_gazebo_ros_plugins_msgs_s__rosidl_typesupport_c.cpython-38-x86_64-linux-gnu.so" to ""
[50.573s] -- Installing: /home/osansubuntumachine/ros2_ws/install/uuv_gazebo_ros_plugins_msgs/lib/libuuv_gazebo_ros_plugins_msgs__python.so
[50.575s] -- Set runtime path of "/home/osansubuntumachine/ros2_ws/install/uuv_gazebo_ros_plugins_msgs/lib/libuuv_gazebo_ros_plugins_msgs__python.so" to ""
[50.575s] -- Installing: /home/osansubuntumachine/ros2_ws/install/uuv_gazebo_ros_plugins_msgs/share/uuv_gazebo_ros_plugins_msgs/msg/FloatStamped.idl
[50.576s] -- Installing: /home/osansubuntumachine/ros2_ws/install/uuv_gazebo_ros_plugins_msgs/share/uuv_gazebo_ros_plugins_msgs/msg/UnderwaterObjectModel.idl
[50.577s] -- Installing: /home/osansubuntumachine/ros2_ws/install/uuv_gazebo_ros_plugins_msgs/share/uuv_gazebo_ros_plugins_msgs/msg/ThrusterConversionFcn.idl
[50.577s] -- Installing: /home/osansubuntumachine/ros2_ws/install/uuv_gazebo_ros_plugins_msgs/share/uuv_gazebo_ros_plugins_msgs/srv/SetThrusterEfficiency.idl
[50.578s] -- Installing: /home/osansubuntumachine/ros2_ws/install/uuv_gazebo_ros_plugins_msgs/share/uuv_gazebo_ros_plugins_msgs/srv/SetThrusterState.idl
[50.579s] -- Installing: /home/osansubuntumachine/ros2_ws/install/uuv_gazebo_ros_plugins_msgs/share/uuv_gazebo_ros_plugins_msgs/srv/GetThrusterEfficiency.idl
[50.579s] -- Installing: /home/osansubuntumachine/ros2_ws/install/uuv_gazebo_ros_plugins_msgs/share/uuv_gazebo_ros_plugins_msgs/srv/GetThrusterState.idl
[50.580s] -- Installing: /home/osansubuntumachine/ros2_ws/install/uuv_gazebo_ros_plugins_msgs/share/uuv_gazebo_ros_plugins_msgs/srv/SetUseGlobalCurrentVel.idl
[50.581s] -- Installing: /home/osansubuntumachine/ros2_ws/install/uuv_gazebo_ros_plugins_msgs/share/uuv_gazebo_ros_plugins_msgs/srv/GetModelProperties.idl
[50.582s] -- Installing: /home/osansubuntumachine/ros2_ws/install/uuv_gazebo_ros_plugins_msgs/share/uuv_gazebo_ros_plugins_msgs/srv/SetFloat.idl
[50.582s] -- Installing: /home/osansubuntumachine/ros2_ws/install/uuv_gazebo_ros_plugins_msgs/share/uuv_gazebo_ros_plugins_msgs/srv/GetFloat.idl
[50.583s] -- Installing: /home/osansubuntumachine/ros2_ws/install/uuv_gazebo_ros_plugins_msgs/share/uuv_gazebo_ros_plugins_msgs/srv/GetListParam.idl
[50.583s] -- Installing: /home/osansubuntumachine/ros2_ws/install/uuv_gazebo_ros_plugins_msgs/share/uuv_gazebo_ros_plugins_msgs/srv/GetThrusterConversionFcn.idl
[50.584s] -- Installing: /home/osansubuntumachine/ros2_ws/install/uuv_gazebo_ros_plugins_msgs/share/uuv_gazebo_ros_plugins_msgs/msg/FloatStamped.msg
[50.584s] -- Installing: /home/osansubuntumachine/ros2_ws/install/uuv_gazebo_ros_plugins_msgs/share/uuv_gazebo_ros_plugins_msgs/msg/UnderwaterObjectModel.msg
[50.584s] -- Installing: /home/osansubuntumachine/ros2_ws/install/uuv_gazebo_ros_plugins_msgs/share/uuv_gazebo_ros_plugins_msgs/msg/ThrusterConversionFcn.msg
[50.585s] -- Installing: /home/osansubuntumachine/ros2_ws/install/uuv_gazebo_ros_plugins_msgs/share/uuv_gazebo_ros_plugins_msgs/srv/SetThrusterEfficiency.srv
[50.586s] -- Installing: /home/osansubuntumachine/ros2_ws/install/uuv_gazebo_ros_plugins_msgs/share/uuv_gazebo_ros_plugins_msgs/srv/SetThrusterEfficiency_Request.msg
[50.586s] -- Installing: /home/osansubuntumachine/ros2_ws/install/uuv_gazebo_ros_plugins_msgs/share/uuv_gazebo_ros_plugins_msgs/srv/SetThrusterEfficiency_Response.msg
[50.587s] -- Installing: /home/osansubuntumachine/ros2_ws/install/uuv_gazebo_ros_plugins_msgs/share/uuv_gazebo_ros_plugins_msgs/srv/SetThrusterState.srv
[50.588s] -- Installing: /home/osansubuntumachine/ros2_ws/install/uuv_gazebo_ros_plugins_msgs/share/uuv_gazebo_ros_plugins_msgs/srv/SetThrusterState_Request.msg
[50.588s] -- Installing: /home/osansubuntumachine/ros2_ws/install/uuv_gazebo_ros_plugins_msgs/share/uuv_gazebo_ros_plugins_msgs/srv/SetThrusterState_Response.msg
[50.589s] -- Installing: /home/osansubuntumachine/ros2_ws/install/uuv_gazebo_ros_plugins_msgs/share/uuv_gazebo_ros_plugins_msgs/srv/GetThrusterEfficiency.srv
[50.589s] -- Installing: /home/osansubuntumachine/ros2_ws/install/uuv_gazebo_ros_plugins_msgs/share/uuv_gazebo_ros_plugins_msgs/srv/GetThrusterEfficiency_Request.msg
[50.590s] -- Installing: /home/osansubuntumachine/ros2_ws/install/uuv_gazebo_ros_plugins_msgs/share/uuv_gazebo_ros_plugins_msgs/srv/GetThrusterEfficiency_Response.msg
[50.590s] -- Installing: /home/osansubuntumachine/ros2_ws/install/uuv_gazebo_ros_plugins_msgs/share/uuv_gazebo_ros_plugins_msgs/srv/GetThrusterState.srv
[50.590s] -- Installing: /home/osansubuntumachine/ros2_ws/install/uuv_gazebo_ros_plugins_msgs/share/uuv_gazebo_ros_plugins_msgs/srv/GetThrusterState_Request.msg
[50.591s] -- Installing: /home/osansubuntumachine/ros2_ws/install/uuv_gazebo_ros_plugins_msgs/share/uuv_gazebo_ros_plugins_msgs/srv/GetThrusterState_Response.msg
[50.591s] -- Installing: /home/osansubuntumachine/ros2_ws/install/uuv_gazebo_ros_plugins_msgs/share/uuv_gazebo_ros_plugins_msgs/srv/SetUseGlobalCurrentVel.srv
[50.592s] -- Installing: /home/osansubuntumachine/ros2_ws/install/uuv_gazebo_ros_plugins_msgs/share/uuv_gazebo_ros_plugins_msgs/srv/SetUseGlobalCurrentVel_Request.msg
[50.592s] -- Installing: /home/osansubuntumachine/ros2_ws/install/uuv_gazebo_ros_plugins_msgs/share/uuv_gazebo_ros_plugins_msgs/srv/SetUseGlobalCurrentVel_Response.msg
[50.593s] -- Installing: /home/osansubuntumachine/ros2_ws/install/uuv_gazebo_ros_plugins_msgs/share/uuv_gazebo_ros_plugins_msgs/srv/GetModelProperties.srv
[50.593s] -- Installing: /home/osansubuntumachine/ros2_ws/install/uuv_gazebo_ros_plugins_msgs/share/uuv_gazebo_ros_plugins_msgs/srv/GetModelProperties_Request.msg
[50.594s] -- Installing: /home/osansubuntumachine/ros2_ws/install/uuv_gazebo_ros_plugins_msgs/share/uuv_gazebo_ros_plugins_msgs/srv/GetModelProperties_Response.msg
[50.594s] -- Installing: /home/osansubuntumachine/ros2_ws/install/uuv_gazebo_ros_plugins_msgs/share/uuv_gazebo_ros_plugins_msgs/srv/SetFloat.srv
[50.595s] -- Installing: /home/osansubuntumachine/ros2_ws/install/uuv_gazebo_ros_plugins_msgs/share/uuv_gazebo_ros_plugins_msgs/srv/SetFloat_Request.msg
[50.595s] -- Installing: /home/osansubuntumachine/ros2_ws/install/uuv_gazebo_ros_plugins_msgs/share/uuv_gazebo_ros_plugins_msgs/srv/SetFloat_Response.msg
[50.595s] -- Installing: /home/osansubuntumachine/ros2_ws/install/uuv_gazebo_ros_plugins_msgs/share/uuv_gazebo_ros_plugins_msgs/srv/GetFloat.srv
[50.596s] -- Installing: /home/osansubuntumachine/ros2_ws/install/uuv_gazebo_ros_plugins_msgs/share/uuv_gazebo_ros_plugins_msgs/srv/GetFloat_Request.msg
[50.596s] -- Installing: /home/osansubuntumachine/ros2_ws/install/uuv_gazebo_ros_plugins_msgs/share/uuv_gazebo_ros_plugins_msgs/srv/GetFloat_Response.msg
[50.597s] -- Installing: /home/osansubuntumachine/ros2_ws/install/uuv_gazebo_ros_plugins_msgs/share/uuv_gazebo_ros_plugins_msgs/srv/GetListParam.srv
[50.597s] -- Installing: /home/osansubuntumachine/ros2_ws/install/uuv_gazebo_ros_plugins_msgs/share/uuv_gazebo_ros_plugins_msgs/srv/GetListParam_Request.msg
[50.597s] -- Installing: /home/osansubuntumachine/ros2_ws/install/uuv_gazebo_ros_plugins_msgs/share/uuv_gazebo_ros_plugins_msgs/srv/GetListParam_Response.msg
[50.598s] -- Installing: /home/osansubuntumachine/ros2_ws/install/uuv_gazebo_ros_plugins_msgs/share/uuv_gazebo_ros_plugins_msgs/srv/GetThrusterConversionFcn.srv
[50.598s] -- Installing: /home/osansubuntumachine/ros2_ws/install/uuv_gazebo_ros_plugins_msgs/share/uuv_gazebo_ros_plugins_msgs/srv/GetThrusterConversionFcn_Request.msg
[50.599s] -- Installing: /home/osansubuntumachine/ros2_ws/install/uuv_gazebo_ros_plugins_msgs/share/uuv_gazebo_ros_plugins_msgs/srv/GetThrusterConversionFcn_Response.msg
[50.599s] -- Installing: /home/osansubuntumachine/ros2_ws/install/uuv_gazebo_ros_plugins_msgs/share/ament_index/resource_index/package_run_dependencies/uuv_gazebo_ros_plugins_msgs
[50.600s] -- Installing: /home/osansubuntumachine/ros2_ws/install/uuv_gazebo_ros_plugins_msgs/share/ament_index/resource_index/parent_prefix_path/uuv_gazebo_ros_plugins_msgs
[50.600s] -- Installing: /home/osansubuntumachine/ros2_ws/install/uuv_gazebo_ros_plugins_msgs/share/uuv_gazebo_ros_plugins_msgs/environment/ament_prefix_path.sh
[50.600s] -- Installing: /home/osansubuntumachine/ros2_ws/install/uuv_gazebo_ros_plugins_msgs/share/uuv_gazebo_ros_plugins_msgs/environment/ament_prefix_path.dsv
[50.601s] -- Installing: /home/osansubuntumachine/ros2_ws/install/uuv_gazebo_ros_plugins_msgs/share/uuv_gazebo_ros_plugins_msgs/environment/path.sh
[50.601s] -- Installing: /home/osansubuntumachine/ros2_ws/install/uuv_gazebo_ros_plugins_msgs/share/uuv_gazebo_ros_plugins_msgs/environment/path.dsv
[50.602s] -- Installing: /home/osansubuntumachine/ros2_ws/install/uuv_gazebo_ros_plugins_msgs/share/uuv_gazebo_ros_plugins_msgs/local_setup.bash
[50.602s] -- Installing: /home/osansubuntumachine/ros2_ws/install/uuv_gazebo_ros_plugins_msgs/share/uuv_gazebo_ros_plugins_msgs/local_setup.sh
[50.602s] -- Installing: /home/osansubuntumachine/ros2_ws/install/uuv_gazebo_ros_plugins_msgs/share/uuv_gazebo_ros_plugins_msgs/local_setup.zsh
[50.603s] -- Installing: /home/osansubuntumachine/ros2_ws/install/uuv_gazebo_ros_plugins_msgs/share/uuv_gazebo_ros_plugins_msgs/local_setup.dsv
[50.603s] -- Installing: /home/osansubuntumachine/ros2_ws/install/uuv_gazebo_ros_plugins_msgs/share/uuv_gazebo_ros_plugins_msgs/package.dsv
[50.604s] -- Installing: /home/osansubuntumachine/ros2_ws/install/uuv_gazebo_ros_plugins_msgs/share/ament_index/resource_index/packages/uuv_gazebo_ros_plugins_msgs
[50.604s] -- Installing: /home/osansubuntumachine/ros2_ws/install/uuv_gazebo_ros_plugins_msgs/share/uuv_gazebo_ros_plugins_msgs/cmake/uuv_gazebo_ros_plugins_msgs__rosidl_generator_cExport.cmake
[50.604s] -- Installing: /home/osansubuntumachine/ros2_ws/install/uuv_gazebo_ros_plugins_msgs/share/uuv_gazebo_ros_plugins_msgs/cmake/uuv_gazebo_ros_plugins_msgs__rosidl_generator_cExport-noconfig.cmake
[50.605s] -- Installing: /home/osansubuntumachine/ros2_ws/install/uuv_gazebo_ros_plugins_msgs/share/uuv_gazebo_ros_plugins_msgs/cmake/uuv_gazebo_ros_plugins_msgs__rosidl_typesupport_introspection_cExport.cmake
[50.605s] -- Installing: /home/osansubuntumachine/ros2_ws/install/uuv_gazebo_ros_plugins_msgs/share/uuv_gazebo_ros_plugins_msgs/cmake/uuv_gazebo_ros_plugins_msgs__rosidl_typesupport_introspection_cExport-noconfig.cmake
[50.606s] -- Installing: /home/osansubuntumachine/ros2_ws/install/uuv_gazebo_ros_plugins_msgs/share/uuv_gazebo_ros_plugins_msgs/cmake/uuv_gazebo_ros_plugins_msgs__rosidl_typesupport_cExport.cmake
[50.606s] -- Installing: /home/osansubuntumachine/ros2_ws/install/uuv_gazebo_ros_plugins_msgs/share/uuv_gazebo_ros_plugins_msgs/cmake/uuv_gazebo_ros_plugins_msgs__rosidl_typesupport_cExport-noconfig.cmake
[50.607s] -- Installing: /home/osansubuntumachine/ros2_ws/install/uuv_gazebo_ros_plugins_msgs/share/uuv_gazebo_ros_plugins_msgs/cmake/uuv_gazebo_ros_plugins_msgs__rosidl_generator_cppExport.cmake
[50.607s] -- Installing: /home/osansubuntumachine/ros2_ws/install/uuv_gazebo_ros_plugins_msgs/share/uuv_gazebo_ros_plugins_msgs/cmake/uuv_gazebo_ros_plugins_msgs__rosidl_typesupport_introspection_cppExport.cmake
[50.608s] -- Installing: /home/osansubuntumachine/ros2_ws/install/uuv_gazebo_ros_plugins_msgs/share/uuv_gazebo_ros_plugins_msgs/cmake/uuv_gazebo_ros_plugins_msgs__rosidl_typesupport_introspection_cppExport-noconfig.cmake
[50.608s] -- Installing: /home/osansubuntumachine/ros2_ws/install/uuv_gazebo_ros_plugins_msgs/share/uuv_gazebo_ros_plugins_msgs/cmake/uuv_gazebo_ros_plugins_msgs__rosidl_typesupport_cppExport.cmake
[50.609s] -- Installing: /home/osansubuntumachine/ros2_ws/install/uuv_gazebo_ros_plugins_msgs/share/uuv_gazebo_ros_plugins_msgs/cmake/uuv_gazebo_ros_plugins_msgs__rosidl_typesupport_cppExport-noconfig.cmake
[50.609s] -- Installing: /home/osansubuntumachine/ros2_ws/install/uuv_gazebo_ros_plugins_msgs/share/uuv_gazebo_ros_plugins_msgs/cmake/rosidl_cmake-extras.cmake
[50.610s] -- Installing: /home/osansubuntumachine/ros2_ws/install/uuv_gazebo_ros_plugins_msgs/share/uuv_gazebo_ros_plugins_msgs/cmake/ament_cmake_export_dependencies-extras.cmake
[50.610s] -- Installing: /home/osansubuntumachine/ros2_ws/install/uuv_gazebo_ros_plugins_msgs/share/uuv_gazebo_ros_plugins_msgs/cmake/ament_cmake_export_libraries-extras.cmake
[50.610s] -- Installing: /home/osansubuntumachine/ros2_ws/install/uuv_gazebo_ros_plugins_msgs/share/uuv_gazebo_ros_plugins_msgs/cmake/ament_cmake_export_targets-extras.cmake
[50.611s] -- Installing: /home/osansubuntumachine/ros2_ws/install/uuv_gazebo_ros_plugins_msgs/share/uuv_gazebo_ros_plugins_msgs/cmake/ament_cmake_export_include_directories-extras.cmake
[50.611s] -- Installing: /home/osansubuntumachine/ros2_ws/install/uuv_gazebo_ros_plugins_msgs/share/uuv_gazebo_ros_plugins_msgs/cmake/rosidl_cmake_export_typesupport_libraries-extras.cmake
[50.612s] -- Installing: /home/osansubuntumachine/ros2_ws/install/uuv_gazebo_ros_plugins_msgs/share/uuv_gazebo_ros_plugins_msgs/cmake/rosidl_cmake_export_typesupport_targets-extras.cmake
[50.612s] -- Installing: /home/osansubuntumachine/ros2_ws/install/uuv_gazebo_ros_plugins_msgs/share/uuv_gazebo_ros_plugins_msgs/cmake/uuv_gazebo_ros_plugins_msgsConfig.cmake
[50.612s] -- Installing: /home/osansubuntumachine/ros2_ws/install/uuv_gazebo_ros_plugins_msgs/share/uuv_gazebo_ros_plugins_msgs/cmake/uuv_gazebo_ros_plugins_msgsConfig-version.cmake
[50.613s] -- Installing: /home/osansubuntumachine/ros2_ws/install/uuv_gazebo_ros_plugins_msgs/share/uuv_gazebo_ros_plugins_msgs/package.xml
[50.616s] Invoked command in '/home/osansubuntumachine/ros2_ws/build/uuv_gazebo_ros_plugins_msgs' returned '0': CMAKE_PREFIX_PATH=/opt/ros/foxy /usr/bin/cmake --install /home/osansubuntumachine/ros2_ws/build/uuv_gazebo_ros_plugins_msgs
