-- The C compiler identification is GNU 9.4.0
-- The CXX compiler identification is GNU 9.4.0
-- Check for working C compiler: /usr/bin/cc
-- Check for working C compiler: /usr/bin/cc -- works
-- Detecting C compiler ABI info
-- Detecting C compiler ABI info - done
-- Detecting C compile features
-- Detecting C compile features - done
-- Check for working CXX compiler: /usr/bin/c++
-- Check for working CXX compiler: /usr/bin/c++ -- works
-- Detecting CXX compiler ABI info
-- Detecting CXX compiler ABI info - done
-- Detecting CXX compile features
-- Detecting CXX compile features - done
-- Found ament_cmake: 0.9.12 (/opt/ros/foxy/share/ament_cmake/cmake)
-- Found PythonInterp: /usr/bin/python3 (found suitable version "3.8.10", minimum required is "3") 
-- Using PYTHON_EXECUTABLE: /usr/bin/python3
-- Configuring done
-- Generating done
-- Build files have been written to: /home/osansubuntumachine/ros2_ws/build/uuv_control_utils
-- Install configuration: ""
-- Installing: /home/osansubuntumachine/ros2_ws/install/uuv_control_utils/lib/uuv_control_utils/set_timed_current_perturbation.py
-- Installing: /home/osansubuntumachine/ros2_ws/install/uuv_control_utils/lib/uuv_control_utils/apply_link_wrench.py
-- Installing: /home/osansubuntumachine/ros2_ws/install/uuv_control_utils/lib/uuv_control_utils/disturbance_manager.py
-- Installing: /home/osansubuntumachine/ros2_ws/install/uuv_control_utils/lib/uuv_control_utils/start_helical_trajectory.py
-- Installing: /home/osansubuntumachine/ros2_ws/install/uuv_control_utils/lib/uuv_control_utils/start_circular_trajectory.py
-- Installing: /home/osansubuntumachine/ros2_ws/install/uuv_control_utils/lib/uuv_control_utils/set_thruster_state.py
-- Installing: /home/osansubuntumachine/ros2_ws/install/uuv_control_utils/lib/uuv_control_utils/trajectory_marker_publisher.py
-- Installing: /home/osansubuntumachine/ros2_ws/install/uuv_control_utils/lib/uuv_control_utils/set_thruster_output_efficiency.py
-- Installing: /home/osansubuntumachine/ros2_ws/install/uuv_control_utils/lib/uuv_control_utils/send_waypoint_file.py
-- Installing: /home/osansubuntumachine/ros2_ws/install/uuv_control_utils/lib/uuv_control_utils/set_gm_current_perturbation.py
-- Installing: /home/osansubuntumachine/ros2_ws/install/uuv_control_utils/lib/uuv_control_utils/set_scalar_parameter.py
-- Installing: /home/osansubuntumachine/ros2_ws/install/uuv_control_utils/share/uuv_control_utils/launch
-- Installing: /home/osansubuntumachine/ros2_ws/install/uuv_control_utils/share/uuv_control_utils/launch/start_circular_trajectory.launch
-- Installing: /home/osansubuntumachine/ros2_ws/install/uuv_control_utils/share/uuv_control_utils/launch/start_helical_trajectory.launch
-- Installing: /home/osansubuntumachine/ros2_ws/install/uuv_control_utils/share/uuv_control_utils/launch/set_gm_current_perturbation.launch
-- Installing: /home/osansubuntumachine/ros2_ws/install/uuv_control_utils/share/uuv_control_utils/launch/apply_link_wrench.launch
-- Installing: /home/osansubuntumachine/ros2_ws/install/uuv_control_utils/share/uuv_control_utils/launch/set_scalar_parameter.launch
-- Installing: /home/osansubuntumachine/ros2_ws/install/uuv_control_utils/share/uuv_control_utils/launch/set_thruster_output_efficiency.launch
-- Installing: /home/osansubuntumachine/ros2_ws/install/uuv_control_utils/share/uuv_control_utils/launch/set_thruster_state.launch
-- Installing: /home/osansubuntumachine/ros2_ws/install/uuv_control_utils/share/uuv_control_utils/launch/start_disturbance_manager.launch
-- Installing: /home/osansubuntumachine/ros2_ws/install/uuv_control_utils/share/uuv_control_utils/launch/set_timed_current_perturbation.launch
-- Installing: /home/osansubuntumachine/ros2_ws/install/uuv_control_utils/share/uuv_control_utils/launch/send_waypoints_file.launch
-- Installing: /home/osansubuntumachine/ros2_ws/install/uuv_control_utils/share/uuv_control_utils/config
-- Installing: /home/osansubuntumachine/ros2_ws/install/uuv_control_utils/share/uuv_control_utils/config/example_waypoints.yaml
-- Installing: /home/osansubuntumachine/ros2_ws/install/uuv_control_utils/share/uuv_control_utils/config/example_disturbances.yaml
-- Installing: /home/osansubuntumachine/ros2_ws/install/uuv_control_utils/share/ament_index/resource_index/package_run_dependencies/uuv_control_utils
-- Installing: /home/osansubuntumachine/ros2_ws/install/uuv_control_utils/share/ament_index/resource_index/parent_prefix_path/uuv_control_utils
-- Installing: /home/osansubuntumachine/ros2_ws/install/uuv_control_utils/share/uuv_control_utils/environment/ament_prefix_path.sh
-- Installing: /home/osansubuntumachine/ros2_ws/install/uuv_control_utils/share/uuv_control_utils/environment/ament_prefix_path.dsv
-- Installing: /home/osansubuntumachine/ros2_ws/install/uuv_control_utils/share/uuv_control_utils/environment/path.sh
-- Installing: /home/osansubuntumachine/ros2_ws/install/uuv_control_utils/share/uuv_control_utils/environment/path.dsv
-- Installing: /home/osansubuntumachine/ros2_ws/install/uuv_control_utils/share/uuv_control_utils/local_setup.bash
-- Installing: /home/osansubuntumachine/ros2_ws/install/uuv_control_utils/share/uuv_control_utils/local_setup.sh
-- Installing: /home/osansubuntumachine/ros2_ws/install/uuv_control_utils/share/uuv_control_utils/local_setup.zsh
-- Installing: /home/osansubuntumachine/ros2_ws/install/uuv_control_utils/share/uuv_control_utils/local_setup.dsv
-- Installing: /home/osansubuntumachine/ros2_ws/install/uuv_control_utils/share/uuv_control_utils/package.dsv
-- Installing: /home/osansubuntumachine/ros2_ws/install/uuv_control_utils/share/ament_index/resource_index/packages/uuv_control_utils
-- Installing: /home/osansubuntumachine/ros2_ws/install/uuv_control_utils/share/uuv_control_utils/cmake/uuv_control_utilsConfig.cmake
-- Installing: /home/osansubuntumachine/ros2_ws/install/uuv_control_utils/share/uuv_control_utils/cmake/uuv_control_utilsConfig-version.cmake
-- Installing: /home/osansubuntumachine/ros2_ws/install/uuv_control_utils/share/uuv_control_utils/package.xml
