[0.019s] Invoking command in '/home/osansubuntumachine/ros2_ws/build/uuv_control_utils': AMENT_PREFIX_PATH=/home/osansubuntumachine/ros2_ws/install/uuv_trajectory_control:/home/osansubuntumachine/ros2_ws/install/uuv_assistants:/home/osansubuntumachine/ros2_ws/install/uuv_world_ros_plugins_msgs:/home/osansubuntumachine/ros2_ws/install/uuv_gazebo_ros_plugins_msgs:/home/osansubuntumachine/ros2_ws/install/uuv_control_msgs:/home/osansubuntumachine/ros2_ws/install/plankton_utils:${AMENT_PREFIX_PATH} CMAKE_PREFIX_PATH=/home/osansubuntumachine/ros2_ws/install/uuv_trajectory_control:/home/osansubuntumachine/ros2_ws/install/uuv_assistants:/home/osansubuntumachine/ros2_ws/install/uuv_world_ros_plugins_msgs:/home/osansubuntumachine/ros2_ws/install/uuv_gazebo_ros_plugins_msgs:/home/osansubuntumachine/ros2_ws/install/uuv_control_msgs:/home/osansubuntumachine/ros2_ws/install/plankton_utils:/opt/ros/foxy LD_LIBRARY_PATH=/home/osansubuntumachine/ros2_ws/install/uuv_world_ros_plugins_msgs/lib:/home/osansubuntumachine/ros2_ws/install/uuv_gazebo_ros_plugins_msgs/lib:/home/osansubuntumachine/ros2_ws/install/uuv_control_msgs/lib:/usr/lib/x86_64-linux-gnu/gazebo-11/plugins:/opt/ros/foxy/opt/yaml_cpp_vendor/lib:/opt/ros/foxy/opt/rviz_ogre_vendor/lib:/opt/ros/foxy/lib/x86_64-linux-gnu:/opt/ros/foxy/lib:/usr/lib/x86_64-linux-gnu/gazebo-11/plugins PYTHONPATH=/home/osansubuntumachine/ros2_ws/install/uuv_trajectory_control/lib/python3.8/site-packages:/home/osansubuntumachine/ros2_ws/install/uuv_assistants/lib/python3.8/site-packages:/home/osansubuntumachine/ros2_ws/install/uuv_world_ros_plugins_msgs/lib/python3.8/site-packages:/home/osansubuntumachine/ros2_ws/install/uuv_gazebo_ros_plugins_msgs/lib/python3.8/site-packages:/home/osansubuntumachine/ros2_ws/install/uuv_control_msgs/lib/python3.8/site-packages:/home/osansubuntumachine/ros2_ws/install/plankton_utils/lib/python3.8/site-packages:${PYTHONPATH} /usr/bin/cmake /home/osansubuntumachine/ros2_ws/src/Plankton/uuv_control/uuv_control_utils -DCMAKE_INSTALL_PREFIX=/home/osansubuntumachine/ros2_ws/install/uuv_control_utils
[0.075s] -- The C compiler identification is GNU 9.4.0
[0.124s] -- The CXX compiler identification is GNU 9.4.0
[0.131s] -- Check for working C compiler: /usr/bin/cc
[0.189s] -- Check for working C compiler: /usr/bin/cc -- works
[0.189s] -- Detecting C compiler ABI info
[0.246s] -- Detecting C compiler ABI info - done
[0.254s] -- Detecting C compile features
[0.254s] -- Detecting C compile features - done
[0.256s] -- Check for working CXX compiler: /usr/bin/c++
[0.319s] -- Check for working CXX compiler: /usr/bin/c++ -- works
[0.321s] -- Detecting CXX compiler ABI info
[0.388s] -- Detecting CXX compiler ABI info - done
[0.395s] -- Detecting CXX compile features
[0.395s] -- Detecting CXX compile features - done
[0.398s] -- Found ament_cmake: 0.9.12 (/opt/ros/foxy/share/ament_cmake/cmake)
[0.418s] -- Found PythonInterp: /usr/bin/python3 (found suitable version "3.8.10", minimum required is "3") 
[0.419s] -- Using PYTHON_EXECUTABLE: /usr/bin/python3
[0.628s] -- Configuring done
[0.630s] -- Generating done
[0.631s] -- Build files have been written to: /home/osansubuntumachine/ros2_ws/build/uuv_control_utils
[0.636s] Invoked command in '/home/osansubuntumachine/ros2_ws/build/uuv_control_utils' returned '0': AMENT_PREFIX_PATH=/home/osansubuntumachine/ros2_ws/install/uuv_trajectory_control:/home/osansubuntumachine/ros2_ws/install/uuv_assistants:/home/osansubuntumachine/ros2_ws/install/uuv_world_ros_plugins_msgs:/home/osansubuntumachine/ros2_ws/install/uuv_gazebo_ros_plugins_msgs:/home/osansubuntumachine/ros2_ws/install/uuv_control_msgs:/home/osansubuntumachine/ros2_ws/install/plankton_utils:${AMENT_PREFIX_PATH} CMAKE_PREFIX_PATH=/home/osansubuntumachine/ros2_ws/install/uuv_trajectory_control:/home/osansubuntumachine/ros2_ws/install/uuv_assistants:/home/osansubuntumachine/ros2_ws/install/uuv_world_ros_plugins_msgs:/home/osansubuntumachine/ros2_ws/install/uuv_gazebo_ros_plugins_msgs:/home/osansubuntumachine/ros2_ws/install/uuv_control_msgs:/home/osansubuntumachine/ros2_ws/install/plankton_utils:/opt/ros/foxy LD_LIBRARY_PATH=/home/osansubuntumachine/ros2_ws/install/uuv_world_ros_plugins_msgs/lib:/home/osansubuntumachine/ros2_ws/install/uuv_gazebo_ros_plugins_msgs/lib:/home/osansubuntumachine/ros2_ws/install/uuv_control_msgs/lib:/usr/lib/x86_64-linux-gnu/gazebo-11/plugins:/opt/ros/foxy/opt/yaml_cpp_vendor/lib:/opt/ros/foxy/opt/rviz_ogre_vendor/lib:/opt/ros/foxy/lib/x86_64-linux-gnu:/opt/ros/foxy/lib:/usr/lib/x86_64-linux-gnu/gazebo-11/plugins PYTHONPATH=/home/osansubuntumachine/ros2_ws/install/uuv_trajectory_control/lib/python3.8/site-packages:/home/osansubuntumachine/ros2_ws/install/uuv_assistants/lib/python3.8/site-packages:/home/osansubuntumachine/ros2_ws/install/uuv_world_ros_plugins_msgs/lib/python3.8/site-packages:/home/osansubuntumachine/ros2_ws/install/uuv_gazebo_ros_plugins_msgs/lib/python3.8/site-packages:/home/osansubuntumachine/ros2_ws/install/uuv_control_msgs/lib/python3.8/site-packages:/home/osansubuntumachine/ros2_ws/install/plankton_utils/lib/python3.8/site-packages:${PYTHONPATH} /usr/bin/cmake /home/osansubuntumachine/ros2_ws/src/Plankton/uuv_control/uuv_control_utils -DCMAKE_INSTALL_PREFIX=/home/osansubuntumachine/ros2_ws/install/uuv_control_utils
[0.638s] Invoking command in '/home/osansubuntumachine/ros2_ws/build/uuv_control_utils': AMENT_PREFIX_PATH=/home/osansubuntumachine/ros2_ws/install/uuv_trajectory_control:/home/osansubuntumachine/ros2_ws/install/uuv_assistants:/home/osansubuntumachine/ros2_ws/install/uuv_world_ros_plugins_msgs:/home/osansubuntumachine/ros2_ws/install/uuv_gazebo_ros_plugins_msgs:/home/osansubuntumachine/ros2_ws/install/uuv_control_msgs:/home/osansubuntumachine/ros2_ws/install/plankton_utils:${AMENT_PREFIX_PATH} CMAKE_PREFIX_PATH=/home/osansubuntumachine/ros2_ws/install/uuv_trajectory_control:/home/osansubuntumachine/ros2_ws/install/uuv_assistants:/home/osansubuntumachine/ros2_ws/install/uuv_world_ros_plugins_msgs:/home/osansubuntumachine/ros2_ws/install/uuv_gazebo_ros_plugins_msgs:/home/osansubuntumachine/ros2_ws/install/uuv_control_msgs:/home/osansubuntumachine/ros2_ws/install/plankton_utils:/opt/ros/foxy LD_LIBRARY_PATH=/home/osansubuntumachine/ros2_ws/install/uuv_world_ros_plugins_msgs/lib:/home/osansubuntumachine/ros2_ws/install/uuv_gazebo_ros_plugins_msgs/lib:/home/osansubuntumachine/ros2_ws/install/uuv_control_msgs/lib:/usr/lib/x86_64-linux-gnu/gazebo-11/plugins:/opt/ros/foxy/opt/yaml_cpp_vendor/lib:/opt/ros/foxy/opt/rviz_ogre_vendor/lib:/opt/ros/foxy/lib/x86_64-linux-gnu:/opt/ros/foxy/lib:/usr/lib/x86_64-linux-gnu/gazebo-11/plugins PYTHONPATH=/home/osansubuntumachine/ros2_ws/install/uuv_trajectory_control/lib/python3.8/site-packages:/home/osansubuntumachine/ros2_ws/install/uuv_assistants/lib/python3.8/site-packages:/home/osansubuntumachine/ros2_ws/install/uuv_world_ros_plugins_msgs/lib/python3.8/site-packages:/home/osansubuntumachine/ros2_ws/install/uuv_gazebo_ros_plugins_msgs/lib/python3.8/site-packages:/home/osansubuntumachine/ros2_ws/install/uuv_control_msgs/lib/python3.8/site-packages:/home/osansubuntumachine/ros2_ws/install/plankton_utils/lib/python3.8/site-packages:${PYTHONPATH} /usr/bin/cmake --build /home/osansubuntumachine/ros2_ws/build/uuv_control_utils -- -j2 -l2
[0.673s] Invoked command in '/home/osansubuntumachine/ros2_ws/build/uuv_control_utils' returned '0': AMENT_PREFIX_PATH=/home/osansubuntumachine/ros2_ws/install/uuv_trajectory_control:/home/osansubuntumachine/ros2_ws/install/uuv_assistants:/home/osansubuntumachine/ros2_ws/install/uuv_world_ros_plugins_msgs:/home/osansubuntumachine/ros2_ws/install/uuv_gazebo_ros_plugins_msgs:/home/osansubuntumachine/ros2_ws/install/uuv_control_msgs:/home/osansubuntumachine/ros2_ws/install/plankton_utils:${AMENT_PREFIX_PATH} CMAKE_PREFIX_PATH=/home/osansubuntumachine/ros2_ws/install/uuv_trajectory_control:/home/osansubuntumachine/ros2_ws/install/uuv_assistants:/home/osansubuntumachine/ros2_ws/install/uuv_world_ros_plugins_msgs:/home/osansubuntumachine/ros2_ws/install/uuv_gazebo_ros_plugins_msgs:/home/osansubuntumachine/ros2_ws/install/uuv_control_msgs:/home/osansubuntumachine/ros2_ws/install/plankton_utils:/opt/ros/foxy LD_LIBRARY_PATH=/home/osansubuntumachine/ros2_ws/install/uuv_world_ros_plugins_msgs/lib:/home/osansubuntumachine/ros2_ws/install/uuv_gazebo_ros_plugins_msgs/lib:/home/osansubuntumachine/ros2_ws/install/uuv_control_msgs/lib:/usr/lib/x86_64-linux-gnu/gazebo-11/plugins:/opt/ros/foxy/opt/yaml_cpp_vendor/lib:/opt/ros/foxy/opt/rviz_ogre_vendor/lib:/opt/ros/foxy/lib/x86_64-linux-gnu:/opt/ros/foxy/lib:/usr/lib/x86_64-linux-gnu/gazebo-11/plugins PYTHONPATH=/home/osansubuntumachine/ros2_ws/install/uuv_trajectory_control/lib/python3.8/site-packages:/home/osansubuntumachine/ros2_ws/install/uuv_assistants/lib/python3.8/site-packages:/home/osansubuntumachine/ros2_ws/install/uuv_world_ros_plugins_msgs/lib/python3.8/site-packages:/home/osansubuntumachine/ros2_ws/install/uuv_gazebo_ros_plugins_msgs/lib/python3.8/site-packages:/home/osansubuntumachine/ros2_ws/install/uuv_control_msgs/lib/python3.8/site-packages:/home/osansubuntumachine/ros2_ws/install/plankton_utils/lib/python3.8/site-packages:${PYTHONPATH} /usr/bin/cmake --build /home/osansubuntumachine/ros2_ws/build/uuv_control_utils -- -j2 -l2
[0.674s] Invoking command in '/home/osansubuntumachine/ros2_ws/build/uuv_control_utils': AMENT_PREFIX_PATH=/home/osansubuntumachine/ros2_ws/install/uuv_trajectory_control:/home/osansubuntumachine/ros2_ws/install/uuv_assistants:/home/osansubuntumachine/ros2_ws/install/uuv_world_ros_plugins_msgs:/home/osansubuntumachine/ros2_ws/install/uuv_gazebo_ros_plugins_msgs:/home/osansubuntumachine/ros2_ws/install/uuv_control_msgs:/home/osansubuntumachine/ros2_ws/install/plankton_utils:${AMENT_PREFIX_PATH} CMAKE_PREFIX_PATH=/home/osansubuntumachine/ros2_ws/install/uuv_trajectory_control:/home/osansubuntumachine/ros2_ws/install/uuv_assistants:/home/osansubuntumachine/ros2_ws/install/uuv_world_ros_plugins_msgs:/home/osansubuntumachine/ros2_ws/install/uuv_gazebo_ros_plugins_msgs:/home/osansubuntumachine/ros2_ws/install/uuv_control_msgs:/home/osansubuntumachine/ros2_ws/install/plankton_utils:/opt/ros/foxy LD_LIBRARY_PATH=/home/osansubuntumachine/ros2_ws/install/uuv_world_ros_plugins_msgs/lib:/home/osansubuntumachine/ros2_ws/install/uuv_gazebo_ros_plugins_msgs/lib:/home/osansubuntumachine/ros2_ws/install/uuv_control_msgs/lib:/usr/lib/x86_64-linux-gnu/gazebo-11/plugins:/opt/ros/foxy/opt/yaml_cpp_vendor/lib:/opt/ros/foxy/opt/rviz_ogre_vendor/lib:/opt/ros/foxy/lib/x86_64-linux-gnu:/opt/ros/foxy/lib:/usr/lib/x86_64-linux-gnu/gazebo-11/plugins PYTHONPATH=/home/osansubuntumachine/ros2_ws/install/uuv_trajectory_control/lib/python3.8/site-packages:/home/osansubuntumachine/ros2_ws/install/uuv_assistants/lib/python3.8/site-packages:/home/osansubuntumachine/ros2_ws/install/uuv_world_ros_plugins_msgs/lib/python3.8/site-packages:/home/osansubuntumachine/ros2_ws/install/uuv_gazebo_ros_plugins_msgs/lib/python3.8/site-packages:/home/osansubuntumachine/ros2_ws/install/uuv_control_msgs/lib/python3.8/site-packages:/home/osansubuntumachine/ros2_ws/install/plankton_utils/lib/python3.8/site-packages:${PYTHONPATH} /usr/bin/cmake --install /home/osansubuntumachine/ros2_ws/build/uuv_control_utils
[0.683s] -- Install configuration: ""
[0.683s] -- Installing: /home/osansubuntumachine/ros2_ws/install/uuv_control_utils/lib/uuv_control_utils/set_timed_current_perturbation.py
[0.683s] -- Installing: /home/osansubuntumachine/ros2_ws/install/uuv_control_utils/lib/uuv_control_utils/apply_link_wrench.py
[0.683s] -- Installing: /home/osansubuntumachine/ros2_ws/install/uuv_control_utils/lib/uuv_control_utils/disturbance_manager.py
[0.683s] -- Installing: /home/osansubuntumachine/ros2_ws/install/uuv_control_utils/lib/uuv_control_utils/start_helical_trajectory.py
[0.684s] -- Installing: /home/osansubuntumachine/ros2_ws/install/uuv_control_utils/lib/uuv_control_utils/start_circular_trajectory.py
[0.684s] -- Installing: /home/osansubuntumachine/ros2_ws/install/uuv_control_utils/lib/uuv_control_utils/set_thruster_state.py
[0.684s] -- Installing: /home/osansubuntumachine/ros2_ws/install/uuv_control_utils/lib/uuv_control_utils/trajectory_marker_publisher.py
[0.684s] -- Installing: /home/osansubuntumachine/ros2_ws/install/uuv_control_utils/lib/uuv_control_utils/set_thruster_output_efficiency.py
[0.684s] -- Installing: /home/osansubuntumachine/ros2_ws/install/uuv_control_utils/lib/uuv_control_utils/send_waypoint_file.py
[0.685s] -- Installing: /home/osansubuntumachine/ros2_ws/install/uuv_control_utils/lib/uuv_control_utils/set_gm_current_perturbation.py
[0.685s] -- Installing: /home/osansubuntumachine/ros2_ws/install/uuv_control_utils/lib/uuv_control_utils/set_scalar_parameter.py
[0.685s] -- Installing: /home/osansubuntumachine/ros2_ws/install/uuv_control_utils/share/uuv_control_utils/launch
[0.685s] -- Installing: /home/osansubuntumachine/ros2_ws/install/uuv_control_utils/share/uuv_control_utils/launch/start_circular_trajectory.launch
[0.685s] -- Installing: /home/osansubuntumachine/ros2_ws/install/uuv_control_utils/share/uuv_control_utils/launch/start_helical_trajectory.launch
[0.685s] -- Installing: /home/osansubuntumachine/ros2_ws/install/uuv_control_utils/share/uuv_control_utils/launch/set_gm_current_perturbation.launch
[0.686s] -- Installing: /home/osansubuntumachine/ros2_ws/install/uuv_control_utils/share/uuv_control_utils/launch/apply_link_wrench.launch
[0.686s] -- Installing: /home/osansubuntumachine/ros2_ws/install/uuv_control_utils/share/uuv_control_utils/launch/set_scalar_parameter.launch
[0.686s] -- Installing: /home/osansubuntumachine/ros2_ws/install/uuv_control_utils/share/uuv_control_utils/launch/set_thruster_output_efficiency.launch
[0.686s] -- Installing: /home/osansubuntumachine/ros2_ws/install/uuv_control_utils/share/uuv_control_utils/launch/set_thruster_state.launch
[0.686s] -- Installing: /home/osansubuntumachine/ros2_ws/install/uuv_control_utils/share/uuv_control_utils/launch/start_disturbance_manager.launch
[0.686s] -- Installing: /home/osansubuntumachine/ros2_ws/install/uuv_control_utils/share/uuv_control_utils/launch/set_timed_current_perturbation.launch
[0.687s] -- Installing: /home/osansubuntumachine/ros2_ws/install/uuv_control_utils/share/uuv_control_utils/launch/send_waypoints_file.launch
[0.687s] -- Installing: /home/osansubuntumachine/ros2_ws/install/uuv_control_utils/share/uuv_control_utils/config
[0.687s] -- Installing: /home/osansubuntumachine/ros2_ws/install/uuv_control_utils/share/uuv_control_utils/config/example_waypoints.yaml
[0.687s] -- Installing: /home/osansubuntumachine/ros2_ws/install/uuv_control_utils/share/uuv_control_utils/config/example_disturbances.yaml
[0.687s] -- Installing: /home/osansubuntumachine/ros2_ws/install/uuv_control_utils/share/ament_index/resource_index/package_run_dependencies/uuv_control_utils
[0.688s] -- Installing: /home/osansubuntumachine/ros2_ws/install/uuv_control_utils/share/ament_index/resource_index/parent_prefix_path/uuv_control_utils
[0.688s] -- Installing: /home/osansubuntumachine/ros2_ws/install/uuv_control_utils/share/uuv_control_utils/environment/ament_prefix_path.sh
[0.688s] -- Installing: /home/osansubuntumachine/ros2_ws/install/uuv_control_utils/share/uuv_control_utils/environment/ament_prefix_path.dsv
[0.688s] -- Installing: /home/osansubuntumachine/ros2_ws/install/uuv_control_utils/share/uuv_control_utils/environment/path.sh
[0.689s] -- Installing: /home/osansubuntumachine/ros2_ws/install/uuv_control_utils/share/uuv_control_utils/environment/path.dsv
[0.689s] -- Installing: /home/osansubuntumachine/ros2_ws/install/uuv_control_utils/share/uuv_control_utils/local_setup.bash
[0.689s] -- Installing: /home/osansubuntumachine/ros2_ws/install/uuv_control_utils/share/uuv_control_utils/local_setup.sh
[0.689s] -- Installing: /home/osansubuntumachine/ros2_ws/install/uuv_control_utils/share/uuv_control_utils/local_setup.zsh
[0.689s] -- Installing: /home/osansubuntumachine/ros2_ws/install/uuv_control_utils/share/uuv_control_utils/local_setup.dsv
[0.690s] -- Installing: /home/osansubuntumachine/ros2_ws/install/uuv_control_utils/share/uuv_control_utils/package.dsv
[0.690s] -- Installing: /home/osansubuntumachine/ros2_ws/install/uuv_control_utils/share/ament_index/resource_index/packages/uuv_control_utils
[0.690s] -- Installing: /home/osansubuntumachine/ros2_ws/install/uuv_control_utils/share/uuv_control_utils/cmake/uuv_control_utilsConfig.cmake
[0.690s] -- Installing: /home/osansubuntumachine/ros2_ws/install/uuv_control_utils/share/uuv_control_utils/cmake/uuv_control_utilsConfig-version.cmake
[0.690s] -- Installing: /home/osansubuntumachine/ros2_ws/install/uuv_control_utils/share/uuv_control_utils/package.xml
[0.696s] Invoked command in '/home/osansubuntumachine/ros2_ws/build/uuv_control_utils' returned '0': AMENT_PREFIX_PATH=/home/osansubuntumachine/ros2_ws/install/uuv_trajectory_control:/home/osansubuntumachine/ros2_ws/install/uuv_assistants:/home/osansubuntumachine/ros2_ws/install/uuv_world_ros_plugins_msgs:/home/osansubuntumachine/ros2_ws/install/uuv_gazebo_ros_plugins_msgs:/home/osansubuntumachine/ros2_ws/install/uuv_control_msgs:/home/osansubuntumachine/ros2_ws/install/plankton_utils:${AMENT_PREFIX_PATH} CMAKE_PREFIX_PATH=/home/osansubuntumachine/ros2_ws/install/uuv_trajectory_control:/home/osansubuntumachine/ros2_ws/install/uuv_assistants:/home/osansubuntumachine/ros2_ws/install/uuv_world_ros_plugins_msgs:/home/osansubuntumachine/ros2_ws/install/uuv_gazebo_ros_plugins_msgs:/home/osansubuntumachine/ros2_ws/install/uuv_control_msgs:/home/osansubuntumachine/ros2_ws/install/plankton_utils:/opt/ros/foxy LD_LIBRARY_PATH=/home/osansubuntumachine/ros2_ws/install/uuv_world_ros_plugins_msgs/lib:/home/osansubuntumachine/ros2_ws/install/uuv_gazebo_ros_plugins_msgs/lib:/home/osansubuntumachine/ros2_ws/install/uuv_control_msgs/lib:/usr/lib/x86_64-linux-gnu/gazebo-11/plugins:/opt/ros/foxy/opt/yaml_cpp_vendor/lib:/opt/ros/foxy/opt/rviz_ogre_vendor/lib:/opt/ros/foxy/lib/x86_64-linux-gnu:/opt/ros/foxy/lib:/usr/lib/x86_64-linux-gnu/gazebo-11/plugins PYTHONPATH=/home/osansubuntumachine/ros2_ws/install/uuv_trajectory_control/lib/python3.8/site-packages:/home/osansubuntumachine/ros2_ws/install/uuv_assistants/lib/python3.8/site-packages:/home/osansubuntumachine/ros2_ws/install/uuv_world_ros_plugins_msgs/lib/python3.8/site-packages:/home/osansubuntumachine/ros2_ws/install/uuv_gazebo_ros_plugins_msgs/lib/python3.8/site-packages:/home/osansubuntumachine/ros2_ws/install/uuv_control_msgs/lib/python3.8/site-packages:/home/osansubuntumachine/ros2_ws/install/plankton_utils/lib/python3.8/site-packages:${PYTHONPATH} /usr/bin/cmake --install /home/osansubuntumachine/ros2_ws/build/uuv_control_utils
