[0.060s] Invoking command in '/home/osansubuntumachine/ros2_ws/build/rexrov_interfaces': CMAKE_PREFIX_PATH=${CMAKE_PREFIX_PATH}:/home/osansubuntumachine/ros2_ws/install/rexrov_autonomy:/opt/ros/foxy /usr/bin/cmake --build /home/osansubuntumachine/ros2_ws/build/rexrov_interfaces -- -j4 -l4
[0.204s] [  9%] Built target rexrov_interfaces__rosidl_generator_c
[0.265s] [ 12%] Built target rexrov_interfaces__cpp
[0.266s] [ 22%] Built target rexrov_interfaces__rosidl_typesupport_introspection_c
[0.281s] [ 32%] Built target rexrov_interfaces__rosidl_typesupport_c
[0.323s] [ 41%] Built target rexrov_interfaces__rosidl_typesupport_fastrtps_cpp
[0.329s] [ 51%] Built target rexrov_interfaces__rosidl_typesupport_introspection_cpp
[0.337s] [ 61%] Built target rexrov_interfaces__rosidl_typesupport_cpp
[0.372s] [ 70%] Built target rexrov_interfaces__rosidl_typesupport_fastrtps_c
[0.425s] [ 70%] Built target rexrov_interfaces
[0.456s] [ 74%] Built target rexrov_interfaces__py
[0.510s] [ 80%] Built target rexrov_interfaces__python
[0.569s] [ 87%] Built target rexrov_interfaces__rosidl_typesupport_fastrtps_c__pyext
[0.590s] [ 93%] Built target rexrov_interfaces__rosidl_typesupport_c__pyext
[0.605s] [100%] Built target rexrov_interfaces__rosidl_typesupport_introspection_c__pyext
[0.636s] Invoked command in '/home/osansubuntumachine/ros2_ws/build/rexrov_interfaces' returned '0': CMAKE_PREFIX_PATH=${CMAKE_PREFIX_PATH}:/home/osansubuntumachine/ros2_ws/install/rexrov_autonomy:/opt/ros/foxy /usr/bin/cmake --build /home/osansubuntumachine/ros2_ws/build/rexrov_interfaces -- -j4 -l4
[0.636s] Invoking command in '/home/osansubuntumachine/ros2_ws/build/rexrov_interfaces': CMAKE_PREFIX_PATH=${CMAKE_PREFIX_PATH}:/home/osansubuntumachine/ros2_ws/install/rexrov_autonomy:/opt/ros/foxy /usr/bin/cmake --install /home/osansubuntumachine/ros2_ws/build/rexrov_interfaces
[0.648s] -- Install configuration: ""
[0.648s] -- Up-to-date: /home/osansubuntumachine/ros2_ws/install/rexrov_interfaces/share/ament_index/resource_index/rosidl_interfaces/rexrov_interfaces
[0.648s] -- Up-to-date: /home/osansubuntumachine/ros2_ws/install/rexrov_interfaces/include/rexrov_interfaces
[0.648s] -- Up-to-date: /home/osansubuntumachine/ros2_ws/install/rexrov_interfaces/include/rexrov_interfaces/msg
[0.648s] -- Up-to-date: /home/osansubuntumachine/ros2_ws/install/rexrov_interfaces/include/rexrov_interfaces/msg/gate_detection.h
[0.648s] -- Up-to-date: /home/osansubuntumachine/ros2_ws/install/rexrov_interfaces/include/rexrov_interfaces/msg/rosidl_generator_c__visibility_control.h
[0.648s] -- Up-to-date: /home/osansubuntumachine/ros2_ws/install/rexrov_interfaces/include/rexrov_interfaces/msg/detail
[0.648s] -- Up-to-date: /home/osansubuntumachine/ros2_ws/install/rexrov_interfaces/include/rexrov_interfaces/msg/detail/gate_detection__functions.c
[0.648s] -- Up-to-date: /home/osansubuntumachine/ros2_ws/install/rexrov_interfaces/include/rexrov_interfaces/msg/detail/gate_detection__type_support.h
[0.648s] -- Up-to-date: /home/osansubuntumachine/ros2_ws/install/rexrov_interfaces/include/rexrov_interfaces/msg/detail/gate_detection__functions.h
[0.648s] -- Up-to-date: /home/osansubuntumachine/ros2_ws/install/rexrov_interfaces/include/rexrov_interfaces/msg/detail/gate_detection__struct.h
[0.654s] -- Up-to-date: /home/osansubuntumachine/ros2_ws/install/rexrov_interfaces/share/rexrov_interfaces/environment/library_path.sh
[0.655s] -- Up-to-date: /home/osansubuntumachine/ros2_ws/install/rexrov_interfaces/share/rexrov_interfaces/environment/library_path.dsv
[0.655s] -- Up-to-date: /home/osansubuntumachine/ros2_ws/install/rexrov_interfaces/lib/librexrov_interfaces__rosidl_generator_c.so
[0.655s] -- Up-to-date: /home/osansubuntumachine/ros2_ws/install/rexrov_interfaces/include/rexrov_interfaces
[0.655s] -- Up-to-date: /home/osansubuntumachine/ros2_ws/install/rexrov_interfaces/include/rexrov_interfaces/msg
[0.655s] -- Up-to-date: /home/osansubuntumachine/ros2_ws/install/rexrov_interfaces/include/rexrov_interfaces/msg/rosidl_typesupport_fastrtps_c__visibility_control.h
[0.655s] -- Up-to-date: /home/osansubuntumachine/ros2_ws/install/rexrov_interfaces/include/rexrov_interfaces/msg/detail
[0.655s] -- Up-to-date: /home/osansubuntumachine/ros2_ws/install/rexrov_interfaces/include/rexrov_interfaces/msg/detail/gate_detection__rosidl_typesupport_fastrtps_c.h
[0.656s] -- Up-to-date: /home/osansubuntumachine/ros2_ws/install/rexrov_interfaces/lib/librexrov_interfaces__rosidl_typesupport_fastrtps_c.so
[0.656s] -- Up-to-date: /home/osansubuntumachine/ros2_ws/install/rexrov_interfaces/include/rexrov_interfaces
[0.656s] -- Up-to-date: /home/osansubuntumachine/ros2_ws/install/rexrov_interfaces/include/rexrov_interfaces/msg
[0.656s] -- Up-to-date: /home/osansubuntumachine/ros2_ws/install/rexrov_interfaces/include/rexrov_interfaces/msg/rosidl_typesupport_fastrtps_cpp__visibility_control.h
[0.656s] -- Up-to-date: /home/osansubuntumachine/ros2_ws/install/rexrov_interfaces/include/rexrov_interfaces/msg/detail
[0.656s] -- Up-to-date: /home/osansubuntumachine/ros2_ws/install/rexrov_interfaces/include/rexrov_interfaces/msg/detail/gate_detection__rosidl_typesupport_fastrtps_cpp.hpp
[0.656s] -- Up-to-date: /home/osansubuntumachine/ros2_ws/install/rexrov_interfaces/include/rexrov_interfaces/msg/detail/dds_fastrtps
[0.656s] -- Up-to-date: /home/osansubuntumachine/ros2_ws/install/rexrov_interfaces/lib/librexrov_interfaces__rosidl_typesupport_fastrtps_cpp.so
[0.657s] -- Up-to-date: /home/osansubuntumachine/ros2_ws/install/rexrov_interfaces/include/rexrov_interfaces
[0.657s] -- Up-to-date: /home/osansubuntumachine/ros2_ws/install/rexrov_interfaces/include/rexrov_interfaces/msg
[0.657s] -- Up-to-date: /home/osansubuntumachine/ros2_ws/install/rexrov_interfaces/include/rexrov_interfaces/msg/rosidl_typesupport_introspection_c__visibility_control.h
[0.657s] -- Up-to-date: /home/osansubuntumachine/ros2_ws/install/rexrov_interfaces/include/rexrov_interfaces/msg/detail
[0.657s] -- Up-to-date: /home/osansubuntumachine/ros2_ws/install/rexrov_interfaces/include/rexrov_interfaces/msg/detail/gate_detection__type_support.c
[0.657s] -- Up-to-date: /home/osansubuntumachine/ros2_ws/install/rexrov_interfaces/include/rexrov_interfaces/msg/detail/gate_detection__rosidl_typesupport_introspection_c.h
[0.657s] -- Up-to-date: /home/osansubuntumachine/ros2_ws/install/rexrov_interfaces/lib/librexrov_interfaces__rosidl_typesupport_introspection_c.so
[0.657s] -- Up-to-date: /home/osansubuntumachine/ros2_ws/install/rexrov_interfaces/lib/librexrov_interfaces__rosidl_typesupport_c.so
[0.657s] -- Up-to-date: /home/osansubuntumachine/ros2_ws/install/rexrov_interfaces/include/rexrov_interfaces
[0.657s] -- Up-to-date: /home/osansubuntumachine/ros2_ws/install/rexrov_interfaces/include/rexrov_interfaces/msg
[0.658s] -- Up-to-date: /home/osansubuntumachine/ros2_ws/install/rexrov_interfaces/include/rexrov_interfaces/msg/gate_detection.hpp
[0.658s] -- Up-to-date: /home/osansubuntumachine/ros2_ws/install/rexrov_interfaces/include/rexrov_interfaces/msg/rosidl_generator_cpp__visibility_control.hpp
[0.658s] -- Up-to-date: /home/osansubuntumachine/ros2_ws/install/rexrov_interfaces/include/rexrov_interfaces/msg/detail
[0.658s] -- Up-to-date: /home/osansubuntumachine/ros2_ws/install/rexrov_interfaces/include/rexrov_interfaces/msg/detail/gate_detection__traits.hpp
[0.658s] -- Up-to-date: /home/osansubuntumachine/ros2_ws/install/rexrov_interfaces/include/rexrov_interfaces/msg/detail/gate_detection__struct.hpp
[0.658s] -- Up-to-date: /home/osansubuntumachine/ros2_ws/install/rexrov_interfaces/include/rexrov_interfaces/msg/detail/gate_detection__type_support.hpp
[0.658s] -- Up-to-date: /home/osansubuntumachine/ros2_ws/install/rexrov_interfaces/include/rexrov_interfaces/msg/detail/gate_detection__builder.hpp
[0.658s] -- Up-to-date: /home/osansubuntumachine/ros2_ws/install/rexrov_interfaces/include/rexrov_interfaces
[0.658s] -- Up-to-date: /home/osansubuntumachine/ros2_ws/install/rexrov_interfaces/include/rexrov_interfaces/msg
[0.658s] -- Up-to-date: /home/osansubuntumachine/ros2_ws/install/rexrov_interfaces/include/rexrov_interfaces/msg/detail
[0.659s] -- Up-to-date: /home/osansubuntumachine/ros2_ws/install/rexrov_interfaces/include/rexrov_interfaces/msg/detail/gate_detection__rosidl_typesupport_introspection_cpp.hpp
[0.659s] -- Up-to-date: /home/osansubuntumachine/ros2_ws/install/rexrov_interfaces/include/rexrov_interfaces/msg/detail/gate_detection__type_support.cpp
[0.659s] -- Up-to-date: /home/osansubuntumachine/ros2_ws/install/rexrov_interfaces/lib/librexrov_interfaces__rosidl_typesupport_introspection_cpp.so
[0.659s] -- Up-to-date: /home/osansubuntumachine/ros2_ws/install/rexrov_interfaces/lib/librexrov_interfaces__rosidl_typesupport_cpp.so
[0.659s] -- Up-to-date: /home/osansubuntumachine/ros2_ws/install/rexrov_interfaces/share/rexrov_interfaces/environment/pythonpath.sh
[0.659s] -- Up-to-date: /home/osansubuntumachine/ros2_ws/install/rexrov_interfaces/share/rexrov_interfaces/environment/pythonpath.dsv
[0.659s] -- Up-to-date: /home/osansubuntumachine/ros2_ws/install/rexrov_interfaces/lib/python3.8/site-packages/rexrov_interfaces/__init__.py
[0.714s] -- Up-to-date: /home/osansubuntumachine/ros2_ws/install/rexrov_interfaces/lib/python3.8/site-packages/rexrov_interfaces/msg
[0.714s] -- Up-to-date: /home/osansubuntumachine/ros2_ws/install/rexrov_interfaces/lib/python3.8/site-packages/rexrov_interfaces/msg/_gate_detection.py
[0.715s] -- Up-to-date: /home/osansubuntumachine/ros2_ws/install/rexrov_interfaces/lib/python3.8/site-packages/rexrov_interfaces/msg/__init__.py
[0.715s] -- Up-to-date: /home/osansubuntumachine/ros2_ws/install/rexrov_interfaces/lib/python3.8/site-packages/rexrov_interfaces/msg/_gate_detection_s.c
[0.718s] -- Up-to-date: /home/osansubuntumachine/ros2_ws/install/rexrov_interfaces/lib/python3.8/site-packages/rexrov_interfaces/rexrov_interfaces_s__rosidl_typesupport_fastrtps_c.cpython-38-x86_64-linux-gnu.so
[0.720s] -- Up-to-date: /home/osansubuntumachine/ros2_ws/install/rexrov_interfaces/lib/python3.8/site-packages/rexrov_interfaces/rexrov_interfaces_s__rosidl_typesupport_introspection_c.cpython-38-x86_64-linux-gnu.so
[0.722s] -- Up-to-date: /home/osansubuntumachine/ros2_ws/install/rexrov_interfaces/lib/python3.8/site-packages/rexrov_interfaces/rexrov_interfaces_s__rosidl_typesupport_c.cpython-38-x86_64-linux-gnu.so
[0.723s] -- Up-to-date: /home/osansubuntumachine/ros2_ws/install/rexrov_interfaces/lib/librexrov_interfaces__python.so
[0.723s] -- Up-to-date: /home/osansubuntumachine/ros2_ws/install/rexrov_interfaces/share/rexrov_interfaces/msg/GateDetection.idl
[0.723s] -- Up-to-date: /home/osansubuntumachine/ros2_ws/install/rexrov_interfaces/share/rexrov_interfaces/msg/GateDetection.msg
[0.724s] -- Up-to-date: /home/osansubuntumachine/ros2_ws/install/rexrov_interfaces/share/ament_index/resource_index/package_run_dependencies/rexrov_interfaces
[0.724s] -- Up-to-date: /home/osansubuntumachine/ros2_ws/install/rexrov_interfaces/share/ament_index/resource_index/parent_prefix_path/rexrov_interfaces
[0.724s] -- Up-to-date: /home/osansubuntumachine/ros2_ws/install/rexrov_interfaces/share/rexrov_interfaces/environment/ament_prefix_path.sh
[0.724s] -- Up-to-date: /home/osansubuntumachine/ros2_ws/install/rexrov_interfaces/share/rexrov_interfaces/environment/ament_prefix_path.dsv
[0.724s] -- Up-to-date: /home/osansubuntumachine/ros2_ws/install/rexrov_interfaces/share/rexrov_interfaces/environment/path.sh
[0.724s] -- Up-to-date: /home/osansubuntumachine/ros2_ws/install/rexrov_interfaces/share/rexrov_interfaces/environment/path.dsv
[0.724s] -- Up-to-date: /home/osansubuntumachine/ros2_ws/install/rexrov_interfaces/share/rexrov_interfaces/local_setup.bash
[0.724s] -- Up-to-date: /home/osansubuntumachine/ros2_ws/install/rexrov_interfaces/share/rexrov_interfaces/local_setup.sh
[0.724s] -- Up-to-date: /home/osansubuntumachine/ros2_ws/install/rexrov_interfaces/share/rexrov_interfaces/local_setup.zsh
[0.724s] -- Up-to-date: /home/osansubuntumachine/ros2_ws/install/rexrov_interfaces/share/rexrov_interfaces/local_setup.dsv
[0.724s] -- Installing: /home/osansubuntumachine/ros2_ws/install/rexrov_interfaces/share/rexrov_interfaces/package.dsv
[0.725s] -- Up-to-date: /home/osansubuntumachine/ros2_ws/install/rexrov_interfaces/share/ament_index/resource_index/packages/rexrov_interfaces
[0.729s] -- Up-to-date: /home/osansubuntumachine/ros2_ws/install/rexrov_interfaces/share/rexrov_interfaces/cmake/rexrov_interfaces__rosidl_generator_cExport.cmake
[0.729s] -- Up-to-date: /home/osansubuntumachine/ros2_ws/install/rexrov_interfaces/share/rexrov_interfaces/cmake/rexrov_interfaces__rosidl_generator_cExport-noconfig.cmake
[0.734s] -- Up-to-date: /home/osansubuntumachine/ros2_ws/install/rexrov_interfaces/share/rexrov_interfaces/cmake/rexrov_interfaces__rosidl_typesupport_introspection_cExport.cmake
[0.734s] -- Up-to-date: /home/osansubuntumachine/ros2_ws/install/rexrov_interfaces/share/rexrov_interfaces/cmake/rexrov_interfaces__rosidl_typesupport_introspection_cExport-noconfig.cmake
[0.735s] -- Up-to-date: /home/osansubuntumachine/ros2_ws/install/rexrov_interfaces/share/rexrov_interfaces/cmake/rexrov_interfaces__rosidl_typesupport_cExport.cmake
[0.735s] -- Up-to-date: /home/osansubuntumachine/ros2_ws/install/rexrov_interfaces/share/rexrov_interfaces/cmake/rexrov_interfaces__rosidl_typesupport_cExport-noconfig.cmake
[0.736s] -- Up-to-date: /home/osansubuntumachine/ros2_ws/install/rexrov_interfaces/share/rexrov_interfaces/cmake/rexrov_interfaces__rosidl_generator_cppExport.cmake
[0.738s] -- Up-to-date: /home/osansubuntumachine/ros2_ws/install/rexrov_interfaces/share/rexrov_interfaces/cmake/rexrov_interfaces__rosidl_typesupport_introspection_cppExport.cmake
[0.739s] -- Up-to-date: /home/osansubuntumachine/ros2_ws/install/rexrov_interfaces/share/rexrov_interfaces/cmake/rexrov_interfaces__rosidl_typesupport_introspection_cppExport-noconfig.cmake
[0.742s] -- Up-to-date: /home/osansubuntumachine/ros2_ws/install/rexrov_interfaces/share/rexrov_interfaces/cmake/rexrov_interfaces__rosidl_typesupport_cppExport.cmake
[0.742s] -- Up-to-date: /home/osansubuntumachine/ros2_ws/install/rexrov_interfaces/share/rexrov_interfaces/cmake/rexrov_interfaces__rosidl_typesupport_cppExport-noconfig.cmake
[0.742s] -- Up-to-date: /home/osansubuntumachine/ros2_ws/install/rexrov_interfaces/share/rexrov_interfaces/cmake/rosidl_cmake-extras.cmake
[0.743s] -- Up-to-date: /home/osansubuntumachine/ros2_ws/install/rexrov_interfaces/share/rexrov_interfaces/cmake/ament_cmake_export_dependencies-extras.cmake
[0.743s] -- Up-to-date: /home/osansubuntumachine/ros2_ws/install/rexrov_interfaces/share/rexrov_interfaces/cmake/ament_cmake_export_libraries-extras.cmake
[0.743s] -- Up-to-date: /home/osansubuntumachine/ros2_ws/install/rexrov_interfaces/share/rexrov_interfaces/cmake/ament_cmake_export_targets-extras.cmake
[0.743s] -- Up-to-date: /home/osansubuntumachine/ros2_ws/install/rexrov_interfaces/share/rexrov_interfaces/cmake/ament_cmake_export_include_directories-extras.cmake
[0.743s] -- Up-to-date: /home/osansubuntumachine/ros2_ws/install/rexrov_interfaces/share/rexrov_interfaces/cmake/rosidl_cmake_export_typesupport_libraries-extras.cmake
[0.744s] -- Up-to-date: /home/osansubuntumachine/ros2_ws/install/rexrov_interfaces/share/rexrov_interfaces/cmake/rosidl_cmake_export_typesupport_targets-extras.cmake
[0.750s] -- Up-to-date: /home/osansubuntumachine/ros2_ws/install/rexrov_interfaces/share/rexrov_interfaces/cmake/rexrov_interfacesConfig.cmake
[0.751s] -- Up-to-date: /home/osansubuntumachine/ros2_ws/install/rexrov_interfaces/share/rexrov_interfaces/cmake/rexrov_interfacesConfig-version.cmake
[0.751s] -- Up-to-date: /home/osansubuntumachine/ros2_ws/install/rexrov_interfaces/share/rexrov_interfaces/package.xml
[0.776s] Invoked command in '/home/osansubuntumachine/ros2_ws/build/rexrov_interfaces' returned '0': CMAKE_PREFIX_PATH=${CMAKE_PREFIX_PATH}:/home/osansubuntumachine/ros2_ws/install/rexrov_autonomy:/opt/ros/foxy /usr/bin/cmake --install /home/osansubuntumachine/ros2_ws/build/rexrov_interfaces
