[0.021s] Invoking command in '/home/osansubuntumachine/ros2_ws/build/uuv_control_cascaded_pid': AMENT_PREFIX_PATH=/home/osansubuntumachine/ros2_ws/install/plankton_utils:${AMENT_PREFIX_PATH} CMAKE_PREFIX_PATH=/home/osansubuntumachine/ros2_ws/install/plankton_utils:/opt/ros/foxy PYTHONPATH=/home/osansubuntumachine/ros2_ws/install/plankton_utils/lib/python3.8/site-packages:${PYTHONPATH} /usr/bin/cmake /home/osansubuntumachine/ros2_ws/src/Plankton/uuv_control/uuv_control_cascaded_pids -DCMAKE_INSTALL_PREFIX=/home/osansubuntumachine/ros2_ws/install/uuv_control_cascaded_pid
[0.103s] -- The C compiler identification is GNU 9.4.0
[0.167s] -- The CXX compiler identification is GNU 9.4.0
[0.171s] -- Check for working C compiler: /usr/bin/cc
[0.273s] -- Check for working C compiler: /usr/bin/cc -- works
[0.273s] -- Detecting C compiler ABI info
[0.357s] -- Detecting C compiler ABI info - done
[0.362s] -- Detecting C compile features
[0.362s] -- Detecting C compile features - done
[0.364s] -- Check for working CXX compiler: /usr/bin/c++
[0.468s] -- Check for working CXX compiler: /usr/bin/c++ -- works
[0.468s] -- Detecting CXX compiler ABI info
[0.576s] -- Detecting CXX compiler ABI info - done
[0.588s] -- Detecting CXX compile features
[0.588s] -- Detecting CXX compile features - done
[0.590s] -- Found ament_cmake: 0.9.12 (/opt/ros/foxy/share/ament_cmake/cmake)
[0.608s] -- Found PythonInterp: /usr/bin/python3 (found suitable version "3.8.10", minimum required is "3") 
[0.609s] -- Using PYTHON_EXECUTABLE: /usr/bin/python3
[0.871s] -- Configuring done
[0.873s] -- Generating done
[0.874s] -- Build files have been written to: /home/osansubuntumachine/ros2_ws/build/uuv_control_cascaded_pid
[0.877s] Invoked command in '/home/osansubuntumachine/ros2_ws/build/uuv_control_cascaded_pid' returned '0': AMENT_PREFIX_PATH=/home/osansubuntumachine/ros2_ws/install/plankton_utils:${AMENT_PREFIX_PATH} CMAKE_PREFIX_PATH=/home/osansubuntumachine/ros2_ws/install/plankton_utils:/opt/ros/foxy PYTHONPATH=/home/osansubuntumachine/ros2_ws/install/plankton_utils/lib/python3.8/site-packages:${PYTHONPATH} /usr/bin/cmake /home/osansubuntumachine/ros2_ws/src/Plankton/uuv_control/uuv_control_cascaded_pids -DCMAKE_INSTALL_PREFIX=/home/osansubuntumachine/ros2_ws/install/uuv_control_cascaded_pid
[0.879s] Invoking command in '/home/osansubuntumachine/ros2_ws/build/uuv_control_cascaded_pid': AMENT_PREFIX_PATH=/home/osansubuntumachine/ros2_ws/install/plankton_utils:${AMENT_PREFIX_PATH} CMAKE_PREFIX_PATH=/home/osansubuntumachine/ros2_ws/install/plankton_utils:/opt/ros/foxy PYTHONPATH=/home/osansubuntumachine/ros2_ws/install/plankton_utils/lib/python3.8/site-packages:${PYTHONPATH} /usr/bin/cmake --build /home/osansubuntumachine/ros2_ws/build/uuv_control_cascaded_pid -- -j4 -l4
[0.914s] Invoked command in '/home/osansubuntumachine/ros2_ws/build/uuv_control_cascaded_pid' returned '0': AMENT_PREFIX_PATH=/home/osansubuntumachine/ros2_ws/install/plankton_utils:${AMENT_PREFIX_PATH} CMAKE_PREFIX_PATH=/home/osansubuntumachine/ros2_ws/install/plankton_utils:/opt/ros/foxy PYTHONPATH=/home/osansubuntumachine/ros2_ws/install/plankton_utils/lib/python3.8/site-packages:${PYTHONPATH} /usr/bin/cmake --build /home/osansubuntumachine/ros2_ws/build/uuv_control_cascaded_pid -- -j4 -l4
[0.917s] Invoking command in '/home/osansubuntumachine/ros2_ws/build/uuv_control_cascaded_pid': AMENT_PREFIX_PATH=/home/osansubuntumachine/ros2_ws/install/plankton_utils:${AMENT_PREFIX_PATH} CMAKE_PREFIX_PATH=/home/osansubuntumachine/ros2_ws/install/plankton_utils:/opt/ros/foxy PYTHONPATH=/home/osansubuntumachine/ros2_ws/install/plankton_utils/lib/python3.8/site-packages:${PYTHONPATH} /usr/bin/cmake --install /home/osansubuntumachine/ros2_ws/build/uuv_control_cascaded_pid
[0.932s] -- Install configuration: ""
[0.932s] -- Installing: /home/osansubuntumachine/ros2_ws/install/uuv_control_cascaded_pid/share/uuv_control_cascaded_pid/environment/pythonpath.sh
[0.932s] -- Installing: /home/osansubuntumachine/ros2_ws/install/uuv_control_cascaded_pid/share/uuv_control_cascaded_pid/environment/pythonpath.dsv
[0.932s] -- Installing: /home/osansubuntumachine/ros2_ws/install/uuv_control_cascaded_pid/lib/python3.8/site-packages/uuv_PID
[0.933s] -- Installing: /home/osansubuntumachine/ros2_ws/install/uuv_control_cascaded_pid/lib/python3.8/site-packages/uuv_PID/__init__.py
[0.933s] -- Installing: /home/osansubuntumachine/ros2_ws/install/uuv_control_cascaded_pid/lib/python3.8/site-packages/uuv_PID/PIDRegulator.py
[0.956s] Listing '/home/osansubuntumachine/ros2_ws/install/uuv_control_cascaded_pid/lib/python3.8/site-packages/uuv_PID'...
[0.956s] Compiling '/home/osansubuntumachine/ros2_ws/install/uuv_control_cascaded_pid/lib/python3.8/site-packages/uuv_PID/PIDRegulator.py'...
[0.956s] Compiling '/home/osansubuntumachine/ros2_ws/install/uuv_control_cascaded_pid/lib/python3.8/site-packages/uuv_PID/__init__.py'...
[0.959s] -- Installing: /home/osansubuntumachine/ros2_ws/install/uuv_control_cascaded_pid/lib/uuv_control_cascaded_pid/acceleration_control.py
[0.968s] -- Installing: /home/osansubuntumachine/ros2_ws/install/uuv_control_cascaded_pid/lib/uuv_control_cascaded_pid/position_control.py
[0.969s] -- Installing: /home/osansubuntumachine/ros2_ws/install/uuv_control_cascaded_pid/lib/uuv_control_cascaded_pid/velocity_control.py
[0.970s] -- Installing: /home/osansubuntumachine/ros2_ws/install/uuv_control_cascaded_pid/share/uuv_control_cascaded_pid/launch
[0.970s] -- Installing: /home/osansubuntumachine/ros2_ws/install/uuv_control_cascaded_pid/share/uuv_control_cascaded_pid/launch/position_hold.launch
[0.971s] -- Installing: /home/osansubuntumachine/ros2_ws/install/uuv_control_cascaded_pid/share/uuv_control_cascaded_pid/launch/joy_accel.launch
[0.971s] -- Installing: /home/osansubuntumachine/ros2_ws/install/uuv_control_cascaded_pid/share/uuv_control_cascaded_pid/launch/key_board_velocity.launch
[0.971s] -- Installing: /home/osansubuntumachine/ros2_ws/install/uuv_control_cascaded_pid/share/uuv_control_cascaded_pid/launch/joy_velocity.launch
[0.971s] -- Installing: /home/osansubuntumachine/ros2_ws/install/uuv_control_cascaded_pid/share/uuv_control_cascaded_pid/config
[0.972s] -- Installing: /home/osansubuntumachine/ros2_ws/install/uuv_control_cascaded_pid/share/uuv_control_cascaded_pid/config/joy_accel.yaml
[0.972s] -- Installing: /home/osansubuntumachine/ros2_ws/install/uuv_control_cascaded_pid/share/uuv_control_cascaded_pid/config/rexrov
[0.972s] -- Installing: /home/osansubuntumachine/ros2_ws/install/uuv_control_cascaded_pid/share/uuv_control_cascaded_pid/config/rexrov/vel_pid_control.yaml
[0.972s] -- Installing: /home/osansubuntumachine/ros2_ws/install/uuv_control_cascaded_pid/share/uuv_control_cascaded_pid/config/rexrov/pos_pid_control.yaml
[0.973s] -- Installing: /home/osansubuntumachine/ros2_ws/install/uuv_control_cascaded_pid/share/uuv_control_cascaded_pid/config/rexrov/inertial.yaml
[0.973s] -- Installing: /home/osansubuntumachine/ros2_ws/install/uuv_control_cascaded_pid/share/uuv_control_cascaded_pid/config/joy_vel.yaml
[0.973s] -- Installing: /home/osansubuntumachine/ros2_ws/install/uuv_control_cascaded_pid/share/ament_index/resource_index/package_run_dependencies/uuv_control_cascaded_pid
[0.973s] -- Installing: /home/osansubuntumachine/ros2_ws/install/uuv_control_cascaded_pid/share/ament_index/resource_index/parent_prefix_path/uuv_control_cascaded_pid
[0.973s] -- Installing: /home/osansubuntumachine/ros2_ws/install/uuv_control_cascaded_pid/share/uuv_control_cascaded_pid/environment/ament_prefix_path.sh
[0.973s] -- Installing: /home/osansubuntumachine/ros2_ws/install/uuv_control_cascaded_pid/share/uuv_control_cascaded_pid/environment/ament_prefix_path.dsv
[0.974s] -- Installing: /home/osansubuntumachine/ros2_ws/install/uuv_control_cascaded_pid/share/uuv_control_cascaded_pid/environment/path.sh
[0.974s] -- Installing: /home/osansubuntumachine/ros2_ws/install/uuv_control_cascaded_pid/share/uuv_control_cascaded_pid/environment/path.dsv
[0.974s] -- Installing: /home/osansubuntumachine/ros2_ws/install/uuv_control_cascaded_pid/share/uuv_control_cascaded_pid/local_setup.bash
[0.974s] -- Installing: /home/osansubuntumachine/ros2_ws/install/uuv_control_cascaded_pid/share/uuv_control_cascaded_pid/local_setup.sh
[0.974s] -- Installing: /home/osansubuntumachine/ros2_ws/install/uuv_control_cascaded_pid/share/uuv_control_cascaded_pid/local_setup.zsh
[0.974s] -- Installing: /home/osansubuntumachine/ros2_ws/install/uuv_control_cascaded_pid/share/uuv_control_cascaded_pid/local_setup.dsv
[0.974s] -- Installing: /home/osansubuntumachine/ros2_ws/install/uuv_control_cascaded_pid/share/uuv_control_cascaded_pid/package.dsv
[0.975s] -- Installing: /home/osansubuntumachine/ros2_ws/install/uuv_control_cascaded_pid/share/ament_index/resource_index/packages/uuv_control_cascaded_pid
[0.975s] -- Installing: /home/osansubuntumachine/ros2_ws/install/uuv_control_cascaded_pid/share/uuv_control_cascaded_pid/cmake/uuv_control_cascaded_pidConfig.cmake
[0.975s] -- Installing: /home/osansubuntumachine/ros2_ws/install/uuv_control_cascaded_pid/share/uuv_control_cascaded_pid/cmake/uuv_control_cascaded_pidConfig-version.cmake
[0.975s] -- Installing: /home/osansubuntumachine/ros2_ws/install/uuv_control_cascaded_pid/share/uuv_control_cascaded_pid/package.xml
[0.977s] Invoked command in '/home/osansubuntumachine/ros2_ws/build/uuv_control_cascaded_pid' returned '0': AMENT_PREFIX_PATH=/home/osansubuntumachine/ros2_ws/install/plankton_utils:${AMENT_PREFIX_PATH} CMAKE_PREFIX_PATH=/home/osansubuntumachine/ros2_ws/install/plankton_utils:/opt/ros/foxy PYTHONPATH=/home/osansubuntumachine/ros2_ws/install/plankton_utils/lib/python3.8/site-packages:${PYTHONPATH} /usr/bin/cmake --install /home/osansubuntumachine/ros2_ws/build/uuv_control_cascaded_pid
