[0.101s] Invoking command in '/home/osansubuntumachine/ros2_ws/build/uuv_gazebo_plugins': CMAKE_PREFIX_PATH=${CMAKE_PREFIX_PATH}:/home/osansubuntumachine/ros2_ws/install/rexrov_autonomy:/opt/ros/foxy /usr/bin/cmake --build /home/osansubuntumachine/ros2_ws/build/uuv_gazebo_plugins -- -j4 -l4
[0.400s] [  7%] Built target uuv_dynamics
[0.434s] [ 14%] Built target gtest
[0.434s] [ 21%] Built target gtest_main
[0.443s] [ 39%] Built target uuv_gazebo_plugins_msgs
[0.758s] [ 50%] Built target uuv_fin_plugin
[0.786s] [ 60%] Built target umbilical_plugin
[0.787s] [ 67%] Built target UNIT_ThrusterDynamics_TEST
[0.805s] [ 82%] Built target uuv_underwater_object_plugin
[1.048s] [ 92%] Built target uuv_thruster_plugin
[1.256s] [100%] Built target UNIT_ThrusterConversionFcn_TEST
[1.323s] Invoked command in '/home/osansubuntumachine/ros2_ws/build/uuv_gazebo_plugins' returned '0': CMAKE_PREFIX_PATH=${CMAKE_PREFIX_PATH}:/home/osansubuntumachine/ros2_ws/install/rexrov_autonomy:/opt/ros/foxy /usr/bin/cmake --build /home/osansubuntumachine/ros2_ws/build/uuv_gazebo_plugins -- -j4 -l4
[1.324s] Invoking command in '/home/osansubuntumachine/ros2_ws/build/uuv_gazebo_plugins': CMAKE_PREFIX_PATH=${CMAKE_PREFIX_PATH}:/home/osansubuntumachine/ros2_ws/install/rexrov_autonomy:/opt/ros/foxy /usr/bin/cmake --install /home/osansubuntumachine/ros2_ws/build/uuv_gazebo_plugins
[1.385s] -- Install configuration: ""
[1.386s] -- Up-to-date: /home/osansubuntumachine/ros2_ws/install/uuv_gazebo_plugins/lib/libuuv_gazebo_plugins_msgs.so
[1.391s] -- Up-to-date: /home/osansubuntumachine/ros2_ws/install/uuv_gazebo_plugins/lib/libuuv_dynamics.so
[1.394s] -- Up-to-date: /home/osansubuntumachine/ros2_ws/install/uuv_gazebo_plugins/lib/libuuv_fin_plugin.so
[1.397s] -- Up-to-date: /home/osansubuntumachine/ros2_ws/install/uuv_gazebo_plugins/lib/libuuv_underwater_object_plugin.so
[1.406s] -- Up-to-date: /home/osansubuntumachine/ros2_ws/install/uuv_gazebo_plugins/lib/libuuv_thruster_plugin.so
[1.412s] -- Up-to-date: /home/osansubuntumachine/ros2_ws/install/uuv_gazebo_plugins/lib/libumbilical_plugin.so
[1.412s] -- Up-to-date: /home/osansubuntumachine/ros2_ws/install/uuv_gazebo_plugins/include/uuv_gazebo_plugins
[1.412s] -- Up-to-date: /home/osansubuntumachine/ros2_ws/install/uuv_gazebo_plugins/include/uuv_gazebo_plugins/ThrusterPlugin.h
[1.412s] -- Up-to-date: /home/osansubuntumachine/ros2_ws/install/uuv_gazebo_plugins/include/uuv_gazebo_plugins/BuoyantObject.h
[1.414s] -- Up-to-date: /home/osansubuntumachine/ros2_ws/install/uuv_gazebo_plugins/include/uuv_gazebo_plugins/Def.h
[1.414s] -- Up-to-date: /home/osansubuntumachine/ros2_ws/install/uuv_gazebo_plugins/include/uuv_gazebo_plugins/HydrodynamicModel.h
[1.414s] -- Up-to-date: /home/osansubuntumachine/ros2_ws/install/uuv_gazebo_plugins/include/uuv_gazebo_plugins/FinPlugin.h
[1.414s] -- Up-to-date: /home/osansubuntumachine/ros2_ws/install/uuv_gazebo_plugins/include/uuv_gazebo_plugins/UmbilicalModel.h
[1.415s] -- Up-to-date: /home/osansubuntumachine/ros2_ws/install/uuv_gazebo_plugins/include/uuv_gazebo_plugins/ThrusterConversionFcn.h
[1.415s] -- Up-to-date: /home/osansubuntumachine/ros2_ws/install/uuv_gazebo_plugins/include/uuv_gazebo_plugins/LiftDragModel.h
[1.416s] -- Up-to-date: /home/osansubuntumachine/ros2_ws/install/uuv_gazebo_plugins/include/uuv_gazebo_plugins/Dynamics.h
[1.417s] -- Up-to-date: /home/osansubuntumachine/ros2_ws/install/uuv_gazebo_plugins/include/uuv_gazebo_plugins/UnderwaterObjectPlugin.h
[1.417s] -- Up-to-date: /home/osansubuntumachine/ros2_ws/install/uuv_gazebo_plugins/include/uuv_gazebo_plugins/UmbilicalPlugin.h
[1.417s] -- Up-to-date: /home/osansubuntumachine/ros2_ws/install/uuv_gazebo_plugins/include
[1.418s] -- Up-to-date: /home/osansubuntumachine/ros2_ws/install/uuv_gazebo_plugins/include/uuv_gazebo_plugins
[1.418s] -- Up-to-date: /home/osansubuntumachine/ros2_ws/install/uuv_gazebo_plugins/include/uuv_gazebo_plugins
[1.419s] -- Up-to-date: /home/osansubuntumachine/ros2_ws/install/uuv_gazebo_plugins/include/uuv_gazebo_plugins/Accel.pb.h
[1.419s] -- Up-to-date: /home/osansubuntumachine/ros2_ws/install/uuv_gazebo_plugins/include/uuv_gazebo_plugins/ament_cmake_uninstall_target
[1.420s] -- Up-to-date: /home/osansubuntumachine/ros2_ws/install/uuv_gazebo_plugins/include/uuv_gazebo_plugins/ament_cmake_export_include_directories
[1.421s] -- Up-to-date: /home/osansubuntumachine/ros2_ws/install/uuv_gazebo_plugins/include/uuv_gazebo_plugins/ament_cmake_index
[1.421s] -- Up-to-date: /home/osansubuntumachine/ros2_ws/install/uuv_gazebo_plugins/include/uuv_gazebo_plugins/ament_cmake_index/share
[1.421s] -- Up-to-date: /home/osansubuntumachine/ros2_ws/install/uuv_gazebo_plugins/include/uuv_gazebo_plugins/ament_cmake_index/share/ament_index
[1.422s] -- Up-to-date: /home/osansubuntumachine/ros2_ws/install/uuv_gazebo_plugins/include/uuv_gazebo_plugins/ament_cmake_index/share/ament_index/resource_index
[1.423s] -- Up-to-date: /home/osansubuntumachine/ros2_ws/install/uuv_gazebo_plugins/include/uuv_gazebo_plugins/ament_cmake_index/share/ament_index/resource_index/parent_prefix_path
[1.424s] -- Up-to-date: /home/osansubuntumachine/ros2_ws/install/uuv_gazebo_plugins/include/uuv_gazebo_plugins/ament_cmake_index/share/ament_index/resource_index/packages
[1.425s] -- Up-to-date: /home/osansubuntumachine/ros2_ws/install/uuv_gazebo_plugins/include/uuv_gazebo_plugins/ament_cmake_index/share/ament_index/resource_index/package_run_dependencies
[1.426s] -- Up-to-date: /home/osansubuntumachine/ros2_ws/install/uuv_gazebo_plugins/include/uuv_gazebo_plugins/gtest
[1.426s] -- Up-to-date: /home/osansubuntumachine/ros2_ws/install/uuv_gazebo_plugins/include/uuv_gazebo_plugins/gtest/CMakeFiles
[1.427s] -- Up-to-date: /home/osansubuntumachine/ros2_ws/install/uuv_gazebo_plugins/include/uuv_gazebo_plugins/gtest/CMakeFiles/gtest_main.dir
[1.427s] -- Up-to-date: /home/osansubuntumachine/ros2_ws/install/uuv_gazebo_plugins/include/uuv_gazebo_plugins/gtest/CMakeFiles/gtest_main.dir/src
[1.428s] -- Up-to-date: /home/osansubuntumachine/ros2_ws/install/uuv_gazebo_plugins/include/uuv_gazebo_plugins/gtest/CMakeFiles/gtest.dir
[1.428s] -- Up-to-date: /home/osansubuntumachine/ros2_ws/install/uuv_gazebo_plugins/include/uuv_gazebo_plugins/gtest/CMakeFiles/gtest.dir/src
[1.428s] -- Up-to-date: /home/osansubuntumachine/ros2_ws/install/uuv_gazebo_plugins/include/uuv_gazebo_plugins/ament_cmake_core
[1.428s] -- Up-to-date: /home/osansubuntumachine/ros2_ws/install/uuv_gazebo_plugins/include/uuv_gazebo_plugins/ament_cmake_core/stamps
[1.429s] -- Up-to-date: /home/osansubuntumachine/ros2_ws/install/uuv_gazebo_plugins/include/uuv_gazebo_plugins/Double.pb.h
[1.429s] -- Up-to-date: /home/osansubuntumachine/ros2_ws/install/uuv_gazebo_plugins/include/uuv_gazebo_plugins/msgs
[1.429s] -- Up-to-date: /home/osansubuntumachine/ros2_ws/install/uuv_gazebo_plugins/include/uuv_gazebo_plugins/ament_cmake_export_libraries
[1.430s] -- Up-to-date: /home/osansubuntumachine/ros2_ws/install/uuv_gazebo_plugins/include/uuv_gazebo_plugins/CMakeFiles
[1.430s] -- Up-to-date: /home/osansubuntumachine/ros2_ws/install/uuv_gazebo_plugins/include/uuv_gazebo_plugins/CMakeFiles/UNIT_ThrusterDynamics_TEST.dir
[1.430s] -- Up-to-date: /home/osansubuntumachine/ros2_ws/install/uuv_gazebo_plugins/include/uuv_gazebo_plugins/CMakeFiles/UNIT_ThrusterDynamics_TEST.dir/src
[1.430s] -- Up-to-date: /home/osansubuntumachine/ros2_ws/install/uuv_gazebo_plugins/include/uuv_gazebo_plugins/CMakeFiles/uuv_fin_plugin.dir
[1.431s] -- Up-to-date: /home/osansubuntumachine/ros2_ws/install/uuv_gazebo_plugins/include/uuv_gazebo_plugins/CMakeFiles/uuv_fin_plugin.dir/src
[1.431s] -- Up-to-date: /home/osansubuntumachine/ros2_ws/install/uuv_gazebo_plugins/include/uuv_gazebo_plugins/CMakeFiles/uninstall.dir
[1.431s] -- Up-to-date: /home/osansubuntumachine/ros2_ws/install/uuv_gazebo_plugins/include/uuv_gazebo_plugins/CMakeFiles/3.16.3
[1.431s] -- Up-to-date: /home/osansubuntumachine/ros2_ws/install/uuv_gazebo_plugins/include/uuv_gazebo_plugins/CMakeFiles/3.16.3/CompilerIdC
[1.431s] -- Up-to-date: /home/osansubuntumachine/ros2_ws/install/uuv_gazebo_plugins/include/uuv_gazebo_plugins/CMakeFiles/3.16.3/CompilerIdC/tmp
[1.431s] -- Up-to-date: /home/osansubuntumachine/ros2_ws/install/uuv_gazebo_plugins/include/uuv_gazebo_plugins/CMakeFiles/3.16.3/CompilerIdCXX
[1.432s] -- Up-to-date: /home/osansubuntumachine/ros2_ws/install/uuv_gazebo_plugins/include/uuv_gazebo_plugins/CMakeFiles/3.16.3/CompilerIdCXX/tmp
[1.432s] -- Up-to-date: /home/osansubuntumachine/ros2_ws/install/uuv_gazebo_plugins/include/uuv_gazebo_plugins/CMakeFiles/uuv_thruster_plugin.dir
[1.432s] -- Up-to-date: /home/osansubuntumachine/ros2_ws/install/uuv_gazebo_plugins/include/uuv_gazebo_plugins/CMakeFiles/uuv_thruster_plugin.dir/src
[1.432s] -- Up-to-date: /home/osansubuntumachine/ros2_ws/install/uuv_gazebo_plugins/include/uuv_gazebo_plugins/CMakeFiles/uuv_gazebo_plugins_uninstall.dir
[1.432s] -- Up-to-date: /home/osansubuntumachine/ros2_ws/install/uuv_gazebo_plugins/include/uuv_gazebo_plugins/CMakeFiles/umbilical_plugin.dir
[1.432s] -- Up-to-date: /home/osansubuntumachine/ros2_ws/install/uuv_gazebo_plugins/include/uuv_gazebo_plugins/CMakeFiles/umbilical_plugin.dir/src
[1.433s] -- Up-to-date: /home/osansubuntumachine/ros2_ws/install/uuv_gazebo_plugins/include/uuv_gazebo_plugins/CMakeFiles/uuv_underwater_object_plugin.dir
[1.433s] -- Up-to-date: /home/osansubuntumachine/ros2_ws/install/uuv_gazebo_plugins/include/uuv_gazebo_plugins/CMakeFiles/uuv_underwater_object_plugin.dir/src
[1.433s] -- Up-to-date: /home/osansubuntumachine/ros2_ws/install/uuv_gazebo_plugins/include/uuv_gazebo_plugins/CMakeFiles/uuv_gazebo_plugins_msgs.dir
[1.433s] -- Up-to-date: /home/osansubuntumachine/ros2_ws/install/uuv_gazebo_plugins/include/uuv_gazebo_plugins/CMakeFiles/uuv_gazebo_plugins_msgs.dir/Accel.pb.cc.o
[1.433s] -- Up-to-date: /home/osansubuntumachine/ros2_ws/install/uuv_gazebo_plugins/include/uuv_gazebo_plugins/CMakeFiles/uuv_gazebo_plugins_msgs.dir/Double.pb.cc.o
[1.433s] -- Up-to-date: /home/osansubuntumachine/ros2_ws/install/uuv_gazebo_plugins/include/uuv_gazebo_plugins/CMakeFiles/UNIT_ThrusterConversionFcn_TEST.dir
[1.434s] -- Up-to-date: /home/osansubuntumachine/ros2_ws/install/uuv_gazebo_plugins/include/uuv_gazebo_plugins/CMakeFiles/UNIT_ThrusterConversionFcn_TEST.dir/src
[1.434s] -- Up-to-date: /home/osansubuntumachine/ros2_ws/install/uuv_gazebo_plugins/include/uuv_gazebo_plugins/CMakeFiles/CMakeTmp
[1.434s] -- Up-to-date: /home/osansubuntumachine/ros2_ws/install/uuv_gazebo_plugins/include/uuv_gazebo_plugins/CMakeFiles/uuv_dynamics.dir
[1.434s] -- Up-to-date: /home/osansubuntumachine/ros2_ws/install/uuv_gazebo_plugins/include/uuv_gazebo_plugins/CMakeFiles/uuv_dynamics.dir/src
[1.434s] -- Up-to-date: /home/osansubuntumachine/ros2_ws/install/uuv_gazebo_plugins/include/uuv_gazebo_plugins/ament_cmake_export_dependencies
[1.439s] -- Up-to-date: /home/osansubuntumachine/ros2_ws/install/uuv_gazebo_plugins/include/uuv_gazebo_plugins/Accel.pb.cc
[1.440s] -- Up-to-date: /home/osansubuntumachine/ros2_ws/install/uuv_gazebo_plugins/include/uuv_gazebo_plugins/ament_cmake_package_templates
[1.441s] -- Up-to-date: /home/osansubuntumachine/ros2_ws/install/uuv_gazebo_plugins/include/uuv_gazebo_plugins/.cmake
[1.441s] -- Up-to-date: /home/osansubuntumachine/ros2_ws/install/uuv_gazebo_plugins/include/uuv_gazebo_plugins/.cmake/api
[1.441s] -- Up-to-date: /home/osansubuntumachine/ros2_ws/install/uuv_gazebo_plugins/include/uuv_gazebo_plugins/.cmake/api/v1
[1.446s] -- Up-to-date: /home/osansubuntumachine/ros2_ws/install/uuv_gazebo_plugins/include/uuv_gazebo_plugins/.cmake/api/v1/reply
[1.447s] -- Up-to-date: /home/osansubuntumachine/ros2_ws/install/uuv_gazebo_plugins/include/uuv_gazebo_plugins/.cmake/api/v1/query
[1.447s] -- Up-to-date: /home/osansubuntumachine/ros2_ws/install/uuv_gazebo_plugins/include/uuv_gazebo_plugins/.cmake/api/v1/query/client-colcon-cmake
[1.447s] -- Up-to-date: /home/osansubuntumachine/ros2_ws/install/uuv_gazebo_plugins/include/uuv_gazebo_plugins/Double.pb.cc
[1.448s] -- Up-to-date: /home/osansubuntumachine/ros2_ws/install/uuv_gazebo_plugins/include/uuv_gazebo_plugins/ament_cmake_environment_hooks
[1.449s] -- Up-to-date: /home/osansubuntumachine/ros2_ws/install/uuv_gazebo_plugins/share/uuv_gazebo_plugins/environment/library_path.sh
[1.449s] -- Up-to-date: /home/osansubuntumachine/ros2_ws/install/uuv_gazebo_plugins/share/uuv_gazebo_plugins/environment/library_path.dsv
[1.450s] -- Up-to-date: /home/osansubuntumachine/ros2_ws/install/uuv_gazebo_plugins/share/ament_index/resource_index/package_run_dependencies/uuv_gazebo_plugins
[1.450s] -- Up-to-date: /home/osansubuntumachine/ros2_ws/install/uuv_gazebo_plugins/share/ament_index/resource_index/parent_prefix_path/uuv_gazebo_plugins
[1.451s] -- Up-to-date: /home/osansubuntumachine/ros2_ws/install/uuv_gazebo_plugins/share/uuv_gazebo_plugins/environment/ament_prefix_path.sh
[1.451s] -- Up-to-date: /home/osansubuntumachine/ros2_ws/install/uuv_gazebo_plugins/share/uuv_gazebo_plugins/environment/ament_prefix_path.dsv
[1.452s] -- Up-to-date: /home/osansubuntumachine/ros2_ws/install/uuv_gazebo_plugins/share/uuv_gazebo_plugins/environment/path.sh
[1.452s] -- Up-to-date: /home/osansubuntumachine/ros2_ws/install/uuv_gazebo_plugins/share/uuv_gazebo_plugins/environment/path.dsv
[1.453s] -- Up-to-date: /home/osansubuntumachine/ros2_ws/install/uuv_gazebo_plugins/share/uuv_gazebo_plugins/local_setup.bash
[1.454s] -- Up-to-date: /home/osansubuntumachine/ros2_ws/install/uuv_gazebo_plugins/share/uuv_gazebo_plugins/local_setup.sh
[1.454s] -- Up-to-date: /home/osansubuntumachine/ros2_ws/install/uuv_gazebo_plugins/share/uuv_gazebo_plugins/local_setup.zsh
[1.455s] -- Up-to-date: /home/osansubuntumachine/ros2_ws/install/uuv_gazebo_plugins/share/uuv_gazebo_plugins/local_setup.dsv
[1.456s] -- Installing: /home/osansubuntumachine/ros2_ws/install/uuv_gazebo_plugins/share/uuv_gazebo_plugins/package.dsv
[1.458s] -- Up-to-date: /home/osansubuntumachine/ros2_ws/install/uuv_gazebo_plugins/share/ament_index/resource_index/packages/uuv_gazebo_plugins
[1.459s] -- Up-to-date: /home/osansubuntumachine/ros2_ws/install/uuv_gazebo_plugins/share/uuv_gazebo_plugins/cmake/ament_cmake_export_dependencies-extras.cmake
[1.460s] -- Up-to-date: /home/osansubuntumachine/ros2_ws/install/uuv_gazebo_plugins/share/uuv_gazebo_plugins/cmake/ament_cmake_export_include_directories-extras.cmake
[1.460s] -- Up-to-date: /home/osansubuntumachine/ros2_ws/install/uuv_gazebo_plugins/share/uuv_gazebo_plugins/cmake/ament_cmake_export_libraries-extras.cmake
[1.460s] -- Up-to-date: /home/osansubuntumachine/ros2_ws/install/uuv_gazebo_plugins/share/uuv_gazebo_plugins/cmake/uuv_gazebo_pluginsConfig.cmake
[1.463s] -- Up-to-date: /home/osansubuntumachine/ros2_ws/install/uuv_gazebo_plugins/share/uuv_gazebo_plugins/cmake/uuv_gazebo_pluginsConfig-version.cmake
[1.463s] -- Up-to-date: /home/osansubuntumachine/ros2_ws/install/uuv_gazebo_plugins/share/uuv_gazebo_plugins/package.xml
[1.485s] Invoked command in '/home/osansubuntumachine/ros2_ws/build/uuv_gazebo_plugins' returned '0': CMAKE_PREFIX_PATH=${CMAKE_PREFIX_PATH}:/home/osansubuntumachine/ros2_ws/install/rexrov_autonomy:/opt/ros/foxy /usr/bin/cmake --install /home/osansubuntumachine/ros2_ws/build/uuv_gazebo_plugins
