[0.063s] Invoking command in '/home/osansubuntumachine/ros2_ws/build/uuv_gazebo_worlds': CMAKE_PREFIX_PATH=${CMAKE_PREFIX_PATH}:/home/osansubuntumachine/ros2_ws/install/rexrov_autonomy:/opt/ros/foxy /usr/bin/cmake --build /home/osansubuntumachine/ros2_ws/build/uuv_gazebo_worlds -- -j4 -l4
[0.456s] Invoked command in '/home/osansubuntumachine/ros2_ws/build/uuv_gazebo_worlds' returned '0': CMAKE_PREFIX_PATH=${CMAKE_PREFIX_PATH}:/home/osansubuntumachine/ros2_ws/install/rexrov_autonomy:/opt/ros/foxy /usr/bin/cmake --build /home/osansubuntumachine/ros2_ws/build/uuv_gazebo_worlds -- -j4 -l4
[0.462s] Invoking command in '/home/osansubuntumachine/ros2_ws/build/uuv_gazebo_worlds': CMAKE_PREFIX_PATH=${CMAKE_PREFIX_PATH}:/home/osansubuntumachine/ros2_ws/install/rexrov_autonomy:/opt/ros/foxy /usr/bin/cmake --install /home/osansubuntumachine/ros2_ws/build/uuv_gazebo_worlds
[0.487s] -- Install configuration: ""
[0.487s] -- Up-to-date: /home/osansubuntumachine/ros2_ws/install/uuv_gazebo_worlds/share/uuv_gazebo_worlds/config
[0.487s] -- Up-to-date: /home/osansubuntumachine/ros2_ws/install/uuv_gazebo_worlds/share/uuv_gazebo_worlds/config/empty_uw_world.yaml
[0.498s] -- Up-to-date: /home/osansubuntumachine/ros2_ws/install/uuv_gazebo_worlds/share/uuv_gazebo_worlds/config/auv_underwater_world.yaml
[0.498s] -- Up-to-date: /home/osansubuntumachine/ros2_ws/install/uuv_gazebo_worlds/share/uuv_gazebo_worlds/config/mangalia.yaml
[0.498s] -- Up-to-date: /home/osansubuntumachine/ros2_ws/install/uuv_gazebo_worlds/share/uuv_gazebo_worlds/config/herkules_ship_wreck.yaml
[0.498s] -- Up-to-date: /home/osansubuntumachine/ros2_ws/install/uuv_gazebo_worlds/share/uuv_gazebo_worlds/config/munkholmen.yaml
[0.499s] -- Up-to-date: /home/osansubuntumachine/ros2_ws/install/uuv_gazebo_worlds/share/uuv_gazebo_worlds/config/ocean_waves.yaml
[0.499s] -- Up-to-date: /home/osansubuntumachine/ros2_ws/install/uuv_gazebo_worlds/share/uuv_gazebo_worlds/config/lake.yaml
[0.499s] -- Up-to-date: /home/osansubuntumachine/ros2_ws/install/uuv_gazebo_worlds/share/uuv_gazebo_worlds/launch
[0.499s] -- Up-to-date: /home/osansubuntumachine/ros2_ws/install/uuv_gazebo_worlds/share/uuv_gazebo_worlds/launch/empty_underwater_world.launch
[0.499s] -- Up-to-date: /home/osansubuntumachine/ros2_ws/install/uuv_gazebo_worlds/share/uuv_gazebo_worlds/launch/lake.launch
[0.499s] -- Up-to-date: /home/osansubuntumachine/ros2_ws/install/uuv_gazebo_worlds/share/uuv_gazebo_worlds/launch/munkholmen.launch
[0.511s] -- Up-to-date: /home/osansubuntumachine/ros2_ws/install/uuv_gazebo_worlds/share/uuv_gazebo_worlds/launch/mangalia_manipulation.launch
[0.511s] -- Up-to-date: /home/osansubuntumachine/ros2_ws/install/uuv_gazebo_worlds/share/uuv_gazebo_worlds/launch/herkules_ship_wreck.launch
[0.511s] -- Up-to-date: /home/osansubuntumachine/ros2_ws/install/uuv_gazebo_worlds/share/uuv_gazebo_worlds/launch/mangalia.launch
[0.511s] -- Up-to-date: /home/osansubuntumachine/ros2_ws/install/uuv_gazebo_worlds/share/uuv_gazebo_worlds/launch/rov_bop_panel.launch
[0.513s] -- Up-to-date: /home/osansubuntumachine/ros2_ws/install/uuv_gazebo_worlds/share/uuv_gazebo_worlds/launch/ocean_waves.launch
[0.513s] -- Up-to-date: /home/osansubuntumachine/ros2_ws/install/uuv_gazebo_worlds/share/uuv_gazebo_worlds/launch/auv_underwater_world.launch
[0.513s] -- Up-to-date: /home/osansubuntumachine/ros2_ws/install/uuv_gazebo_worlds/share/uuv_gazebo_worlds/launch/subsea_bop_panel.launch
[0.513s] -- Up-to-date: /home/osansubuntumachine/ros2_ws/install/uuv_gazebo_worlds/share/uuv_gazebo_worlds/media
[0.513s] -- Up-to-date: /home/osansubuntumachine/ros2_ws/install/uuv_gazebo_worlds/share/uuv_gazebo_worlds/media/models
[0.514s] -- Up-to-date: /home/osansubuntumachine/ros2_ws/install/uuv_gazebo_worlds/share/uuv_gazebo_worlds/media/models/sea_surface_1000m_x_1000m.dae
[0.514s] -- Up-to-date: /home/osansubuntumachine/ros2_ws/install/uuv_gazebo_worlds/share/uuv_gazebo_worlds/media/materials
[0.514s] -- Up-to-date: /home/osansubuntumachine/ros2_ws/install/uuv_gazebo_worlds/share/uuv_gazebo_worlds/media/materials/textures
[0.514s] -- Up-to-date: /home/osansubuntumachine/ros2_ws/install/uuv_gazebo_worlds/share/uuv_gazebo_worlds/media/materials/textures/fiducials
[0.514s] -- Up-to-date: /home/osansubuntumachine/ros2_ws/install/uuv_gazebo_worlds/share/uuv_gazebo_worlds/media/materials/textures/fiducials/License and source for textures.txt
[0.514s] -- Up-to-date: /home/osansubuntumachine/ros2_ws/install/uuv_gazebo_worlds/share/uuv_gazebo_worlds/media/materials/textures/fiducials/aruco_5.png
[0.514s] -- Up-to-date: /home/osansubuntumachine/ros2_ws/install/uuv_gazebo_worlds/share/uuv_gazebo_worlds/media/materials/textures/fiducials/aruco_4.png
[0.514s] -- Up-to-date: /home/osansubuntumachine/ros2_ws/install/uuv_gazebo_worlds/share/uuv_gazebo_worlds/media/materials/textures/fiducials/aruco_3.png
[0.515s] -- Up-to-date: /home/osansubuntumachine/ros2_ws/install/uuv_gazebo_worlds/share/uuv_gazebo_worlds/media/materials/textures/fiducials/aruco_1.png
[0.515s] -- Up-to-date: /home/osansubuntumachine/ros2_ws/install/uuv_gazebo_worlds/share/uuv_gazebo_worlds/media/materials/textures/fiducials/aruco_2.png
[0.515s] -- Up-to-date: /home/osansubuntumachine/ros2_ws/install/uuv_gazebo_worlds/share/uuv_gazebo_worlds/media/materials/textures/clouds_lf.jpg
[0.515s] -- Up-to-date: /home/osansubuntumachine/ros2_ws/install/uuv_gazebo_worlds/share/uuv_gazebo_worlds/media/materials/textures/License and source for textures.txt
[0.516s] -- Up-to-date: /home/osansubuntumachine/ros2_ws/install/uuv_gazebo_worlds/share/uuv_gazebo_worlds/media/materials/textures/water_water_0046_01.jpg
[0.516s] -- Up-to-date: /home/osansubuntumachine/ros2_ws/install/uuv_gazebo_worlds/share/uuv_gazebo_worlds/media/materials/textures/water_water_0076_03_s.jpg
[0.516s] -- Up-to-date: /home/osansubuntumachine/ros2_ws/install/uuv_gazebo_worlds/share/uuv_gazebo_worlds/media/materials/textures/clouds_bk.jpg
[0.516s] -- Up-to-date: /home/osansubuntumachine/ros2_ws/install/uuv_gazebo_worlds/share/uuv_gazebo_worlds/media/materials/textures/soil_sand_0045_01.jpg
[0.516s] -- Up-to-date: /home/osansubuntumachine/ros2_ws/install/uuv_gazebo_worlds/share/uuv_gazebo_worlds/media/materials/textures/clouds_rt.jpg
[0.517s] -- Up-to-date: /home/osansubuntumachine/ros2_ws/install/uuv_gazebo_worlds/share/uuv_gazebo_worlds/media/materials/textures/clouds.jpg
[0.517s] -- Up-to-date: /home/osansubuntumachine/ros2_ws/install/uuv_gazebo_worlds/share/uuv_gazebo_worlds/media/materials/textures/water_water_0093_01.jpg
[0.517s] -- Up-to-date: /home/osansubuntumachine/ros2_ws/install/uuv_gazebo_worlds/share/uuv_gazebo_worlds/media/materials/textures/clouds_fr.jpg
[0.517s] -- Up-to-date: /home/osansubuntumachine/ros2_ws/install/uuv_gazebo_worlds/share/uuv_gazebo_worlds/media/materials/textures/clouds_dn.jpg
[0.517s] -- Up-to-date: /home/osansubuntumachine/ros2_ws/install/uuv_gazebo_worlds/share/uuv_gazebo_worlds/media/materials/textures/clouds_up.jpg
[0.517s] -- Up-to-date: /home/osansubuntumachine/ros2_ws/install/uuv_gazebo_worlds/share/uuv_gazebo_worlds/media/materials/textures/water_water_0051_01.jpg
[0.518s] -- Up-to-date: /home/osansubuntumachine/ros2_ws/install/uuv_gazebo_worlds/share/uuv_gazebo_worlds/media/materials/textures/wave_normals.dds
[0.518s] -- Up-to-date: /home/osansubuntumachine/ros2_ws/install/uuv_gazebo_worlds/share/uuv_gazebo_worlds/media/materials/scripts
[0.518s] -- Up-to-date: /home/osansubuntumachine/ros2_ws/install/uuv_gazebo_worlds/share/uuv_gazebo_worlds/media/materials/scripts/fiducials.material
[0.518s] -- Up-to-date: /home/osansubuntumachine/ros2_ws/install/uuv_gazebo_worlds/share/uuv_gazebo_worlds/media/materials/scripts/water.material
[0.522s] -- Up-to-date: /home/osansubuntumachine/ros2_ws/install/uuv_gazebo_worlds/share/uuv_gazebo_worlds/media/materials/scripts/waves.material
[0.523s] -- Up-to-date: /home/osansubuntumachine/ros2_ws/install/uuv_gazebo_worlds/share/uuv_gazebo_worlds/media/materials/scripts/sand.material
[0.523s] -- Up-to-date: /home/osansubuntumachine/ros2_ws/install/uuv_gazebo_worlds/share/uuv_gazebo_worlds/media/materials/programs
[0.523s] -- Up-to-date: /home/osansubuntumachine/ros2_ws/install/uuv_gazebo_worlds/share/uuv_gazebo_worlds/media/materials/programs/SimpleWaves.vert
[0.527s] -- Up-to-date: /home/osansubuntumachine/ros2_ws/install/uuv_gazebo_worlds/share/uuv_gazebo_worlds/media/materials/programs/SimpleWaves.frag
[0.527s] -- Up-to-date: /home/osansubuntumachine/ros2_ws/install/uuv_gazebo_worlds/share/uuv_gazebo_worlds/worlds
[0.530s] -- Up-to-date: /home/osansubuntumachine/ros2_ws/install/uuv_gazebo_worlds/share/uuv_gazebo_worlds/worlds/mangalia_manipulation.world
[0.536s] -- Up-to-date: /home/osansubuntumachine/ros2_ws/install/uuv_gazebo_worlds/share/uuv_gazebo_worlds/worlds/ocean_waves.world
[0.536s] -- Up-to-date: /home/osansubuntumachine/ros2_ws/install/uuv_gazebo_worlds/share/uuv_gazebo_worlds/worlds/munkholmen.world
[0.537s] -- Up-to-date: /home/osansubuntumachine/ros2_ws/install/uuv_gazebo_worlds/share/uuv_gazebo_worlds/worlds/subsea_bop_panel.world
[0.537s] -- Up-to-date: /home/osansubuntumachine/ros2_ws/install/uuv_gazebo_worlds/share/uuv_gazebo_worlds/worlds/auv_underwater_world.world
[0.537s] -- Up-to-date: /home/osansubuntumachine/ros2_ws/install/uuv_gazebo_worlds/share/uuv_gazebo_worlds/worlds/herkules_ship_wreck.world
[0.537s] -- Up-to-date: /home/osansubuntumachine/ros2_ws/install/uuv_gazebo_worlds/share/uuv_gazebo_worlds/worlds/empty_underwater.world
[0.537s] -- Up-to-date: /home/osansubuntumachine/ros2_ws/install/uuv_gazebo_worlds/share/uuv_gazebo_worlds/worlds/lake.world
[0.538s] -- Up-to-date: /home/osansubuntumachine/ros2_ws/install/uuv_gazebo_worlds/share/uuv_gazebo_worlds/worlds/underwater_heightmap.world
[0.538s] -- Up-to-date: /home/osansubuntumachine/ros2_ws/install/uuv_gazebo_worlds/share/uuv_gazebo_worlds/worlds/mangalia.world
[0.538s] -- Up-to-date: /home/osansubuntumachine/ros2_ws/install/uuv_gazebo_worlds/share/uuv_gazebo_worlds/models
[0.538s] -- Up-to-date: /home/osansubuntumachine/ros2_ws/install/uuv_gazebo_worlds/share/uuv_gazebo_worlds/models/april_tag_36_11_00000
[0.538s] -- Up-to-date: /home/osansubuntumachine/ros2_ws/install/uuv_gazebo_worlds/share/uuv_gazebo_worlds/models/april_tag_36_11_00000/model.sdf
[0.538s] -- Up-to-date: /home/osansubuntumachine/ros2_ws/install/uuv_gazebo_worlds/share/uuv_gazebo_worlds/models/april_tag_36_11_00000/model.config
[0.538s] -- Up-to-date: /home/osansubuntumachine/ros2_ws/install/uuv_gazebo_worlds/share/uuv_gazebo_worlds/models/hot_stab
[0.539s] -- Up-to-date: /home/osansubuntumachine/ros2_ws/install/uuv_gazebo_worlds/share/uuv_gazebo_worlds/models/hot_stab/model.sdf
[0.539s] -- Up-to-date: /home/osansubuntumachine/ros2_ws/install/uuv_gazebo_worlds/share/uuv_gazebo_worlds/models/hot_stab/model.config
[0.539s] -- Up-to-date: /home/osansubuntumachine/ros2_ws/install/uuv_gazebo_worlds/share/uuv_gazebo_worlds/models/hot_stab/meshes
[0.539s] -- Up-to-date: /home/osansubuntumachine/ros2_ws/install/uuv_gazebo_worlds/share/uuv_gazebo_worlds/models/hot_stab/meshes/HotStab.dae
[0.539s] -- Up-to-date: /home/osansubuntumachine/ros2_ws/install/uuv_gazebo_worlds/share/uuv_gazebo_worlds/models/aurora_static
[0.539s] -- Up-to-date: /home/osansubuntumachine/ros2_ws/install/uuv_gazebo_worlds/share/uuv_gazebo_worlds/models/aurora_static/model.sdf
[0.540s] -- Up-to-date: /home/osansubuntumachine/ros2_ws/install/uuv_gazebo_worlds/share/uuv_gazebo_worlds/models/aurora_static/model.config
[0.551s] -- Up-to-date: /home/osansubuntumachine/ros2_ws/install/uuv_gazebo_worlds/share/uuv_gazebo_worlds/models/aurora_static/meshes
[0.552s] -- Up-to-date: /home/osansubuntumachine/ros2_ws/install/uuv_gazebo_worlds/share/uuv_gazebo_worlds/models/aurora_static/meshes/aurora.dae
[0.552s] -- Up-to-date: /home/osansubuntumachine/ros2_ws/install/uuv_gazebo_worlds/share/uuv_gazebo_worlds/models/aurora_static/meshes/aurora_collision.stl
[0.552s] -- Up-to-date: /home/osansubuntumachine/ros2_ws/install/uuv_gazebo_worlds/share/uuv_gazebo_worlds/models/herkules_ship_wreck
[0.552s] -- Up-to-date: /home/osansubuntumachine/ros2_ws/install/uuv_gazebo_worlds/share/uuv_gazebo_worlds/models/herkules_ship_wreck/model.sdf
[0.553s] -- Up-to-date: /home/osansubuntumachine/ros2_ws/install/uuv_gazebo_worlds/share/uuv_gazebo_worlds/models/herkules_ship_wreck/model.config
[0.553s] -- Up-to-date: /home/osansubuntumachine/ros2_ws/install/uuv_gazebo_worlds/share/uuv_gazebo_worlds/models/herkules_ship_wreck/meshes
[0.559s] -- Up-to-date: /home/osansubuntumachine/ros2_ws/install/uuv_gazebo_worlds/share/uuv_gazebo_worlds/models/herkules_ship_wreck/meshes/herkules.dae
[0.560s] -- Up-to-date: /home/osansubuntumachine/ros2_ws/install/uuv_gazebo_worlds/share/uuv_gazebo_worlds/models/ocean_box
[0.560s] -- Up-to-date: /home/osansubuntumachine/ros2_ws/install/uuv_gazebo_worlds/share/uuv_gazebo_worlds/models/ocean_box/model.sdf
[0.560s] -- Up-to-date: /home/osansubuntumachine/ros2_ws/install/uuv_gazebo_worlds/share/uuv_gazebo_worlds/models/ocean_box/model.config
[0.560s] -- Up-to-date: /home/osansubuntumachine/ros2_ws/install/uuv_gazebo_worlds/share/uuv_gazebo_worlds/models/munkholmen
[0.560s] -- Up-to-date: /home/osansubuntumachine/ros2_ws/install/uuv_gazebo_worlds/share/uuv_gazebo_worlds/models/munkholmen/model.sdf
[0.560s] -- Up-to-date: /home/osansubuntumachine/ros2_ws/install/uuv_gazebo_worlds/share/uuv_gazebo_worlds/models/munkholmen/model.config
[0.560s] -- Up-to-date: /home/osansubuntumachine/ros2_ws/install/uuv_gazebo_worlds/share/uuv_gazebo_worlds/models/munkholmen/meshes
[0.560s] -- Up-to-date: /home/osansubuntumachine/ros2_ws/install/uuv_gazebo_worlds/share/uuv_gazebo_worlds/models/munkholmen/meshes/munkholmen.dae
[0.560s] -- Up-to-date: /home/osansubuntumachine/ros2_ws/install/uuv_gazebo_worlds/share/uuv_gazebo_worlds/models/lake
[0.560s] -- Up-to-date: /home/osansubuntumachine/ros2_ws/install/uuv_gazebo_worlds/share/uuv_gazebo_worlds/models/lake/model.sdf
[0.561s] -- Up-to-date: /home/osansubuntumachine/ros2_ws/install/uuv_gazebo_worlds/share/uuv_gazebo_worlds/models/lake/model.config
[0.561s] -- Up-to-date: /home/osansubuntumachine/ros2_ws/install/uuv_gazebo_worlds/share/uuv_gazebo_worlds/models/lake/meshes
[0.561s] -- Up-to-date: /home/osansubuntumachine/ros2_ws/install/uuv_gazebo_worlds/share/uuv_gazebo_worlds/models/lake/meshes/WaterSurface.dae
[0.561s] -- Up-to-date: /home/osansubuntumachine/ros2_ws/install/uuv_gazebo_worlds/share/uuv_gazebo_worlds/models/lake/meshes/LakeBottom.dae
[0.561s] -- Up-to-date: /home/osansubuntumachine/ros2_ws/install/uuv_gazebo_worlds/share/uuv_gazebo_worlds/models/tree
[0.561s] -- Up-to-date: /home/osansubuntumachine/ros2_ws/install/uuv_gazebo_worlds/share/uuv_gazebo_worlds/models/tree/model.sdf
[0.561s] -- Up-to-date: /home/osansubuntumachine/ros2_ws/install/uuv_gazebo_worlds/share/uuv_gazebo_worlds/models/tree/model.config
[0.561s] -- Up-to-date: /home/osansubuntumachine/ros2_ws/install/uuv_gazebo_worlds/share/uuv_gazebo_worlds/models/tree/meshes
[0.561s] -- Up-to-date: /home/osansubuntumachine/ros2_ws/install/uuv_gazebo_worlds/share/uuv_gazebo_worlds/models/tree/meshes/Tree.dae
[0.561s] -- Up-to-date: /home/osansubuntumachine/ros2_ws/install/uuv_gazebo_worlds/share/uuv_gazebo_worlds/models/bop_panel
[0.562s] -- Up-to-date: /home/osansubuntumachine/ros2_ws/install/uuv_gazebo_worlds/share/uuv_gazebo_worlds/models/bop_panel/model.sdf
[0.562s] -- Up-to-date: /home/osansubuntumachine/ros2_ws/install/uuv_gazebo_worlds/share/uuv_gazebo_worlds/models/bop_panel/model.config
[0.563s] -- Up-to-date: /home/osansubuntumachine/ros2_ws/install/uuv_gazebo_worlds/share/uuv_gazebo_worlds/models/bop_panel/meshes
[0.564s] -- Up-to-date: /home/osansubuntumachine/ros2_ws/install/uuv_gazebo_worlds/share/uuv_gazebo_worlds/models/bop_panel/meshes/VentilBlock.obj
[0.564s] -- Up-to-date: /home/osansubuntumachine/ros2_ws/install/uuv_gazebo_worlds/share/uuv_gazebo_worlds/models/bop_panel/meshes/VentilBlock.stl
[0.564s] -- Up-to-date: /home/osansubuntumachine/ros2_ws/install/uuv_gazebo_worlds/share/uuv_gazebo_worlds/models/bop_panel/meshes/Valve.dae
[0.564s] -- Up-to-date: /home/osansubuntumachine/ros2_ws/install/uuv_gazebo_worlds/share/uuv_gazebo_worlds/models/bop_panel/meshes/VentilBlock.mtl
[0.565s] -- Up-to-date: /home/osansubuntumachine/ros2_ws/install/uuv_gazebo_worlds/share/uuv_gazebo_worlds/models/herkules_seabed
[0.565s] -- Up-to-date: /home/osansubuntumachine/ros2_ws/install/uuv_gazebo_worlds/share/uuv_gazebo_worlds/models/herkules_seabed/model.sdf
[0.565s] -- Up-to-date: /home/osansubuntumachine/ros2_ws/install/uuv_gazebo_worlds/share/uuv_gazebo_worlds/models/herkules_seabed/model.config
[0.566s] -- Up-to-date: /home/osansubuntumachine/ros2_ws/install/uuv_gazebo_worlds/share/uuv_gazebo_worlds/models/herkules_seabed/meshes
[0.566s] -- Up-to-date: /home/osansubuntumachine/ros2_ws/install/uuv_gazebo_worlds/share/uuv_gazebo_worlds/models/herkules_seabed/meshes/herkules_seabed.dae
[0.567s] -- Up-to-date: /home/osansubuntumachine/ros2_ws/install/uuv_gazebo_worlds/share/uuv_gazebo_worlds/models/mangalia
[0.567s] -- Up-to-date: /home/osansubuntumachine/ros2_ws/install/uuv_gazebo_worlds/share/uuv_gazebo_worlds/models/mangalia/model.sdf
[0.568s] -- Up-to-date: /home/osansubuntumachine/ros2_ws/install/uuv_gazebo_worlds/share/uuv_gazebo_worlds/models/mangalia/model.config
[0.568s] -- Up-to-date: /home/osansubuntumachine/ros2_ws/install/uuv_gazebo_worlds/share/uuv_gazebo_worlds/models/mangalia/meshes
[0.568s] -- Up-to-date: /home/osansubuntumachine/ros2_ws/install/uuv_gazebo_worlds/share/uuv_gazebo_worlds/models/mangalia/meshes/License and source for textures.txt
[0.569s] -- Up-to-date: /home/osansubuntumachine/ros2_ws/install/uuv_gazebo_worlds/share/uuv_gazebo_worlds/models/mangalia/meshes/170427_Seabed8_textured.blend
[0.569s] -- Up-to-date: /home/osansubuntumachine/ros2_ws/install/uuv_gazebo_worlds/share/uuv_gazebo_worlds/models/mangalia/meshes/170427_Seabed8_textured.dae
[0.569s] -- Up-to-date: /home/osansubuntumachine/ros2_ws/install/uuv_gazebo_worlds/share/uuv_gazebo_worlds/models/mangalia/meshes/grass_grass_0101_02_tiled_s.jpg
[0.569s] -- Up-to-date: /home/osansubuntumachine/ros2_ws/install/uuv_gazebo_worlds/share/uuv_gazebo_worlds/models/mangalia/meshes/MangaliaTerrain.dae
[0.569s] -- Up-to-date: /home/osansubuntumachine/ros2_ws/install/uuv_gazebo_worlds/share/uuv_gazebo_worlds/models/mangalia/meshes/ground_stone_ground_0029_02_tiled_s.jpg
[0.569s] -- Up-to-date: /home/osansubuntumachine/ros2_ws/install/uuv_gazebo_worlds/share/uuv_gazebo_worlds/models/sea_bottom
[0.569s] -- Up-to-date: /home/osansubuntumachine/ros2_ws/install/uuv_gazebo_worlds/share/uuv_gazebo_worlds/models/sea_bottom/model.sdf
[0.569s] -- Up-to-date: /home/osansubuntumachine/ros2_ws/install/uuv_gazebo_worlds/share/uuv_gazebo_worlds/models/sea_bottom/model.config
[0.570s] -- Up-to-date: /home/osansubuntumachine/ros2_ws/install/uuv_gazebo_worlds/share/uuv_gazebo_worlds/models/ocean
[0.571s] -- Up-to-date: /home/osansubuntumachine/ros2_ws/install/uuv_gazebo_worlds/share/uuv_gazebo_worlds/models/ocean/model.sdf
[0.572s] -- Up-to-date: /home/osansubuntumachine/ros2_ws/install/uuv_gazebo_worlds/share/uuv_gazebo_worlds/models/ocean/model.config
[0.572s] -- Up-to-date: /home/osansubuntumachine/ros2_ws/install/uuv_gazebo_worlds/share/uuv_gazebo_worlds/models/ned_frame
[0.574s] -- Up-to-date: /home/osansubuntumachine/ros2_ws/install/uuv_gazebo_worlds/share/uuv_gazebo_worlds/models/ned_frame/model.sdf
[0.575s] -- Up-to-date: /home/osansubuntumachine/ros2_ws/install/uuv_gazebo_worlds/share/uuv_gazebo_worlds/models/ned_frame/model.config
[0.575s] -- Up-to-date: /home/osansubuntumachine/ros2_ws/install/uuv_gazebo_worlds/share/uuv_gazebo_worlds/models/t_bar_fork_tool
[0.576s] -- Up-to-date: /home/osansubuntumachine/ros2_ws/install/uuv_gazebo_worlds/share/uuv_gazebo_worlds/models/t_bar_fork_tool/model.sdf
[0.576s] -- Up-to-date: /home/osansubuntumachine/ros2_ws/install/uuv_gazebo_worlds/share/uuv_gazebo_worlds/models/t_bar_fork_tool/model.config
[0.576s] -- Up-to-date: /home/osansubuntumachine/ros2_ws/install/uuv_gazebo_worlds/share/uuv_gazebo_worlds/models/t_bar_fork_tool/meshes
[0.576s] -- Up-to-date: /home/osansubuntumachine/ros2_ws/install/uuv_gazebo_worlds/share/uuv_gazebo_worlds/models/t_bar_fork_tool/meshes/TBarForkTool.dae
[0.576s] -- Up-to-date: /home/osansubuntumachine/ros2_ws/install/uuv_gazebo_worlds/share/uuv_gazebo_worlds/models/umbilical
[0.576s] -- Up-to-date: /home/osansubuntumachine/ros2_ws/install/uuv_gazebo_worlds/share/uuv_gazebo_worlds/models/umbilical/model.sdf
[0.576s] -- Up-to-date: /home/osansubuntumachine/ros2_ws/install/uuv_gazebo_worlds/share/uuv_gazebo_worlds/models/umbilical/model.config
[0.577s] -- Up-to-date: /home/osansubuntumachine/ros2_ws/install/uuv_gazebo_worlds/share/uuv_gazebo_worlds/models/rov_bop_panel
[0.577s] -- Up-to-date: /home/osansubuntumachine/ros2_ws/install/uuv_gazebo_worlds/share/uuv_gazebo_worlds/models/rov_bop_panel/model.sdf
[0.589s] -- Up-to-date: /home/osansubuntumachine/ros2_ws/install/uuv_gazebo_worlds/share/uuv_gazebo_worlds/models/rov_bop_panel/model.config
[0.589s] -- Up-to-date: /home/osansubuntumachine/ros2_ws/install/uuv_gazebo_worlds/share/uuv_gazebo_worlds/models/rov_bop_panel/meshes
[0.589s] -- Up-to-date: /home/osansubuntumachine/ros2_ws/install/uuv_gazebo_worlds/share/uuv_gazebo_worlds/models/rov_bop_panel/meshes/License and source texture.txt
[0.589s] -- Up-to-date: /home/osansubuntumachine/ros2_ws/install/uuv_gazebo_worlds/share/uuv_gazebo_worlds/models/rov_bop_panel/meshes/metal_bare_0045_01.jpg
[0.589s] -- Up-to-date: /home/osansubuntumachine/ros2_ws/install/uuv_gazebo_worlds/share/uuv_gazebo_worlds/models/rov_bop_panel/meshes/SmallValve.dae
[0.589s] -- Up-to-date: /home/osansubuntumachine/ros2_ws/install/uuv_gazebo_worlds/share/uuv_gazebo_worlds/models/rov_bop_panel/meshes/Valve.dae
[0.590s] -- Up-to-date: /home/osansubuntumachine/ros2_ws/install/uuv_gazebo_worlds/share/uuv_gazebo_worlds/models/rov_bop_panel/meshes/BOP_Panel.dae
[0.590s] -- Up-to-date: /home/osansubuntumachine/ros2_ws/install/uuv_gazebo_worlds/share/uuv_gazebo_worlds/models/sand_heightmap
[0.590s] -- Up-to-date: /home/osansubuntumachine/ros2_ws/install/uuv_gazebo_worlds/share/uuv_gazebo_worlds/models/sand_heightmap/model.sdf
[0.599s] -- Up-to-date: /home/osansubuntumachine/ros2_ws/install/uuv_gazebo_worlds/share/uuv_gazebo_worlds/models/sand_heightmap/model.config
[0.599s] -- Up-to-date: /home/osansubuntumachine/ros2_ws/install/uuv_gazebo_worlds/share/uuv_gazebo_worlds/models/sand_heightmap/meshes
[0.599s] -- Up-to-date: /home/osansubuntumachine/ros2_ws/install/uuv_gazebo_worlds/share/uuv_gazebo_worlds/models/sand_heightmap/meshes/License and source for textures.txt
[0.599s] -- Up-to-date: /home/osansubuntumachine/ros2_ws/install/uuv_gazebo_worlds/share/uuv_gazebo_worlds/models/sand_heightmap/meshes/soil_sand_0045_01.jpg
[0.599s] -- Up-to-date: /home/osansubuntumachine/ros2_ws/install/uuv_gazebo_worlds/share/uuv_gazebo_worlds/models/sand_heightmap/meshes/heightmap.dae
[0.600s] -- Up-to-date: /home/osansubuntumachine/ros2_ws/install/uuv_gazebo_worlds/share/uuv_gazebo_worlds/models/torque_tool
[0.600s] -- Up-to-date: /home/osansubuntumachine/ros2_ws/install/uuv_gazebo_worlds/share/uuv_gazebo_worlds/models/torque_tool/model.sdf
[0.600s] -- Up-to-date: /home/osansubuntumachine/ros2_ws/install/uuv_gazebo_worlds/share/uuv_gazebo_worlds/models/torque_tool/model.config
[0.600s] -- Up-to-date: /home/osansubuntumachine/ros2_ws/install/uuv_gazebo_worlds/share/uuv_gazebo_worlds/models/torque_tool/meshes
[0.600s] -- Up-to-date: /home/osansubuntumachine/ros2_ws/install/uuv_gazebo_worlds/share/uuv_gazebo_worlds/models/torque_tool/meshes/TorqueTool.dae
[0.600s] -- Up-to-date: /home/osansubuntumachine/ros2_ws/install/uuv_gazebo_worlds/share/uuv_gazebo_worlds/models/munkholmen_seabed
[0.601s] -- Up-to-date: /home/osansubuntumachine/ros2_ws/install/uuv_gazebo_worlds/share/uuv_gazebo_worlds/models/munkholmen_seabed/model.sdf
[0.601s] -- Up-to-date: /home/osansubuntumachine/ros2_ws/install/uuv_gazebo_worlds/share/uuv_gazebo_worlds/models/munkholmen_seabed/model.config
[0.601s] -- Up-to-date: /home/osansubuntumachine/ros2_ws/install/uuv_gazebo_worlds/share/uuv_gazebo_worlds/models/munkholmen_seabed/meshes
[0.601s] -- Up-to-date: /home/osansubuntumachine/ros2_ws/install/uuv_gazebo_worlds/share/uuv_gazebo_worlds/models/munkholmen_seabed/meshes/seabed.dae
[0.601s] -- Up-to-date: /home/osansubuntumachine/ros2_ws/install/uuv_gazebo_worlds/share/uuv_gazebo_worlds/models/sea_surface
[0.601s] -- Up-to-date: /home/osansubuntumachine/ros2_ws/install/uuv_gazebo_worlds/share/uuv_gazebo_worlds/models/sea_surface/model.sdf
[0.601s] -- Up-to-date: /home/osansubuntumachine/ros2_ws/install/uuv_gazebo_worlds/share/uuv_gazebo_worlds/models/sea_surface/model.config
[0.601s] -- Up-to-date: /home/osansubuntumachine/ros2_ws/install/uuv_gazebo_worlds/share/ament_index/resource_index/package_run_dependencies/uuv_gazebo_worlds
[0.601s] -- Up-to-date: /home/osansubuntumachine/ros2_ws/install/uuv_gazebo_worlds/share/ament_index/resource_index/parent_prefix_path/uuv_gazebo_worlds
[0.602s] -- Up-to-date: /home/osansubuntumachine/ros2_ws/install/uuv_gazebo_worlds/share/uuv_gazebo_worlds/environment/ament_prefix_path.sh
[0.602s] -- Up-to-date: /home/osansubuntumachine/ros2_ws/install/uuv_gazebo_worlds/share/uuv_gazebo_worlds/environment/ament_prefix_path.dsv
[0.602s] -- Up-to-date: /home/osansubuntumachine/ros2_ws/install/uuv_gazebo_worlds/share/uuv_gazebo_worlds/environment/path.sh
[0.602s] -- Up-to-date: /home/osansubuntumachine/ros2_ws/install/uuv_gazebo_worlds/share/uuv_gazebo_worlds/environment/path.dsv
[0.630s] -- Up-to-date: /home/osansubuntumachine/ros2_ws/install/uuv_gazebo_worlds/share/uuv_gazebo_worlds/local_setup.bash
[0.630s] -- Up-to-date: /home/osansubuntumachine/ros2_ws/install/uuv_gazebo_worlds/share/uuv_gazebo_worlds/local_setup.sh
[0.630s] -- Up-to-date: /home/osansubuntumachine/ros2_ws/install/uuv_gazebo_worlds/share/uuv_gazebo_worlds/local_setup.zsh
[0.630s] -- Up-to-date: /home/osansubuntumachine/ros2_ws/install/uuv_gazebo_worlds/share/uuv_gazebo_worlds/local_setup.dsv
[0.630s] -- Installing: /home/osansubuntumachine/ros2_ws/install/uuv_gazebo_worlds/share/uuv_gazebo_worlds/package.dsv
[0.630s] -- Up-to-date: /home/osansubuntumachine/ros2_ws/install/uuv_gazebo_worlds/share/ament_index/resource_index/packages/uuv_gazebo_worlds
[0.630s] -- Up-to-date: /home/osansubuntumachine/ros2_ws/install/uuv_gazebo_worlds/share/uuv_gazebo_worlds/cmake/uuv_gazebo_worldsConfig.cmake
[0.630s] -- Up-to-date: /home/osansubuntumachine/ros2_ws/install/uuv_gazebo_worlds/share/uuv_gazebo_worlds/cmake/uuv_gazebo_worldsConfig-version.cmake
[0.642s] -- Up-to-date: /home/osansubuntumachine/ros2_ws/install/uuv_gazebo_worlds/share/uuv_gazebo_worlds/package.xml
[0.642s] Invoked command in '/home/osansubuntumachine/ros2_ws/build/uuv_gazebo_worlds' returned '0': CMAKE_PREFIX_PATH=${CMAKE_PREFIX_PATH}:/home/osansubuntumachine/ros2_ws/install/rexrov_autonomy:/opt/ros/foxy /usr/bin/cmake --install /home/osansubuntumachine/ros2_ws/build/uuv_gazebo_worlds
