[0.049s] Invoking command in '/home/osansubuntumachine/ros2_ws/build/uuv_teleop': AMENT_PREFIX_PATH=/home/osansubuntumachine/ros2_ws/install/uuv_thruster_manager:/home/osansubuntumachine/ros2_ws/install/uuv_assistants:/home/osansubuntumachine/ros2_ws/install/uuv_gazebo_ros_plugins_msgs:/home/osansubuntumachine/ros2_ws/install/plankton_utils:${AMENT_PREFIX_PATH} CMAKE_PREFIX_PATH=/home/osansubuntumachine/ros2_ws/install/uuv_thruster_manager:/home/osansubuntumachine/ros2_ws/install/uuv_assistants:/home/osansubuntumachine/ros2_ws/install/uuv_gazebo_ros_plugins_msgs:/home/osansubuntumachine/ros2_ws/install/plankton_utils:/opt/ros/foxy LD_LIBRARY_PATH=/home/osansubuntumachine/ros2_ws/install/uuv_thruster_manager/lib:/home/osansubuntumachine/ros2_ws/install/uuv_gazebo_ros_plugins_msgs/lib:${LD_LIBRARY_PATH} PYTHONPATH=/home/osansubuntumachine/ros2_ws/install/uuv_thruster_manager/lib/python3.8/site-packages:/home/osansubuntumachine/ros2_ws/install/uuv_assistants/lib/python3.8/site-packages:/home/osansubuntumachine/ros2_ws/install/uuv_gazebo_ros_plugins_msgs/lib/python3.8/site-packages:/home/osansubuntumachine/ros2_ws/install/plankton_utils/lib/python3.8/site-packages:${PYTHONPATH} /usr/bin/cmake --build /home/osansubuntumachine/ros2_ws/build/uuv_teleop -- -j4 -l4
[0.113s] Invoked command in '/home/osansubuntumachine/ros2_ws/build/uuv_teleop' returned '0': AMENT_PREFIX_PATH=/home/osansubuntumachine/ros2_ws/install/uuv_thruster_manager:/home/osansubuntumachine/ros2_ws/install/uuv_assistants:/home/osansubuntumachine/ros2_ws/install/uuv_gazebo_ros_plugins_msgs:/home/osansubuntumachine/ros2_ws/install/plankton_utils:${AMENT_PREFIX_PATH} CMAKE_PREFIX_PATH=/home/osansubuntumachine/ros2_ws/install/uuv_thruster_manager:/home/osansubuntumachine/ros2_ws/install/uuv_assistants:/home/osansubuntumachine/ros2_ws/install/uuv_gazebo_ros_plugins_msgs:/home/osansubuntumachine/ros2_ws/install/plankton_utils:/opt/ros/foxy LD_LIBRARY_PATH=/home/osansubuntumachine/ros2_ws/install/uuv_thruster_manager/lib:/home/osansubuntumachine/ros2_ws/install/uuv_gazebo_ros_plugins_msgs/lib:${LD_LIBRARY_PATH} PYTHONPATH=/home/osansubuntumachine/ros2_ws/install/uuv_thruster_manager/lib/python3.8/site-packages:/home/osansubuntumachine/ros2_ws/install/uuv_assistants/lib/python3.8/site-packages:/home/osansubuntumachine/ros2_ws/install/uuv_gazebo_ros_plugins_msgs/lib/python3.8/site-packages:/home/osansubuntumachine/ros2_ws/install/plankton_utils/lib/python3.8/site-packages:${PYTHONPATH} /usr/bin/cmake --build /home/osansubuntumachine/ros2_ws/build/uuv_teleop -- -j4 -l4
[0.114s] Invoking command in '/home/osansubuntumachine/ros2_ws/build/uuv_teleop': AMENT_PREFIX_PATH=/home/osansubuntumachine/ros2_ws/install/uuv_thruster_manager:/home/osansubuntumachine/ros2_ws/install/uuv_assistants:/home/osansubuntumachine/ros2_ws/install/uuv_gazebo_ros_plugins_msgs:/home/osansubuntumachine/ros2_ws/install/plankton_utils:${AMENT_PREFIX_PATH} CMAKE_PREFIX_PATH=/home/osansubuntumachine/ros2_ws/install/uuv_thruster_manager:/home/osansubuntumachine/ros2_ws/install/uuv_assistants:/home/osansubuntumachine/ros2_ws/install/uuv_gazebo_ros_plugins_msgs:/home/osansubuntumachine/ros2_ws/install/plankton_utils:/opt/ros/foxy LD_LIBRARY_PATH=/home/osansubuntumachine/ros2_ws/install/uuv_thruster_manager/lib:/home/osansubuntumachine/ros2_ws/install/uuv_gazebo_ros_plugins_msgs/lib:${LD_LIBRARY_PATH} PYTHONPATH=/home/osansubuntumachine/ros2_ws/install/uuv_thruster_manager/lib/python3.8/site-packages:/home/osansubuntumachine/ros2_ws/install/uuv_assistants/lib/python3.8/site-packages:/home/osansubuntumachine/ros2_ws/install/uuv_gazebo_ros_plugins_msgs/lib/python3.8/site-packages:/home/osansubuntumachine/ros2_ws/install/plankton_utils/lib/python3.8/site-packages:${PYTHONPATH} /usr/bin/cmake --install /home/osansubuntumachine/ros2_ws/build/uuv_teleop
[0.133s] -- Install configuration: ""
[0.133s] -- Up-to-date: /home/osansubuntumachine/ros2_ws/install/uuv_teleop/share/uuv_teleop/launch
[0.134s] -- Up-to-date: /home/osansubuntumachine/ros2_ws/install/uuv_teleop/share/uuv_teleop/launch/uuv_keyboard_teleop.launch
[0.134s] -- Up-to-date: /home/osansubuntumachine/ros2_ws/install/uuv_teleop/share/uuv_teleop/launch/finned_uuv_teleop.launch
[0.135s] -- Up-to-date: /home/osansubuntumachine/ros2_ws/install/uuv_teleop/share/uuv_teleop/launch/uuv_teleop.launch
[0.135s] -- Up-to-date: /home/osansubuntumachine/ros2_ws/install/uuv_teleop/lib/uuv_teleop/vehicle_teleop.py
[0.137s] -- Up-to-date: /home/osansubuntumachine/ros2_ws/install/uuv_teleop/lib/uuv_teleop/vehicle_keyboard_teleop.py
[0.138s] -- Up-to-date: /home/osansubuntumachine/ros2_ws/install/uuv_teleop/lib/uuv_teleop/finned_uuv_teleop.py
[0.138s] -- Up-to-date: /home/osansubuntumachine/ros2_ws/install/uuv_teleop/share/ament_index/resource_index/package_run_dependencies/uuv_teleop
[0.139s] -- Up-to-date: /home/osansubuntumachine/ros2_ws/install/uuv_teleop/share/ament_index/resource_index/parent_prefix_path/uuv_teleop
[0.139s] -- Up-to-date: /home/osansubuntumachine/ros2_ws/install/uuv_teleop/share/uuv_teleop/environment/ament_prefix_path.sh
[0.140s] -- Up-to-date: /home/osansubuntumachine/ros2_ws/install/uuv_teleop/share/uuv_teleop/environment/ament_prefix_path.dsv
[0.141s] -- Up-to-date: /home/osansubuntumachine/ros2_ws/install/uuv_teleop/share/uuv_teleop/environment/path.sh
[0.143s] -- Up-to-date: /home/osansubuntumachine/ros2_ws/install/uuv_teleop/share/uuv_teleop/environment/path.dsv
[0.144s] -- Up-to-date: /home/osansubuntumachine/ros2_ws/install/uuv_teleop/share/uuv_teleop/local_setup.bash
[0.144s] -- Up-to-date: /home/osansubuntumachine/ros2_ws/install/uuv_teleop/share/uuv_teleop/local_setup.sh
[0.144s] -- Up-to-date: /home/osansubuntumachine/ros2_ws/install/uuv_teleop/share/uuv_teleop/local_setup.zsh
[0.148s] -- Up-to-date: /home/osansubuntumachine/ros2_ws/install/uuv_teleop/share/uuv_teleop/local_setup.dsv
[0.148s] -- Installing: /home/osansubuntumachine/ros2_ws/install/uuv_teleop/share/uuv_teleop/package.dsv
[0.165s] -- Up-to-date: /home/osansubuntumachine/ros2_ws/install/uuv_teleop/share/ament_index/resource_index/packages/uuv_teleop
[0.165s] -- Up-to-date: /home/osansubuntumachine/ros2_ws/install/uuv_teleop/share/uuv_teleop/cmake/uuv_teleopConfig.cmake
[0.165s] -- Up-to-date: /home/osansubuntumachine/ros2_ws/install/uuv_teleop/share/uuv_teleop/cmake/uuv_teleopConfig-version.cmake
[0.165s] -- Up-to-date: /home/osansubuntumachine/ros2_ws/install/uuv_teleop/share/uuv_teleop/package.xml
[0.165s] Invoked command in '/home/osansubuntumachine/ros2_ws/build/uuv_teleop' returned '0': AMENT_PREFIX_PATH=/home/osansubuntumachine/ros2_ws/install/uuv_thruster_manager:/home/osansubuntumachine/ros2_ws/install/uuv_assistants:/home/osansubuntumachine/ros2_ws/install/uuv_gazebo_ros_plugins_msgs:/home/osansubuntumachine/ros2_ws/install/plankton_utils:${AMENT_PREFIX_PATH} CMAKE_PREFIX_PATH=/home/osansubuntumachine/ros2_ws/install/uuv_thruster_manager:/home/osansubuntumachine/ros2_ws/install/uuv_assistants:/home/osansubuntumachine/ros2_ws/install/uuv_gazebo_ros_plugins_msgs:/home/osansubuntumachine/ros2_ws/install/plankton_utils:/opt/ros/foxy LD_LIBRARY_PATH=/home/osansubuntumachine/ros2_ws/install/uuv_thruster_manager/lib:/home/osansubuntumachine/ros2_ws/install/uuv_gazebo_ros_plugins_msgs/lib:${LD_LIBRARY_PATH} PYTHONPATH=/home/osansubuntumachine/ros2_ws/install/uuv_thruster_manager/lib/python3.8/site-packages:/home/osansubuntumachine/ros2_ws/install/uuv_assistants/lib/python3.8/site-packages:/home/osansubuntumachine/ros2_ws/install/uuv_gazebo_ros_plugins_msgs/lib/python3.8/site-packages:/home/osansubuntumachine/ros2_ws/install/plankton_utils/lib/python3.8/site-packages:${PYTHONPATH} /usr/bin/cmake --install /home/osansubuntumachine/ros2_ws/build/uuv_teleop
