[0.030s] Invoking command in '/home/osansubuntumachine/ros2_ws/build/uuv_sensor_ros_plugins_msgs': CMAKE_PREFIX_PATH=${CMAKE_PREFIX_PATH}:/home/osansubuntumachine/ros2_ws/install/rexrov_autonomy:/opt/ros/foxy /usr/bin/cmake --build /home/osansubuntumachine/ros2_ws/build/uuv_sensor_ros_plugins_msgs -- -j4 -l4
[0.339s] [  1%] Built target uuv_sensor_ros_plugins_msgs__cpp
[0.458s] [ 12%] Built target uuv_sensor_ros_plugins_msgs__rosidl_generator_c
[0.564s] [ 24%] Built target uuv_sensor_ros_plugins_msgs__rosidl_typesupport_cpp
[0.570s] [ 35%] Built target uuv_sensor_ros_plugins_msgs__rosidl_typesupport_introspection_cpp
[0.579s] [ 46%] Built target uuv_sensor_ros_plugins_msgs__rosidl_typesupport_fastrtps_cpp
[0.603s] [ 58%] Built target uuv_sensor_ros_plugins_msgs__rosidl_typesupport_introspection_c
[0.616s] [ 69%] Built target uuv_sensor_ros_plugins_msgs__rosidl_typesupport_c
[0.759s] [ 81%] Built target uuv_sensor_ros_plugins_msgs__rosidl_typesupport_fastrtps_c
[0.982s] [ 81%] Built target uuv_sensor_ros_plugins_msgs
[0.998s] [ 82%] Built target uuv_sensor_ros_plugins_msgs__py
[1.172s] [ 92%] Built target uuv_sensor_ros_plugins_msgs__python
[1.286s] [ 94%] Built target uuv_sensor_ros_plugins_msgs__rosidl_typesupport_introspection_c__pyext
[1.426s] [ 97%] Built target uuv_sensor_ros_plugins_msgs__rosidl_typesupport_c__pyext
[1.530s] [100%] Built target uuv_sensor_ros_plugins_msgs__rosidl_typesupport_fastrtps_c__pyext
[1.575s] Invoked command in '/home/osansubuntumachine/ros2_ws/build/uuv_sensor_ros_plugins_msgs' returned '0': CMAKE_PREFIX_PATH=${CMAKE_PREFIX_PATH}:/home/osansubuntumachine/ros2_ws/install/rexrov_autonomy:/opt/ros/foxy /usr/bin/cmake --build /home/osansubuntumachine/ros2_ws/build/uuv_sensor_ros_plugins_msgs -- -j4 -l4
[1.585s] Invoking command in '/home/osansubuntumachine/ros2_ws/build/uuv_sensor_ros_plugins_msgs': CMAKE_PREFIX_PATH=${CMAKE_PREFIX_PATH}:/home/osansubuntumachine/ros2_ws/install/rexrov_autonomy:/opt/ros/foxy /usr/bin/cmake --install /home/osansubuntumachine/ros2_ws/build/uuv_sensor_ros_plugins_msgs
[1.617s] -- Install configuration: ""
[1.617s] -- Up-to-date: /home/osansubuntumachine/ros2_ws/install/uuv_sensor_ros_plugins_msgs/share/ament_index/resource_index/rosidl_interfaces/uuv_sensor_ros_plugins_msgs
[1.617s] -- Up-to-date: /home/osansubuntumachine/ros2_ws/install/uuv_sensor_ros_plugins_msgs/include/uuv_sensor_ros_plugins_msgs
[1.618s] -- Up-to-date: /home/osansubuntumachine/ros2_ws/install/uuv_sensor_ros_plugins_msgs/include/uuv_sensor_ros_plugins_msgs/msg
[1.618s] -- Up-to-date: /home/osansubuntumachine/ros2_ws/install/uuv_sensor_ros_plugins_msgs/include/uuv_sensor_ros_plugins_msgs/msg/dvl.h
[1.618s] -- Up-to-date: /home/osansubuntumachine/ros2_ws/install/uuv_sensor_ros_plugins_msgs/include/uuv_sensor_ros_plugins_msgs/msg/chemical_particle_concentration.h
[1.618s] -- Up-to-date: /home/osansubuntumachine/ros2_ws/install/uuv_sensor_ros_plugins_msgs/include/uuv_sensor_ros_plugins_msgs/msg/salinity.h
[1.618s] -- Up-to-date: /home/osansubuntumachine/ros2_ws/install/uuv_sensor_ros_plugins_msgs/include/uuv_sensor_ros_plugins_msgs/msg/position_with_covariance_stamped.h
[1.618s] -- Up-to-date: /home/osansubuntumachine/ros2_ws/install/uuv_sensor_ros_plugins_msgs/include/uuv_sensor_ros_plugins_msgs/msg/rosidl_generator_c__visibility_control.h
[1.618s] -- Up-to-date: /home/osansubuntumachine/ros2_ws/install/uuv_sensor_ros_plugins_msgs/include/uuv_sensor_ros_plugins_msgs/msg/detail
[1.618s] -- Up-to-date: /home/osansubuntumachine/ros2_ws/install/uuv_sensor_ros_plugins_msgs/include/uuv_sensor_ros_plugins_msgs/msg/detail/dvl__functions.c
[1.621s] -- Up-to-date: /home/osansubuntumachine/ros2_ws/install/uuv_sensor_ros_plugins_msgs/include/uuv_sensor_ros_plugins_msgs/msg/detail/dvl_beam__struct.h
[1.621s] -- Up-to-date: /home/osansubuntumachine/ros2_ws/install/uuv_sensor_ros_plugins_msgs/include/uuv_sensor_ros_plugins_msgs/msg/detail/dvl__type_support.h
[1.622s] -- Up-to-date: /home/osansubuntumachine/ros2_ws/install/uuv_sensor_ros_plugins_msgs/include/uuv_sensor_ros_plugins_msgs/msg/detail/dvl_beam__functions.h
[1.622s] -- Up-to-date: /home/osansubuntumachine/ros2_ws/install/uuv_sensor_ros_plugins_msgs/include/uuv_sensor_ros_plugins_msgs/msg/detail/position_with_covariance__functions.c
[1.622s] -- Up-to-date: /home/osansubuntumachine/ros2_ws/install/uuv_sensor_ros_plugins_msgs/include/uuv_sensor_ros_plugins_msgs/msg/detail/position_with_covariance_stamped__functions.h
[1.622s] -- Up-to-date: /home/osansubuntumachine/ros2_ws/install/uuv_sensor_ros_plugins_msgs/include/uuv_sensor_ros_plugins_msgs/msg/detail/position_with_covariance__type_support.h
[1.622s] -- Up-to-date: /home/osansubuntumachine/ros2_ws/install/uuv_sensor_ros_plugins_msgs/include/uuv_sensor_ros_plugins_msgs/msg/detail/dvl_beam__functions.c
[1.622s] -- Up-to-date: /home/osansubuntumachine/ros2_ws/install/uuv_sensor_ros_plugins_msgs/include/uuv_sensor_ros_plugins_msgs/msg/detail/dvl_beam__type_support.h
[1.622s] -- Up-to-date: /home/osansubuntumachine/ros2_ws/install/uuv_sensor_ros_plugins_msgs/include/uuv_sensor_ros_plugins_msgs/msg/detail/salinity__struct.h
[1.622s] -- Up-to-date: /home/osansubuntumachine/ros2_ws/install/uuv_sensor_ros_plugins_msgs/include/uuv_sensor_ros_plugins_msgs/msg/detail/position_with_covariance_stamped__functions.c
[1.622s] -- Up-to-date: /home/osansubuntumachine/ros2_ws/install/uuv_sensor_ros_plugins_msgs/include/uuv_sensor_ros_plugins_msgs/msg/detail/salinity__functions.h
[1.622s] -- Up-to-date: /home/osansubuntumachine/ros2_ws/install/uuv_sensor_ros_plugins_msgs/include/uuv_sensor_ros_plugins_msgs/msg/detail/chemical_particle_concentration__functions.h
[1.630s] -- Up-to-date: /home/osansubuntumachine/ros2_ws/install/uuv_sensor_ros_plugins_msgs/include/uuv_sensor_ros_plugins_msgs/msg/detail/dvl__functions.h
[1.630s] -- Up-to-date: /home/osansubuntumachine/ros2_ws/install/uuv_sensor_ros_plugins_msgs/include/uuv_sensor_ros_plugins_msgs/msg/detail/salinity__functions.c
[1.630s] -- Up-to-date: /home/osansubuntumachine/ros2_ws/install/uuv_sensor_ros_plugins_msgs/include/uuv_sensor_ros_plugins_msgs/msg/detail/chemical_particle_concentration__functions.c
[1.630s] -- Up-to-date: /home/osansubuntumachine/ros2_ws/install/uuv_sensor_ros_plugins_msgs/include/uuv_sensor_ros_plugins_msgs/msg/detail/position_with_covariance__struct.h
[1.636s] -- Up-to-date: /home/osansubuntumachine/ros2_ws/install/uuv_sensor_ros_plugins_msgs/include/uuv_sensor_ros_plugins_msgs/msg/detail/position_with_covariance_stamped__type_support.h
[1.636s] -- Up-to-date: /home/osansubuntumachine/ros2_ws/install/uuv_sensor_ros_plugins_msgs/include/uuv_sensor_ros_plugins_msgs/msg/detail/chemical_particle_concentration__struct.h
[1.636s] -- Up-to-date: /home/osansubuntumachine/ros2_ws/install/uuv_sensor_ros_plugins_msgs/include/uuv_sensor_ros_plugins_msgs/msg/detail/position_with_covariance_stamped__struct.h
[1.636s] -- Up-to-date: /home/osansubuntumachine/ros2_ws/install/uuv_sensor_ros_plugins_msgs/include/uuv_sensor_ros_plugins_msgs/msg/detail/dvl__struct.h
[1.636s] -- Up-to-date: /home/osansubuntumachine/ros2_ws/install/uuv_sensor_ros_plugins_msgs/include/uuv_sensor_ros_plugins_msgs/msg/detail/position_with_covariance__functions.h
[1.636s] -- Up-to-date: /home/osansubuntumachine/ros2_ws/install/uuv_sensor_ros_plugins_msgs/include/uuv_sensor_ros_plugins_msgs/msg/detail/salinity__type_support.h
[1.636s] -- Up-to-date: /home/osansubuntumachine/ros2_ws/install/uuv_sensor_ros_plugins_msgs/include/uuv_sensor_ros_plugins_msgs/msg/detail/chemical_particle_concentration__type_support.h
[1.637s] -- Up-to-date: /home/osansubuntumachine/ros2_ws/install/uuv_sensor_ros_plugins_msgs/include/uuv_sensor_ros_plugins_msgs/msg/dvl_beam.h
[1.638s] -- Up-to-date: /home/osansubuntumachine/ros2_ws/install/uuv_sensor_ros_plugins_msgs/include/uuv_sensor_ros_plugins_msgs/msg/position_with_covariance.h
[1.641s] -- Up-to-date: /home/osansubuntumachine/ros2_ws/install/uuv_sensor_ros_plugins_msgs/include/uuv_sensor_ros_plugins_msgs/srv
[1.641s] -- Up-to-date: /home/osansubuntumachine/ros2_ws/install/uuv_sensor_ros_plugins_msgs/include/uuv_sensor_ros_plugins_msgs/srv/change_sensor_state.h
[1.641s] -- Up-to-date: /home/osansubuntumachine/ros2_ws/install/uuv_sensor_ros_plugins_msgs/include/uuv_sensor_ros_plugins_msgs/srv/detail
[1.641s] -- Up-to-date: /home/osansubuntumachine/ros2_ws/install/uuv_sensor_ros_plugins_msgs/include/uuv_sensor_ros_plugins_msgs/srv/detail/change_sensor_state__type_support.h
[1.641s] -- Up-to-date: /home/osansubuntumachine/ros2_ws/install/uuv_sensor_ros_plugins_msgs/include/uuv_sensor_ros_plugins_msgs/srv/detail/change_sensor_state__functions.c
[1.641s] -- Up-to-date: /home/osansubuntumachine/ros2_ws/install/uuv_sensor_ros_plugins_msgs/include/uuv_sensor_ros_plugins_msgs/srv/detail/change_sensor_state__struct.h
[1.641s] -- Up-to-date: /home/osansubuntumachine/ros2_ws/install/uuv_sensor_ros_plugins_msgs/include/uuv_sensor_ros_plugins_msgs/srv/detail/change_sensor_state__functions.h
[1.641s] -- Up-to-date: /home/osansubuntumachine/ros2_ws/install/uuv_sensor_ros_plugins_msgs/share/uuv_sensor_ros_plugins_msgs/environment/library_path.sh
[1.641s] -- Up-to-date: /home/osansubuntumachine/ros2_ws/install/uuv_sensor_ros_plugins_msgs/share/uuv_sensor_ros_plugins_msgs/environment/library_path.dsv
[1.642s] -- Up-to-date: /home/osansubuntumachine/ros2_ws/install/uuv_sensor_ros_plugins_msgs/lib/libuuv_sensor_ros_plugins_msgs__rosidl_generator_c.so
[1.642s] -- Up-to-date: /home/osansubuntumachine/ros2_ws/install/uuv_sensor_ros_plugins_msgs/include/uuv_sensor_ros_plugins_msgs
[1.642s] -- Up-to-date: /home/osansubuntumachine/ros2_ws/install/uuv_sensor_ros_plugins_msgs/include/uuv_sensor_ros_plugins_msgs/msg
[1.642s] -- Up-to-date: /home/osansubuntumachine/ros2_ws/install/uuv_sensor_ros_plugins_msgs/include/uuv_sensor_ros_plugins_msgs/msg/rosidl_typesupport_fastrtps_c__visibility_control.h
[1.642s] -- Up-to-date: /home/osansubuntumachine/ros2_ws/install/uuv_sensor_ros_plugins_msgs/include/uuv_sensor_ros_plugins_msgs/msg/detail
[1.642s] -- Up-to-date: /home/osansubuntumachine/ros2_ws/install/uuv_sensor_ros_plugins_msgs/include/uuv_sensor_ros_plugins_msgs/msg/detail/position_with_covariance__rosidl_typesupport_fastrtps_c.h
[1.642s] -- Up-to-date: /home/osansubuntumachine/ros2_ws/install/uuv_sensor_ros_plugins_msgs/include/uuv_sensor_ros_plugins_msgs/msg/detail/chemical_particle_concentration__rosidl_typesupport_fastrtps_c.h
[1.653s] -- Up-to-date: /home/osansubuntumachine/ros2_ws/install/uuv_sensor_ros_plugins_msgs/include/uuv_sensor_ros_plugins_msgs/msg/detail/dvl_beam__rosidl_typesupport_fastrtps_c.h
[1.653s] -- Up-to-date: /home/osansubuntumachine/ros2_ws/install/uuv_sensor_ros_plugins_msgs/include/uuv_sensor_ros_plugins_msgs/msg/detail/salinity__rosidl_typesupport_fastrtps_c.h
[1.653s] -- Up-to-date: /home/osansubuntumachine/ros2_ws/install/uuv_sensor_ros_plugins_msgs/include/uuv_sensor_ros_plugins_msgs/msg/detail/position_with_covariance_stamped__rosidl_typesupport_fastrtps_c.h
[1.653s] -- Up-to-date: /home/osansubuntumachine/ros2_ws/install/uuv_sensor_ros_plugins_msgs/include/uuv_sensor_ros_plugins_msgs/msg/detail/dvl__rosidl_typesupport_fastrtps_c.h
[1.653s] -- Up-to-date: /home/osansubuntumachine/ros2_ws/install/uuv_sensor_ros_plugins_msgs/include/uuv_sensor_ros_plugins_msgs/srv
[1.653s] -- Up-to-date: /home/osansubuntumachine/ros2_ws/install/uuv_sensor_ros_plugins_msgs/include/uuv_sensor_ros_plugins_msgs/srv/detail
[1.653s] -- Up-to-date: /home/osansubuntumachine/ros2_ws/install/uuv_sensor_ros_plugins_msgs/include/uuv_sensor_ros_plugins_msgs/srv/detail/change_sensor_state__rosidl_typesupport_fastrtps_c.h
[1.653s] -- Up-to-date: /home/osansubuntumachine/ros2_ws/install/uuv_sensor_ros_plugins_msgs/lib/libuuv_sensor_ros_plugins_msgs__rosidl_typesupport_fastrtps_c.so
[1.653s] -- Up-to-date: /home/osansubuntumachine/ros2_ws/install/uuv_sensor_ros_plugins_msgs/include/uuv_sensor_ros_plugins_msgs
[1.653s] -- Up-to-date: /home/osansubuntumachine/ros2_ws/install/uuv_sensor_ros_plugins_msgs/include/uuv_sensor_ros_plugins_msgs/msg
[1.653s] -- Up-to-date: /home/osansubuntumachine/ros2_ws/install/uuv_sensor_ros_plugins_msgs/include/uuv_sensor_ros_plugins_msgs/msg/rosidl_typesupport_fastrtps_cpp__visibility_control.h
[1.653s] -- Up-to-date: /home/osansubuntumachine/ros2_ws/install/uuv_sensor_ros_plugins_msgs/include/uuv_sensor_ros_plugins_msgs/msg/detail
[1.654s] -- Up-to-date: /home/osansubuntumachine/ros2_ws/install/uuv_sensor_ros_plugins_msgs/include/uuv_sensor_ros_plugins_msgs/msg/detail/salinity__rosidl_typesupport_fastrtps_cpp.hpp
[1.654s] -- Up-to-date: /home/osansubuntumachine/ros2_ws/install/uuv_sensor_ros_plugins_msgs/include/uuv_sensor_ros_plugins_msgs/msg/detail/dvl_beam__rosidl_typesupport_fastrtps_cpp.hpp
[1.654s] -- Up-to-date: /home/osansubuntumachine/ros2_ws/install/uuv_sensor_ros_plugins_msgs/include/uuv_sensor_ros_plugins_msgs/msg/detail/dvl__rosidl_typesupport_fastrtps_cpp.hpp
[1.654s] -- Up-to-date: /home/osansubuntumachine/ros2_ws/install/uuv_sensor_ros_plugins_msgs/include/uuv_sensor_ros_plugins_msgs/msg/detail/chemical_particle_concentration__rosidl_typesupport_fastrtps_cpp.hpp
[1.654s] -- Up-to-date: /home/osansubuntumachine/ros2_ws/install/uuv_sensor_ros_plugins_msgs/include/uuv_sensor_ros_plugins_msgs/msg/detail/dds_fastrtps
[1.654s] -- Up-to-date: /home/osansubuntumachine/ros2_ws/install/uuv_sensor_ros_plugins_msgs/include/uuv_sensor_ros_plugins_msgs/msg/detail/position_with_covariance__rosidl_typesupport_fastrtps_cpp.hpp
[1.654s] -- Up-to-date: /home/osansubuntumachine/ros2_ws/install/uuv_sensor_ros_plugins_msgs/include/uuv_sensor_ros_plugins_msgs/msg/detail/position_with_covariance_stamped__rosidl_typesupport_fastrtps_cpp.hpp
[1.654s] -- Up-to-date: /home/osansubuntumachine/ros2_ws/install/uuv_sensor_ros_plugins_msgs/include/uuv_sensor_ros_plugins_msgs/srv
[1.654s] -- Up-to-date: /home/osansubuntumachine/ros2_ws/install/uuv_sensor_ros_plugins_msgs/include/uuv_sensor_ros_plugins_msgs/srv/detail
[1.654s] -- Up-to-date: /home/osansubuntumachine/ros2_ws/install/uuv_sensor_ros_plugins_msgs/include/uuv_sensor_ros_plugins_msgs/srv/detail/change_sensor_state__rosidl_typesupport_fastrtps_cpp.hpp
[1.654s] -- Up-to-date: /home/osansubuntumachine/ros2_ws/install/uuv_sensor_ros_plugins_msgs/include/uuv_sensor_ros_plugins_msgs/srv/detail/dds_fastrtps
[1.654s] -- Up-to-date: /home/osansubuntumachine/ros2_ws/install/uuv_sensor_ros_plugins_msgs/lib/libuuv_sensor_ros_plugins_msgs__rosidl_typesupport_fastrtps_cpp.so
[1.654s] -- Up-to-date: /home/osansubuntumachine/ros2_ws/install/uuv_sensor_ros_plugins_msgs/include/uuv_sensor_ros_plugins_msgs
[1.654s] -- Up-to-date: /home/osansubuntumachine/ros2_ws/install/uuv_sensor_ros_plugins_msgs/include/uuv_sensor_ros_plugins_msgs/msg
[1.654s] -- Up-to-date: /home/osansubuntumachine/ros2_ws/install/uuv_sensor_ros_plugins_msgs/include/uuv_sensor_ros_plugins_msgs/msg/rosidl_typesupport_introspection_c__visibility_control.h
[1.654s] -- Up-to-date: /home/osansubuntumachine/ros2_ws/install/uuv_sensor_ros_plugins_msgs/include/uuv_sensor_ros_plugins_msgs/msg/detail
[1.655s] -- Up-to-date: /home/osansubuntumachine/ros2_ws/install/uuv_sensor_ros_plugins_msgs/include/uuv_sensor_ros_plugins_msgs/msg/detail/dvl_beam__type_support.c
[1.655s] -- Up-to-date: /home/osansubuntumachine/ros2_ws/install/uuv_sensor_ros_plugins_msgs/include/uuv_sensor_ros_plugins_msgs/msg/detail/salinity__rosidl_typesupport_introspection_c.h
[1.655s] -- Up-to-date: /home/osansubuntumachine/ros2_ws/install/uuv_sensor_ros_plugins_msgs/include/uuv_sensor_ros_plugins_msgs/msg/detail/position_with_covariance__rosidl_typesupport_introspection_c.h
[1.655s] -- Up-to-date: /home/osansubuntumachine/ros2_ws/install/uuv_sensor_ros_plugins_msgs/include/uuv_sensor_ros_plugins_msgs/msg/detail/dvl__type_support.c
[1.655s] -- Up-to-date: /home/osansubuntumachine/ros2_ws/install/uuv_sensor_ros_plugins_msgs/include/uuv_sensor_ros_plugins_msgs/msg/detail/position_with_covariance_stamped__type_support.c
[1.655s] -- Up-to-date: /home/osansubuntumachine/ros2_ws/install/uuv_sensor_ros_plugins_msgs/include/uuv_sensor_ros_plugins_msgs/msg/detail/salinity__type_support.c
[1.655s] -- Up-to-date: /home/osansubuntumachine/ros2_ws/install/uuv_sensor_ros_plugins_msgs/include/uuv_sensor_ros_plugins_msgs/msg/detail/chemical_particle_concentration__rosidl_typesupport_introspection_c.h
[1.655s] -- Up-to-date: /home/osansubuntumachine/ros2_ws/install/uuv_sensor_ros_plugins_msgs/include/uuv_sensor_ros_plugins_msgs/msg/detail/dvl_beam__rosidl_typesupport_introspection_c.h
[1.655s] -- Up-to-date: /home/osansubuntumachine/ros2_ws/install/uuv_sensor_ros_plugins_msgs/include/uuv_sensor_ros_plugins_msgs/msg/detail/chemical_particle_concentration__type_support.c
[1.655s] -- Up-to-date: /home/osansubuntumachine/ros2_ws/install/uuv_sensor_ros_plugins_msgs/include/uuv_sensor_ros_plugins_msgs/msg/detail/position_with_covariance__type_support.c
[1.655s] -- Up-to-date: /home/osansubuntumachine/ros2_ws/install/uuv_sensor_ros_plugins_msgs/include/uuv_sensor_ros_plugins_msgs/msg/detail/dvl__rosidl_typesupport_introspection_c.h
[1.655s] -- Up-to-date: /home/osansubuntumachine/ros2_ws/install/uuv_sensor_ros_plugins_msgs/include/uuv_sensor_ros_plugins_msgs/msg/detail/position_with_covariance_stamped__rosidl_typesupport_introspection_c.h
[1.655s] -- Up-to-date: /home/osansubuntumachine/ros2_ws/install/uuv_sensor_ros_plugins_msgs/include/uuv_sensor_ros_plugins_msgs/srv
[1.655s] -- Up-to-date: /home/osansubuntumachine/ros2_ws/install/uuv_sensor_ros_plugins_msgs/include/uuv_sensor_ros_plugins_msgs/srv/detail
[1.655s] -- Up-to-date: /home/osansubuntumachine/ros2_ws/install/uuv_sensor_ros_plugins_msgs/include/uuv_sensor_ros_plugins_msgs/srv/detail/change_sensor_state__type_support.c
[1.655s] -- Up-to-date: /home/osansubuntumachine/ros2_ws/install/uuv_sensor_ros_plugins_msgs/include/uuv_sensor_ros_plugins_msgs/srv/detail/change_sensor_state__rosidl_typesupport_introspection_c.h
[1.655s] -- Up-to-date: /home/osansubuntumachine/ros2_ws/install/uuv_sensor_ros_plugins_msgs/lib/libuuv_sensor_ros_plugins_msgs__rosidl_typesupport_introspection_c.so
[1.678s] -- Up-to-date: /home/osansubuntumachine/ros2_ws/install/uuv_sensor_ros_plugins_msgs/lib/libuuv_sensor_ros_plugins_msgs__rosidl_typesupport_c.so
[1.678s] -- Up-to-date: /home/osansubuntumachine/ros2_ws/install/uuv_sensor_ros_plugins_msgs/include/uuv_sensor_ros_plugins_msgs
[1.678s] -- Up-to-date: /home/osansubuntumachine/ros2_ws/install/uuv_sensor_ros_plugins_msgs/include/uuv_sensor_ros_plugins_msgs/msg
[1.678s] -- Up-to-date: /home/osansubuntumachine/ros2_ws/install/uuv_sensor_ros_plugins_msgs/include/uuv_sensor_ros_plugins_msgs/msg/position_with_covariance.hpp
[1.678s] -- Up-to-date: /home/osansubuntumachine/ros2_ws/install/uuv_sensor_ros_plugins_msgs/include/uuv_sensor_ros_plugins_msgs/msg/dvl.hpp
[1.678s] -- Up-to-date: /home/osansubuntumachine/ros2_ws/install/uuv_sensor_ros_plugins_msgs/include/uuv_sensor_ros_plugins_msgs/msg/chemical_particle_concentration.hpp
[1.678s] -- Up-to-date: /home/osansubuntumachine/ros2_ws/install/uuv_sensor_ros_plugins_msgs/include/uuv_sensor_ros_plugins_msgs/msg/position_with_covariance_stamped.hpp
[1.679s] -- Up-to-date: /home/osansubuntumachine/ros2_ws/install/uuv_sensor_ros_plugins_msgs/include/uuv_sensor_ros_plugins_msgs/msg/rosidl_generator_cpp__visibility_control.hpp
[1.679s] -- Up-to-date: /home/osansubuntumachine/ros2_ws/install/uuv_sensor_ros_plugins_msgs/include/uuv_sensor_ros_plugins_msgs/msg/dvl_beam.hpp
[1.679s] -- Up-to-date: /home/osansubuntumachine/ros2_ws/install/uuv_sensor_ros_plugins_msgs/include/uuv_sensor_ros_plugins_msgs/msg/detail
[1.679s] -- Up-to-date: /home/osansubuntumachine/ros2_ws/install/uuv_sensor_ros_plugins_msgs/include/uuv_sensor_ros_plugins_msgs/msg/detail/position_with_covariance__traits.hpp
[1.679s] -- Up-to-date: /home/osansubuntumachine/ros2_ws/install/uuv_sensor_ros_plugins_msgs/include/uuv_sensor_ros_plugins_msgs/msg/detail/salinity__type_support.hpp
[1.679s] -- Up-to-date: /home/osansubuntumachine/ros2_ws/install/uuv_sensor_ros_plugins_msgs/include/uuv_sensor_ros_plugins_msgs/msg/detail/dvl__type_support.hpp
[1.679s] -- Up-to-date: /home/osansubuntumachine/ros2_ws/install/uuv_sensor_ros_plugins_msgs/include/uuv_sensor_ros_plugins_msgs/msg/detail/salinity__builder.hpp
[1.679s] -- Up-to-date: /home/osansubuntumachine/ros2_ws/install/uuv_sensor_ros_plugins_msgs/include/uuv_sensor_ros_plugins_msgs/msg/detail/chemical_particle_concentration__struct.hpp
[1.690s] -- Up-to-date: /home/osansubuntumachine/ros2_ws/install/uuv_sensor_ros_plugins_msgs/include/uuv_sensor_ros_plugins_msgs/msg/detail/dvl__traits.hpp
[1.691s] -- Up-to-date: /home/osansubuntumachine/ros2_ws/install/uuv_sensor_ros_plugins_msgs/include/uuv_sensor_ros_plugins_msgs/msg/detail/dvl_beam__struct.hpp
[1.691s] -- Up-to-date: /home/osansubuntumachine/ros2_ws/install/uuv_sensor_ros_plugins_msgs/include/uuv_sensor_ros_plugins_msgs/msg/detail/dvl_beam__builder.hpp
[1.691s] -- Up-to-date: /home/osansubuntumachine/ros2_ws/install/uuv_sensor_ros_plugins_msgs/include/uuv_sensor_ros_plugins_msgs/msg/detail/position_with_covariance__type_support.hpp
[1.691s] -- Up-to-date: /home/osansubuntumachine/ros2_ws/install/uuv_sensor_ros_plugins_msgs/include/uuv_sensor_ros_plugins_msgs/msg/detail/position_with_covariance_stamped__type_support.hpp
[1.691s] -- Up-to-date: /home/osansubuntumachine/ros2_ws/install/uuv_sensor_ros_plugins_msgs/include/uuv_sensor_ros_plugins_msgs/msg/detail/position_with_covariance_stamped__builder.hpp
[1.691s] -- Up-to-date: /home/osansubuntumachine/ros2_ws/install/uuv_sensor_ros_plugins_msgs/include/uuv_sensor_ros_plugins_msgs/msg/detail/dvl__builder.hpp
[1.691s] -- Up-to-date: /home/osansubuntumachine/ros2_ws/install/uuv_sensor_ros_plugins_msgs/include/uuv_sensor_ros_plugins_msgs/msg/detail/dvl_beam__type_support.hpp
[1.691s] -- Up-to-date: /home/osansubuntumachine/ros2_ws/install/uuv_sensor_ros_plugins_msgs/include/uuv_sensor_ros_plugins_msgs/msg/detail/position_with_covariance__struct.hpp
[1.691s] -- Up-to-date: /home/osansubuntumachine/ros2_ws/install/uuv_sensor_ros_plugins_msgs/include/uuv_sensor_ros_plugins_msgs/msg/detail/salinity__traits.hpp
[1.691s] -- Up-to-date: /home/osansubuntumachine/ros2_ws/install/uuv_sensor_ros_plugins_msgs/include/uuv_sensor_ros_plugins_msgs/msg/detail/position_with_covariance_stamped__struct.hpp
[1.692s] -- Up-to-date: /home/osansubuntumachine/ros2_ws/install/uuv_sensor_ros_plugins_msgs/include/uuv_sensor_ros_plugins_msgs/msg/detail/position_with_covariance__builder.hpp
[1.692s] -- Up-to-date: /home/osansubuntumachine/ros2_ws/install/uuv_sensor_ros_plugins_msgs/include/uuv_sensor_ros_plugins_msgs/msg/detail/salinity__struct.hpp
[1.692s] -- Up-to-date: /home/osansubuntumachine/ros2_ws/install/uuv_sensor_ros_plugins_msgs/include/uuv_sensor_ros_plugins_msgs/msg/detail/chemical_particle_concentration__type_support.hpp
[1.692s] -- Up-to-date: /home/osansubuntumachine/ros2_ws/install/uuv_sensor_ros_plugins_msgs/include/uuv_sensor_ros_plugins_msgs/msg/detail/chemical_particle_concentration__traits.hpp
[1.692s] -- Up-to-date: /home/osansubuntumachine/ros2_ws/install/uuv_sensor_ros_plugins_msgs/include/uuv_sensor_ros_plugins_msgs/msg/detail/chemical_particle_concentration__builder.hpp
[1.692s] -- Up-to-date: /home/osansubuntumachine/ros2_ws/install/uuv_sensor_ros_plugins_msgs/include/uuv_sensor_ros_plugins_msgs/msg/detail/dvl__struct.hpp
[1.701s] -- Up-to-date: /home/osansubuntumachine/ros2_ws/install/uuv_sensor_ros_plugins_msgs/include/uuv_sensor_ros_plugins_msgs/msg/detail/dvl_beam__traits.hpp
[1.702s] -- Up-to-date: /home/osansubuntumachine/ros2_ws/install/uuv_sensor_ros_plugins_msgs/include/uuv_sensor_ros_plugins_msgs/msg/detail/position_with_covariance_stamped__traits.hpp
[1.703s] -- Up-to-date: /home/osansubuntumachine/ros2_ws/install/uuv_sensor_ros_plugins_msgs/include/uuv_sensor_ros_plugins_msgs/msg/salinity.hpp
[1.703s] -- Up-to-date: /home/osansubuntumachine/ros2_ws/install/uuv_sensor_ros_plugins_msgs/include/uuv_sensor_ros_plugins_msgs/srv
[1.703s] -- Up-to-date: /home/osansubuntumachine/ros2_ws/install/uuv_sensor_ros_plugins_msgs/include/uuv_sensor_ros_plugins_msgs/srv/change_sensor_state.hpp
[1.703s] -- Up-to-date: /home/osansubuntumachine/ros2_ws/install/uuv_sensor_ros_plugins_msgs/include/uuv_sensor_ros_plugins_msgs/srv/detail
[1.703s] -- Up-to-date: /home/osansubuntumachine/ros2_ws/install/uuv_sensor_ros_plugins_msgs/include/uuv_sensor_ros_plugins_msgs/srv/detail/change_sensor_state__type_support.hpp
[1.703s] -- Up-to-date: /home/osansubuntumachine/ros2_ws/install/uuv_sensor_ros_plugins_msgs/include/uuv_sensor_ros_plugins_msgs/srv/detail/change_sensor_state__traits.hpp
[1.703s] -- Up-to-date: /home/osansubuntumachine/ros2_ws/install/uuv_sensor_ros_plugins_msgs/include/uuv_sensor_ros_plugins_msgs/srv/detail/change_sensor_state__struct.hpp
[1.703s] -- Up-to-date: /home/osansubuntumachine/ros2_ws/install/uuv_sensor_ros_plugins_msgs/include/uuv_sensor_ros_plugins_msgs/srv/detail/change_sensor_state__builder.hpp
[1.703s] -- Up-to-date: /home/osansubuntumachine/ros2_ws/install/uuv_sensor_ros_plugins_msgs/include/uuv_sensor_ros_plugins_msgs
[1.703s] -- Up-to-date: /home/osansubuntumachine/ros2_ws/install/uuv_sensor_ros_plugins_msgs/include/uuv_sensor_ros_plugins_msgs/msg
[1.703s] -- Up-to-date: /home/osansubuntumachine/ros2_ws/install/uuv_sensor_ros_plugins_msgs/include/uuv_sensor_ros_plugins_msgs/msg/detail
[1.703s] -- Up-to-date: /home/osansubuntumachine/ros2_ws/install/uuv_sensor_ros_plugins_msgs/include/uuv_sensor_ros_plugins_msgs/msg/detail/dvl__type_support.cpp
[1.703s] -- Up-to-date: /home/osansubuntumachine/ros2_ws/install/uuv_sensor_ros_plugins_msgs/include/uuv_sensor_ros_plugins_msgs/msg/detail/position_with_covariance__rosidl_typesupport_introspection_cpp.hpp
[1.703s] -- Up-to-date: /home/osansubuntumachine/ros2_ws/install/uuv_sensor_ros_plugins_msgs/include/uuv_sensor_ros_plugins_msgs/msg/detail/position_with_covariance_stamped__rosidl_typesupport_introspection_cpp.hpp
[1.703s] -- Up-to-date: /home/osansubuntumachine/ros2_ws/install/uuv_sensor_ros_plugins_msgs/include/uuv_sensor_ros_plugins_msgs/msg/detail/dvl__rosidl_typesupport_introspection_cpp.hpp
[1.703s] -- Up-to-date: /home/osansubuntumachine/ros2_ws/install/uuv_sensor_ros_plugins_msgs/include/uuv_sensor_ros_plugins_msgs/msg/detail/salinity__rosidl_typesupport_introspection_cpp.hpp
[1.704s] -- Up-to-date: /home/osansubuntumachine/ros2_ws/install/uuv_sensor_ros_plugins_msgs/include/uuv_sensor_ros_plugins_msgs/msg/detail/chemical_particle_concentration__type_support.cpp
[1.704s] -- Up-to-date: /home/osansubuntumachine/ros2_ws/install/uuv_sensor_ros_plugins_msgs/include/uuv_sensor_ros_plugins_msgs/msg/detail/salinity__type_support.cpp
[1.704s] -- Up-to-date: /home/osansubuntumachine/ros2_ws/install/uuv_sensor_ros_plugins_msgs/include/uuv_sensor_ros_plugins_msgs/msg/detail/position_with_covariance_stamped__type_support.cpp
[1.704s] -- Up-to-date: /home/osansubuntumachine/ros2_ws/install/uuv_sensor_ros_plugins_msgs/include/uuv_sensor_ros_plugins_msgs/msg/detail/position_with_covariance__type_support.cpp
[1.704s] -- Up-to-date: /home/osansubuntumachine/ros2_ws/install/uuv_sensor_ros_plugins_msgs/include/uuv_sensor_ros_plugins_msgs/msg/detail/dvl_beam__rosidl_typesupport_introspection_cpp.hpp
[1.714s] -- Up-to-date: /home/osansubuntumachine/ros2_ws/install/uuv_sensor_ros_plugins_msgs/include/uuv_sensor_ros_plugins_msgs/msg/detail/chemical_particle_concentration__rosidl_typesupport_introspection_cpp.hpp
[1.714s] -- Up-to-date: /home/osansubuntumachine/ros2_ws/install/uuv_sensor_ros_plugins_msgs/include/uuv_sensor_ros_plugins_msgs/msg/detail/dvl_beam__type_support.cpp
[1.714s] -- Up-to-date: /home/osansubuntumachine/ros2_ws/install/uuv_sensor_ros_plugins_msgs/include/uuv_sensor_ros_plugins_msgs/srv
[1.714s] -- Up-to-date: /home/osansubuntumachine/ros2_ws/install/uuv_sensor_ros_plugins_msgs/include/uuv_sensor_ros_plugins_msgs/srv/detail
[1.714s] -- Up-to-date: /home/osansubuntumachine/ros2_ws/install/uuv_sensor_ros_plugins_msgs/include/uuv_sensor_ros_plugins_msgs/srv/detail/change_sensor_state__rosidl_typesupport_introspection_cpp.hpp
[1.714s] -- Up-to-date: /home/osansubuntumachine/ros2_ws/install/uuv_sensor_ros_plugins_msgs/include/uuv_sensor_ros_plugins_msgs/srv/detail/change_sensor_state__type_support.cpp
[1.715s] -- Up-to-date: /home/osansubuntumachine/ros2_ws/install/uuv_sensor_ros_plugins_msgs/lib/libuuv_sensor_ros_plugins_msgs__rosidl_typesupport_introspection_cpp.so
[1.720s] -- Up-to-date: /home/osansubuntumachine/ros2_ws/install/uuv_sensor_ros_plugins_msgs/lib/libuuv_sensor_ros_plugins_msgs__rosidl_typesupport_cpp.so
[1.720s] -- Up-to-date: /home/osansubuntumachine/ros2_ws/install/uuv_sensor_ros_plugins_msgs/share/uuv_sensor_ros_plugins_msgs/environment/pythonpath.sh
[1.720s] -- Up-to-date: /home/osansubuntumachine/ros2_ws/install/uuv_sensor_ros_plugins_msgs/share/uuv_sensor_ros_plugins_msgs/environment/pythonpath.dsv
[1.720s] -- Up-to-date: /home/osansubuntumachine/ros2_ws/install/uuv_sensor_ros_plugins_msgs/lib/python3.8/site-packages/uuv_sensor_ros_plugins_msgs/__init__.py
[1.796s] -- Up-to-date: /home/osansubuntumachine/ros2_ws/install/uuv_sensor_ros_plugins_msgs/lib/python3.8/site-packages/uuv_sensor_ros_plugins_msgs/msg
[1.796s] -- Up-to-date: /home/osansubuntumachine/ros2_ws/install/uuv_sensor_ros_plugins_msgs/lib/python3.8/site-packages/uuv_sensor_ros_plugins_msgs/msg/_chemical_particle_concentration_s.c
[1.796s] -- Up-to-date: /home/osansubuntumachine/ros2_ws/install/uuv_sensor_ros_plugins_msgs/lib/python3.8/site-packages/uuv_sensor_ros_plugins_msgs/msg/_position_with_covariance.py
[1.796s] -- Up-to-date: /home/osansubuntumachine/ros2_ws/install/uuv_sensor_ros_plugins_msgs/lib/python3.8/site-packages/uuv_sensor_ros_plugins_msgs/msg/_position_with_covariance_stamped_s.c
[1.796s] -- Up-to-date: /home/osansubuntumachine/ros2_ws/install/uuv_sensor_ros_plugins_msgs/lib/python3.8/site-packages/uuv_sensor_ros_plugins_msgs/msg/_position_with_covariance_s.c
[1.796s] -- Up-to-date: /home/osansubuntumachine/ros2_ws/install/uuv_sensor_ros_plugins_msgs/lib/python3.8/site-packages/uuv_sensor_ros_plugins_msgs/msg/_salinity_s.c
[1.796s] -- Up-to-date: /home/osansubuntumachine/ros2_ws/install/uuv_sensor_ros_plugins_msgs/lib/python3.8/site-packages/uuv_sensor_ros_plugins_msgs/msg/__init__.py
[1.796s] -- Up-to-date: /home/osansubuntumachine/ros2_ws/install/uuv_sensor_ros_plugins_msgs/lib/python3.8/site-packages/uuv_sensor_ros_plugins_msgs/msg/_dvl_beam_s.c
[1.797s] -- Up-to-date: /home/osansubuntumachine/ros2_ws/install/uuv_sensor_ros_plugins_msgs/lib/python3.8/site-packages/uuv_sensor_ros_plugins_msgs/msg/_salinity.py
[1.797s] -- Up-to-date: /home/osansubuntumachine/ros2_ws/install/uuv_sensor_ros_plugins_msgs/lib/python3.8/site-packages/uuv_sensor_ros_plugins_msgs/msg/_dvl_beam.py
[1.797s] -- Up-to-date: /home/osansubuntumachine/ros2_ws/install/uuv_sensor_ros_plugins_msgs/lib/python3.8/site-packages/uuv_sensor_ros_plugins_msgs/msg/_position_with_covariance_stamped.py
[1.797s] -- Up-to-date: /home/osansubuntumachine/ros2_ws/install/uuv_sensor_ros_plugins_msgs/lib/python3.8/site-packages/uuv_sensor_ros_plugins_msgs/msg/_dvl_s.c
[1.797s] -- Up-to-date: /home/osansubuntumachine/ros2_ws/install/uuv_sensor_ros_plugins_msgs/lib/python3.8/site-packages/uuv_sensor_ros_plugins_msgs/msg/_dvl.py
[1.797s] -- Up-to-date: /home/osansubuntumachine/ros2_ws/install/uuv_sensor_ros_plugins_msgs/lib/python3.8/site-packages/uuv_sensor_ros_plugins_msgs/msg/_chemical_particle_concentration.py
[1.797s] -- Up-to-date: /home/osansubuntumachine/ros2_ws/install/uuv_sensor_ros_plugins_msgs/lib/python3.8/site-packages/uuv_sensor_ros_plugins_msgs/srv
[1.797s] -- Up-to-date: /home/osansubuntumachine/ros2_ws/install/uuv_sensor_ros_plugins_msgs/lib/python3.8/site-packages/uuv_sensor_ros_plugins_msgs/srv/__init__.py
[1.797s] -- Up-to-date: /home/osansubuntumachine/ros2_ws/install/uuv_sensor_ros_plugins_msgs/lib/python3.8/site-packages/uuv_sensor_ros_plugins_msgs/srv/_change_sensor_state_s.c
[1.797s] -- Up-to-date: /home/osansubuntumachine/ros2_ws/install/uuv_sensor_ros_plugins_msgs/lib/python3.8/site-packages/uuv_sensor_ros_plugins_msgs/srv/_change_sensor_state.py
[1.805s] -- Up-to-date: /home/osansubuntumachine/ros2_ws/install/uuv_sensor_ros_plugins_msgs/lib/python3.8/site-packages/uuv_sensor_ros_plugins_msgs/uuv_sensor_ros_plugins_msgs_s__rosidl_typesupport_fastrtps_c.cpython-38-x86_64-linux-gnu.so
[1.805s] -- Up-to-date: /home/osansubuntumachine/ros2_ws/install/uuv_sensor_ros_plugins_msgs/lib/python3.8/site-packages/uuv_sensor_ros_plugins_msgs/uuv_sensor_ros_plugins_msgs_s__rosidl_typesupport_introspection_c.cpython-38-x86_64-linux-gnu.so
[1.810s] -- Up-to-date: /home/osansubuntumachine/ros2_ws/install/uuv_sensor_ros_plugins_msgs/lib/python3.8/site-packages/uuv_sensor_ros_plugins_msgs/uuv_sensor_ros_plugins_msgs_s__rosidl_typesupport_c.cpython-38-x86_64-linux-gnu.so
[1.815s] -- Up-to-date: /home/osansubuntumachine/ros2_ws/install/uuv_sensor_ros_plugins_msgs/lib/libuuv_sensor_ros_plugins_msgs__python.so
[1.815s] -- Up-to-date: /home/osansubuntumachine/ros2_ws/install/uuv_sensor_ros_plugins_msgs/share/uuv_sensor_ros_plugins_msgs/msg/DVL.idl
[1.816s] -- Up-to-date: /home/osansubuntumachine/ros2_ws/install/uuv_sensor_ros_plugins_msgs/share/uuv_sensor_ros_plugins_msgs/msg/DVLBeam.idl
[1.816s] -- Up-to-date: /home/osansubuntumachine/ros2_ws/install/uuv_sensor_ros_plugins_msgs/share/uuv_sensor_ros_plugins_msgs/msg/PositionWithCovariance.idl
[1.818s] -- Up-to-date: /home/osansubuntumachine/ros2_ws/install/uuv_sensor_ros_plugins_msgs/share/uuv_sensor_ros_plugins_msgs/msg/PositionWithCovarianceStamped.idl
[1.818s] -- Up-to-date: /home/osansubuntumachine/ros2_ws/install/uuv_sensor_ros_plugins_msgs/share/uuv_sensor_ros_plugins_msgs/msg/ChemicalParticleConcentration.idl
[1.818s] -- Up-to-date: /home/osansubuntumachine/ros2_ws/install/uuv_sensor_ros_plugins_msgs/share/uuv_sensor_ros_plugins_msgs/msg/Salinity.idl
[1.820s] -- Up-to-date: /home/osansubuntumachine/ros2_ws/install/uuv_sensor_ros_plugins_msgs/share/uuv_sensor_ros_plugins_msgs/srv/ChangeSensorState.idl
[1.820s] -- Up-to-date: /home/osansubuntumachine/ros2_ws/install/uuv_sensor_ros_plugins_msgs/share/uuv_sensor_ros_plugins_msgs/msg/DVL.msg
[1.820s] -- Up-to-date: /home/osansubuntumachine/ros2_ws/install/uuv_sensor_ros_plugins_msgs/share/uuv_sensor_ros_plugins_msgs/msg/DVLBeam.msg
[1.821s] -- Up-to-date: /home/osansubuntumachine/ros2_ws/install/uuv_sensor_ros_plugins_msgs/share/uuv_sensor_ros_plugins_msgs/msg/PositionWithCovariance.msg
[1.821s] -- Up-to-date: /home/osansubuntumachine/ros2_ws/install/uuv_sensor_ros_plugins_msgs/share/uuv_sensor_ros_plugins_msgs/msg/PositionWithCovarianceStamped.msg
[1.821s] -- Up-to-date: /home/osansubuntumachine/ros2_ws/install/uuv_sensor_ros_plugins_msgs/share/uuv_sensor_ros_plugins_msgs/msg/ChemicalParticleConcentration.msg
[1.821s] -- Up-to-date: /home/osansubuntumachine/ros2_ws/install/uuv_sensor_ros_plugins_msgs/share/uuv_sensor_ros_plugins_msgs/msg/Salinity.msg
[1.821s] -- Up-to-date: /home/osansubuntumachine/ros2_ws/install/uuv_sensor_ros_plugins_msgs/share/uuv_sensor_ros_plugins_msgs/srv/ChangeSensorState.srv
[1.821s] -- Up-to-date: /home/osansubuntumachine/ros2_ws/install/uuv_sensor_ros_plugins_msgs/share/uuv_sensor_ros_plugins_msgs/srv/ChangeSensorState_Request.msg
[1.821s] -- Up-to-date: /home/osansubuntumachine/ros2_ws/install/uuv_sensor_ros_plugins_msgs/share/uuv_sensor_ros_plugins_msgs/srv/ChangeSensorState_Response.msg
[1.821s] -- Up-to-date: /home/osansubuntumachine/ros2_ws/install/uuv_sensor_ros_plugins_msgs/share/ament_index/resource_index/package_run_dependencies/uuv_sensor_ros_plugins_msgs
[1.821s] -- Up-to-date: /home/osansubuntumachine/ros2_ws/install/uuv_sensor_ros_plugins_msgs/share/ament_index/resource_index/parent_prefix_path/uuv_sensor_ros_plugins_msgs
[1.821s] -- Up-to-date: /home/osansubuntumachine/ros2_ws/install/uuv_sensor_ros_plugins_msgs/share/uuv_sensor_ros_plugins_msgs/environment/ament_prefix_path.sh
[1.821s] -- Up-to-date: /home/osansubuntumachine/ros2_ws/install/uuv_sensor_ros_plugins_msgs/share/uuv_sensor_ros_plugins_msgs/environment/ament_prefix_path.dsv
[1.822s] -- Up-to-date: /home/osansubuntumachine/ros2_ws/install/uuv_sensor_ros_plugins_msgs/share/uuv_sensor_ros_plugins_msgs/environment/path.sh
[1.822s] -- Up-to-date: /home/osansubuntumachine/ros2_ws/install/uuv_sensor_ros_plugins_msgs/share/uuv_sensor_ros_plugins_msgs/environment/path.dsv
[1.822s] -- Up-to-date: /home/osansubuntumachine/ros2_ws/install/uuv_sensor_ros_plugins_msgs/share/uuv_sensor_ros_plugins_msgs/local_setup.bash
[1.822s] -- Up-to-date: /home/osansubuntumachine/ros2_ws/install/uuv_sensor_ros_plugins_msgs/share/uuv_sensor_ros_plugins_msgs/local_setup.sh
[1.822s] -- Up-to-date: /home/osansubuntumachine/ros2_ws/install/uuv_sensor_ros_plugins_msgs/share/uuv_sensor_ros_plugins_msgs/local_setup.zsh
[1.822s] -- Up-to-date: /home/osansubuntumachine/ros2_ws/install/uuv_sensor_ros_plugins_msgs/share/uuv_sensor_ros_plugins_msgs/local_setup.dsv
[1.822s] -- Installing: /home/osansubuntumachine/ros2_ws/install/uuv_sensor_ros_plugins_msgs/share/uuv_sensor_ros_plugins_msgs/package.dsv
[1.822s] -- Up-to-date: /home/osansubuntumachine/ros2_ws/install/uuv_sensor_ros_plugins_msgs/share/ament_index/resource_index/packages/uuv_sensor_ros_plugins_msgs
[1.823s] -- Up-to-date: /home/osansubuntumachine/ros2_ws/install/uuv_sensor_ros_plugins_msgs/share/uuv_sensor_ros_plugins_msgs/cmake/uuv_sensor_ros_plugins_msgs__rosidl_generator_cExport.cmake
[1.823s] -- Up-to-date: /home/osansubuntumachine/ros2_ws/install/uuv_sensor_ros_plugins_msgs/share/uuv_sensor_ros_plugins_msgs/cmake/uuv_sensor_ros_plugins_msgs__rosidl_generator_cExport-noconfig.cmake
[1.827s] -- Up-to-date: /home/osansubuntumachine/ros2_ws/install/uuv_sensor_ros_plugins_msgs/share/uuv_sensor_ros_plugins_msgs/cmake/uuv_sensor_ros_plugins_msgs__rosidl_typesupport_introspection_cExport.cmake
[1.827s] -- Up-to-date: /home/osansubuntumachine/ros2_ws/install/uuv_sensor_ros_plugins_msgs/share/uuv_sensor_ros_plugins_msgs/cmake/uuv_sensor_ros_plugins_msgs__rosidl_typesupport_introspection_cExport-noconfig.cmake
[1.831s] -- Up-to-date: /home/osansubuntumachine/ros2_ws/install/uuv_sensor_ros_plugins_msgs/share/uuv_sensor_ros_plugins_msgs/cmake/uuv_sensor_ros_plugins_msgs__rosidl_typesupport_cExport.cmake
[1.831s] -- Up-to-date: /home/osansubuntumachine/ros2_ws/install/uuv_sensor_ros_plugins_msgs/share/uuv_sensor_ros_plugins_msgs/cmake/uuv_sensor_ros_plugins_msgs__rosidl_typesupport_cExport-noconfig.cmake
[1.831s] -- Up-to-date: /home/osansubuntumachine/ros2_ws/install/uuv_sensor_ros_plugins_msgs/share/uuv_sensor_ros_plugins_msgs/cmake/uuv_sensor_ros_plugins_msgs__rosidl_generator_cppExport.cmake
[1.836s] -- Up-to-date: /home/osansubuntumachine/ros2_ws/install/uuv_sensor_ros_plugins_msgs/share/uuv_sensor_ros_plugins_msgs/cmake/uuv_sensor_ros_plugins_msgs__rosidl_typesupport_introspection_cppExport.cmake
[1.836s] -- Up-to-date: /home/osansubuntumachine/ros2_ws/install/uuv_sensor_ros_plugins_msgs/share/uuv_sensor_ros_plugins_msgs/cmake/uuv_sensor_ros_plugins_msgs__rosidl_typesupport_introspection_cppExport-noconfig.cmake
[1.836s] -- Up-to-date: /home/osansubuntumachine/ros2_ws/install/uuv_sensor_ros_plugins_msgs/share/uuv_sensor_ros_plugins_msgs/cmake/uuv_sensor_ros_plugins_msgs__rosidl_typesupport_cppExport.cmake
[1.836s] -- Up-to-date: /home/osansubuntumachine/ros2_ws/install/uuv_sensor_ros_plugins_msgs/share/uuv_sensor_ros_plugins_msgs/cmake/uuv_sensor_ros_plugins_msgs__rosidl_typesupport_cppExport-noconfig.cmake
[1.837s] -- Up-to-date: /home/osansubuntumachine/ros2_ws/install/uuv_sensor_ros_plugins_msgs/share/uuv_sensor_ros_plugins_msgs/cmake/rosidl_cmake-extras.cmake
[1.837s] -- Up-to-date: /home/osansubuntumachine/ros2_ws/install/uuv_sensor_ros_plugins_msgs/share/uuv_sensor_ros_plugins_msgs/cmake/ament_cmake_export_dependencies-extras.cmake
[1.837s] -- Up-to-date: /home/osansubuntumachine/ros2_ws/install/uuv_sensor_ros_plugins_msgs/share/uuv_sensor_ros_plugins_msgs/cmake/ament_cmake_export_libraries-extras.cmake
[1.837s] -- Up-to-date: /home/osansubuntumachine/ros2_ws/install/uuv_sensor_ros_plugins_msgs/share/uuv_sensor_ros_plugins_msgs/cmake/ament_cmake_export_targets-extras.cmake
[1.837s] -- Up-to-date: /home/osansubuntumachine/ros2_ws/install/uuv_sensor_ros_plugins_msgs/share/uuv_sensor_ros_plugins_msgs/cmake/ament_cmake_export_include_directories-extras.cmake
[1.837s] -- Up-to-date: /home/osansubuntumachine/ros2_ws/install/uuv_sensor_ros_plugins_msgs/share/uuv_sensor_ros_plugins_msgs/cmake/rosidl_cmake_export_typesupport_libraries-extras.cmake
[1.837s] -- Up-to-date: /home/osansubuntumachine/ros2_ws/install/uuv_sensor_ros_plugins_msgs/share/uuv_sensor_ros_plugins_msgs/cmake/rosidl_cmake_export_typesupport_targets-extras.cmake
[1.838s] -- Up-to-date: /home/osansubuntumachine/ros2_ws/install/uuv_sensor_ros_plugins_msgs/share/uuv_sensor_ros_plugins_msgs/cmake/uuv_sensor_ros_plugins_msgsConfig.cmake
[1.838s] -- Up-to-date: /home/osansubuntumachine/ros2_ws/install/uuv_sensor_ros_plugins_msgs/share/uuv_sensor_ros_plugins_msgs/cmake/uuv_sensor_ros_plugins_msgsConfig-version.cmake
[1.838s] -- Up-to-date: /home/osansubuntumachine/ros2_ws/install/uuv_sensor_ros_plugins_msgs/share/uuv_sensor_ros_plugins_msgs/package.xml
[1.845s] Invoked command in '/home/osansubuntumachine/ros2_ws/build/uuv_sensor_ros_plugins_msgs' returned '0': CMAKE_PREFIX_PATH=${CMAKE_PREFIX_PATH}:/home/osansubuntumachine/ros2_ws/install/rexrov_autonomy:/opt/ros/foxy /usr/bin/cmake --install /home/osansubuntumachine/ros2_ws/build/uuv_sensor_ros_plugins_msgs
