-- Install configuration: ""
-- Up-to-date: /home/osansubuntumachine/ros2_ws/install/uuv_control_cascaded_pid/share/uuv_control_cascaded_pid/environment/pythonpath.sh
-- Up-to-date: /home/osansubuntumachine/ros2_ws/install/uuv_control_cascaded_pid/share/uuv_control_cascaded_pid/environment/pythonpath.dsv
-- Up-to-date: /home/osansubuntumachine/ros2_ws/install/uuv_control_cascaded_pid/lib/python3.8/site-packages/uuv_PID
-- Up-to-date: /home/osansubuntumachine/ros2_ws/install/uuv_control_cascaded_pid/lib/python3.8/site-packages/uuv_PID/__init__.py
-- Up-to-date: /home/osansubuntumachine/ros2_ws/install/uuv_control_cascaded_pid/lib/python3.8/site-packages/uuv_PID/PIDRegulator.py
Listing '/home/osansubuntumachine/ros2_ws/install/uuv_control_cascaded_pid/lib/python3.8/site-packages/uuv_PID'...
-- Up-to-date: /home/osansubuntumachine/ros2_ws/install/uuv_control_cascaded_pid/lib/uuv_control_cascaded_pid/acceleration_control.py
-- Up-to-date: /home/osansubuntumachine/ros2_ws/install/uuv_control_cascaded_pid/lib/uuv_control_cascaded_pid/position_control.py
-- Up-to-date: /home/osansubuntumachine/ros2_ws/install/uuv_control_cascaded_pid/lib/uuv_control_cascaded_pid/velocity_control.py
-- Up-to-date: /home/osansubuntumachine/ros2_ws/install/uuv_control_cascaded_pid/share/uuv_control_cascaded_pid/launch
-- Up-to-date: /home/osansubuntumachine/ros2_ws/install/uuv_control_cascaded_pid/share/uuv_control_cascaded_pid/launch/position_hold.launch
-- Up-to-date: /home/osansubuntumachine/ros2_ws/install/uuv_control_cascaded_pid/share/uuv_control_cascaded_pid/launch/joy_accel.launch
-- Up-to-date: /home/osansubuntumachine/ros2_ws/install/uuv_control_cascaded_pid/share/uuv_control_cascaded_pid/launch/key_board_velocity.launch
-- Up-to-date: /home/osansubuntumachine/ros2_ws/install/uuv_control_cascaded_pid/share/uuv_control_cascaded_pid/launch/joy_velocity.launch
-- Up-to-date: /home/osansubuntumachine/ros2_ws/install/uuv_control_cascaded_pid/share/uuv_control_cascaded_pid/config
-- Up-to-date: /home/osansubuntumachine/ros2_ws/install/uuv_control_cascaded_pid/share/uuv_control_cascaded_pid/config/joy_accel.yaml
-- Up-to-date: /home/osansubuntumachine/ros2_ws/install/uuv_control_cascaded_pid/share/uuv_control_cascaded_pid/config/rexrov
-- Up-to-date: /home/osansubuntumachine/ros2_ws/install/uuv_control_cascaded_pid/share/uuv_control_cascaded_pid/config/rexrov/vel_pid_control.yaml
-- Up-to-date: /home/osansubuntumachine/ros2_ws/install/uuv_control_cascaded_pid/share/uuv_control_cascaded_pid/config/rexrov/pos_pid_control.yaml
-- Up-to-date: /home/osansubuntumachine/ros2_ws/install/uuv_control_cascaded_pid/share/uuv_control_cascaded_pid/config/rexrov/inertial.yaml
-- Up-to-date: /home/osansubuntumachine/ros2_ws/install/uuv_control_cascaded_pid/share/uuv_control_cascaded_pid/config/joy_vel.yaml
-- Up-to-date: /home/osansubuntumachine/ros2_ws/install/uuv_control_cascaded_pid/share/ament_index/resource_index/package_run_dependencies/uuv_control_cascaded_pid
-- Up-to-date: /home/osansubuntumachine/ros2_ws/install/uuv_control_cascaded_pid/share/ament_index/resource_index/parent_prefix_path/uuv_control_cascaded_pid
-- Up-to-date: /home/osansubuntumachine/ros2_ws/install/uuv_control_cascaded_pid/share/uuv_control_cascaded_pid/environment/ament_prefix_path.sh
-- Up-to-date: /home/osansubuntumachine/ros2_ws/install/uuv_control_cascaded_pid/share/uuv_control_cascaded_pid/environment/ament_prefix_path.dsv
-- Up-to-date: /home/osansubuntumachine/ros2_ws/install/uuv_control_cascaded_pid/share/uuv_control_cascaded_pid/environment/path.sh
-- Up-to-date: /home/osansubuntumachine/ros2_ws/install/uuv_control_cascaded_pid/share/uuv_control_cascaded_pid/environment/path.dsv
-- Up-to-date: /home/osansubuntumachine/ros2_ws/install/uuv_control_cascaded_pid/share/uuv_control_cascaded_pid/local_setup.bash
-- Up-to-date: /home/osansubuntumachine/ros2_ws/install/uuv_control_cascaded_pid/share/uuv_control_cascaded_pid/local_setup.sh
-- Up-to-date: /home/osansubuntumachine/ros2_ws/install/uuv_control_cascaded_pid/share/uuv_control_cascaded_pid/local_setup.zsh
-- Up-to-date: /home/osansubuntumachine/ros2_ws/install/uuv_control_cascaded_pid/share/uuv_control_cascaded_pid/local_setup.dsv
-- Installing: /home/osansubuntumachine/ros2_ws/install/uuv_control_cascaded_pid/share/uuv_control_cascaded_pid/package.dsv
-- Up-to-date: /home/osansubuntumachine/ros2_ws/install/uuv_control_cascaded_pid/share/ament_index/resource_index/packages/uuv_control_cascaded_pid
-- Up-to-date: /home/osansubuntumachine/ros2_ws/install/uuv_control_cascaded_pid/share/uuv_control_cascaded_pid/cmake/uuv_control_cascaded_pidConfig.cmake
-- Up-to-date: /home/osansubuntumachine/ros2_ws/install/uuv_control_cascaded_pid/share/uuv_control_cascaded_pid/cmake/uuv_control_cascaded_pidConfig-version.cmake
-- Up-to-date: /home/osansubuntumachine/ros2_ws/install/uuv_control_cascaded_pid/share/uuv_control_cascaded_pid/package.xml
