[0.033s] Invoking command in '/home/osansubuntumachine/ros2_ws/build/uuv_gazebo_ros_plugins_msgs': CMAKE_PREFIX_PATH=/opt/ros/foxy /usr/bin/cmake --build /home/osansubuntumachine/ros2_ws/build/uuv_gazebo_ros_plugins_msgs -- -j4 -l4
[0.090s] [  0%] Built target uuv_gazebo_ros_plugins_msgs__cpp
[0.102s] [ 12%] Built target uuv_gazebo_ros_plugins_msgs__rosidl_generator_c
[0.148s] [ 24%] Built target uuv_gazebo_ros_plugins_msgs__rosidl_typesupport_introspection_cpp
[0.161s] [ 36%] Built target uuv_gazebo_ros_plugins_msgs__rosidl_typesupport_cpp
[0.180s] [ 48%] Built target uuv_gazebo_ros_plugins_msgs__rosidl_typesupport_fastrtps_cpp
[0.191s] [ 60%] Built target uuv_gazebo_ros_plugins_msgs__rosidl_typesupport_introspection_c
[0.245s] [ 72%] Built target uuv_gazebo_ros_plugins_msgs__rosidl_typesupport_c
[0.264s] [ 84%] Built target uuv_gazebo_ros_plugins_msgs__rosidl_typesupport_fastrtps_c
[0.301s] [ 84%] Built target uuv_gazebo_ros_plugins_msgs
[0.339s] [ 85%] Built target uuv_gazebo_ros_plugins_msgs__py
[0.413s] [ 96%] Built target uuv_gazebo_ros_plugins_msgs__python
[0.445s] [ 98%] Built target uuv_gazebo_ros_plugins_msgs__rosidl_typesupport_introspection_c__pyext
[0.495s] [ 99%] Built target uuv_gazebo_ros_plugins_msgs__rosidl_typesupport_c__pyext
[0.495s] [100%] Built target uuv_gazebo_ros_plugins_msgs__rosidl_typesupport_fastrtps_c__pyext
[0.521s] Invoked command in '/home/osansubuntumachine/ros2_ws/build/uuv_gazebo_ros_plugins_msgs' returned '0': CMAKE_PREFIX_PATH=/opt/ros/foxy /usr/bin/cmake --build /home/osansubuntumachine/ros2_ws/build/uuv_gazebo_ros_plugins_msgs -- -j4 -l4
[0.522s] Invoking command in '/home/osansubuntumachine/ros2_ws/build/uuv_gazebo_ros_plugins_msgs': CMAKE_PREFIX_PATH=/opt/ros/foxy /usr/bin/cmake --install /home/osansubuntumachine/ros2_ws/build/uuv_gazebo_ros_plugins_msgs
[0.540s] -- Install configuration: ""
[0.540s] -- Up-to-date: /home/osansubuntumachine/ros2_ws/install/uuv_gazebo_ros_plugins_msgs/share/ament_index/resource_index/rosidl_interfaces/uuv_gazebo_ros_plugins_msgs
[0.540s] -- Up-to-date: /home/osansubuntumachine/ros2_ws/install/uuv_gazebo_ros_plugins_msgs/include/uuv_gazebo_ros_plugins_msgs
[0.540s] -- Up-to-date: /home/osansubuntumachine/ros2_ws/install/uuv_gazebo_ros_plugins_msgs/include/uuv_gazebo_ros_plugins_msgs/msg
[0.541s] -- Up-to-date: /home/osansubuntumachine/ros2_ws/install/uuv_gazebo_ros_plugins_msgs/include/uuv_gazebo_ros_plugins_msgs/msg/float_stamped.h
[0.541s] -- Up-to-date: /home/osansubuntumachine/ros2_ws/install/uuv_gazebo_ros_plugins_msgs/include/uuv_gazebo_ros_plugins_msgs/msg/rosidl_generator_c__visibility_control.h
[0.541s] -- Up-to-date: /home/osansubuntumachine/ros2_ws/install/uuv_gazebo_ros_plugins_msgs/include/uuv_gazebo_ros_plugins_msgs/msg/underwater_object_model.h
[0.545s] -- Up-to-date: /home/osansubuntumachine/ros2_ws/install/uuv_gazebo_ros_plugins_msgs/include/uuv_gazebo_ros_plugins_msgs/msg/thruster_conversion_fcn.h
[0.545s] -- Up-to-date: /home/osansubuntumachine/ros2_ws/install/uuv_gazebo_ros_plugins_msgs/include/uuv_gazebo_ros_plugins_msgs/msg/detail
[0.545s] -- Up-to-date: /home/osansubuntumachine/ros2_ws/install/uuv_gazebo_ros_plugins_msgs/include/uuv_gazebo_ros_plugins_msgs/msg/detail/float_stamped__type_support.h
[0.546s] -- Up-to-date: /home/osansubuntumachine/ros2_ws/install/uuv_gazebo_ros_plugins_msgs/include/uuv_gazebo_ros_plugins_msgs/msg/detail/float_stamped__functions.c
[0.546s] -- Up-to-date: /home/osansubuntumachine/ros2_ws/install/uuv_gazebo_ros_plugins_msgs/include/uuv_gazebo_ros_plugins_msgs/msg/detail/thruster_conversion_fcn__struct.h
[0.546s] -- Up-to-date: /home/osansubuntumachine/ros2_ws/install/uuv_gazebo_ros_plugins_msgs/include/uuv_gazebo_ros_plugins_msgs/msg/detail/underwater_object_model__functions.h
[0.546s] -- Up-to-date: /home/osansubuntumachine/ros2_ws/install/uuv_gazebo_ros_plugins_msgs/include/uuv_gazebo_ros_plugins_msgs/msg/detail/underwater_object_model__struct.h
[0.546s] -- Up-to-date: /home/osansubuntumachine/ros2_ws/install/uuv_gazebo_ros_plugins_msgs/include/uuv_gazebo_ros_plugins_msgs/msg/detail/thruster_conversion_fcn__functions.c
[0.546s] -- Up-to-date: /home/osansubuntumachine/ros2_ws/install/uuv_gazebo_ros_plugins_msgs/include/uuv_gazebo_ros_plugins_msgs/msg/detail/underwater_object_model__type_support.h
[0.547s] -- Up-to-date: /home/osansubuntumachine/ros2_ws/install/uuv_gazebo_ros_plugins_msgs/include/uuv_gazebo_ros_plugins_msgs/msg/detail/float_stamped__functions.h
[0.547s] -- Up-to-date: /home/osansubuntumachine/ros2_ws/install/uuv_gazebo_ros_plugins_msgs/include/uuv_gazebo_ros_plugins_msgs/msg/detail/thruster_conversion_fcn__functions.h
[0.547s] -- Up-to-date: /home/osansubuntumachine/ros2_ws/install/uuv_gazebo_ros_plugins_msgs/include/uuv_gazebo_ros_plugins_msgs/msg/detail/float_stamped__struct.h
[0.547s] -- Up-to-date: /home/osansubuntumachine/ros2_ws/install/uuv_gazebo_ros_plugins_msgs/include/uuv_gazebo_ros_plugins_msgs/msg/detail/thruster_conversion_fcn__type_support.h
[0.547s] -- Up-to-date: /home/osansubuntumachine/ros2_ws/install/uuv_gazebo_ros_plugins_msgs/include/uuv_gazebo_ros_plugins_msgs/msg/detail/underwater_object_model__functions.c
[0.547s] -- Up-to-date: /home/osansubuntumachine/ros2_ws/install/uuv_gazebo_ros_plugins_msgs/include/uuv_gazebo_ros_plugins_msgs/srv
[0.547s] -- Up-to-date: /home/osansubuntumachine/ros2_ws/install/uuv_gazebo_ros_plugins_msgs/include/uuv_gazebo_ros_plugins_msgs/srv/set_thruster_efficiency.h
[0.547s] -- Up-to-date: /home/osansubuntumachine/ros2_ws/install/uuv_gazebo_ros_plugins_msgs/include/uuv_gazebo_ros_plugins_msgs/srv/get_list_param.h
[0.548s] -- Up-to-date: /home/osansubuntumachine/ros2_ws/install/uuv_gazebo_ros_plugins_msgs/include/uuv_gazebo_ros_plugins_msgs/srv/get_model_properties.h
[0.548s] -- Up-to-date: /home/osansubuntumachine/ros2_ws/install/uuv_gazebo_ros_plugins_msgs/include/uuv_gazebo_ros_plugins_msgs/srv/set_float.h
[0.548s] -- Up-to-date: /home/osansubuntumachine/ros2_ws/install/uuv_gazebo_ros_plugins_msgs/include/uuv_gazebo_ros_plugins_msgs/srv/get_thruster_efficiency.h
[0.548s] -- Up-to-date: /home/osansubuntumachine/ros2_ws/install/uuv_gazebo_ros_plugins_msgs/include/uuv_gazebo_ros_plugins_msgs/srv/get_float.h
[0.548s] -- Up-to-date: /home/osansubuntumachine/ros2_ws/install/uuv_gazebo_ros_plugins_msgs/include/uuv_gazebo_ros_plugins_msgs/srv/get_thruster_state.h
[0.548s] -- Up-to-date: /home/osansubuntumachine/ros2_ws/install/uuv_gazebo_ros_plugins_msgs/include/uuv_gazebo_ros_plugins_msgs/srv/set_thruster_state.h
[0.548s] -- Up-to-date: /home/osansubuntumachine/ros2_ws/install/uuv_gazebo_ros_plugins_msgs/include/uuv_gazebo_ros_plugins_msgs/srv/detail
[0.548s] -- Up-to-date: /home/osansubuntumachine/ros2_ws/install/uuv_gazebo_ros_plugins_msgs/include/uuv_gazebo_ros_plugins_msgs/srv/detail/get_list_param__functions.h
[0.548s] -- Up-to-date: /home/osansubuntumachine/ros2_ws/install/uuv_gazebo_ros_plugins_msgs/include/uuv_gazebo_ros_plugins_msgs/srv/detail/get_thruster_state__struct.h
[0.549s] -- Up-to-date: /home/osansubuntumachine/ros2_ws/install/uuv_gazebo_ros_plugins_msgs/include/uuv_gazebo_ros_plugins_msgs/srv/detail/get_thruster_conversion_fcn__functions.h
[0.549s] -- Up-to-date: /home/osansubuntumachine/ros2_ws/install/uuv_gazebo_ros_plugins_msgs/include/uuv_gazebo_ros_plugins_msgs/srv/detail/set_thruster_efficiency__functions.c
[0.549s] -- Up-to-date: /home/osansubuntumachine/ros2_ws/install/uuv_gazebo_ros_plugins_msgs/include/uuv_gazebo_ros_plugins_msgs/srv/detail/get_model_properties__functions.c
[0.549s] -- Up-to-date: /home/osansubuntumachine/ros2_ws/install/uuv_gazebo_ros_plugins_msgs/include/uuv_gazebo_ros_plugins_msgs/srv/detail/set_thruster_state__functions.h
[0.549s] -- Up-to-date: /home/osansubuntumachine/ros2_ws/install/uuv_gazebo_ros_plugins_msgs/include/uuv_gazebo_ros_plugins_msgs/srv/detail/get_float__struct.h
[0.549s] -- Up-to-date: /home/osansubuntumachine/ros2_ws/install/uuv_gazebo_ros_plugins_msgs/include/uuv_gazebo_ros_plugins_msgs/srv/detail/get_model_properties__functions.h
[0.549s] -- Up-to-date: /home/osansubuntumachine/ros2_ws/install/uuv_gazebo_ros_plugins_msgs/include/uuv_gazebo_ros_plugins_msgs/srv/detail/get_thruster_efficiency__functions.c
[0.549s] -- Up-to-date: /home/osansubuntumachine/ros2_ws/install/uuv_gazebo_ros_plugins_msgs/include/uuv_gazebo_ros_plugins_msgs/srv/detail/get_thruster_conversion_fcn__functions.c
[0.549s] -- Up-to-date: /home/osansubuntumachine/ros2_ws/install/uuv_gazebo_ros_plugins_msgs/include/uuv_gazebo_ros_plugins_msgs/srv/detail/set_thruster_state__functions.c
[0.549s] -- Up-to-date: /home/osansubuntumachine/ros2_ws/install/uuv_gazebo_ros_plugins_msgs/include/uuv_gazebo_ros_plugins_msgs/srv/detail/get_thruster_efficiency__functions.h
[0.549s] -- Up-to-date: /home/osansubuntumachine/ros2_ws/install/uuv_gazebo_ros_plugins_msgs/include/uuv_gazebo_ros_plugins_msgs/srv/detail/get_thruster_efficiency__type_support.h
[0.549s] -- Up-to-date: /home/osansubuntumachine/ros2_ws/install/uuv_gazebo_ros_plugins_msgs/include/uuv_gazebo_ros_plugins_msgs/srv/detail/set_float__struct.h
[0.549s] -- Up-to-date: /home/osansubuntumachine/ros2_ws/install/uuv_gazebo_ros_plugins_msgs/include/uuv_gazebo_ros_plugins_msgs/srv/detail/set_thruster_efficiency__type_support.h
[0.549s] -- Up-to-date: /home/osansubuntumachine/ros2_ws/install/uuv_gazebo_ros_plugins_msgs/include/uuv_gazebo_ros_plugins_msgs/srv/detail/get_thruster_efficiency__struct.h
[0.549s] -- Up-to-date: /home/osansubuntumachine/ros2_ws/install/uuv_gazebo_ros_plugins_msgs/include/uuv_gazebo_ros_plugins_msgs/srv/detail/get_model_properties__struct.h
[0.550s] -- Up-to-date: /home/osansubuntumachine/ros2_ws/install/uuv_gazebo_ros_plugins_msgs/include/uuv_gazebo_ros_plugins_msgs/srv/detail/get_float__functions.c
[0.550s] -- Up-to-date: /home/osansubuntumachine/ros2_ws/install/uuv_gazebo_ros_plugins_msgs/include/uuv_gazebo_ros_plugins_msgs/srv/detail/set_thruster_state__type_support.h
[0.550s] -- Up-to-date: /home/osansubuntumachine/ros2_ws/install/uuv_gazebo_ros_plugins_msgs/include/uuv_gazebo_ros_plugins_msgs/srv/detail/get_thruster_state__functions.c
[0.550s] -- Up-to-date: /home/osansubuntumachine/ros2_ws/install/uuv_gazebo_ros_plugins_msgs/include/uuv_gazebo_ros_plugins_msgs/srv/detail/get_thruster_state__type_support.h
[0.550s] -- Up-to-date: /home/osansubuntumachine/ros2_ws/install/uuv_gazebo_ros_plugins_msgs/include/uuv_gazebo_ros_plugins_msgs/srv/detail/set_float__functions.h
[0.550s] -- Up-to-date: /home/osansubuntumachine/ros2_ws/install/uuv_gazebo_ros_plugins_msgs/include/uuv_gazebo_ros_plugins_msgs/srv/detail/get_list_param__functions.c
[0.550s] -- Up-to-date: /home/osansubuntumachine/ros2_ws/install/uuv_gazebo_ros_plugins_msgs/include/uuv_gazebo_ros_plugins_msgs/srv/detail/get_model_properties__type_support.h
[0.550s] -- Up-to-date: /home/osansubuntumachine/ros2_ws/install/uuv_gazebo_ros_plugins_msgs/include/uuv_gazebo_ros_plugins_msgs/srv/detail/set_float__functions.c
[0.550s] -- Up-to-date: /home/osansubuntumachine/ros2_ws/install/uuv_gazebo_ros_plugins_msgs/include/uuv_gazebo_ros_plugins_msgs/srv/detail/set_thruster_state__struct.h
[0.550s] -- Up-to-date: /home/osansubuntumachine/ros2_ws/install/uuv_gazebo_ros_plugins_msgs/include/uuv_gazebo_ros_plugins_msgs/srv/detail/set_use_global_current_vel__struct.h
[0.550s] -- Up-to-date: /home/osansubuntumachine/ros2_ws/install/uuv_gazebo_ros_plugins_msgs/include/uuv_gazebo_ros_plugins_msgs/srv/detail/get_float__type_support.h
[0.550s] -- Up-to-date: /home/osansubuntumachine/ros2_ws/install/uuv_gazebo_ros_plugins_msgs/include/uuv_gazebo_ros_plugins_msgs/srv/detail/set_use_global_current_vel__type_support.h
[0.550s] -- Up-to-date: /home/osansubuntumachine/ros2_ws/install/uuv_gazebo_ros_plugins_msgs/include/uuv_gazebo_ros_plugins_msgs/srv/detail/set_thruster_efficiency__struct.h
[0.550s] -- Up-to-date: /home/osansubuntumachine/ros2_ws/install/uuv_gazebo_ros_plugins_msgs/include/uuv_gazebo_ros_plugins_msgs/srv/detail/get_list_param__struct.h
[0.551s] -- Up-to-date: /home/osansubuntumachine/ros2_ws/install/uuv_gazebo_ros_plugins_msgs/include/uuv_gazebo_ros_plugins_msgs/srv/detail/get_float__functions.h
[0.553s] -- Up-to-date: /home/osansubuntumachine/ros2_ws/install/uuv_gazebo_ros_plugins_msgs/include/uuv_gazebo_ros_plugins_msgs/srv/detail/set_use_global_current_vel__functions.h
[0.553s] -- Up-to-date: /home/osansubuntumachine/ros2_ws/install/uuv_gazebo_ros_plugins_msgs/include/uuv_gazebo_ros_plugins_msgs/srv/detail/set_thruster_efficiency__functions.h
[0.553s] -- Up-to-date: /home/osansubuntumachine/ros2_ws/install/uuv_gazebo_ros_plugins_msgs/include/uuv_gazebo_ros_plugins_msgs/srv/detail/get_thruster_conversion_fcn__struct.h
[0.553s] -- Up-to-date: /home/osansubuntumachine/ros2_ws/install/uuv_gazebo_ros_plugins_msgs/include/uuv_gazebo_ros_plugins_msgs/srv/detail/set_float__type_support.h
[0.553s] -- Up-to-date: /home/osansubuntumachine/ros2_ws/install/uuv_gazebo_ros_plugins_msgs/include/uuv_gazebo_ros_plugins_msgs/srv/detail/set_use_global_current_vel__functions.c
[0.554s] -- Up-to-date: /home/osansubuntumachine/ros2_ws/install/uuv_gazebo_ros_plugins_msgs/include/uuv_gazebo_ros_plugins_msgs/srv/detail/get_thruster_state__functions.h
[0.554s] -- Up-to-date: /home/osansubuntumachine/ros2_ws/install/uuv_gazebo_ros_plugins_msgs/include/uuv_gazebo_ros_plugins_msgs/srv/detail/get_thruster_conversion_fcn__type_support.h
[0.554s] -- Up-to-date: /home/osansubuntumachine/ros2_ws/install/uuv_gazebo_ros_plugins_msgs/include/uuv_gazebo_ros_plugins_msgs/srv/detail/get_list_param__type_support.h
[0.554s] -- Up-to-date: /home/osansubuntumachine/ros2_ws/install/uuv_gazebo_ros_plugins_msgs/include/uuv_gazebo_ros_plugins_msgs/srv/get_thruster_conversion_fcn.h
[0.554s] -- Up-to-date: /home/osansubuntumachine/ros2_ws/install/uuv_gazebo_ros_plugins_msgs/include/uuv_gazebo_ros_plugins_msgs/srv/set_use_global_current_vel.h
[0.554s] -- Up-to-date: /home/osansubuntumachine/ros2_ws/install/uuv_gazebo_ros_plugins_msgs/share/uuv_gazebo_ros_plugins_msgs/environment/library_path.sh
[0.554s] -- Up-to-date: /home/osansubuntumachine/ros2_ws/install/uuv_gazebo_ros_plugins_msgs/share/uuv_gazebo_ros_plugins_msgs/environment/library_path.dsv
[0.554s] -- Up-to-date: /home/osansubuntumachine/ros2_ws/install/uuv_gazebo_ros_plugins_msgs/lib/libuuv_gazebo_ros_plugins_msgs__rosidl_generator_c.so
[0.554s] -- Up-to-date: /home/osansubuntumachine/ros2_ws/install/uuv_gazebo_ros_plugins_msgs/include/uuv_gazebo_ros_plugins_msgs
[0.554s] -- Up-to-date: /home/osansubuntumachine/ros2_ws/install/uuv_gazebo_ros_plugins_msgs/include/uuv_gazebo_ros_plugins_msgs/msg
[0.554s] -- Up-to-date: /home/osansubuntumachine/ros2_ws/install/uuv_gazebo_ros_plugins_msgs/include/uuv_gazebo_ros_plugins_msgs/msg/rosidl_typesupport_fastrtps_c__visibility_control.h
[0.554s] -- Up-to-date: /home/osansubuntumachine/ros2_ws/install/uuv_gazebo_ros_plugins_msgs/include/uuv_gazebo_ros_plugins_msgs/msg/detail
[0.554s] -- Up-to-date: /home/osansubuntumachine/ros2_ws/install/uuv_gazebo_ros_plugins_msgs/include/uuv_gazebo_ros_plugins_msgs/msg/detail/underwater_object_model__rosidl_typesupport_fastrtps_c.h
[0.554s] -- Up-to-date: /home/osansubuntumachine/ros2_ws/install/uuv_gazebo_ros_plugins_msgs/include/uuv_gazebo_ros_plugins_msgs/msg/detail/float_stamped__rosidl_typesupport_fastrtps_c.h
[0.554s] -- Up-to-date: /home/osansubuntumachine/ros2_ws/install/uuv_gazebo_ros_plugins_msgs/include/uuv_gazebo_ros_plugins_msgs/msg/detail/thruster_conversion_fcn__rosidl_typesupport_fastrtps_c.h
[0.554s] -- Up-to-date: /home/osansubuntumachine/ros2_ws/install/uuv_gazebo_ros_plugins_msgs/include/uuv_gazebo_ros_plugins_msgs/srv
[0.554s] -- Up-to-date: /home/osansubuntumachine/ros2_ws/install/uuv_gazebo_ros_plugins_msgs/include/uuv_gazebo_ros_plugins_msgs/srv/detail
[0.554s] -- Up-to-date: /home/osansubuntumachine/ros2_ws/install/uuv_gazebo_ros_plugins_msgs/include/uuv_gazebo_ros_plugins_msgs/srv/detail/set_thruster_efficiency__rosidl_typesupport_fastrtps_c.h
[0.554s] -- Up-to-date: /home/osansubuntumachine/ros2_ws/install/uuv_gazebo_ros_plugins_msgs/include/uuv_gazebo_ros_plugins_msgs/srv/detail/get_model_properties__rosidl_typesupport_fastrtps_c.h
[0.555s] -- Up-to-date: /home/osansubuntumachine/ros2_ws/install/uuv_gazebo_ros_plugins_msgs/include/uuv_gazebo_ros_plugins_msgs/srv/detail/get_thruster_state__rosidl_typesupport_fastrtps_c.h
[0.555s] -- Up-to-date: /home/osansubuntumachine/ros2_ws/install/uuv_gazebo_ros_plugins_msgs/include/uuv_gazebo_ros_plugins_msgs/srv/detail/get_thruster_efficiency__rosidl_typesupport_fastrtps_c.h
[0.555s] -- Up-to-date: /home/osansubuntumachine/ros2_ws/install/uuv_gazebo_ros_plugins_msgs/include/uuv_gazebo_ros_plugins_msgs/srv/detail/set_float__rosidl_typesupport_fastrtps_c.h
[0.555s] -- Up-to-date: /home/osansubuntumachine/ros2_ws/install/uuv_gazebo_ros_plugins_msgs/include/uuv_gazebo_ros_plugins_msgs/srv/detail/get_thruster_conversion_fcn__rosidl_typesupport_fastrtps_c.h
[0.555s] -- Up-to-date: /home/osansubuntumachine/ros2_ws/install/uuv_gazebo_ros_plugins_msgs/include/uuv_gazebo_ros_plugins_msgs/srv/detail/set_thruster_state__rosidl_typesupport_fastrtps_c.h
[0.555s] -- Up-to-date: /home/osansubuntumachine/ros2_ws/install/uuv_gazebo_ros_plugins_msgs/include/uuv_gazebo_ros_plugins_msgs/srv/detail/set_use_global_current_vel__rosidl_typesupport_fastrtps_c.h
[0.555s] -- Up-to-date: /home/osansubuntumachine/ros2_ws/install/uuv_gazebo_ros_plugins_msgs/include/uuv_gazebo_ros_plugins_msgs/srv/detail/get_float__rosidl_typesupport_fastrtps_c.h
[0.555s] -- Up-to-date: /home/osansubuntumachine/ros2_ws/install/uuv_gazebo_ros_plugins_msgs/include/uuv_gazebo_ros_plugins_msgs/srv/detail/get_list_param__rosidl_typesupport_fastrtps_c.h
[0.555s] -- Up-to-date: /home/osansubuntumachine/ros2_ws/install/uuv_gazebo_ros_plugins_msgs/lib/libuuv_gazebo_ros_plugins_msgs__rosidl_typesupport_fastrtps_c.so
[0.558s] -- Up-to-date: /home/osansubuntumachine/ros2_ws/install/uuv_gazebo_ros_plugins_msgs/include/uuv_gazebo_ros_plugins_msgs
[0.562s] -- Up-to-date: /home/osansubuntumachine/ros2_ws/install/uuv_gazebo_ros_plugins_msgs/include/uuv_gazebo_ros_plugins_msgs/msg
[0.562s] -- Up-to-date: /home/osansubuntumachine/ros2_ws/install/uuv_gazebo_ros_plugins_msgs/include/uuv_gazebo_ros_plugins_msgs/msg/rosidl_typesupport_fastrtps_cpp__visibility_control.h
[0.562s] -- Up-to-date: /home/osansubuntumachine/ros2_ws/install/uuv_gazebo_ros_plugins_msgs/include/uuv_gazebo_ros_plugins_msgs/msg/detail
[0.562s] -- Up-to-date: /home/osansubuntumachine/ros2_ws/install/uuv_gazebo_ros_plugins_msgs/include/uuv_gazebo_ros_plugins_msgs/msg/detail/float_stamped__rosidl_typesupport_fastrtps_cpp.hpp
[0.562s] -- Up-to-date: /home/osansubuntumachine/ros2_ws/install/uuv_gazebo_ros_plugins_msgs/include/uuv_gazebo_ros_plugins_msgs/msg/detail/underwater_object_model__rosidl_typesupport_fastrtps_cpp.hpp
[0.562s] -- Up-to-date: /home/osansubuntumachine/ros2_ws/install/uuv_gazebo_ros_plugins_msgs/include/uuv_gazebo_ros_plugins_msgs/msg/detail/dds_fastrtps
[0.562s] -- Up-to-date: /home/osansubuntumachine/ros2_ws/install/uuv_gazebo_ros_plugins_msgs/include/uuv_gazebo_ros_plugins_msgs/msg/detail/thruster_conversion_fcn__rosidl_typesupport_fastrtps_cpp.hpp
[0.562s] -- Up-to-date: /home/osansubuntumachine/ros2_ws/install/uuv_gazebo_ros_plugins_msgs/include/uuv_gazebo_ros_plugins_msgs/srv
[0.562s] -- Up-to-date: /home/osansubuntumachine/ros2_ws/install/uuv_gazebo_ros_plugins_msgs/include/uuv_gazebo_ros_plugins_msgs/srv/detail
[0.562s] -- Up-to-date: /home/osansubuntumachine/ros2_ws/install/uuv_gazebo_ros_plugins_msgs/include/uuv_gazebo_ros_plugins_msgs/srv/detail/get_list_param__rosidl_typesupport_fastrtps_cpp.hpp
[0.562s] -- Up-to-date: /home/osansubuntumachine/ros2_ws/install/uuv_gazebo_ros_plugins_msgs/include/uuv_gazebo_ros_plugins_msgs/srv/detail/get_thruster_conversion_fcn__rosidl_typesupport_fastrtps_cpp.hpp
[0.563s] -- Up-to-date: /home/osansubuntumachine/ros2_ws/install/uuv_gazebo_ros_plugins_msgs/include/uuv_gazebo_ros_plugins_msgs/srv/detail/set_float__rosidl_typesupport_fastrtps_cpp.hpp
[0.563s] -- Up-to-date: /home/osansubuntumachine/ros2_ws/install/uuv_gazebo_ros_plugins_msgs/include/uuv_gazebo_ros_plugins_msgs/srv/detail/set_thruster_state__rosidl_typesupport_fastrtps_cpp.hpp
[0.563s] -- Up-to-date: /home/osansubuntumachine/ros2_ws/install/uuv_gazebo_ros_plugins_msgs/include/uuv_gazebo_ros_plugins_msgs/srv/detail/get_model_properties__rosidl_typesupport_fastrtps_cpp.hpp
[0.564s] -- Up-to-date: /home/osansubuntumachine/ros2_ws/install/uuv_gazebo_ros_plugins_msgs/include/uuv_gazebo_ros_plugins_msgs/srv/detail/get_float__rosidl_typesupport_fastrtps_cpp.hpp
[0.564s] -- Up-to-date: /home/osansubuntumachine/ros2_ws/install/uuv_gazebo_ros_plugins_msgs/include/uuv_gazebo_ros_plugins_msgs/srv/detail/get_thruster_efficiency__rosidl_typesupport_fastrtps_cpp.hpp
[0.564s] -- Up-to-date: /home/osansubuntumachine/ros2_ws/install/uuv_gazebo_ros_plugins_msgs/include/uuv_gazebo_ros_plugins_msgs/srv/detail/get_thruster_state__rosidl_typesupport_fastrtps_cpp.hpp
[0.564s] -- Up-to-date: /home/osansubuntumachine/ros2_ws/install/uuv_gazebo_ros_plugins_msgs/include/uuv_gazebo_ros_plugins_msgs/srv/detail/set_thruster_efficiency__rosidl_typesupport_fastrtps_cpp.hpp
[0.564s] -- Up-to-date: /home/osansubuntumachine/ros2_ws/install/uuv_gazebo_ros_plugins_msgs/include/uuv_gazebo_ros_plugins_msgs/srv/detail/dds_fastrtps
[0.564s] -- Up-to-date: /home/osansubuntumachine/ros2_ws/install/uuv_gazebo_ros_plugins_msgs/include/uuv_gazebo_ros_plugins_msgs/srv/detail/set_use_global_current_vel__rosidl_typesupport_fastrtps_cpp.hpp
[0.564s] -- Up-to-date: /home/osansubuntumachine/ros2_ws/install/uuv_gazebo_ros_plugins_msgs/lib/libuuv_gazebo_ros_plugins_msgs__rosidl_typesupport_fastrtps_cpp.so
[0.564s] -- Up-to-date: /home/osansubuntumachine/ros2_ws/install/uuv_gazebo_ros_plugins_msgs/include/uuv_gazebo_ros_plugins_msgs
[0.564s] -- Up-to-date: /home/osansubuntumachine/ros2_ws/install/uuv_gazebo_ros_plugins_msgs/include/uuv_gazebo_ros_plugins_msgs/msg
[0.565s] -- Up-to-date: /home/osansubuntumachine/ros2_ws/install/uuv_gazebo_ros_plugins_msgs/include/uuv_gazebo_ros_plugins_msgs/msg/rosidl_typesupport_introspection_c__visibility_control.h
[0.565s] -- Up-to-date: /home/osansubuntumachine/ros2_ws/install/uuv_gazebo_ros_plugins_msgs/include/uuv_gazebo_ros_plugins_msgs/msg/detail
[0.565s] -- Up-to-date: /home/osansubuntumachine/ros2_ws/install/uuv_gazebo_ros_plugins_msgs/include/uuv_gazebo_ros_plugins_msgs/msg/detail/thruster_conversion_fcn__rosidl_typesupport_introspection_c.h
[0.565s] -- Up-to-date: /home/osansubuntumachine/ros2_ws/install/uuv_gazebo_ros_plugins_msgs/include/uuv_gazebo_ros_plugins_msgs/msg/detail/underwater_object_model__type_support.c
[0.565s] -- Up-to-date: /home/osansubuntumachine/ros2_ws/install/uuv_gazebo_ros_plugins_msgs/include/uuv_gazebo_ros_plugins_msgs/msg/detail/float_stamped__type_support.c
[0.565s] -- Up-to-date: /home/osansubuntumachine/ros2_ws/install/uuv_gazebo_ros_plugins_msgs/include/uuv_gazebo_ros_plugins_msgs/msg/detail/float_stamped__rosidl_typesupport_introspection_c.h
[0.565s] -- Up-to-date: /home/osansubuntumachine/ros2_ws/install/uuv_gazebo_ros_plugins_msgs/include/uuv_gazebo_ros_plugins_msgs/msg/detail/underwater_object_model__rosidl_typesupport_introspection_c.h
[0.566s] -- Up-to-date: /home/osansubuntumachine/ros2_ws/install/uuv_gazebo_ros_plugins_msgs/include/uuv_gazebo_ros_plugins_msgs/msg/detail/thruster_conversion_fcn__type_support.c
[0.566s] -- Up-to-date: /home/osansubuntumachine/ros2_ws/install/uuv_gazebo_ros_plugins_msgs/include/uuv_gazebo_ros_plugins_msgs/srv
[0.566s] -- Up-to-date: /home/osansubuntumachine/ros2_ws/install/uuv_gazebo_ros_plugins_msgs/include/uuv_gazebo_ros_plugins_msgs/srv/detail
[0.566s] -- Up-to-date: /home/osansubuntumachine/ros2_ws/install/uuv_gazebo_ros_plugins_msgs/include/uuv_gazebo_ros_plugins_msgs/srv/detail/get_float__type_support.c
[0.566s] -- Up-to-date: /home/osansubuntumachine/ros2_ws/install/uuv_gazebo_ros_plugins_msgs/include/uuv_gazebo_ros_plugins_msgs/srv/detail/set_thruster_state__type_support.c
[0.567s] -- Up-to-date: /home/osansubuntumachine/ros2_ws/install/uuv_gazebo_ros_plugins_msgs/include/uuv_gazebo_ros_plugins_msgs/srv/detail/get_thruster_state__type_support.c
[0.567s] -- Up-to-date: /home/osansubuntumachine/ros2_ws/install/uuv_gazebo_ros_plugins_msgs/include/uuv_gazebo_ros_plugins_msgs/srv/detail/get_thruster_state__rosidl_typesupport_introspection_c.h
[0.567s] -- Up-to-date: /home/osansubuntumachine/ros2_ws/install/uuv_gazebo_ros_plugins_msgs/include/uuv_gazebo_ros_plugins_msgs/srv/detail/get_model_properties__rosidl_typesupport_introspection_c.h
[0.567s] -- Up-to-date: /home/osansubuntumachine/ros2_ws/install/uuv_gazebo_ros_plugins_msgs/include/uuv_gazebo_ros_plugins_msgs/srv/detail/set_float__type_support.c
[0.568s] -- Up-to-date: /home/osansubuntumachine/ros2_ws/install/uuv_gazebo_ros_plugins_msgs/include/uuv_gazebo_ros_plugins_msgs/srv/detail/set_use_global_current_vel__rosidl_typesupport_introspection_c.h
[0.568s] -- Up-to-date: /home/osansubuntumachine/ros2_ws/install/uuv_gazebo_ros_plugins_msgs/include/uuv_gazebo_ros_plugins_msgs/srv/detail/set_thruster_efficiency__rosidl_typesupport_introspection_c.h
[0.568s] -- Up-to-date: /home/osansubuntumachine/ros2_ws/install/uuv_gazebo_ros_plugins_msgs/include/uuv_gazebo_ros_plugins_msgs/srv/detail/set_thruster_state__rosidl_typesupport_introspection_c.h
[0.568s] -- Up-to-date: /home/osansubuntumachine/ros2_ws/install/uuv_gazebo_ros_plugins_msgs/include/uuv_gazebo_ros_plugins_msgs/srv/detail/get_model_properties__type_support.c
[0.568s] -- Up-to-date: /home/osansubuntumachine/ros2_ws/install/uuv_gazebo_ros_plugins_msgs/include/uuv_gazebo_ros_plugins_msgs/srv/detail/get_thruster_conversion_fcn__rosidl_typesupport_introspection_c.h
[0.568s] -- Up-to-date: /home/osansubuntumachine/ros2_ws/install/uuv_gazebo_ros_plugins_msgs/include/uuv_gazebo_ros_plugins_msgs/srv/detail/get_thruster_conversion_fcn__type_support.c
[0.568s] -- Up-to-date: /home/osansubuntumachine/ros2_ws/install/uuv_gazebo_ros_plugins_msgs/include/uuv_gazebo_ros_plugins_msgs/srv/detail/set_float__rosidl_typesupport_introspection_c.h
[0.568s] -- Up-to-date: /home/osansubuntumachine/ros2_ws/install/uuv_gazebo_ros_plugins_msgs/include/uuv_gazebo_ros_plugins_msgs/srv/detail/get_list_param__rosidl_typesupport_introspection_c.h
[0.568s] -- Up-to-date: /home/osansubuntumachine/ros2_ws/install/uuv_gazebo_ros_plugins_msgs/include/uuv_gazebo_ros_plugins_msgs/srv/detail/set_use_global_current_vel__type_support.c
[0.569s] -- Up-to-date: /home/osansubuntumachine/ros2_ws/install/uuv_gazebo_ros_plugins_msgs/include/uuv_gazebo_ros_plugins_msgs/srv/detail/get_thruster_efficiency__type_support.c
[0.569s] -- Up-to-date: /home/osansubuntumachine/ros2_ws/install/uuv_gazebo_ros_plugins_msgs/include/uuv_gazebo_ros_plugins_msgs/srv/detail/get_float__rosidl_typesupport_introspection_c.h
[0.569s] -- Up-to-date: /home/osansubuntumachine/ros2_ws/install/uuv_gazebo_ros_plugins_msgs/include/uuv_gazebo_ros_plugins_msgs/srv/detail/set_thruster_efficiency__type_support.c
[0.569s] -- Up-to-date: /home/osansubuntumachine/ros2_ws/install/uuv_gazebo_ros_plugins_msgs/include/uuv_gazebo_ros_plugins_msgs/srv/detail/get_thruster_efficiency__rosidl_typesupport_introspection_c.h
[0.569s] -- Up-to-date: /home/osansubuntumachine/ros2_ws/install/uuv_gazebo_ros_plugins_msgs/include/uuv_gazebo_ros_plugins_msgs/srv/detail/get_list_param__type_support.c
[0.569s] -- Up-to-date: /home/osansubuntumachine/ros2_ws/install/uuv_gazebo_ros_plugins_msgs/lib/libuuv_gazebo_ros_plugins_msgs__rosidl_typesupport_introspection_c.so
[0.570s] -- Up-to-date: /home/osansubuntumachine/ros2_ws/install/uuv_gazebo_ros_plugins_msgs/lib/libuuv_gazebo_ros_plugins_msgs__rosidl_typesupport_c.so
[0.571s] -- Up-to-date: /home/osansubuntumachine/ros2_ws/install/uuv_gazebo_ros_plugins_msgs/include/uuv_gazebo_ros_plugins_msgs
[0.571s] -- Up-to-date: /home/osansubuntumachine/ros2_ws/install/uuv_gazebo_ros_plugins_msgs/include/uuv_gazebo_ros_plugins_msgs/msg
[0.571s] -- Up-to-date: /home/osansubuntumachine/ros2_ws/install/uuv_gazebo_ros_plugins_msgs/include/uuv_gazebo_ros_plugins_msgs/msg/float_stamped.hpp
[0.571s] -- Up-to-date: /home/osansubuntumachine/ros2_ws/install/uuv_gazebo_ros_plugins_msgs/include/uuv_gazebo_ros_plugins_msgs/msg/thruster_conversion_fcn.hpp
[0.571s] -- Up-to-date: /home/osansubuntumachine/ros2_ws/install/uuv_gazebo_ros_plugins_msgs/include/uuv_gazebo_ros_plugins_msgs/msg/rosidl_generator_cpp__visibility_control.hpp
[0.571s] -- Up-to-date: /home/osansubuntumachine/ros2_ws/install/uuv_gazebo_ros_plugins_msgs/include/uuv_gazebo_ros_plugins_msgs/msg/underwater_object_model.hpp
[0.571s] -- Up-to-date: /home/osansubuntumachine/ros2_ws/install/uuv_gazebo_ros_plugins_msgs/include/uuv_gazebo_ros_plugins_msgs/msg/detail
[0.572s] -- Up-to-date: /home/osansubuntumachine/ros2_ws/install/uuv_gazebo_ros_plugins_msgs/include/uuv_gazebo_ros_plugins_msgs/msg/detail/float_stamped__builder.hpp
[0.572s] -- Up-to-date: /home/osansubuntumachine/ros2_ws/install/uuv_gazebo_ros_plugins_msgs/include/uuv_gazebo_ros_plugins_msgs/msg/detail/thruster_conversion_fcn__traits.hpp
[0.572s] -- Up-to-date: /home/osansubuntumachine/ros2_ws/install/uuv_gazebo_ros_plugins_msgs/include/uuv_gazebo_ros_plugins_msgs/msg/detail/float_stamped__traits.hpp
[0.572s] -- Up-to-date: /home/osansubuntumachine/ros2_ws/install/uuv_gazebo_ros_plugins_msgs/include/uuv_gazebo_ros_plugins_msgs/msg/detail/underwater_object_model__traits.hpp
[0.572s] -- Up-to-date: /home/osansubuntumachine/ros2_ws/install/uuv_gazebo_ros_plugins_msgs/include/uuv_gazebo_ros_plugins_msgs/msg/detail/thruster_conversion_fcn__type_support.hpp
[0.572s] -- Up-to-date: /home/osansubuntumachine/ros2_ws/install/uuv_gazebo_ros_plugins_msgs/include/uuv_gazebo_ros_plugins_msgs/msg/detail/underwater_object_model__type_support.hpp
[0.572s] -- Up-to-date: /home/osansubuntumachine/ros2_ws/install/uuv_gazebo_ros_plugins_msgs/include/uuv_gazebo_ros_plugins_msgs/msg/detail/underwater_object_model__builder.hpp
[0.573s] -- Up-to-date: /home/osansubuntumachine/ros2_ws/install/uuv_gazebo_ros_plugins_msgs/include/uuv_gazebo_ros_plugins_msgs/msg/detail/underwater_object_model__struct.hpp
[0.573s] -- Up-to-date: /home/osansubuntumachine/ros2_ws/install/uuv_gazebo_ros_plugins_msgs/include/uuv_gazebo_ros_plugins_msgs/msg/detail/thruster_conversion_fcn__struct.hpp
[0.573s] -- Up-to-date: /home/osansubuntumachine/ros2_ws/install/uuv_gazebo_ros_plugins_msgs/include/uuv_gazebo_ros_plugins_msgs/msg/detail/thruster_conversion_fcn__builder.hpp
[0.573s] -- Up-to-date: /home/osansubuntumachine/ros2_ws/install/uuv_gazebo_ros_plugins_msgs/include/uuv_gazebo_ros_plugins_msgs/msg/detail/float_stamped__struct.hpp
[0.573s] -- Up-to-date: /home/osansubuntumachine/ros2_ws/install/uuv_gazebo_ros_plugins_msgs/include/uuv_gazebo_ros_plugins_msgs/msg/detail/float_stamped__type_support.hpp
[0.573s] -- Up-to-date: /home/osansubuntumachine/ros2_ws/install/uuv_gazebo_ros_plugins_msgs/include/uuv_gazebo_ros_plugins_msgs/srv
[0.573s] -- Up-to-date: /home/osansubuntumachine/ros2_ws/install/uuv_gazebo_ros_plugins_msgs/include/uuv_gazebo_ros_plugins_msgs/srv/get_float.hpp
[0.573s] -- Up-to-date: /home/osansubuntumachine/ros2_ws/install/uuv_gazebo_ros_plugins_msgs/include/uuv_gazebo_ros_plugins_msgs/srv/get_model_properties.hpp
[0.573s] -- Up-to-date: /home/osansubuntumachine/ros2_ws/install/uuv_gazebo_ros_plugins_msgs/include/uuv_gazebo_ros_plugins_msgs/srv/get_thruster_state.hpp
[0.574s] -- Up-to-date: /home/osansubuntumachine/ros2_ws/install/uuv_gazebo_ros_plugins_msgs/include/uuv_gazebo_ros_plugins_msgs/srv/set_use_global_current_vel.hpp
[0.574s] -- Up-to-date: /home/osansubuntumachine/ros2_ws/install/uuv_gazebo_ros_plugins_msgs/include/uuv_gazebo_ros_plugins_msgs/srv/get_list_param.hpp
[0.574s] -- Up-to-date: /home/osansubuntumachine/ros2_ws/install/uuv_gazebo_ros_plugins_msgs/include/uuv_gazebo_ros_plugins_msgs/srv/get_thruster_conversion_fcn.hpp
[0.574s] -- Up-to-date: /home/osansubuntumachine/ros2_ws/install/uuv_gazebo_ros_plugins_msgs/include/uuv_gazebo_ros_plugins_msgs/srv/detail
[0.574s] -- Up-to-date: /home/osansubuntumachine/ros2_ws/install/uuv_gazebo_ros_plugins_msgs/include/uuv_gazebo_ros_plugins_msgs/srv/detail/get_thruster_conversion_fcn__struct.hpp
[0.577s] -- Up-to-date: /home/osansubuntumachine/ros2_ws/install/uuv_gazebo_ros_plugins_msgs/include/uuv_gazebo_ros_plugins_msgs/srv/detail/get_thruster_efficiency__struct.hpp
[0.577s] -- Up-to-date: /home/osansubuntumachine/ros2_ws/install/uuv_gazebo_ros_plugins_msgs/include/uuv_gazebo_ros_plugins_msgs/srv/detail/set_thruster_efficiency__type_support.hpp
[0.577s] -- Up-to-date: /home/osansubuntumachine/ros2_ws/install/uuv_gazebo_ros_plugins_msgs/include/uuv_gazebo_ros_plugins_msgs/srv/detail/get_list_param__struct.hpp
[0.577s] -- Up-to-date: /home/osansubuntumachine/ros2_ws/install/uuv_gazebo_ros_plugins_msgs/include/uuv_gazebo_ros_plugins_msgs/srv/detail/set_thruster_state__struct.hpp
[0.577s] -- Up-to-date: /home/osansubuntumachine/ros2_ws/install/uuv_gazebo_ros_plugins_msgs/include/uuv_gazebo_ros_plugins_msgs/srv/detail/set_float__struct.hpp
[0.578s] -- Up-to-date: /home/osansubuntumachine/ros2_ws/install/uuv_gazebo_ros_plugins_msgs/include/uuv_gazebo_ros_plugins_msgs/srv/detail/set_float__traits.hpp
[0.578s] -- Up-to-date: /home/osansubuntumachine/ros2_ws/install/uuv_gazebo_ros_plugins_msgs/include/uuv_gazebo_ros_plugins_msgs/srv/detail/get_thruster_state__type_support.hpp
[0.578s] -- Up-to-date: /home/osansubuntumachine/ros2_ws/install/uuv_gazebo_ros_plugins_msgs/include/uuv_gazebo_ros_plugins_msgs/srv/detail/set_float__builder.hpp
[0.578s] -- Up-to-date: /home/osansubuntumachine/ros2_ws/install/uuv_gazebo_ros_plugins_msgs/include/uuv_gazebo_ros_plugins_msgs/srv/detail/get_model_properties__builder.hpp
[0.578s] -- Up-to-date: /home/osansubuntumachine/ros2_ws/install/uuv_gazebo_ros_plugins_msgs/include/uuv_gazebo_ros_plugins_msgs/srv/detail/set_thruster_state__traits.hpp
[0.578s] -- Up-to-date: /home/osansubuntumachine/ros2_ws/install/uuv_gazebo_ros_plugins_msgs/include/uuv_gazebo_ros_plugins_msgs/srv/detail/get_model_properties__traits.hpp
[0.578s] -- Up-to-date: /home/osansubuntumachine/ros2_ws/install/uuv_gazebo_ros_plugins_msgs/include/uuv_gazebo_ros_plugins_msgs/srv/detail/set_thruster_efficiency__struct.hpp
[0.578s] -- Up-to-date: /home/osansubuntumachine/ros2_ws/install/uuv_gazebo_ros_plugins_msgs/include/uuv_gazebo_ros_plugins_msgs/srv/detail/get_thruster_efficiency__type_support.hpp
[0.578s] -- Up-to-date: /home/osansubuntumachine/ros2_ws/install/uuv_gazebo_ros_plugins_msgs/include/uuv_gazebo_ros_plugins_msgs/srv/detail/get_list_param__builder.hpp
[0.578s] -- Up-to-date: /home/osansubuntumachine/ros2_ws/install/uuv_gazebo_ros_plugins_msgs/include/uuv_gazebo_ros_plugins_msgs/srv/detail/get_thruster_conversion_fcn__traits.hpp
[0.578s] -- Up-to-date: /home/osansubuntumachine/ros2_ws/install/uuv_gazebo_ros_plugins_msgs/include/uuv_gazebo_ros_plugins_msgs/srv/detail/get_float__type_support.hpp
[0.578s] -- Up-to-date: /home/osansubuntumachine/ros2_ws/install/uuv_gazebo_ros_plugins_msgs/include/uuv_gazebo_ros_plugins_msgs/srv/detail/set_thruster_efficiency__traits.hpp
[0.578s] -- Up-to-date: /home/osansubuntumachine/ros2_ws/install/uuv_gazebo_ros_plugins_msgs/include/uuv_gazebo_ros_plugins_msgs/srv/detail/get_thruster_conversion_fcn__builder.hpp
[0.578s] -- Up-to-date: /home/osansubuntumachine/ros2_ws/install/uuv_gazebo_ros_plugins_msgs/include/uuv_gazebo_ros_plugins_msgs/srv/detail/get_thruster_state__builder.hpp
[0.578s] -- Up-to-date: /home/osansubuntumachine/ros2_ws/install/uuv_gazebo_ros_plugins_msgs/include/uuv_gazebo_ros_plugins_msgs/srv/detail/get_thruster_efficiency__traits.hpp
[0.578s] -- Up-to-date: /home/osansubuntumachine/ros2_ws/install/uuv_gazebo_ros_plugins_msgs/include/uuv_gazebo_ros_plugins_msgs/srv/detail/get_list_param__traits.hpp
[0.579s] -- Up-to-date: /home/osansubuntumachine/ros2_ws/install/uuv_gazebo_ros_plugins_msgs/include/uuv_gazebo_ros_plugins_msgs/srv/detail/set_use_global_current_vel__type_support.hpp
[0.579s] -- Up-to-date: /home/osansubuntumachine/ros2_ws/install/uuv_gazebo_ros_plugins_msgs/include/uuv_gazebo_ros_plugins_msgs/srv/detail/get_thruster_state__traits.hpp
[0.580s] -- Up-to-date: /home/osansubuntumachine/ros2_ws/install/uuv_gazebo_ros_plugins_msgs/include/uuv_gazebo_ros_plugins_msgs/srv/detail/set_thruster_state__type_support.hpp
[0.580s] -- Up-to-date: /home/osansubuntumachine/ros2_ws/install/uuv_gazebo_ros_plugins_msgs/include/uuv_gazebo_ros_plugins_msgs/srv/detail/get_thruster_efficiency__builder.hpp
[0.580s] -- Up-to-date: /home/osansubuntumachine/ros2_ws/install/uuv_gazebo_ros_plugins_msgs/include/uuv_gazebo_ros_plugins_msgs/srv/detail/get_thruster_conversion_fcn__type_support.hpp
[0.580s] -- Up-to-date: /home/osansubuntumachine/ros2_ws/install/uuv_gazebo_ros_plugins_msgs/include/uuv_gazebo_ros_plugins_msgs/srv/detail/set_float__type_support.hpp
[0.580s] -- Up-to-date: /home/osansubuntumachine/ros2_ws/install/uuv_gazebo_ros_plugins_msgs/include/uuv_gazebo_ros_plugins_msgs/srv/detail/set_thruster_efficiency__builder.hpp
[0.580s] -- Up-to-date: /home/osansubuntumachine/ros2_ws/install/uuv_gazebo_ros_plugins_msgs/include/uuv_gazebo_ros_plugins_msgs/srv/detail/get_model_properties__type_support.hpp
[0.581s] -- Up-to-date: /home/osansubuntumachine/ros2_ws/install/uuv_gazebo_ros_plugins_msgs/include/uuv_gazebo_ros_plugins_msgs/srv/detail/set_use_global_current_vel__traits.hpp
[0.581s] -- Up-to-date: /home/osansubuntumachine/ros2_ws/install/uuv_gazebo_ros_plugins_msgs/include/uuv_gazebo_ros_plugins_msgs/srv/detail/set_thruster_state__builder.hpp
[0.581s] -- Up-to-date: /home/osansubuntumachine/ros2_ws/install/uuv_gazebo_ros_plugins_msgs/include/uuv_gazebo_ros_plugins_msgs/srv/detail/get_float__builder.hpp
[0.581s] -- Up-to-date: /home/osansubuntumachine/ros2_ws/install/uuv_gazebo_ros_plugins_msgs/include/uuv_gazebo_ros_plugins_msgs/srv/detail/set_use_global_current_vel__builder.hpp
[0.581s] -- Up-to-date: /home/osansubuntumachine/ros2_ws/install/uuv_gazebo_ros_plugins_msgs/include/uuv_gazebo_ros_plugins_msgs/srv/detail/set_use_global_current_vel__struct.hpp
[0.581s] -- Up-to-date: /home/osansubuntumachine/ros2_ws/install/uuv_gazebo_ros_plugins_msgs/include/uuv_gazebo_ros_plugins_msgs/srv/detail/get_thruster_state__struct.hpp
[0.581s] -- Up-to-date: /home/osansubuntumachine/ros2_ws/install/uuv_gazebo_ros_plugins_msgs/include/uuv_gazebo_ros_plugins_msgs/srv/detail/get_model_properties__struct.hpp
[0.582s] -- Up-to-date: /home/osansubuntumachine/ros2_ws/install/uuv_gazebo_ros_plugins_msgs/include/uuv_gazebo_ros_plugins_msgs/srv/detail/get_float__traits.hpp
[0.582s] -- Up-to-date: /home/osansubuntumachine/ros2_ws/install/uuv_gazebo_ros_plugins_msgs/include/uuv_gazebo_ros_plugins_msgs/srv/detail/get_float__struct.hpp
[0.582s] -- Up-to-date: /home/osansubuntumachine/ros2_ws/install/uuv_gazebo_ros_plugins_msgs/include/uuv_gazebo_ros_plugins_msgs/srv/detail/get_list_param__type_support.hpp
[0.582s] -- Up-to-date: /home/osansubuntumachine/ros2_ws/install/uuv_gazebo_ros_plugins_msgs/include/uuv_gazebo_ros_plugins_msgs/srv/set_thruster_efficiency.hpp
[0.582s] -- Up-to-date: /home/osansubuntumachine/ros2_ws/install/uuv_gazebo_ros_plugins_msgs/include/uuv_gazebo_ros_plugins_msgs/srv/set_thruster_state.hpp
[0.582s] -- Up-to-date: /home/osansubuntumachine/ros2_ws/install/uuv_gazebo_ros_plugins_msgs/include/uuv_gazebo_ros_plugins_msgs/srv/get_thruster_efficiency.hpp
[0.582s] -- Up-to-date: /home/osansubuntumachine/ros2_ws/install/uuv_gazebo_ros_plugins_msgs/include/uuv_gazebo_ros_plugins_msgs/srv/set_float.hpp
[0.582s] -- Up-to-date: /home/osansubuntumachine/ros2_ws/install/uuv_gazebo_ros_plugins_msgs/include/uuv_gazebo_ros_plugins_msgs
[0.582s] -- Up-to-date: /home/osansubuntumachine/ros2_ws/install/uuv_gazebo_ros_plugins_msgs/include/uuv_gazebo_ros_plugins_msgs/msg
[0.582s] -- Up-to-date: /home/osansubuntumachine/ros2_ws/install/uuv_gazebo_ros_plugins_msgs/include/uuv_gazebo_ros_plugins_msgs/msg/detail
[0.582s] -- Up-to-date: /home/osansubuntumachine/ros2_ws/install/uuv_gazebo_ros_plugins_msgs/include/uuv_gazebo_ros_plugins_msgs/msg/detail/underwater_object_model__rosidl_typesupport_introspection_cpp.hpp
[0.582s] -- Up-to-date: /home/osansubuntumachine/ros2_ws/install/uuv_gazebo_ros_plugins_msgs/include/uuv_gazebo_ros_plugins_msgs/msg/detail/float_stamped__type_support.cpp
[0.582s] -- Up-to-date: /home/osansubuntumachine/ros2_ws/install/uuv_gazebo_ros_plugins_msgs/include/uuv_gazebo_ros_plugins_msgs/msg/detail/underwater_object_model__type_support.cpp
[0.582s] -- Up-to-date: /home/osansubuntumachine/ros2_ws/install/uuv_gazebo_ros_plugins_msgs/include/uuv_gazebo_ros_plugins_msgs/msg/detail/thruster_conversion_fcn__type_support.cpp
[0.582s] -- Up-to-date: /home/osansubuntumachine/ros2_ws/install/uuv_gazebo_ros_plugins_msgs/include/uuv_gazebo_ros_plugins_msgs/msg/detail/float_stamped__rosidl_typesupport_introspection_cpp.hpp
[0.582s] -- Up-to-date: /home/osansubuntumachine/ros2_ws/install/uuv_gazebo_ros_plugins_msgs/include/uuv_gazebo_ros_plugins_msgs/msg/detail/thruster_conversion_fcn__rosidl_typesupport_introspection_cpp.hpp
[0.582s] -- Up-to-date: /home/osansubuntumachine/ros2_ws/install/uuv_gazebo_ros_plugins_msgs/include/uuv_gazebo_ros_plugins_msgs/srv
[0.583s] -- Up-to-date: /home/osansubuntumachine/ros2_ws/install/uuv_gazebo_ros_plugins_msgs/include/uuv_gazebo_ros_plugins_msgs/srv/detail
[0.583s] -- Up-to-date: /home/osansubuntumachine/ros2_ws/install/uuv_gazebo_ros_plugins_msgs/include/uuv_gazebo_ros_plugins_msgs/srv/detail/get_float__type_support.cpp
[0.583s] -- Up-to-date: /home/osansubuntumachine/ros2_ws/install/uuv_gazebo_ros_plugins_msgs/include/uuv_gazebo_ros_plugins_msgs/srv/detail/get_model_properties__rosidl_typesupport_introspection_cpp.hpp
[0.583s] -- Up-to-date: /home/osansubuntumachine/ros2_ws/install/uuv_gazebo_ros_plugins_msgs/include/uuv_gazebo_ros_plugins_msgs/srv/detail/get_thruster_state__rosidl_typesupport_introspection_cpp.hpp
[0.583s] -- Up-to-date: /home/osansubuntumachine/ros2_ws/install/uuv_gazebo_ros_plugins_msgs/include/uuv_gazebo_ros_plugins_msgs/srv/detail/get_list_param__type_support.cpp
[0.583s] -- Up-to-date: /home/osansubuntumachine/ros2_ws/install/uuv_gazebo_ros_plugins_msgs/include/uuv_gazebo_ros_plugins_msgs/srv/detail/set_thruster_state__type_support.cpp
[0.583s] -- Up-to-date: /home/osansubuntumachine/ros2_ws/install/uuv_gazebo_ros_plugins_msgs/include/uuv_gazebo_ros_plugins_msgs/srv/detail/set_thruster_efficiency__rosidl_typesupport_introspection_cpp.hpp
[0.584s] -- Up-to-date: /home/osansubuntumachine/ros2_ws/install/uuv_gazebo_ros_plugins_msgs/include/uuv_gazebo_ros_plugins_msgs/srv/detail/get_thruster_state__type_support.cpp
[0.584s] -- Up-to-date: /home/osansubuntumachine/ros2_ws/install/uuv_gazebo_ros_plugins_msgs/include/uuv_gazebo_ros_plugins_msgs/srv/detail/set_use_global_current_vel__type_support.cpp
[0.584s] -- Up-to-date: /home/osansubuntumachine/ros2_ws/install/uuv_gazebo_ros_plugins_msgs/include/uuv_gazebo_ros_plugins_msgs/srv/detail/get_list_param__rosidl_typesupport_introspection_cpp.hpp
[0.584s] -- Up-to-date: /home/osansubuntumachine/ros2_ws/install/uuv_gazebo_ros_plugins_msgs/include/uuv_gazebo_ros_plugins_msgs/srv/detail/get_model_properties__type_support.cpp
[0.584s] -- Up-to-date: /home/osansubuntumachine/ros2_ws/install/uuv_gazebo_ros_plugins_msgs/include/uuv_gazebo_ros_plugins_msgs/srv/detail/get_thruster_conversion_fcn__type_support.cpp
[0.584s] -- Up-to-date: /home/osansubuntumachine/ros2_ws/install/uuv_gazebo_ros_plugins_msgs/include/uuv_gazebo_ros_plugins_msgs/srv/detail/set_float__type_support.cpp
[0.584s] -- Up-to-date: /home/osansubuntumachine/ros2_ws/install/uuv_gazebo_ros_plugins_msgs/include/uuv_gazebo_ros_plugins_msgs/srv/detail/set_thruster_efficiency__type_support.cpp
[0.585s] -- Up-to-date: /home/osansubuntumachine/ros2_ws/install/uuv_gazebo_ros_plugins_msgs/include/uuv_gazebo_ros_plugins_msgs/srv/detail/get_thruster_efficiency__rosidl_typesupport_introspection_cpp.hpp
[0.585s] -- Up-to-date: /home/osansubuntumachine/ros2_ws/install/uuv_gazebo_ros_plugins_msgs/include/uuv_gazebo_ros_plugins_msgs/srv/detail/get_float__rosidl_typesupport_introspection_cpp.hpp
[0.585s] -- Up-to-date: /home/osansubuntumachine/ros2_ws/install/uuv_gazebo_ros_plugins_msgs/include/uuv_gazebo_ros_plugins_msgs/srv/detail/get_thruster_efficiency__type_support.cpp
[0.585s] -- Up-to-date: /home/osansubuntumachine/ros2_ws/install/uuv_gazebo_ros_plugins_msgs/include/uuv_gazebo_ros_plugins_msgs/srv/detail/set_use_global_current_vel__rosidl_typesupport_introspection_cpp.hpp
[0.585s] -- Up-to-date: /home/osansubuntumachine/ros2_ws/install/uuv_gazebo_ros_plugins_msgs/include/uuv_gazebo_ros_plugins_msgs/srv/detail/set_thruster_state__rosidl_typesupport_introspection_cpp.hpp
[0.585s] -- Up-to-date: /home/osansubuntumachine/ros2_ws/install/uuv_gazebo_ros_plugins_msgs/include/uuv_gazebo_ros_plugins_msgs/srv/detail/set_float__rosidl_typesupport_introspection_cpp.hpp
[0.585s] -- Up-to-date: /home/osansubuntumachine/ros2_ws/install/uuv_gazebo_ros_plugins_msgs/include/uuv_gazebo_ros_plugins_msgs/srv/detail/get_thruster_conversion_fcn__rosidl_typesupport_introspection_cpp.hpp
[0.586s] -- Up-to-date: /home/osansubuntumachine/ros2_ws/install/uuv_gazebo_ros_plugins_msgs/lib/libuuv_gazebo_ros_plugins_msgs__rosidl_typesupport_introspection_cpp.so
[0.586s] -- Up-to-date: /home/osansubuntumachine/ros2_ws/install/uuv_gazebo_ros_plugins_msgs/lib/libuuv_gazebo_ros_plugins_msgs__rosidl_typesupport_cpp.so
[0.587s] -- Up-to-date: /home/osansubuntumachine/ros2_ws/install/uuv_gazebo_ros_plugins_msgs/share/uuv_gazebo_ros_plugins_msgs/environment/pythonpath.sh
[0.587s] -- Up-to-date: /home/osansubuntumachine/ros2_ws/install/uuv_gazebo_ros_plugins_msgs/share/uuv_gazebo_ros_plugins_msgs/environment/pythonpath.dsv
[0.587s] -- Up-to-date: /home/osansubuntumachine/ros2_ws/install/uuv_gazebo_ros_plugins_msgs/lib/python3.8/site-packages/uuv_gazebo_ros_plugins_msgs/__init__.py
[0.624s] -- Up-to-date: /home/osansubuntumachine/ros2_ws/install/uuv_gazebo_ros_plugins_msgs/lib/python3.8/site-packages/uuv_gazebo_ros_plugins_msgs/msg
[0.628s] -- Up-to-date: /home/osansubuntumachine/ros2_ws/install/uuv_gazebo_ros_plugins_msgs/lib/python3.8/site-packages/uuv_gazebo_ros_plugins_msgs/msg/_underwater_object_model.py
[0.629s] -- Up-to-date: /home/osansubuntumachine/ros2_ws/install/uuv_gazebo_ros_plugins_msgs/lib/python3.8/site-packages/uuv_gazebo_ros_plugins_msgs/msg/__init__.py
[0.629s] -- Up-to-date: /home/osansubuntumachine/ros2_ws/install/uuv_gazebo_ros_plugins_msgs/lib/python3.8/site-packages/uuv_gazebo_ros_plugins_msgs/msg/_float_stamped_s.c
[0.629s] -- Up-to-date: /home/osansubuntumachine/ros2_ws/install/uuv_gazebo_ros_plugins_msgs/lib/python3.8/site-packages/uuv_gazebo_ros_plugins_msgs/msg/_underwater_object_model_s.c
[0.629s] -- Up-to-date: /home/osansubuntumachine/ros2_ws/install/uuv_gazebo_ros_plugins_msgs/lib/python3.8/site-packages/uuv_gazebo_ros_plugins_msgs/msg/_thruster_conversion_fcn_s.c
[0.629s] -- Up-to-date: /home/osansubuntumachine/ros2_ws/install/uuv_gazebo_ros_plugins_msgs/lib/python3.8/site-packages/uuv_gazebo_ros_plugins_msgs/msg/_thruster_conversion_fcn.py
[0.629s] -- Up-to-date: /home/osansubuntumachine/ros2_ws/install/uuv_gazebo_ros_plugins_msgs/lib/python3.8/site-packages/uuv_gazebo_ros_plugins_msgs/msg/_float_stamped.py
[0.629s] -- Up-to-date: /home/osansubuntumachine/ros2_ws/install/uuv_gazebo_ros_plugins_msgs/lib/python3.8/site-packages/uuv_gazebo_ros_plugins_msgs/srv
[0.629s] -- Up-to-date: /home/osansubuntumachine/ros2_ws/install/uuv_gazebo_ros_plugins_msgs/lib/python3.8/site-packages/uuv_gazebo_ros_plugins_msgs/srv/_get_float_s.c
[0.629s] -- Up-to-date: /home/osansubuntumachine/ros2_ws/install/uuv_gazebo_ros_plugins_msgs/lib/python3.8/site-packages/uuv_gazebo_ros_plugins_msgs/srv/_get_model_properties.py
[0.629s] -- Up-to-date: /home/osansubuntumachine/ros2_ws/install/uuv_gazebo_ros_plugins_msgs/lib/python3.8/site-packages/uuv_gazebo_ros_plugins_msgs/srv/_set_thruster_state_s.c
[0.629s] -- Up-to-date: /home/osansubuntumachine/ros2_ws/install/uuv_gazebo_ros_plugins_msgs/lib/python3.8/site-packages/uuv_gazebo_ros_plugins_msgs/srv/_set_use_global_current_vel_s.c
[0.629s] -- Up-to-date: /home/osansubuntumachine/ros2_ws/install/uuv_gazebo_ros_plugins_msgs/lib/python3.8/site-packages/uuv_gazebo_ros_plugins_msgs/srv/_set_float_s.c
[0.629s] -- Up-to-date: /home/osansubuntumachine/ros2_ws/install/uuv_gazebo_ros_plugins_msgs/lib/python3.8/site-packages/uuv_gazebo_ros_plugins_msgs/srv/_get_list_param.py
[0.629s] -- Up-to-date: /home/osansubuntumachine/ros2_ws/install/uuv_gazebo_ros_plugins_msgs/lib/python3.8/site-packages/uuv_gazebo_ros_plugins_msgs/srv/_get_model_properties_s.c
[0.629s] -- Up-to-date: /home/osansubuntumachine/ros2_ws/install/uuv_gazebo_ros_plugins_msgs/lib/python3.8/site-packages/uuv_gazebo_ros_plugins_msgs/srv/_set_thruster_efficiency.py
[0.630s] -- Up-to-date: /home/osansubuntumachine/ros2_ws/install/uuv_gazebo_ros_plugins_msgs/lib/python3.8/site-packages/uuv_gazebo_ros_plugins_msgs/srv/_get_thruster_state.py
[0.630s] -- Up-to-date: /home/osansubuntumachine/ros2_ws/install/uuv_gazebo_ros_plugins_msgs/lib/python3.8/site-packages/uuv_gazebo_ros_plugins_msgs/srv/_get_float.py
[0.630s] -- Up-to-date: /home/osansubuntumachine/ros2_ws/install/uuv_gazebo_ros_plugins_msgs/lib/python3.8/site-packages/uuv_gazebo_ros_plugins_msgs/srv/__init__.py
[0.630s] -- Up-to-date: /home/osansubuntumachine/ros2_ws/install/uuv_gazebo_ros_plugins_msgs/lib/python3.8/site-packages/uuv_gazebo_ros_plugins_msgs/srv/_set_use_global_current_vel.py
[0.630s] -- Up-to-date: /home/osansubuntumachine/ros2_ws/install/uuv_gazebo_ros_plugins_msgs/lib/python3.8/site-packages/uuv_gazebo_ros_plugins_msgs/srv/_set_thruster_state.py
[0.630s] -- Up-to-date: /home/osansubuntumachine/ros2_ws/install/uuv_gazebo_ros_plugins_msgs/lib/python3.8/site-packages/uuv_gazebo_ros_plugins_msgs/srv/_set_thruster_efficiency_s.c
[0.630s] -- Up-to-date: /home/osansubuntumachine/ros2_ws/install/uuv_gazebo_ros_plugins_msgs/lib/python3.8/site-packages/uuv_gazebo_ros_plugins_msgs/srv/_get_thruster_conversion_fcn.py
[0.630s] -- Up-to-date: /home/osansubuntumachine/ros2_ws/install/uuv_gazebo_ros_plugins_msgs/lib/python3.8/site-packages/uuv_gazebo_ros_plugins_msgs/srv/_set_float.py
[0.630s] -- Up-to-date: /home/osansubuntumachine/ros2_ws/install/uuv_gazebo_ros_plugins_msgs/lib/python3.8/site-packages/uuv_gazebo_ros_plugins_msgs/srv/_get_list_param_s.c
[0.630s] -- Up-to-date: /home/osansubuntumachine/ros2_ws/install/uuv_gazebo_ros_plugins_msgs/lib/python3.8/site-packages/uuv_gazebo_ros_plugins_msgs/srv/_get_thruster_state_s.c
[0.630s] -- Up-to-date: /home/osansubuntumachine/ros2_ws/install/uuv_gazebo_ros_plugins_msgs/lib/python3.8/site-packages/uuv_gazebo_ros_plugins_msgs/srv/_get_thruster_efficiency_s.c
[0.630s] -- Up-to-date: /home/osansubuntumachine/ros2_ws/install/uuv_gazebo_ros_plugins_msgs/lib/python3.8/site-packages/uuv_gazebo_ros_plugins_msgs/srv/_get_thruster_efficiency.py
[0.630s] -- Up-to-date: /home/osansubuntumachine/ros2_ws/install/uuv_gazebo_ros_plugins_msgs/lib/python3.8/site-packages/uuv_gazebo_ros_plugins_msgs/srv/_get_thruster_conversion_fcn_s.c
[0.631s] -- Up-to-date: /home/osansubuntumachine/ros2_ws/install/uuv_gazebo_ros_plugins_msgs/lib/python3.8/site-packages/uuv_gazebo_ros_plugins_msgs/uuv_gazebo_ros_plugins_msgs_s__rosidl_typesupport_fastrtps_c.cpython-38-x86_64-linux-gnu.so
[0.632s] -- Up-to-date: /home/osansubuntumachine/ros2_ws/install/uuv_gazebo_ros_plugins_msgs/lib/python3.8/site-packages/uuv_gazebo_ros_plugins_msgs/uuv_gazebo_ros_plugins_msgs_s__rosidl_typesupport_introspection_c.cpython-38-x86_64-linux-gnu.so
[0.633s] -- Up-to-date: /home/osansubuntumachine/ros2_ws/install/uuv_gazebo_ros_plugins_msgs/lib/python3.8/site-packages/uuv_gazebo_ros_plugins_msgs/uuv_gazebo_ros_plugins_msgs_s__rosidl_typesupport_c.cpython-38-x86_64-linux-gnu.so
[0.633s] -- Up-to-date: /home/osansubuntumachine/ros2_ws/install/uuv_gazebo_ros_plugins_msgs/lib/libuuv_gazebo_ros_plugins_msgs__python.so
[0.634s] -- Up-to-date: /home/osansubuntumachine/ros2_ws/install/uuv_gazebo_ros_plugins_msgs/share/uuv_gazebo_ros_plugins_msgs/msg/FloatStamped.idl
[0.634s] -- Up-to-date: /home/osansubuntumachine/ros2_ws/install/uuv_gazebo_ros_plugins_msgs/share/uuv_gazebo_ros_plugins_msgs/msg/UnderwaterObjectModel.idl
[0.634s] -- Up-to-date: /home/osansubuntumachine/ros2_ws/install/uuv_gazebo_ros_plugins_msgs/share/uuv_gazebo_ros_plugins_msgs/msg/ThrusterConversionFcn.idl
[0.634s] -- Up-to-date: /home/osansubuntumachine/ros2_ws/install/uuv_gazebo_ros_plugins_msgs/share/uuv_gazebo_ros_plugins_msgs/srv/SetThrusterEfficiency.idl
[0.635s] -- Up-to-date: /home/osansubuntumachine/ros2_ws/install/uuv_gazebo_ros_plugins_msgs/share/uuv_gazebo_ros_plugins_msgs/srv/SetThrusterState.idl
[0.635s] -- Up-to-date: /home/osansubuntumachine/ros2_ws/install/uuv_gazebo_ros_plugins_msgs/share/uuv_gazebo_ros_plugins_msgs/srv/GetThrusterEfficiency.idl
[0.635s] -- Up-to-date: /home/osansubuntumachine/ros2_ws/install/uuv_gazebo_ros_plugins_msgs/share/uuv_gazebo_ros_plugins_msgs/srv/GetThrusterState.idl
[0.635s] -- Up-to-date: /home/osansubuntumachine/ros2_ws/install/uuv_gazebo_ros_plugins_msgs/share/uuv_gazebo_ros_plugins_msgs/srv/SetUseGlobalCurrentVel.idl
[0.635s] -- Up-to-date: /home/osansubuntumachine/ros2_ws/install/uuv_gazebo_ros_plugins_msgs/share/uuv_gazebo_ros_plugins_msgs/srv/GetModelProperties.idl
[0.636s] -- Up-to-date: /home/osansubuntumachine/ros2_ws/install/uuv_gazebo_ros_plugins_msgs/share/uuv_gazebo_ros_plugins_msgs/srv/SetFloat.idl
[0.636s] -- Up-to-date: /home/osansubuntumachine/ros2_ws/install/uuv_gazebo_ros_plugins_msgs/share/uuv_gazebo_ros_plugins_msgs/srv/GetFloat.idl
[0.636s] -- Up-to-date: /home/osansubuntumachine/ros2_ws/install/uuv_gazebo_ros_plugins_msgs/share/uuv_gazebo_ros_plugins_msgs/srv/GetListParam.idl
[0.636s] -- Up-to-date: /home/osansubuntumachine/ros2_ws/install/uuv_gazebo_ros_plugins_msgs/share/uuv_gazebo_ros_plugins_msgs/srv/GetThrusterConversionFcn.idl
[0.637s] -- Up-to-date: /home/osansubuntumachine/ros2_ws/install/uuv_gazebo_ros_plugins_msgs/share/uuv_gazebo_ros_plugins_msgs/msg/FloatStamped.msg
[0.637s] -- Up-to-date: /home/osansubuntumachine/ros2_ws/install/uuv_gazebo_ros_plugins_msgs/share/uuv_gazebo_ros_plugins_msgs/msg/UnderwaterObjectModel.msg
[0.637s] -- Up-to-date: /home/osansubuntumachine/ros2_ws/install/uuv_gazebo_ros_plugins_msgs/share/uuv_gazebo_ros_plugins_msgs/msg/ThrusterConversionFcn.msg
[0.637s] -- Up-to-date: /home/osansubuntumachine/ros2_ws/install/uuv_gazebo_ros_plugins_msgs/share/uuv_gazebo_ros_plugins_msgs/srv/SetThrusterEfficiency.srv
[0.638s] -- Up-to-date: /home/osansubuntumachine/ros2_ws/install/uuv_gazebo_ros_plugins_msgs/share/uuv_gazebo_ros_plugins_msgs/srv/SetThrusterEfficiency_Request.msg
[0.638s] -- Up-to-date: /home/osansubuntumachine/ros2_ws/install/uuv_gazebo_ros_plugins_msgs/share/uuv_gazebo_ros_plugins_msgs/srv/SetThrusterEfficiency_Response.msg
[0.639s] -- Up-to-date: /home/osansubuntumachine/ros2_ws/install/uuv_gazebo_ros_plugins_msgs/share/uuv_gazebo_ros_plugins_msgs/srv/SetThrusterState.srv
[0.639s] -- Up-to-date: /home/osansubuntumachine/ros2_ws/install/uuv_gazebo_ros_plugins_msgs/share/uuv_gazebo_ros_plugins_msgs/srv/SetThrusterState_Request.msg
[0.639s] -- Up-to-date: /home/osansubuntumachine/ros2_ws/install/uuv_gazebo_ros_plugins_msgs/share/uuv_gazebo_ros_plugins_msgs/srv/SetThrusterState_Response.msg
[0.639s] -- Up-to-date: /home/osansubuntumachine/ros2_ws/install/uuv_gazebo_ros_plugins_msgs/share/uuv_gazebo_ros_plugins_msgs/srv/GetThrusterEfficiency.srv
[0.640s] -- Up-to-date: /home/osansubuntumachine/ros2_ws/install/uuv_gazebo_ros_plugins_msgs/share/uuv_gazebo_ros_plugins_msgs/srv/GetThrusterEfficiency_Request.msg
[0.640s] -- Up-to-date: /home/osansubuntumachine/ros2_ws/install/uuv_gazebo_ros_plugins_msgs/share/uuv_gazebo_ros_plugins_msgs/srv/GetThrusterEfficiency_Response.msg
[0.645s] -- Up-to-date: /home/osansubuntumachine/ros2_ws/install/uuv_gazebo_ros_plugins_msgs/share/uuv_gazebo_ros_plugins_msgs/srv/GetThrusterState.srv
[0.645s] -- Up-to-date: /home/osansubuntumachine/ros2_ws/install/uuv_gazebo_ros_plugins_msgs/share/uuv_gazebo_ros_plugins_msgs/srv/GetThrusterState_Request.msg
[0.645s] -- Up-to-date: /home/osansubuntumachine/ros2_ws/install/uuv_gazebo_ros_plugins_msgs/share/uuv_gazebo_ros_plugins_msgs/srv/GetThrusterState_Response.msg
[0.645s] -- Up-to-date: /home/osansubuntumachine/ros2_ws/install/uuv_gazebo_ros_plugins_msgs/share/uuv_gazebo_ros_plugins_msgs/srv/SetUseGlobalCurrentVel.srv
[0.646s] -- Up-to-date: /home/osansubuntumachine/ros2_ws/install/uuv_gazebo_ros_plugins_msgs/share/uuv_gazebo_ros_plugins_msgs/srv/SetUseGlobalCurrentVel_Request.msg
[0.646s] -- Up-to-date: /home/osansubuntumachine/ros2_ws/install/uuv_gazebo_ros_plugins_msgs/share/uuv_gazebo_ros_plugins_msgs/srv/SetUseGlobalCurrentVel_Response.msg
[0.646s] -- Up-to-date: /home/osansubuntumachine/ros2_ws/install/uuv_gazebo_ros_plugins_msgs/share/uuv_gazebo_ros_plugins_msgs/srv/GetModelProperties.srv
[0.646s] -- Up-to-date: /home/osansubuntumachine/ros2_ws/install/uuv_gazebo_ros_plugins_msgs/share/uuv_gazebo_ros_plugins_msgs/srv/GetModelProperties_Request.msg
[0.646s] -- Up-to-date: /home/osansubuntumachine/ros2_ws/install/uuv_gazebo_ros_plugins_msgs/share/uuv_gazebo_ros_plugins_msgs/srv/GetModelProperties_Response.msg
[0.646s] -- Up-to-date: /home/osansubuntumachine/ros2_ws/install/uuv_gazebo_ros_plugins_msgs/share/uuv_gazebo_ros_plugins_msgs/srv/SetFloat.srv
[0.646s] -- Up-to-date: /home/osansubuntumachine/ros2_ws/install/uuv_gazebo_ros_plugins_msgs/share/uuv_gazebo_ros_plugins_msgs/srv/SetFloat_Request.msg
[0.646s] -- Up-to-date: /home/osansubuntumachine/ros2_ws/install/uuv_gazebo_ros_plugins_msgs/share/uuv_gazebo_ros_plugins_msgs/srv/SetFloat_Response.msg
[0.646s] -- Up-to-date: /home/osansubuntumachine/ros2_ws/install/uuv_gazebo_ros_plugins_msgs/share/uuv_gazebo_ros_plugins_msgs/srv/GetFloat.srv
[0.647s] -- Up-to-date: /home/osansubuntumachine/ros2_ws/install/uuv_gazebo_ros_plugins_msgs/share/uuv_gazebo_ros_plugins_msgs/srv/GetFloat_Request.msg
[0.647s] -- Up-to-date: /home/osansubuntumachine/ros2_ws/install/uuv_gazebo_ros_plugins_msgs/share/uuv_gazebo_ros_plugins_msgs/srv/GetFloat_Response.msg
[0.647s] -- Up-to-date: /home/osansubuntumachine/ros2_ws/install/uuv_gazebo_ros_plugins_msgs/share/uuv_gazebo_ros_plugins_msgs/srv/GetListParam.srv
[0.647s] -- Up-to-date: /home/osansubuntumachine/ros2_ws/install/uuv_gazebo_ros_plugins_msgs/share/uuv_gazebo_ros_plugins_msgs/srv/GetListParam_Request.msg
[0.647s] -- Up-to-date: /home/osansubuntumachine/ros2_ws/install/uuv_gazebo_ros_plugins_msgs/share/uuv_gazebo_ros_plugins_msgs/srv/GetListParam_Response.msg
[0.647s] -- Up-to-date: /home/osansubuntumachine/ros2_ws/install/uuv_gazebo_ros_plugins_msgs/share/uuv_gazebo_ros_plugins_msgs/srv/GetThrusterConversionFcn.srv
[0.647s] -- Up-to-date: /home/osansubuntumachine/ros2_ws/install/uuv_gazebo_ros_plugins_msgs/share/uuv_gazebo_ros_plugins_msgs/srv/GetThrusterConversionFcn_Request.msg
[0.647s] -- Up-to-date: /home/osansubuntumachine/ros2_ws/install/uuv_gazebo_ros_plugins_msgs/share/uuv_gazebo_ros_plugins_msgs/srv/GetThrusterConversionFcn_Response.msg
[0.649s] -- Up-to-date: /home/osansubuntumachine/ros2_ws/install/uuv_gazebo_ros_plugins_msgs/share/ament_index/resource_index/package_run_dependencies/uuv_gazebo_ros_plugins_msgs
[0.649s] -- Up-to-date: /home/osansubuntumachine/ros2_ws/install/uuv_gazebo_ros_plugins_msgs/share/ament_index/resource_index/parent_prefix_path/uuv_gazebo_ros_plugins_msgs
[0.649s] -- Up-to-date: /home/osansubuntumachine/ros2_ws/install/uuv_gazebo_ros_plugins_msgs/share/uuv_gazebo_ros_plugins_msgs/environment/ament_prefix_path.sh
[0.649s] -- Up-to-date: /home/osansubuntumachine/ros2_ws/install/uuv_gazebo_ros_plugins_msgs/share/uuv_gazebo_ros_plugins_msgs/environment/ament_prefix_path.dsv
[0.652s] -- Up-to-date: /home/osansubuntumachine/ros2_ws/install/uuv_gazebo_ros_plugins_msgs/share/uuv_gazebo_ros_plugins_msgs/environment/path.sh
[0.652s] -- Up-to-date: /home/osansubuntumachine/ros2_ws/install/uuv_gazebo_ros_plugins_msgs/share/uuv_gazebo_ros_plugins_msgs/environment/path.dsv
[0.652s] -- Up-to-date: /home/osansubuntumachine/ros2_ws/install/uuv_gazebo_ros_plugins_msgs/share/uuv_gazebo_ros_plugins_msgs/local_setup.bash
[0.652s] -- Up-to-date: /home/osansubuntumachine/ros2_ws/install/uuv_gazebo_ros_plugins_msgs/share/uuv_gazebo_ros_plugins_msgs/local_setup.sh
[0.652s] -- Up-to-date: /home/osansubuntumachine/ros2_ws/install/uuv_gazebo_ros_plugins_msgs/share/uuv_gazebo_ros_plugins_msgs/local_setup.zsh
[0.652s] -- Up-to-date: /home/osansubuntumachine/ros2_ws/install/uuv_gazebo_ros_plugins_msgs/share/uuv_gazebo_ros_plugins_msgs/local_setup.dsv
[0.652s] -- Installing: /home/osansubuntumachine/ros2_ws/install/uuv_gazebo_ros_plugins_msgs/share/uuv_gazebo_ros_plugins_msgs/package.dsv
[0.652s] -- Up-to-date: /home/osansubuntumachine/ros2_ws/install/uuv_gazebo_ros_plugins_msgs/share/ament_index/resource_index/packages/uuv_gazebo_ros_plugins_msgs
[0.652s] -- Up-to-date: /home/osansubuntumachine/ros2_ws/install/uuv_gazebo_ros_plugins_msgs/share/uuv_gazebo_ros_plugins_msgs/cmake/uuv_gazebo_ros_plugins_msgs__rosidl_generator_cExport.cmake
[0.652s] -- Up-to-date: /home/osansubuntumachine/ros2_ws/install/uuv_gazebo_ros_plugins_msgs/share/uuv_gazebo_ros_plugins_msgs/cmake/uuv_gazebo_ros_plugins_msgs__rosidl_generator_cExport-noconfig.cmake
[0.653s] -- Up-to-date: /home/osansubuntumachine/ros2_ws/install/uuv_gazebo_ros_plugins_msgs/share/uuv_gazebo_ros_plugins_msgs/cmake/uuv_gazebo_ros_plugins_msgs__rosidl_typesupport_introspection_cExport.cmake
[0.654s] -- Up-to-date: /home/osansubuntumachine/ros2_ws/install/uuv_gazebo_ros_plugins_msgs/share/uuv_gazebo_ros_plugins_msgs/cmake/uuv_gazebo_ros_plugins_msgs__rosidl_typesupport_introspection_cExport-noconfig.cmake
[0.655s] -- Up-to-date: /home/osansubuntumachine/ros2_ws/install/uuv_gazebo_ros_plugins_msgs/share/uuv_gazebo_ros_plugins_msgs/cmake/uuv_gazebo_ros_plugins_msgs__rosidl_typesupport_cExport.cmake
[0.655s] -- Up-to-date: /home/osansubuntumachine/ros2_ws/install/uuv_gazebo_ros_plugins_msgs/share/uuv_gazebo_ros_plugins_msgs/cmake/uuv_gazebo_ros_plugins_msgs__rosidl_typesupport_cExport-noconfig.cmake
[0.655s] -- Up-to-date: /home/osansubuntumachine/ros2_ws/install/uuv_gazebo_ros_plugins_msgs/share/uuv_gazebo_ros_plugins_msgs/cmake/uuv_gazebo_ros_plugins_msgs__rosidl_generator_cppExport.cmake
[0.658s] -- Up-to-date: /home/osansubuntumachine/ros2_ws/install/uuv_gazebo_ros_plugins_msgs/share/uuv_gazebo_ros_plugins_msgs/cmake/uuv_gazebo_ros_plugins_msgs__rosidl_typesupport_introspection_cppExport.cmake
[0.658s] -- Up-to-date: /home/osansubuntumachine/ros2_ws/install/uuv_gazebo_ros_plugins_msgs/share/uuv_gazebo_ros_plugins_msgs/cmake/uuv_gazebo_ros_plugins_msgs__rosidl_typesupport_introspection_cppExport-noconfig.cmake
[0.674s] -- Up-to-date: /home/osansubuntumachine/ros2_ws/install/uuv_gazebo_ros_plugins_msgs/share/uuv_gazebo_ros_plugins_msgs/cmake/uuv_gazebo_ros_plugins_msgs__rosidl_typesupport_cppExport.cmake
[0.674s] -- Up-to-date: /home/osansubuntumachine/ros2_ws/install/uuv_gazebo_ros_plugins_msgs/share/uuv_gazebo_ros_plugins_msgs/cmake/uuv_gazebo_ros_plugins_msgs__rosidl_typesupport_cppExport-noconfig.cmake
[0.674s] -- Up-to-date: /home/osansubuntumachine/ros2_ws/install/uuv_gazebo_ros_plugins_msgs/share/uuv_gazebo_ros_plugins_msgs/cmake/rosidl_cmake-extras.cmake
[0.675s] -- Up-to-date: /home/osansubuntumachine/ros2_ws/install/uuv_gazebo_ros_plugins_msgs/share/uuv_gazebo_ros_plugins_msgs/cmake/ament_cmake_export_dependencies-extras.cmake
[0.675s] -- Up-to-date: /home/osansubuntumachine/ros2_ws/install/uuv_gazebo_ros_plugins_msgs/share/uuv_gazebo_ros_plugins_msgs/cmake/ament_cmake_export_libraries-extras.cmake
[0.685s] -- Up-to-date: /home/osansubuntumachine/ros2_ws/install/uuv_gazebo_ros_plugins_msgs/share/uuv_gazebo_ros_plugins_msgs/cmake/ament_cmake_export_targets-extras.cmake
[0.686s] -- Up-to-date: /home/osansubuntumachine/ros2_ws/install/uuv_gazebo_ros_plugins_msgs/share/uuv_gazebo_ros_plugins_msgs/cmake/ament_cmake_export_include_directories-extras.cmake
[0.686s] -- Up-to-date: /home/osansubuntumachine/ros2_ws/install/uuv_gazebo_ros_plugins_msgs/share/uuv_gazebo_ros_plugins_msgs/cmake/rosidl_cmake_export_typesupport_libraries-extras.cmake
[0.686s] -- Up-to-date: /home/osansubuntumachine/ros2_ws/install/uuv_gazebo_ros_plugins_msgs/share/uuv_gazebo_ros_plugins_msgs/cmake/rosidl_cmake_export_typesupport_targets-extras.cmake
[0.686s] -- Up-to-date: /home/osansubuntumachine/ros2_ws/install/uuv_gazebo_ros_plugins_msgs/share/uuv_gazebo_ros_plugins_msgs/cmake/uuv_gazebo_ros_plugins_msgsConfig.cmake
[0.687s] -- Up-to-date: /home/osansubuntumachine/ros2_ws/install/uuv_gazebo_ros_plugins_msgs/share/uuv_gazebo_ros_plugins_msgs/cmake/uuv_gazebo_ros_plugins_msgsConfig-version.cmake
[0.687s] -- Up-to-date: /home/osansubuntumachine/ros2_ws/install/uuv_gazebo_ros_plugins_msgs/share/uuv_gazebo_ros_plugins_msgs/package.xml
[0.708s] Invoked command in '/home/osansubuntumachine/ros2_ws/build/uuv_gazebo_ros_plugins_msgs' returned '0': CMAKE_PREFIX_PATH=/opt/ros/foxy /usr/bin/cmake --install /home/osansubuntumachine/ros2_ws/build/uuv_gazebo_ros_plugins_msgs
