[0.203s] Invoking command in '/home/osansubuntumachine/ros2_ws/build/uuv_auv_control_allocator': CMAKE_PREFIX_PATH=/home/osansubuntumachine/ros2_ws/install/plankton_utils:/home/osansubuntumachine/ros2_ws/install/plankton:/home/osansubuntumachine/ros2_ws/install/uuv_simulator:/home/osansubuntumachine/ros2_ws/install/uuv_world_ros_plugins:/home/osansubuntumachine/ros2_ws/install/uuv_tutorials:/home/osansubuntumachine/ros2_ws/install/uuv_tutorial_dp_controller:/home/osansubuntumachine/ros2_ws/install/uuv_tutorial_disturbances:/home/osansubuntumachine/ros2_ws/install/uuv_control_utils:/home/osansubuntumachine/ros2_ws/install/uuv_world_ros_plugins_msgs:/home/osansubuntumachine/ros2_ws/install/uuv_world_plugins:/home/osansubuntumachine/ros2_ws/install/uuv_tutorial_seabed_world:/home/osansubuntumachine/ros2_ws/install/uuv_trajectory_control:/home/osansubuntumachine/ros2_ws/install/uuv_teleop:/home/osansubuntumachine/ros2_ws/install/uuv_thruster_manager:/home/osansubuntumachine/ros2_ws/install/uuv_descriptions:/home/osansubuntumachine/ros2_ws/install/uuv_sensor_ros_plugins:/home/osansubuntumachine/ros2_ws/install/uuv_sensor_ros_plugins_msgs:/home/osansubuntumachine/ros2_ws/install/uuv_gazebo_worlds:/home/osansubuntumachine/ros2_ws/install/uuv_gazebo_ros_plugins:/home/osansubuntumachine/ros2_ws/install/uuv_gazebo_ros_plugins_msgs:/home/osansubuntumachine/ros2_ws/install/uuv_gazebo_plugins:/home/osansubuntumachine/ros2_ws/install/uuv_gazebo:/home/osansubuntumachine/ros2_ws/install/uuv_control_msgs:/home/osansubuntumachine/ros2_ws/install/uuv_control_cascaded_pid:/home/osansubuntumachine/ros2_ws/install/uuv_auv_control_allocator:/home/osansubuntumachine/ros2_ws/install/uuv_assistants:/home/osansubuntumachine/ros2_ws/install/rexrov_autonomy:/opt/ros/foxy PYTHONPATH=/home/osansubuntumachine/ros2_ws/install/plankton_utils/lib/python3.8/site-packages:/home/osansubuntumachine/ros2_ws/install/uuv_world_ros_plugins_msgs/lib/python3.8/site-packages:/home/osansubuntumachine/ros2_ws/install/uuv_trajectory_control/lib/python3.8/site-packages:/home/osansubuntumachine/ros2_ws/install/uuv_thruster_manager/lib/python3.8/site-packages:/home/osansubuntumachine/ros2_ws/install/uuv_sensor_ros_plugins_msgs/lib/python3.8/site-packages:/home/osansubuntumachine/ros2_ws/install/uuv_gazebo_ros_plugins_msgs/lib/python3.8/site-packages:/home/osansubuntumachine/ros2_ws/install/uuv_control_msgs/lib/python3.8/site-packages:/home/osansubuntumachine/ros2_ws/install/uuv_control_cascaded_pid/lib/python3.8/site-packages:/home/osansubuntumachine/ros2_ws/install/uuv_auv_control_allocator/lib/python3.8/site-packages:/home/osansubuntumachine/ros2_ws/install/uuv_assistants/lib/python3.8/site-packages:/home/osansubuntumachine/ros2_ws/install/rexrov_autonomy/lib/python3.8/site-packages:/opt/ros/foxy/lib/python3.8/site-packages /usr/bin/cmake --build /home/osansubuntumachine/ros2_ws/build/uuv_auv_control_allocator -- -j4 -l4
[0.401s] [  9%] Built target uuv_auv_control_allocator__rosidl_generator_c
[0.460s] [ 19%] Built target uuv_auv_control_allocator__rosidl_typesupport_c
[0.461s] [ 22%] Built target uuv_auv_control_allocator__cpp
[0.559s] [ 32%] Built target uuv_auv_control_allocator__rosidl_typesupport_introspection_cpp
[0.585s] [ 41%] Built target uuv_auv_control_allocator__rosidl_typesupport_introspection_c
[0.590s] [ 51%] Built target uuv_auv_control_allocator__rosidl_typesupport_cpp
[0.620s] [ 61%] Built target uuv_auv_control_allocator__rosidl_typesupport_fastrtps_cpp
[0.678s] [ 70%] Built target uuv_auv_control_allocator__rosidl_typesupport_fastrtps_c
[0.740s] [ 70%] Built target uuv_auv_control_allocator
[0.801s] [ 74%] Built target uuv_auv_control_allocator__py
[0.910s] [ 80%] Built target uuv_auv_control_allocator__python
[0.998s] [ 87%] Built target uuv_auv_control_allocator__rosidl_typesupport_c__pyext
[1.038s] [ 93%] Built target uuv_auv_control_allocator__rosidl_typesupport_fastrtps_c__pyext
[1.095s] [100%] Built target uuv_auv_control_allocator__rosidl_typesupport_introspection_c__pyext
[1.174s] Invoked command in '/home/osansubuntumachine/ros2_ws/build/uuv_auv_control_allocator' returned '0': CMAKE_PREFIX_PATH=/home/osansubuntumachine/ros2_ws/install/plankton_utils:/home/osansubuntumachine/ros2_ws/install/plankton:/home/osansubuntumachine/ros2_ws/install/uuv_simulator:/home/osansubuntumachine/ros2_ws/install/uuv_world_ros_plugins:/home/osansubuntumachine/ros2_ws/install/uuv_tutorials:/home/osansubuntumachine/ros2_ws/install/uuv_tutorial_dp_controller:/home/osansubuntumachine/ros2_ws/install/uuv_tutorial_disturbances:/home/osansubuntumachine/ros2_ws/install/uuv_control_utils:/home/osansubuntumachine/ros2_ws/install/uuv_world_ros_plugins_msgs:/home/osansubuntumachine/ros2_ws/install/uuv_world_plugins:/home/osansubuntumachine/ros2_ws/install/uuv_tutorial_seabed_world:/home/osansubuntumachine/ros2_ws/install/uuv_trajectory_control:/home/osansubuntumachine/ros2_ws/install/uuv_teleop:/home/osansubuntumachine/ros2_ws/install/uuv_thruster_manager:/home/osansubuntumachine/ros2_ws/install/uuv_descriptions:/home/osansubuntumachine/ros2_ws/install/uuv_sensor_ros_plugins:/home/osansubuntumachine/ros2_ws/install/uuv_sensor_ros_plugins_msgs:/home/osansubuntumachine/ros2_ws/install/uuv_gazebo_worlds:/home/osansubuntumachine/ros2_ws/install/uuv_gazebo_ros_plugins:/home/osansubuntumachine/ros2_ws/install/uuv_gazebo_ros_plugins_msgs:/home/osansubuntumachine/ros2_ws/install/uuv_gazebo_plugins:/home/osansubuntumachine/ros2_ws/install/uuv_gazebo:/home/osansubuntumachine/ros2_ws/install/uuv_control_msgs:/home/osansubuntumachine/ros2_ws/install/uuv_control_cascaded_pid:/home/osansubuntumachine/ros2_ws/install/uuv_auv_control_allocator:/home/osansubuntumachine/ros2_ws/install/uuv_assistants:/home/osansubuntumachine/ros2_ws/install/rexrov_autonomy:/opt/ros/foxy PYTHONPATH=/home/osansubuntumachine/ros2_ws/install/plankton_utils/lib/python3.8/site-packages:/home/osansubuntumachine/ros2_ws/install/uuv_world_ros_plugins_msgs/lib/python3.8/site-packages:/home/osansubuntumachine/ros2_ws/install/uuv_trajectory_control/lib/python3.8/site-packages:/home/osansubuntumachine/ros2_ws/install/uuv_thruster_manager/lib/python3.8/site-packages:/home/osansubuntumachine/ros2_ws/install/uuv_sensor_ros_plugins_msgs/lib/python3.8/site-packages:/home/osansubuntumachine/ros2_ws/install/uuv_gazebo_ros_plugins_msgs/lib/python3.8/site-packages:/home/osansubuntumachine/ros2_ws/install/uuv_control_msgs/lib/python3.8/site-packages:/home/osansubuntumachine/ros2_ws/install/uuv_control_cascaded_pid/lib/python3.8/site-packages:/home/osansubuntumachine/ros2_ws/install/uuv_auv_control_allocator/lib/python3.8/site-packages:/home/osansubuntumachine/ros2_ws/install/uuv_assistants/lib/python3.8/site-packages:/home/osansubuntumachine/ros2_ws/install/rexrov_autonomy/lib/python3.8/site-packages:/opt/ros/foxy/lib/python3.8/site-packages /usr/bin/cmake --build /home/osansubuntumachine/ros2_ws/build/uuv_auv_control_allocator -- -j4 -l4
[1.176s] Invoking command in '/home/osansubuntumachine/ros2_ws/build/uuv_auv_control_allocator': CMAKE_PREFIX_PATH=/home/osansubuntumachine/ros2_ws/install/plankton_utils:/home/osansubuntumachine/ros2_ws/install/plankton:/home/osansubuntumachine/ros2_ws/install/uuv_simulator:/home/osansubuntumachine/ros2_ws/install/uuv_world_ros_plugins:/home/osansubuntumachine/ros2_ws/install/uuv_tutorials:/home/osansubuntumachine/ros2_ws/install/uuv_tutorial_dp_controller:/home/osansubuntumachine/ros2_ws/install/uuv_tutorial_disturbances:/home/osansubuntumachine/ros2_ws/install/uuv_control_utils:/home/osansubuntumachine/ros2_ws/install/uuv_world_ros_plugins_msgs:/home/osansubuntumachine/ros2_ws/install/uuv_world_plugins:/home/osansubuntumachine/ros2_ws/install/uuv_tutorial_seabed_world:/home/osansubuntumachine/ros2_ws/install/uuv_trajectory_control:/home/osansubuntumachine/ros2_ws/install/uuv_teleop:/home/osansubuntumachine/ros2_ws/install/uuv_thruster_manager:/home/osansubuntumachine/ros2_ws/install/uuv_descriptions:/home/osansubuntumachine/ros2_ws/install/uuv_sensor_ros_plugins:/home/osansubuntumachine/ros2_ws/install/uuv_sensor_ros_plugins_msgs:/home/osansubuntumachine/ros2_ws/install/uuv_gazebo_worlds:/home/osansubuntumachine/ros2_ws/install/uuv_gazebo_ros_plugins:/home/osansubuntumachine/ros2_ws/install/uuv_gazebo_ros_plugins_msgs:/home/osansubuntumachine/ros2_ws/install/uuv_gazebo_plugins:/home/osansubuntumachine/ros2_ws/install/uuv_gazebo:/home/osansubuntumachine/ros2_ws/install/uuv_control_msgs:/home/osansubuntumachine/ros2_ws/install/uuv_control_cascaded_pid:/home/osansubuntumachine/ros2_ws/install/uuv_auv_control_allocator:/home/osansubuntumachine/ros2_ws/install/uuv_assistants:/home/osansubuntumachine/ros2_ws/install/rexrov_autonomy:/opt/ros/foxy PYTHONPATH=/home/osansubuntumachine/ros2_ws/install/plankton_utils/lib/python3.8/site-packages:/home/osansubuntumachine/ros2_ws/install/uuv_world_ros_plugins_msgs/lib/python3.8/site-packages:/home/osansubuntumachine/ros2_ws/install/uuv_trajectory_control/lib/python3.8/site-packages:/home/osansubuntumachine/ros2_ws/install/uuv_thruster_manager/lib/python3.8/site-packages:/home/osansubuntumachine/ros2_ws/install/uuv_sensor_ros_plugins_msgs/lib/python3.8/site-packages:/home/osansubuntumachine/ros2_ws/install/uuv_gazebo_ros_plugins_msgs/lib/python3.8/site-packages:/home/osansubuntumachine/ros2_ws/install/uuv_control_msgs/lib/python3.8/site-packages:/home/osansubuntumachine/ros2_ws/install/uuv_control_cascaded_pid/lib/python3.8/site-packages:/home/osansubuntumachine/ros2_ws/install/uuv_auv_control_allocator/lib/python3.8/site-packages:/home/osansubuntumachine/ros2_ws/install/uuv_assistants/lib/python3.8/site-packages:/home/osansubuntumachine/ros2_ws/install/rexrov_autonomy/lib/python3.8/site-packages:/opt/ros/foxy/lib/python3.8/site-packages /usr/bin/cmake --install /home/osansubuntumachine/ros2_ws/build/uuv_auv_control_allocator
[1.203s] -- Install configuration: ""
[1.205s] -- Up-to-date: /home/osansubuntumachine/ros2_ws/install/uuv_auv_control_allocator/share/ament_index/resource_index/rosidl_interfaces/uuv_auv_control_allocator
[1.205s] -- Up-to-date: /home/osansubuntumachine/ros2_ws/install/uuv_auv_control_allocator/include/uuv_auv_control_allocator
[1.205s] -- Up-to-date: /home/osansubuntumachine/ros2_ws/install/uuv_auv_control_allocator/include/uuv_auv_control_allocator/msg
[1.205s] -- Up-to-date: /home/osansubuntumachine/ros2_ws/install/uuv_auv_control_allocator/include/uuv_auv_control_allocator/msg/auv_command.h
[1.205s] -- Up-to-date: /home/osansubuntumachine/ros2_ws/install/uuv_auv_control_allocator/include/uuv_auv_control_allocator/msg/rosidl_generator_c__visibility_control.h
[1.205s] -- Up-to-date: /home/osansubuntumachine/ros2_ws/install/uuv_auv_control_allocator/include/uuv_auv_control_allocator/msg/detail
[1.205s] -- Up-to-date: /home/osansubuntumachine/ros2_ws/install/uuv_auv_control_allocator/include/uuv_auv_control_allocator/msg/detail/auv_command__struct.h
[1.205s] -- Up-to-date: /home/osansubuntumachine/ros2_ws/install/uuv_auv_control_allocator/include/uuv_auv_control_allocator/msg/detail/auv_command__type_support.h
[1.205s] -- Up-to-date: /home/osansubuntumachine/ros2_ws/install/uuv_auv_control_allocator/include/uuv_auv_control_allocator/msg/detail/auv_command__functions.h
[1.205s] -- Up-to-date: /home/osansubuntumachine/ros2_ws/install/uuv_auv_control_allocator/include/uuv_auv_control_allocator/msg/detail/auv_command__functions.c
[1.205s] -- Up-to-date: /home/osansubuntumachine/ros2_ws/install/uuv_auv_control_allocator/share/uuv_auv_control_allocator/environment/library_path.sh
[1.205s] -- Up-to-date: /home/osansubuntumachine/ros2_ws/install/uuv_auv_control_allocator/share/uuv_auv_control_allocator/environment/library_path.dsv
[1.205s] -- Up-to-date: /home/osansubuntumachine/ros2_ws/install/uuv_auv_control_allocator/lib/libuuv_auv_control_allocator__rosidl_generator_c.so
[1.206s] -- Up-to-date: /home/osansubuntumachine/ros2_ws/install/uuv_auv_control_allocator/include/uuv_auv_control_allocator
[1.206s] -- Up-to-date: /home/osansubuntumachine/ros2_ws/install/uuv_auv_control_allocator/include/uuv_auv_control_allocator/msg
[1.206s] -- Up-to-date: /home/osansubuntumachine/ros2_ws/install/uuv_auv_control_allocator/include/uuv_auv_control_allocator/msg/rosidl_typesupport_fastrtps_c__visibility_control.h
[1.207s] -- Up-to-date: /home/osansubuntumachine/ros2_ws/install/uuv_auv_control_allocator/include/uuv_auv_control_allocator/msg/detail
[1.207s] -- Up-to-date: /home/osansubuntumachine/ros2_ws/install/uuv_auv_control_allocator/include/uuv_auv_control_allocator/msg/detail/auv_command__rosidl_typesupport_fastrtps_c.h
[1.207s] -- Up-to-date: /home/osansubuntumachine/ros2_ws/install/uuv_auv_control_allocator/lib/libuuv_auv_control_allocator__rosidl_typesupport_fastrtps_c.so
[1.207s] -- Up-to-date: /home/osansubuntumachine/ros2_ws/install/uuv_auv_control_allocator/include/uuv_auv_control_allocator
[1.207s] -- Up-to-date: /home/osansubuntumachine/ros2_ws/install/uuv_auv_control_allocator/include/uuv_auv_control_allocator/msg
[1.207s] -- Up-to-date: /home/osansubuntumachine/ros2_ws/install/uuv_auv_control_allocator/include/uuv_auv_control_allocator/msg/rosidl_typesupport_fastrtps_cpp__visibility_control.h
[1.207s] -- Up-to-date: /home/osansubuntumachine/ros2_ws/install/uuv_auv_control_allocator/include/uuv_auv_control_allocator/msg/detail
[1.207s] -- Up-to-date: /home/osansubuntumachine/ros2_ws/install/uuv_auv_control_allocator/include/uuv_auv_control_allocator/msg/detail/auv_command__rosidl_typesupport_fastrtps_cpp.hpp
[1.207s] -- Up-to-date: /home/osansubuntumachine/ros2_ws/install/uuv_auv_control_allocator/include/uuv_auv_control_allocator/msg/detail/dds_fastrtps
[1.207s] -- Up-to-date: /home/osansubuntumachine/ros2_ws/install/uuv_auv_control_allocator/lib/libuuv_auv_control_allocator__rosidl_typesupport_fastrtps_cpp.so
[1.207s] -- Up-to-date: /home/osansubuntumachine/ros2_ws/install/uuv_auv_control_allocator/include/uuv_auv_control_allocator
[1.208s] -- Up-to-date: /home/osansubuntumachine/ros2_ws/install/uuv_auv_control_allocator/include/uuv_auv_control_allocator/msg
[1.208s] -- Up-to-date: /home/osansubuntumachine/ros2_ws/install/uuv_auv_control_allocator/include/uuv_auv_control_allocator/msg/rosidl_typesupport_introspection_c__visibility_control.h
[1.208s] -- Up-to-date: /home/osansubuntumachine/ros2_ws/install/uuv_auv_control_allocator/include/uuv_auv_control_allocator/msg/detail
[1.208s] -- Up-to-date: /home/osansubuntumachine/ros2_ws/install/uuv_auv_control_allocator/include/uuv_auv_control_allocator/msg/detail/auv_command__rosidl_typesupport_introspection_c.h
[1.208s] -- Up-to-date: /home/osansubuntumachine/ros2_ws/install/uuv_auv_control_allocator/include/uuv_auv_control_allocator/msg/detail/auv_command__type_support.c
[1.208s] -- Up-to-date: /home/osansubuntumachine/ros2_ws/install/uuv_auv_control_allocator/lib/libuuv_auv_control_allocator__rosidl_typesupport_introspection_c.so
[1.208s] -- Up-to-date: /home/osansubuntumachine/ros2_ws/install/uuv_auv_control_allocator/lib/libuuv_auv_control_allocator__rosidl_typesupport_c.so
[1.208s] -- Up-to-date: /home/osansubuntumachine/ros2_ws/install/uuv_auv_control_allocator/include/uuv_auv_control_allocator
[1.218s] -- Up-to-date: /home/osansubuntumachine/ros2_ws/install/uuv_auv_control_allocator/include/uuv_auv_control_allocator/msg
[1.224s] -- Up-to-date: /home/osansubuntumachine/ros2_ws/install/uuv_auv_control_allocator/include/uuv_auv_control_allocator/msg/auv_command.hpp
[1.224s] -- Up-to-date: /home/osansubuntumachine/ros2_ws/install/uuv_auv_control_allocator/include/uuv_auv_control_allocator/msg/rosidl_generator_cpp__visibility_control.hpp
[1.224s] -- Up-to-date: /home/osansubuntumachine/ros2_ws/install/uuv_auv_control_allocator/include/uuv_auv_control_allocator/msg/detail
[1.224s] -- Up-to-date: /home/osansubuntumachine/ros2_ws/install/uuv_auv_control_allocator/include/uuv_auv_control_allocator/msg/detail/auv_command__traits.hpp
[1.224s] -- Up-to-date: /home/osansubuntumachine/ros2_ws/install/uuv_auv_control_allocator/include/uuv_auv_control_allocator/msg/detail/auv_command__struct.hpp
[1.224s] -- Up-to-date: /home/osansubuntumachine/ros2_ws/install/uuv_auv_control_allocator/include/uuv_auv_control_allocator/msg/detail/auv_command__type_support.hpp
[1.224s] -- Up-to-date: /home/osansubuntumachine/ros2_ws/install/uuv_auv_control_allocator/include/uuv_auv_control_allocator/msg/detail/auv_command__builder.hpp
[1.224s] -- Up-to-date: /home/osansubuntumachine/ros2_ws/install/uuv_auv_control_allocator/include/uuv_auv_control_allocator
[1.224s] -- Up-to-date: /home/osansubuntumachine/ros2_ws/install/uuv_auv_control_allocator/include/uuv_auv_control_allocator/msg
[1.224s] -- Up-to-date: /home/osansubuntumachine/ros2_ws/install/uuv_auv_control_allocator/include/uuv_auv_control_allocator/msg/detail
[1.224s] -- Up-to-date: /home/osansubuntumachine/ros2_ws/install/uuv_auv_control_allocator/include/uuv_auv_control_allocator/msg/detail/auv_command__type_support.cpp
[1.234s] -- Up-to-date: /home/osansubuntumachine/ros2_ws/install/uuv_auv_control_allocator/include/uuv_auv_control_allocator/msg/detail/auv_command__rosidl_typesupport_introspection_cpp.hpp
[1.234s] -- Up-to-date: /home/osansubuntumachine/ros2_ws/install/uuv_auv_control_allocator/lib/libuuv_auv_control_allocator__rosidl_typesupport_introspection_cpp.so
[1.234s] -- Up-to-date: /home/osansubuntumachine/ros2_ws/install/uuv_auv_control_allocator/lib/libuuv_auv_control_allocator__rosidl_typesupport_cpp.so
[1.234s] -- Up-to-date: /home/osansubuntumachine/ros2_ws/install/uuv_auv_control_allocator/share/uuv_auv_control_allocator/environment/pythonpath.sh
[1.234s] -- Up-to-date: /home/osansubuntumachine/ros2_ws/install/uuv_auv_control_allocator/share/uuv_auv_control_allocator/environment/pythonpath.dsv
[1.234s] -- Up-to-date: /home/osansubuntumachine/ros2_ws/install/uuv_auv_control_allocator/lib/python3.8/site-packages/uuv_auv_control_allocator/__init__.py
[1.336s] -- Up-to-date: /home/osansubuntumachine/ros2_ws/install/uuv_auv_control_allocator/lib/python3.8/site-packages/uuv_auv_control_allocator/msg
[1.337s] -- Up-to-date: /home/osansubuntumachine/ros2_ws/install/uuv_auv_control_allocator/lib/python3.8/site-packages/uuv_auv_control_allocator/msg/_auv_command.py
[1.337s] -- Up-to-date: /home/osansubuntumachine/ros2_ws/install/uuv_auv_control_allocator/lib/python3.8/site-packages/uuv_auv_control_allocator/msg/__init__.py
[1.337s] -- Up-to-date: /home/osansubuntumachine/ros2_ws/install/uuv_auv_control_allocator/lib/python3.8/site-packages/uuv_auv_control_allocator/msg/_auv_command_s.c
[1.337s] -- Up-to-date: /home/osansubuntumachine/ros2_ws/install/uuv_auv_control_allocator/lib/python3.8/site-packages/uuv_auv_control_allocator/uuv_auv_control_allocator_s__rosidl_typesupport_fastrtps_c.cpython-38-x86_64-linux-gnu.so
[1.337s] -- Up-to-date: /home/osansubuntumachine/ros2_ws/install/uuv_auv_control_allocator/lib/python3.8/site-packages/uuv_auv_control_allocator/uuv_auv_control_allocator_s__rosidl_typesupport_introspection_c.cpython-38-x86_64-linux-gnu.so
[1.337s] -- Up-to-date: /home/osansubuntumachine/ros2_ws/install/uuv_auv_control_allocator/lib/python3.8/site-packages/uuv_auv_control_allocator/uuv_auv_control_allocator_s__rosidl_typesupport_c.cpython-38-x86_64-linux-gnu.so
[1.337s] -- Up-to-date: /home/osansubuntumachine/ros2_ws/install/uuv_auv_control_allocator/lib/libuuv_auv_control_allocator__python.so
[1.337s] -- Up-to-date: /home/osansubuntumachine/ros2_ws/install/uuv_auv_control_allocator/share/uuv_auv_control_allocator/msg/AUVCommand.idl
[1.337s] -- Up-to-date: /home/osansubuntumachine/ros2_ws/install/uuv_auv_control_allocator/share/uuv_auv_control_allocator/msg/AUVCommand.msg
[1.337s] -- Up-to-date: /home/osansubuntumachine/ros2_ws/install/uuv_auv_control_allocator/lib/python3.8/site-packages/uuv_auv_actuator_interface
[1.342s] -- Up-to-date: /home/osansubuntumachine/ros2_ws/install/uuv_auv_control_allocator/lib/python3.8/site-packages/uuv_auv_actuator_interface/fin_model.py
[1.343s] -- Up-to-date: /home/osansubuntumachine/ros2_ws/install/uuv_auv_control_allocator/lib/python3.8/site-packages/uuv_auv_actuator_interface/__init__.py
[1.343s] -- Up-to-date: /home/osansubuntumachine/ros2_ws/install/uuv_auv_control_allocator/lib/python3.8/site-packages/uuv_auv_actuator_interface/actuator_manager.py
[1.409s] Listing '/home/osansubuntumachine/ros2_ws/install/uuv_auv_control_allocator/lib/python3.8/site-packages/uuv_auv_actuator_interface'...
[1.409s] Compiling '/home/osansubuntumachine/ros2_ws/install/uuv_auv_control_allocator/lib/python3.8/site-packages/uuv_auv_actuator_interface/actuator_manager.py'...
[1.409s] ***   File "/home/osansubuntumachine/ros2_ws/install/uuv_auv_control_allocator/lib/python3.8/site-packages/uuv_auv_actuator_interface/actuator_manager.py", line 237
[1.409s]     def build_topic_name(self, namespace, topic_prefix, id, topic_prefix):
[1.409s]     ^
[1.409s] SyntaxError: duplicate argument 'topic_prefix' in function definition
[1.409s] 
[1.415s] -- Up-to-date: /home/osansubuntumachine/ros2_ws/install/uuv_auv_control_allocator/share/uuv_auv_control_allocator/launch
[1.416s] -- Up-to-date: /home/osansubuntumachine/ros2_ws/install/uuv_auv_control_allocator/share/uuv_auv_control_allocator/launch/start_control_allocator.launch
[1.416s] -- Up-to-date: /home/osansubuntumachine/ros2_ws/install/uuv_auv_control_allocator/lib/uuv_auv_control_allocator/control_allocator
[1.416s] -- Up-to-date: /home/osansubuntumachine/ros2_ws/install/uuv_auv_control_allocator/share/ament_index/resource_index/package_run_dependencies/uuv_auv_control_allocator
[1.416s] -- Up-to-date: /home/osansubuntumachine/ros2_ws/install/uuv_auv_control_allocator/share/ament_index/resource_index/parent_prefix_path/uuv_auv_control_allocator
[1.416s] -- Up-to-date: /home/osansubuntumachine/ros2_ws/install/uuv_auv_control_allocator/share/uuv_auv_control_allocator/environment/ament_prefix_path.sh
[1.416s] -- Up-to-date: /home/osansubuntumachine/ros2_ws/install/uuv_auv_control_allocator/share/uuv_auv_control_allocator/environment/ament_prefix_path.dsv
[1.416s] -- Up-to-date: /home/osansubuntumachine/ros2_ws/install/uuv_auv_control_allocator/share/uuv_auv_control_allocator/environment/path.sh
[1.416s] -- Up-to-date: /home/osansubuntumachine/ros2_ws/install/uuv_auv_control_allocator/share/uuv_auv_control_allocator/environment/path.dsv
[1.416s] -- Up-to-date: /home/osansubuntumachine/ros2_ws/install/uuv_auv_control_allocator/share/uuv_auv_control_allocator/local_setup.bash
[1.416s] -- Up-to-date: /home/osansubuntumachine/ros2_ws/install/uuv_auv_control_allocator/share/uuv_auv_control_allocator/local_setup.sh
[1.416s] -- Up-to-date: /home/osansubuntumachine/ros2_ws/install/uuv_auv_control_allocator/share/uuv_auv_control_allocator/local_setup.zsh
[1.416s] -- Up-to-date: /home/osansubuntumachine/ros2_ws/install/uuv_auv_control_allocator/share/uuv_auv_control_allocator/local_setup.dsv
[1.416s] -- Installing: /home/osansubuntumachine/ros2_ws/install/uuv_auv_control_allocator/share/uuv_auv_control_allocator/package.dsv
[1.416s] -- Up-to-date: /home/osansubuntumachine/ros2_ws/install/uuv_auv_control_allocator/share/ament_index/resource_index/packages/uuv_auv_control_allocator
[1.419s] -- Up-to-date: /home/osansubuntumachine/ros2_ws/install/uuv_auv_control_allocator/share/uuv_auv_control_allocator/cmake/uuv_auv_control_allocator__rosidl_generator_cExport.cmake
[1.419s] -- Up-to-date: /home/osansubuntumachine/ros2_ws/install/uuv_auv_control_allocator/share/uuv_auv_control_allocator/cmake/uuv_auv_control_allocator__rosidl_generator_cExport-noconfig.cmake
[1.419s] -- Up-to-date: /home/osansubuntumachine/ros2_ws/install/uuv_auv_control_allocator/share/uuv_auv_control_allocator/cmake/uuv_auv_control_allocator__rosidl_typesupport_introspection_cExport.cmake
[1.419s] -- Up-to-date: /home/osansubuntumachine/ros2_ws/install/uuv_auv_control_allocator/share/uuv_auv_control_allocator/cmake/uuv_auv_control_allocator__rosidl_typesupport_introspection_cExport-noconfig.cmake
[1.420s] -- Up-to-date: /home/osansubuntumachine/ros2_ws/install/uuv_auv_control_allocator/share/uuv_auv_control_allocator/cmake/uuv_auv_control_allocator__rosidl_typesupport_cExport.cmake
[1.420s] -- Up-to-date: /home/osansubuntumachine/ros2_ws/install/uuv_auv_control_allocator/share/uuv_auv_control_allocator/cmake/uuv_auv_control_allocator__rosidl_typesupport_cExport-noconfig.cmake
[1.420s] -- Up-to-date: /home/osansubuntumachine/ros2_ws/install/uuv_auv_control_allocator/share/uuv_auv_control_allocator/cmake/uuv_auv_control_allocator__rosidl_generator_cppExport.cmake
[1.420s] -- Up-to-date: /home/osansubuntumachine/ros2_ws/install/uuv_auv_control_allocator/share/uuv_auv_control_allocator/cmake/uuv_auv_control_allocator__rosidl_typesupport_introspection_cppExport.cmake
[1.420s] -- Up-to-date: /home/osansubuntumachine/ros2_ws/install/uuv_auv_control_allocator/share/uuv_auv_control_allocator/cmake/uuv_auv_control_allocator__rosidl_typesupport_introspection_cppExport-noconfig.cmake
[1.420s] -- Up-to-date: /home/osansubuntumachine/ros2_ws/install/uuv_auv_control_allocator/share/uuv_auv_control_allocator/cmake/uuv_auv_control_allocator__rosidl_typesupport_cppExport.cmake
[1.420s] -- Up-to-date: /home/osansubuntumachine/ros2_ws/install/uuv_auv_control_allocator/share/uuv_auv_control_allocator/cmake/uuv_auv_control_allocator__rosidl_typesupport_cppExport-noconfig.cmake
[1.420s] -- Up-to-date: /home/osansubuntumachine/ros2_ws/install/uuv_auv_control_allocator/share/uuv_auv_control_allocator/cmake/rosidl_cmake-extras.cmake
[1.420s] -- Up-to-date: /home/osansubuntumachine/ros2_ws/install/uuv_auv_control_allocator/share/uuv_auv_control_allocator/cmake/ament_cmake_export_dependencies-extras.cmake
[1.420s] -- Up-to-date: /home/osansubuntumachine/ros2_ws/install/uuv_auv_control_allocator/share/uuv_auv_control_allocator/cmake/ament_cmake_export_libraries-extras.cmake
[1.420s] -- Up-to-date: /home/osansubuntumachine/ros2_ws/install/uuv_auv_control_allocator/share/uuv_auv_control_allocator/cmake/ament_cmake_export_targets-extras.cmake
[1.420s] -- Up-to-date: /home/osansubuntumachine/ros2_ws/install/uuv_auv_control_allocator/share/uuv_auv_control_allocator/cmake/ament_cmake_export_include_directories-extras.cmake
[1.421s] -- Up-to-date: /home/osansubuntumachine/ros2_ws/install/uuv_auv_control_allocator/share/uuv_auv_control_allocator/cmake/rosidl_cmake_export_typesupport_libraries-extras.cmake
[1.421s] -- Up-to-date: /home/osansubuntumachine/ros2_ws/install/uuv_auv_control_allocator/share/uuv_auv_control_allocator/cmake/rosidl_cmake_export_typesupport_targets-extras.cmake
[1.421s] -- Up-to-date: /home/osansubuntumachine/ros2_ws/install/uuv_auv_control_allocator/share/uuv_auv_control_allocator/cmake/uuv_auv_control_allocatorConfig.cmake
[1.421s] -- Up-to-date: /home/osansubuntumachine/ros2_ws/install/uuv_auv_control_allocator/share/uuv_auv_control_allocator/cmake/uuv_auv_control_allocatorConfig-version.cmake
[1.421s] -- Up-to-date: /home/osansubuntumachine/ros2_ws/install/uuv_auv_control_allocator/share/uuv_auv_control_allocator/package.xml
[1.697s] Invoked command in '/home/osansubuntumachine/ros2_ws/build/uuv_auv_control_allocator' returned '0': CMAKE_PREFIX_PATH=/home/osansubuntumachine/ros2_ws/install/plankton_utils:/home/osansubuntumachine/ros2_ws/install/plankton:/home/osansubuntumachine/ros2_ws/install/uuv_simulator:/home/osansubuntumachine/ros2_ws/install/uuv_world_ros_plugins:/home/osansubuntumachine/ros2_ws/install/uuv_tutorials:/home/osansubuntumachine/ros2_ws/install/uuv_tutorial_dp_controller:/home/osansubuntumachine/ros2_ws/install/uuv_tutorial_disturbances:/home/osansubuntumachine/ros2_ws/install/uuv_control_utils:/home/osansubuntumachine/ros2_ws/install/uuv_world_ros_plugins_msgs:/home/osansubuntumachine/ros2_ws/install/uuv_world_plugins:/home/osansubuntumachine/ros2_ws/install/uuv_tutorial_seabed_world:/home/osansubuntumachine/ros2_ws/install/uuv_trajectory_control:/home/osansubuntumachine/ros2_ws/install/uuv_teleop:/home/osansubuntumachine/ros2_ws/install/uuv_thruster_manager:/home/osansubuntumachine/ros2_ws/install/uuv_descriptions:/home/osansubuntumachine/ros2_ws/install/uuv_sensor_ros_plugins:/home/osansubuntumachine/ros2_ws/install/uuv_sensor_ros_plugins_msgs:/home/osansubuntumachine/ros2_ws/install/uuv_gazebo_worlds:/home/osansubuntumachine/ros2_ws/install/uuv_gazebo_ros_plugins:/home/osansubuntumachine/ros2_ws/install/uuv_gazebo_ros_plugins_msgs:/home/osansubuntumachine/ros2_ws/install/uuv_gazebo_plugins:/home/osansubuntumachine/ros2_ws/install/uuv_gazebo:/home/osansubuntumachine/ros2_ws/install/uuv_control_msgs:/home/osansubuntumachine/ros2_ws/install/uuv_control_cascaded_pid:/home/osansubuntumachine/ros2_ws/install/uuv_auv_control_allocator:/home/osansubuntumachine/ros2_ws/install/uuv_assistants:/home/osansubuntumachine/ros2_ws/install/rexrov_autonomy:/opt/ros/foxy PYTHONPATH=/home/osansubuntumachine/ros2_ws/install/plankton_utils/lib/python3.8/site-packages:/home/osansubuntumachine/ros2_ws/install/uuv_world_ros_plugins_msgs/lib/python3.8/site-packages:/home/osansubuntumachine/ros2_ws/install/uuv_trajectory_control/lib/python3.8/site-packages:/home/osansubuntumachine/ros2_ws/install/uuv_thruster_manager/lib/python3.8/site-packages:/home/osansubuntumachine/ros2_ws/install/uuv_sensor_ros_plugins_msgs/lib/python3.8/site-packages:/home/osansubuntumachine/ros2_ws/install/uuv_gazebo_ros_plugins_msgs/lib/python3.8/site-packages:/home/osansubuntumachine/ros2_ws/install/uuv_control_msgs/lib/python3.8/site-packages:/home/osansubuntumachine/ros2_ws/install/uuv_control_cascaded_pid/lib/python3.8/site-packages:/home/osansubuntumachine/ros2_ws/install/uuv_auv_control_allocator/lib/python3.8/site-packages:/home/osansubuntumachine/ros2_ws/install/uuv_assistants/lib/python3.8/site-packages:/home/osansubuntumachine/ros2_ws/install/rexrov_autonomy/lib/python3.8/site-packages:/opt/ros/foxy/lib/python3.8/site-packages /usr/bin/cmake --install /home/osansubuntumachine/ros2_ws/build/uuv_auv_control_allocator
