[0.035s] Invoking command in '/home/osansubuntumachine/ros2_ws/build/uuv_assistants': CMAKE_PREFIX_PATH=/home/osansubuntumachine/ros2_ws/install/plankton_utils:/home/osansubuntumachine/ros2_ws/install/plankton:/home/osansubuntumachine/ros2_ws/install/uuv_simulator:/home/osansubuntumachine/ros2_ws/install/uuv_world_ros_plugins:/home/osansubuntumachine/ros2_ws/install/uuv_tutorials:/home/osansubuntumachine/ros2_ws/install/uuv_tutorial_dp_controller:/home/osansubuntumachine/ros2_ws/install/uuv_tutorial_disturbances:/home/osansubuntumachine/ros2_ws/install/uuv_control_utils:/home/osansubuntumachine/ros2_ws/install/uuv_world_ros_plugins_msgs:/home/osansubuntumachine/ros2_ws/install/uuv_world_plugins:/home/osansubuntumachine/ros2_ws/install/uuv_tutorial_seabed_world:/home/osansubuntumachine/ros2_ws/install/uuv_trajectory_control:/home/osansubuntumachine/ros2_ws/install/uuv_teleop:/home/osansubuntumachine/ros2_ws/install/uuv_thruster_manager:/home/osansubuntumachine/ros2_ws/install/uuv_descriptions:/home/osansubuntumachine/ros2_ws/install/uuv_sensor_ros_plugins:/home/osansubuntumachine/ros2_ws/install/uuv_sensor_ros_plugins_msgs:/home/osansubuntumachine/ros2_ws/install/uuv_gazebo_worlds:/home/osansubuntumachine/ros2_ws/install/uuv_gazebo_ros_plugins:/home/osansubuntumachine/ros2_ws/install/uuv_gazebo_ros_plugins_msgs:/home/osansubuntumachine/ros2_ws/install/uuv_gazebo_plugins:/home/osansubuntumachine/ros2_ws/install/uuv_gazebo:/home/osansubuntumachine/ros2_ws/install/uuv_control_msgs:/home/osansubuntumachine/ros2_ws/install/uuv_control_cascaded_pid:/home/osansubuntumachine/ros2_ws/install/uuv_auv_control_allocator:/home/osansubuntumachine/ros2_ws/install/uuv_assistants:/home/osansubuntumachine/ros2_ws/install/rexrov_autonomy:/opt/ros/foxy PYTHONPATH=/home/osansubuntumachine/ros2_ws/install/plankton_utils/lib/python3.8/site-packages:/home/osansubuntumachine/ros2_ws/install/uuv_world_ros_plugins_msgs/lib/python3.8/site-packages:/home/osansubuntumachine/ros2_ws/install/uuv_trajectory_control/lib/python3.8/site-packages:/home/osansubuntumachine/ros2_ws/install/uuv_thruster_manager/lib/python3.8/site-packages:/home/osansubuntumachine/ros2_ws/install/uuv_sensor_ros_plugins_msgs/lib/python3.8/site-packages:/home/osansubuntumachine/ros2_ws/install/uuv_gazebo_ros_plugins_msgs/lib/python3.8/site-packages:/home/osansubuntumachine/ros2_ws/install/uuv_control_msgs/lib/python3.8/site-packages:/home/osansubuntumachine/ros2_ws/install/uuv_control_cascaded_pid/lib/python3.8/site-packages:/home/osansubuntumachine/ros2_ws/install/uuv_auv_control_allocator/lib/python3.8/site-packages:/home/osansubuntumachine/ros2_ws/install/uuv_assistants/lib/python3.8/site-packages:/home/osansubuntumachine/ros2_ws/install/rexrov_autonomy/lib/python3.8/site-packages:/opt/ros/foxy/lib/python3.8/site-packages /usr/bin/cmake --build /home/osansubuntumachine/ros2_ws/build/uuv_assistants -- -j4 -l4
[0.299s] [100%] Built target uuv_message_to_tf
[0.350s] Invoked command in '/home/osansubuntumachine/ros2_ws/build/uuv_assistants' returned '0': CMAKE_PREFIX_PATH=/home/osansubuntumachine/ros2_ws/install/plankton_utils:/home/osansubuntumachine/ros2_ws/install/plankton:/home/osansubuntumachine/ros2_ws/install/uuv_simulator:/home/osansubuntumachine/ros2_ws/install/uuv_world_ros_plugins:/home/osansubuntumachine/ros2_ws/install/uuv_tutorials:/home/osansubuntumachine/ros2_ws/install/uuv_tutorial_dp_controller:/home/osansubuntumachine/ros2_ws/install/uuv_tutorial_disturbances:/home/osansubuntumachine/ros2_ws/install/uuv_control_utils:/home/osansubuntumachine/ros2_ws/install/uuv_world_ros_plugins_msgs:/home/osansubuntumachine/ros2_ws/install/uuv_world_plugins:/home/osansubuntumachine/ros2_ws/install/uuv_tutorial_seabed_world:/home/osansubuntumachine/ros2_ws/install/uuv_trajectory_control:/home/osansubuntumachine/ros2_ws/install/uuv_teleop:/home/osansubuntumachine/ros2_ws/install/uuv_thruster_manager:/home/osansubuntumachine/ros2_ws/install/uuv_descriptions:/home/osansubuntumachine/ros2_ws/install/uuv_sensor_ros_plugins:/home/osansubuntumachine/ros2_ws/install/uuv_sensor_ros_plugins_msgs:/home/osansubuntumachine/ros2_ws/install/uuv_gazebo_worlds:/home/osansubuntumachine/ros2_ws/install/uuv_gazebo_ros_plugins:/home/osansubuntumachine/ros2_ws/install/uuv_gazebo_ros_plugins_msgs:/home/osansubuntumachine/ros2_ws/install/uuv_gazebo_plugins:/home/osansubuntumachine/ros2_ws/install/uuv_gazebo:/home/osansubuntumachine/ros2_ws/install/uuv_control_msgs:/home/osansubuntumachine/ros2_ws/install/uuv_control_cascaded_pid:/home/osansubuntumachine/ros2_ws/install/uuv_auv_control_allocator:/home/osansubuntumachine/ros2_ws/install/uuv_assistants:/home/osansubuntumachine/ros2_ws/install/rexrov_autonomy:/opt/ros/foxy PYTHONPATH=/home/osansubuntumachine/ros2_ws/install/plankton_utils/lib/python3.8/site-packages:/home/osansubuntumachine/ros2_ws/install/uuv_world_ros_plugins_msgs/lib/python3.8/site-packages:/home/osansubuntumachine/ros2_ws/install/uuv_trajectory_control/lib/python3.8/site-packages:/home/osansubuntumachine/ros2_ws/install/uuv_thruster_manager/lib/python3.8/site-packages:/home/osansubuntumachine/ros2_ws/install/uuv_sensor_ros_plugins_msgs/lib/python3.8/site-packages:/home/osansubuntumachine/ros2_ws/install/uuv_gazebo_ros_plugins_msgs/lib/python3.8/site-packages:/home/osansubuntumachine/ros2_ws/install/uuv_control_msgs/lib/python3.8/site-packages:/home/osansubuntumachine/ros2_ws/install/uuv_control_cascaded_pid/lib/python3.8/site-packages:/home/osansubuntumachine/ros2_ws/install/uuv_auv_control_allocator/lib/python3.8/site-packages:/home/osansubuntumachine/ros2_ws/install/uuv_assistants/lib/python3.8/site-packages:/home/osansubuntumachine/ros2_ws/install/rexrov_autonomy/lib/python3.8/site-packages:/opt/ros/foxy/lib/python3.8/site-packages /usr/bin/cmake --build /home/osansubuntumachine/ros2_ws/build/uuv_assistants -- -j4 -l4
[0.358s] Invoking command in '/home/osansubuntumachine/ros2_ws/build/uuv_assistants': CMAKE_PREFIX_PATH=/home/osansubuntumachine/ros2_ws/install/plankton_utils:/home/osansubuntumachine/ros2_ws/install/plankton:/home/osansubuntumachine/ros2_ws/install/uuv_simulator:/home/osansubuntumachine/ros2_ws/install/uuv_world_ros_plugins:/home/osansubuntumachine/ros2_ws/install/uuv_tutorials:/home/osansubuntumachine/ros2_ws/install/uuv_tutorial_dp_controller:/home/osansubuntumachine/ros2_ws/install/uuv_tutorial_disturbances:/home/osansubuntumachine/ros2_ws/install/uuv_control_utils:/home/osansubuntumachine/ros2_ws/install/uuv_world_ros_plugins_msgs:/home/osansubuntumachine/ros2_ws/install/uuv_world_plugins:/home/osansubuntumachine/ros2_ws/install/uuv_tutorial_seabed_world:/home/osansubuntumachine/ros2_ws/install/uuv_trajectory_control:/home/osansubuntumachine/ros2_ws/install/uuv_teleop:/home/osansubuntumachine/ros2_ws/install/uuv_thruster_manager:/home/osansubuntumachine/ros2_ws/install/uuv_descriptions:/home/osansubuntumachine/ros2_ws/install/uuv_sensor_ros_plugins:/home/osansubuntumachine/ros2_ws/install/uuv_sensor_ros_plugins_msgs:/home/osansubuntumachine/ros2_ws/install/uuv_gazebo_worlds:/home/osansubuntumachine/ros2_ws/install/uuv_gazebo_ros_plugins:/home/osansubuntumachine/ros2_ws/install/uuv_gazebo_ros_plugins_msgs:/home/osansubuntumachine/ros2_ws/install/uuv_gazebo_plugins:/home/osansubuntumachine/ros2_ws/install/uuv_gazebo:/home/osansubuntumachine/ros2_ws/install/uuv_control_msgs:/home/osansubuntumachine/ros2_ws/install/uuv_control_cascaded_pid:/home/osansubuntumachine/ros2_ws/install/uuv_auv_control_allocator:/home/osansubuntumachine/ros2_ws/install/uuv_assistants:/home/osansubuntumachine/ros2_ws/install/rexrov_autonomy:/opt/ros/foxy PYTHONPATH=/home/osansubuntumachine/ros2_ws/install/plankton_utils/lib/python3.8/site-packages:/home/osansubuntumachine/ros2_ws/install/uuv_world_ros_plugins_msgs/lib/python3.8/site-packages:/home/osansubuntumachine/ros2_ws/install/uuv_trajectory_control/lib/python3.8/site-packages:/home/osansubuntumachine/ros2_ws/install/uuv_thruster_manager/lib/python3.8/site-packages:/home/osansubuntumachine/ros2_ws/install/uuv_sensor_ros_plugins_msgs/lib/python3.8/site-packages:/home/osansubuntumachine/ros2_ws/install/uuv_gazebo_ros_plugins_msgs/lib/python3.8/site-packages:/home/osansubuntumachine/ros2_ws/install/uuv_control_msgs/lib/python3.8/site-packages:/home/osansubuntumachine/ros2_ws/install/uuv_control_cascaded_pid/lib/python3.8/site-packages:/home/osansubuntumachine/ros2_ws/install/uuv_auv_control_allocator/lib/python3.8/site-packages:/home/osansubuntumachine/ros2_ws/install/uuv_assistants/lib/python3.8/site-packages:/home/osansubuntumachine/ros2_ws/install/rexrov_autonomy/lib/python3.8/site-packages:/opt/ros/foxy/lib/python3.8/site-packages /usr/bin/cmake --install /home/osansubuntumachine/ros2_ws/build/uuv_assistants
[0.372s] -- Install configuration: ""
[0.373s] -- Up-to-date: /home/osansubuntumachine/ros2_ws/install/uuv_assistants/share/uuv_assistants/environment/pythonpath.sh
[0.373s] -- Up-to-date: /home/osansubuntumachine/ros2_ws/install/uuv_assistants/share/uuv_assistants/environment/pythonpath.dsv
[0.373s] -- Up-to-date: /home/osansubuntumachine/ros2_ws/install/uuv_assistants/lib/python3.8/site-packages/tf_quaternion
[0.374s] -- Up-to-date: /home/osansubuntumachine/ros2_ws/install/uuv_assistants/lib/python3.8/site-packages/tf_quaternion/transformations.py
[0.374s] -- Up-to-date: /home/osansubuntumachine/ros2_ws/install/uuv_assistants/lib/python3.8/site-packages/tf_quaternion/__init__.py
[0.550s] Listing '/home/osansubuntumachine/ros2_ws/install/uuv_assistants/lib/python3.8/site-packages/tf_quaternion'...
[0.628s] -- Up-to-date: /home/osansubuntumachine/ros2_ws/install/uuv_assistants/share/uuv_assistants/launch
[0.628s] -- Up-to-date: /home/osansubuntumachine/ros2_ws/install/uuv_assistants/share/uuv_assistants/launch/publish_vehicle_footprint.launch
[0.628s] -- Up-to-date: /home/osansubuntumachine/ros2_ws/install/uuv_assistants/share/uuv_assistants/launch/unpause_simulation.launch
[0.629s] -- Up-to-date: /home/osansubuntumachine/ros2_ws/install/uuv_assistants/share/uuv_assistants/launch/publish_world_ned_frame.launch
[0.629s] -- Up-to-date: /home/osansubuntumachine/ros2_ws/install/uuv_assistants/share/uuv_assistants/launch/publish_body_sname.launch
[0.629s] -- Up-to-date: /home/osansubuntumachine/ros2_ws/install/uuv_assistants/share/uuv_assistants/launch/message_to_tf.launch
[0.629s] -- Up-to-date: /home/osansubuntumachine/ros2_ws/install/uuv_assistants/share/uuv_assistants/launch/publish_footprints.launch
[0.629s] -- Up-to-date: /home/osansubuntumachine/ros2_ws/install/uuv_assistants/share/uuv_assistants/launch/set_simulation_timer.launch
[0.629s] -- Up-to-date: /home/osansubuntumachine/ros2_ws/install/uuv_assistants/share/uuv_assistants/templates
[0.629s] -- Up-to-date: /home/osansubuntumachine/ros2_ws/install/uuv_assistants/share/uuv_assistants/templates/control
[0.629s] -- Up-to-date: /home/osansubuntumachine/ros2_ws/install/uuv_assistants/share/uuv_assistants/templates/control/vel_pid_control.yaml
[0.629s] -- Up-to-date: /home/osansubuntumachine/ros2_ws/install/uuv_assistants/share/uuv_assistants/templates/control/position_hold_launch.xml
[0.629s] -- Up-to-date: /home/osansubuntumachine/ros2_ws/install/uuv_assistants/share/uuv_assistants/templates/control/thruster_manager.yaml
[0.629s] -- Up-to-date: /home/osansubuntumachine/ros2_ws/install/uuv_assistants/share/uuv_assistants/templates/control/pos_pid_control.yaml
[0.629s] -- Up-to-date: /home/osansubuntumachine/ros2_ws/install/uuv_assistants/share/uuv_assistants/templates/control/inertial.yaml
[0.629s] -- Up-to-date: /home/osansubuntumachine/ros2_ws/install/uuv_assistants/share/uuv_assistants/templates/control/thruster_manager_launch.xml
[0.630s] -- Up-to-date: /home/osansubuntumachine/ros2_ws/install/uuv_assistants/share/uuv_assistants/templates/control/TAM.yaml
[0.630s] -- Up-to-date: /home/osansubuntumachine/ros2_ws/install/uuv_assistants/share/uuv_assistants/templates/robot_model
[0.630s] -- Up-to-date: /home/osansubuntumachine/ros2_ws/install/uuv_assistants/share/uuv_assistants/templates/robot_model/launch
[0.630s] -- Up-to-date: /home/osansubuntumachine/ros2_ws/install/uuv_assistants/share/uuv_assistants/templates/robot_model/launch/upload.launch.template
[0.630s] -- Up-to-date: /home/osansubuntumachine/ros2_ws/install/uuv_assistants/share/uuv_assistants/templates/robot_model/urdf
[0.630s] -- Up-to-date: /home/osansubuntumachine/ros2_ws/install/uuv_assistants/share/uuv_assistants/templates/robot_model/urdf/base.xacro.template
[0.630s] -- Up-to-date: /home/osansubuntumachine/ros2_ws/install/uuv_assistants/share/uuv_assistants/templates/robot_model/urdf/gazebo.xacro.template
[0.630s] -- Up-to-date: /home/osansubuntumachine/ros2_ws/install/uuv_assistants/share/uuv_assistants/templates/robot_model/urdf/sensors.xacro.template
[0.630s] -- Up-to-date: /home/osansubuntumachine/ros2_ws/install/uuv_assistants/share/uuv_assistants/templates/robot_model/urdf/actuators.xacro.template
[0.630s] -- Up-to-date: /home/osansubuntumachine/ros2_ws/install/uuv_assistants/share/uuv_assistants/templates/robot_model/urdf/snippets.xacro.template
[0.630s] -- Up-to-date: /home/osansubuntumachine/ros2_ws/install/uuv_assistants/share/uuv_assistants/templates/robot_model/robots
[0.630s] -- Up-to-date: /home/osansubuntumachine/ros2_ws/install/uuv_assistants/share/uuv_assistants/templates/robot_model/robots/default.xacro.template
[0.630s] -- Up-to-date: /home/osansubuntumachine/ros2_ws/install/uuv_assistants/share/uuv_assistants/templates/robot_model/meshes
[0.630s] -- Up-to-date: /home/osansubuntumachine/ros2_ws/install/uuv_assistants/share/uuv_assistants/templates/robot_model/meshes/README.md
[0.630s] -- Up-to-date: /home/osansubuntumachine/ros2_ws/install/uuv_assistants/share/uuv_assistants/templates/thruster_manager_config
[0.630s] -- Up-to-date: /home/osansubuntumachine/ros2_ws/install/uuv_assistants/share/uuv_assistants/templates/thruster_manager_config/config
[0.631s] -- Up-to-date: /home/osansubuntumachine/ros2_ws/install/uuv_assistants/share/uuv_assistants/templates/thruster_manager_config/config/thruster_manager.yaml.template
[0.637s] -- Up-to-date: /home/osansubuntumachine/ros2_ws/install/uuv_assistants/share/uuv_assistants/templates/thruster_manager_config/launch
[0.662s] -- Up-to-date: /home/osansubuntumachine/ros2_ws/install/uuv_assistants/share/uuv_assistants/templates/thruster_manager_config/launch/start_thruster_manager.launch.template
[0.669s] -- Up-to-date: /home/osansubuntumachine/ros2_ws/install/uuv_assistants/lib/uuv_assistants/uuv_message_to_tf
[0.669s] -- Up-to-date: /home/osansubuntumachine/ros2_ws/install/uuv_assistants/lib/uuv_assistants/publish_footprints.py
[0.669s] -- Up-to-date: /home/osansubuntumachine/ros2_ws/install/uuv_assistants/lib/uuv_assistants/set_simulation_timer.py
[0.682s] -- Up-to-date: /home/osansubuntumachine/ros2_ws/install/uuv_assistants/lib/uuv_assistants/publish_world_models.py
[0.683s] -- Up-to-date: /home/osansubuntumachine/ros2_ws/install/uuv_assistants/lib/uuv_assistants/publish_vehicle_footprint.py
[0.683s] -- Up-to-date: /home/osansubuntumachine/ros2_ws/install/uuv_assistants/lib/uuv_assistants/unpause_simulation.py
[0.683s] -- Up-to-date: /home/osansubuntumachine/ros2_ws/install/uuv_assistants/lib/uuv_assistants/create_new_robot_model
[0.683s] -- Up-to-date: /home/osansubuntumachine/ros2_ws/install/uuv_assistants/lib/uuv_assistants/create_thruster_manager_configuration
[0.683s] -- Up-to-date: /home/osansubuntumachine/ros2_ws/install/uuv_assistants/lib/uuv_assistants/create_control_package
[0.683s] -- Up-to-date: /home/osansubuntumachine/ros2_ws/install/uuv_assistants/share/ament_index/resource_index/package_run_dependencies/uuv_assistants
[0.683s] -- Up-to-date: /home/osansubuntumachine/ros2_ws/install/uuv_assistants/share/ament_index/resource_index/parent_prefix_path/uuv_assistants
[0.683s] -- Up-to-date: /home/osansubuntumachine/ros2_ws/install/uuv_assistants/share/uuv_assistants/environment/ament_prefix_path.sh
[0.683s] -- Up-to-date: /home/osansubuntumachine/ros2_ws/install/uuv_assistants/share/uuv_assistants/environment/ament_prefix_path.dsv
[0.683s] -- Up-to-date: /home/osansubuntumachine/ros2_ws/install/uuv_assistants/share/uuv_assistants/environment/path.sh
[0.683s] -- Up-to-date: /home/osansubuntumachine/ros2_ws/install/uuv_assistants/share/uuv_assistants/environment/path.dsv
[0.683s] -- Up-to-date: /home/osansubuntumachine/ros2_ws/install/uuv_assistants/share/uuv_assistants/local_setup.bash
[0.689s] -- Up-to-date: /home/osansubuntumachine/ros2_ws/install/uuv_assistants/share/uuv_assistants/local_setup.sh
[0.693s] -- Up-to-date: /home/osansubuntumachine/ros2_ws/install/uuv_assistants/share/uuv_assistants/local_setup.zsh
[0.694s] -- Up-to-date: /home/osansubuntumachine/ros2_ws/install/uuv_assistants/share/uuv_assistants/local_setup.dsv
[0.695s] -- Installing: /home/osansubuntumachine/ros2_ws/install/uuv_assistants/share/uuv_assistants/package.dsv
[0.695s] -- Up-to-date: /home/osansubuntumachine/ros2_ws/install/uuv_assistants/share/ament_index/resource_index/packages/uuv_assistants
[0.695s] -- Up-to-date: /home/osansubuntumachine/ros2_ws/install/uuv_assistants/share/uuv_assistants/cmake/uuv_assistantsConfig.cmake
[0.695s] -- Up-to-date: /home/osansubuntumachine/ros2_ws/install/uuv_assistants/share/uuv_assistants/cmake/uuv_assistantsConfig-version.cmake
[0.695s] -- Up-to-date: /home/osansubuntumachine/ros2_ws/install/uuv_assistants/share/uuv_assistants/package.xml
[0.697s] Invoked command in '/home/osansubuntumachine/ros2_ws/build/uuv_assistants' returned '0': CMAKE_PREFIX_PATH=/home/osansubuntumachine/ros2_ws/install/plankton_utils:/home/osansubuntumachine/ros2_ws/install/plankton:/home/osansubuntumachine/ros2_ws/install/uuv_simulator:/home/osansubuntumachine/ros2_ws/install/uuv_world_ros_plugins:/home/osansubuntumachine/ros2_ws/install/uuv_tutorials:/home/osansubuntumachine/ros2_ws/install/uuv_tutorial_dp_controller:/home/osansubuntumachine/ros2_ws/install/uuv_tutorial_disturbances:/home/osansubuntumachine/ros2_ws/install/uuv_control_utils:/home/osansubuntumachine/ros2_ws/install/uuv_world_ros_plugins_msgs:/home/osansubuntumachine/ros2_ws/install/uuv_world_plugins:/home/osansubuntumachine/ros2_ws/install/uuv_tutorial_seabed_world:/home/osansubuntumachine/ros2_ws/install/uuv_trajectory_control:/home/osansubuntumachine/ros2_ws/install/uuv_teleop:/home/osansubuntumachine/ros2_ws/install/uuv_thruster_manager:/home/osansubuntumachine/ros2_ws/install/uuv_descriptions:/home/osansubuntumachine/ros2_ws/install/uuv_sensor_ros_plugins:/home/osansubuntumachine/ros2_ws/install/uuv_sensor_ros_plugins_msgs:/home/osansubuntumachine/ros2_ws/install/uuv_gazebo_worlds:/home/osansubuntumachine/ros2_ws/install/uuv_gazebo_ros_plugins:/home/osansubuntumachine/ros2_ws/install/uuv_gazebo_ros_plugins_msgs:/home/osansubuntumachine/ros2_ws/install/uuv_gazebo_plugins:/home/osansubuntumachine/ros2_ws/install/uuv_gazebo:/home/osansubuntumachine/ros2_ws/install/uuv_control_msgs:/home/osansubuntumachine/ros2_ws/install/uuv_control_cascaded_pid:/home/osansubuntumachine/ros2_ws/install/uuv_auv_control_allocator:/home/osansubuntumachine/ros2_ws/install/uuv_assistants:/home/osansubuntumachine/ros2_ws/install/rexrov_autonomy:/opt/ros/foxy PYTHONPATH=/home/osansubuntumachine/ros2_ws/install/plankton_utils/lib/python3.8/site-packages:/home/osansubuntumachine/ros2_ws/install/uuv_world_ros_plugins_msgs/lib/python3.8/site-packages:/home/osansubuntumachine/ros2_ws/install/uuv_trajectory_control/lib/python3.8/site-packages:/home/osansubuntumachine/ros2_ws/install/uuv_thruster_manager/lib/python3.8/site-packages:/home/osansubuntumachine/ros2_ws/install/uuv_sensor_ros_plugins_msgs/lib/python3.8/site-packages:/home/osansubuntumachine/ros2_ws/install/uuv_gazebo_ros_plugins_msgs/lib/python3.8/site-packages:/home/osansubuntumachine/ros2_ws/install/uuv_control_msgs/lib/python3.8/site-packages:/home/osansubuntumachine/ros2_ws/install/uuv_control_cascaded_pid/lib/python3.8/site-packages:/home/osansubuntumachine/ros2_ws/install/uuv_auv_control_allocator/lib/python3.8/site-packages:/home/osansubuntumachine/ros2_ws/install/uuv_assistants/lib/python3.8/site-packages:/home/osansubuntumachine/ros2_ws/install/rexrov_autonomy/lib/python3.8/site-packages:/opt/ros/foxy/lib/python3.8/site-packages /usr/bin/cmake --install /home/osansubuntumachine/ros2_ws/build/uuv_assistants
