[0.051s] Invoking command in '/home/osansubuntumachine/ros2_ws/build/uuv_gazebo_ros_plugins_msgs': CMAKE_PREFIX_PATH=${CMAKE_PREFIX_PATH}:/home/osansubuntumachine/ros2_ws/install/rexrov_autonomy:/opt/ros/foxy /usr/bin/cmake --build /home/osansubuntumachine/ros2_ws/build/uuv_gazebo_ros_plugins_msgs -- -j4 -l4
[0.315s] [  0%] Built target uuv_gazebo_ros_plugins_msgs__cpp
[0.356s] [ 12%] Built target uuv_gazebo_ros_plugins_msgs__rosidl_generator_c
[0.448s] [ 24%] Built target uuv_gazebo_ros_plugins_msgs__rosidl_typesupport_cpp
[0.463s] [ 36%] Built target uuv_gazebo_ros_plugins_msgs__rosidl_typesupport_introspection_cpp
[0.472s] [ 49%] Built target uuv_gazebo_ros_plugins_msgs__rosidl_typesupport_introspection_c
[0.476s] [ 60%] Built target uuv_gazebo_ros_plugins_msgs__rosidl_typesupport_fastrtps_cpp
[0.544s] [ 72%] Built target uuv_gazebo_ros_plugins_msgs__rosidl_typesupport_fastrtps_c
[0.562s] [ 84%] Built target uuv_gazebo_ros_plugins_msgs__rosidl_typesupport_c
[0.591s] [ 84%] Built target uuv_gazebo_ros_plugins_msgs
[0.638s] [ 85%] Built target uuv_gazebo_ros_plugins_msgs__py
[0.700s] [ 96%] Built target uuv_gazebo_ros_plugins_msgs__python
[0.762s] [ 97%] Built target uuv_gazebo_ros_plugins_msgs__rosidl_typesupport_fastrtps_c__pyext
[0.773s] [ 98%] Built target uuv_gazebo_ros_plugins_msgs__rosidl_typesupport_c__pyext
[0.782s] [100%] Built target uuv_gazebo_ros_plugins_msgs__rosidl_typesupport_introspection_c__pyext
[0.798s] Invoked command in '/home/osansubuntumachine/ros2_ws/build/uuv_gazebo_ros_plugins_msgs' returned '0': CMAKE_PREFIX_PATH=${CMAKE_PREFIX_PATH}:/home/osansubuntumachine/ros2_ws/install/rexrov_autonomy:/opt/ros/foxy /usr/bin/cmake --build /home/osansubuntumachine/ros2_ws/build/uuv_gazebo_ros_plugins_msgs -- -j4 -l4
[0.801s] Invoking command in '/home/osansubuntumachine/ros2_ws/build/uuv_gazebo_ros_plugins_msgs': CMAKE_PREFIX_PATH=${CMAKE_PREFIX_PATH}:/home/osansubuntumachine/ros2_ws/install/rexrov_autonomy:/opt/ros/foxy /usr/bin/cmake --install /home/osansubuntumachine/ros2_ws/build/uuv_gazebo_ros_plugins_msgs
[0.821s] -- Install configuration: ""
[0.821s] -- Up-to-date: /home/osansubuntumachine/ros2_ws/install/uuv_gazebo_ros_plugins_msgs/share/ament_index/resource_index/rosidl_interfaces/uuv_gazebo_ros_plugins_msgs
[0.821s] -- Up-to-date: /home/osansubuntumachine/ros2_ws/install/uuv_gazebo_ros_plugins_msgs/include/uuv_gazebo_ros_plugins_msgs
[0.821s] -- Up-to-date: /home/osansubuntumachine/ros2_ws/install/uuv_gazebo_ros_plugins_msgs/include/uuv_gazebo_ros_plugins_msgs/msg
[0.821s] -- Up-to-date: /home/osansubuntumachine/ros2_ws/install/uuv_gazebo_ros_plugins_msgs/include/uuv_gazebo_ros_plugins_msgs/msg/float_stamped.h
[0.821s] -- Up-to-date: /home/osansubuntumachine/ros2_ws/install/uuv_gazebo_ros_plugins_msgs/include/uuv_gazebo_ros_plugins_msgs/msg/rosidl_generator_c__visibility_control.h
[0.821s] -- Up-to-date: /home/osansubuntumachine/ros2_ws/install/uuv_gazebo_ros_plugins_msgs/include/uuv_gazebo_ros_plugins_msgs/msg/underwater_object_model.h
[0.821s] -- Up-to-date: /home/osansubuntumachine/ros2_ws/install/uuv_gazebo_ros_plugins_msgs/include/uuv_gazebo_ros_plugins_msgs/msg/thruster_conversion_fcn.h
[0.822s] -- Up-to-date: /home/osansubuntumachine/ros2_ws/install/uuv_gazebo_ros_plugins_msgs/include/uuv_gazebo_ros_plugins_msgs/msg/detail
[0.822s] -- Up-to-date: /home/osansubuntumachine/ros2_ws/install/uuv_gazebo_ros_plugins_msgs/include/uuv_gazebo_ros_plugins_msgs/msg/detail/float_stamped__type_support.h
[0.822s] -- Up-to-date: /home/osansubuntumachine/ros2_ws/install/uuv_gazebo_ros_plugins_msgs/include/uuv_gazebo_ros_plugins_msgs/msg/detail/float_stamped__functions.c
[0.822s] -- Up-to-date: /home/osansubuntumachine/ros2_ws/install/uuv_gazebo_ros_plugins_msgs/include/uuv_gazebo_ros_plugins_msgs/msg/detail/thruster_conversion_fcn__struct.h
[0.823s] -- Up-to-date: /home/osansubuntumachine/ros2_ws/install/uuv_gazebo_ros_plugins_msgs/include/uuv_gazebo_ros_plugins_msgs/msg/detail/underwater_object_model__functions.h
[0.823s] -- Up-to-date: /home/osansubuntumachine/ros2_ws/install/uuv_gazebo_ros_plugins_msgs/include/uuv_gazebo_ros_plugins_msgs/msg/detail/underwater_object_model__struct.h
[0.823s] -- Up-to-date: /home/osansubuntumachine/ros2_ws/install/uuv_gazebo_ros_plugins_msgs/include/uuv_gazebo_ros_plugins_msgs/msg/detail/thruster_conversion_fcn__functions.c
[0.823s] -- Up-to-date: /home/osansubuntumachine/ros2_ws/install/uuv_gazebo_ros_plugins_msgs/include/uuv_gazebo_ros_plugins_msgs/msg/detail/underwater_object_model__type_support.h
[0.824s] -- Up-to-date: /home/osansubuntumachine/ros2_ws/install/uuv_gazebo_ros_plugins_msgs/include/uuv_gazebo_ros_plugins_msgs/msg/detail/float_stamped__functions.h
[0.824s] -- Up-to-date: /home/osansubuntumachine/ros2_ws/install/uuv_gazebo_ros_plugins_msgs/include/uuv_gazebo_ros_plugins_msgs/msg/detail/thruster_conversion_fcn__functions.h
[0.824s] -- Up-to-date: /home/osansubuntumachine/ros2_ws/install/uuv_gazebo_ros_plugins_msgs/include/uuv_gazebo_ros_plugins_msgs/msg/detail/float_stamped__struct.h
[0.824s] -- Up-to-date: /home/osansubuntumachine/ros2_ws/install/uuv_gazebo_ros_plugins_msgs/include/uuv_gazebo_ros_plugins_msgs/msg/detail/thruster_conversion_fcn__type_support.h
[0.824s] -- Up-to-date: /home/osansubuntumachine/ros2_ws/install/uuv_gazebo_ros_plugins_msgs/include/uuv_gazebo_ros_plugins_msgs/msg/detail/underwater_object_model__functions.c
[0.825s] -- Up-to-date: /home/osansubuntumachine/ros2_ws/install/uuv_gazebo_ros_plugins_msgs/include/uuv_gazebo_ros_plugins_msgs/srv
[0.826s] -- Up-to-date: /home/osansubuntumachine/ros2_ws/install/uuv_gazebo_ros_plugins_msgs/include/uuv_gazebo_ros_plugins_msgs/srv/set_thruster_efficiency.h
[0.826s] -- Up-to-date: /home/osansubuntumachine/ros2_ws/install/uuv_gazebo_ros_plugins_msgs/include/uuv_gazebo_ros_plugins_msgs/srv/get_list_param.h
[0.826s] -- Up-to-date: /home/osansubuntumachine/ros2_ws/install/uuv_gazebo_ros_plugins_msgs/include/uuv_gazebo_ros_plugins_msgs/srv/get_model_properties.h
[0.826s] -- Up-to-date: /home/osansubuntumachine/ros2_ws/install/uuv_gazebo_ros_plugins_msgs/include/uuv_gazebo_ros_plugins_msgs/srv/set_float.h
[0.826s] -- Up-to-date: /home/osansubuntumachine/ros2_ws/install/uuv_gazebo_ros_plugins_msgs/include/uuv_gazebo_ros_plugins_msgs/srv/get_thruster_efficiency.h
[0.826s] -- Up-to-date: /home/osansubuntumachine/ros2_ws/install/uuv_gazebo_ros_plugins_msgs/include/uuv_gazebo_ros_plugins_msgs/srv/get_float.h
[0.827s] -- Up-to-date: /home/osansubuntumachine/ros2_ws/install/uuv_gazebo_ros_plugins_msgs/include/uuv_gazebo_ros_plugins_msgs/srv/get_thruster_state.h
[0.827s] -- Up-to-date: /home/osansubuntumachine/ros2_ws/install/uuv_gazebo_ros_plugins_msgs/include/uuv_gazebo_ros_plugins_msgs/srv/set_thruster_state.h
[0.828s] -- Up-to-date: /home/osansubuntumachine/ros2_ws/install/uuv_gazebo_ros_plugins_msgs/include/uuv_gazebo_ros_plugins_msgs/srv/detail
[0.828s] -- Up-to-date: /home/osansubuntumachine/ros2_ws/install/uuv_gazebo_ros_plugins_msgs/include/uuv_gazebo_ros_plugins_msgs/srv/detail/get_list_param__functions.h
[0.828s] -- Up-to-date: /home/osansubuntumachine/ros2_ws/install/uuv_gazebo_ros_plugins_msgs/include/uuv_gazebo_ros_plugins_msgs/srv/detail/get_thruster_state__struct.h
[0.828s] -- Up-to-date: /home/osansubuntumachine/ros2_ws/install/uuv_gazebo_ros_plugins_msgs/include/uuv_gazebo_ros_plugins_msgs/srv/detail/get_thruster_conversion_fcn__functions.h
[0.828s] -- Up-to-date: /home/osansubuntumachine/ros2_ws/install/uuv_gazebo_ros_plugins_msgs/include/uuv_gazebo_ros_plugins_msgs/srv/detail/set_thruster_efficiency__functions.c
[0.828s] -- Up-to-date: /home/osansubuntumachine/ros2_ws/install/uuv_gazebo_ros_plugins_msgs/include/uuv_gazebo_ros_plugins_msgs/srv/detail/get_model_properties__functions.c
[0.829s] -- Up-to-date: /home/osansubuntumachine/ros2_ws/install/uuv_gazebo_ros_plugins_msgs/include/uuv_gazebo_ros_plugins_msgs/srv/detail/set_thruster_state__functions.h
[0.829s] -- Up-to-date: /home/osansubuntumachine/ros2_ws/install/uuv_gazebo_ros_plugins_msgs/include/uuv_gazebo_ros_plugins_msgs/srv/detail/get_float__struct.h
[0.829s] -- Up-to-date: /home/osansubuntumachine/ros2_ws/install/uuv_gazebo_ros_plugins_msgs/include/uuv_gazebo_ros_plugins_msgs/srv/detail/get_model_properties__functions.h
[0.829s] -- Up-to-date: /home/osansubuntumachine/ros2_ws/install/uuv_gazebo_ros_plugins_msgs/include/uuv_gazebo_ros_plugins_msgs/srv/detail/get_thruster_efficiency__functions.c
[0.829s] -- Up-to-date: /home/osansubuntumachine/ros2_ws/install/uuv_gazebo_ros_plugins_msgs/include/uuv_gazebo_ros_plugins_msgs/srv/detail/get_thruster_conversion_fcn__functions.c
[0.829s] -- Up-to-date: /home/osansubuntumachine/ros2_ws/install/uuv_gazebo_ros_plugins_msgs/include/uuv_gazebo_ros_plugins_msgs/srv/detail/set_thruster_state__functions.c
[0.829s] -- Up-to-date: /home/osansubuntumachine/ros2_ws/install/uuv_gazebo_ros_plugins_msgs/include/uuv_gazebo_ros_plugins_msgs/srv/detail/get_thruster_efficiency__functions.h
[0.831s] -- Up-to-date: /home/osansubuntumachine/ros2_ws/install/uuv_gazebo_ros_plugins_msgs/include/uuv_gazebo_ros_plugins_msgs/srv/detail/get_thruster_efficiency__type_support.h
[0.834s] -- Up-to-date: /home/osansubuntumachine/ros2_ws/install/uuv_gazebo_ros_plugins_msgs/include/uuv_gazebo_ros_plugins_msgs/srv/detail/set_float__struct.h
[0.834s] -- Up-to-date: /home/osansubuntumachine/ros2_ws/install/uuv_gazebo_ros_plugins_msgs/include/uuv_gazebo_ros_plugins_msgs/srv/detail/set_thruster_efficiency__type_support.h
[0.835s] -- Up-to-date: /home/osansubuntumachine/ros2_ws/install/uuv_gazebo_ros_plugins_msgs/include/uuv_gazebo_ros_plugins_msgs/srv/detail/get_thruster_efficiency__struct.h
[0.835s] -- Up-to-date: /home/osansubuntumachine/ros2_ws/install/uuv_gazebo_ros_plugins_msgs/include/uuv_gazebo_ros_plugins_msgs/srv/detail/get_model_properties__struct.h
[0.835s] -- Up-to-date: /home/osansubuntumachine/ros2_ws/install/uuv_gazebo_ros_plugins_msgs/include/uuv_gazebo_ros_plugins_msgs/srv/detail/get_float__functions.c
[0.835s] -- Up-to-date: /home/osansubuntumachine/ros2_ws/install/uuv_gazebo_ros_plugins_msgs/include/uuv_gazebo_ros_plugins_msgs/srv/detail/set_thruster_state__type_support.h
[0.835s] -- Up-to-date: /home/osansubuntumachine/ros2_ws/install/uuv_gazebo_ros_plugins_msgs/include/uuv_gazebo_ros_plugins_msgs/srv/detail/get_thruster_state__functions.c
[0.835s] -- Up-to-date: /home/osansubuntumachine/ros2_ws/install/uuv_gazebo_ros_plugins_msgs/include/uuv_gazebo_ros_plugins_msgs/srv/detail/get_thruster_state__type_support.h
[0.835s] -- Up-to-date: /home/osansubuntumachine/ros2_ws/install/uuv_gazebo_ros_plugins_msgs/include/uuv_gazebo_ros_plugins_msgs/srv/detail/set_float__functions.h
[0.836s] -- Up-to-date: /home/osansubuntumachine/ros2_ws/install/uuv_gazebo_ros_plugins_msgs/include/uuv_gazebo_ros_plugins_msgs/srv/detail/get_list_param__functions.c
[0.836s] -- Up-to-date: /home/osansubuntumachine/ros2_ws/install/uuv_gazebo_ros_plugins_msgs/include/uuv_gazebo_ros_plugins_msgs/srv/detail/get_model_properties__type_support.h
[0.836s] -- Up-to-date: /home/osansubuntumachine/ros2_ws/install/uuv_gazebo_ros_plugins_msgs/include/uuv_gazebo_ros_plugins_msgs/srv/detail/set_float__functions.c
[0.836s] -- Up-to-date: /home/osansubuntumachine/ros2_ws/install/uuv_gazebo_ros_plugins_msgs/include/uuv_gazebo_ros_plugins_msgs/srv/detail/set_thruster_state__struct.h
[0.836s] -- Up-to-date: /home/osansubuntumachine/ros2_ws/install/uuv_gazebo_ros_plugins_msgs/include/uuv_gazebo_ros_plugins_msgs/srv/detail/set_use_global_current_vel__struct.h
[0.836s] -- Up-to-date: /home/osansubuntumachine/ros2_ws/install/uuv_gazebo_ros_plugins_msgs/include/uuv_gazebo_ros_plugins_msgs/srv/detail/get_float__type_support.h
[0.836s] -- Up-to-date: /home/osansubuntumachine/ros2_ws/install/uuv_gazebo_ros_plugins_msgs/include/uuv_gazebo_ros_plugins_msgs/srv/detail/set_use_global_current_vel__type_support.h
[0.836s] -- Up-to-date: /home/osansubuntumachine/ros2_ws/install/uuv_gazebo_ros_plugins_msgs/include/uuv_gazebo_ros_plugins_msgs/srv/detail/set_thruster_efficiency__struct.h
[0.836s] -- Up-to-date: /home/osansubuntumachine/ros2_ws/install/uuv_gazebo_ros_plugins_msgs/include/uuv_gazebo_ros_plugins_msgs/srv/detail/get_list_param__struct.h
[0.836s] -- Up-to-date: /home/osansubuntumachine/ros2_ws/install/uuv_gazebo_ros_plugins_msgs/include/uuv_gazebo_ros_plugins_msgs/srv/detail/get_float__functions.h
[0.837s] -- Up-to-date: /home/osansubuntumachine/ros2_ws/install/uuv_gazebo_ros_plugins_msgs/include/uuv_gazebo_ros_plugins_msgs/srv/detail/set_use_global_current_vel__functions.h
[0.837s] -- Up-to-date: /home/osansubuntumachine/ros2_ws/install/uuv_gazebo_ros_plugins_msgs/include/uuv_gazebo_ros_plugins_msgs/srv/detail/set_thruster_efficiency__functions.h
[0.837s] -- Up-to-date: /home/osansubuntumachine/ros2_ws/install/uuv_gazebo_ros_plugins_msgs/include/uuv_gazebo_ros_plugins_msgs/srv/detail/get_thruster_conversion_fcn__struct.h
[0.837s] -- Up-to-date: /home/osansubuntumachine/ros2_ws/install/uuv_gazebo_ros_plugins_msgs/include/uuv_gazebo_ros_plugins_msgs/srv/detail/set_float__type_support.h
[0.837s] -- Up-to-date: /home/osansubuntumachine/ros2_ws/install/uuv_gazebo_ros_plugins_msgs/include/uuv_gazebo_ros_plugins_msgs/srv/detail/set_use_global_current_vel__functions.c
[0.837s] -- Up-to-date: /home/osansubuntumachine/ros2_ws/install/uuv_gazebo_ros_plugins_msgs/include/uuv_gazebo_ros_plugins_msgs/srv/detail/get_thruster_state__functions.h
[0.837s] -- Up-to-date: /home/osansubuntumachine/ros2_ws/install/uuv_gazebo_ros_plugins_msgs/include/uuv_gazebo_ros_plugins_msgs/srv/detail/get_thruster_conversion_fcn__type_support.h
[0.837s] -- Up-to-date: /home/osansubuntumachine/ros2_ws/install/uuv_gazebo_ros_plugins_msgs/include/uuv_gazebo_ros_plugins_msgs/srv/detail/get_list_param__type_support.h
[0.837s] -- Up-to-date: /home/osansubuntumachine/ros2_ws/install/uuv_gazebo_ros_plugins_msgs/include/uuv_gazebo_ros_plugins_msgs/srv/get_thruster_conversion_fcn.h
[0.837s] -- Up-to-date: /home/osansubuntumachine/ros2_ws/install/uuv_gazebo_ros_plugins_msgs/include/uuv_gazebo_ros_plugins_msgs/srv/set_use_global_current_vel.h
[0.837s] -- Up-to-date: /home/osansubuntumachine/ros2_ws/install/uuv_gazebo_ros_plugins_msgs/share/uuv_gazebo_ros_plugins_msgs/environment/library_path.sh
[0.837s] -- Up-to-date: /home/osansubuntumachine/ros2_ws/install/uuv_gazebo_ros_plugins_msgs/share/uuv_gazebo_ros_plugins_msgs/environment/library_path.dsv
[0.837s] -- Up-to-date: /home/osansubuntumachine/ros2_ws/install/uuv_gazebo_ros_plugins_msgs/lib/libuuv_gazebo_ros_plugins_msgs__rosidl_generator_c.so
[0.837s] -- Up-to-date: /home/osansubuntumachine/ros2_ws/install/uuv_gazebo_ros_plugins_msgs/include/uuv_gazebo_ros_plugins_msgs
[0.837s] -- Up-to-date: /home/osansubuntumachine/ros2_ws/install/uuv_gazebo_ros_plugins_msgs/include/uuv_gazebo_ros_plugins_msgs/msg
[0.837s] -- Up-to-date: /home/osansubuntumachine/ros2_ws/install/uuv_gazebo_ros_plugins_msgs/include/uuv_gazebo_ros_plugins_msgs/msg/rosidl_typesupport_fastrtps_c__visibility_control.h
[0.839s] -- Up-to-date: /home/osansubuntumachine/ros2_ws/install/uuv_gazebo_ros_plugins_msgs/include/uuv_gazebo_ros_plugins_msgs/msg/detail
[0.840s] -- Up-to-date: /home/osansubuntumachine/ros2_ws/install/uuv_gazebo_ros_plugins_msgs/include/uuv_gazebo_ros_plugins_msgs/msg/detail/underwater_object_model__rosidl_typesupport_fastrtps_c.h
[0.840s] -- Up-to-date: /home/osansubuntumachine/ros2_ws/install/uuv_gazebo_ros_plugins_msgs/include/uuv_gazebo_ros_plugins_msgs/msg/detail/float_stamped__rosidl_typesupport_fastrtps_c.h
[0.840s] -- Up-to-date: /home/osansubuntumachine/ros2_ws/install/uuv_gazebo_ros_plugins_msgs/include/uuv_gazebo_ros_plugins_msgs/msg/detail/thruster_conversion_fcn__rosidl_typesupport_fastrtps_c.h
[0.840s] -- Up-to-date: /home/osansubuntumachine/ros2_ws/install/uuv_gazebo_ros_plugins_msgs/include/uuv_gazebo_ros_plugins_msgs/srv
[0.840s] -- Up-to-date: /home/osansubuntumachine/ros2_ws/install/uuv_gazebo_ros_plugins_msgs/include/uuv_gazebo_ros_plugins_msgs/srv/detail
[0.840s] -- Up-to-date: /home/osansubuntumachine/ros2_ws/install/uuv_gazebo_ros_plugins_msgs/include/uuv_gazebo_ros_plugins_msgs/srv/detail/set_thruster_efficiency__rosidl_typesupport_fastrtps_c.h
[0.840s] -- Up-to-date: /home/osansubuntumachine/ros2_ws/install/uuv_gazebo_ros_plugins_msgs/include/uuv_gazebo_ros_plugins_msgs/srv/detail/get_model_properties__rosidl_typesupport_fastrtps_c.h
[0.840s] -- Up-to-date: /home/osansubuntumachine/ros2_ws/install/uuv_gazebo_ros_plugins_msgs/include/uuv_gazebo_ros_plugins_msgs/srv/detail/get_thruster_state__rosidl_typesupport_fastrtps_c.h
[0.840s] -- Up-to-date: /home/osansubuntumachine/ros2_ws/install/uuv_gazebo_ros_plugins_msgs/include/uuv_gazebo_ros_plugins_msgs/srv/detail/get_thruster_efficiency__rosidl_typesupport_fastrtps_c.h
[0.840s] -- Up-to-date: /home/osansubuntumachine/ros2_ws/install/uuv_gazebo_ros_plugins_msgs/include/uuv_gazebo_ros_plugins_msgs/srv/detail/set_float__rosidl_typesupport_fastrtps_c.h
[0.841s] -- Up-to-date: /home/osansubuntumachine/ros2_ws/install/uuv_gazebo_ros_plugins_msgs/include/uuv_gazebo_ros_plugins_msgs/srv/detail/get_thruster_conversion_fcn__rosidl_typesupport_fastrtps_c.h
[0.841s] -- Up-to-date: /home/osansubuntumachine/ros2_ws/install/uuv_gazebo_ros_plugins_msgs/include/uuv_gazebo_ros_plugins_msgs/srv/detail/set_thruster_state__rosidl_typesupport_fastrtps_c.h
[0.841s] -- Up-to-date: /home/osansubuntumachine/ros2_ws/install/uuv_gazebo_ros_plugins_msgs/include/uuv_gazebo_ros_plugins_msgs/srv/detail/set_use_global_current_vel__rosidl_typesupport_fastrtps_c.h
[0.841s] -- Up-to-date: /home/osansubuntumachine/ros2_ws/install/uuv_gazebo_ros_plugins_msgs/include/uuv_gazebo_ros_plugins_msgs/srv/detail/get_float__rosidl_typesupport_fastrtps_c.h
[0.841s] -- Up-to-date: /home/osansubuntumachine/ros2_ws/install/uuv_gazebo_ros_plugins_msgs/include/uuv_gazebo_ros_plugins_msgs/srv/detail/get_list_param__rosidl_typesupport_fastrtps_c.h
[0.849s] -- Up-to-date: /home/osansubuntumachine/ros2_ws/install/uuv_gazebo_ros_plugins_msgs/lib/libuuv_gazebo_ros_plugins_msgs__rosidl_typesupport_fastrtps_c.so
[0.858s] -- Up-to-date: /home/osansubuntumachine/ros2_ws/install/uuv_gazebo_ros_plugins_msgs/include/uuv_gazebo_ros_plugins_msgs
[0.859s] -- Up-to-date: /home/osansubuntumachine/ros2_ws/install/uuv_gazebo_ros_plugins_msgs/include/uuv_gazebo_ros_plugins_msgs/msg
[0.859s] -- Up-to-date: /home/osansubuntumachine/ros2_ws/install/uuv_gazebo_ros_plugins_msgs/include/uuv_gazebo_ros_plugins_msgs/msg/rosidl_typesupport_fastrtps_cpp__visibility_control.h
[0.859s] -- Up-to-date: /home/osansubuntumachine/ros2_ws/install/uuv_gazebo_ros_plugins_msgs/include/uuv_gazebo_ros_plugins_msgs/msg/detail
[0.859s] -- Up-to-date: /home/osansubuntumachine/ros2_ws/install/uuv_gazebo_ros_plugins_msgs/include/uuv_gazebo_ros_plugins_msgs/msg/detail/float_stamped__rosidl_typesupport_fastrtps_cpp.hpp
[0.859s] -- Up-to-date: /home/osansubuntumachine/ros2_ws/install/uuv_gazebo_ros_plugins_msgs/include/uuv_gazebo_ros_plugins_msgs/msg/detail/underwater_object_model__rosidl_typesupport_fastrtps_cpp.hpp
[0.859s] -- Up-to-date: /home/osansubuntumachine/ros2_ws/install/uuv_gazebo_ros_plugins_msgs/include/uuv_gazebo_ros_plugins_msgs/msg/detail/dds_fastrtps
[0.859s] -- Up-to-date: /home/osansubuntumachine/ros2_ws/install/uuv_gazebo_ros_plugins_msgs/include/uuv_gazebo_ros_plugins_msgs/msg/detail/thruster_conversion_fcn__rosidl_typesupport_fastrtps_cpp.hpp
[0.859s] -- Up-to-date: /home/osansubuntumachine/ros2_ws/install/uuv_gazebo_ros_plugins_msgs/include/uuv_gazebo_ros_plugins_msgs/srv
[0.859s] -- Up-to-date: /home/osansubuntumachine/ros2_ws/install/uuv_gazebo_ros_plugins_msgs/include/uuv_gazebo_ros_plugins_msgs/srv/detail
[0.859s] -- Up-to-date: /home/osansubuntumachine/ros2_ws/install/uuv_gazebo_ros_plugins_msgs/include/uuv_gazebo_ros_plugins_msgs/srv/detail/get_list_param__rosidl_typesupport_fastrtps_cpp.hpp
[0.859s] -- Up-to-date: /home/osansubuntumachine/ros2_ws/install/uuv_gazebo_ros_plugins_msgs/include/uuv_gazebo_ros_plugins_msgs/srv/detail/get_thruster_conversion_fcn__rosidl_typesupport_fastrtps_cpp.hpp
[0.859s] -- Up-to-date: /home/osansubuntumachine/ros2_ws/install/uuv_gazebo_ros_plugins_msgs/include/uuv_gazebo_ros_plugins_msgs/srv/detail/set_float__rosidl_typesupport_fastrtps_cpp.hpp
[0.859s] -- Up-to-date: /home/osansubuntumachine/ros2_ws/install/uuv_gazebo_ros_plugins_msgs/include/uuv_gazebo_ros_plugins_msgs/srv/detail/set_thruster_state__rosidl_typesupport_fastrtps_cpp.hpp
[0.859s] -- Up-to-date: /home/osansubuntumachine/ros2_ws/install/uuv_gazebo_ros_plugins_msgs/include/uuv_gazebo_ros_plugins_msgs/srv/detail/get_model_properties__rosidl_typesupport_fastrtps_cpp.hpp
[0.860s] -- Up-to-date: /home/osansubuntumachine/ros2_ws/install/uuv_gazebo_ros_plugins_msgs/include/uuv_gazebo_ros_plugins_msgs/srv/detail/get_float__rosidl_typesupport_fastrtps_cpp.hpp
[0.860s] -- Up-to-date: /home/osansubuntumachine/ros2_ws/install/uuv_gazebo_ros_plugins_msgs/include/uuv_gazebo_ros_plugins_msgs/srv/detail/get_thruster_efficiency__rosidl_typesupport_fastrtps_cpp.hpp
[0.860s] -- Up-to-date: /home/osansubuntumachine/ros2_ws/install/uuv_gazebo_ros_plugins_msgs/include/uuv_gazebo_ros_plugins_msgs/srv/detail/get_thruster_state__rosidl_typesupport_fastrtps_cpp.hpp
[0.866s] -- Up-to-date: /home/osansubuntumachine/ros2_ws/install/uuv_gazebo_ros_plugins_msgs/include/uuv_gazebo_ros_plugins_msgs/srv/detail/set_thruster_efficiency__rosidl_typesupport_fastrtps_cpp.hpp
[0.866s] -- Up-to-date: /home/osansubuntumachine/ros2_ws/install/uuv_gazebo_ros_plugins_msgs/include/uuv_gazebo_ros_plugins_msgs/srv/detail/dds_fastrtps
[0.867s] -- Up-to-date: /home/osansubuntumachine/ros2_ws/install/uuv_gazebo_ros_plugins_msgs/include/uuv_gazebo_ros_plugins_msgs/srv/detail/set_use_global_current_vel__rosidl_typesupport_fastrtps_cpp.hpp
[0.872s] -- Up-to-date: /home/osansubuntumachine/ros2_ws/install/uuv_gazebo_ros_plugins_msgs/lib/libuuv_gazebo_ros_plugins_msgs__rosidl_typesupport_fastrtps_cpp.so
[0.881s] -- Up-to-date: /home/osansubuntumachine/ros2_ws/install/uuv_gazebo_ros_plugins_msgs/include/uuv_gazebo_ros_plugins_msgs
[0.881s] -- Up-to-date: /home/osansubuntumachine/ros2_ws/install/uuv_gazebo_ros_plugins_msgs/include/uuv_gazebo_ros_plugins_msgs/msg
[0.881s] -- Up-to-date: /home/osansubuntumachine/ros2_ws/install/uuv_gazebo_ros_plugins_msgs/include/uuv_gazebo_ros_plugins_msgs/msg/rosidl_typesupport_introspection_c__visibility_control.h
[0.881s] -- Up-to-date: /home/osansubuntumachine/ros2_ws/install/uuv_gazebo_ros_plugins_msgs/include/uuv_gazebo_ros_plugins_msgs/msg/detail
[0.882s] -- Up-to-date: /home/osansubuntumachine/ros2_ws/install/uuv_gazebo_ros_plugins_msgs/include/uuv_gazebo_ros_plugins_msgs/msg/detail/thruster_conversion_fcn__rosidl_typesupport_introspection_c.h
[0.882s] -- Up-to-date: /home/osansubuntumachine/ros2_ws/install/uuv_gazebo_ros_plugins_msgs/include/uuv_gazebo_ros_plugins_msgs/msg/detail/underwater_object_model__type_support.c
[0.882s] -- Up-to-date: /home/osansubuntumachine/ros2_ws/install/uuv_gazebo_ros_plugins_msgs/include/uuv_gazebo_ros_plugins_msgs/msg/detail/float_stamped__type_support.c
[0.882s] -- Up-to-date: /home/osansubuntumachine/ros2_ws/install/uuv_gazebo_ros_plugins_msgs/include/uuv_gazebo_ros_plugins_msgs/msg/detail/float_stamped__rosidl_typesupport_introspection_c.h
[0.882s] -- Up-to-date: /home/osansubuntumachine/ros2_ws/install/uuv_gazebo_ros_plugins_msgs/include/uuv_gazebo_ros_plugins_msgs/msg/detail/underwater_object_model__rosidl_typesupport_introspection_c.h
[0.882s] -- Up-to-date: /home/osansubuntumachine/ros2_ws/install/uuv_gazebo_ros_plugins_msgs/include/uuv_gazebo_ros_plugins_msgs/msg/detail/thruster_conversion_fcn__type_support.c
[0.882s] -- Up-to-date: /home/osansubuntumachine/ros2_ws/install/uuv_gazebo_ros_plugins_msgs/include/uuv_gazebo_ros_plugins_msgs/srv
[0.882s] -- Up-to-date: /home/osansubuntumachine/ros2_ws/install/uuv_gazebo_ros_plugins_msgs/include/uuv_gazebo_ros_plugins_msgs/srv/detail
[0.882s] -- Up-to-date: /home/osansubuntumachine/ros2_ws/install/uuv_gazebo_ros_plugins_msgs/include/uuv_gazebo_ros_plugins_msgs/srv/detail/get_float__type_support.c
[0.882s] -- Up-to-date: /home/osansubuntumachine/ros2_ws/install/uuv_gazebo_ros_plugins_msgs/include/uuv_gazebo_ros_plugins_msgs/srv/detail/set_thruster_state__type_support.c
[0.883s] -- Up-to-date: /home/osansubuntumachine/ros2_ws/install/uuv_gazebo_ros_plugins_msgs/include/uuv_gazebo_ros_plugins_msgs/srv/detail/get_thruster_state__type_support.c
[0.883s] -- Up-to-date: /home/osansubuntumachine/ros2_ws/install/uuv_gazebo_ros_plugins_msgs/include/uuv_gazebo_ros_plugins_msgs/srv/detail/get_thruster_state__rosidl_typesupport_introspection_c.h
[0.883s] -- Up-to-date: /home/osansubuntumachine/ros2_ws/install/uuv_gazebo_ros_plugins_msgs/include/uuv_gazebo_ros_plugins_msgs/srv/detail/get_model_properties__rosidl_typesupport_introspection_c.h
[0.883s] -- Up-to-date: /home/osansubuntumachine/ros2_ws/install/uuv_gazebo_ros_plugins_msgs/include/uuv_gazebo_ros_plugins_msgs/srv/detail/set_float__type_support.c
[0.883s] -- Up-to-date: /home/osansubuntumachine/ros2_ws/install/uuv_gazebo_ros_plugins_msgs/include/uuv_gazebo_ros_plugins_msgs/srv/detail/set_use_global_current_vel__rosidl_typesupport_introspection_c.h
[0.883s] -- Up-to-date: /home/osansubuntumachine/ros2_ws/install/uuv_gazebo_ros_plugins_msgs/include/uuv_gazebo_ros_plugins_msgs/srv/detail/set_thruster_efficiency__rosidl_typesupport_introspection_c.h
[0.883s] -- Up-to-date: /home/osansubuntumachine/ros2_ws/install/uuv_gazebo_ros_plugins_msgs/include/uuv_gazebo_ros_plugins_msgs/srv/detail/set_thruster_state__rosidl_typesupport_introspection_c.h
[0.883s] -- Up-to-date: /home/osansubuntumachine/ros2_ws/install/uuv_gazebo_ros_plugins_msgs/include/uuv_gazebo_ros_plugins_msgs/srv/detail/get_model_properties__type_support.c
[0.883s] -- Up-to-date: /home/osansubuntumachine/ros2_ws/install/uuv_gazebo_ros_plugins_msgs/include/uuv_gazebo_ros_plugins_msgs/srv/detail/get_thruster_conversion_fcn__rosidl_typesupport_introspection_c.h
[0.883s] -- Up-to-date: /home/osansubuntumachine/ros2_ws/install/uuv_gazebo_ros_plugins_msgs/include/uuv_gazebo_ros_plugins_msgs/srv/detail/get_thruster_conversion_fcn__type_support.c
[0.883s] -- Up-to-date: /home/osansubuntumachine/ros2_ws/install/uuv_gazebo_ros_plugins_msgs/include/uuv_gazebo_ros_plugins_msgs/srv/detail/set_float__rosidl_typesupport_introspection_c.h
[0.883s] -- Up-to-date: /home/osansubuntumachine/ros2_ws/install/uuv_gazebo_ros_plugins_msgs/include/uuv_gazebo_ros_plugins_msgs/srv/detail/get_list_param__rosidl_typesupport_introspection_c.h
[0.884s] -- Up-to-date: /home/osansubuntumachine/ros2_ws/install/uuv_gazebo_ros_plugins_msgs/include/uuv_gazebo_ros_plugins_msgs/srv/detail/set_use_global_current_vel__type_support.c
[0.884s] -- Up-to-date: /home/osansubuntumachine/ros2_ws/install/uuv_gazebo_ros_plugins_msgs/include/uuv_gazebo_ros_plugins_msgs/srv/detail/get_thruster_efficiency__type_support.c
[0.884s] -- Up-to-date: /home/osansubuntumachine/ros2_ws/install/uuv_gazebo_ros_plugins_msgs/include/uuv_gazebo_ros_plugins_msgs/srv/detail/get_float__rosidl_typesupport_introspection_c.h
[0.884s] -- Up-to-date: /home/osansubuntumachine/ros2_ws/install/uuv_gazebo_ros_plugins_msgs/include/uuv_gazebo_ros_plugins_msgs/srv/detail/set_thruster_efficiency__type_support.c
[0.884s] -- Up-to-date: /home/osansubuntumachine/ros2_ws/install/uuv_gazebo_ros_plugins_msgs/include/uuv_gazebo_ros_plugins_msgs/srv/detail/get_thruster_efficiency__rosidl_typesupport_introspection_c.h
[0.884s] -- Up-to-date: /home/osansubuntumachine/ros2_ws/install/uuv_gazebo_ros_plugins_msgs/include/uuv_gazebo_ros_plugins_msgs/srv/detail/get_list_param__type_support.c
[0.888s] -- Up-to-date: /home/osansubuntumachine/ros2_ws/install/uuv_gazebo_ros_plugins_msgs/lib/libuuv_gazebo_ros_plugins_msgs__rosidl_typesupport_introspection_c.so
[0.893s] -- Up-to-date: /home/osansubuntumachine/ros2_ws/install/uuv_gazebo_ros_plugins_msgs/lib/libuuv_gazebo_ros_plugins_msgs__rosidl_typesupport_c.so
[0.893s] -- Up-to-date: /home/osansubuntumachine/ros2_ws/install/uuv_gazebo_ros_plugins_msgs/include/uuv_gazebo_ros_plugins_msgs
[0.893s] -- Up-to-date: /home/osansubuntumachine/ros2_ws/install/uuv_gazebo_ros_plugins_msgs/include/uuv_gazebo_ros_plugins_msgs/msg
[0.893s] -- Up-to-date: /home/osansubuntumachine/ros2_ws/install/uuv_gazebo_ros_plugins_msgs/include/uuv_gazebo_ros_plugins_msgs/msg/float_stamped.hpp
[0.894s] -- Up-to-date: /home/osansubuntumachine/ros2_ws/install/uuv_gazebo_ros_plugins_msgs/include/uuv_gazebo_ros_plugins_msgs/msg/thruster_conversion_fcn.hpp
[0.894s] -- Up-to-date: /home/osansubuntumachine/ros2_ws/install/uuv_gazebo_ros_plugins_msgs/include/uuv_gazebo_ros_plugins_msgs/msg/rosidl_generator_cpp__visibility_control.hpp
[0.894s] -- Up-to-date: /home/osansubuntumachine/ros2_ws/install/uuv_gazebo_ros_plugins_msgs/include/uuv_gazebo_ros_plugins_msgs/msg/underwater_object_model.hpp
[0.894s] -- Up-to-date: /home/osansubuntumachine/ros2_ws/install/uuv_gazebo_ros_plugins_msgs/include/uuv_gazebo_ros_plugins_msgs/msg/detail
[0.894s] -- Up-to-date: /home/osansubuntumachine/ros2_ws/install/uuv_gazebo_ros_plugins_msgs/include/uuv_gazebo_ros_plugins_msgs/msg/detail/float_stamped__builder.hpp
[0.894s] -- Up-to-date: /home/osansubuntumachine/ros2_ws/install/uuv_gazebo_ros_plugins_msgs/include/uuv_gazebo_ros_plugins_msgs/msg/detail/thruster_conversion_fcn__traits.hpp
[0.894s] -- Up-to-date: /home/osansubuntumachine/ros2_ws/install/uuv_gazebo_ros_plugins_msgs/include/uuv_gazebo_ros_plugins_msgs/msg/detail/float_stamped__traits.hpp
[0.894s] -- Up-to-date: /home/osansubuntumachine/ros2_ws/install/uuv_gazebo_ros_plugins_msgs/include/uuv_gazebo_ros_plugins_msgs/msg/detail/underwater_object_model__traits.hpp
[0.894s] -- Up-to-date: /home/osansubuntumachine/ros2_ws/install/uuv_gazebo_ros_plugins_msgs/include/uuv_gazebo_ros_plugins_msgs/msg/detail/thruster_conversion_fcn__type_support.hpp
[0.894s] -- Up-to-date: /home/osansubuntumachine/ros2_ws/install/uuv_gazebo_ros_plugins_msgs/include/uuv_gazebo_ros_plugins_msgs/msg/detail/underwater_object_model__type_support.hpp
[0.894s] -- Up-to-date: /home/osansubuntumachine/ros2_ws/install/uuv_gazebo_ros_plugins_msgs/include/uuv_gazebo_ros_plugins_msgs/msg/detail/underwater_object_model__builder.hpp
[0.894s] -- Up-to-date: /home/osansubuntumachine/ros2_ws/install/uuv_gazebo_ros_plugins_msgs/include/uuv_gazebo_ros_plugins_msgs/msg/detail/underwater_object_model__struct.hpp
[0.894s] -- Up-to-date: /home/osansubuntumachine/ros2_ws/install/uuv_gazebo_ros_plugins_msgs/include/uuv_gazebo_ros_plugins_msgs/msg/detail/thruster_conversion_fcn__struct.hpp
[0.894s] -- Up-to-date: /home/osansubuntumachine/ros2_ws/install/uuv_gazebo_ros_plugins_msgs/include/uuv_gazebo_ros_plugins_msgs/msg/detail/thruster_conversion_fcn__builder.hpp
[0.895s] -- Up-to-date: /home/osansubuntumachine/ros2_ws/install/uuv_gazebo_ros_plugins_msgs/include/uuv_gazebo_ros_plugins_msgs/msg/detail/float_stamped__struct.hpp
[0.895s] -- Up-to-date: /home/osansubuntumachine/ros2_ws/install/uuv_gazebo_ros_plugins_msgs/include/uuv_gazebo_ros_plugins_msgs/msg/detail/float_stamped__type_support.hpp
[0.895s] -- Up-to-date: /home/osansubuntumachine/ros2_ws/install/uuv_gazebo_ros_plugins_msgs/include/uuv_gazebo_ros_plugins_msgs/srv
[0.895s] -- Up-to-date: /home/osansubuntumachine/ros2_ws/install/uuv_gazebo_ros_plugins_msgs/include/uuv_gazebo_ros_plugins_msgs/srv/get_float.hpp
[0.895s] -- Up-to-date: /home/osansubuntumachine/ros2_ws/install/uuv_gazebo_ros_plugins_msgs/include/uuv_gazebo_ros_plugins_msgs/srv/get_model_properties.hpp
[0.895s] -- Up-to-date: /home/osansubuntumachine/ros2_ws/install/uuv_gazebo_ros_plugins_msgs/include/uuv_gazebo_ros_plugins_msgs/srv/get_thruster_state.hpp
[0.895s] -- Up-to-date: /home/osansubuntumachine/ros2_ws/install/uuv_gazebo_ros_plugins_msgs/include/uuv_gazebo_ros_plugins_msgs/srv/set_use_global_current_vel.hpp
[0.895s] -- Up-to-date: /home/osansubuntumachine/ros2_ws/install/uuv_gazebo_ros_plugins_msgs/include/uuv_gazebo_ros_plugins_msgs/srv/get_list_param.hpp
[0.895s] -- Up-to-date: /home/osansubuntumachine/ros2_ws/install/uuv_gazebo_ros_plugins_msgs/include/uuv_gazebo_ros_plugins_msgs/srv/get_thruster_conversion_fcn.hpp
[0.895s] -- Up-to-date: /home/osansubuntumachine/ros2_ws/install/uuv_gazebo_ros_plugins_msgs/include/uuv_gazebo_ros_plugins_msgs/srv/detail
[0.895s] -- Up-to-date: /home/osansubuntumachine/ros2_ws/install/uuv_gazebo_ros_plugins_msgs/include/uuv_gazebo_ros_plugins_msgs/srv/detail/get_thruster_conversion_fcn__struct.hpp
[0.895s] -- Up-to-date: /home/osansubuntumachine/ros2_ws/install/uuv_gazebo_ros_plugins_msgs/include/uuv_gazebo_ros_plugins_msgs/srv/detail/get_thruster_efficiency__struct.hpp
[0.896s] -- Up-to-date: /home/osansubuntumachine/ros2_ws/install/uuv_gazebo_ros_plugins_msgs/include/uuv_gazebo_ros_plugins_msgs/srv/detail/set_thruster_efficiency__type_support.hpp
[0.896s] -- Up-to-date: /home/osansubuntumachine/ros2_ws/install/uuv_gazebo_ros_plugins_msgs/include/uuv_gazebo_ros_plugins_msgs/srv/detail/get_list_param__struct.hpp
[0.896s] -- Up-to-date: /home/osansubuntumachine/ros2_ws/install/uuv_gazebo_ros_plugins_msgs/include/uuv_gazebo_ros_plugins_msgs/srv/detail/set_thruster_state__struct.hpp
[0.896s] -- Up-to-date: /home/osansubuntumachine/ros2_ws/install/uuv_gazebo_ros_plugins_msgs/include/uuv_gazebo_ros_plugins_msgs/srv/detail/set_float__struct.hpp
[0.896s] -- Up-to-date: /home/osansubuntumachine/ros2_ws/install/uuv_gazebo_ros_plugins_msgs/include/uuv_gazebo_ros_plugins_msgs/srv/detail/set_float__traits.hpp
[0.896s] -- Up-to-date: /home/osansubuntumachine/ros2_ws/install/uuv_gazebo_ros_plugins_msgs/include/uuv_gazebo_ros_plugins_msgs/srv/detail/get_thruster_state__type_support.hpp
[0.896s] -- Up-to-date: /home/osansubuntumachine/ros2_ws/install/uuv_gazebo_ros_plugins_msgs/include/uuv_gazebo_ros_plugins_msgs/srv/detail/set_float__builder.hpp
[0.896s] -- Up-to-date: /home/osansubuntumachine/ros2_ws/install/uuv_gazebo_ros_plugins_msgs/include/uuv_gazebo_ros_plugins_msgs/srv/detail/get_model_properties__builder.hpp
[0.896s] -- Up-to-date: /home/osansubuntumachine/ros2_ws/install/uuv_gazebo_ros_plugins_msgs/include/uuv_gazebo_ros_plugins_msgs/srv/detail/set_thruster_state__traits.hpp
[0.896s] -- Up-to-date: /home/osansubuntumachine/ros2_ws/install/uuv_gazebo_ros_plugins_msgs/include/uuv_gazebo_ros_plugins_msgs/srv/detail/get_model_properties__traits.hpp
[0.896s] -- Up-to-date: /home/osansubuntumachine/ros2_ws/install/uuv_gazebo_ros_plugins_msgs/include/uuv_gazebo_ros_plugins_msgs/srv/detail/set_thruster_efficiency__struct.hpp
[0.896s] -- Up-to-date: /home/osansubuntumachine/ros2_ws/install/uuv_gazebo_ros_plugins_msgs/include/uuv_gazebo_ros_plugins_msgs/srv/detail/get_thruster_efficiency__type_support.hpp
[0.896s] -- Up-to-date: /home/osansubuntumachine/ros2_ws/install/uuv_gazebo_ros_plugins_msgs/include/uuv_gazebo_ros_plugins_msgs/srv/detail/get_list_param__builder.hpp
[0.900s] -- Up-to-date: /home/osansubuntumachine/ros2_ws/install/uuv_gazebo_ros_plugins_msgs/include/uuv_gazebo_ros_plugins_msgs/srv/detail/get_thruster_conversion_fcn__traits.hpp
[0.900s] -- Up-to-date: /home/osansubuntumachine/ros2_ws/install/uuv_gazebo_ros_plugins_msgs/include/uuv_gazebo_ros_plugins_msgs/srv/detail/get_float__type_support.hpp
[0.900s] -- Up-to-date: /home/osansubuntumachine/ros2_ws/install/uuv_gazebo_ros_plugins_msgs/include/uuv_gazebo_ros_plugins_msgs/srv/detail/set_thruster_efficiency__traits.hpp
[0.900s] -- Up-to-date: /home/osansubuntumachine/ros2_ws/install/uuv_gazebo_ros_plugins_msgs/include/uuv_gazebo_ros_plugins_msgs/srv/detail/get_thruster_conversion_fcn__builder.hpp
[0.900s] -- Up-to-date: /home/osansubuntumachine/ros2_ws/install/uuv_gazebo_ros_plugins_msgs/include/uuv_gazebo_ros_plugins_msgs/srv/detail/get_thruster_state__builder.hpp
[0.900s] -- Up-to-date: /home/osansubuntumachine/ros2_ws/install/uuv_gazebo_ros_plugins_msgs/include/uuv_gazebo_ros_plugins_msgs/srv/detail/get_thruster_efficiency__traits.hpp
[0.900s] -- Up-to-date: /home/osansubuntumachine/ros2_ws/install/uuv_gazebo_ros_plugins_msgs/include/uuv_gazebo_ros_plugins_msgs/srv/detail/get_list_param__traits.hpp
[0.901s] -- Up-to-date: /home/osansubuntumachine/ros2_ws/install/uuv_gazebo_ros_plugins_msgs/include/uuv_gazebo_ros_plugins_msgs/srv/detail/set_use_global_current_vel__type_support.hpp
[0.901s] -- Up-to-date: /home/osansubuntumachine/ros2_ws/install/uuv_gazebo_ros_plugins_msgs/include/uuv_gazebo_ros_plugins_msgs/srv/detail/get_thruster_state__traits.hpp
[0.901s] -- Up-to-date: /home/osansubuntumachine/ros2_ws/install/uuv_gazebo_ros_plugins_msgs/include/uuv_gazebo_ros_plugins_msgs/srv/detail/set_thruster_state__type_support.hpp
[0.901s] -- Up-to-date: /home/osansubuntumachine/ros2_ws/install/uuv_gazebo_ros_plugins_msgs/include/uuv_gazebo_ros_plugins_msgs/srv/detail/get_thruster_efficiency__builder.hpp
[0.901s] -- Up-to-date: /home/osansubuntumachine/ros2_ws/install/uuv_gazebo_ros_plugins_msgs/include/uuv_gazebo_ros_plugins_msgs/srv/detail/get_thruster_conversion_fcn__type_support.hpp
[0.901s] -- Up-to-date: /home/osansubuntumachine/ros2_ws/install/uuv_gazebo_ros_plugins_msgs/include/uuv_gazebo_ros_plugins_msgs/srv/detail/set_float__type_support.hpp
[0.901s] -- Up-to-date: /home/osansubuntumachine/ros2_ws/install/uuv_gazebo_ros_plugins_msgs/include/uuv_gazebo_ros_plugins_msgs/srv/detail/set_thruster_efficiency__builder.hpp
[0.901s] -- Up-to-date: /home/osansubuntumachine/ros2_ws/install/uuv_gazebo_ros_plugins_msgs/include/uuv_gazebo_ros_plugins_msgs/srv/detail/get_model_properties__type_support.hpp
[0.901s] -- Up-to-date: /home/osansubuntumachine/ros2_ws/install/uuv_gazebo_ros_plugins_msgs/include/uuv_gazebo_ros_plugins_msgs/srv/detail/set_use_global_current_vel__traits.hpp
[0.901s] -- Up-to-date: /home/osansubuntumachine/ros2_ws/install/uuv_gazebo_ros_plugins_msgs/include/uuv_gazebo_ros_plugins_msgs/srv/detail/set_thruster_state__builder.hpp
[0.901s] -- Up-to-date: /home/osansubuntumachine/ros2_ws/install/uuv_gazebo_ros_plugins_msgs/include/uuv_gazebo_ros_plugins_msgs/srv/detail/get_float__builder.hpp
[0.901s] -- Up-to-date: /home/osansubuntumachine/ros2_ws/install/uuv_gazebo_ros_plugins_msgs/include/uuv_gazebo_ros_plugins_msgs/srv/detail/set_use_global_current_vel__builder.hpp
[0.901s] -- Up-to-date: /home/osansubuntumachine/ros2_ws/install/uuv_gazebo_ros_plugins_msgs/include/uuv_gazebo_ros_plugins_msgs/srv/detail/set_use_global_current_vel__struct.hpp
[0.901s] -- Up-to-date: /home/osansubuntumachine/ros2_ws/install/uuv_gazebo_ros_plugins_msgs/include/uuv_gazebo_ros_plugins_msgs/srv/detail/get_thruster_state__struct.hpp
[0.901s] -- Up-to-date: /home/osansubuntumachine/ros2_ws/install/uuv_gazebo_ros_plugins_msgs/include/uuv_gazebo_ros_plugins_msgs/srv/detail/get_model_properties__struct.hpp
[0.901s] -- Up-to-date: /home/osansubuntumachine/ros2_ws/install/uuv_gazebo_ros_plugins_msgs/include/uuv_gazebo_ros_plugins_msgs/srv/detail/get_float__traits.hpp
[0.901s] -- Up-to-date: /home/osansubuntumachine/ros2_ws/install/uuv_gazebo_ros_plugins_msgs/include/uuv_gazebo_ros_plugins_msgs/srv/detail/get_float__struct.hpp
[0.902s] -- Up-to-date: /home/osansubuntumachine/ros2_ws/install/uuv_gazebo_ros_plugins_msgs/include/uuv_gazebo_ros_plugins_msgs/srv/detail/get_list_param__type_support.hpp
[0.902s] -- Up-to-date: /home/osansubuntumachine/ros2_ws/install/uuv_gazebo_ros_plugins_msgs/include/uuv_gazebo_ros_plugins_msgs/srv/set_thruster_efficiency.hpp
[0.902s] -- Up-to-date: /home/osansubuntumachine/ros2_ws/install/uuv_gazebo_ros_plugins_msgs/include/uuv_gazebo_ros_plugins_msgs/srv/set_thruster_state.hpp
[0.902s] -- Up-to-date: /home/osansubuntumachine/ros2_ws/install/uuv_gazebo_ros_plugins_msgs/include/uuv_gazebo_ros_plugins_msgs/srv/get_thruster_efficiency.hpp
[0.902s] -- Up-to-date: /home/osansubuntumachine/ros2_ws/install/uuv_gazebo_ros_plugins_msgs/include/uuv_gazebo_ros_plugins_msgs/srv/set_float.hpp
[0.902s] -- Up-to-date: /home/osansubuntumachine/ros2_ws/install/uuv_gazebo_ros_plugins_msgs/include/uuv_gazebo_ros_plugins_msgs
[0.902s] -- Up-to-date: /home/osansubuntumachine/ros2_ws/install/uuv_gazebo_ros_plugins_msgs/include/uuv_gazebo_ros_plugins_msgs/msg
[0.902s] -- Up-to-date: /home/osansubuntumachine/ros2_ws/install/uuv_gazebo_ros_plugins_msgs/include/uuv_gazebo_ros_plugins_msgs/msg/detail
[0.902s] -- Up-to-date: /home/osansubuntumachine/ros2_ws/install/uuv_gazebo_ros_plugins_msgs/include/uuv_gazebo_ros_plugins_msgs/msg/detail/underwater_object_model__rosidl_typesupport_introspection_cpp.hpp
[0.902s] -- Up-to-date: /home/osansubuntumachine/ros2_ws/install/uuv_gazebo_ros_plugins_msgs/include/uuv_gazebo_ros_plugins_msgs/msg/detail/float_stamped__type_support.cpp
[0.902s] -- Up-to-date: /home/osansubuntumachine/ros2_ws/install/uuv_gazebo_ros_plugins_msgs/include/uuv_gazebo_ros_plugins_msgs/msg/detail/underwater_object_model__type_support.cpp
[0.902s] -- Up-to-date: /home/osansubuntumachine/ros2_ws/install/uuv_gazebo_ros_plugins_msgs/include/uuv_gazebo_ros_plugins_msgs/msg/detail/thruster_conversion_fcn__type_support.cpp
[0.902s] -- Up-to-date: /home/osansubuntumachine/ros2_ws/install/uuv_gazebo_ros_plugins_msgs/include/uuv_gazebo_ros_plugins_msgs/msg/detail/float_stamped__rosidl_typesupport_introspection_cpp.hpp
[0.902s] -- Up-to-date: /home/osansubuntumachine/ros2_ws/install/uuv_gazebo_ros_plugins_msgs/include/uuv_gazebo_ros_plugins_msgs/msg/detail/thruster_conversion_fcn__rosidl_typesupport_introspection_cpp.hpp
[0.902s] -- Up-to-date: /home/osansubuntumachine/ros2_ws/install/uuv_gazebo_ros_plugins_msgs/include/uuv_gazebo_ros_plugins_msgs/srv
[0.902s] -- Up-to-date: /home/osansubuntumachine/ros2_ws/install/uuv_gazebo_ros_plugins_msgs/include/uuv_gazebo_ros_plugins_msgs/srv/detail
[0.902s] -- Up-to-date: /home/osansubuntumachine/ros2_ws/install/uuv_gazebo_ros_plugins_msgs/include/uuv_gazebo_ros_plugins_msgs/srv/detail/get_float__type_support.cpp
[0.903s] -- Up-to-date: /home/osansubuntumachine/ros2_ws/install/uuv_gazebo_ros_plugins_msgs/include/uuv_gazebo_ros_plugins_msgs/srv/detail/get_model_properties__rosidl_typesupport_introspection_cpp.hpp
[0.903s] -- Up-to-date: /home/osansubuntumachine/ros2_ws/install/uuv_gazebo_ros_plugins_msgs/include/uuv_gazebo_ros_plugins_msgs/srv/detail/get_thruster_state__rosidl_typesupport_introspection_cpp.hpp
[0.903s] -- Up-to-date: /home/osansubuntumachine/ros2_ws/install/uuv_gazebo_ros_plugins_msgs/include/uuv_gazebo_ros_plugins_msgs/srv/detail/get_list_param__type_support.cpp
[0.903s] -- Up-to-date: /home/osansubuntumachine/ros2_ws/install/uuv_gazebo_ros_plugins_msgs/include/uuv_gazebo_ros_plugins_msgs/srv/detail/set_thruster_state__type_support.cpp
[0.903s] -- Up-to-date: /home/osansubuntumachine/ros2_ws/install/uuv_gazebo_ros_plugins_msgs/include/uuv_gazebo_ros_plugins_msgs/srv/detail/set_thruster_efficiency__rosidl_typesupport_introspection_cpp.hpp
[0.903s] -- Up-to-date: /home/osansubuntumachine/ros2_ws/install/uuv_gazebo_ros_plugins_msgs/include/uuv_gazebo_ros_plugins_msgs/srv/detail/get_thruster_state__type_support.cpp
[0.903s] -- Up-to-date: /home/osansubuntumachine/ros2_ws/install/uuv_gazebo_ros_plugins_msgs/include/uuv_gazebo_ros_plugins_msgs/srv/detail/set_use_global_current_vel__type_support.cpp
[0.903s] -- Up-to-date: /home/osansubuntumachine/ros2_ws/install/uuv_gazebo_ros_plugins_msgs/include/uuv_gazebo_ros_plugins_msgs/srv/detail/get_list_param__rosidl_typesupport_introspection_cpp.hpp
[0.903s] -- Up-to-date: /home/osansubuntumachine/ros2_ws/install/uuv_gazebo_ros_plugins_msgs/include/uuv_gazebo_ros_plugins_msgs/srv/detail/get_model_properties__type_support.cpp
[0.903s] -- Up-to-date: /home/osansubuntumachine/ros2_ws/install/uuv_gazebo_ros_plugins_msgs/include/uuv_gazebo_ros_plugins_msgs/srv/detail/get_thruster_conversion_fcn__type_support.cpp
[0.903s] -- Up-to-date: /home/osansubuntumachine/ros2_ws/install/uuv_gazebo_ros_plugins_msgs/include/uuv_gazebo_ros_plugins_msgs/srv/detail/set_float__type_support.cpp
[0.903s] -- Up-to-date: /home/osansubuntumachine/ros2_ws/install/uuv_gazebo_ros_plugins_msgs/include/uuv_gazebo_ros_plugins_msgs/srv/detail/set_thruster_efficiency__type_support.cpp
[0.903s] -- Up-to-date: /home/osansubuntumachine/ros2_ws/install/uuv_gazebo_ros_plugins_msgs/include/uuv_gazebo_ros_plugins_msgs/srv/detail/get_thruster_efficiency__rosidl_typesupport_introspection_cpp.hpp
[0.903s] -- Up-to-date: /home/osansubuntumachine/ros2_ws/install/uuv_gazebo_ros_plugins_msgs/include/uuv_gazebo_ros_plugins_msgs/srv/detail/get_float__rosidl_typesupport_introspection_cpp.hpp
[0.903s] -- Up-to-date: /home/osansubuntumachine/ros2_ws/install/uuv_gazebo_ros_plugins_msgs/include/uuv_gazebo_ros_plugins_msgs/srv/detail/get_thruster_efficiency__type_support.cpp
[0.903s] -- Up-to-date: /home/osansubuntumachine/ros2_ws/install/uuv_gazebo_ros_plugins_msgs/include/uuv_gazebo_ros_plugins_msgs/srv/detail/set_use_global_current_vel__rosidl_typesupport_introspection_cpp.hpp
[0.904s] -- Up-to-date: /home/osansubuntumachine/ros2_ws/install/uuv_gazebo_ros_plugins_msgs/include/uuv_gazebo_ros_plugins_msgs/srv/detail/set_thruster_state__rosidl_typesupport_introspection_cpp.hpp
[0.905s] -- Up-to-date: /home/osansubuntumachine/ros2_ws/install/uuv_gazebo_ros_plugins_msgs/include/uuv_gazebo_ros_plugins_msgs/srv/detail/set_float__rosidl_typesupport_introspection_cpp.hpp
[0.905s] -- Up-to-date: /home/osansubuntumachine/ros2_ws/install/uuv_gazebo_ros_plugins_msgs/include/uuv_gazebo_ros_plugins_msgs/srv/detail/get_thruster_conversion_fcn__rosidl_typesupport_introspection_cpp.hpp
[0.921s] -- Up-to-date: /home/osansubuntumachine/ros2_ws/install/uuv_gazebo_ros_plugins_msgs/lib/libuuv_gazebo_ros_plugins_msgs__rosidl_typesupport_introspection_cpp.so
[0.922s] -- Up-to-date: /home/osansubuntumachine/ros2_ws/install/uuv_gazebo_ros_plugins_msgs/lib/libuuv_gazebo_ros_plugins_msgs__rosidl_typesupport_cpp.so
[0.922s] -- Up-to-date: /home/osansubuntumachine/ros2_ws/install/uuv_gazebo_ros_plugins_msgs/share/uuv_gazebo_ros_plugins_msgs/environment/pythonpath.sh
[0.922s] -- Up-to-date: /home/osansubuntumachine/ros2_ws/install/uuv_gazebo_ros_plugins_msgs/share/uuv_gazebo_ros_plugins_msgs/environment/pythonpath.dsv
[0.922s] -- Up-to-date: /home/osansubuntumachine/ros2_ws/install/uuv_gazebo_ros_plugins_msgs/lib/python3.8/site-packages/uuv_gazebo_ros_plugins_msgs/__init__.py
[1.015s] -- Up-to-date: /home/osansubuntumachine/ros2_ws/install/uuv_gazebo_ros_plugins_msgs/lib/python3.8/site-packages/uuv_gazebo_ros_plugins_msgs/msg
[1.016s] -- Up-to-date: /home/osansubuntumachine/ros2_ws/install/uuv_gazebo_ros_plugins_msgs/lib/python3.8/site-packages/uuv_gazebo_ros_plugins_msgs/msg/_underwater_object_model.py
[1.016s] -- Up-to-date: /home/osansubuntumachine/ros2_ws/install/uuv_gazebo_ros_plugins_msgs/lib/python3.8/site-packages/uuv_gazebo_ros_plugins_msgs/msg/__init__.py
[1.016s] -- Up-to-date: /home/osansubuntumachine/ros2_ws/install/uuv_gazebo_ros_plugins_msgs/lib/python3.8/site-packages/uuv_gazebo_ros_plugins_msgs/msg/_float_stamped_s.c
[1.016s] -- Up-to-date: /home/osansubuntumachine/ros2_ws/install/uuv_gazebo_ros_plugins_msgs/lib/python3.8/site-packages/uuv_gazebo_ros_plugins_msgs/msg/_underwater_object_model_s.c
[1.016s] -- Up-to-date: /home/osansubuntumachine/ros2_ws/install/uuv_gazebo_ros_plugins_msgs/lib/python3.8/site-packages/uuv_gazebo_ros_plugins_msgs/msg/_thruster_conversion_fcn_s.c
[1.016s] -- Up-to-date: /home/osansubuntumachine/ros2_ws/install/uuv_gazebo_ros_plugins_msgs/lib/python3.8/site-packages/uuv_gazebo_ros_plugins_msgs/msg/_thruster_conversion_fcn.py
[1.016s] -- Up-to-date: /home/osansubuntumachine/ros2_ws/install/uuv_gazebo_ros_plugins_msgs/lib/python3.8/site-packages/uuv_gazebo_ros_plugins_msgs/msg/_float_stamped.py
[1.016s] -- Up-to-date: /home/osansubuntumachine/ros2_ws/install/uuv_gazebo_ros_plugins_msgs/lib/python3.8/site-packages/uuv_gazebo_ros_plugins_msgs/srv
[1.016s] -- Up-to-date: /home/osansubuntumachine/ros2_ws/install/uuv_gazebo_ros_plugins_msgs/lib/python3.8/site-packages/uuv_gazebo_ros_plugins_msgs/srv/_get_float_s.c
[1.016s] -- Up-to-date: /home/osansubuntumachine/ros2_ws/install/uuv_gazebo_ros_plugins_msgs/lib/python3.8/site-packages/uuv_gazebo_ros_plugins_msgs/srv/_get_model_properties.py
[1.016s] -- Up-to-date: /home/osansubuntumachine/ros2_ws/install/uuv_gazebo_ros_plugins_msgs/lib/python3.8/site-packages/uuv_gazebo_ros_plugins_msgs/srv/_set_thruster_state_s.c
[1.016s] -- Up-to-date: /home/osansubuntumachine/ros2_ws/install/uuv_gazebo_ros_plugins_msgs/lib/python3.8/site-packages/uuv_gazebo_ros_plugins_msgs/srv/_set_use_global_current_vel_s.c
[1.016s] -- Up-to-date: /home/osansubuntumachine/ros2_ws/install/uuv_gazebo_ros_plugins_msgs/lib/python3.8/site-packages/uuv_gazebo_ros_plugins_msgs/srv/_set_float_s.c
[1.016s] -- Up-to-date: /home/osansubuntumachine/ros2_ws/install/uuv_gazebo_ros_plugins_msgs/lib/python3.8/site-packages/uuv_gazebo_ros_plugins_msgs/srv/_get_list_param.py
[1.016s] -- Up-to-date: /home/osansubuntumachine/ros2_ws/install/uuv_gazebo_ros_plugins_msgs/lib/python3.8/site-packages/uuv_gazebo_ros_plugins_msgs/srv/_get_model_properties_s.c
[1.017s] -- Up-to-date: /home/osansubuntumachine/ros2_ws/install/uuv_gazebo_ros_plugins_msgs/lib/python3.8/site-packages/uuv_gazebo_ros_plugins_msgs/srv/_set_thruster_efficiency.py
[1.017s] -- Up-to-date: /home/osansubuntumachine/ros2_ws/install/uuv_gazebo_ros_plugins_msgs/lib/python3.8/site-packages/uuv_gazebo_ros_plugins_msgs/srv/_get_thruster_state.py
[1.017s] -- Up-to-date: /home/osansubuntumachine/ros2_ws/install/uuv_gazebo_ros_plugins_msgs/lib/python3.8/site-packages/uuv_gazebo_ros_plugins_msgs/srv/_get_float.py
[1.017s] -- Up-to-date: /home/osansubuntumachine/ros2_ws/install/uuv_gazebo_ros_plugins_msgs/lib/python3.8/site-packages/uuv_gazebo_ros_plugins_msgs/srv/__init__.py
[1.017s] -- Up-to-date: /home/osansubuntumachine/ros2_ws/install/uuv_gazebo_ros_plugins_msgs/lib/python3.8/site-packages/uuv_gazebo_ros_plugins_msgs/srv/_set_use_global_current_vel.py
[1.017s] -- Up-to-date: /home/osansubuntumachine/ros2_ws/install/uuv_gazebo_ros_plugins_msgs/lib/python3.8/site-packages/uuv_gazebo_ros_plugins_msgs/srv/_set_thruster_state.py
[1.017s] -- Up-to-date: /home/osansubuntumachine/ros2_ws/install/uuv_gazebo_ros_plugins_msgs/lib/python3.8/site-packages/uuv_gazebo_ros_plugins_msgs/srv/_set_thruster_efficiency_s.c
[1.017s] -- Up-to-date: /home/osansubuntumachine/ros2_ws/install/uuv_gazebo_ros_plugins_msgs/lib/python3.8/site-packages/uuv_gazebo_ros_plugins_msgs/srv/_get_thruster_conversion_fcn.py
[1.017s] -- Up-to-date: /home/osansubuntumachine/ros2_ws/install/uuv_gazebo_ros_plugins_msgs/lib/python3.8/site-packages/uuv_gazebo_ros_plugins_msgs/srv/_set_float.py
[1.017s] -- Up-to-date: /home/osansubuntumachine/ros2_ws/install/uuv_gazebo_ros_plugins_msgs/lib/python3.8/site-packages/uuv_gazebo_ros_plugins_msgs/srv/_get_list_param_s.c
[1.017s] -- Up-to-date: /home/osansubuntumachine/ros2_ws/install/uuv_gazebo_ros_plugins_msgs/lib/python3.8/site-packages/uuv_gazebo_ros_plugins_msgs/srv/_get_thruster_state_s.c
[1.017s] -- Up-to-date: /home/osansubuntumachine/ros2_ws/install/uuv_gazebo_ros_plugins_msgs/lib/python3.8/site-packages/uuv_gazebo_ros_plugins_msgs/srv/_get_thruster_efficiency_s.c
[1.017s] -- Up-to-date: /home/osansubuntumachine/ros2_ws/install/uuv_gazebo_ros_plugins_msgs/lib/python3.8/site-packages/uuv_gazebo_ros_plugins_msgs/srv/_get_thruster_efficiency.py
[1.017s] -- Up-to-date: /home/osansubuntumachine/ros2_ws/install/uuv_gazebo_ros_plugins_msgs/lib/python3.8/site-packages/uuv_gazebo_ros_plugins_msgs/srv/_get_thruster_conversion_fcn_s.c
[1.017s] -- Up-to-date: /home/osansubuntumachine/ros2_ws/install/uuv_gazebo_ros_plugins_msgs/lib/python3.8/site-packages/uuv_gazebo_ros_plugins_msgs/uuv_gazebo_ros_plugins_msgs_s__rosidl_typesupport_fastrtps_c.cpython-38-x86_64-linux-gnu.so
[1.018s] -- Up-to-date: /home/osansubuntumachine/ros2_ws/install/uuv_gazebo_ros_plugins_msgs/lib/python3.8/site-packages/uuv_gazebo_ros_plugins_msgs/uuv_gazebo_ros_plugins_msgs_s__rosidl_typesupport_introspection_c.cpython-38-x86_64-linux-gnu.so
[1.019s] -- Up-to-date: /home/osansubuntumachine/ros2_ws/install/uuv_gazebo_ros_plugins_msgs/lib/python3.8/site-packages/uuv_gazebo_ros_plugins_msgs/uuv_gazebo_ros_plugins_msgs_s__rosidl_typesupport_c.cpython-38-x86_64-linux-gnu.so
[1.019s] -- Up-to-date: /home/osansubuntumachine/ros2_ws/install/uuv_gazebo_ros_plugins_msgs/lib/libuuv_gazebo_ros_plugins_msgs__python.so
[1.019s] -- Up-to-date: /home/osansubuntumachine/ros2_ws/install/uuv_gazebo_ros_plugins_msgs/share/uuv_gazebo_ros_plugins_msgs/msg/FloatStamped.idl
[1.019s] -- Up-to-date: /home/osansubuntumachine/ros2_ws/install/uuv_gazebo_ros_plugins_msgs/share/uuv_gazebo_ros_plugins_msgs/msg/UnderwaterObjectModel.idl
[1.019s] -- Up-to-date: /home/osansubuntumachine/ros2_ws/install/uuv_gazebo_ros_plugins_msgs/share/uuv_gazebo_ros_plugins_msgs/msg/ThrusterConversionFcn.idl
[1.019s] -- Up-to-date: /home/osansubuntumachine/ros2_ws/install/uuv_gazebo_ros_plugins_msgs/share/uuv_gazebo_ros_plugins_msgs/srv/SetThrusterEfficiency.idl
[1.019s] -- Up-to-date: /home/osansubuntumachine/ros2_ws/install/uuv_gazebo_ros_plugins_msgs/share/uuv_gazebo_ros_plugins_msgs/srv/SetThrusterState.idl
[1.019s] -- Up-to-date: /home/osansubuntumachine/ros2_ws/install/uuv_gazebo_ros_plugins_msgs/share/uuv_gazebo_ros_plugins_msgs/srv/GetThrusterEfficiency.idl
[1.019s] -- Up-to-date: /home/osansubuntumachine/ros2_ws/install/uuv_gazebo_ros_plugins_msgs/share/uuv_gazebo_ros_plugins_msgs/srv/GetThrusterState.idl
[1.019s] -- Up-to-date: /home/osansubuntumachine/ros2_ws/install/uuv_gazebo_ros_plugins_msgs/share/uuv_gazebo_ros_plugins_msgs/srv/SetUseGlobalCurrentVel.idl
[1.019s] -- Up-to-date: /home/osansubuntumachine/ros2_ws/install/uuv_gazebo_ros_plugins_msgs/share/uuv_gazebo_ros_plugins_msgs/srv/GetModelProperties.idl
[1.019s] -- Up-to-date: /home/osansubuntumachine/ros2_ws/install/uuv_gazebo_ros_plugins_msgs/share/uuv_gazebo_ros_plugins_msgs/srv/SetFloat.idl
[1.019s] -- Up-to-date: /home/osansubuntumachine/ros2_ws/install/uuv_gazebo_ros_plugins_msgs/share/uuv_gazebo_ros_plugins_msgs/srv/GetFloat.idl
[1.019s] -- Up-to-date: /home/osansubuntumachine/ros2_ws/install/uuv_gazebo_ros_plugins_msgs/share/uuv_gazebo_ros_plugins_msgs/srv/GetListParam.idl
[1.019s] -- Up-to-date: /home/osansubuntumachine/ros2_ws/install/uuv_gazebo_ros_plugins_msgs/share/uuv_gazebo_ros_plugins_msgs/srv/GetThrusterConversionFcn.idl
[1.019s] -- Up-to-date: /home/osansubuntumachine/ros2_ws/install/uuv_gazebo_ros_plugins_msgs/share/uuv_gazebo_ros_plugins_msgs/msg/FloatStamped.msg
[1.020s] -- Up-to-date: /home/osansubuntumachine/ros2_ws/install/uuv_gazebo_ros_plugins_msgs/share/uuv_gazebo_ros_plugins_msgs/msg/UnderwaterObjectModel.msg
[1.020s] -- Up-to-date: /home/osansubuntumachine/ros2_ws/install/uuv_gazebo_ros_plugins_msgs/share/uuv_gazebo_ros_plugins_msgs/msg/ThrusterConversionFcn.msg
[1.020s] -- Up-to-date: /home/osansubuntumachine/ros2_ws/install/uuv_gazebo_ros_plugins_msgs/share/uuv_gazebo_ros_plugins_msgs/srv/SetThrusterEfficiency.srv
[1.020s] -- Up-to-date: /home/osansubuntumachine/ros2_ws/install/uuv_gazebo_ros_plugins_msgs/share/uuv_gazebo_ros_plugins_msgs/srv/SetThrusterEfficiency_Request.msg
[1.020s] -- Up-to-date: /home/osansubuntumachine/ros2_ws/install/uuv_gazebo_ros_plugins_msgs/share/uuv_gazebo_ros_plugins_msgs/srv/SetThrusterEfficiency_Response.msg
[1.020s] -- Up-to-date: /home/osansubuntumachine/ros2_ws/install/uuv_gazebo_ros_plugins_msgs/share/uuv_gazebo_ros_plugins_msgs/srv/SetThrusterState.srv
[1.020s] -- Up-to-date: /home/osansubuntumachine/ros2_ws/install/uuv_gazebo_ros_plugins_msgs/share/uuv_gazebo_ros_plugins_msgs/srv/SetThrusterState_Request.msg
[1.020s] -- Up-to-date: /home/osansubuntumachine/ros2_ws/install/uuv_gazebo_ros_plugins_msgs/share/uuv_gazebo_ros_plugins_msgs/srv/SetThrusterState_Response.msg
[1.020s] -- Up-to-date: /home/osansubuntumachine/ros2_ws/install/uuv_gazebo_ros_plugins_msgs/share/uuv_gazebo_ros_plugins_msgs/srv/GetThrusterEfficiency.srv
[1.020s] -- Up-to-date: /home/osansubuntumachine/ros2_ws/install/uuv_gazebo_ros_plugins_msgs/share/uuv_gazebo_ros_plugins_msgs/srv/GetThrusterEfficiency_Request.msg
[1.020s] -- Up-to-date: /home/osansubuntumachine/ros2_ws/install/uuv_gazebo_ros_plugins_msgs/share/uuv_gazebo_ros_plugins_msgs/srv/GetThrusterEfficiency_Response.msg
[1.020s] -- Up-to-date: /home/osansubuntumachine/ros2_ws/install/uuv_gazebo_ros_plugins_msgs/share/uuv_gazebo_ros_plugins_msgs/srv/GetThrusterState.srv
[1.020s] -- Up-to-date: /home/osansubuntumachine/ros2_ws/install/uuv_gazebo_ros_plugins_msgs/share/uuv_gazebo_ros_plugins_msgs/srv/GetThrusterState_Request.msg
[1.020s] -- Up-to-date: /home/osansubuntumachine/ros2_ws/install/uuv_gazebo_ros_plugins_msgs/share/uuv_gazebo_ros_plugins_msgs/srv/GetThrusterState_Response.msg
[1.020s] -- Up-to-date: /home/osansubuntumachine/ros2_ws/install/uuv_gazebo_ros_plugins_msgs/share/uuv_gazebo_ros_plugins_msgs/srv/SetUseGlobalCurrentVel.srv
[1.020s] -- Up-to-date: /home/osansubuntumachine/ros2_ws/install/uuv_gazebo_ros_plugins_msgs/share/uuv_gazebo_ros_plugins_msgs/srv/SetUseGlobalCurrentVel_Request.msg
[1.021s] -- Up-to-date: /home/osansubuntumachine/ros2_ws/install/uuv_gazebo_ros_plugins_msgs/share/uuv_gazebo_ros_plugins_msgs/srv/SetUseGlobalCurrentVel_Response.msg
[1.021s] -- Up-to-date: /home/osansubuntumachine/ros2_ws/install/uuv_gazebo_ros_plugins_msgs/share/uuv_gazebo_ros_plugins_msgs/srv/GetModelProperties.srv
[1.021s] -- Up-to-date: /home/osansubuntumachine/ros2_ws/install/uuv_gazebo_ros_plugins_msgs/share/uuv_gazebo_ros_plugins_msgs/srv/GetModelProperties_Request.msg
[1.021s] -- Up-to-date: /home/osansubuntumachine/ros2_ws/install/uuv_gazebo_ros_plugins_msgs/share/uuv_gazebo_ros_plugins_msgs/srv/GetModelProperties_Response.msg
[1.021s] -- Up-to-date: /home/osansubuntumachine/ros2_ws/install/uuv_gazebo_ros_plugins_msgs/share/uuv_gazebo_ros_plugins_msgs/srv/SetFloat.srv
[1.021s] -- Up-to-date: /home/osansubuntumachine/ros2_ws/install/uuv_gazebo_ros_plugins_msgs/share/uuv_gazebo_ros_plugins_msgs/srv/SetFloat_Request.msg
[1.021s] -- Up-to-date: /home/osansubuntumachine/ros2_ws/install/uuv_gazebo_ros_plugins_msgs/share/uuv_gazebo_ros_plugins_msgs/srv/SetFloat_Response.msg
[1.021s] -- Up-to-date: /home/osansubuntumachine/ros2_ws/install/uuv_gazebo_ros_plugins_msgs/share/uuv_gazebo_ros_plugins_msgs/srv/GetFloat.srv
[1.021s] -- Up-to-date: /home/osansubuntumachine/ros2_ws/install/uuv_gazebo_ros_plugins_msgs/share/uuv_gazebo_ros_plugins_msgs/srv/GetFloat_Request.msg
[1.021s] -- Up-to-date: /home/osansubuntumachine/ros2_ws/install/uuv_gazebo_ros_plugins_msgs/share/uuv_gazebo_ros_plugins_msgs/srv/GetFloat_Response.msg
[1.021s] -- Up-to-date: /home/osansubuntumachine/ros2_ws/install/uuv_gazebo_ros_plugins_msgs/share/uuv_gazebo_ros_plugins_msgs/srv/GetListParam.srv
[1.021s] -- Up-to-date: /home/osansubuntumachine/ros2_ws/install/uuv_gazebo_ros_plugins_msgs/share/uuv_gazebo_ros_plugins_msgs/srv/GetListParam_Request.msg
[1.021s] -- Up-to-date: /home/osansubuntumachine/ros2_ws/install/uuv_gazebo_ros_plugins_msgs/share/uuv_gazebo_ros_plugins_msgs/srv/GetListParam_Response.msg
[1.021s] -- Up-to-date: /home/osansubuntumachine/ros2_ws/install/uuv_gazebo_ros_plugins_msgs/share/uuv_gazebo_ros_plugins_msgs/srv/GetThrusterConversionFcn.srv
[1.021s] -- Up-to-date: /home/osansubuntumachine/ros2_ws/install/uuv_gazebo_ros_plugins_msgs/share/uuv_gazebo_ros_plugins_msgs/srv/GetThrusterConversionFcn_Request.msg
[1.021s] -- Up-to-date: /home/osansubuntumachine/ros2_ws/install/uuv_gazebo_ros_plugins_msgs/share/uuv_gazebo_ros_plugins_msgs/srv/GetThrusterConversionFcn_Response.msg
[1.021s] -- Up-to-date: /home/osansubuntumachine/ros2_ws/install/uuv_gazebo_ros_plugins_msgs/share/ament_index/resource_index/package_run_dependencies/uuv_gazebo_ros_plugins_msgs
[1.022s] -- Up-to-date: /home/osansubuntumachine/ros2_ws/install/uuv_gazebo_ros_plugins_msgs/share/ament_index/resource_index/parent_prefix_path/uuv_gazebo_ros_plugins_msgs
[1.022s] -- Up-to-date: /home/osansubuntumachine/ros2_ws/install/uuv_gazebo_ros_plugins_msgs/share/uuv_gazebo_ros_plugins_msgs/environment/ament_prefix_path.sh
[1.022s] -- Up-to-date: /home/osansubuntumachine/ros2_ws/install/uuv_gazebo_ros_plugins_msgs/share/uuv_gazebo_ros_plugins_msgs/environment/ament_prefix_path.dsv
[1.022s] -- Up-to-date: /home/osansubuntumachine/ros2_ws/install/uuv_gazebo_ros_plugins_msgs/share/uuv_gazebo_ros_plugins_msgs/environment/path.sh
[1.022s] -- Up-to-date: /home/osansubuntumachine/ros2_ws/install/uuv_gazebo_ros_plugins_msgs/share/uuv_gazebo_ros_plugins_msgs/environment/path.dsv
[1.022s] -- Up-to-date: /home/osansubuntumachine/ros2_ws/install/uuv_gazebo_ros_plugins_msgs/share/uuv_gazebo_ros_plugins_msgs/local_setup.bash
[1.022s] -- Up-to-date: /home/osansubuntumachine/ros2_ws/install/uuv_gazebo_ros_plugins_msgs/share/uuv_gazebo_ros_plugins_msgs/local_setup.sh
[1.022s] -- Up-to-date: /home/osansubuntumachine/ros2_ws/install/uuv_gazebo_ros_plugins_msgs/share/uuv_gazebo_ros_plugins_msgs/local_setup.zsh
[1.022s] -- Up-to-date: /home/osansubuntumachine/ros2_ws/install/uuv_gazebo_ros_plugins_msgs/share/uuv_gazebo_ros_plugins_msgs/local_setup.dsv
[1.022s] -- Installing: /home/osansubuntumachine/ros2_ws/install/uuv_gazebo_ros_plugins_msgs/share/uuv_gazebo_ros_plugins_msgs/package.dsv
[1.023s] -- Up-to-date: /home/osansubuntumachine/ros2_ws/install/uuv_gazebo_ros_plugins_msgs/share/ament_index/resource_index/packages/uuv_gazebo_ros_plugins_msgs
[1.023s] -- Up-to-date: /home/osansubuntumachine/ros2_ws/install/uuv_gazebo_ros_plugins_msgs/share/uuv_gazebo_ros_plugins_msgs/cmake/uuv_gazebo_ros_plugins_msgs__rosidl_generator_cExport.cmake
[1.023s] -- Up-to-date: /home/osansubuntumachine/ros2_ws/install/uuv_gazebo_ros_plugins_msgs/share/uuv_gazebo_ros_plugins_msgs/cmake/uuv_gazebo_ros_plugins_msgs__rosidl_generator_cExport-noconfig.cmake
[1.029s] -- Up-to-date: /home/osansubuntumachine/ros2_ws/install/uuv_gazebo_ros_plugins_msgs/share/uuv_gazebo_ros_plugins_msgs/cmake/uuv_gazebo_ros_plugins_msgs__rosidl_typesupport_introspection_cExport.cmake
[1.031s] -- Up-to-date: /home/osansubuntumachine/ros2_ws/install/uuv_gazebo_ros_plugins_msgs/share/uuv_gazebo_ros_plugins_msgs/cmake/uuv_gazebo_ros_plugins_msgs__rosidl_typesupport_introspection_cExport-noconfig.cmake
[1.032s] -- Up-to-date: /home/osansubuntumachine/ros2_ws/install/uuv_gazebo_ros_plugins_msgs/share/uuv_gazebo_ros_plugins_msgs/cmake/uuv_gazebo_ros_plugins_msgs__rosidl_typesupport_cExport.cmake
[1.032s] -- Up-to-date: /home/osansubuntumachine/ros2_ws/install/uuv_gazebo_ros_plugins_msgs/share/uuv_gazebo_ros_plugins_msgs/cmake/uuv_gazebo_ros_plugins_msgs__rosidl_typesupport_cExport-noconfig.cmake
[1.032s] -- Up-to-date: /home/osansubuntumachine/ros2_ws/install/uuv_gazebo_ros_plugins_msgs/share/uuv_gazebo_ros_plugins_msgs/cmake/uuv_gazebo_ros_plugins_msgs__rosidl_generator_cppExport.cmake
[1.033s] -- Up-to-date: /home/osansubuntumachine/ros2_ws/install/uuv_gazebo_ros_plugins_msgs/share/uuv_gazebo_ros_plugins_msgs/cmake/uuv_gazebo_ros_plugins_msgs__rosidl_typesupport_introspection_cppExport.cmake
[1.033s] -- Up-to-date: /home/osansubuntumachine/ros2_ws/install/uuv_gazebo_ros_plugins_msgs/share/uuv_gazebo_ros_plugins_msgs/cmake/uuv_gazebo_ros_plugins_msgs__rosidl_typesupport_introspection_cppExport-noconfig.cmake
[1.036s] -- Up-to-date: /home/osansubuntumachine/ros2_ws/install/uuv_gazebo_ros_plugins_msgs/share/uuv_gazebo_ros_plugins_msgs/cmake/uuv_gazebo_ros_plugins_msgs__rosidl_typesupport_cppExport.cmake
[1.037s] -- Up-to-date: /home/osansubuntumachine/ros2_ws/install/uuv_gazebo_ros_plugins_msgs/share/uuv_gazebo_ros_plugins_msgs/cmake/uuv_gazebo_ros_plugins_msgs__rosidl_typesupport_cppExport-noconfig.cmake
[1.037s] -- Up-to-date: /home/osansubuntumachine/ros2_ws/install/uuv_gazebo_ros_plugins_msgs/share/uuv_gazebo_ros_plugins_msgs/cmake/rosidl_cmake-extras.cmake
[1.037s] -- Up-to-date: /home/osansubuntumachine/ros2_ws/install/uuv_gazebo_ros_plugins_msgs/share/uuv_gazebo_ros_plugins_msgs/cmake/ament_cmake_export_dependencies-extras.cmake
[1.037s] -- Up-to-date: /home/osansubuntumachine/ros2_ws/install/uuv_gazebo_ros_plugins_msgs/share/uuv_gazebo_ros_plugins_msgs/cmake/ament_cmake_export_libraries-extras.cmake
[1.037s] -- Up-to-date: /home/osansubuntumachine/ros2_ws/install/uuv_gazebo_ros_plugins_msgs/share/uuv_gazebo_ros_plugins_msgs/cmake/ament_cmake_export_targets-extras.cmake
[1.037s] -- Up-to-date: /home/osansubuntumachine/ros2_ws/install/uuv_gazebo_ros_plugins_msgs/share/uuv_gazebo_ros_plugins_msgs/cmake/ament_cmake_export_include_directories-extras.cmake
[1.037s] -- Up-to-date: /home/osansubuntumachine/ros2_ws/install/uuv_gazebo_ros_plugins_msgs/share/uuv_gazebo_ros_plugins_msgs/cmake/rosidl_cmake_export_typesupport_libraries-extras.cmake
[1.037s] -- Up-to-date: /home/osansubuntumachine/ros2_ws/install/uuv_gazebo_ros_plugins_msgs/share/uuv_gazebo_ros_plugins_msgs/cmake/rosidl_cmake_export_typesupport_targets-extras.cmake
[1.037s] -- Up-to-date: /home/osansubuntumachine/ros2_ws/install/uuv_gazebo_ros_plugins_msgs/share/uuv_gazebo_ros_plugins_msgs/cmake/uuv_gazebo_ros_plugins_msgsConfig.cmake
[1.037s] -- Up-to-date: /home/osansubuntumachine/ros2_ws/install/uuv_gazebo_ros_plugins_msgs/share/uuv_gazebo_ros_plugins_msgs/cmake/uuv_gazebo_ros_plugins_msgsConfig-version.cmake
[1.037s] -- Up-to-date: /home/osansubuntumachine/ros2_ws/install/uuv_gazebo_ros_plugins_msgs/share/uuv_gazebo_ros_plugins_msgs/package.xml
[1.069s] Invoked command in '/home/osansubuntumachine/ros2_ws/build/uuv_gazebo_ros_plugins_msgs' returned '0': CMAKE_PREFIX_PATH=${CMAKE_PREFIX_PATH}:/home/osansubuntumachine/ros2_ws/install/rexrov_autonomy:/opt/ros/foxy /usr/bin/cmake --install /home/osansubuntumachine/ros2_ws/build/uuv_gazebo_ros_plugins_msgs
