[100%] Built target plankton_global_sim_time
-- Install configuration: ""
-- Up-to-date: /home/osansubuntumachine/ros2_ws/install/plankton_utils/lib/plankton_utils/plankton_global_sim_time
-- Up-to-date: /home/osansubuntumachine/ros2_ws/install/plankton_utils/share/plankton_utils/environment/pythonpath.sh
-- Up-to-date: /home/osansubuntumachine/ros2_ws/install/plankton_utils/share/plankton_utils/environment/pythonpath.dsv
-- Up-to-date: /home/osansubuntumachine/ros2_ws/install/plankton_utils/lib/python3.8/site-packages/plankton_utils
-- Up-to-date: /home/osansubuntumachine/ros2_ws/install/plankton_utils/lib/python3.8/site-packages/plankton_utils/param_helper.py
-- Up-to-date: /home/osansubuntumachine/ros2_ws/install/plankton_utils/lib/python3.8/site-packages/plankton_utils/__init__.py
-- Up-to-date: /home/osansubuntumachine/ros2_ws/install/plankton_utils/lib/python3.8/site-packages/plankton_utils/time.py
Listing '/home/osansubuntumachine/ros2_ws/install/plankton_utils/lib/python3.8/site-packages/plankton_utils'...
-- Up-to-date: /home/osansubuntumachine/ros2_ws/install/plankton_utils/share/ament_index/resource_index/package_run_dependencies/plankton_utils
-- Up-to-date: /home/osansubuntumachine/ros2_ws/install/plankton_utils/share/ament_index/resource_index/parent_prefix_path/plankton_utils
-- Up-to-date: /home/osansubuntumachine/ros2_ws/install/plankton_utils/share/plankton_utils/environment/ament_prefix_path.sh
-- Up-to-date: /home/osansubuntumachine/ros2_ws/install/plankton_utils/share/plankton_utils/environment/ament_prefix_path.dsv
-- Up-to-date: /home/osansubuntumachine/ros2_ws/install/plankton_utils/share/plankton_utils/environment/path.sh
-- Up-to-date: /home/osansubuntumachine/ros2_ws/install/plankton_utils/share/plankton_utils/environment/path.dsv
-- Up-to-date: /home/osansubuntumachine/ros2_ws/install/plankton_utils/share/plankton_utils/local_setup.bash
-- Up-to-date: /home/osansubuntumachine/ros2_ws/install/plankton_utils/share/plankton_utils/local_setup.sh
-- Up-to-date: /home/osansubuntumachine/ros2_ws/install/plankton_utils/share/plankton_utils/local_setup.zsh
-- Up-to-date: /home/osansubuntumachine/ros2_ws/install/plankton_utils/share/plankton_utils/local_setup.dsv
-- Installing: /home/osansubuntumachine/ros2_ws/install/plankton_utils/share/plankton_utils/package.dsv
-- Up-to-date: /home/osansubuntumachine/ros2_ws/install/plankton_utils/share/ament_index/resource_index/packages/plankton_utils
-- Up-to-date: /home/osansubuntumachine/ros2_ws/install/plankton_utils/share/plankton_utils/cmake/plankton_utilsConfig.cmake
-- Up-to-date: /home/osansubuntumachine/ros2_ws/install/plankton_utils/share/plankton_utils/cmake/plankton_utilsConfig-version.cmake
-- Up-to-date: /home/osansubuntumachine/ros2_ws/install/plankton_utils/share/plankton_utils/package.xml
