[0.152s] Invoking command in '/home/osansubuntumachine/ros2_ws/build/uuv_sensor_ros_plugins': CMAKE_PREFIX_PATH=/home/osansubuntumachine/ros2_ws/install/uuv_sensor_ros_plugins_msgs:/home/osansubuntumachine/ros2_ws/install/uuv_gazebo_plugins:/home/osansubuntumachine/ros2_ws/install/plankton:/home/osansubuntumachine/ros2_ws/install/uuv_simulator:/home/osansubuntumachine/ros2_ws/install/uuv_world_ros_plugins:/home/osansubuntumachine/ros2_ws/install/uuv_tutorials:/home/osansubuntumachine/ros2_ws/install/uuv_tutorial_dp_controller:/home/osansubuntumachine/ros2_ws/install/uuv_tutorial_disturbances:/home/osansubuntumachine/ros2_ws/install/uuv_control_utils:/home/osansubuntumachine/ros2_ws/install/uuv_world_ros_plugins_msgs:/home/osansubuntumachine/ros2_ws/install/uuv_world_plugins:/home/osansubuntumachine/ros2_ws/install/uuv_tutorial_seabed_world:/home/osansubuntumachine/ros2_ws/install/uuv_trajectory_control:/home/osansubuntumachine/ros2_ws/install/uuv_teleop:/home/osansubuntumachine/ros2_ws/install/uuv_thruster_manager:/home/osansubuntumachine/ros2_ws/install/uuv_descriptions:/home/osansubuntumachine/ros2_ws/install/uuv_sensor_ros_plugins:/home/osansubuntumachine/ros2_ws/install/uuv_gazebo_worlds:/home/osansubuntumachine/ros2_ws/install/uuv_gazebo_ros_plugins:/home/osansubuntumachine/ros2_ws/install/uuv_gazebo_ros_plugins_msgs:/home/osansubuntumachine/ros2_ws/install/uuv_gazebo:/home/osansubuntumachine/ros2_ws/install/uuv_control_msgs:/home/osansubuntumachine/ros2_ws/install/uuv_control_cascaded_pid:/home/osansubuntumachine/ros2_ws/install/uuv_auv_control_allocator:/home/osansubuntumachine/ros2_ws/install/uuv_assistants:/home/osansubuntumachine/ros2_ws/install/plankton_utils:/home/osansubuntumachine/ros2_ws/install/rexrov_autonomy:/opt/ros/foxy LD_LIBRARY_PATH=/home/osansubuntumachine/ros2_ws/install/uuv_sensor_ros_plugins_msgs/lib:/home/osansubuntumachine/ros2_ws/install/uuv_gazebo_plugins/lib:/home/osansubuntumachine/ros2_ws/install/uuv_world_ros_plugins/lib:/home/osansubuntumachine/ros2_ws/install/uuv_world_ros_plugins_msgs/lib:/home/osansubuntumachine/ros2_ws/install/uuv_world_plugins/lib:/home/osansubuntumachine/ros2_ws/install/uuv_thruster_manager/lib:/home/osansubuntumachine/ros2_ws/install/uuv_sensor_ros_plugins/lib:/home/osansubuntumachine/ros2_ws/install/uuv_gazebo_ros_plugins/lib:/home/osansubuntumachine/ros2_ws/install/uuv_gazebo_ros_plugins_msgs/lib:/home/osansubuntumachine/ros2_ws/install/uuv_control_msgs/lib:/home/osansubuntumachine/ros2_ws/install/uuv_auv_control_allocator/lib:/usr/lib/x86_64-linux-gnu/gazebo-11/plugins:/opt/ros/foxy/opt/yaml_cpp_vendor/lib:/opt/ros/foxy/opt/rviz_ogre_vendor/lib:/opt/ros/foxy/lib/x86_64-linux-gnu:/opt/ros/foxy/lib:/usr/lib/x86_64-linux-gnu/gazebo-11/plugins PYTHONPATH=/home/osansubuntumachine/ros2_ws/install/uuv_sensor_ros_plugins_msgs/lib/python3.8/site-packages:/home/osansubuntumachine/ros2_ws/install/uuv_world_ros_plugins_msgs/lib/python3.8/site-packages:/home/osansubuntumachine/ros2_ws/install/uuv_trajectory_control/lib/python3.8/site-packages:/home/osansubuntumachine/ros2_ws/install/uuv_thruster_manager/lib/python3.8/site-packages:/home/osansubuntumachine/ros2_ws/install/uuv_gazebo_ros_plugins_msgs/lib/python3.8/site-packages:/home/osansubuntumachine/ros2_ws/install/uuv_control_msgs/lib/python3.8/site-packages:/home/osansubuntumachine/ros2_ws/install/uuv_control_cascaded_pid/lib/python3.8/site-packages:/home/osansubuntumachine/ros2_ws/install/uuv_auv_control_allocator/lib/python3.8/site-packages:/home/osansubuntumachine/ros2_ws/install/uuv_assistants/lib/python3.8/site-packages:/home/osansubuntumachine/ros2_ws/install/rexrov_autonomy/lib/python3.8/site-packages:/home/osansubuntumachine/ros2_ws/install/plankton_utils/lib/python3.8/site-packages:/opt/ros/foxy/lib/python3.8/site-packages /usr/bin/cmake --build /home/osansubuntumachine/ros2_ws/build/uuv_sensor_ros_plugins -- -j4 -l4
[0.421s] [  3%] Built target image_sonar_ros_plugin
[0.578s] [  8%] Built target uuv_gazebo_ros_base_model_plugin
[0.808s] [ 14%] Built target uuv_gazebo_ros_base_sensor_plugin
[1.093s] [ 21%] Built target uuv_gazebo_ros_gps_plugin
[1.225s] [ 28%] Built target uuv_gazebo_ros_pose_gt_plugin
[1.420s] [ 35%] Built target uuv_gazebo_ros_cpc_plugin
[1.541s] [ 61%] Built target uuv_sensor_gazebo_msgs
[1.673s] [ 64%] Built target uuv_gazebo_ros_camera_plugin
[1.889s] [ 71%] Built target uuv_gazebo_ros_dvl_plugin
[2.127s] [ 78%] Built target uuv_gazebo_ros_imu_plugin
[2.377s] [ 85%] Built target uuv_gazebo_ros_rpt_plugin
[2.708s] [ 92%] Built target uuv_gazebo_ros_subsea_pressure_plugin
[3.067s] [100%] Built target uuv_gazebo_ros_magnetometer_plugin
[3.132s] Invoked command in '/home/osansubuntumachine/ros2_ws/build/uuv_sensor_ros_plugins' returned '0': CMAKE_PREFIX_PATH=/home/osansubuntumachine/ros2_ws/install/uuv_sensor_ros_plugins_msgs:/home/osansubuntumachine/ros2_ws/install/uuv_gazebo_plugins:/home/osansubuntumachine/ros2_ws/install/plankton:/home/osansubuntumachine/ros2_ws/install/uuv_simulator:/home/osansubuntumachine/ros2_ws/install/uuv_world_ros_plugins:/home/osansubuntumachine/ros2_ws/install/uuv_tutorials:/home/osansubuntumachine/ros2_ws/install/uuv_tutorial_dp_controller:/home/osansubuntumachine/ros2_ws/install/uuv_tutorial_disturbances:/home/osansubuntumachine/ros2_ws/install/uuv_control_utils:/home/osansubuntumachine/ros2_ws/install/uuv_world_ros_plugins_msgs:/home/osansubuntumachine/ros2_ws/install/uuv_world_plugins:/home/osansubuntumachine/ros2_ws/install/uuv_tutorial_seabed_world:/home/osansubuntumachine/ros2_ws/install/uuv_trajectory_control:/home/osansubuntumachine/ros2_ws/install/uuv_teleop:/home/osansubuntumachine/ros2_ws/install/uuv_thruster_manager:/home/osansubuntumachine/ros2_ws/install/uuv_descriptions:/home/osansubuntumachine/ros2_ws/install/uuv_sensor_ros_plugins:/home/osansubuntumachine/ros2_ws/install/uuv_gazebo_worlds:/home/osansubuntumachine/ros2_ws/install/uuv_gazebo_ros_plugins:/home/osansubuntumachine/ros2_ws/install/uuv_gazebo_ros_plugins_msgs:/home/osansubuntumachine/ros2_ws/install/uuv_gazebo:/home/osansubuntumachine/ros2_ws/install/uuv_control_msgs:/home/osansubuntumachine/ros2_ws/install/uuv_control_cascaded_pid:/home/osansubuntumachine/ros2_ws/install/uuv_auv_control_allocator:/home/osansubuntumachine/ros2_ws/install/uuv_assistants:/home/osansubuntumachine/ros2_ws/install/plankton_utils:/home/osansubuntumachine/ros2_ws/install/rexrov_autonomy:/opt/ros/foxy LD_LIBRARY_PATH=/home/osansubuntumachine/ros2_ws/install/uuv_sensor_ros_plugins_msgs/lib:/home/osansubuntumachine/ros2_ws/install/uuv_gazebo_plugins/lib:/home/osansubuntumachine/ros2_ws/install/uuv_world_ros_plugins/lib:/home/osansubuntumachine/ros2_ws/install/uuv_world_ros_plugins_msgs/lib:/home/osansubuntumachine/ros2_ws/install/uuv_world_plugins/lib:/home/osansubuntumachine/ros2_ws/install/uuv_thruster_manager/lib:/home/osansubuntumachine/ros2_ws/install/uuv_sensor_ros_plugins/lib:/home/osansubuntumachine/ros2_ws/install/uuv_gazebo_ros_plugins/lib:/home/osansubuntumachine/ros2_ws/install/uuv_gazebo_ros_plugins_msgs/lib:/home/osansubuntumachine/ros2_ws/install/uuv_control_msgs/lib:/home/osansubuntumachine/ros2_ws/install/uuv_auv_control_allocator/lib:/usr/lib/x86_64-linux-gnu/gazebo-11/plugins:/opt/ros/foxy/opt/yaml_cpp_vendor/lib:/opt/ros/foxy/opt/rviz_ogre_vendor/lib:/opt/ros/foxy/lib/x86_64-linux-gnu:/opt/ros/foxy/lib:/usr/lib/x86_64-linux-gnu/gazebo-11/plugins PYTHONPATH=/home/osansubuntumachine/ros2_ws/install/uuv_sensor_ros_plugins_msgs/lib/python3.8/site-packages:/home/osansubuntumachine/ros2_ws/install/uuv_world_ros_plugins_msgs/lib/python3.8/site-packages:/home/osansubuntumachine/ros2_ws/install/uuv_trajectory_control/lib/python3.8/site-packages:/home/osansubuntumachine/ros2_ws/install/uuv_thruster_manager/lib/python3.8/site-packages:/home/osansubuntumachine/ros2_ws/install/uuv_gazebo_ros_plugins_msgs/lib/python3.8/site-packages:/home/osansubuntumachine/ros2_ws/install/uuv_control_msgs/lib/python3.8/site-packages:/home/osansubuntumachine/ros2_ws/install/uuv_control_cascaded_pid/lib/python3.8/site-packages:/home/osansubuntumachine/ros2_ws/install/uuv_auv_control_allocator/lib/python3.8/site-packages:/home/osansubuntumachine/ros2_ws/install/uuv_assistants/lib/python3.8/site-packages:/home/osansubuntumachine/ros2_ws/install/rexrov_autonomy/lib/python3.8/site-packages:/home/osansubuntumachine/ros2_ws/install/plankton_utils/lib/python3.8/site-packages:/opt/ros/foxy/lib/python3.8/site-packages /usr/bin/cmake --build /home/osansubuntumachine/ros2_ws/build/uuv_sensor_ros_plugins -- -j4 -l4
[3.156s] Invoking command in '/home/osansubuntumachine/ros2_ws/build/uuv_sensor_ros_plugins': CMAKE_PREFIX_PATH=/home/osansubuntumachine/ros2_ws/install/uuv_sensor_ros_plugins_msgs:/home/osansubuntumachine/ros2_ws/install/uuv_gazebo_plugins:/home/osansubuntumachine/ros2_ws/install/plankton:/home/osansubuntumachine/ros2_ws/install/uuv_simulator:/home/osansubuntumachine/ros2_ws/install/uuv_world_ros_plugins:/home/osansubuntumachine/ros2_ws/install/uuv_tutorials:/home/osansubuntumachine/ros2_ws/install/uuv_tutorial_dp_controller:/home/osansubuntumachine/ros2_ws/install/uuv_tutorial_disturbances:/home/osansubuntumachine/ros2_ws/install/uuv_control_utils:/home/osansubuntumachine/ros2_ws/install/uuv_world_ros_plugins_msgs:/home/osansubuntumachine/ros2_ws/install/uuv_world_plugins:/home/osansubuntumachine/ros2_ws/install/uuv_tutorial_seabed_world:/home/osansubuntumachine/ros2_ws/install/uuv_trajectory_control:/home/osansubuntumachine/ros2_ws/install/uuv_teleop:/home/osansubuntumachine/ros2_ws/install/uuv_thruster_manager:/home/osansubuntumachine/ros2_ws/install/uuv_descriptions:/home/osansubuntumachine/ros2_ws/install/uuv_sensor_ros_plugins:/home/osansubuntumachine/ros2_ws/install/uuv_gazebo_worlds:/home/osansubuntumachine/ros2_ws/install/uuv_gazebo_ros_plugins:/home/osansubuntumachine/ros2_ws/install/uuv_gazebo_ros_plugins_msgs:/home/osansubuntumachine/ros2_ws/install/uuv_gazebo:/home/osansubuntumachine/ros2_ws/install/uuv_control_msgs:/home/osansubuntumachine/ros2_ws/install/uuv_control_cascaded_pid:/home/osansubuntumachine/ros2_ws/install/uuv_auv_control_allocator:/home/osansubuntumachine/ros2_ws/install/uuv_assistants:/home/osansubuntumachine/ros2_ws/install/plankton_utils:/home/osansubuntumachine/ros2_ws/install/rexrov_autonomy:/opt/ros/foxy LD_LIBRARY_PATH=/home/osansubuntumachine/ros2_ws/install/uuv_sensor_ros_plugins_msgs/lib:/home/osansubuntumachine/ros2_ws/install/uuv_gazebo_plugins/lib:/home/osansubuntumachine/ros2_ws/install/uuv_world_ros_plugins/lib:/home/osansubuntumachine/ros2_ws/install/uuv_world_ros_plugins_msgs/lib:/home/osansubuntumachine/ros2_ws/install/uuv_world_plugins/lib:/home/osansubuntumachine/ros2_ws/install/uuv_thruster_manager/lib:/home/osansubuntumachine/ros2_ws/install/uuv_sensor_ros_plugins/lib:/home/osansubuntumachine/ros2_ws/install/uuv_gazebo_ros_plugins/lib:/home/osansubuntumachine/ros2_ws/install/uuv_gazebo_ros_plugins_msgs/lib:/home/osansubuntumachine/ros2_ws/install/uuv_control_msgs/lib:/home/osansubuntumachine/ros2_ws/install/uuv_auv_control_allocator/lib:/usr/lib/x86_64-linux-gnu/gazebo-11/plugins:/opt/ros/foxy/opt/yaml_cpp_vendor/lib:/opt/ros/foxy/opt/rviz_ogre_vendor/lib:/opt/ros/foxy/lib/x86_64-linux-gnu:/opt/ros/foxy/lib:/usr/lib/x86_64-linux-gnu/gazebo-11/plugins PYTHONPATH=/home/osansubuntumachine/ros2_ws/install/uuv_sensor_ros_plugins_msgs/lib/python3.8/site-packages:/home/osansubuntumachine/ros2_ws/install/uuv_world_ros_plugins_msgs/lib/python3.8/site-packages:/home/osansubuntumachine/ros2_ws/install/uuv_trajectory_control/lib/python3.8/site-packages:/home/osansubuntumachine/ros2_ws/install/uuv_thruster_manager/lib/python3.8/site-packages:/home/osansubuntumachine/ros2_ws/install/uuv_gazebo_ros_plugins_msgs/lib/python3.8/site-packages:/home/osansubuntumachine/ros2_ws/install/uuv_control_msgs/lib/python3.8/site-packages:/home/osansubuntumachine/ros2_ws/install/uuv_control_cascaded_pid/lib/python3.8/site-packages:/home/osansubuntumachine/ros2_ws/install/uuv_auv_control_allocator/lib/python3.8/site-packages:/home/osansubuntumachine/ros2_ws/install/uuv_assistants/lib/python3.8/site-packages:/home/osansubuntumachine/ros2_ws/install/rexrov_autonomy/lib/python3.8/site-packages:/home/osansubuntumachine/ros2_ws/install/plankton_utils/lib/python3.8/site-packages:/opt/ros/foxy/lib/python3.8/site-packages /usr/bin/cmake --install /home/osansubuntumachine/ros2_ws/build/uuv_sensor_ros_plugins
[3.197s] -- Install configuration: ""
[3.197s] -- Up-to-date: /home/osansubuntumachine/ros2_ws/install/uuv_sensor_ros_plugins/include/uuv_sensor_ros_plugins
[3.202s] -- Up-to-date: /home/osansubuntumachine/ros2_ws/install/uuv_sensor_ros_plugins/include/uuv_sensor_ros_plugins/quaternion.pb.cc
[3.202s] -- Up-to-date: /home/osansubuntumachine/ros2_ws/install/uuv_sensor_ros_plugins/include/uuv_sensor_ros_plugins/SensorDvl.pb.cc
[3.202s] -- Up-to-date: /home/osansubuntumachine/ros2_ws/install/uuv_sensor_ros_plugins/include/uuv_sensor_ros_plugins/ament_cmake_uninstall_target
[3.202s] -- Up-to-date: /home/osansubuntumachine/ros2_ws/install/uuv_sensor_ros_plugins/include/uuv_sensor_ros_plugins/ament_cmake_export_include_directories
[3.202s] -- Up-to-date: /home/osansubuntumachine/ros2_ws/install/uuv_sensor_ros_plugins/include/uuv_sensor_ros_plugins/SensorImu.pb.cc
[3.203s] -- Up-to-date: /home/osansubuntumachine/ros2_ws/install/uuv_sensor_ros_plugins/include/uuv_sensor_ros_plugins/SensorRpt.pb.cc
[3.203s] -- Up-to-date: /home/osansubuntumachine/ros2_ws/install/uuv_sensor_ros_plugins/include/uuv_sensor_ros_plugins/vector3d.pb.h
[3.203s] -- Up-to-date: /home/osansubuntumachine/ros2_ws/install/uuv_sensor_ros_plugins/include/uuv_sensor_ros_plugins/ament_cmake_index
[3.203s] -- Up-to-date: /home/osansubuntumachine/ros2_ws/install/uuv_sensor_ros_plugins/include/uuv_sensor_ros_plugins/ament_cmake_index/share
[3.209s] -- Up-to-date: /home/osansubuntumachine/ros2_ws/install/uuv_sensor_ros_plugins/include/uuv_sensor_ros_plugins/ament_cmake_index/share/ament_index
[3.209s] -- Up-to-date: /home/osansubuntumachine/ros2_ws/install/uuv_sensor_ros_plugins/include/uuv_sensor_ros_plugins/ament_cmake_index/share/ament_index/resource_index
[3.209s] -- Up-to-date: /home/osansubuntumachine/ros2_ws/install/uuv_sensor_ros_plugins/include/uuv_sensor_ros_plugins/ament_cmake_index/share/ament_index/resource_index/parent_prefix_path
[3.209s] -- Up-to-date: /home/osansubuntumachine/ros2_ws/install/uuv_sensor_ros_plugins/include/uuv_sensor_ros_plugins/ament_cmake_index/share/ament_index/resource_index/packages
[3.209s] -- Up-to-date: /home/osansubuntumachine/ros2_ws/install/uuv_sensor_ros_plugins/include/uuv_sensor_ros_plugins/ament_cmake_index/share/ament_index/resource_index/package_run_dependencies
[3.209s] -- Up-to-date: /home/osansubuntumachine/ros2_ws/install/uuv_sensor_ros_plugins/include/uuv_sensor_ros_plugins/quaternion.pb.h
[3.209s] -- Up-to-date: /home/osansubuntumachine/ros2_ws/install/uuv_sensor_ros_plugins/include/uuv_sensor_ros_plugins/SensorDvl.pb.h
[3.209s] -- Up-to-date: /home/osansubuntumachine/ros2_ws/install/uuv_sensor_ros_plugins/include/uuv_sensor_ros_plugins/ament_cmake_core
[3.209s] -- Up-to-date: /home/osansubuntumachine/ros2_ws/install/uuv_sensor_ros_plugins/include/uuv_sensor_ros_plugins/ament_cmake_core/stamps
[3.210s] -- Up-to-date: /home/osansubuntumachine/ros2_ws/install/uuv_sensor_ros_plugins/include/uuv_sensor_ros_plugins/SensorRpt.pb.h
[3.210s] -- Up-to-date: /home/osansubuntumachine/ros2_ws/install/uuv_sensor_ros_plugins/include/uuv_sensor_ros_plugins/SensorPressure.pb.h
[3.210s] -- Up-to-date: /home/osansubuntumachine/ros2_ws/install/uuv_sensor_ros_plugins/include/uuv_sensor_ros_plugins/SensorImu.pb.h
[3.211s] -- Up-to-date: /home/osansubuntumachine/ros2_ws/install/uuv_sensor_ros_plugins/include/uuv_sensor_ros_plugins/msgs
[3.214s] -- Up-to-date: /home/osansubuntumachine/ros2_ws/install/uuv_sensor_ros_plugins/include/uuv_sensor_ros_plugins/ament_cmake_export_libraries
[3.214s] -- Up-to-date: /home/osansubuntumachine/ros2_ws/install/uuv_sensor_ros_plugins/include/uuv_sensor_ros_plugins/SensorMagnetic.pb.h
[3.215s] -- Up-to-date: /home/osansubuntumachine/ros2_ws/install/uuv_sensor_ros_plugins/include/uuv_sensor_ros_plugins/vector3d.pb.cc
[3.215s] -- Up-to-date: /home/osansubuntumachine/ros2_ws/install/uuv_sensor_ros_plugins/include/uuv_sensor_ros_plugins/CMakeFiles
[3.216s] -- Up-to-date: /home/osansubuntumachine/ros2_ws/install/uuv_sensor_ros_plugins/include/uuv_sensor_ros_plugins/CMakeFiles/uuv_gazebo_ros_subsea_pressure_plugin.dir
[3.216s] -- Up-to-date: /home/osansubuntumachine/ros2_ws/install/uuv_sensor_ros_plugins/include/uuv_sensor_ros_plugins/CMakeFiles/uuv_gazebo_ros_subsea_pressure_plugin.dir/src
[3.219s] -- Up-to-date: /home/osansubuntumachine/ros2_ws/install/uuv_sensor_ros_plugins/include/uuv_sensor_ros_plugins/CMakeFiles/uuv_gazebo_ros_rpt_plugin.dir
[3.220s] -- Up-to-date: /home/osansubuntumachine/ros2_ws/install/uuv_sensor_ros_plugins/include/uuv_sensor_ros_plugins/CMakeFiles/uuv_gazebo_ros_rpt_plugin.dir/src
[3.223s] -- Up-to-date: /home/osansubuntumachine/ros2_ws/install/uuv_sensor_ros_plugins/include/uuv_sensor_ros_plugins/CMakeFiles/uuv_gazebo_ros_pose_gt_plugin.dir
[3.226s] -- Up-to-date: /home/osansubuntumachine/ros2_ws/install/uuv_sensor_ros_plugins/include/uuv_sensor_ros_plugins/CMakeFiles/uuv_gazebo_ros_pose_gt_plugin.dir/src
[3.226s] -- Up-to-date: /home/osansubuntumachine/ros2_ws/install/uuv_sensor_ros_plugins/include/uuv_sensor_ros_plugins/CMakeFiles/uuv_gazebo_ros_gps_plugin.dir
[3.226s] -- Up-to-date: /home/osansubuntumachine/ros2_ws/install/uuv_sensor_ros_plugins/include/uuv_sensor_ros_plugins/CMakeFiles/uuv_gazebo_ros_gps_plugin.dir/src
[3.226s] -- Up-to-date: /home/osansubuntumachine/ros2_ws/install/uuv_sensor_ros_plugins/include/uuv_sensor_ros_plugins/CMakeFiles/uuv_gazebo_ros_dvl_plugin.dir
[3.226s] -- Up-to-date: /home/osansubuntumachine/ros2_ws/install/uuv_sensor_ros_plugins/include/uuv_sensor_ros_plugins/CMakeFiles/uuv_gazebo_ros_dvl_plugin.dir/src
[3.226s] -- Up-to-date: /home/osansubuntumachine/ros2_ws/install/uuv_sensor_ros_plugins/include/uuv_sensor_ros_plugins/CMakeFiles/uninstall.dir
[3.226s] -- Up-to-date: /home/osansubuntumachine/ros2_ws/install/uuv_sensor_ros_plugins/include/uuv_sensor_ros_plugins/CMakeFiles/3.16.3
[3.226s] -- Up-to-date: /home/osansubuntumachine/ros2_ws/install/uuv_sensor_ros_plugins/include/uuv_sensor_ros_plugins/CMakeFiles/3.16.3/CompilerIdC
[3.226s] -- Up-to-date: /home/osansubuntumachine/ros2_ws/install/uuv_sensor_ros_plugins/include/uuv_sensor_ros_plugins/CMakeFiles/3.16.3/CompilerIdC/tmp
[3.227s] -- Up-to-date: /home/osansubuntumachine/ros2_ws/install/uuv_sensor_ros_plugins/include/uuv_sensor_ros_plugins/CMakeFiles/3.16.3/CompilerIdCXX
[3.227s] -- Up-to-date: /home/osansubuntumachine/ros2_ws/install/uuv_sensor_ros_plugins/include/uuv_sensor_ros_plugins/CMakeFiles/3.16.3/CompilerIdCXX/tmp
[3.227s] -- Up-to-date: /home/osansubuntumachine/ros2_ws/install/uuv_sensor_ros_plugins/include/uuv_sensor_ros_plugins/CMakeFiles/uuv_gazebo_ros_imu_plugin.dir
[3.227s] -- Up-to-date: /home/osansubuntumachine/ros2_ws/install/uuv_sensor_ros_plugins/include/uuv_sensor_ros_plugins/CMakeFiles/uuv_gazebo_ros_imu_plugin.dir/src
[3.227s] -- Up-to-date: /home/osansubuntumachine/ros2_ws/install/uuv_sensor_ros_plugins/include/uuv_sensor_ros_plugins/CMakeFiles/uuv_gazebo_ros_camera_plugin.dir
[3.227s] -- Up-to-date: /home/osansubuntumachine/ros2_ws/install/uuv_sensor_ros_plugins/include/uuv_sensor_ros_plugins/CMakeFiles/uuv_gazebo_ros_camera_plugin.dir/src
[3.227s] -- Up-to-date: /home/osansubuntumachine/ros2_ws/install/uuv_sensor_ros_plugins/include/uuv_sensor_ros_plugins/CMakeFiles/uuv_sensor_ros_plugins_uninstall.dir
[3.227s] -- Up-to-date: /home/osansubuntumachine/ros2_ws/install/uuv_sensor_ros_plugins/include/uuv_sensor_ros_plugins/CMakeFiles/uuv_gazebo_ros_magnetometer_plugin.dir
[3.227s] -- Up-to-date: /home/osansubuntumachine/ros2_ws/install/uuv_sensor_ros_plugins/include/uuv_sensor_ros_plugins/CMakeFiles/uuv_gazebo_ros_magnetometer_plugin.dir/src
[3.227s] -- Up-to-date: /home/osansubuntumachine/ros2_ws/install/uuv_sensor_ros_plugins/include/uuv_sensor_ros_plugins/CMakeFiles/uuv_gazebo_ros_base_sensor_plugin.dir
[3.227s] -- Up-to-date: /home/osansubuntumachine/ros2_ws/install/uuv_sensor_ros_plugins/include/uuv_sensor_ros_plugins/CMakeFiles/uuv_gazebo_ros_base_sensor_plugin.dir/src
[3.228s] -- Up-to-date: /home/osansubuntumachine/ros2_ws/install/uuv_sensor_ros_plugins/include/uuv_sensor_ros_plugins/CMakeFiles/image_sonar_ros_plugin.dir
[3.228s] -- Up-to-date: /home/osansubuntumachine/ros2_ws/install/uuv_sensor_ros_plugins/include/uuv_sensor_ros_plugins/CMakeFiles/image_sonar_ros_plugin.dir/src
[3.246s] -- Up-to-date: /home/osansubuntumachine/ros2_ws/install/uuv_sensor_ros_plugins/include/uuv_sensor_ros_plugins/CMakeFiles/uuv_gazebo_ros_base_model_plugin.dir
[3.246s] -- Up-to-date: /home/osansubuntumachine/ros2_ws/install/uuv_sensor_ros_plugins/include/uuv_sensor_ros_plugins/CMakeFiles/uuv_gazebo_ros_base_model_plugin.dir/src
[3.246s] -- Up-to-date: /home/osansubuntumachine/ros2_ws/install/uuv_sensor_ros_plugins/include/uuv_sensor_ros_plugins/CMakeFiles/uuv_sensor_gazebo_msgs.dir
[3.246s] -- Up-to-date: /home/osansubuntumachine/ros2_ws/install/uuv_sensor_ros_plugins/include/uuv_sensor_ros_plugins/CMakeFiles/uuv_sensor_gazebo_msgs.dir/quaternion.pb.cc.o
[3.246s] -- Up-to-date: /home/osansubuntumachine/ros2_ws/install/uuv_sensor_ros_plugins/include/uuv_sensor_ros_plugins/CMakeFiles/uuv_sensor_gazebo_msgs.dir/SensorRpt.pb.cc.o
[3.246s] -- Up-to-date: /home/osansubuntumachine/ros2_ws/install/uuv_sensor_ros_plugins/include/uuv_sensor_ros_plugins/CMakeFiles/uuv_sensor_gazebo_msgs.dir/SensorMagnetic.pb.cc.o
[3.246s] -- Up-to-date: /home/osansubuntumachine/ros2_ws/install/uuv_sensor_ros_plugins/include/uuv_sensor_ros_plugins/CMakeFiles/uuv_sensor_gazebo_msgs.dir/vector3d.pb.cc.o
[3.246s] -- Up-to-date: /home/osansubuntumachine/ros2_ws/install/uuv_sensor_ros_plugins/include/uuv_sensor_ros_plugins/CMakeFiles/uuv_sensor_gazebo_msgs.dir/SensorPressure.pb.cc.o
[3.247s] -- Up-to-date: /home/osansubuntumachine/ros2_ws/install/uuv_sensor_ros_plugins/include/uuv_sensor_ros_plugins/CMakeFiles/uuv_sensor_gazebo_msgs.dir/SensorDvl.pb.cc.o
[3.247s] -- Up-to-date: /home/osansubuntumachine/ros2_ws/install/uuv_sensor_ros_plugins/include/uuv_sensor_ros_plugins/CMakeFiles/uuv_sensor_gazebo_msgs.dir/SensorImu.pb.cc.o
[3.247s] -- Up-to-date: /home/osansubuntumachine/ros2_ws/install/uuv_sensor_ros_plugins/include/uuv_sensor_ros_plugins/CMakeFiles/CMakeTmp
[3.247s] -- Up-to-date: /home/osansubuntumachine/ros2_ws/install/uuv_sensor_ros_plugins/include/uuv_sensor_ros_plugins/CMakeFiles/uuv_gazebo_ros_cpc_plugin.dir
[3.247s] -- Up-to-date: /home/osansubuntumachine/ros2_ws/install/uuv_sensor_ros_plugins/include/uuv_sensor_ros_plugins/CMakeFiles/uuv_gazebo_ros_cpc_plugin.dir/src
[3.247s] -- Up-to-date: /home/osansubuntumachine/ros2_ws/install/uuv_sensor_ros_plugins/include/uuv_sensor_ros_plugins/ament_cmake_export_dependencies
[3.247s] -- Up-to-date: /home/osansubuntumachine/ros2_ws/install/uuv_sensor_ros_plugins/include/uuv_sensor_ros_plugins/SensorMagnetic.pb.cc
[3.247s] -- Up-to-date: /home/osansubuntumachine/ros2_ws/install/uuv_sensor_ros_plugins/include/uuv_sensor_ros_plugins/ament_cmake_package_templates
[3.247s] -- Up-to-date: /home/osansubuntumachine/ros2_ws/install/uuv_sensor_ros_plugins/include/uuv_sensor_ros_plugins/.cmake
[3.247s] -- Up-to-date: /home/osansubuntumachine/ros2_ws/install/uuv_sensor_ros_plugins/include/uuv_sensor_ros_plugins/.cmake/api
[3.247s] -- Up-to-date: /home/osansubuntumachine/ros2_ws/install/uuv_sensor_ros_plugins/include/uuv_sensor_ros_plugins/.cmake/api/v1
[3.250s] -- Up-to-date: /home/osansubuntumachine/ros2_ws/install/uuv_sensor_ros_plugins/include/uuv_sensor_ros_plugins/.cmake/api/v1/reply
[3.250s] -- Up-to-date: /home/osansubuntumachine/ros2_ws/install/uuv_sensor_ros_plugins/include/uuv_sensor_ros_plugins/.cmake/api/v1/query
[3.250s] -- Up-to-date: /home/osansubuntumachine/ros2_ws/install/uuv_sensor_ros_plugins/include/uuv_sensor_ros_plugins/.cmake/api/v1/query/client-colcon-cmake
[3.250s] -- Up-to-date: /home/osansubuntumachine/ros2_ws/install/uuv_sensor_ros_plugins/include/uuv_sensor_ros_plugins/ament_cmake_environment_hooks
[3.254s] -- Up-to-date: /home/osansubuntumachine/ros2_ws/install/uuv_sensor_ros_plugins/include/uuv_sensor_ros_plugins/SensorPressure.pb.cc
[3.254s] -- Up-to-date: /home/osansubuntumachine/ros2_ws/install/uuv_sensor_ros_plugins/lib/libuuv_sensor_gazebo_msgs.so
[3.259s] -- Up-to-date: /home/osansubuntumachine/ros2_ws/install/uuv_sensor_ros_plugins/lib/libuuv_gazebo_ros_base_model_plugin.so
[3.275s] -- Up-to-date: /home/osansubuntumachine/ros2_ws/install/uuv_sensor_ros_plugins/lib/libuuv_gazebo_ros_base_sensor_plugin.so
[3.276s] -- Up-to-date: /home/osansubuntumachine/ros2_ws/install/uuv_sensor_ros_plugins/lib/libuuv_gazebo_ros_gps_plugin.so
[3.276s] -- Up-to-date: /home/osansubuntumachine/ros2_ws/install/uuv_sensor_ros_plugins/lib/libuuv_gazebo_ros_pose_gt_plugin.so
[3.276s] -- Up-to-date: /home/osansubuntumachine/ros2_ws/install/uuv_sensor_ros_plugins/lib/libuuv_gazebo_ros_subsea_pressure_plugin.so
[3.276s] -- Up-to-date: /home/osansubuntumachine/ros2_ws/install/uuv_sensor_ros_plugins/lib/libuuv_gazebo_ros_dvl_plugin.so
[3.276s] -- Up-to-date: /home/osansubuntumachine/ros2_ws/install/uuv_sensor_ros_plugins/lib/libuuv_gazebo_ros_magnetometer_plugin.so
[3.298s] -- Up-to-date: /home/osansubuntumachine/ros2_ws/install/uuv_sensor_ros_plugins/lib/libuuv_gazebo_ros_cpc_plugin.so
[3.298s] -- Up-to-date: /home/osansubuntumachine/ros2_ws/install/uuv_sensor_ros_plugins/lib/libuuv_gazebo_ros_imu_plugin.so
[3.298s] -- Up-to-date: /home/osansubuntumachine/ros2_ws/install/uuv_sensor_ros_plugins/lib/libuuv_gazebo_ros_rpt_plugin.so
[3.298s] -- Up-to-date: /home/osansubuntumachine/ros2_ws/install/uuv_sensor_ros_plugins/lib/libuuv_gazebo_ros_camera_plugin.so
[3.298s] -- Up-to-date: /home/osansubuntumachine/ros2_ws/install/uuv_sensor_ros_plugins/lib/libimage_sonar_ros_plugin.so
[3.298s] -- Up-to-date: /home/osansubuntumachine/ros2_ws/install/uuv_sensor_ros_plugins/include/uuv_sensor_ros_plugins
[3.298s] -- Up-to-date: /home/osansubuntumachine/ros2_ws/install/uuv_sensor_ros_plugins/include/uuv_sensor_ros_plugins/ROSBaseModelPlugin.h
[3.298s] -- Up-to-date: /home/osansubuntumachine/ros2_ws/install/uuv_sensor_ros_plugins/include/uuv_sensor_ros_plugins/ROSBaseSensorPlugin.h
[3.298s] -- Up-to-date: /home/osansubuntumachine/ros2_ws/install/uuv_sensor_ros_plugins/include/uuv_sensor_ros_plugins/MagnetometerROSPlugin.h
[3.298s] -- Up-to-date: /home/osansubuntumachine/ros2_ws/install/uuv_sensor_ros_plugins/include/uuv_sensor_ros_plugins/SubseaPressureROSPlugin.h
[3.298s] -- Up-to-date: /home/osansubuntumachine/ros2_ws/install/uuv_sensor_ros_plugins/include/uuv_sensor_ros_plugins/Common.h
[3.298s] -- Up-to-date: /home/osansubuntumachine/ros2_ws/install/uuv_sensor_ros_plugins/include/uuv_sensor_ros_plugins/DVLROSPlugin.h
[3.299s] -- Up-to-date: /home/osansubuntumachine/ros2_ws/install/uuv_sensor_ros_plugins/include/uuv_sensor_ros_plugins/UnderwaterCameraROSPlugin.h
[3.299s] -- Up-to-date: /home/osansubuntumachine/ros2_ws/install/uuv_sensor_ros_plugins/include/uuv_sensor_ros_plugins/IMUROSPlugin.h
[3.299s] -- Up-to-date: /home/osansubuntumachine/ros2_ws/install/uuv_sensor_ros_plugins/include/uuv_sensor_ros_plugins/gazebo_ros_image_sonar.h
[3.300s] -- Up-to-date: /home/osansubuntumachine/ros2_ws/install/uuv_sensor_ros_plugins/include/uuv_sensor_ros_plugins/GPSROSPlugin.h
[3.300s] -- Up-to-date: /home/osansubuntumachine/ros2_ws/install/uuv_sensor_ros_plugins/include/uuv_sensor_ros_plugins/CPCROSPlugin.h
[3.300s] -- Up-to-date: /home/osansubuntumachine/ros2_ws/install/uuv_sensor_ros_plugins/include/uuv_sensor_ros_plugins/ROSBasePlugin.h
[3.300s] -- Up-to-date: /home/osansubuntumachine/ros2_ws/install/uuv_sensor_ros_plugins/include/uuv_sensor_ros_plugins/PoseGTROSPlugin.h
[3.300s] -- Up-to-date: /home/osansubuntumachine/ros2_ws/install/uuv_sensor_ros_plugins/include/uuv_sensor_ros_plugins/RPTROSPlugin.h
[3.300s] -- Up-to-date: /home/osansubuntumachine/ros2_ws/install/uuv_sensor_ros_plugins/share/uuv_sensor_ros_plugins/meshes
[3.300s] -- Up-to-date: /home/osansubuntumachine/ros2_ws/install/uuv_sensor_ros_plugins/share/uuv_sensor_ros_plugins/meshes/p900.blend
[3.300s] -- Up-to-date: /home/osansubuntumachine/ros2_ws/install/uuv_sensor_ros_plugins/share/uuv_sensor_ros_plugins/meshes/pressure.dae
[3.300s] -- Up-to-date: /home/osansubuntumachine/ros2_ws/install/uuv_sensor_ros_plugins/share/uuv_sensor_ros_plugins/meshes/m450-130.blend
[3.300s] -- Up-to-date: /home/osansubuntumachine/ros2_ws/install/uuv_sensor_ros_plugins/share/uuv_sensor_ros_plugins/meshes/oe14-372.dae
[3.300s] -- Up-to-date: /home/osansubuntumachine/ros2_ws/install/uuv_sensor_ros_plugins/share/uuv_sensor_ros_plugins/meshes/p900.stl
[3.300s] -- Up-to-date: /home/osansubuntumachine/ros2_ws/install/uuv_sensor_ros_plugins/share/uuv_sensor_ros_plugins/meshes/rpt.blend
[3.300s] -- Up-to-date: /home/osansubuntumachine/ros2_ws/install/uuv_sensor_ros_plugins/share/uuv_sensor_ros_plugins/meshes/p900.dae
[3.301s] -- Up-to-date: /home/osansubuntumachine/ros2_ws/install/uuv_sensor_ros_plugins/share/uuv_sensor_ros_plugins/meshes/dvl.blend
[3.301s] -- Up-to-date: /home/osansubuntumachine/ros2_ws/install/uuv_sensor_ros_plugins/share/uuv_sensor_ros_plugins/meshes/oe14-372.blend
[3.301s] -- Up-to-date: /home/osansubuntumachine/ros2_ws/install/uuv_sensor_ros_plugins/share/uuv_sensor_ros_plugins/meshes/pressure.blend
[3.301s] -- Up-to-date: /home/osansubuntumachine/ros2_ws/install/uuv_sensor_ros_plugins/share/uuv_sensor_ros_plugins/meshes/m450-130.dae
[3.301s] -- Up-to-date: /home/osansubuntumachine/ros2_ws/install/uuv_sensor_ros_plugins/share/uuv_sensor_ros_plugins/meshes/duo3d.dae
[3.301s] -- Up-to-date: /home/osansubuntumachine/ros2_ws/install/uuv_sensor_ros_plugins/share/uuv_sensor_ros_plugins/meshes/rpt.dae
[3.301s] -- Up-to-date: /home/osansubuntumachine/ros2_ws/install/uuv_sensor_ros_plugins/share/uuv_sensor_ros_plugins/meshes/dvl.dae
[3.301s] -- Up-to-date: /home/osansubuntumachine/ros2_ws/install/uuv_sensor_ros_plugins/share/uuv_sensor_ros_plugins/urdf
[3.301s] -- Up-to-date: /home/osansubuntumachine/ros2_ws/install/uuv_sensor_ros_plugins/share/uuv_sensor_ros_plugins/urdf/imu_snippets.xacro
[3.301s] -- Up-to-date: /home/osansubuntumachine/ros2_ws/install/uuv_sensor_ros_plugins/share/uuv_sensor_ros_plugins/urdf/magnetometer_snippets.xacro
[3.301s] -- Up-to-date: /home/osansubuntumachine/ros2_ws/install/uuv_sensor_ros_plugins/share/uuv_sensor_ros_plugins/urdf/stereo_snippets.xacro
[3.301s] -- Up-to-date: /home/osansubuntumachine/ros2_ws/install/uuv_sensor_ros_plugins/share/uuv_sensor_ros_plugins/urdf/camera_snippets.xacro
[3.301s] -- Up-to-date: /home/osansubuntumachine/ros2_ws/install/uuv_sensor_ros_plugins/share/uuv_sensor_ros_plugins/urdf/chemical_concentration_snippets.xacro
[3.302s] -- Up-to-date: /home/osansubuntumachine/ros2_ws/install/uuv_sensor_ros_plugins/share/uuv_sensor_ros_plugins/urdf/pose_3d_snippets.xacro
[3.302s] -- Up-to-date: /home/osansubuntumachine/ros2_ws/install/uuv_sensor_ros_plugins/share/uuv_sensor_ros_plugins/urdf/sensor_snippets.xacro
[3.302s] -- Up-to-date: /home/osansubuntumachine/ros2_ws/install/uuv_sensor_ros_plugins/share/uuv_sensor_ros_plugins/urdf/pressure_snippets.xacro
[3.302s] -- Up-to-date: /home/osansubuntumachine/ros2_ws/install/uuv_sensor_ros_plugins/share/uuv_sensor_ros_plugins/urdf/sonar_snippets.xacro
[3.302s] -- Up-to-date: /home/osansubuntumachine/ros2_ws/install/uuv_sensor_ros_plugins/share/uuv_sensor_ros_plugins/urdf/gps_sensor_snippets.xacro
[3.302s] -- Up-to-date: /home/osansubuntumachine/ros2_ws/install/uuv_sensor_ros_plugins/share/uuv_sensor_ros_plugins/urdf/dvl_snippets.xacro
[3.302s] -- Up-to-date: /home/osansubuntumachine/ros2_ws/install/uuv_sensor_ros_plugins/share/uuv_sensor_ros_plugins/urdf/rpt_snippets.xacro
[3.302s] -- Up-to-date: /home/osansubuntumachine/ros2_ws/install/uuv_sensor_ros_plugins/share/uuv_sensor_ros_plugins/environment/library_path.sh
[3.302s] -- Up-to-date: /home/osansubuntumachine/ros2_ws/install/uuv_sensor_ros_plugins/share/uuv_sensor_ros_plugins/environment/library_path.dsv
[3.318s] -- Up-to-date: /home/osansubuntumachine/ros2_ws/install/uuv_sensor_ros_plugins/share/ament_index/resource_index/package_run_dependencies/uuv_sensor_ros_plugins
[3.318s] -- Up-to-date: /home/osansubuntumachine/ros2_ws/install/uuv_sensor_ros_plugins/share/ament_index/resource_index/parent_prefix_path/uuv_sensor_ros_plugins
[3.318s] -- Up-to-date: /home/osansubuntumachine/ros2_ws/install/uuv_sensor_ros_plugins/share/uuv_sensor_ros_plugins/environment/ament_prefix_path.sh
[3.318s] -- Up-to-date: /home/osansubuntumachine/ros2_ws/install/uuv_sensor_ros_plugins/share/uuv_sensor_ros_plugins/environment/ament_prefix_path.dsv
[3.318s] -- Up-to-date: /home/osansubuntumachine/ros2_ws/install/uuv_sensor_ros_plugins/share/uuv_sensor_ros_plugins/environment/path.sh
[3.318s] -- Up-to-date: /home/osansubuntumachine/ros2_ws/install/uuv_sensor_ros_plugins/share/uuv_sensor_ros_plugins/environment/path.dsv
[3.319s] -- Up-to-date: /home/osansubuntumachine/ros2_ws/install/uuv_sensor_ros_plugins/share/uuv_sensor_ros_plugins/local_setup.bash
[3.319s] -- Up-to-date: /home/osansubuntumachine/ros2_ws/install/uuv_sensor_ros_plugins/share/uuv_sensor_ros_plugins/local_setup.sh
[3.319s] -- Up-to-date: /home/osansubuntumachine/ros2_ws/install/uuv_sensor_ros_plugins/share/uuv_sensor_ros_plugins/local_setup.zsh
[3.319s] -- Up-to-date: /home/osansubuntumachine/ros2_ws/install/uuv_sensor_ros_plugins/share/uuv_sensor_ros_plugins/local_setup.dsv
[3.319s] -- Installing: /home/osansubuntumachine/ros2_ws/install/uuv_sensor_ros_plugins/share/uuv_sensor_ros_plugins/package.dsv
[3.319s] -- Up-to-date: /home/osansubuntumachine/ros2_ws/install/uuv_sensor_ros_plugins/share/ament_index/resource_index/packages/uuv_sensor_ros_plugins
[3.319s] -- Up-to-date: /home/osansubuntumachine/ros2_ws/install/uuv_sensor_ros_plugins/share/uuv_sensor_ros_plugins/cmake/ament_cmake_export_dependencies-extras.cmake
[3.319s] -- Up-to-date: /home/osansubuntumachine/ros2_ws/install/uuv_sensor_ros_plugins/share/uuv_sensor_ros_plugins/cmake/ament_cmake_export_include_directories-extras.cmake
[3.319s] -- Up-to-date: /home/osansubuntumachine/ros2_ws/install/uuv_sensor_ros_plugins/share/uuv_sensor_ros_plugins/cmake/ament_cmake_export_libraries-extras.cmake
[3.323s] -- Up-to-date: /home/osansubuntumachine/ros2_ws/install/uuv_sensor_ros_plugins/share/uuv_sensor_ros_plugins/cmake/uuv_sensor_ros_pluginsConfig.cmake
[3.326s] -- Up-to-date: /home/osansubuntumachine/ros2_ws/install/uuv_sensor_ros_plugins/share/uuv_sensor_ros_plugins/cmake/uuv_sensor_ros_pluginsConfig-version.cmake
[3.326s] -- Up-to-date: /home/osansubuntumachine/ros2_ws/install/uuv_sensor_ros_plugins/share/uuv_sensor_ros_plugins/package.xml
[3.712s] Invoked command in '/home/osansubuntumachine/ros2_ws/build/uuv_sensor_ros_plugins' returned '0': CMAKE_PREFIX_PATH=/home/osansubuntumachine/ros2_ws/install/uuv_sensor_ros_plugins_msgs:/home/osansubuntumachine/ros2_ws/install/uuv_gazebo_plugins:/home/osansubuntumachine/ros2_ws/install/plankton:/home/osansubuntumachine/ros2_ws/install/uuv_simulator:/home/osansubuntumachine/ros2_ws/install/uuv_world_ros_plugins:/home/osansubuntumachine/ros2_ws/install/uuv_tutorials:/home/osansubuntumachine/ros2_ws/install/uuv_tutorial_dp_controller:/home/osansubuntumachine/ros2_ws/install/uuv_tutorial_disturbances:/home/osansubuntumachine/ros2_ws/install/uuv_control_utils:/home/osansubuntumachine/ros2_ws/install/uuv_world_ros_plugins_msgs:/home/osansubuntumachine/ros2_ws/install/uuv_world_plugins:/home/osansubuntumachine/ros2_ws/install/uuv_tutorial_seabed_world:/home/osansubuntumachine/ros2_ws/install/uuv_trajectory_control:/home/osansubuntumachine/ros2_ws/install/uuv_teleop:/home/osansubuntumachine/ros2_ws/install/uuv_thruster_manager:/home/osansubuntumachine/ros2_ws/install/uuv_descriptions:/home/osansubuntumachine/ros2_ws/install/uuv_sensor_ros_plugins:/home/osansubuntumachine/ros2_ws/install/uuv_gazebo_worlds:/home/osansubuntumachine/ros2_ws/install/uuv_gazebo_ros_plugins:/home/osansubuntumachine/ros2_ws/install/uuv_gazebo_ros_plugins_msgs:/home/osansubuntumachine/ros2_ws/install/uuv_gazebo:/home/osansubuntumachine/ros2_ws/install/uuv_control_msgs:/home/osansubuntumachine/ros2_ws/install/uuv_control_cascaded_pid:/home/osansubuntumachine/ros2_ws/install/uuv_auv_control_allocator:/home/osansubuntumachine/ros2_ws/install/uuv_assistants:/home/osansubuntumachine/ros2_ws/install/plankton_utils:/home/osansubuntumachine/ros2_ws/install/rexrov_autonomy:/opt/ros/foxy LD_LIBRARY_PATH=/home/osansubuntumachine/ros2_ws/install/uuv_sensor_ros_plugins_msgs/lib:/home/osansubuntumachine/ros2_ws/install/uuv_gazebo_plugins/lib:/home/osansubuntumachine/ros2_ws/install/uuv_world_ros_plugins/lib:/home/osansubuntumachine/ros2_ws/install/uuv_world_ros_plugins_msgs/lib:/home/osansubuntumachine/ros2_ws/install/uuv_world_plugins/lib:/home/osansubuntumachine/ros2_ws/install/uuv_thruster_manager/lib:/home/osansubuntumachine/ros2_ws/install/uuv_sensor_ros_plugins/lib:/home/osansubuntumachine/ros2_ws/install/uuv_gazebo_ros_plugins/lib:/home/osansubuntumachine/ros2_ws/install/uuv_gazebo_ros_plugins_msgs/lib:/home/osansubuntumachine/ros2_ws/install/uuv_control_msgs/lib:/home/osansubuntumachine/ros2_ws/install/uuv_auv_control_allocator/lib:/usr/lib/x86_64-linux-gnu/gazebo-11/plugins:/opt/ros/foxy/opt/yaml_cpp_vendor/lib:/opt/ros/foxy/opt/rviz_ogre_vendor/lib:/opt/ros/foxy/lib/x86_64-linux-gnu:/opt/ros/foxy/lib:/usr/lib/x86_64-linux-gnu/gazebo-11/plugins PYTHONPATH=/home/osansubuntumachine/ros2_ws/install/uuv_sensor_ros_plugins_msgs/lib/python3.8/site-packages:/home/osansubuntumachine/ros2_ws/install/uuv_world_ros_plugins_msgs/lib/python3.8/site-packages:/home/osansubuntumachine/ros2_ws/install/uuv_trajectory_control/lib/python3.8/site-packages:/home/osansubuntumachine/ros2_ws/install/uuv_thruster_manager/lib/python3.8/site-packages:/home/osansubuntumachine/ros2_ws/install/uuv_gazebo_ros_plugins_msgs/lib/python3.8/site-packages:/home/osansubuntumachine/ros2_ws/install/uuv_control_msgs/lib/python3.8/site-packages:/home/osansubuntumachine/ros2_ws/install/uuv_control_cascaded_pid/lib/python3.8/site-packages:/home/osansubuntumachine/ros2_ws/install/uuv_auv_control_allocator/lib/python3.8/site-packages:/home/osansubuntumachine/ros2_ws/install/uuv_assistants/lib/python3.8/site-packages:/home/osansubuntumachine/ros2_ws/install/rexrov_autonomy/lib/python3.8/site-packages:/home/osansubuntumachine/ros2_ws/install/plankton_utils/lib/python3.8/site-packages:/opt/ros/foxy/lib/python3.8/site-packages /usr/bin/cmake --install /home/osansubuntumachine/ros2_ws/build/uuv_sensor_ros_plugins
