-- The C compiler identification is GNU 9.4.0
-- The CXX compiler identification is GNU 9.4.0
-- Check for working C compiler: /usr/bin/cc
-- Check for working C compiler: /usr/bin/cc -- works
-- Detecting C compiler ABI info
-- Detecting C compiler ABI info - done
-- Detecting C compile features
-- Detecting C compile features - done
-- Check for working CXX compiler: /usr/bin/c++
-- Check for working CXX compiler: /usr/bin/c++ -- works
-- Detecting CXX compiler ABI info
-- Detecting CXX compiler ABI info - done
-- Detecting CXX compile features
-- Detecting CXX compile features - done
-- Found ament_cmake: 0.9.12 (/opt/ros/foxy/share/ament_cmake/cmake)
-- Found PythonInterp: /usr/bin/python3 (found suitable version "3.8.10", minimum required is "3") 
-- Using PYTHON_EXECUTABLE: /usr/bin/python3
-- Configuring done
-- Generating done
-- Build files have been written to: /home/osansubuntumachine/ros2_ws/build/uuv_teleop
-- Install configuration: ""
-- Installing: /home/osansubuntumachine/ros2_ws/install/uuv_teleop/share/uuv_teleop/launch
-- Installing: /home/osansubuntumachine/ros2_ws/install/uuv_teleop/share/uuv_teleop/launch/uuv_keyboard_teleop.launch
-- Installing: /home/osansubuntumachine/ros2_ws/install/uuv_teleop/share/uuv_teleop/launch/finned_uuv_teleop.launch
-- Installing: /home/osansubuntumachine/ros2_ws/install/uuv_teleop/share/uuv_teleop/launch/uuv_teleop.launch
-- Installing: /home/osansubuntumachine/ros2_ws/install/uuv_teleop/lib/uuv_teleop/vehicle_teleop.py
-- Installing: /home/osansubuntumachine/ros2_ws/install/uuv_teleop/lib/uuv_teleop/vehicle_keyboard_teleop.py
-- Installing: /home/osansubuntumachine/ros2_ws/install/uuv_teleop/lib/uuv_teleop/finned_uuv_teleop.py
-- Installing: /home/osansubuntumachine/ros2_ws/install/uuv_teleop/share/ament_index/resource_index/package_run_dependencies/uuv_teleop
-- Installing: /home/osansubuntumachine/ros2_ws/install/uuv_teleop/share/ament_index/resource_index/parent_prefix_path/uuv_teleop
-- Installing: /home/osansubuntumachine/ros2_ws/install/uuv_teleop/share/uuv_teleop/environment/ament_prefix_path.sh
-- Installing: /home/osansubuntumachine/ros2_ws/install/uuv_teleop/share/uuv_teleop/environment/ament_prefix_path.dsv
-- Installing: /home/osansubuntumachine/ros2_ws/install/uuv_teleop/share/uuv_teleop/environment/path.sh
-- Installing: /home/osansubuntumachine/ros2_ws/install/uuv_teleop/share/uuv_teleop/environment/path.dsv
-- Installing: /home/osansubuntumachine/ros2_ws/install/uuv_teleop/share/uuv_teleop/local_setup.bash
-- Installing: /home/osansubuntumachine/ros2_ws/install/uuv_teleop/share/uuv_teleop/local_setup.sh
-- Installing: /home/osansubuntumachine/ros2_ws/install/uuv_teleop/share/uuv_teleop/local_setup.zsh
-- Installing: /home/osansubuntumachine/ros2_ws/install/uuv_teleop/share/uuv_teleop/local_setup.dsv
-- Installing: /home/osansubuntumachine/ros2_ws/install/uuv_teleop/share/uuv_teleop/package.dsv
-- Installing: /home/osansubuntumachine/ros2_ws/install/uuv_teleop/share/ament_index/resource_index/packages/uuv_teleop
-- Installing: /home/osansubuntumachine/ros2_ws/install/uuv_teleop/share/uuv_teleop/cmake/uuv_teleopConfig.cmake
-- Installing: /home/osansubuntumachine/ros2_ws/install/uuv_teleop/share/uuv_teleop/cmake/uuv_teleopConfig-version.cmake
-- Installing: /home/osansubuntumachine/ros2_ws/install/uuv_teleop/share/uuv_teleop/package.xml
