[0.011s] Invoking command in '/home/osansubuntumachine/ros2_ws/build/uuv_world_plugins': CMAKE_PREFIX_PATH=/opt/ros/foxy /usr/bin/cmake /home/osansubuntumachine/ros2_ws/src/Plankton/uuv_world_plugins/uuv_world_plugins -DCMAKE_INSTALL_PREFIX=/home/osansubuntumachine/ros2_ws/install/uuv_world_plugins
[0.057s] -- The C compiler identification is GNU 9.4.0
[0.104s] -- The CXX compiler identification is GNU 9.4.0
[0.109s] -- Check for working C compiler: /usr/bin/cc
[0.168s] -- Check for working C compiler: /usr/bin/cc -- works
[0.169s] -- Detecting C compiler ABI info
[0.223s] -- Detecting C compiler ABI info - done
[0.229s] -- Detecting C compile features
[0.230s] -- Detecting C compile features - done
[0.231s] -- Check for working CXX compiler: /usr/bin/c++
[0.299s] -- Check for working CXX compiler: /usr/bin/c++ -- works
[0.299s] -- Detecting CXX compiler ABI info
[0.367s] -- Detecting CXX compiler ABI info - done
[0.374s] -- Detecting CXX compile features
[0.375s] -- Detecting CXX compile features - done
[0.376s] -- Found gazebo_dev: 3.5.3 (/opt/ros/foxy/share/gazebo_dev/cmake)
[0.381s] -- Found PkgConfig: /usr/bin/pkg-config (found version "0.29.1") 
[0.384s] -- Checking for module 'bullet>=2.82'
[0.396s] --   Found bullet, version 2.88
[0.488s] -- Found ccd: /usr/include (found suitable version "2.0", minimum required is "2.0") 
[0.543s] -- Found fcl: /usr/include (found suitable version "0.5.0", minimum required is "0.3.2") 
[0.593s] -- Found assimp: /usr/include (found version "5.0.0") 
[0.608s] -- Found DART: /usr/include (Required is at least version "6.6") found components: dart 
[0.882s] -- Found Boost: /usr/lib/x86_64-linux-gnu/cmake/Boost-1.71.0/BoostConfig.cmake (found suitable version "1.71.0", minimum required is "1.40.0") found components: thread system filesystem program_options regex iostreams date_time 
[0.896s] -- Found Protobuf: /usr/lib/x86_64-linux-gnu/libprotobuf.so;-lpthread (found version "3.6.1") 
[0.900s] -- Looking for ignition-math6 -- found version 6.15.1
[0.904s] -- Searching for dependencies of ignition-math6
[0.905s] -- Looking for OGRE...
[0.906s] -- OGRE_PREFIX_WATCH changed.
[0.909s] -- Checking for module 'OGRE'
[0.923s] --   Found OGRE, version 1.9.0
[0.957s] -- Found Ogre Ghadamon (1.9.0)
[0.963s] -- Found OGRE: optimized;/usr/lib/x86_64-linux-gnu/libOgreMain.so;debug;/usr/lib/x86_64-linux-gnu/libOgreMain.so
[0.971s] -- Looking for OGRE_Paging...
[0.976s] -- Found OGRE_Paging: optimized;/usr/lib/x86_64-linux-gnu/libOgrePaging.so;debug;/usr/lib/x86_64-linux-gnu/libOgrePaging.so
[0.976s] -- Looking for OGRE_Terrain...
[0.983s] -- Found OGRE_Terrain: optimized;/usr/lib/x86_64-linux-gnu/libOgreTerrain.so;debug;/usr/lib/x86_64-linux-gnu/libOgreTerrain.so
[0.983s] -- Looking for OGRE_Property...
[0.989s] -- Found OGRE_Property: optimized;/usr/lib/x86_64-linux-gnu/libOgreProperty.so;debug;/usr/lib/x86_64-linux-gnu/libOgreProperty.so
[0.989s] -- Looking for OGRE_RTShaderSystem...
[0.995s] -- Found OGRE_RTShaderSystem: optimized;/usr/lib/x86_64-linux-gnu/libOgreRTShaderSystem.so;debug;/usr/lib/x86_64-linux-gnu/libOgreRTShaderSystem.so
[0.995s] -- Looking for OGRE_Volume...
[1.001s] -- Found OGRE_Volume: optimized;/usr/lib/x86_64-linux-gnu/libOgreVolume.so;debug;/usr/lib/x86_64-linux-gnu/libOgreVolume.so
[1.001s] -- Looking for OGRE_Overlay...
[1.006s] -- Found OGRE_Overlay: optimized;/usr/lib/x86_64-linux-gnu/libOgreOverlay.so;debug;/usr/lib/x86_64-linux-gnu/libOgreOverlay.so
[1.089s] -- Looking for ignition-math6 -- found version 6.15.1
[1.091s] -- Looking for ignition-transport8 -- found version 8.5.1
[1.091s] -- Searching for dependencies of ignition-transport8
[1.109s] -- Config-file not installed for ZeroMQ -- checking for pkg-config
[1.113s] -- Checking for module 'libzmq >= 4'
[1.126s] --   Found libzmq , version 4.3.2
[1.159s] -- Found ZeroMQ: TRUE (Required is at least version "4") 
[1.163s] -- Checking for module 'uuid'
[1.176s] --   Found uuid, version 2.34.0
[1.209s] -- Found UUID: TRUE  
[1.210s] -- Looking for ignition-msgs5 -- found version 5.11.1
[1.210s] -- Searching for dependencies of ignition-msgs5
[1.223s] -- Looking for ignition-math6 -- found version 6.15.1
[1.226s] -- Checking for module 'tinyxml2'
[1.239s] --   Found tinyxml2, version 6.2.0
[1.272s] -- Looking for ignition-msgs5 -- found version 5.11.1
[1.273s] -- Looking for ignition-common3 -- found version 3.17.1
[1.273s] -- Searching for dependencies of ignition-common3
[1.274s] -- Looking for dlfcn.h - found
[1.274s] -- Looking for libdl - found
[1.275s] -- Found DL: TRUE  
[1.283s] -- Searching for <ignition-common3> component [graphics]
[1.284s] -- Looking for ignition-common3-graphics -- found version 3.17.1
[1.284s] -- Searching for dependencies of ignition-common3-graphics
[1.285s] -- Looking for ignition-math6 -- found version 6.15.1
[1.286s] -- Looking for ignition-fuel_tools4 -- found version 4.9.2
[1.287s] -- Searching for dependencies of ignition-fuel_tools4
[1.349s] -- Found CURL: /usr/lib/x86_64-linux-gnu/libcurl.so (found version "7.68.0")  
[1.355s] -- Checking for module 'jsoncpp'
[1.368s] --   Found jsoncpp, version 1.7.4
[1.401s] -- Found JSONCPP: TRUE  
[1.406s] -- Checking for module 'libzip'
[1.418s] --   Found libzip, version 1.5.1
[1.450s] -- Found ZIP: TRUE  
[1.450s] -- Looking for ignition-common3 -- found version 3.17.1
[1.451s] -- Looking for ignition-math6 -- found version 6.15.1
[1.451s] -- Looking for ignition-msgs5 -- found version 5.11.1
[1.452s] -- Gazebo version: 11.15
[1.453s] -- Found gazebo_msgs: 3.5.3 (/opt/ros/foxy/share/gazebo_msgs/cmake)
[1.470s] -- Found PythonInterp: /usr/bin/python3 (found suitable version "3.8.10", minimum required is "3") 
[1.470s] -- Using PYTHON_EXECUTABLE: /usr/bin/python3
[1.629s] -- Using all available rosidl_typesupport_c: rosidl_typesupport_fastrtps_c;rosidl_typesupport_introspection_c
[1.633s] -- Found rosidl_adapter: 1.3.1 (/opt/ros/foxy/share/rosidl_adapter/cmake)
[1.702s] -- Found OpenSSL: /usr/lib/x86_64-linux-gnu/libcrypto.so (found version "1.1.1f")  
[1.720s] -- Found FastRTPS: /opt/ros/foxy/include  
[1.788s] -- Using all available rosidl_typesupport_cpp: rosidl_typesupport_fastrtps_cpp;rosidl_typesupport_introspection_cpp
[2.079s] -- Configuring done
[2.096s] -- Generating done
[2.100s] -- Build files have been written to: /home/osansubuntumachine/ros2_ws/build/uuv_world_plugins
[2.107s] Invoked command in '/home/osansubuntumachine/ros2_ws/build/uuv_world_plugins' returned '0': CMAKE_PREFIX_PATH=/opt/ros/foxy /usr/bin/cmake /home/osansubuntumachine/ros2_ws/src/Plankton/uuv_world_plugins/uuv_world_plugins -DCMAKE_INSTALL_PREFIX=/home/osansubuntumachine/ros2_ws/install/uuv_world_plugins
[2.109s] Invoking command in '/home/osansubuntumachine/ros2_ws/build/uuv_world_plugins': CMAKE_PREFIX_PATH=/opt/ros/foxy /usr/bin/cmake --build /home/osansubuntumachine/ros2_ws/build/uuv_world_plugins -- -j2 -l2
[2.154s] [35m[1mScanning dependencies of target uuv_underwater_current_plugin[0m
[2.252s] [ 33%] [32mBuilding CXX object CMakeFiles/uuv_underwater_current_plugin.dir/src/UnderwaterCurrentPlugin.cpp.o[0m
[9.113s] [ 66%] [32mBuilding CXX object CMakeFiles/uuv_underwater_current_plugin.dir/src/GaussMarkovProcess.cpp.o[0m
[14.274s] [100%] [32m[1mLinking CXX shared library libuuv_underwater_current_plugin.so[0m
[14.604s] [100%] Built target uuv_underwater_current_plugin
[14.615s] Invoked command in '/home/osansubuntumachine/ros2_ws/build/uuv_world_plugins' returned '0': CMAKE_PREFIX_PATH=/opt/ros/foxy /usr/bin/cmake --build /home/osansubuntumachine/ros2_ws/build/uuv_world_plugins -- -j2 -l2
[14.618s] Invoking command in '/home/osansubuntumachine/ros2_ws/build/uuv_world_plugins': CMAKE_PREFIX_PATH=/opt/ros/foxy /usr/bin/cmake --install /home/osansubuntumachine/ros2_ws/build/uuv_world_plugins
[14.624s] -- Install configuration: ""
[14.625s] -- Installing: /home/osansubuntumachine/ros2_ws/install/uuv_world_plugins/lib/libuuv_underwater_current_plugin.so
[14.627s] -- Set runtime path of "/home/osansubuntumachine/ros2_ws/install/uuv_world_plugins/lib/libuuv_underwater_current_plugin.so" to ""
[14.627s] -- Installing: /home/osansubuntumachine/ros2_ws/install/uuv_world_plugins/include/uuv_world_plugins
[14.627s] -- Installing: /home/osansubuntumachine/ros2_ws/install/uuv_world_plugins/include/uuv_world_plugins/GaussMarkovProcess.h
[14.627s] -- Installing: /home/osansubuntumachine/ros2_ws/install/uuv_world_plugins/include/uuv_world_plugins/UnderwaterCurrentPlugin.h
[14.627s] -- Installing: /home/osansubuntumachine/ros2_ws/install/uuv_world_plugins/share/uuv_world_plugins/environment/library_path.sh
[14.627s] -- Installing: /home/osansubuntumachine/ros2_ws/install/uuv_world_plugins/share/uuv_world_plugins/environment/library_path.dsv
[14.628s] -- Installing: /home/osansubuntumachine/ros2_ws/install/uuv_world_plugins/share/ament_index/resource_index/package_run_dependencies/uuv_world_plugins
[14.628s] -- Installing: /home/osansubuntumachine/ros2_ws/install/uuv_world_plugins/share/ament_index/resource_index/parent_prefix_path/uuv_world_plugins
[14.628s] -- Installing: /home/osansubuntumachine/ros2_ws/install/uuv_world_plugins/share/uuv_world_plugins/environment/ament_prefix_path.sh
[14.628s] -- Installing: /home/osansubuntumachine/ros2_ws/install/uuv_world_plugins/share/uuv_world_plugins/environment/ament_prefix_path.dsv
[14.628s] -- Installing: /home/osansubuntumachine/ros2_ws/install/uuv_world_plugins/share/uuv_world_plugins/environment/path.sh
[14.628s] -- Installing: /home/osansubuntumachine/ros2_ws/install/uuv_world_plugins/share/uuv_world_plugins/environment/path.dsv
[14.628s] -- Installing: /home/osansubuntumachine/ros2_ws/install/uuv_world_plugins/share/uuv_world_plugins/local_setup.bash
[14.628s] -- Installing: /home/osansubuntumachine/ros2_ws/install/uuv_world_plugins/share/uuv_world_plugins/local_setup.sh
[14.628s] -- Installing: /home/osansubuntumachine/ros2_ws/install/uuv_world_plugins/share/uuv_world_plugins/local_setup.zsh
[14.628s] -- Installing: /home/osansubuntumachine/ros2_ws/install/uuv_world_plugins/share/uuv_world_plugins/local_setup.dsv
[14.628s] -- Installing: /home/osansubuntumachine/ros2_ws/install/uuv_world_plugins/share/uuv_world_plugins/package.dsv
[14.629s] -- Installing: /home/osansubuntumachine/ros2_ws/install/uuv_world_plugins/share/ament_index/resource_index/packages/uuv_world_plugins
[14.629s] -- Installing: /home/osansubuntumachine/ros2_ws/install/uuv_world_plugins/share/uuv_world_plugins/cmake/ament_cmake_export_dependencies-extras.cmake
[14.629s] -- Installing: /home/osansubuntumachine/ros2_ws/install/uuv_world_plugins/share/uuv_world_plugins/cmake/ament_cmake_export_include_directories-extras.cmake
[14.629s] -- Installing: /home/osansubuntumachine/ros2_ws/install/uuv_world_plugins/share/uuv_world_plugins/cmake/ament_cmake_export_libraries-extras.cmake
[14.629s] -- Installing: /home/osansubuntumachine/ros2_ws/install/uuv_world_plugins/share/uuv_world_plugins/cmake/uuv_world_pluginsConfig.cmake
[14.629s] -- Installing: /home/osansubuntumachine/ros2_ws/install/uuv_world_plugins/share/uuv_world_plugins/cmake/uuv_world_pluginsConfig-version.cmake
[14.629s] -- Installing: /home/osansubuntumachine/ros2_ws/install/uuv_world_plugins/share/uuv_world_plugins/package.xml
[14.631s] Invoked command in '/home/osansubuntumachine/ros2_ws/build/uuv_world_plugins' returned '0': CMAKE_PREFIX_PATH=/opt/ros/foxy /usr/bin/cmake --install /home/osansubuntumachine/ros2_ws/build/uuv_world_plugins
