[0.132s] Invoking command in '/home/osansubuntumachine/ros2_ws/build/uuv_control_msgs': CMAKE_PREFIX_PATH=${CMAKE_PREFIX_PATH}:/home/osansubuntumachine/ros2_ws/install/rexrov_autonomy:/opt/ros/foxy /usr/bin/cmake --build /home/osansubuntumachine/ros2_ws/build/uuv_control_msgs -- -j4 -l4
[0.299s] [  0%] Built target uuv_control_msgs__cpp
[0.403s] [ 12%] Built target uuv_control_msgs__rosidl_generator_c
[0.476s] [ 24%] Built target uuv_control_msgs__rosidl_typesupport_cpp
[0.560s] [ 36%] Built target uuv_control_msgs__rosidl_typesupport_c
[0.630s] [ 49%] Built target uuv_control_msgs__rosidl_typesupport_introspection_c
[0.726s] [ 61%] Built target uuv_control_msgs__rosidl_typesupport_fastrtps_cpp
[0.865s] [ 74%] Built target uuv_control_msgs__rosidl_typesupport_introspection_cpp
[1.009s] [ 86%] Built target uuv_control_msgs__rosidl_typesupport_fastrtps_c
[1.140s] [ 86%] Built target uuv_control_msgs
[1.341s] [ 86%] Built target uuv_control_msgs__py
[1.583s] [ 98%] Built target uuv_control_msgs__python
[1.710s] [ 99%] Built target uuv_control_msgs__rosidl_typesupport_c__pyext
[1.895s] [ 99%] Built target uuv_control_msgs__rosidl_typesupport_introspection_c__pyext
[2.194s] [100%] Built target uuv_control_msgs__rosidl_typesupport_fastrtps_c__pyext
[2.278s] Invoked command in '/home/osansubuntumachine/ros2_ws/build/uuv_control_msgs' returned '0': CMAKE_PREFIX_PATH=${CMAKE_PREFIX_PATH}:/home/osansubuntumachine/ros2_ws/install/rexrov_autonomy:/opt/ros/foxy /usr/bin/cmake --build /home/osansubuntumachine/ros2_ws/build/uuv_control_msgs -- -j4 -l4
[2.283s] Invoking command in '/home/osansubuntumachine/ros2_ws/build/uuv_control_msgs': CMAKE_PREFIX_PATH=${CMAKE_PREFIX_PATH}:/home/osansubuntumachine/ros2_ws/install/rexrov_autonomy:/opt/ros/foxy /usr/bin/cmake --install /home/osansubuntumachine/ros2_ws/build/uuv_control_msgs
[2.345s] -- Install configuration: ""
[2.346s] -- Up-to-date: /home/osansubuntumachine/ros2_ws/install/uuv_control_msgs/share/ament_index/resource_index/rosidl_interfaces/uuv_control_msgs
[2.346s] -- Up-to-date: /home/osansubuntumachine/ros2_ws/install/uuv_control_msgs/include/uuv_control_msgs
[2.347s] -- Up-to-date: /home/osansubuntumachine/ros2_ws/install/uuv_control_msgs/include/uuv_control_msgs/msg
[2.347s] -- Up-to-date: /home/osansubuntumachine/ros2_ws/install/uuv_control_msgs/include/uuv_control_msgs/msg/waypoint.h
[2.347s] -- Up-to-date: /home/osansubuntumachine/ros2_ws/install/uuv_control_msgs/include/uuv_control_msgs/msg/waypoint_set.h
[2.347s] -- Up-to-date: /home/osansubuntumachine/ros2_ws/install/uuv_control_msgs/include/uuv_control_msgs/msg/trajectory.h
[2.348s] -- Up-to-date: /home/osansubuntumachine/ros2_ws/install/uuv_control_msgs/include/uuv_control_msgs/msg/rosidl_generator_c__visibility_control.h
[2.348s] -- Up-to-date: /home/osansubuntumachine/ros2_ws/install/uuv_control_msgs/include/uuv_control_msgs/msg/trajectory_point.h
[2.348s] -- Up-to-date: /home/osansubuntumachine/ros2_ws/install/uuv_control_msgs/include/uuv_control_msgs/msg/detail
[2.350s] -- Up-to-date: /home/osansubuntumachine/ros2_ws/install/uuv_control_msgs/include/uuv_control_msgs/msg/detail/trajectory__functions.c
[2.351s] -- Up-to-date: /home/osansubuntumachine/ros2_ws/install/uuv_control_msgs/include/uuv_control_msgs/msg/detail/trajectory_point__functions.h
[2.351s] -- Up-to-date: /home/osansubuntumachine/ros2_ws/install/uuv_control_msgs/include/uuv_control_msgs/msg/detail/waypoint_set__functions.c
[2.351s] -- Up-to-date: /home/osansubuntumachine/ros2_ws/install/uuv_control_msgs/include/uuv_control_msgs/msg/detail/waypoint__functions.h
[2.351s] -- Up-to-date: /home/osansubuntumachine/ros2_ws/install/uuv_control_msgs/include/uuv_control_msgs/msg/detail/waypoint_set__type_support.h
[2.351s] -- Up-to-date: /home/osansubuntumachine/ros2_ws/install/uuv_control_msgs/include/uuv_control_msgs/msg/detail/waypoint__type_support.h
[2.351s] -- Up-to-date: /home/osansubuntumachine/ros2_ws/install/uuv_control_msgs/include/uuv_control_msgs/msg/detail/trajectory__struct.h
[2.352s] -- Up-to-date: /home/osansubuntumachine/ros2_ws/install/uuv_control_msgs/include/uuv_control_msgs/msg/detail/waypoint_set__struct.h
[2.352s] -- Up-to-date: /home/osansubuntumachine/ros2_ws/install/uuv_control_msgs/include/uuv_control_msgs/msg/detail/trajectory_point__functions.c
[2.352s] -- Up-to-date: /home/osansubuntumachine/ros2_ws/install/uuv_control_msgs/include/uuv_control_msgs/msg/detail/waypoint__struct.h
[2.352s] -- Up-to-date: /home/osansubuntumachine/ros2_ws/install/uuv_control_msgs/include/uuv_control_msgs/msg/detail/waypoint_set__functions.h
[2.355s] -- Up-to-date: /home/osansubuntumachine/ros2_ws/install/uuv_control_msgs/include/uuv_control_msgs/msg/detail/trajectory__type_support.h
[2.355s] -- Up-to-date: /home/osansubuntumachine/ros2_ws/install/uuv_control_msgs/include/uuv_control_msgs/msg/detail/trajectory_point__type_support.h
[2.356s] -- Up-to-date: /home/osansubuntumachine/ros2_ws/install/uuv_control_msgs/include/uuv_control_msgs/msg/detail/trajectory_point__struct.h
[2.356s] -- Up-to-date: /home/osansubuntumachine/ros2_ws/install/uuv_control_msgs/include/uuv_control_msgs/msg/detail/waypoint__functions.c
[2.356s] -- Up-to-date: /home/osansubuntumachine/ros2_ws/install/uuv_control_msgs/include/uuv_control_msgs/msg/detail/trajectory__functions.h
[2.356s] -- Up-to-date: /home/osansubuntumachine/ros2_ws/install/uuv_control_msgs/include/uuv_control_msgs/srv
[2.356s] -- Up-to-date: /home/osansubuntumachine/ros2_ws/install/uuv_control_msgs/include/uuv_control_msgs/srv/get_waypoints.h
[2.356s] -- Up-to-date: /home/osansubuntumachine/ros2_ws/install/uuv_control_msgs/include/uuv_control_msgs/srv/init_helical_trajectory.h
[2.356s] -- Up-to-date: /home/osansubuntumachine/ros2_ws/install/uuv_control_msgs/include/uuv_control_msgs/srv/init_rect_trajectory.h
[2.358s] -- Up-to-date: /home/osansubuntumachine/ros2_ws/install/uuv_control_msgs/include/uuv_control_msgs/srv/set_mbsm_controller_params.h
[2.358s] -- Up-to-date: /home/osansubuntumachine/ros2_ws/install/uuv_control_msgs/include/uuv_control_msgs/srv/switch_to_automatic.h
[2.358s] -- Up-to-date: /home/osansubuntumachine/ros2_ws/install/uuv_control_msgs/include/uuv_control_msgs/srv/start_trajectory.h
[2.359s] -- Up-to-date: /home/osansubuntumachine/ros2_ws/install/uuv_control_msgs/include/uuv_control_msgs/srv/init_waypoints_from_file.h
[2.359s] -- Up-to-date: /home/osansubuntumachine/ros2_ws/install/uuv_control_msgs/include/uuv_control_msgs/srv/switch_to_manual.h
[2.362s] -- Up-to-date: /home/osansubuntumachine/ros2_ws/install/uuv_control_msgs/include/uuv_control_msgs/srv/is_running_trajectory.h
[2.362s] -- Up-to-date: /home/osansubuntumachine/ros2_ws/install/uuv_control_msgs/include/uuv_control_msgs/srv/hold.h
[2.362s] -- Up-to-date: /home/osansubuntumachine/ros2_ws/install/uuv_control_msgs/include/uuv_control_msgs/srv/clear_waypoints.h
[2.362s] -- Up-to-date: /home/osansubuntumachine/ros2_ws/install/uuv_control_msgs/include/uuv_control_msgs/srv/set_sm_controller_params.h
[2.362s] -- Up-to-date: /home/osansubuntumachine/ros2_ws/install/uuv_control_msgs/include/uuv_control_msgs/srv/set_pid_params.h
[2.362s] -- Up-to-date: /home/osansubuntumachine/ros2_ws/install/uuv_control_msgs/include/uuv_control_msgs/srv/get_sm_controller_params.h
[2.363s] -- Up-to-date: /home/osansubuntumachine/ros2_ws/install/uuv_control_msgs/include/uuv_control_msgs/srv/add_waypoint.h
[2.363s] -- Up-to-date: /home/osansubuntumachine/ros2_ws/install/uuv_control_msgs/include/uuv_control_msgs/srv/init_circular_trajectory.h
[2.363s] -- Up-to-date: /home/osansubuntumachine/ros2_ws/install/uuv_control_msgs/include/uuv_control_msgs/srv/detail
[2.363s] -- Up-to-date: /home/osansubuntumachine/ros2_ws/install/uuv_control_msgs/include/uuv_control_msgs/srv/detail/set_mbsm_controller_params__functions.c
[2.363s] -- Up-to-date: /home/osansubuntumachine/ros2_ws/install/uuv_control_msgs/include/uuv_control_msgs/srv/detail/hold__struct.h
[2.363s] -- Up-to-date: /home/osansubuntumachine/ros2_ws/install/uuv_control_msgs/include/uuv_control_msgs/srv/detail/init_waypoint_set__functions.c
[2.363s] -- Up-to-date: /home/osansubuntumachine/ros2_ws/install/uuv_control_msgs/include/uuv_control_msgs/srv/detail/go_to__struct.h
[2.363s] -- Up-to-date: /home/osansubuntumachine/ros2_ws/install/uuv_control_msgs/include/uuv_control_msgs/srv/detail/get_mbsm_controller_params__type_support.h
[2.363s] -- Up-to-date: /home/osansubuntumachine/ros2_ws/install/uuv_control_msgs/include/uuv_control_msgs/srv/detail/init_waypoint_set__functions.h
[2.364s] -- Up-to-date: /home/osansubuntumachine/ros2_ws/install/uuv_control_msgs/include/uuv_control_msgs/srv/detail/get_mbsm_controller_params__struct.h
[2.364s] -- Up-to-date: /home/osansubuntumachine/ros2_ws/install/uuv_control_msgs/include/uuv_control_msgs/srv/detail/go_to_incremental__functions.h
[2.364s] -- Up-to-date: /home/osansubuntumachine/ros2_ws/install/uuv_control_msgs/include/uuv_control_msgs/srv/detail/reset_controller__struct.h
[2.364s] -- Up-to-date: /home/osansubuntumachine/ros2_ws/install/uuv_control_msgs/include/uuv_control_msgs/srv/detail/reset_controller__type_support.h
[2.364s] -- Up-to-date: /home/osansubuntumachine/ros2_ws/install/uuv_control_msgs/include/uuv_control_msgs/srv/detail/init_helical_trajectory__struct.h
[2.364s] -- Up-to-date: /home/osansubuntumachine/ros2_ws/install/uuv_control_msgs/include/uuv_control_msgs/srv/detail/start_trajectory__functions.c
[2.364s] -- Up-to-date: /home/osansubuntumachine/ros2_ws/install/uuv_control_msgs/include/uuv_control_msgs/srv/detail/go_to_incremental__functions.c
[2.364s] -- Up-to-date: /home/osansubuntumachine/ros2_ws/install/uuv_control_msgs/include/uuv_control_msgs/srv/detail/set_sm_controller_params__type_support.h
[2.365s] -- Up-to-date: /home/osansubuntumachine/ros2_ws/install/uuv_control_msgs/include/uuv_control_msgs/srv/detail/hold__functions.h
[2.365s] -- Up-to-date: /home/osansubuntumachine/ros2_ws/install/uuv_control_msgs/include/uuv_control_msgs/srv/detail/init_waypoint_set__type_support.h
[2.365s] -- Up-to-date: /home/osansubuntumachine/ros2_ws/install/uuv_control_msgs/include/uuv_control_msgs/srv/detail/set_sm_controller_params__functions.c
[2.365s] -- Up-to-date: /home/osansubuntumachine/ros2_ws/install/uuv_control_msgs/include/uuv_control_msgs/srv/detail/set_sm_controller_params__struct.h
[2.365s] -- Up-to-date: /home/osansubuntumachine/ros2_ws/install/uuv_control_msgs/include/uuv_control_msgs/srv/detail/init_circular_trajectory__struct.h
[2.365s] -- Up-to-date: /home/osansubuntumachine/ros2_ws/install/uuv_control_msgs/include/uuv_control_msgs/srv/detail/add_waypoint__functions.h
[2.365s] -- Up-to-date: /home/osansubuntumachine/ros2_ws/install/uuv_control_msgs/include/uuv_control_msgs/srv/detail/set_sm_controller_params__functions.h
[2.365s] -- Up-to-date: /home/osansubuntumachine/ros2_ws/install/uuv_control_msgs/include/uuv_control_msgs/srv/detail/switch_to_manual__struct.h
[2.365s] -- Up-to-date: /home/osansubuntumachine/ros2_ws/install/uuv_control_msgs/include/uuv_control_msgs/srv/detail/go_to_incremental__struct.h
[2.365s] -- Up-to-date: /home/osansubuntumachine/ros2_ws/install/uuv_control_msgs/include/uuv_control_msgs/srv/detail/go_to__type_support.h
[2.366s] -- Up-to-date: /home/osansubuntumachine/ros2_ws/install/uuv_control_msgs/include/uuv_control_msgs/srv/detail/init_waypoint_set__struct.h
[2.366s] -- Up-to-date: /home/osansubuntumachine/ros2_ws/install/uuv_control_msgs/include/uuv_control_msgs/srv/detail/init_waypoints_from_file__struct.h
[2.366s] -- Up-to-date: /home/osansubuntumachine/ros2_ws/install/uuv_control_msgs/include/uuv_control_msgs/srv/detail/hold__type_support.h
[2.366s] -- Up-to-date: /home/osansubuntumachine/ros2_ws/install/uuv_control_msgs/include/uuv_control_msgs/srv/detail/init_waypoints_from_file__functions.h
[2.366s] -- Up-to-date: /home/osansubuntumachine/ros2_ws/install/uuv_control_msgs/include/uuv_control_msgs/srv/detail/get_pid_params__functions.c
[2.366s] -- Up-to-date: /home/osansubuntumachine/ros2_ws/install/uuv_control_msgs/include/uuv_control_msgs/srv/detail/start_trajectory__struct.h
[2.366s] -- Up-to-date: /home/osansubuntumachine/ros2_ws/install/uuv_control_msgs/include/uuv_control_msgs/srv/detail/reset_controller__functions.h
[2.366s] -- Up-to-date: /home/osansubuntumachine/ros2_ws/install/uuv_control_msgs/include/uuv_control_msgs/srv/detail/switch_to_automatic__functions.h
[2.367s] -- Up-to-date: /home/osansubuntumachine/ros2_ws/install/uuv_control_msgs/include/uuv_control_msgs/srv/detail/get_mbsm_controller_params__functions.c
[2.367s] -- Up-to-date: /home/osansubuntumachine/ros2_ws/install/uuv_control_msgs/include/uuv_control_msgs/srv/detail/switch_to_automatic__struct.h
[2.386s] -- Up-to-date: /home/osansubuntumachine/ros2_ws/install/uuv_control_msgs/include/uuv_control_msgs/srv/detail/set_pid_params__type_support.h
[2.386s] -- Up-to-date: /home/osansubuntumachine/ros2_ws/install/uuv_control_msgs/include/uuv_control_msgs/srv/detail/init_helical_trajectory__functions.h
[2.387s] -- Up-to-date: /home/osansubuntumachine/ros2_ws/install/uuv_control_msgs/include/uuv_control_msgs/srv/detail/switch_to_manual__functions.c
[2.387s] -- Up-to-date: /home/osansubuntumachine/ros2_ws/install/uuv_control_msgs/include/uuv_control_msgs/srv/detail/get_waypoints__functions.h
[2.387s] -- Up-to-date: /home/osansubuntumachine/ros2_ws/install/uuv_control_msgs/include/uuv_control_msgs/srv/detail/init_helical_trajectory__functions.c
[2.387s] -- Up-to-date: /home/osansubuntumachine/ros2_ws/install/uuv_control_msgs/include/uuv_control_msgs/srv/detail/init_rect_trajectory__functions.h
[2.387s] -- Up-to-date: /home/osansubuntumachine/ros2_ws/install/uuv_control_msgs/include/uuv_control_msgs/srv/detail/init_circular_trajectory__functions.c
[2.387s] -- Up-to-date: /home/osansubuntumachine/ros2_ws/install/uuv_control_msgs/include/uuv_control_msgs/srv/detail/switch_to_automatic__functions.c
[2.387s] -- Up-to-date: /home/osansubuntumachine/ros2_ws/install/uuv_control_msgs/include/uuv_control_msgs/srv/detail/set_pid_params__struct.h
[2.387s] -- Up-to-date: /home/osansubuntumachine/ros2_ws/install/uuv_control_msgs/include/uuv_control_msgs/srv/detail/start_trajectory__functions.h
[2.388s] -- Up-to-date: /home/osansubuntumachine/ros2_ws/install/uuv_control_msgs/include/uuv_control_msgs/srv/detail/init_rect_trajectory__type_support.h
[2.388s] -- Up-to-date: /home/osansubuntumachine/ros2_ws/install/uuv_control_msgs/include/uuv_control_msgs/srv/detail/set_pid_params__functions.h
[2.388s] -- Up-to-date: /home/osansubuntumachine/ros2_ws/install/uuv_control_msgs/include/uuv_control_msgs/srv/detail/set_pid_params__functions.c
[2.388s] -- Up-to-date: /home/osansubuntumachine/ros2_ws/install/uuv_control_msgs/include/uuv_control_msgs/srv/detail/clear_waypoints__functions.h
[2.388s] -- Up-to-date: /home/osansubuntumachine/ros2_ws/install/uuv_control_msgs/include/uuv_control_msgs/srv/detail/get_waypoints__type_support.h
[2.388s] -- Up-to-date: /home/osansubuntumachine/ros2_ws/install/uuv_control_msgs/include/uuv_control_msgs/srv/detail/clear_waypoints__functions.c
[2.388s] -- Up-to-date: /home/osansubuntumachine/ros2_ws/install/uuv_control_msgs/include/uuv_control_msgs/srv/detail/is_running_trajectory__struct.h
[2.388s] -- Up-to-date: /home/osansubuntumachine/ros2_ws/install/uuv_control_msgs/include/uuv_control_msgs/srv/detail/set_mbsm_controller_params__type_support.h
[2.388s] -- Up-to-date: /home/osansubuntumachine/ros2_ws/install/uuv_control_msgs/include/uuv_control_msgs/srv/detail/get_waypoints__struct.h
[2.388s] -- Up-to-date: /home/osansubuntumachine/ros2_ws/install/uuv_control_msgs/include/uuv_control_msgs/srv/detail/is_running_trajectory__type_support.h
[2.389s] -- Up-to-date: /home/osansubuntumachine/ros2_ws/install/uuv_control_msgs/include/uuv_control_msgs/srv/detail/init_circular_trajectory__functions.h
[2.389s] -- Up-to-date: /home/osansubuntumachine/ros2_ws/install/uuv_control_msgs/include/uuv_control_msgs/srv/detail/get_sm_controller_params__functions.h
[2.389s] -- Up-to-date: /home/osansubuntumachine/ros2_ws/install/uuv_control_msgs/include/uuv_control_msgs/srv/detail/go_to__functions.h
[2.389s] -- Up-to-date: /home/osansubuntumachine/ros2_ws/install/uuv_control_msgs/include/uuv_control_msgs/srv/detail/go_to_incremental__type_support.h
[2.389s] -- Up-to-date: /home/osansubuntumachine/ros2_ws/install/uuv_control_msgs/include/uuv_control_msgs/srv/detail/reset_controller__functions.c
[2.389s] -- Up-to-date: /home/osansubuntumachine/ros2_ws/install/uuv_control_msgs/include/uuv_control_msgs/srv/detail/get_sm_controller_params__type_support.h
[2.389s] -- Up-to-date: /home/osansubuntumachine/ros2_ws/install/uuv_control_msgs/include/uuv_control_msgs/srv/detail/init_circular_trajectory__type_support.h
[2.389s] -- Up-to-date: /home/osansubuntumachine/ros2_ws/install/uuv_control_msgs/include/uuv_control_msgs/srv/detail/init_waypoints_from_file__functions.c
[2.389s] -- Up-to-date: /home/osansubuntumachine/ros2_ws/install/uuv_control_msgs/include/uuv_control_msgs/srv/detail/get_waypoints__functions.c
[2.390s] -- Up-to-date: /home/osansubuntumachine/ros2_ws/install/uuv_control_msgs/include/uuv_control_msgs/srv/detail/clear_waypoints__struct.h
[2.390s] -- Up-to-date: /home/osansubuntumachine/ros2_ws/install/uuv_control_msgs/include/uuv_control_msgs/srv/detail/get_sm_controller_params__functions.c
[2.390s] -- Up-to-date: /home/osansubuntumachine/ros2_ws/install/uuv_control_msgs/include/uuv_control_msgs/srv/detail/get_sm_controller_params__struct.h
[2.390s] -- Up-to-date: /home/osansubuntumachine/ros2_ws/install/uuv_control_msgs/include/uuv_control_msgs/srv/detail/switch_to_manual__type_support.h
[2.390s] -- Up-to-date: /home/osansubuntumachine/ros2_ws/install/uuv_control_msgs/include/uuv_control_msgs/srv/detail/go_to__functions.c
[2.411s] -- Up-to-date: /home/osansubuntumachine/ros2_ws/install/uuv_control_msgs/include/uuv_control_msgs/srv/detail/init_rect_trajectory__struct.h
[2.412s] -- Up-to-date: /home/osansubuntumachine/ros2_ws/install/uuv_control_msgs/include/uuv_control_msgs/srv/detail/start_trajectory__type_support.h
[2.412s] -- Up-to-date: /home/osansubuntumachine/ros2_ws/install/uuv_control_msgs/include/uuv_control_msgs/srv/detail/is_running_trajectory__functions.h
[2.412s] -- Up-to-date: /home/osansubuntumachine/ros2_ws/install/uuv_control_msgs/include/uuv_control_msgs/srv/detail/get_pid_params__type_support.h
[2.413s] -- Up-to-date: /home/osansubuntumachine/ros2_ws/install/uuv_control_msgs/include/uuv_control_msgs/srv/detail/get_pid_params__struct.h
[2.413s] -- Up-to-date: /home/osansubuntumachine/ros2_ws/install/uuv_control_msgs/include/uuv_control_msgs/srv/detail/get_mbsm_controller_params__functions.h
[2.413s] -- Up-to-date: /home/osansubuntumachine/ros2_ws/install/uuv_control_msgs/include/uuv_control_msgs/srv/detail/set_mbsm_controller_params__struct.h
[2.413s] -- Up-to-date: /home/osansubuntumachine/ros2_ws/install/uuv_control_msgs/include/uuv_control_msgs/srv/detail/add_waypoint__struct.h
[2.413s] -- Up-to-date: /home/osansubuntumachine/ros2_ws/install/uuv_control_msgs/include/uuv_control_msgs/srv/detail/set_mbsm_controller_params__functions.h
[2.413s] -- Up-to-date: /home/osansubuntumachine/ros2_ws/install/uuv_control_msgs/include/uuv_control_msgs/srv/detail/switch_to_automatic__type_support.h
[2.413s] -- Up-to-date: /home/osansubuntumachine/ros2_ws/install/uuv_control_msgs/include/uuv_control_msgs/srv/detail/is_running_trajectory__functions.c
[2.414s] -- Up-to-date: /home/osansubuntumachine/ros2_ws/install/uuv_control_msgs/include/uuv_control_msgs/srv/detail/clear_waypoints__type_support.h
[2.414s] -- Up-to-date: /home/osansubuntumachine/ros2_ws/install/uuv_control_msgs/include/uuv_control_msgs/srv/detail/add_waypoint__type_support.h
[2.414s] -- Up-to-date: /home/osansubuntumachine/ros2_ws/install/uuv_control_msgs/include/uuv_control_msgs/srv/detail/init_waypoints_from_file__type_support.h
[2.414s] -- Up-to-date: /home/osansubuntumachine/ros2_ws/install/uuv_control_msgs/include/uuv_control_msgs/srv/detail/hold__functions.c
[2.418s] -- Up-to-date: /home/osansubuntumachine/ros2_ws/install/uuv_control_msgs/include/uuv_control_msgs/srv/detail/init_rect_trajectory__functions.c
[2.418s] -- Up-to-date: /home/osansubuntumachine/ros2_ws/install/uuv_control_msgs/include/uuv_control_msgs/srv/detail/get_pid_params__functions.h
[2.418s] -- Up-to-date: /home/osansubuntumachine/ros2_ws/install/uuv_control_msgs/include/uuv_control_msgs/srv/detail/init_helical_trajectory__type_support.h
[2.418s] -- Up-to-date: /home/osansubuntumachine/ros2_ws/install/uuv_control_msgs/include/uuv_control_msgs/srv/detail/switch_to_manual__functions.h
[2.418s] -- Up-to-date: /home/osansubuntumachine/ros2_ws/install/uuv_control_msgs/include/uuv_control_msgs/srv/detail/add_waypoint__functions.c
[2.422s] -- Up-to-date: /home/osansubuntumachine/ros2_ws/install/uuv_control_msgs/include/uuv_control_msgs/srv/go_to_incremental.h
[2.422s] -- Up-to-date: /home/osansubuntumachine/ros2_ws/install/uuv_control_msgs/include/uuv_control_msgs/srv/go_to.h
[2.422s] -- Up-to-date: /home/osansubuntumachine/ros2_ws/install/uuv_control_msgs/include/uuv_control_msgs/srv/init_waypoint_set.h
[2.423s] -- Up-to-date: /home/osansubuntumachine/ros2_ws/install/uuv_control_msgs/include/uuv_control_msgs/srv/get_pid_params.h
[2.423s] -- Up-to-date: /home/osansubuntumachine/ros2_ws/install/uuv_control_msgs/include/uuv_control_msgs/srv/get_mbsm_controller_params.h
[2.423s] -- Up-to-date: /home/osansubuntumachine/ros2_ws/install/uuv_control_msgs/include/uuv_control_msgs/srv/reset_controller.h
[2.423s] -- Up-to-date: /home/osansubuntumachine/ros2_ws/install/uuv_control_msgs/share/uuv_control_msgs/environment/library_path.sh
[2.428s] -- Up-to-date: /home/osansubuntumachine/ros2_ws/install/uuv_control_msgs/share/uuv_control_msgs/environment/library_path.dsv
[2.428s] -- Up-to-date: /home/osansubuntumachine/ros2_ws/install/uuv_control_msgs/lib/libuuv_control_msgs__rosidl_generator_c.so
[2.428s] -- Up-to-date: /home/osansubuntumachine/ros2_ws/install/uuv_control_msgs/include/uuv_control_msgs
[2.428s] -- Up-to-date: /home/osansubuntumachine/ros2_ws/install/uuv_control_msgs/include/uuv_control_msgs/msg
[2.429s] -- Up-to-date: /home/osansubuntumachine/ros2_ws/install/uuv_control_msgs/include/uuv_control_msgs/msg/rosidl_typesupport_fastrtps_c__visibility_control.h
[2.429s] -- Up-to-date: /home/osansubuntumachine/ros2_ws/install/uuv_control_msgs/include/uuv_control_msgs/msg/detail
[2.429s] -- Up-to-date: /home/osansubuntumachine/ros2_ws/install/uuv_control_msgs/include/uuv_control_msgs/msg/detail/waypoint__rosidl_typesupport_fastrtps_c.h
[2.429s] -- Up-to-date: /home/osansubuntumachine/ros2_ws/install/uuv_control_msgs/include/uuv_control_msgs/msg/detail/trajectory_point__rosidl_typesupport_fastrtps_c.h
[2.429s] -- Up-to-date: /home/osansubuntumachine/ros2_ws/install/uuv_control_msgs/include/uuv_control_msgs/msg/detail/trajectory__rosidl_typesupport_fastrtps_c.h
[2.429s] -- Up-to-date: /home/osansubuntumachine/ros2_ws/install/uuv_control_msgs/include/uuv_control_msgs/msg/detail/waypoint_set__rosidl_typesupport_fastrtps_c.h
[2.432s] -- Up-to-date: /home/osansubuntumachine/ros2_ws/install/uuv_control_msgs/include/uuv_control_msgs/srv
[2.433s] -- Up-to-date: /home/osansubuntumachine/ros2_ws/install/uuv_control_msgs/include/uuv_control_msgs/srv/detail
[2.434s] -- Up-to-date: /home/osansubuntumachine/ros2_ws/install/uuv_control_msgs/include/uuv_control_msgs/srv/detail/is_running_trajectory__rosidl_typesupport_fastrtps_c.h
[2.434s] -- Up-to-date: /home/osansubuntumachine/ros2_ws/install/uuv_control_msgs/include/uuv_control_msgs/srv/detail/set_mbsm_controller_params__rosidl_typesupport_fastrtps_c.h
[2.434s] -- Up-to-date: /home/osansubuntumachine/ros2_ws/install/uuv_control_msgs/include/uuv_control_msgs/srv/detail/get_pid_params__rosidl_typesupport_fastrtps_c.h
[2.434s] -- Up-to-date: /home/osansubuntumachine/ros2_ws/install/uuv_control_msgs/include/uuv_control_msgs/srv/detail/get_waypoints__rosidl_typesupport_fastrtps_c.h
[2.434s] -- Up-to-date: /home/osansubuntumachine/ros2_ws/install/uuv_control_msgs/include/uuv_control_msgs/srv/detail/go_to_incremental__rosidl_typesupport_fastrtps_c.h
[2.434s] -- Up-to-date: /home/osansubuntumachine/ros2_ws/install/uuv_control_msgs/include/uuv_control_msgs/srv/detail/init_waypoints_from_file__rosidl_typesupport_fastrtps_c.h
[2.435s] -- Up-to-date: /home/osansubuntumachine/ros2_ws/install/uuv_control_msgs/include/uuv_control_msgs/srv/detail/switch_to_manual__rosidl_typesupport_fastrtps_c.h
[2.435s] -- Up-to-date: /home/osansubuntumachine/ros2_ws/install/uuv_control_msgs/include/uuv_control_msgs/srv/detail/get_mbsm_controller_params__rosidl_typesupport_fastrtps_c.h
[2.435s] -- Up-to-date: /home/osansubuntumachine/ros2_ws/install/uuv_control_msgs/include/uuv_control_msgs/srv/detail/hold__rosidl_typesupport_fastrtps_c.h
[2.435s] -- Up-to-date: /home/osansubuntumachine/ros2_ws/install/uuv_control_msgs/include/uuv_control_msgs/srv/detail/add_waypoint__rosidl_typesupport_fastrtps_c.h
[2.435s] -- Up-to-date: /home/osansubuntumachine/ros2_ws/install/uuv_control_msgs/include/uuv_control_msgs/srv/detail/set_pid_params__rosidl_typesupport_fastrtps_c.h
[2.435s] -- Up-to-date: /home/osansubuntumachine/ros2_ws/install/uuv_control_msgs/include/uuv_control_msgs/srv/detail/init_helical_trajectory__rosidl_typesupport_fastrtps_c.h
[2.435s] -- Up-to-date: /home/osansubuntumachine/ros2_ws/install/uuv_control_msgs/include/uuv_control_msgs/srv/detail/switch_to_automatic__rosidl_typesupport_fastrtps_c.h
[2.437s] -- Up-to-date: /home/osansubuntumachine/ros2_ws/install/uuv_control_msgs/include/uuv_control_msgs/srv/detail/set_sm_controller_params__rosidl_typesupport_fastrtps_c.h
[2.438s] -- Up-to-date: /home/osansubuntumachine/ros2_ws/install/uuv_control_msgs/include/uuv_control_msgs/srv/detail/start_trajectory__rosidl_typesupport_fastrtps_c.h
[2.438s] -- Up-to-date: /home/osansubuntumachine/ros2_ws/install/uuv_control_msgs/include/uuv_control_msgs/srv/detail/init_rect_trajectory__rosidl_typesupport_fastrtps_c.h
[2.438s] -- Up-to-date: /home/osansubuntumachine/ros2_ws/install/uuv_control_msgs/include/uuv_control_msgs/srv/detail/get_sm_controller_params__rosidl_typesupport_fastrtps_c.h
[2.438s] -- Up-to-date: /home/osansubuntumachine/ros2_ws/install/uuv_control_msgs/include/uuv_control_msgs/srv/detail/init_circular_trajectory__rosidl_typesupport_fastrtps_c.h
[2.438s] -- Up-to-date: /home/osansubuntumachine/ros2_ws/install/uuv_control_msgs/include/uuv_control_msgs/srv/detail/go_to__rosidl_typesupport_fastrtps_c.h
[2.438s] -- Up-to-date: /home/osansubuntumachine/ros2_ws/install/uuv_control_msgs/include/uuv_control_msgs/srv/detail/reset_controller__rosidl_typesupport_fastrtps_c.h
[2.439s] -- Up-to-date: /home/osansubuntumachine/ros2_ws/install/uuv_control_msgs/include/uuv_control_msgs/srv/detail/init_waypoint_set__rosidl_typesupport_fastrtps_c.h
[2.439s] -- Up-to-date: /home/osansubuntumachine/ros2_ws/install/uuv_control_msgs/include/uuv_control_msgs/srv/detail/clear_waypoints__rosidl_typesupport_fastrtps_c.h
[2.439s] -- Up-to-date: /home/osansubuntumachine/ros2_ws/install/uuv_control_msgs/lib/libuuv_control_msgs__rosidl_typesupport_fastrtps_c.so
[2.439s] -- Up-to-date: /home/osansubuntumachine/ros2_ws/install/uuv_control_msgs/include/uuv_control_msgs
[2.439s] -- Up-to-date: /home/osansubuntumachine/ros2_ws/install/uuv_control_msgs/include/uuv_control_msgs/msg
[2.439s] -- Up-to-date: /home/osansubuntumachine/ros2_ws/install/uuv_control_msgs/include/uuv_control_msgs/msg/rosidl_typesupport_fastrtps_cpp__visibility_control.h
[2.439s] -- Up-to-date: /home/osansubuntumachine/ros2_ws/install/uuv_control_msgs/include/uuv_control_msgs/msg/detail
[2.440s] -- Up-to-date: /home/osansubuntumachine/ros2_ws/install/uuv_control_msgs/include/uuv_control_msgs/msg/detail/trajectory__rosidl_typesupport_fastrtps_cpp.hpp
[2.440s] -- Up-to-date: /home/osansubuntumachine/ros2_ws/install/uuv_control_msgs/include/uuv_control_msgs/msg/detail/trajectory_point__rosidl_typesupport_fastrtps_cpp.hpp
[2.440s] -- Up-to-date: /home/osansubuntumachine/ros2_ws/install/uuv_control_msgs/include/uuv_control_msgs/msg/detail/waypoint__rosidl_typesupport_fastrtps_cpp.hpp
[2.440s] -- Up-to-date: /home/osansubuntumachine/ros2_ws/install/uuv_control_msgs/include/uuv_control_msgs/msg/detail/waypoint_set__rosidl_typesupport_fastrtps_cpp.hpp
[2.440s] -- Up-to-date: /home/osansubuntumachine/ros2_ws/install/uuv_control_msgs/include/uuv_control_msgs/msg/detail/dds_fastrtps
[2.440s] -- Up-to-date: /home/osansubuntumachine/ros2_ws/install/uuv_control_msgs/include/uuv_control_msgs/srv
[2.440s] -- Up-to-date: /home/osansubuntumachine/ros2_ws/install/uuv_control_msgs/include/uuv_control_msgs/srv/detail
[2.440s] -- Up-to-date: /home/osansubuntumachine/ros2_ws/install/uuv_control_msgs/include/uuv_control_msgs/srv/detail/get_mbsm_controller_params__rosidl_typesupport_fastrtps_cpp.hpp
[2.440s] -- Up-to-date: /home/osansubuntumachine/ros2_ws/install/uuv_control_msgs/include/uuv_control_msgs/srv/detail/go_to_incremental__rosidl_typesupport_fastrtps_cpp.hpp
[2.440s] -- Up-to-date: /home/osansubuntumachine/ros2_ws/install/uuv_control_msgs/include/uuv_control_msgs/srv/detail/get_waypoints__rosidl_typesupport_fastrtps_cpp.hpp
[2.441s] -- Up-to-date: /home/osansubuntumachine/ros2_ws/install/uuv_control_msgs/include/uuv_control_msgs/srv/detail/is_running_trajectory__rosidl_typesupport_fastrtps_cpp.hpp
[2.441s] -- Up-to-date: /home/osansubuntumachine/ros2_ws/install/uuv_control_msgs/include/uuv_control_msgs/srv/detail/add_waypoint__rosidl_typesupport_fastrtps_cpp.hpp
[2.441s] -- Up-to-date: /home/osansubuntumachine/ros2_ws/install/uuv_control_msgs/include/uuv_control_msgs/srv/detail/init_helical_trajectory__rosidl_typesupport_fastrtps_cpp.hpp
[2.441s] -- Up-to-date: /home/osansubuntumachine/ros2_ws/install/uuv_control_msgs/include/uuv_control_msgs/srv/detail/reset_controller__rosidl_typesupport_fastrtps_cpp.hpp
[2.441s] -- Up-to-date: /home/osansubuntumachine/ros2_ws/install/uuv_control_msgs/include/uuv_control_msgs/srv/detail/get_sm_controller_params__rosidl_typesupport_fastrtps_cpp.hpp
[2.441s] -- Up-to-date: /home/osansubuntumachine/ros2_ws/install/uuv_control_msgs/include/uuv_control_msgs/srv/detail/hold__rosidl_typesupport_fastrtps_cpp.hpp
[2.441s] -- Up-to-date: /home/osansubuntumachine/ros2_ws/install/uuv_control_msgs/include/uuv_control_msgs/srv/detail/switch_to_manual__rosidl_typesupport_fastrtps_cpp.hpp
[2.441s] -- Up-to-date: /home/osansubuntumachine/ros2_ws/install/uuv_control_msgs/include/uuv_control_msgs/srv/detail/init_waypoints_from_file__rosidl_typesupport_fastrtps_cpp.hpp
[2.441s] -- Up-to-date: /home/osansubuntumachine/ros2_ws/install/uuv_control_msgs/include/uuv_control_msgs/srv/detail/go_to__rosidl_typesupport_fastrtps_cpp.hpp
[2.441s] -- Up-to-date: /home/osansubuntumachine/ros2_ws/install/uuv_control_msgs/include/uuv_control_msgs/srv/detail/init_circular_trajectory__rosidl_typesupport_fastrtps_cpp.hpp
[2.447s] -- Up-to-date: /home/osansubuntumachine/ros2_ws/install/uuv_control_msgs/include/uuv_control_msgs/srv/detail/set_mbsm_controller_params__rosidl_typesupport_fastrtps_cpp.hpp
[2.447s] -- Up-to-date: /home/osansubuntumachine/ros2_ws/install/uuv_control_msgs/include/uuv_control_msgs/srv/detail/set_sm_controller_params__rosidl_typesupport_fastrtps_cpp.hpp
[2.447s] -- Up-to-date: /home/osansubuntumachine/ros2_ws/install/uuv_control_msgs/include/uuv_control_msgs/srv/detail/init_waypoint_set__rosidl_typesupport_fastrtps_cpp.hpp
[2.447s] -- Up-to-date: /home/osansubuntumachine/ros2_ws/install/uuv_control_msgs/include/uuv_control_msgs/srv/detail/get_pid_params__rosidl_typesupport_fastrtps_cpp.hpp
[2.447s] -- Up-to-date: /home/osansubuntumachine/ros2_ws/install/uuv_control_msgs/include/uuv_control_msgs/srv/detail/clear_waypoints__rosidl_typesupport_fastrtps_cpp.hpp
[2.447s] -- Up-to-date: /home/osansubuntumachine/ros2_ws/install/uuv_control_msgs/include/uuv_control_msgs/srv/detail/start_trajectory__rosidl_typesupport_fastrtps_cpp.hpp
[2.447s] -- Up-to-date: /home/osansubuntumachine/ros2_ws/install/uuv_control_msgs/include/uuv_control_msgs/srv/detail/dds_fastrtps
[2.447s] -- Up-to-date: /home/osansubuntumachine/ros2_ws/install/uuv_control_msgs/include/uuv_control_msgs/srv/detail/set_pid_params__rosidl_typesupport_fastrtps_cpp.hpp
[2.447s] -- Up-to-date: /home/osansubuntumachine/ros2_ws/install/uuv_control_msgs/include/uuv_control_msgs/srv/detail/switch_to_automatic__rosidl_typesupport_fastrtps_cpp.hpp
[2.448s] -- Up-to-date: /home/osansubuntumachine/ros2_ws/install/uuv_control_msgs/include/uuv_control_msgs/srv/detail/init_rect_trajectory__rosidl_typesupport_fastrtps_cpp.hpp
[2.448s] -- Up-to-date: /home/osansubuntumachine/ros2_ws/install/uuv_control_msgs/lib/libuuv_control_msgs__rosidl_typesupport_fastrtps_cpp.so
[2.448s] -- Up-to-date: /home/osansubuntumachine/ros2_ws/install/uuv_control_msgs/include/uuv_control_msgs
[2.448s] -- Up-to-date: /home/osansubuntumachine/ros2_ws/install/uuv_control_msgs/include/uuv_control_msgs/msg
[2.448s] -- Up-to-date: /home/osansubuntumachine/ros2_ws/install/uuv_control_msgs/include/uuv_control_msgs/msg/rosidl_typesupport_introspection_c__visibility_control.h
[2.448s] -- Up-to-date: /home/osansubuntumachine/ros2_ws/install/uuv_control_msgs/include/uuv_control_msgs/msg/detail
[2.448s] -- Up-to-date: /home/osansubuntumachine/ros2_ws/install/uuv_control_msgs/include/uuv_control_msgs/msg/detail/trajectory_point__type_support.c
[2.451s] -- Up-to-date: /home/osansubuntumachine/ros2_ws/install/uuv_control_msgs/include/uuv_control_msgs/msg/detail/trajectory__type_support.c
[2.451s] -- Up-to-date: /home/osansubuntumachine/ros2_ws/install/uuv_control_msgs/include/uuv_control_msgs/msg/detail/waypoint_set__rosidl_typesupport_introspection_c.h
[2.451s] -- Up-to-date: /home/osansubuntumachine/ros2_ws/install/uuv_control_msgs/include/uuv_control_msgs/msg/detail/waypoint__rosidl_typesupport_introspection_c.h
[2.451s] -- Up-to-date: /home/osansubuntumachine/ros2_ws/install/uuv_control_msgs/include/uuv_control_msgs/msg/detail/waypoint_set__type_support.c
[2.451s] -- Up-to-date: /home/osansubuntumachine/ros2_ws/install/uuv_control_msgs/include/uuv_control_msgs/msg/detail/trajectory__rosidl_typesupport_introspection_c.h
[2.456s] -- Up-to-date: /home/osansubuntumachine/ros2_ws/install/uuv_control_msgs/include/uuv_control_msgs/msg/detail/waypoint__type_support.c
[2.456s] -- Up-to-date: /home/osansubuntumachine/ros2_ws/install/uuv_control_msgs/include/uuv_control_msgs/msg/detail/trajectory_point__rosidl_typesupport_introspection_c.h
[2.456s] -- Up-to-date: /home/osansubuntumachine/ros2_ws/install/uuv_control_msgs/include/uuv_control_msgs/srv
[2.457s] -- Up-to-date: /home/osansubuntumachine/ros2_ws/install/uuv_control_msgs/include/uuv_control_msgs/srv/detail
[2.457s] -- Up-to-date: /home/osansubuntumachine/ros2_ws/install/uuv_control_msgs/include/uuv_control_msgs/srv/detail/set_mbsm_controller_params__rosidl_typesupport_introspection_c.h
[2.457s] -- Up-to-date: /home/osansubuntumachine/ros2_ws/install/uuv_control_msgs/include/uuv_control_msgs/srv/detail/get_mbsm_controller_params__rosidl_typesupport_introspection_c.h
[2.457s] -- Up-to-date: /home/osansubuntumachine/ros2_ws/install/uuv_control_msgs/include/uuv_control_msgs/srv/detail/init_rect_trajectory__rosidl_typesupport_introspection_c.h
[2.457s] -- Up-to-date: /home/osansubuntumachine/ros2_ws/install/uuv_control_msgs/include/uuv_control_msgs/srv/detail/go_to_incremental__rosidl_typesupport_introspection_c.h
[2.457s] -- Up-to-date: /home/osansubuntumachine/ros2_ws/install/uuv_control_msgs/include/uuv_control_msgs/srv/detail/init_waypoint_set__rosidl_typesupport_introspection_c.h
[2.457s] -- Up-to-date: /home/osansubuntumachine/ros2_ws/install/uuv_control_msgs/include/uuv_control_msgs/srv/detail/add_waypoint__rosidl_typesupport_introspection_c.h
[2.457s] -- Up-to-date: /home/osansubuntumachine/ros2_ws/install/uuv_control_msgs/include/uuv_control_msgs/srv/detail/init_circular_trajectory__type_support.c
[2.457s] -- Up-to-date: /home/osansubuntumachine/ros2_ws/install/uuv_control_msgs/include/uuv_control_msgs/srv/detail/set_pid_params__rosidl_typesupport_introspection_c.h
[2.458s] -- Up-to-date: /home/osansubuntumachine/ros2_ws/install/uuv_control_msgs/include/uuv_control_msgs/srv/detail/start_trajectory__type_support.c
[2.458s] -- Up-to-date: /home/osansubuntumachine/ros2_ws/install/uuv_control_msgs/include/uuv_control_msgs/srv/detail/switch_to_manual__type_support.c
[2.465s] -- Up-to-date: /home/osansubuntumachine/ros2_ws/install/uuv_control_msgs/include/uuv_control_msgs/srv/detail/init_helical_trajectory__type_support.c
[2.465s] -- Up-to-date: /home/osansubuntumachine/ros2_ws/install/uuv_control_msgs/include/uuv_control_msgs/srv/detail/init_waypoints_from_file__rosidl_typesupport_introspection_c.h
[2.465s] -- Up-to-date: /home/osansubuntumachine/ros2_ws/install/uuv_control_msgs/include/uuv_control_msgs/srv/detail/init_circular_trajectory__rosidl_typesupport_introspection_c.h
[2.466s] -- Up-to-date: /home/osansubuntumachine/ros2_ws/install/uuv_control_msgs/include/uuv_control_msgs/srv/detail/get_sm_controller_params__rosidl_typesupport_introspection_c.h
[2.466s] -- Up-to-date: /home/osansubuntumachine/ros2_ws/install/uuv_control_msgs/include/uuv_control_msgs/srv/detail/clear_waypoints__rosidl_typesupport_introspection_c.h
[2.466s] -- Up-to-date: /home/osansubuntumachine/ros2_ws/install/uuv_control_msgs/include/uuv_control_msgs/srv/detail/clear_waypoints__type_support.c
[2.466s] -- Up-to-date: /home/osansubuntumachine/ros2_ws/install/uuv_control_msgs/include/uuv_control_msgs/srv/detail/get_mbsm_controller_params__type_support.c
[2.466s] -- Up-to-date: /home/osansubuntumachine/ros2_ws/install/uuv_control_msgs/include/uuv_control_msgs/srv/detail/get_pid_params__type_support.c
[2.466s] -- Up-to-date: /home/osansubuntumachine/ros2_ws/install/uuv_control_msgs/include/uuv_control_msgs/srv/detail/set_mbsm_controller_params__type_support.c
[2.467s] -- Up-to-date: /home/osansubuntumachine/ros2_ws/install/uuv_control_msgs/include/uuv_control_msgs/srv/detail/init_rect_trajectory__type_support.c
[2.467s] -- Up-to-date: /home/osansubuntumachine/ros2_ws/install/uuv_control_msgs/include/uuv_control_msgs/srv/detail/get_sm_controller_params__type_support.c
[2.467s] -- Up-to-date: /home/osansubuntumachine/ros2_ws/install/uuv_control_msgs/include/uuv_control_msgs/srv/detail/add_waypoint__type_support.c
[2.467s] -- Up-to-date: /home/osansubuntumachine/ros2_ws/install/uuv_control_msgs/include/uuv_control_msgs/srv/detail/hold__rosidl_typesupport_introspection_c.h
[2.471s] -- Up-to-date: /home/osansubuntumachine/ros2_ws/install/uuv_control_msgs/include/uuv_control_msgs/srv/detail/init_helical_trajectory__rosidl_typesupport_introspection_c.h
[2.471s] -- Up-to-date: /home/osansubuntumachine/ros2_ws/install/uuv_control_msgs/include/uuv_control_msgs/srv/detail/get_waypoints__rosidl_typesupport_introspection_c.h
[2.472s] -- Up-to-date: /home/osansubuntumachine/ros2_ws/install/uuv_control_msgs/include/uuv_control_msgs/srv/detail/is_running_trajectory__type_support.c
[2.472s] -- Up-to-date: /home/osansubuntumachine/ros2_ws/install/uuv_control_msgs/include/uuv_control_msgs/srv/detail/switch_to_manual__rosidl_typesupport_introspection_c.h
[2.472s] -- Up-to-date: /home/osansubuntumachine/ros2_ws/install/uuv_control_msgs/include/uuv_control_msgs/srv/detail/switch_to_automatic__type_support.c
[2.472s] -- Up-to-date: /home/osansubuntumachine/ros2_ws/install/uuv_control_msgs/include/uuv_control_msgs/srv/detail/go_to__type_support.c
[2.472s] -- Up-to-date: /home/osansubuntumachine/ros2_ws/install/uuv_control_msgs/include/uuv_control_msgs/srv/detail/set_sm_controller_params__type_support.c
[2.473s] -- Up-to-date: /home/osansubuntumachine/ros2_ws/install/uuv_control_msgs/include/uuv_control_msgs/srv/detail/reset_controller__rosidl_typesupport_introspection_c.h
[2.473s] -- Up-to-date: /home/osansubuntumachine/ros2_ws/install/uuv_control_msgs/include/uuv_control_msgs/srv/detail/switch_to_automatic__rosidl_typesupport_introspection_c.h
[2.473s] -- Up-to-date: /home/osansubuntumachine/ros2_ws/install/uuv_control_msgs/include/uuv_control_msgs/srv/detail/is_running_trajectory__rosidl_typesupport_introspection_c.h
[2.473s] -- Up-to-date: /home/osansubuntumachine/ros2_ws/install/uuv_control_msgs/include/uuv_control_msgs/srv/detail/go_to__rosidl_typesupport_introspection_c.h
[2.474s] -- Up-to-date: /home/osansubuntumachine/ros2_ws/install/uuv_control_msgs/include/uuv_control_msgs/srv/detail/init_waypoints_from_file__type_support.c
[2.474s] -- Up-to-date: /home/osansubuntumachine/ros2_ws/install/uuv_control_msgs/include/uuv_control_msgs/srv/detail/get_pid_params__rosidl_typesupport_introspection_c.h
[2.474s] -- Up-to-date: /home/osansubuntumachine/ros2_ws/install/uuv_control_msgs/include/uuv_control_msgs/srv/detail/get_waypoints__type_support.c
[2.474s] -- Up-to-date: /home/osansubuntumachine/ros2_ws/install/uuv_control_msgs/include/uuv_control_msgs/srv/detail/hold__type_support.c
[2.474s] -- Up-to-date: /home/osansubuntumachine/ros2_ws/install/uuv_control_msgs/include/uuv_control_msgs/srv/detail/init_waypoint_set__type_support.c
[2.474s] -- Up-to-date: /home/osansubuntumachine/ros2_ws/install/uuv_control_msgs/include/uuv_control_msgs/srv/detail/start_trajectory__rosidl_typesupport_introspection_c.h
[2.475s] -- Up-to-date: /home/osansubuntumachine/ros2_ws/install/uuv_control_msgs/include/uuv_control_msgs/srv/detail/set_sm_controller_params__rosidl_typesupport_introspection_c.h
[2.475s] -- Up-to-date: /home/osansubuntumachine/ros2_ws/install/uuv_control_msgs/include/uuv_control_msgs/srv/detail/set_pid_params__type_support.c
[2.475s] -- Up-to-date: /home/osansubuntumachine/ros2_ws/install/uuv_control_msgs/include/uuv_control_msgs/srv/detail/reset_controller__type_support.c
[2.475s] -- Up-to-date: /home/osansubuntumachine/ros2_ws/install/uuv_control_msgs/include/uuv_control_msgs/srv/detail/go_to_incremental__type_support.c
[2.475s] -- Up-to-date: /home/osansubuntumachine/ros2_ws/install/uuv_control_msgs/lib/libuuv_control_msgs__rosidl_typesupport_introspection_c.so
[2.475s] -- Up-to-date: /home/osansubuntumachine/ros2_ws/install/uuv_control_msgs/lib/libuuv_control_msgs__rosidl_typesupport_c.so
[2.475s] -- Up-to-date: /home/osansubuntumachine/ros2_ws/install/uuv_control_msgs/include/uuv_control_msgs
[2.475s] -- Up-to-date: /home/osansubuntumachine/ros2_ws/install/uuv_control_msgs/include/uuv_control_msgs/msg
[2.479s] -- Up-to-date: /home/osansubuntumachine/ros2_ws/install/uuv_control_msgs/include/uuv_control_msgs/msg/trajectory.hpp
[2.480s] -- Up-to-date: /home/osansubuntumachine/ros2_ws/install/uuv_control_msgs/include/uuv_control_msgs/msg/trajectory_point.hpp
[2.480s] -- Up-to-date: /home/osansubuntumachine/ros2_ws/install/uuv_control_msgs/include/uuv_control_msgs/msg/waypoint.hpp
[2.480s] -- Up-to-date: /home/osansubuntumachine/ros2_ws/install/uuv_control_msgs/include/uuv_control_msgs/msg/rosidl_generator_cpp__visibility_control.hpp
[2.481s] -- Up-to-date: /home/osansubuntumachine/ros2_ws/install/uuv_control_msgs/include/uuv_control_msgs/msg/waypoint_set.hpp
[2.481s] -- Up-to-date: /home/osansubuntumachine/ros2_ws/install/uuv_control_msgs/include/uuv_control_msgs/msg/detail
[2.481s] -- Up-to-date: /home/osansubuntumachine/ros2_ws/install/uuv_control_msgs/include/uuv_control_msgs/msg/detail/waypoint_set__builder.hpp
[2.481s] -- Up-to-date: /home/osansubuntumachine/ros2_ws/install/uuv_control_msgs/include/uuv_control_msgs/msg/detail/trajectory_point__traits.hpp
[2.481s] -- Up-to-date: /home/osansubuntumachine/ros2_ws/install/uuv_control_msgs/include/uuv_control_msgs/msg/detail/trajectory__type_support.hpp
[2.481s] -- Up-to-date: /home/osansubuntumachine/ros2_ws/install/uuv_control_msgs/include/uuv_control_msgs/msg/detail/trajectory__traits.hpp
[2.481s] -- Up-to-date: /home/osansubuntumachine/ros2_ws/install/uuv_control_msgs/include/uuv_control_msgs/msg/detail/waypoint_set__struct.hpp
[2.483s] -- Up-to-date: /home/osansubuntumachine/ros2_ws/install/uuv_control_msgs/include/uuv_control_msgs/msg/detail/waypoint__type_support.hpp
[2.483s] -- Up-to-date: /home/osansubuntumachine/ros2_ws/install/uuv_control_msgs/include/uuv_control_msgs/msg/detail/waypoint__traits.hpp
[2.484s] -- Up-to-date: /home/osansubuntumachine/ros2_ws/install/uuv_control_msgs/include/uuv_control_msgs/msg/detail/waypoint_set__type_support.hpp
[2.484s] -- Up-to-date: /home/osansubuntumachine/ros2_ws/install/uuv_control_msgs/include/uuv_control_msgs/msg/detail/trajectory__builder.hpp
[2.485s] -- Up-to-date: /home/osansubuntumachine/ros2_ws/install/uuv_control_msgs/include/uuv_control_msgs/msg/detail/waypoint__struct.hpp
[2.485s] -- Up-to-date: /home/osansubuntumachine/ros2_ws/install/uuv_control_msgs/include/uuv_control_msgs/msg/detail/trajectory_point__struct.hpp
[2.485s] -- Up-to-date: /home/osansubuntumachine/ros2_ws/install/uuv_control_msgs/include/uuv_control_msgs/msg/detail/waypoint__builder.hpp
[2.486s] -- Up-to-date: /home/osansubuntumachine/ros2_ws/install/uuv_control_msgs/include/uuv_control_msgs/msg/detail/trajectory_point__type_support.hpp
[2.486s] -- Up-to-date: /home/osansubuntumachine/ros2_ws/install/uuv_control_msgs/include/uuv_control_msgs/msg/detail/trajectory__struct.hpp
[2.486s] -- Up-to-date: /home/osansubuntumachine/ros2_ws/install/uuv_control_msgs/include/uuv_control_msgs/msg/detail/trajectory_point__builder.hpp
[2.486s] -- Up-to-date: /home/osansubuntumachine/ros2_ws/install/uuv_control_msgs/include/uuv_control_msgs/msg/detail/waypoint_set__traits.hpp
[2.486s] -- Up-to-date: /home/osansubuntumachine/ros2_ws/install/uuv_control_msgs/include/uuv_control_msgs/srv
[2.486s] -- Up-to-date: /home/osansubuntumachine/ros2_ws/install/uuv_control_msgs/include/uuv_control_msgs/srv/add_waypoint.hpp
[2.486s] -- Up-to-date: /home/osansubuntumachine/ros2_ws/install/uuv_control_msgs/include/uuv_control_msgs/srv/init_helical_trajectory.hpp
[2.486s] -- Up-to-date: /home/osansubuntumachine/ros2_ws/install/uuv_control_msgs/include/uuv_control_msgs/srv/clear_waypoints.hpp
[2.487s] -- Up-to-date: /home/osansubuntumachine/ros2_ws/install/uuv_control_msgs/include/uuv_control_msgs/srv/start_trajectory.hpp
[2.487s] -- Up-to-date: /home/osansubuntumachine/ros2_ws/install/uuv_control_msgs/include/uuv_control_msgs/srv/init_rect_trajectory.hpp
[2.487s] -- Up-to-date: /home/osansubuntumachine/ros2_ws/install/uuv_control_msgs/include/uuv_control_msgs/srv/set_sm_controller_params.hpp
[2.487s] -- Up-to-date: /home/osansubuntumachine/ros2_ws/install/uuv_control_msgs/include/uuv_control_msgs/srv/reset_controller.hpp
[2.487s] -- Up-to-date: /home/osansubuntumachine/ros2_ws/install/uuv_control_msgs/include/uuv_control_msgs/srv/switch_to_automatic.hpp
[2.487s] -- Up-to-date: /home/osansubuntumachine/ros2_ws/install/uuv_control_msgs/include/uuv_control_msgs/srv/go_to_incremental.hpp
[2.491s] -- Up-to-date: /home/osansubuntumachine/ros2_ws/install/uuv_control_msgs/include/uuv_control_msgs/srv/get_waypoints.hpp
[2.491s] -- Up-to-date: /home/osansubuntumachine/ros2_ws/install/uuv_control_msgs/include/uuv_control_msgs/srv/init_circular_trajectory.hpp
[2.491s] -- Up-to-date: /home/osansubuntumachine/ros2_ws/install/uuv_control_msgs/include/uuv_control_msgs/srv/get_sm_controller_params.hpp
[2.491s] -- Up-to-date: /home/osansubuntumachine/ros2_ws/install/uuv_control_msgs/include/uuv_control_msgs/srv/is_running_trajectory.hpp
[2.491s] -- Up-to-date: /home/osansubuntumachine/ros2_ws/install/uuv_control_msgs/include/uuv_control_msgs/srv/switch_to_manual.hpp
[2.491s] -- Up-to-date: /home/osansubuntumachine/ros2_ws/install/uuv_control_msgs/include/uuv_control_msgs/srv/hold.hpp
[2.492s] -- Up-to-date: /home/osansubuntumachine/ros2_ws/install/uuv_control_msgs/include/uuv_control_msgs/srv/init_waypoints_from_file.hpp
[2.492s] -- Up-to-date: /home/osansubuntumachine/ros2_ws/install/uuv_control_msgs/include/uuv_control_msgs/srv/init_waypoint_set.hpp
[2.492s] -- Up-to-date: /home/osansubuntumachine/ros2_ws/install/uuv_control_msgs/include/uuv_control_msgs/srv/detail
[2.492s] -- Up-to-date: /home/osansubuntumachine/ros2_ws/install/uuv_control_msgs/include/uuv_control_msgs/srv/detail/init_rect_trajectory__struct.hpp
[2.492s] -- Up-to-date: /home/osansubuntumachine/ros2_ws/install/uuv_control_msgs/include/uuv_control_msgs/srv/detail/init_waypoint_set__struct.hpp
[2.492s] -- Up-to-date: /home/osansubuntumachine/ros2_ws/install/uuv_control_msgs/include/uuv_control_msgs/srv/detail/init_waypoint_set__builder.hpp
[2.493s] -- Up-to-date: /home/osansubuntumachine/ros2_ws/install/uuv_control_msgs/include/uuv_control_msgs/srv/detail/add_waypoint__traits.hpp
[2.493s] -- Up-to-date: /home/osansubuntumachine/ros2_ws/install/uuv_control_msgs/include/uuv_control_msgs/srv/detail/get_waypoints__struct.hpp
[2.493s] -- Up-to-date: /home/osansubuntumachine/ros2_ws/install/uuv_control_msgs/include/uuv_control_msgs/srv/detail/get_pid_params__traits.hpp
[2.493s] -- Up-to-date: /home/osansubuntumachine/ros2_ws/install/uuv_control_msgs/include/uuv_control_msgs/srv/detail/go_to__builder.hpp
[2.493s] -- Up-to-date: /home/osansubuntumachine/ros2_ws/install/uuv_control_msgs/include/uuv_control_msgs/srv/detail/init_helical_trajectory__builder.hpp
[2.493s] -- Up-to-date: /home/osansubuntumachine/ros2_ws/install/uuv_control_msgs/include/uuv_control_msgs/srv/detail/go_to_incremental__builder.hpp
[2.493s] -- Up-to-date: /home/osansubuntumachine/ros2_ws/install/uuv_control_msgs/include/uuv_control_msgs/srv/detail/go_to__traits.hpp
[2.493s] -- Up-to-date: /home/osansubuntumachine/ros2_ws/install/uuv_control_msgs/include/uuv_control_msgs/srv/detail/set_pid_params__builder.hpp
[2.493s] -- Up-to-date: /home/osansubuntumachine/ros2_ws/install/uuv_control_msgs/include/uuv_control_msgs/srv/detail/get_mbsm_controller_params__builder.hpp
[2.496s] -- Up-to-date: /home/osansubuntumachine/ros2_ws/install/uuv_control_msgs/include/uuv_control_msgs/srv/detail/is_running_trajectory__struct.hpp
[2.496s] -- Up-to-date: /home/osansubuntumachine/ros2_ws/install/uuv_control_msgs/include/uuv_control_msgs/srv/detail/get_mbsm_controller_params__struct.hpp
[2.496s] -- Up-to-date: /home/osansubuntumachine/ros2_ws/install/uuv_control_msgs/include/uuv_control_msgs/srv/detail/hold__traits.hpp
[2.498s] -- Up-to-date: /home/osansubuntumachine/ros2_ws/install/uuv_control_msgs/include/uuv_control_msgs/srv/detail/get_pid_params__type_support.hpp
[2.498s] -- Up-to-date: /home/osansubuntumachine/ros2_ws/install/uuv_control_msgs/include/uuv_control_msgs/srv/detail/set_mbsm_controller_params__type_support.hpp
[2.498s] -- Up-to-date: /home/osansubuntumachine/ros2_ws/install/uuv_control_msgs/include/uuv_control_msgs/srv/detail/init_waypoint_set__traits.hpp
[2.498s] -- Up-to-date: /home/osansubuntumachine/ros2_ws/install/uuv_control_msgs/include/uuv_control_msgs/srv/detail/get_mbsm_controller_params__type_support.hpp
[2.498s] -- Up-to-date: /home/osansubuntumachine/ros2_ws/install/uuv_control_msgs/include/uuv_control_msgs/srv/detail/start_trajectory__struct.hpp
[2.498s] -- Up-to-date: /home/osansubuntumachine/ros2_ws/install/uuv_control_msgs/include/uuv_control_msgs/srv/detail/clear_waypoints__struct.hpp
[2.499s] -- Up-to-date: /home/osansubuntumachine/ros2_ws/install/uuv_control_msgs/include/uuv_control_msgs/srv/detail/set_mbsm_controller_params__struct.hpp
[2.499s] -- Up-to-date: /home/osansubuntumachine/ros2_ws/install/uuv_control_msgs/include/uuv_control_msgs/srv/detail/clear_waypoints__builder.hpp
[2.499s] -- Up-to-date: /home/osansubuntumachine/ros2_ws/install/uuv_control_msgs/include/uuv_control_msgs/srv/detail/reset_controller__traits.hpp
[2.499s] -- Up-to-date: /home/osansubuntumachine/ros2_ws/install/uuv_control_msgs/include/uuv_control_msgs/srv/detail/add_waypoint__struct.hpp
[2.499s] -- Up-to-date: /home/osansubuntumachine/ros2_ws/install/uuv_control_msgs/include/uuv_control_msgs/srv/detail/set_pid_params__type_support.hpp
[2.499s] -- Up-to-date: /home/osansubuntumachine/ros2_ws/install/uuv_control_msgs/include/uuv_control_msgs/srv/detail/hold__type_support.hpp
[2.499s] -- Up-to-date: /home/osansubuntumachine/ros2_ws/install/uuv_control_msgs/include/uuv_control_msgs/srv/detail/get_waypoints__builder.hpp
[2.500s] -- Up-to-date: /home/osansubuntumachine/ros2_ws/install/uuv_control_msgs/include/uuv_control_msgs/srv/detail/switch_to_automatic__type_support.hpp
[2.505s] -- Up-to-date: /home/osansubuntumachine/ros2_ws/install/uuv_control_msgs/include/uuv_control_msgs/srv/detail/init_circular_trajectory__builder.hpp
[2.505s] -- Up-to-date: /home/osansubuntumachine/ros2_ws/install/uuv_control_msgs/include/uuv_control_msgs/srv/detail/get_waypoints__traits.hpp
[2.508s] -- Up-to-date: /home/osansubuntumachine/ros2_ws/install/uuv_control_msgs/include/uuv_control_msgs/srv/detail/init_helical_trajectory__struct.hpp
[2.508s] -- Up-to-date: /home/osansubuntumachine/ros2_ws/install/uuv_control_msgs/include/uuv_control_msgs/srv/detail/set_sm_controller_params__struct.hpp
[2.509s] -- Up-to-date: /home/osansubuntumachine/ros2_ws/install/uuv_control_msgs/include/uuv_control_msgs/srv/detail/clear_waypoints__type_support.hpp
[2.509s] -- Up-to-date: /home/osansubuntumachine/ros2_ws/install/uuv_control_msgs/include/uuv_control_msgs/srv/detail/set_sm_controller_params__traits.hpp
[2.509s] -- Up-to-date: /home/osansubuntumachine/ros2_ws/install/uuv_control_msgs/include/uuv_control_msgs/srv/detail/get_waypoints__type_support.hpp
[2.509s] -- Up-to-date: /home/osansubuntumachine/ros2_ws/install/uuv_control_msgs/include/uuv_control_msgs/srv/detail/start_trajectory__traits.hpp
[2.509s] -- Up-to-date: /home/osansubuntumachine/ros2_ws/install/uuv_control_msgs/include/uuv_control_msgs/srv/detail/is_running_trajectory__builder.hpp
[2.510s] -- Up-to-date: /home/osansubuntumachine/ros2_ws/install/uuv_control_msgs/include/uuv_control_msgs/srv/detail/clear_waypoints__traits.hpp
[2.510s] -- Up-to-date: /home/osansubuntumachine/ros2_ws/install/uuv_control_msgs/include/uuv_control_msgs/srv/detail/start_trajectory__type_support.hpp
[2.510s] -- Up-to-date: /home/osansubuntumachine/ros2_ws/install/uuv_control_msgs/include/uuv_control_msgs/srv/detail/switch_to_automatic__builder.hpp
[2.510s] -- Up-to-date: /home/osansubuntumachine/ros2_ws/install/uuv_control_msgs/include/uuv_control_msgs/srv/detail/init_waypoints_from_file__traits.hpp
[2.512s] -- Up-to-date: /home/osansubuntumachine/ros2_ws/install/uuv_control_msgs/include/uuv_control_msgs/srv/detail/switch_to_manual__traits.hpp
[2.512s] -- Up-to-date: /home/osansubuntumachine/ros2_ws/install/uuv_control_msgs/include/uuv_control_msgs/srv/detail/set_pid_params__traits.hpp
[2.512s] -- Up-to-date: /home/osansubuntumachine/ros2_ws/install/uuv_control_msgs/include/uuv_control_msgs/srv/detail/init_rect_trajectory__type_support.hpp
[2.512s] -- Up-to-date: /home/osansubuntumachine/ros2_ws/install/uuv_control_msgs/include/uuv_control_msgs/srv/detail/hold__builder.hpp
[2.512s] -- Up-to-date: /home/osansubuntumachine/ros2_ws/install/uuv_control_msgs/include/uuv_control_msgs/srv/detail/init_waypoints_from_file__struct.hpp
[2.513s] -- Up-to-date: /home/osansubuntumachine/ros2_ws/install/uuv_control_msgs/include/uuv_control_msgs/srv/detail/reset_controller__type_support.hpp
[2.513s] -- Up-to-date: /home/osansubuntumachine/ros2_ws/install/uuv_control_msgs/include/uuv_control_msgs/srv/detail/init_waypoint_set__type_support.hpp
[2.513s] -- Up-to-date: /home/osansubuntumachine/ros2_ws/install/uuv_control_msgs/include/uuv_control_msgs/srv/detail/init_rect_trajectory__traits.hpp
[2.513s] -- Up-to-date: /home/osansubuntumachine/ros2_ws/install/uuv_control_msgs/include/uuv_control_msgs/srv/detail/set_mbsm_controller_params__builder.hpp
[2.513s] -- Up-to-date: /home/osansubuntumachine/ros2_ws/install/uuv_control_msgs/include/uuv_control_msgs/srv/detail/init_waypoints_from_file__builder.hpp
[2.513s] -- Up-to-date: /home/osansubuntumachine/ros2_ws/install/uuv_control_msgs/include/uuv_control_msgs/srv/detail/reset_controller__struct.hpp
[2.516s] -- Up-to-date: /home/osansubuntumachine/ros2_ws/install/uuv_control_msgs/include/uuv_control_msgs/srv/detail/reset_controller__builder.hpp
[2.516s] -- Up-to-date: /home/osansubuntumachine/ros2_ws/install/uuv_control_msgs/include/uuv_control_msgs/srv/detail/switch_to_automatic__struct.hpp
[2.530s] -- Up-to-date: /home/osansubuntumachine/ros2_ws/install/uuv_control_msgs/include/uuv_control_msgs/srv/detail/go_to_incremental__struct.hpp
[2.531s] -- Up-to-date: /home/osansubuntumachine/ros2_ws/install/uuv_control_msgs/include/uuv_control_msgs/srv/detail/start_trajectory__builder.hpp
[2.531s] -- Up-to-date: /home/osansubuntumachine/ros2_ws/install/uuv_control_msgs/include/uuv_control_msgs/srv/detail/get_pid_params__struct.hpp
[2.531s] -- Up-to-date: /home/osansubuntumachine/ros2_ws/install/uuv_control_msgs/include/uuv_control_msgs/srv/detail/init_circular_trajectory__type_support.hpp
[2.531s] -- Up-to-date: /home/osansubuntumachine/ros2_ws/install/uuv_control_msgs/include/uuv_control_msgs/srv/detail/hold__struct.hpp
[2.531s] -- Up-to-date: /home/osansubuntumachine/ros2_ws/install/uuv_control_msgs/include/uuv_control_msgs/srv/detail/get_pid_params__builder.hpp
[2.533s] -- Up-to-date: /home/osansubuntumachine/ros2_ws/install/uuv_control_msgs/include/uuv_control_msgs/srv/detail/get_sm_controller_params__traits.hpp
[2.537s] -- Up-to-date: /home/osansubuntumachine/ros2_ws/install/uuv_control_msgs/include/uuv_control_msgs/srv/detail/is_running_trajectory__traits.hpp
[2.537s] -- Up-to-date: /home/osansubuntumachine/ros2_ws/install/uuv_control_msgs/include/uuv_control_msgs/srv/detail/init_circular_trajectory__traits.hpp
[2.537s] -- Up-to-date: /home/osansubuntumachine/ros2_ws/install/uuv_control_msgs/include/uuv_control_msgs/srv/detail/add_waypoint__type_support.hpp
[2.537s] -- Up-to-date: /home/osansubuntumachine/ros2_ws/install/uuv_control_msgs/include/uuv_control_msgs/srv/detail/add_waypoint__builder.hpp
[2.538s] -- Up-to-date: /home/osansubuntumachine/ros2_ws/install/uuv_control_msgs/include/uuv_control_msgs/srv/detail/go_to_incremental__type_support.hpp
[2.538s] -- Up-to-date: /home/osansubuntumachine/ros2_ws/install/uuv_control_msgs/include/uuv_control_msgs/srv/detail/init_waypoints_from_file__type_support.hpp
[2.540s] -- Up-to-date: /home/osansubuntumachine/ros2_ws/install/uuv_control_msgs/include/uuv_control_msgs/srv/detail/init_rect_trajectory__builder.hpp
[2.540s] -- Up-to-date: /home/osansubuntumachine/ros2_ws/install/uuv_control_msgs/include/uuv_control_msgs/srv/detail/init_helical_trajectory__type_support.hpp
[2.540s] -- Up-to-date: /home/osansubuntumachine/ros2_ws/install/uuv_control_msgs/include/uuv_control_msgs/srv/detail/get_sm_controller_params__type_support.hpp
[2.540s] -- Up-to-date: /home/osansubuntumachine/ros2_ws/install/uuv_control_msgs/include/uuv_control_msgs/srv/detail/init_helical_trajectory__traits.hpp
[2.540s] -- Up-to-date: /home/osansubuntumachine/ros2_ws/install/uuv_control_msgs/include/uuv_control_msgs/srv/detail/set_sm_controller_params__type_support.hpp
[2.540s] -- Up-to-date: /home/osansubuntumachine/ros2_ws/install/uuv_control_msgs/include/uuv_control_msgs/srv/detail/set_sm_controller_params__builder.hpp
[2.541s] -- Up-to-date: /home/osansubuntumachine/ros2_ws/install/uuv_control_msgs/include/uuv_control_msgs/srv/detail/is_running_trajectory__type_support.hpp
[2.541s] -- Up-to-date: /home/osansubuntumachine/ros2_ws/install/uuv_control_msgs/include/uuv_control_msgs/srv/detail/init_circular_trajectory__struct.hpp
[2.541s] -- Up-to-date: /home/osansubuntumachine/ros2_ws/install/uuv_control_msgs/include/uuv_control_msgs/srv/detail/switch_to_automatic__traits.hpp
[2.541s] -- Up-to-date: /home/osansubuntumachine/ros2_ws/install/uuv_control_msgs/include/uuv_control_msgs/srv/detail/switch_to_manual__builder.hpp
[2.541s] -- Up-to-date: /home/osansubuntumachine/ros2_ws/install/uuv_control_msgs/include/uuv_control_msgs/srv/detail/go_to__type_support.hpp
[2.541s] -- Up-to-date: /home/osansubuntumachine/ros2_ws/install/uuv_control_msgs/include/uuv_control_msgs/srv/detail/go_to__struct.hpp
[2.541s] -- Up-to-date: /home/osansubuntumachine/ros2_ws/install/uuv_control_msgs/include/uuv_control_msgs/srv/detail/go_to_incremental__traits.hpp
[2.542s] -- Up-to-date: /home/osansubuntumachine/ros2_ws/install/uuv_control_msgs/include/uuv_control_msgs/srv/detail/set_mbsm_controller_params__traits.hpp
[2.542s] -- Up-to-date: /home/osansubuntumachine/ros2_ws/install/uuv_control_msgs/include/uuv_control_msgs/srv/detail/get_sm_controller_params__builder.hpp
[2.542s] -- Up-to-date: /home/osansubuntumachine/ros2_ws/install/uuv_control_msgs/include/uuv_control_msgs/srv/detail/get_mbsm_controller_params__traits.hpp
[2.542s] -- Up-to-date: /home/osansubuntumachine/ros2_ws/install/uuv_control_msgs/include/uuv_control_msgs/srv/detail/set_pid_params__struct.hpp
[2.542s] -- Up-to-date: /home/osansubuntumachine/ros2_ws/install/uuv_control_msgs/include/uuv_control_msgs/srv/detail/get_sm_controller_params__struct.hpp
[2.542s] -- Up-to-date: /home/osansubuntumachine/ros2_ws/install/uuv_control_msgs/include/uuv_control_msgs/srv/detail/switch_to_manual__struct.hpp
[2.542s] -- Up-to-date: /home/osansubuntumachine/ros2_ws/install/uuv_control_msgs/include/uuv_control_msgs/srv/detail/switch_to_manual__type_support.hpp
[2.543s] -- Up-to-date: /home/osansubuntumachine/ros2_ws/install/uuv_control_msgs/include/uuv_control_msgs/srv/get_mbsm_controller_params.hpp
[2.543s] -- Up-to-date: /home/osansubuntumachine/ros2_ws/install/uuv_control_msgs/include/uuv_control_msgs/srv/set_pid_params.hpp
[2.543s] -- Up-to-date: /home/osansubuntumachine/ros2_ws/install/uuv_control_msgs/include/uuv_control_msgs/srv/get_pid_params.hpp
[2.543s] -- Up-to-date: /home/osansubuntumachine/ros2_ws/install/uuv_control_msgs/include/uuv_control_msgs/srv/set_mbsm_controller_params.hpp
[2.543s] -- Up-to-date: /home/osansubuntumachine/ros2_ws/install/uuv_control_msgs/include/uuv_control_msgs/srv/go_to.hpp
[2.543s] -- Up-to-date: /home/osansubuntumachine/ros2_ws/install/uuv_control_msgs/include/uuv_control_msgs
[2.545s] -- Up-to-date: /home/osansubuntumachine/ros2_ws/install/uuv_control_msgs/include/uuv_control_msgs/msg
[2.546s] -- Up-to-date: /home/osansubuntumachine/ros2_ws/install/uuv_control_msgs/include/uuv_control_msgs/msg/detail
[2.546s] -- Up-to-date: /home/osansubuntumachine/ros2_ws/install/uuv_control_msgs/include/uuv_control_msgs/msg/detail/trajectory__type_support.cpp
[2.546s] -- Up-to-date: /home/osansubuntumachine/ros2_ws/install/uuv_control_msgs/include/uuv_control_msgs/msg/detail/waypoint__type_support.cpp
[2.547s] -- Up-to-date: /home/osansubuntumachine/ros2_ws/install/uuv_control_msgs/include/uuv_control_msgs/msg/detail/waypoint_set__rosidl_typesupport_introspection_cpp.hpp
[2.547s] -- Up-to-date: /home/osansubuntumachine/ros2_ws/install/uuv_control_msgs/include/uuv_control_msgs/msg/detail/trajectory__rosidl_typesupport_introspection_cpp.hpp
[2.547s] -- Up-to-date: /home/osansubuntumachine/ros2_ws/install/uuv_control_msgs/include/uuv_control_msgs/msg/detail/waypoint_set__type_support.cpp
[2.547s] -- Up-to-date: /home/osansubuntumachine/ros2_ws/install/uuv_control_msgs/include/uuv_control_msgs/msg/detail/waypoint__rosidl_typesupport_introspection_cpp.hpp
[2.549s] -- Up-to-date: /home/osansubuntumachine/ros2_ws/install/uuv_control_msgs/include/uuv_control_msgs/msg/detail/trajectory_point__rosidl_typesupport_introspection_cpp.hpp
[2.549s] -- Up-to-date: /home/osansubuntumachine/ros2_ws/install/uuv_control_msgs/include/uuv_control_msgs/msg/detail/trajectory_point__type_support.cpp
[2.550s] -- Up-to-date: /home/osansubuntumachine/ros2_ws/install/uuv_control_msgs/include/uuv_control_msgs/srv
[2.550s] -- Up-to-date: /home/osansubuntumachine/ros2_ws/install/uuv_control_msgs/include/uuv_control_msgs/srv/detail
[2.556s] -- Up-to-date: /home/osansubuntumachine/ros2_ws/install/uuv_control_msgs/include/uuv_control_msgs/srv/detail/get_sm_controller_params__rosidl_typesupport_introspection_cpp.hpp
[2.556s] -- Up-to-date: /home/osansubuntumachine/ros2_ws/install/uuv_control_msgs/include/uuv_control_msgs/srv/detail/switch_to_manual__rosidl_typesupport_introspection_cpp.hpp
[2.556s] -- Up-to-date: /home/osansubuntumachine/ros2_ws/install/uuv_control_msgs/include/uuv_control_msgs/srv/detail/switch_to_manual__type_support.cpp
[2.556s] -- Up-to-date: /home/osansubuntumachine/ros2_ws/install/uuv_control_msgs/include/uuv_control_msgs/srv/detail/switch_to_automatic__type_support.cpp
[2.558s] -- Up-to-date: /home/osansubuntumachine/ros2_ws/install/uuv_control_msgs/include/uuv_control_msgs/srv/detail/init_waypoint_set__type_support.cpp
[2.558s] -- Up-to-date: /home/osansubuntumachine/ros2_ws/install/uuv_control_msgs/include/uuv_control_msgs/srv/detail/get_pid_params__type_support.cpp
[2.558s] -- Up-to-date: /home/osansubuntumachine/ros2_ws/install/uuv_control_msgs/include/uuv_control_msgs/srv/detail/go_to__type_support.cpp
[2.559s] -- Up-to-date: /home/osansubuntumachine/ros2_ws/install/uuv_control_msgs/include/uuv_control_msgs/srv/detail/switch_to_automatic__rosidl_typesupport_introspection_cpp.hpp
[2.559s] -- Up-to-date: /home/osansubuntumachine/ros2_ws/install/uuv_control_msgs/include/uuv_control_msgs/srv/detail/get_sm_controller_params__type_support.cpp
[2.559s] -- Up-to-date: /home/osansubuntumachine/ros2_ws/install/uuv_control_msgs/include/uuv_control_msgs/srv/detail/start_trajectory__type_support.cpp
[2.559s] -- Up-to-date: /home/osansubuntumachine/ros2_ws/install/uuv_control_msgs/include/uuv_control_msgs/srv/detail/init_rect_trajectory__type_support.cpp
[2.559s] -- Up-to-date: /home/osansubuntumachine/ros2_ws/install/uuv_control_msgs/include/uuv_control_msgs/srv/detail/set_mbsm_controller_params__rosidl_typesupport_introspection_cpp.hpp
[2.559s] -- Up-to-date: /home/osansubuntumachine/ros2_ws/install/uuv_control_msgs/include/uuv_control_msgs/srv/detail/add_waypoint__type_support.cpp
[2.559s] -- Up-to-date: /home/osansubuntumachine/ros2_ws/install/uuv_control_msgs/include/uuv_control_msgs/srv/detail/get_waypoints__type_support.cpp
[2.559s] -- Up-to-date: /home/osansubuntumachine/ros2_ws/install/uuv_control_msgs/include/uuv_control_msgs/srv/detail/init_waypoint_set__rosidl_typesupport_introspection_cpp.hpp
[2.559s] -- Up-to-date: /home/osansubuntumachine/ros2_ws/install/uuv_control_msgs/include/uuv_control_msgs/srv/detail/start_trajectory__rosidl_typesupport_introspection_cpp.hpp
[2.560s] -- Up-to-date: /home/osansubuntumachine/ros2_ws/install/uuv_control_msgs/include/uuv_control_msgs/srv/detail/set_pid_params__type_support.cpp
[2.560s] -- Up-to-date: /home/osansubuntumachine/ros2_ws/install/uuv_control_msgs/include/uuv_control_msgs/srv/detail/clear_waypoints__type_support.cpp
[2.560s] -- Up-to-date: /home/osansubuntumachine/ros2_ws/install/uuv_control_msgs/include/uuv_control_msgs/srv/detail/is_running_trajectory__rosidl_typesupport_introspection_cpp.hpp
[2.560s] -- Up-to-date: /home/osansubuntumachine/ros2_ws/install/uuv_control_msgs/include/uuv_control_msgs/srv/detail/set_sm_controller_params__type_support.cpp
[2.560s] -- Up-to-date: /home/osansubuntumachine/ros2_ws/install/uuv_control_msgs/include/uuv_control_msgs/srv/detail/get_pid_params__rosidl_typesupport_introspection_cpp.hpp
[2.560s] -- Up-to-date: /home/osansubuntumachine/ros2_ws/install/uuv_control_msgs/include/uuv_control_msgs/srv/detail/init_waypoints_from_file__rosidl_typesupport_introspection_cpp.hpp
[2.560s] -- Up-to-date: /home/osansubuntumachine/ros2_ws/install/uuv_control_msgs/include/uuv_control_msgs/srv/detail/reset_controller__rosidl_typesupport_introspection_cpp.hpp
[2.560s] -- Up-to-date: /home/osansubuntumachine/ros2_ws/install/uuv_control_msgs/include/uuv_control_msgs/srv/detail/init_circular_trajectory__rosidl_typesupport_introspection_cpp.hpp
[2.560s] -- Up-to-date: /home/osansubuntumachine/ros2_ws/install/uuv_control_msgs/include/uuv_control_msgs/srv/detail/get_mbsm_controller_params__rosidl_typesupport_introspection_cpp.hpp
[2.561s] -- Up-to-date: /home/osansubuntumachine/ros2_ws/install/uuv_control_msgs/include/uuv_control_msgs/srv/detail/get_waypoints__rosidl_typesupport_introspection_cpp.hpp
[2.561s] -- Up-to-date: /home/osansubuntumachine/ros2_ws/install/uuv_control_msgs/include/uuv_control_msgs/srv/detail/add_waypoint__rosidl_typesupport_introspection_cpp.hpp
[2.561s] -- Up-to-date: /home/osansubuntumachine/ros2_ws/install/uuv_control_msgs/include/uuv_control_msgs/srv/detail/set_pid_params__rosidl_typesupport_introspection_cpp.hpp
[2.561s] -- Up-to-date: /home/osansubuntumachine/ros2_ws/install/uuv_control_msgs/include/uuv_control_msgs/srv/detail/hold__rosidl_typesupport_introspection_cpp.hpp
[2.561s] -- Up-to-date: /home/osansubuntumachine/ros2_ws/install/uuv_control_msgs/include/uuv_control_msgs/srv/detail/init_rect_trajectory__rosidl_typesupport_introspection_cpp.hpp
[2.561s] -- Up-to-date: /home/osansubuntumachine/ros2_ws/install/uuv_control_msgs/include/uuv_control_msgs/srv/detail/go_to__rosidl_typesupport_introspection_cpp.hpp
[2.561s] -- Up-to-date: /home/osansubuntumachine/ros2_ws/install/uuv_control_msgs/include/uuv_control_msgs/srv/detail/init_helical_trajectory__type_support.cpp
[2.561s] -- Up-to-date: /home/osansubuntumachine/ros2_ws/install/uuv_control_msgs/include/uuv_control_msgs/srv/detail/clear_waypoints__rosidl_typesupport_introspection_cpp.hpp
[2.561s] -- Up-to-date: /home/osansubuntumachine/ros2_ws/install/uuv_control_msgs/include/uuv_control_msgs/srv/detail/set_mbsm_controller_params__type_support.cpp
[2.562s] -- Up-to-date: /home/osansubuntumachine/ros2_ws/install/uuv_control_msgs/include/uuv_control_msgs/srv/detail/init_circular_trajectory__type_support.cpp
[2.562s] -- Up-to-date: /home/osansubuntumachine/ros2_ws/install/uuv_control_msgs/include/uuv_control_msgs/srv/detail/go_to_incremental__rosidl_typesupport_introspection_cpp.hpp
[2.562s] -- Up-to-date: /home/osansubuntumachine/ros2_ws/install/uuv_control_msgs/include/uuv_control_msgs/srv/detail/set_sm_controller_params__rosidl_typesupport_introspection_cpp.hpp
[2.562s] -- Up-to-date: /home/osansubuntumachine/ros2_ws/install/uuv_control_msgs/include/uuv_control_msgs/srv/detail/reset_controller__type_support.cpp
[2.573s] -- Up-to-date: /home/osansubuntumachine/ros2_ws/install/uuv_control_msgs/include/uuv_control_msgs/srv/detail/go_to_incremental__type_support.cpp
[2.579s] -- Up-to-date: /home/osansubuntumachine/ros2_ws/install/uuv_control_msgs/include/uuv_control_msgs/srv/detail/init_helical_trajectory__rosidl_typesupport_introspection_cpp.hpp
[2.580s] -- Up-to-date: /home/osansubuntumachine/ros2_ws/install/uuv_control_msgs/include/uuv_control_msgs/srv/detail/is_running_trajectory__type_support.cpp
[2.580s] -- Up-to-date: /home/osansubuntumachine/ros2_ws/install/uuv_control_msgs/include/uuv_control_msgs/srv/detail/get_mbsm_controller_params__type_support.cpp
[2.580s] -- Up-to-date: /home/osansubuntumachine/ros2_ws/install/uuv_control_msgs/include/uuv_control_msgs/srv/detail/init_waypoints_from_file__type_support.cpp
[2.580s] -- Up-to-date: /home/osansubuntumachine/ros2_ws/install/uuv_control_msgs/include/uuv_control_msgs/srv/detail/hold__type_support.cpp
[2.583s] -- Up-to-date: /home/osansubuntumachine/ros2_ws/install/uuv_control_msgs/lib/libuuv_control_msgs__rosidl_typesupport_introspection_cpp.so
[2.601s] -- Up-to-date: /home/osansubuntumachine/ros2_ws/install/uuv_control_msgs/lib/libuuv_control_msgs__rosidl_typesupport_cpp.so
[2.601s] -- Up-to-date: /home/osansubuntumachine/ros2_ws/install/uuv_control_msgs/share/uuv_control_msgs/environment/pythonpath.sh
[2.602s] -- Up-to-date: /home/osansubuntumachine/ros2_ws/install/uuv_control_msgs/share/uuv_control_msgs/environment/pythonpath.dsv
[2.605s] -- Up-to-date: /home/osansubuntumachine/ros2_ws/install/uuv_control_msgs/lib/python3.8/site-packages/uuv_control_msgs/__init__.py
[2.696s] -- Up-to-date: /home/osansubuntumachine/ros2_ws/install/uuv_control_msgs/lib/python3.8/site-packages/uuv_control_msgs/msg
[2.696s] -- Up-to-date: /home/osansubuntumachine/ros2_ws/install/uuv_control_msgs/lib/python3.8/site-packages/uuv_control_msgs/msg/_trajectory.py
[2.696s] -- Up-to-date: /home/osansubuntumachine/ros2_ws/install/uuv_control_msgs/lib/python3.8/site-packages/uuv_control_msgs/msg/_waypoint_set_s.c
[2.696s] -- Up-to-date: /home/osansubuntumachine/ros2_ws/install/uuv_control_msgs/lib/python3.8/site-packages/uuv_control_msgs/msg/_trajectory_point_s.c
[2.697s] -- Up-to-date: /home/osansubuntumachine/ros2_ws/install/uuv_control_msgs/lib/python3.8/site-packages/uuv_control_msgs/msg/_waypoint_s.c
[2.697s] -- Up-to-date: /home/osansubuntumachine/ros2_ws/install/uuv_control_msgs/lib/python3.8/site-packages/uuv_control_msgs/msg/_waypoint.py
[2.697s] -- Up-to-date: /home/osansubuntumachine/ros2_ws/install/uuv_control_msgs/lib/python3.8/site-packages/uuv_control_msgs/msg/__init__.py
[2.697s] -- Up-to-date: /home/osansubuntumachine/ros2_ws/install/uuv_control_msgs/lib/python3.8/site-packages/uuv_control_msgs/msg/_waypoint_set.py
[2.697s] -- Up-to-date: /home/osansubuntumachine/ros2_ws/install/uuv_control_msgs/lib/python3.8/site-packages/uuv_control_msgs/msg/_trajectory_s.c
[2.697s] -- Up-to-date: /home/osansubuntumachine/ros2_ws/install/uuv_control_msgs/lib/python3.8/site-packages/uuv_control_msgs/msg/_trajectory_point.py
[2.697s] -- Up-to-date: /home/osansubuntumachine/ros2_ws/install/uuv_control_msgs/lib/python3.8/site-packages/uuv_control_msgs/srv
[2.698s] -- Up-to-date: /home/osansubuntumachine/ros2_ws/install/uuv_control_msgs/lib/python3.8/site-packages/uuv_control_msgs/srv/_get_pid_params_s.c
[2.698s] -- Up-to-date: /home/osansubuntumachine/ros2_ws/install/uuv_control_msgs/lib/python3.8/site-packages/uuv_control_msgs/srv/_reset_controller.py
[2.698s] -- Up-to-date: /home/osansubuntumachine/ros2_ws/install/uuv_control_msgs/lib/python3.8/site-packages/uuv_control_msgs/srv/_go_to_incremental.py
[2.698s] -- Up-to-date: /home/osansubuntumachine/ros2_ws/install/uuv_control_msgs/lib/python3.8/site-packages/uuv_control_msgs/srv/_go_to.py
[2.699s] -- Up-to-date: /home/osansubuntumachine/ros2_ws/install/uuv_control_msgs/lib/python3.8/site-packages/uuv_control_msgs/srv/_get_waypoints_s.c
[2.699s] -- Up-to-date: /home/osansubuntumachine/ros2_ws/install/uuv_control_msgs/lib/python3.8/site-packages/uuv_control_msgs/srv/_init_rect_trajectory.py
[2.699s] -- Up-to-date: /home/osansubuntumachine/ros2_ws/install/uuv_control_msgs/lib/python3.8/site-packages/uuv_control_msgs/srv/_reset_controller_s.c
[2.699s] -- Up-to-date: /home/osansubuntumachine/ros2_ws/install/uuv_control_msgs/lib/python3.8/site-packages/uuv_control_msgs/srv/_hold_s.c
[2.699s] -- Up-to-date: /home/osansubuntumachine/ros2_ws/install/uuv_control_msgs/lib/python3.8/site-packages/uuv_control_msgs/srv/_clear_waypoints_s.c
[2.699s] -- Up-to-date: /home/osansubuntumachine/ros2_ws/install/uuv_control_msgs/lib/python3.8/site-packages/uuv_control_msgs/srv/_go_to_incremental_s.c
[2.700s] -- Up-to-date: /home/osansubuntumachine/ros2_ws/install/uuv_control_msgs/lib/python3.8/site-packages/uuv_control_msgs/srv/_init_waypoints_from_file.py
[2.700s] -- Up-to-date: /home/osansubuntumachine/ros2_ws/install/uuv_control_msgs/lib/python3.8/site-packages/uuv_control_msgs/srv/_switch_to_manual_s.c
[2.700s] -- Up-to-date: /home/osansubuntumachine/ros2_ws/install/uuv_control_msgs/lib/python3.8/site-packages/uuv_control_msgs/srv/_set_pid_params.py
[2.700s] -- Up-to-date: /home/osansubuntumachine/ros2_ws/install/uuv_control_msgs/lib/python3.8/site-packages/uuv_control_msgs/srv/_init_rect_trajectory_s.c
[2.700s] -- Up-to-date: /home/osansubuntumachine/ros2_ws/install/uuv_control_msgs/lib/python3.8/site-packages/uuv_control_msgs/srv/_set_pid_params_s.c
[2.701s] -- Up-to-date: /home/osansubuntumachine/ros2_ws/install/uuv_control_msgs/lib/python3.8/site-packages/uuv_control_msgs/srv/_get_pid_params.py
[2.702s] -- Up-to-date: /home/osansubuntumachine/ros2_ws/install/uuv_control_msgs/lib/python3.8/site-packages/uuv_control_msgs/srv/_switch_to_automatic_s.c
[2.702s] -- Up-to-date: /home/osansubuntumachine/ros2_ws/install/uuv_control_msgs/lib/python3.8/site-packages/uuv_control_msgs/srv/_init_waypoints_from_file_s.c
[2.702s] -- Up-to-date: /home/osansubuntumachine/ros2_ws/install/uuv_control_msgs/lib/python3.8/site-packages/uuv_control_msgs/srv/_start_trajectory.py
[2.702s] -- Up-to-date: /home/osansubuntumachine/ros2_ws/install/uuv_control_msgs/lib/python3.8/site-packages/uuv_control_msgs/srv/_init_circular_trajectory_s.c
[2.702s] -- Up-to-date: /home/osansubuntumachine/ros2_ws/install/uuv_control_msgs/lib/python3.8/site-packages/uuv_control_msgs/srv/_init_waypoint_set_s.c
[2.702s] -- Up-to-date: /home/osansubuntumachine/ros2_ws/install/uuv_control_msgs/lib/python3.8/site-packages/uuv_control_msgs/srv/_is_running_trajectory.py
[2.702s] -- Up-to-date: /home/osansubuntumachine/ros2_ws/install/uuv_control_msgs/lib/python3.8/site-packages/uuv_control_msgs/srv/_get_waypoints.py
[2.703s] -- Up-to-date: /home/osansubuntumachine/ros2_ws/install/uuv_control_msgs/lib/python3.8/site-packages/uuv_control_msgs/srv/_set_sm_controller_params_s.c
[2.703s] -- Up-to-date: /home/osansubuntumachine/ros2_ws/install/uuv_control_msgs/lib/python3.8/site-packages/uuv_control_msgs/srv/__init__.py
[2.704s] -- Up-to-date: /home/osansubuntumachine/ros2_ws/install/uuv_control_msgs/lib/python3.8/site-packages/uuv_control_msgs/srv/_set_sm_controller_params.py
[2.704s] -- Up-to-date: /home/osansubuntumachine/ros2_ws/install/uuv_control_msgs/lib/python3.8/site-packages/uuv_control_msgs/srv/_switch_to_automatic.py
[2.705s] -- Up-to-date: /home/osansubuntumachine/ros2_ws/install/uuv_control_msgs/lib/python3.8/site-packages/uuv_control_msgs/srv/_clear_waypoints.py
[2.705s] -- Up-to-date: /home/osansubuntumachine/ros2_ws/install/uuv_control_msgs/lib/python3.8/site-packages/uuv_control_msgs/srv/_switch_to_manual.py
[2.712s] -- Up-to-date: /home/osansubuntumachine/ros2_ws/install/uuv_control_msgs/lib/python3.8/site-packages/uuv_control_msgs/srv/_go_to_s.c
[2.712s] -- Up-to-date: /home/osansubuntumachine/ros2_ws/install/uuv_control_msgs/lib/python3.8/site-packages/uuv_control_msgs/srv/_set_mbsm_controller_params.py
[2.712s] -- Up-to-date: /home/osansubuntumachine/ros2_ws/install/uuv_control_msgs/lib/python3.8/site-packages/uuv_control_msgs/srv/_set_mbsm_controller_params_s.c
[2.712s] -- Up-to-date: /home/osansubuntumachine/ros2_ws/install/uuv_control_msgs/lib/python3.8/site-packages/uuv_control_msgs/srv/_start_trajectory_s.c
[2.712s] -- Up-to-date: /home/osansubuntumachine/ros2_ws/install/uuv_control_msgs/lib/python3.8/site-packages/uuv_control_msgs/srv/_add_waypoint.py
[2.712s] -- Up-to-date: /home/osansubuntumachine/ros2_ws/install/uuv_control_msgs/lib/python3.8/site-packages/uuv_control_msgs/srv/_init_waypoint_set.py
[2.712s] -- Up-to-date: /home/osansubuntumachine/ros2_ws/install/uuv_control_msgs/lib/python3.8/site-packages/uuv_control_msgs/srv/_get_mbsm_controller_params.py
[2.712s] -- Up-to-date: /home/osansubuntumachine/ros2_ws/install/uuv_control_msgs/lib/python3.8/site-packages/uuv_control_msgs/srv/_init_helical_trajectory_s.c
[2.713s] -- Up-to-date: /home/osansubuntumachine/ros2_ws/install/uuv_control_msgs/lib/python3.8/site-packages/uuv_control_msgs/srv/_hold.py
[2.713s] -- Up-to-date: /home/osansubuntumachine/ros2_ws/install/uuv_control_msgs/lib/python3.8/site-packages/uuv_control_msgs/srv/_init_circular_trajectory.py
[2.713s] -- Up-to-date: /home/osansubuntumachine/ros2_ws/install/uuv_control_msgs/lib/python3.8/site-packages/uuv_control_msgs/srv/_get_mbsm_controller_params_s.c
[2.713s] -- Up-to-date: /home/osansubuntumachine/ros2_ws/install/uuv_control_msgs/lib/python3.8/site-packages/uuv_control_msgs/srv/_get_sm_controller_params.py
[2.713s] -- Up-to-date: /home/osansubuntumachine/ros2_ws/install/uuv_control_msgs/lib/python3.8/site-packages/uuv_control_msgs/srv/_init_helical_trajectory.py
[2.713s] -- Up-to-date: /home/osansubuntumachine/ros2_ws/install/uuv_control_msgs/lib/python3.8/site-packages/uuv_control_msgs/srv/_add_waypoint_s.c
[2.713s] -- Up-to-date: /home/osansubuntumachine/ros2_ws/install/uuv_control_msgs/lib/python3.8/site-packages/uuv_control_msgs/srv/_is_running_trajectory_s.c
[2.713s] -- Up-to-date: /home/osansubuntumachine/ros2_ws/install/uuv_control_msgs/lib/python3.8/site-packages/uuv_control_msgs/srv/_get_sm_controller_params_s.c
[2.713s] -- Up-to-date: /home/osansubuntumachine/ros2_ws/install/uuv_control_msgs/lib/python3.8/site-packages/uuv_control_msgs/uuv_control_msgs_s__rosidl_typesupport_fastrtps_c.cpython-38-x86_64-linux-gnu.so
[2.713s] -- Up-to-date: /home/osansubuntumachine/ros2_ws/install/uuv_control_msgs/lib/python3.8/site-packages/uuv_control_msgs/uuv_control_msgs_s__rosidl_typesupport_introspection_c.cpython-38-x86_64-linux-gnu.so
[2.714s] -- Up-to-date: /home/osansubuntumachine/ros2_ws/install/uuv_control_msgs/lib/python3.8/site-packages/uuv_control_msgs/uuv_control_msgs_s__rosidl_typesupport_c.cpython-38-x86_64-linux-gnu.so
[2.716s] -- Up-to-date: /home/osansubuntumachine/ros2_ws/install/uuv_control_msgs/lib/libuuv_control_msgs__python.so
[2.716s] -- Up-to-date: /home/osansubuntumachine/ros2_ws/install/uuv_control_msgs/share/uuv_control_msgs/msg/Trajectory.idl
[2.716s] -- Up-to-date: /home/osansubuntumachine/ros2_ws/install/uuv_control_msgs/share/uuv_control_msgs/msg/TrajectoryPoint.idl
[2.722s] -- Up-to-date: /home/osansubuntumachine/ros2_ws/install/uuv_control_msgs/share/uuv_control_msgs/msg/Waypoint.idl
[2.722s] -- Up-to-date: /home/osansubuntumachine/ros2_ws/install/uuv_control_msgs/share/uuv_control_msgs/msg/WaypointSet.idl
[2.722s] -- Up-to-date: /home/osansubuntumachine/ros2_ws/install/uuv_control_msgs/share/uuv_control_msgs/srv/AddWaypoint.idl
[2.723s] -- Up-to-date: /home/osansubuntumachine/ros2_ws/install/uuv_control_msgs/share/uuv_control_msgs/srv/ClearWaypoints.idl
[2.723s] -- Up-to-date: /home/osansubuntumachine/ros2_ws/install/uuv_control_msgs/share/uuv_control_msgs/srv/InitCircularTrajectory.idl
[2.723s] -- Up-to-date: /home/osansubuntumachine/ros2_ws/install/uuv_control_msgs/share/uuv_control_msgs/srv/InitHelicalTrajectory.idl
[2.723s] -- Up-to-date: /home/osansubuntumachine/ros2_ws/install/uuv_control_msgs/share/uuv_control_msgs/srv/InitWaypointsFromFile.idl
[2.723s] -- Up-to-date: /home/osansubuntumachine/ros2_ws/install/uuv_control_msgs/share/uuv_control_msgs/srv/GetWaypoints.idl
[2.724s] -- Up-to-date: /home/osansubuntumachine/ros2_ws/install/uuv_control_msgs/share/uuv_control_msgs/srv/GoTo.idl
[2.724s] -- Up-to-date: /home/osansubuntumachine/ros2_ws/install/uuv_control_msgs/share/uuv_control_msgs/srv/GoToIncremental.idl
[2.724s] -- Up-to-date: /home/osansubuntumachine/ros2_ws/install/uuv_control_msgs/share/uuv_control_msgs/srv/Hold.idl
[2.724s] -- Up-to-date: /home/osansubuntumachine/ros2_ws/install/uuv_control_msgs/share/uuv_control_msgs/srv/IsRunningTrajectory.idl
[2.724s] -- Up-to-date: /home/osansubuntumachine/ros2_ws/install/uuv_control_msgs/share/uuv_control_msgs/srv/InitWaypointSet.idl
[2.724s] -- Up-to-date: /home/osansubuntumachine/ros2_ws/install/uuv_control_msgs/share/uuv_control_msgs/srv/InitRectTrajectory.idl
[2.725s] -- Up-to-date: /home/osansubuntumachine/ros2_ws/install/uuv_control_msgs/share/uuv_control_msgs/srv/StartTrajectory.idl
[2.725s] -- Up-to-date: /home/osansubuntumachine/ros2_ws/install/uuv_control_msgs/share/uuv_control_msgs/srv/SwitchToAutomatic.idl
[2.725s] -- Up-to-date: /home/osansubuntumachine/ros2_ws/install/uuv_control_msgs/share/uuv_control_msgs/srv/SwitchToManual.idl
[2.725s] -- Up-to-date: /home/osansubuntumachine/ros2_ws/install/uuv_control_msgs/share/uuv_control_msgs/srv/SetPIDParams.idl
[2.725s] -- Up-to-date: /home/osansubuntumachine/ros2_ws/install/uuv_control_msgs/share/uuv_control_msgs/srv/GetPIDParams.idl
[2.725s] -- Up-to-date: /home/osansubuntumachine/ros2_ws/install/uuv_control_msgs/share/uuv_control_msgs/srv/SetSMControllerParams.idl
[2.740s] -- Up-to-date: /home/osansubuntumachine/ros2_ws/install/uuv_control_msgs/share/uuv_control_msgs/srv/GetSMControllerParams.idl
[2.740s] -- Up-to-date: /home/osansubuntumachine/ros2_ws/install/uuv_control_msgs/share/uuv_control_msgs/srv/SetMBSMControllerParams.idl
[2.741s] -- Up-to-date: /home/osansubuntumachine/ros2_ws/install/uuv_control_msgs/share/uuv_control_msgs/srv/GetMBSMControllerParams.idl
[2.742s] -- Up-to-date: /home/osansubuntumachine/ros2_ws/install/uuv_control_msgs/share/uuv_control_msgs/srv/ResetController.idl
[2.743s] -- Up-to-date: /home/osansubuntumachine/ros2_ws/install/uuv_control_msgs/share/uuv_control_msgs/msg/Trajectory.msg
[2.743s] -- Up-to-date: /home/osansubuntumachine/ros2_ws/install/uuv_control_msgs/share/uuv_control_msgs/msg/TrajectoryPoint.msg
[2.743s] -- Up-to-date: /home/osansubuntumachine/ros2_ws/install/uuv_control_msgs/share/uuv_control_msgs/msg/Waypoint.msg
[2.743s] -- Up-to-date: /home/osansubuntumachine/ros2_ws/install/uuv_control_msgs/share/uuv_control_msgs/msg/WaypointSet.msg
[2.743s] -- Up-to-date: /home/osansubuntumachine/ros2_ws/install/uuv_control_msgs/share/uuv_control_msgs/srv/AddWaypoint.srv
[2.743s] -- Up-to-date: /home/osansubuntumachine/ros2_ws/install/uuv_control_msgs/share/uuv_control_msgs/srv/AddWaypoint_Request.msg
[2.744s] -- Up-to-date: /home/osansubuntumachine/ros2_ws/install/uuv_control_msgs/share/uuv_control_msgs/srv/AddWaypoint_Response.msg
[2.744s] -- Up-to-date: /home/osansubuntumachine/ros2_ws/install/uuv_control_msgs/share/uuv_control_msgs/srv/ClearWaypoints.srv
[2.745s] -- Up-to-date: /home/osansubuntumachine/ros2_ws/install/uuv_control_msgs/share/uuv_control_msgs/srv/ClearWaypoints_Request.msg
[2.745s] -- Up-to-date: /home/osansubuntumachine/ros2_ws/install/uuv_control_msgs/share/uuv_control_msgs/srv/ClearWaypoints_Response.msg
[2.745s] -- Up-to-date: /home/osansubuntumachine/ros2_ws/install/uuv_control_msgs/share/uuv_control_msgs/srv/InitCircularTrajectory.srv
[2.745s] -- Up-to-date: /home/osansubuntumachine/ros2_ws/install/uuv_control_msgs/share/uuv_control_msgs/srv/InitCircularTrajectory_Request.msg
[2.745s] -- Up-to-date: /home/osansubuntumachine/ros2_ws/install/uuv_control_msgs/share/uuv_control_msgs/srv/InitCircularTrajectory_Response.msg
[2.745s] -- Up-to-date: /home/osansubuntumachine/ros2_ws/install/uuv_control_msgs/share/uuv_control_msgs/srv/InitHelicalTrajectory.srv
[2.746s] -- Up-to-date: /home/osansubuntumachine/ros2_ws/install/uuv_control_msgs/share/uuv_control_msgs/srv/InitHelicalTrajectory_Request.msg
[2.746s] -- Up-to-date: /home/osansubuntumachine/ros2_ws/install/uuv_control_msgs/share/uuv_control_msgs/srv/InitHelicalTrajectory_Response.msg
[2.746s] -- Up-to-date: /home/osansubuntumachine/ros2_ws/install/uuv_control_msgs/share/uuv_control_msgs/srv/InitWaypointsFromFile.srv
[2.746s] -- Up-to-date: /home/osansubuntumachine/ros2_ws/install/uuv_control_msgs/share/uuv_control_msgs/srv/InitWaypointsFromFile_Request.msg
[2.746s] -- Up-to-date: /home/osansubuntumachine/ros2_ws/install/uuv_control_msgs/share/uuv_control_msgs/srv/InitWaypointsFromFile_Response.msg
[2.747s] -- Up-to-date: /home/osansubuntumachine/ros2_ws/install/uuv_control_msgs/share/uuv_control_msgs/srv/GetWaypoints.srv
[2.747s] -- Up-to-date: /home/osansubuntumachine/ros2_ws/install/uuv_control_msgs/share/uuv_control_msgs/srv/GetWaypoints_Request.msg
[2.747s] -- Up-to-date: /home/osansubuntumachine/ros2_ws/install/uuv_control_msgs/share/uuv_control_msgs/srv/GetWaypoints_Response.msg
[2.747s] -- Up-to-date: /home/osansubuntumachine/ros2_ws/install/uuv_control_msgs/share/uuv_control_msgs/srv/GoTo.srv
[2.747s] -- Up-to-date: /home/osansubuntumachine/ros2_ws/install/uuv_control_msgs/share/uuv_control_msgs/srv/GoTo_Request.msg
[2.747s] -- Up-to-date: /home/osansubuntumachine/ros2_ws/install/uuv_control_msgs/share/uuv_control_msgs/srv/GoTo_Response.msg
[2.748s] -- Up-to-date: /home/osansubuntumachine/ros2_ws/install/uuv_control_msgs/share/uuv_control_msgs/srv/GoToIncremental.srv
[2.749s] -- Up-to-date: /home/osansubuntumachine/ros2_ws/install/uuv_control_msgs/share/uuv_control_msgs/srv/GoToIncremental_Request.msg
[2.749s] -- Up-to-date: /home/osansubuntumachine/ros2_ws/install/uuv_control_msgs/share/uuv_control_msgs/srv/GoToIncremental_Response.msg
[2.749s] -- Up-to-date: /home/osansubuntumachine/ros2_ws/install/uuv_control_msgs/share/uuv_control_msgs/srv/Hold.srv
[2.749s] -- Up-to-date: /home/osansubuntumachine/ros2_ws/install/uuv_control_msgs/share/uuv_control_msgs/srv/Hold_Request.msg
[2.750s] -- Up-to-date: /home/osansubuntumachine/ros2_ws/install/uuv_control_msgs/share/uuv_control_msgs/srv/Hold_Response.msg
[2.756s] -- Up-to-date: /home/osansubuntumachine/ros2_ws/install/uuv_control_msgs/share/uuv_control_msgs/srv/IsRunningTrajectory.srv
[2.756s] -- Up-to-date: /home/osansubuntumachine/ros2_ws/install/uuv_control_msgs/share/uuv_control_msgs/srv/IsRunningTrajectory_Request.msg
[2.756s] -- Up-to-date: /home/osansubuntumachine/ros2_ws/install/uuv_control_msgs/share/uuv_control_msgs/srv/IsRunningTrajectory_Response.msg
[2.756s] -- Up-to-date: /home/osansubuntumachine/ros2_ws/install/uuv_control_msgs/share/uuv_control_msgs/srv/InitWaypointSet.srv
[2.757s] -- Up-to-date: /home/osansubuntumachine/ros2_ws/install/uuv_control_msgs/share/uuv_control_msgs/srv/InitWaypointSet_Request.msg
[2.757s] -- Up-to-date: /home/osansubuntumachine/ros2_ws/install/uuv_control_msgs/share/uuv_control_msgs/srv/InitWaypointSet_Response.msg
[2.757s] -- Up-to-date: /home/osansubuntumachine/ros2_ws/install/uuv_control_msgs/share/uuv_control_msgs/srv/InitRectTrajectory.srv
[2.757s] -- Up-to-date: /home/osansubuntumachine/ros2_ws/install/uuv_control_msgs/share/uuv_control_msgs/srv/InitRectTrajectory_Request.msg
[2.757s] -- Up-to-date: /home/osansubuntumachine/ros2_ws/install/uuv_control_msgs/share/uuv_control_msgs/srv/InitRectTrajectory_Response.msg
[2.757s] -- Up-to-date: /home/osansubuntumachine/ros2_ws/install/uuv_control_msgs/share/uuv_control_msgs/srv/StartTrajectory.srv
[2.757s] -- Up-to-date: /home/osansubuntumachine/ros2_ws/install/uuv_control_msgs/share/uuv_control_msgs/srv/StartTrajectory_Request.msg
[2.758s] -- Up-to-date: /home/osansubuntumachine/ros2_ws/install/uuv_control_msgs/share/uuv_control_msgs/srv/StartTrajectory_Response.msg
[2.758s] -- Up-to-date: /home/osansubuntumachine/ros2_ws/install/uuv_control_msgs/share/uuv_control_msgs/srv/SwitchToAutomatic.srv
[2.758s] -- Up-to-date: /home/osansubuntumachine/ros2_ws/install/uuv_control_msgs/share/uuv_control_msgs/srv/SwitchToAutomatic_Request.msg
[2.758s] -- Up-to-date: /home/osansubuntumachine/ros2_ws/install/uuv_control_msgs/share/uuv_control_msgs/srv/SwitchToAutomatic_Response.msg
[2.758s] -- Up-to-date: /home/osansubuntumachine/ros2_ws/install/uuv_control_msgs/share/uuv_control_msgs/srv/SwitchToManual.srv
[2.758s] -- Up-to-date: /home/osansubuntumachine/ros2_ws/install/uuv_control_msgs/share/uuv_control_msgs/srv/SwitchToManual_Request.msg
[2.758s] -- Up-to-date: /home/osansubuntumachine/ros2_ws/install/uuv_control_msgs/share/uuv_control_msgs/srv/SwitchToManual_Response.msg
[2.759s] -- Up-to-date: /home/osansubuntumachine/ros2_ws/install/uuv_control_msgs/share/uuv_control_msgs/srv/SetPIDParams.srv
[2.759s] -- Up-to-date: /home/osansubuntumachine/ros2_ws/install/uuv_control_msgs/share/uuv_control_msgs/srv/SetPIDParams_Request.msg
[2.759s] -- Up-to-date: /home/osansubuntumachine/ros2_ws/install/uuv_control_msgs/share/uuv_control_msgs/srv/SetPIDParams_Response.msg
[2.759s] -- Up-to-date: /home/osansubuntumachine/ros2_ws/install/uuv_control_msgs/share/uuv_control_msgs/srv/GetPIDParams.srv
[2.759s] -- Up-to-date: /home/osansubuntumachine/ros2_ws/install/uuv_control_msgs/share/uuv_control_msgs/srv/GetPIDParams_Request.msg
[2.759s] -- Up-to-date: /home/osansubuntumachine/ros2_ws/install/uuv_control_msgs/share/uuv_control_msgs/srv/GetPIDParams_Response.msg
[2.759s] -- Up-to-date: /home/osansubuntumachine/ros2_ws/install/uuv_control_msgs/share/uuv_control_msgs/srv/SetSMControllerParams.srv
[2.774s] -- Up-to-date: /home/osansubuntumachine/ros2_ws/install/uuv_control_msgs/share/uuv_control_msgs/srv/SetSMControllerParams_Request.msg
[2.774s] -- Up-to-date: /home/osansubuntumachine/ros2_ws/install/uuv_control_msgs/share/uuv_control_msgs/srv/SetSMControllerParams_Response.msg
[2.775s] -- Up-to-date: /home/osansubuntumachine/ros2_ws/install/uuv_control_msgs/share/uuv_control_msgs/srv/GetSMControllerParams.srv
[2.775s] -- Up-to-date: /home/osansubuntumachine/ros2_ws/install/uuv_control_msgs/share/uuv_control_msgs/srv/GetSMControllerParams_Request.msg
[2.775s] -- Up-to-date: /home/osansubuntumachine/ros2_ws/install/uuv_control_msgs/share/uuv_control_msgs/srv/GetSMControllerParams_Response.msg
[2.775s] -- Up-to-date: /home/osansubuntumachine/ros2_ws/install/uuv_control_msgs/share/uuv_control_msgs/srv/SetMBSMControllerParams.srv
[2.775s] -- Up-to-date: /home/osansubuntumachine/ros2_ws/install/uuv_control_msgs/share/uuv_control_msgs/srv/SetMBSMControllerParams_Request.msg
[2.775s] -- Up-to-date: /home/osansubuntumachine/ros2_ws/install/uuv_control_msgs/share/uuv_control_msgs/srv/SetMBSMControllerParams_Response.msg
[2.775s] -- Up-to-date: /home/osansubuntumachine/ros2_ws/install/uuv_control_msgs/share/uuv_control_msgs/srv/GetMBSMControllerParams.srv
[2.776s] -- Up-to-date: /home/osansubuntumachine/ros2_ws/install/uuv_control_msgs/share/uuv_control_msgs/srv/GetMBSMControllerParams_Request.msg
[2.776s] -- Up-to-date: /home/osansubuntumachine/ros2_ws/install/uuv_control_msgs/share/uuv_control_msgs/srv/GetMBSMControllerParams_Response.msg
[2.776s] -- Up-to-date: /home/osansubuntumachine/ros2_ws/install/uuv_control_msgs/share/uuv_control_msgs/srv/ResetController.srv
[2.777s] -- Up-to-date: /home/osansubuntumachine/ros2_ws/install/uuv_control_msgs/share/uuv_control_msgs/srv/ResetController_Request.msg
[2.777s] -- Up-to-date: /home/osansubuntumachine/ros2_ws/install/uuv_control_msgs/share/uuv_control_msgs/srv/ResetController_Response.msg
[2.777s] -- Up-to-date: /home/osansubuntumachine/ros2_ws/install/uuv_control_msgs/share/ament_index/resource_index/package_run_dependencies/uuv_control_msgs
[2.777s] -- Up-to-date: /home/osansubuntumachine/ros2_ws/install/uuv_control_msgs/share/ament_index/resource_index/parent_prefix_path/uuv_control_msgs
[2.777s] -- Up-to-date: /home/osansubuntumachine/ros2_ws/install/uuv_control_msgs/share/uuv_control_msgs/environment/ament_prefix_path.sh
[2.777s] -- Up-to-date: /home/osansubuntumachine/ros2_ws/install/uuv_control_msgs/share/uuv_control_msgs/environment/ament_prefix_path.dsv
[2.777s] -- Up-to-date: /home/osansubuntumachine/ros2_ws/install/uuv_control_msgs/share/uuv_control_msgs/environment/path.sh
[2.777s] -- Up-to-date: /home/osansubuntumachine/ros2_ws/install/uuv_control_msgs/share/uuv_control_msgs/environment/path.dsv
[2.778s] -- Up-to-date: /home/osansubuntumachine/ros2_ws/install/uuv_control_msgs/share/uuv_control_msgs/local_setup.bash
[2.778s] -- Up-to-date: /home/osansubuntumachine/ros2_ws/install/uuv_control_msgs/share/uuv_control_msgs/local_setup.sh
[2.778s] -- Up-to-date: /home/osansubuntumachine/ros2_ws/install/uuv_control_msgs/share/uuv_control_msgs/local_setup.zsh
[2.778s] -- Up-to-date: /home/osansubuntumachine/ros2_ws/install/uuv_control_msgs/share/uuv_control_msgs/local_setup.dsv
[2.778s] -- Installing: /home/osansubuntumachine/ros2_ws/install/uuv_control_msgs/share/uuv_control_msgs/package.dsv
[2.778s] -- Up-to-date: /home/osansubuntumachine/ros2_ws/install/uuv_control_msgs/share/ament_index/resource_index/packages/uuv_control_msgs
[2.779s] -- Up-to-date: /home/osansubuntumachine/ros2_ws/install/uuv_control_msgs/share/uuv_control_msgs/cmake/uuv_control_msgs__rosidl_generator_cExport.cmake
[2.779s] -- Up-to-date: /home/osansubuntumachine/ros2_ws/install/uuv_control_msgs/share/uuv_control_msgs/cmake/uuv_control_msgs__rosidl_generator_cExport-noconfig.cmake
[2.779s] -- Up-to-date: /home/osansubuntumachine/ros2_ws/install/uuv_control_msgs/share/uuv_control_msgs/cmake/uuv_control_msgs__rosidl_typesupport_introspection_cExport.cmake
[2.779s] -- Up-to-date: /home/osansubuntumachine/ros2_ws/install/uuv_control_msgs/share/uuv_control_msgs/cmake/uuv_control_msgs__rosidl_typesupport_introspection_cExport-noconfig.cmake
[2.779s] -- Up-to-date: /home/osansubuntumachine/ros2_ws/install/uuv_control_msgs/share/uuv_control_msgs/cmake/uuv_control_msgs__rosidl_typesupport_cExport.cmake
[2.779s] -- Up-to-date: /home/osansubuntumachine/ros2_ws/install/uuv_control_msgs/share/uuv_control_msgs/cmake/uuv_control_msgs__rosidl_typesupport_cExport-noconfig.cmake
[2.779s] -- Up-to-date: /home/osansubuntumachine/ros2_ws/install/uuv_control_msgs/share/uuv_control_msgs/cmake/uuv_control_msgs__rosidl_generator_cppExport.cmake
[2.780s] -- Up-to-date: /home/osansubuntumachine/ros2_ws/install/uuv_control_msgs/share/uuv_control_msgs/cmake/uuv_control_msgs__rosidl_typesupport_introspection_cppExport.cmake
[2.780s] -- Up-to-date: /home/osansubuntumachine/ros2_ws/install/uuv_control_msgs/share/uuv_control_msgs/cmake/uuv_control_msgs__rosidl_typesupport_introspection_cppExport-noconfig.cmake
[2.780s] -- Up-to-date: /home/osansubuntumachine/ros2_ws/install/uuv_control_msgs/share/uuv_control_msgs/cmake/uuv_control_msgs__rosidl_typesupport_cppExport.cmake
[2.780s] -- Up-to-date: /home/osansubuntumachine/ros2_ws/install/uuv_control_msgs/share/uuv_control_msgs/cmake/uuv_control_msgs__rosidl_typesupport_cppExport-noconfig.cmake
[2.780s] -- Up-to-date: /home/osansubuntumachine/ros2_ws/install/uuv_control_msgs/share/uuv_control_msgs/cmake/rosidl_cmake-extras.cmake
[2.780s] -- Up-to-date: /home/osansubuntumachine/ros2_ws/install/uuv_control_msgs/share/uuv_control_msgs/cmake/ament_cmake_export_dependencies-extras.cmake
[2.780s] -- Up-to-date: /home/osansubuntumachine/ros2_ws/install/uuv_control_msgs/share/uuv_control_msgs/cmake/ament_cmake_export_libraries-extras.cmake
[2.781s] -- Up-to-date: /home/osansubuntumachine/ros2_ws/install/uuv_control_msgs/share/uuv_control_msgs/cmake/ament_cmake_export_targets-extras.cmake
[2.781s] -- Up-to-date: /home/osansubuntumachine/ros2_ws/install/uuv_control_msgs/share/uuv_control_msgs/cmake/ament_cmake_export_include_directories-extras.cmake
[2.781s] -- Up-to-date: /home/osansubuntumachine/ros2_ws/install/uuv_control_msgs/share/uuv_control_msgs/cmake/rosidl_cmake_export_typesupport_libraries-extras.cmake
[2.781s] -- Up-to-date: /home/osansubuntumachine/ros2_ws/install/uuv_control_msgs/share/uuv_control_msgs/cmake/rosidl_cmake_export_typesupport_targets-extras.cmake
[2.781s] -- Up-to-date: /home/osansubuntumachine/ros2_ws/install/uuv_control_msgs/share/uuv_control_msgs/cmake/uuv_control_msgsConfig.cmake
[2.781s] -- Up-to-date: /home/osansubuntumachine/ros2_ws/install/uuv_control_msgs/share/uuv_control_msgs/cmake/uuv_control_msgsConfig-version.cmake
[2.781s] -- Up-to-date: /home/osansubuntumachine/ros2_ws/install/uuv_control_msgs/share/uuv_control_msgs/package.xml
[2.900s] Invoked command in '/home/osansubuntumachine/ros2_ws/build/uuv_control_msgs' returned '0': CMAKE_PREFIX_PATH=${CMAKE_PREFIX_PATH}:/home/osansubuntumachine/ros2_ws/install/rexrov_autonomy:/opt/ros/foxy /usr/bin/cmake --install /home/osansubuntumachine/ros2_ws/build/uuv_control_msgs
