[ 75%] Built target uuv_underwater_current_ros_plugin
[100%] Built target uuv_sc_ros_interface_plugin
-- Install configuration: ""
-- Up-to-date: /home/osansubuntumachine/ros2_ws/install/uuv_world_ros_plugins/lib/libuuv_underwater_current_ros_plugin.so
-- Up-to-date: /home/osansubuntumachine/ros2_ws/install/uuv_world_ros_plugins/lib/libuuv_sc_ros_interface_plugin.so
-- Up-to-date: /home/osansubuntumachine/ros2_ws/install/uuv_world_ros_plugins/include/uuv_world_ros_plugins
-- Up-to-date: /home/osansubuntumachine/ros2_ws/install/uuv_world_ros_plugins/include/uuv_world_ros_plugins/SphericalCoordinatesROSInterfacePlugin.h
-- Up-to-date: /home/osansubuntumachine/ros2_ws/install/uuv_world_ros_plugins/include/uuv_world_ros_plugins/UnderwaterCurrentROSPlugin.h
-- Up-to-date: /home/osansubuntumachine/ros2_ws/install/uuv_world_ros_plugins/share/uuv_world_ros_plugins/environment/library_path.sh
-- Up-to-date: /home/osansubuntumachine/ros2_ws/install/uuv_world_ros_plugins/share/uuv_world_ros_plugins/environment/library_path.dsv
-- Up-to-date: /home/osansubuntumachine/ros2_ws/install/uuv_world_ros_plugins/share/ament_index/resource_index/package_run_dependencies/uuv_world_ros_plugins
-- Up-to-date: /home/osansubuntumachine/ros2_ws/install/uuv_world_ros_plugins/share/ament_index/resource_index/parent_prefix_path/uuv_world_ros_plugins
-- Up-to-date: /home/osansubuntumachine/ros2_ws/install/uuv_world_ros_plugins/share/uuv_world_ros_plugins/environment/ament_prefix_path.sh
-- Up-to-date: /home/osansubuntumachine/ros2_ws/install/uuv_world_ros_plugins/share/uuv_world_ros_plugins/environment/ament_prefix_path.dsv
-- Up-to-date: /home/osansubuntumachine/ros2_ws/install/uuv_world_ros_plugins/share/uuv_world_ros_plugins/environment/path.sh
-- Up-to-date: /home/osansubuntumachine/ros2_ws/install/uuv_world_ros_plugins/share/uuv_world_ros_plugins/environment/path.dsv
-- Up-to-date: /home/osansubuntumachine/ros2_ws/install/uuv_world_ros_plugins/share/uuv_world_ros_plugins/local_setup.bash
-- Up-to-date: /home/osansubuntumachine/ros2_ws/install/uuv_world_ros_plugins/share/uuv_world_ros_plugins/local_setup.sh
-- Up-to-date: /home/osansubuntumachine/ros2_ws/install/uuv_world_ros_plugins/share/uuv_world_ros_plugins/local_setup.zsh
-- Up-to-date: /home/osansubuntumachine/ros2_ws/install/uuv_world_ros_plugins/share/uuv_world_ros_plugins/local_setup.dsv
-- Installing: /home/osansubuntumachine/ros2_ws/install/uuv_world_ros_plugins/share/uuv_world_ros_plugins/package.dsv
-- Up-to-date: /home/osansubuntumachine/ros2_ws/install/uuv_world_ros_plugins/share/ament_index/resource_index/packages/uuv_world_ros_plugins
-- Up-to-date: /home/osansubuntumachine/ros2_ws/install/uuv_world_ros_plugins/share/uuv_world_ros_plugins/cmake/export_uuv_underwater_current_ros_pluginExport.cmake
-- Up-to-date: /home/osansubuntumachine/ros2_ws/install/uuv_world_ros_plugins/share/uuv_world_ros_plugins/cmake/export_uuv_underwater_current_ros_pluginExport-noconfig.cmake
-- Up-to-date: /home/osansubuntumachine/ros2_ws/install/uuv_world_ros_plugins/share/uuv_world_ros_plugins/cmake/export_uuv_sc_ros_interface_pluginExport.cmake
-- Up-to-date: /home/osansubuntumachine/ros2_ws/install/uuv_world_ros_plugins/share/uuv_world_ros_plugins/cmake/export_uuv_sc_ros_interface_pluginExport-noconfig.cmake
-- Up-to-date: /home/osansubuntumachine/ros2_ws/install/uuv_world_ros_plugins/share/uuv_world_ros_plugins/cmake/ament_cmake_export_targets-extras.cmake
-- Up-to-date: /home/osansubuntumachine/ros2_ws/install/uuv_world_ros_plugins/share/uuv_world_ros_plugins/cmake/ament_cmake_export_dependencies-extras.cmake
-- Up-to-date: /home/osansubuntumachine/ros2_ws/install/uuv_world_ros_plugins/share/uuv_world_ros_plugins/cmake/ament_cmake_export_include_directories-extras.cmake
-- Up-to-date: /home/osansubuntumachine/ros2_ws/install/uuv_world_ros_plugins/share/uuv_world_ros_plugins/cmake/ament_cmake_export_libraries-extras.cmake
-- Up-to-date: /home/osansubuntumachine/ros2_ws/install/uuv_world_ros_plugins/share/uuv_world_ros_plugins/cmake/uuv_world_ros_pluginsConfig.cmake
-- Up-to-date: /home/osansubuntumachine/ros2_ws/install/uuv_world_ros_plugins/share/uuv_world_ros_plugins/cmake/uuv_world_ros_pluginsConfig-version.cmake
-- Up-to-date: /home/osansubuntumachine/ros2_ws/install/uuv_world_ros_plugins/share/uuv_world_ros_plugins/package.xml
