[0.224s] Invoking command in '/home/osansubuntumachine/ros2_ws/build/uuv_world_plugins': CMAKE_PREFIX_PATH=/opt/ros/foxy /usr/bin/cmake --build /home/osansubuntumachine/ros2_ws/build/uuv_world_plugins -- -j4 -l4
[0.750s] [100%] Built target uuv_underwater_current_plugin
[0.825s] Invoked command in '/home/osansubuntumachine/ros2_ws/build/uuv_world_plugins' returned '0': CMAKE_PREFIX_PATH=/opt/ros/foxy /usr/bin/cmake --build /home/osansubuntumachine/ros2_ws/build/uuv_world_plugins -- -j4 -l4
[0.827s] Invoking command in '/home/osansubuntumachine/ros2_ws/build/uuv_world_plugins': CMAKE_PREFIX_PATH=/opt/ros/foxy /usr/bin/cmake --install /home/osansubuntumachine/ros2_ws/build/uuv_world_plugins
[0.872s] -- Install configuration: ""
[0.873s] -- Up-to-date: /home/osansubuntumachine/ros2_ws/install/uuv_world_plugins/lib/libuuv_underwater_current_plugin.so
[0.892s] -- Up-to-date: /home/osansubuntumachine/ros2_ws/install/uuv_world_plugins/include/uuv_world_plugins
[0.892s] -- Up-to-date: /home/osansubuntumachine/ros2_ws/install/uuv_world_plugins/include/uuv_world_plugins/GaussMarkovProcess.h
[0.892s] -- Up-to-date: /home/osansubuntumachine/ros2_ws/install/uuv_world_plugins/include/uuv_world_plugins/UnderwaterCurrentPlugin.h
[0.893s] -- Up-to-date: /home/osansubuntumachine/ros2_ws/install/uuv_world_plugins/share/uuv_world_plugins/environment/library_path.sh
[0.893s] -- Up-to-date: /home/osansubuntumachine/ros2_ws/install/uuv_world_plugins/share/uuv_world_plugins/environment/library_path.dsv
[0.893s] -- Up-to-date: /home/osansubuntumachine/ros2_ws/install/uuv_world_plugins/share/ament_index/resource_index/package_run_dependencies/uuv_world_plugins
[0.893s] -- Up-to-date: /home/osansubuntumachine/ros2_ws/install/uuv_world_plugins/share/ament_index/resource_index/parent_prefix_path/uuv_world_plugins
[0.893s] -- Up-to-date: /home/osansubuntumachine/ros2_ws/install/uuv_world_plugins/share/uuv_world_plugins/environment/ament_prefix_path.sh
[0.893s] -- Up-to-date: /home/osansubuntumachine/ros2_ws/install/uuv_world_plugins/share/uuv_world_plugins/environment/ament_prefix_path.dsv
[0.893s] -- Up-to-date: /home/osansubuntumachine/ros2_ws/install/uuv_world_plugins/share/uuv_world_plugins/environment/path.sh
[0.894s] -- Up-to-date: /home/osansubuntumachine/ros2_ws/install/uuv_world_plugins/share/uuv_world_plugins/environment/path.dsv
[0.894s] -- Up-to-date: /home/osansubuntumachine/ros2_ws/install/uuv_world_plugins/share/uuv_world_plugins/local_setup.bash
[0.894s] -- Up-to-date: /home/osansubuntumachine/ros2_ws/install/uuv_world_plugins/share/uuv_world_plugins/local_setup.sh
[0.894s] -- Up-to-date: /home/osansubuntumachine/ros2_ws/install/uuv_world_plugins/share/uuv_world_plugins/local_setup.zsh
[0.894s] -- Up-to-date: /home/osansubuntumachine/ros2_ws/install/uuv_world_plugins/share/uuv_world_plugins/local_setup.dsv
[0.894s] -- Installing: /home/osansubuntumachine/ros2_ws/install/uuv_world_plugins/share/uuv_world_plugins/package.dsv
[0.895s] -- Up-to-date: /home/osansubuntumachine/ros2_ws/install/uuv_world_plugins/share/ament_index/resource_index/packages/uuv_world_plugins
[0.895s] -- Up-to-date: /home/osansubuntumachine/ros2_ws/install/uuv_world_plugins/share/uuv_world_plugins/cmake/ament_cmake_export_dependencies-extras.cmake
[0.895s] -- Up-to-date: /home/osansubuntumachine/ros2_ws/install/uuv_world_plugins/share/uuv_world_plugins/cmake/ament_cmake_export_include_directories-extras.cmake
[0.895s] -- Up-to-date: /home/osansubuntumachine/ros2_ws/install/uuv_world_plugins/share/uuv_world_plugins/cmake/ament_cmake_export_libraries-extras.cmake
[0.895s] -- Up-to-date: /home/osansubuntumachine/ros2_ws/install/uuv_world_plugins/share/uuv_world_plugins/cmake/uuv_world_pluginsConfig.cmake
[0.895s] -- Up-to-date: /home/osansubuntumachine/ros2_ws/install/uuv_world_plugins/share/uuv_world_plugins/cmake/uuv_world_pluginsConfig-version.cmake
[0.901s] -- Up-to-date: /home/osansubuntumachine/ros2_ws/install/uuv_world_plugins/share/uuv_world_plugins/package.xml
[0.912s] Invoked command in '/home/osansubuntumachine/ros2_ws/build/uuv_world_plugins' returned '0': CMAKE_PREFIX_PATH=/opt/ros/foxy /usr/bin/cmake --install /home/osansubuntumachine/ros2_ws/build/uuv_world_plugins
