-- Install configuration: ""
-- Up-to-date: /home/osansubuntumachine/ros2_ws/install/uuv_gazebo_worlds/share/uuv_gazebo_worlds/config
-- Up-to-date: /home/osansubuntumachine/ros2_ws/install/uuv_gazebo_worlds/share/uuv_gazebo_worlds/config/empty_uw_world.yaml
-- Up-to-date: /home/osansubuntumachine/ros2_ws/install/uuv_gazebo_worlds/share/uuv_gazebo_worlds/config/auv_underwater_world.yaml
-- Up-to-date: /home/osansubuntumachine/ros2_ws/install/uuv_gazebo_worlds/share/uuv_gazebo_worlds/config/mangalia.yaml
-- Up-to-date: /home/osansubuntumachine/ros2_ws/install/uuv_gazebo_worlds/share/uuv_gazebo_worlds/config/herkules_ship_wreck.yaml
-- Up-to-date: /home/osansubuntumachine/ros2_ws/install/uuv_gazebo_worlds/share/uuv_gazebo_worlds/config/munkholmen.yaml
-- Up-to-date: /home/osansubuntumachine/ros2_ws/install/uuv_gazebo_worlds/share/uuv_gazebo_worlds/config/ocean_waves.yaml
-- Up-to-date: /home/osansubuntumachine/ros2_ws/install/uuv_gazebo_worlds/share/uuv_gazebo_worlds/config/lake.yaml
-- Up-to-date: /home/osansubuntumachine/ros2_ws/install/uuv_gazebo_worlds/share/uuv_gazebo_worlds/launch
-- Up-to-date: /home/osansubuntumachine/ros2_ws/install/uuv_gazebo_worlds/share/uuv_gazebo_worlds/launch/empty_underwater_world.launch
-- Up-to-date: /home/osansubuntumachine/ros2_ws/install/uuv_gazebo_worlds/share/uuv_gazebo_worlds/launch/lake.launch
-- Up-to-date: /home/osansubuntumachine/ros2_ws/install/uuv_gazebo_worlds/share/uuv_gazebo_worlds/launch/munkholmen.launch
-- Up-to-date: /home/osansubuntumachine/ros2_ws/install/uuv_gazebo_worlds/share/uuv_gazebo_worlds/launch/mangalia_manipulation.launch
-- Up-to-date: /home/osansubuntumachine/ros2_ws/install/uuv_gazebo_worlds/share/uuv_gazebo_worlds/launch/herkules_ship_wreck.launch
-- Up-to-date: /home/osansubuntumachine/ros2_ws/install/uuv_gazebo_worlds/share/uuv_gazebo_worlds/launch/mangalia.launch
-- Up-to-date: /home/osansubuntumachine/ros2_ws/install/uuv_gazebo_worlds/share/uuv_gazebo_worlds/launch/rov_bop_panel.launch
-- Up-to-date: /home/osansubuntumachine/ros2_ws/install/uuv_gazebo_worlds/share/uuv_gazebo_worlds/launch/ocean_waves.launch
-- Up-to-date: /home/osansubuntumachine/ros2_ws/install/uuv_gazebo_worlds/share/uuv_gazebo_worlds/launch/auv_underwater_world.launch
-- Up-to-date: /home/osansubuntumachine/ros2_ws/install/uuv_gazebo_worlds/share/uuv_gazebo_worlds/launch/subsea_bop_panel.launch
-- Up-to-date: /home/osansubuntumachine/ros2_ws/install/uuv_gazebo_worlds/share/uuv_gazebo_worlds/media
-- Up-to-date: /home/osansubuntumachine/ros2_ws/install/uuv_gazebo_worlds/share/uuv_gazebo_worlds/media/models
-- Up-to-date: /home/osansubuntumachine/ros2_ws/install/uuv_gazebo_worlds/share/uuv_gazebo_worlds/media/models/sea_surface_1000m_x_1000m.dae
-- Up-to-date: /home/osansubuntumachine/ros2_ws/install/uuv_gazebo_worlds/share/uuv_gazebo_worlds/media/materials
-- Up-to-date: /home/osansubuntumachine/ros2_ws/install/uuv_gazebo_worlds/share/uuv_gazebo_worlds/media/materials/textures
-- Up-to-date: /home/osansubuntumachine/ros2_ws/install/uuv_gazebo_worlds/share/uuv_gazebo_worlds/media/materials/textures/fiducials
-- Up-to-date: /home/osansubuntumachine/ros2_ws/install/uuv_gazebo_worlds/share/uuv_gazebo_worlds/media/materials/textures/fiducials/License and source for textures.txt
-- Up-to-date: /home/osansubuntumachine/ros2_ws/install/uuv_gazebo_worlds/share/uuv_gazebo_worlds/media/materials/textures/fiducials/aruco_5.png
-- Up-to-date: /home/osansubuntumachine/ros2_ws/install/uuv_gazebo_worlds/share/uuv_gazebo_worlds/media/materials/textures/fiducials/aruco_4.png
-- Up-to-date: /home/osansubuntumachine/ros2_ws/install/uuv_gazebo_worlds/share/uuv_gazebo_worlds/media/materials/textures/fiducials/aruco_3.png
-- Up-to-date: /home/osansubuntumachine/ros2_ws/install/uuv_gazebo_worlds/share/uuv_gazebo_worlds/media/materials/textures/fiducials/aruco_1.png
-- Up-to-date: /home/osansubuntumachine/ros2_ws/install/uuv_gazebo_worlds/share/uuv_gazebo_worlds/media/materials/textures/fiducials/aruco_2.png
-- Up-to-date: /home/osansubuntumachine/ros2_ws/install/uuv_gazebo_worlds/share/uuv_gazebo_worlds/media/materials/textures/clouds_lf.jpg
-- Up-to-date: /home/osansubuntumachine/ros2_ws/install/uuv_gazebo_worlds/share/uuv_gazebo_worlds/media/materials/textures/License and source for textures.txt
-- Up-to-date: /home/osansubuntumachine/ros2_ws/install/uuv_gazebo_worlds/share/uuv_gazebo_worlds/media/materials/textures/water_water_0046_01.jpg
-- Up-to-date: /home/osansubuntumachine/ros2_ws/install/uuv_gazebo_worlds/share/uuv_gazebo_worlds/media/materials/textures/water_water_0076_03_s.jpg
-- Up-to-date: /home/osansubuntumachine/ros2_ws/install/uuv_gazebo_worlds/share/uuv_gazebo_worlds/media/materials/textures/clouds_bk.jpg
-- Up-to-date: /home/osansubuntumachine/ros2_ws/install/uuv_gazebo_worlds/share/uuv_gazebo_worlds/media/materials/textures/soil_sand_0045_01.jpg
-- Up-to-date: /home/osansubuntumachine/ros2_ws/install/uuv_gazebo_worlds/share/uuv_gazebo_worlds/media/materials/textures/clouds_rt.jpg
-- Up-to-date: /home/osansubuntumachine/ros2_ws/install/uuv_gazebo_worlds/share/uuv_gazebo_worlds/media/materials/textures/clouds.jpg
-- Up-to-date: /home/osansubuntumachine/ros2_ws/install/uuv_gazebo_worlds/share/uuv_gazebo_worlds/media/materials/textures/water_water_0093_01.jpg
-- Up-to-date: /home/osansubuntumachine/ros2_ws/install/uuv_gazebo_worlds/share/uuv_gazebo_worlds/media/materials/textures/clouds_fr.jpg
-- Up-to-date: /home/osansubuntumachine/ros2_ws/install/uuv_gazebo_worlds/share/uuv_gazebo_worlds/media/materials/textures/clouds_dn.jpg
-- Up-to-date: /home/osansubuntumachine/ros2_ws/install/uuv_gazebo_worlds/share/uuv_gazebo_worlds/media/materials/textures/clouds_up.jpg
-- Up-to-date: /home/osansubuntumachine/ros2_ws/install/uuv_gazebo_worlds/share/uuv_gazebo_worlds/media/materials/textures/water_water_0051_01.jpg
-- Up-to-date: /home/osansubuntumachine/ros2_ws/install/uuv_gazebo_worlds/share/uuv_gazebo_worlds/media/materials/textures/wave_normals.dds
-- Up-to-date: /home/osansubuntumachine/ros2_ws/install/uuv_gazebo_worlds/share/uuv_gazebo_worlds/media/materials/scripts
-- Up-to-date: /home/osansubuntumachine/ros2_ws/install/uuv_gazebo_worlds/share/uuv_gazebo_worlds/media/materials/scripts/fiducials.material
-- Up-to-date: /home/osansubuntumachine/ros2_ws/install/uuv_gazebo_worlds/share/uuv_gazebo_worlds/media/materials/scripts/water.material
-- Up-to-date: /home/osansubuntumachine/ros2_ws/install/uuv_gazebo_worlds/share/uuv_gazebo_worlds/media/materials/scripts/waves.material
-- Up-to-date: /home/osansubuntumachine/ros2_ws/install/uuv_gazebo_worlds/share/uuv_gazebo_worlds/media/materials/scripts/sand.material
-- Up-to-date: /home/osansubuntumachine/ros2_ws/install/uuv_gazebo_worlds/share/uuv_gazebo_worlds/media/materials/programs
-- Up-to-date: /home/osansubuntumachine/ros2_ws/install/uuv_gazebo_worlds/share/uuv_gazebo_worlds/media/materials/programs/SimpleWaves.vert
-- Up-to-date: /home/osansubuntumachine/ros2_ws/install/uuv_gazebo_worlds/share/uuv_gazebo_worlds/media/materials/programs/SimpleWaves.frag
-- Up-to-date: /home/osansubuntumachine/ros2_ws/install/uuv_gazebo_worlds/share/uuv_gazebo_worlds/worlds
-- Up-to-date: /home/osansubuntumachine/ros2_ws/install/uuv_gazebo_worlds/share/uuv_gazebo_worlds/worlds/mangalia_manipulation.world
-- Up-to-date: /home/osansubuntumachine/ros2_ws/install/uuv_gazebo_worlds/share/uuv_gazebo_worlds/worlds/ocean_waves.world
-- Up-to-date: /home/osansubuntumachine/ros2_ws/install/uuv_gazebo_worlds/share/uuv_gazebo_worlds/worlds/munkholmen.world
-- Up-to-date: /home/osansubuntumachine/ros2_ws/install/uuv_gazebo_worlds/share/uuv_gazebo_worlds/worlds/subsea_bop_panel.world
-- Up-to-date: /home/osansubuntumachine/ros2_ws/install/uuv_gazebo_worlds/share/uuv_gazebo_worlds/worlds/auv_underwater_world.world
-- Up-to-date: /home/osansubuntumachine/ros2_ws/install/uuv_gazebo_worlds/share/uuv_gazebo_worlds/worlds/herkules_ship_wreck.world
-- Up-to-date: /home/osansubuntumachine/ros2_ws/install/uuv_gazebo_worlds/share/uuv_gazebo_worlds/worlds/empty_underwater.world
-- Up-to-date: /home/osansubuntumachine/ros2_ws/install/uuv_gazebo_worlds/share/uuv_gazebo_worlds/worlds/lake.world
-- Up-to-date: /home/osansubuntumachine/ros2_ws/install/uuv_gazebo_worlds/share/uuv_gazebo_worlds/worlds/underwater_heightmap.world
-- Up-to-date: /home/osansubuntumachine/ros2_ws/install/uuv_gazebo_worlds/share/uuv_gazebo_worlds/worlds/mangalia.world
-- Up-to-date: /home/osansubuntumachine/ros2_ws/install/uuv_gazebo_worlds/share/uuv_gazebo_worlds/models
-- Up-to-date: /home/osansubuntumachine/ros2_ws/install/uuv_gazebo_worlds/share/uuv_gazebo_worlds/models/april_tag_36_11_00000
-- Up-to-date: /home/osansubuntumachine/ros2_ws/install/uuv_gazebo_worlds/share/uuv_gazebo_worlds/models/april_tag_36_11_00000/model.sdf
-- Up-to-date: /home/osansubuntumachine/ros2_ws/install/uuv_gazebo_worlds/share/uuv_gazebo_worlds/models/april_tag_36_11_00000/model.config
-- Up-to-date: /home/osansubuntumachine/ros2_ws/install/uuv_gazebo_worlds/share/uuv_gazebo_worlds/models/hot_stab
-- Up-to-date: /home/osansubuntumachine/ros2_ws/install/uuv_gazebo_worlds/share/uuv_gazebo_worlds/models/hot_stab/model.sdf
-- Up-to-date: /home/osansubuntumachine/ros2_ws/install/uuv_gazebo_worlds/share/uuv_gazebo_worlds/models/hot_stab/model.config
-- Up-to-date: /home/osansubuntumachine/ros2_ws/install/uuv_gazebo_worlds/share/uuv_gazebo_worlds/models/hot_stab/meshes
-- Up-to-date: /home/osansubuntumachine/ros2_ws/install/uuv_gazebo_worlds/share/uuv_gazebo_worlds/models/hot_stab/meshes/HotStab.dae
-- Up-to-date: /home/osansubuntumachine/ros2_ws/install/uuv_gazebo_worlds/share/uuv_gazebo_worlds/models/aurora_static
-- Up-to-date: /home/osansubuntumachine/ros2_ws/install/uuv_gazebo_worlds/share/uuv_gazebo_worlds/models/aurora_static/model.sdf
-- Up-to-date: /home/osansubuntumachine/ros2_ws/install/uuv_gazebo_worlds/share/uuv_gazebo_worlds/models/aurora_static/model.config
-- Up-to-date: /home/osansubuntumachine/ros2_ws/install/uuv_gazebo_worlds/share/uuv_gazebo_worlds/models/aurora_static/meshes
-- Up-to-date: /home/osansubuntumachine/ros2_ws/install/uuv_gazebo_worlds/share/uuv_gazebo_worlds/models/aurora_static/meshes/aurora.dae
-- Up-to-date: /home/osansubuntumachine/ros2_ws/install/uuv_gazebo_worlds/share/uuv_gazebo_worlds/models/aurora_static/meshes/aurora_collision.stl
-- Up-to-date: /home/osansubuntumachine/ros2_ws/install/uuv_gazebo_worlds/share/uuv_gazebo_worlds/models/herkules_ship_wreck
-- Up-to-date: /home/osansubuntumachine/ros2_ws/install/uuv_gazebo_worlds/share/uuv_gazebo_worlds/models/herkules_ship_wreck/model.sdf
-- Up-to-date: /home/osansubuntumachine/ros2_ws/install/uuv_gazebo_worlds/share/uuv_gazebo_worlds/models/herkules_ship_wreck/model.config
-- Up-to-date: /home/osansubuntumachine/ros2_ws/install/uuv_gazebo_worlds/share/uuv_gazebo_worlds/models/herkules_ship_wreck/meshes
-- Up-to-date: /home/osansubuntumachine/ros2_ws/install/uuv_gazebo_worlds/share/uuv_gazebo_worlds/models/herkules_ship_wreck/meshes/herkules.dae
-- Up-to-date: /home/osansubuntumachine/ros2_ws/install/uuv_gazebo_worlds/share/uuv_gazebo_worlds/models/ocean_box
-- Up-to-date: /home/osansubuntumachine/ros2_ws/install/uuv_gazebo_worlds/share/uuv_gazebo_worlds/models/ocean_box/model.sdf
-- Up-to-date: /home/osansubuntumachine/ros2_ws/install/uuv_gazebo_worlds/share/uuv_gazebo_worlds/models/ocean_box/model.config
-- Up-to-date: /home/osansubuntumachine/ros2_ws/install/uuv_gazebo_worlds/share/uuv_gazebo_worlds/models/munkholmen
-- Up-to-date: /home/osansubuntumachine/ros2_ws/install/uuv_gazebo_worlds/share/uuv_gazebo_worlds/models/munkholmen/model.sdf
-- Up-to-date: /home/osansubuntumachine/ros2_ws/install/uuv_gazebo_worlds/share/uuv_gazebo_worlds/models/munkholmen/model.config
-- Up-to-date: /home/osansubuntumachine/ros2_ws/install/uuv_gazebo_worlds/share/uuv_gazebo_worlds/models/munkholmen/meshes
-- Up-to-date: /home/osansubuntumachine/ros2_ws/install/uuv_gazebo_worlds/share/uuv_gazebo_worlds/models/munkholmen/meshes/munkholmen.dae
-- Up-to-date: /home/osansubuntumachine/ros2_ws/install/uuv_gazebo_worlds/share/uuv_gazebo_worlds/models/lake
-- Up-to-date: /home/osansubuntumachine/ros2_ws/install/uuv_gazebo_worlds/share/uuv_gazebo_worlds/models/lake/model.sdf
-- Up-to-date: /home/osansubuntumachine/ros2_ws/install/uuv_gazebo_worlds/share/uuv_gazebo_worlds/models/lake/model.config
-- Up-to-date: /home/osansubuntumachine/ros2_ws/install/uuv_gazebo_worlds/share/uuv_gazebo_worlds/models/lake/meshes
-- Up-to-date: /home/osansubuntumachine/ros2_ws/install/uuv_gazebo_worlds/share/uuv_gazebo_worlds/models/lake/meshes/WaterSurface.dae
-- Up-to-date: /home/osansubuntumachine/ros2_ws/install/uuv_gazebo_worlds/share/uuv_gazebo_worlds/models/lake/meshes/LakeBottom.dae
-- Up-to-date: /home/osansubuntumachine/ros2_ws/install/uuv_gazebo_worlds/share/uuv_gazebo_worlds/models/tree
-- Up-to-date: /home/osansubuntumachine/ros2_ws/install/uuv_gazebo_worlds/share/uuv_gazebo_worlds/models/tree/model.sdf
-- Up-to-date: /home/osansubuntumachine/ros2_ws/install/uuv_gazebo_worlds/share/uuv_gazebo_worlds/models/tree/model.config
-- Up-to-date: /home/osansubuntumachine/ros2_ws/install/uuv_gazebo_worlds/share/uuv_gazebo_worlds/models/tree/meshes
-- Up-to-date: /home/osansubuntumachine/ros2_ws/install/uuv_gazebo_worlds/share/uuv_gazebo_worlds/models/tree/meshes/Tree.dae
-- Up-to-date: /home/osansubuntumachine/ros2_ws/install/uuv_gazebo_worlds/share/uuv_gazebo_worlds/models/bop_panel
-- Up-to-date: /home/osansubuntumachine/ros2_ws/install/uuv_gazebo_worlds/share/uuv_gazebo_worlds/models/bop_panel/model.sdf
-- Up-to-date: /home/osansubuntumachine/ros2_ws/install/uuv_gazebo_worlds/share/uuv_gazebo_worlds/models/bop_panel/model.config
-- Up-to-date: /home/osansubuntumachine/ros2_ws/install/uuv_gazebo_worlds/share/uuv_gazebo_worlds/models/bop_panel/meshes
-- Up-to-date: /home/osansubuntumachine/ros2_ws/install/uuv_gazebo_worlds/share/uuv_gazebo_worlds/models/bop_panel/meshes/VentilBlock.obj
-- Up-to-date: /home/osansubuntumachine/ros2_ws/install/uuv_gazebo_worlds/share/uuv_gazebo_worlds/models/bop_panel/meshes/VentilBlock.stl
-- Up-to-date: /home/osansubuntumachine/ros2_ws/install/uuv_gazebo_worlds/share/uuv_gazebo_worlds/models/bop_panel/meshes/Valve.dae
-- Up-to-date: /home/osansubuntumachine/ros2_ws/install/uuv_gazebo_worlds/share/uuv_gazebo_worlds/models/bop_panel/meshes/VentilBlock.mtl
-- Up-to-date: /home/osansubuntumachine/ros2_ws/install/uuv_gazebo_worlds/share/uuv_gazebo_worlds/models/herkules_seabed
-- Up-to-date: /home/osansubuntumachine/ros2_ws/install/uuv_gazebo_worlds/share/uuv_gazebo_worlds/models/herkules_seabed/model.sdf
-- Up-to-date: /home/osansubuntumachine/ros2_ws/install/uuv_gazebo_worlds/share/uuv_gazebo_worlds/models/herkules_seabed/model.config
-- Up-to-date: /home/osansubuntumachine/ros2_ws/install/uuv_gazebo_worlds/share/uuv_gazebo_worlds/models/herkules_seabed/meshes
-- Up-to-date: /home/osansubuntumachine/ros2_ws/install/uuv_gazebo_worlds/share/uuv_gazebo_worlds/models/herkules_seabed/meshes/herkules_seabed.dae
-- Up-to-date: /home/osansubuntumachine/ros2_ws/install/uuv_gazebo_worlds/share/uuv_gazebo_worlds/models/mangalia
-- Up-to-date: /home/osansubuntumachine/ros2_ws/install/uuv_gazebo_worlds/share/uuv_gazebo_worlds/models/mangalia/model.sdf
-- Up-to-date: /home/osansubuntumachine/ros2_ws/install/uuv_gazebo_worlds/share/uuv_gazebo_worlds/models/mangalia/model.config
-- Up-to-date: /home/osansubuntumachine/ros2_ws/install/uuv_gazebo_worlds/share/uuv_gazebo_worlds/models/mangalia/meshes
-- Up-to-date: /home/osansubuntumachine/ros2_ws/install/uuv_gazebo_worlds/share/uuv_gazebo_worlds/models/mangalia/meshes/License and source for textures.txt
-- Up-to-date: /home/osansubuntumachine/ros2_ws/install/uuv_gazebo_worlds/share/uuv_gazebo_worlds/models/mangalia/meshes/170427_Seabed8_textured.blend
-- Up-to-date: /home/osansubuntumachine/ros2_ws/install/uuv_gazebo_worlds/share/uuv_gazebo_worlds/models/mangalia/meshes/170427_Seabed8_textured.dae
-- Up-to-date: /home/osansubuntumachine/ros2_ws/install/uuv_gazebo_worlds/share/uuv_gazebo_worlds/models/mangalia/meshes/grass_grass_0101_02_tiled_s.jpg
-- Up-to-date: /home/osansubuntumachine/ros2_ws/install/uuv_gazebo_worlds/share/uuv_gazebo_worlds/models/mangalia/meshes/MangaliaTerrain.dae
-- Up-to-date: /home/osansubuntumachine/ros2_ws/install/uuv_gazebo_worlds/share/uuv_gazebo_worlds/models/mangalia/meshes/ground_stone_ground_0029_02_tiled_s.jpg
-- Up-to-date: /home/osansubuntumachine/ros2_ws/install/uuv_gazebo_worlds/share/uuv_gazebo_worlds/models/sea_bottom
-- Up-to-date: /home/osansubuntumachine/ros2_ws/install/uuv_gazebo_worlds/share/uuv_gazebo_worlds/models/sea_bottom/model.sdf
-- Up-to-date: /home/osansubuntumachine/ros2_ws/install/uuv_gazebo_worlds/share/uuv_gazebo_worlds/models/sea_bottom/model.config
-- Up-to-date: /home/osansubuntumachine/ros2_ws/install/uuv_gazebo_worlds/share/uuv_gazebo_worlds/models/ocean
-- Up-to-date: /home/osansubuntumachine/ros2_ws/install/uuv_gazebo_worlds/share/uuv_gazebo_worlds/models/ocean/model.sdf
-- Up-to-date: /home/osansubuntumachine/ros2_ws/install/uuv_gazebo_worlds/share/uuv_gazebo_worlds/models/ocean/model.config
-- Up-to-date: /home/osansubuntumachine/ros2_ws/install/uuv_gazebo_worlds/share/uuv_gazebo_worlds/models/ned_frame
-- Up-to-date: /home/osansubuntumachine/ros2_ws/install/uuv_gazebo_worlds/share/uuv_gazebo_worlds/models/ned_frame/model.sdf
-- Up-to-date: /home/osansubuntumachine/ros2_ws/install/uuv_gazebo_worlds/share/uuv_gazebo_worlds/models/ned_frame/model.config
-- Up-to-date: /home/osansubuntumachine/ros2_ws/install/uuv_gazebo_worlds/share/uuv_gazebo_worlds/models/t_bar_fork_tool
-- Up-to-date: /home/osansubuntumachine/ros2_ws/install/uuv_gazebo_worlds/share/uuv_gazebo_worlds/models/t_bar_fork_tool/model.sdf
-- Up-to-date: /home/osansubuntumachine/ros2_ws/install/uuv_gazebo_worlds/share/uuv_gazebo_worlds/models/t_bar_fork_tool/model.config
-- Up-to-date: /home/osansubuntumachine/ros2_ws/install/uuv_gazebo_worlds/share/uuv_gazebo_worlds/models/t_bar_fork_tool/meshes
-- Up-to-date: /home/osansubuntumachine/ros2_ws/install/uuv_gazebo_worlds/share/uuv_gazebo_worlds/models/t_bar_fork_tool/meshes/TBarForkTool.dae
-- Up-to-date: /home/osansubuntumachine/ros2_ws/install/uuv_gazebo_worlds/share/uuv_gazebo_worlds/models/umbilical
-- Up-to-date: /home/osansubuntumachine/ros2_ws/install/uuv_gazebo_worlds/share/uuv_gazebo_worlds/models/umbilical/model.sdf
-- Up-to-date: /home/osansubuntumachine/ros2_ws/install/uuv_gazebo_worlds/share/uuv_gazebo_worlds/models/umbilical/model.config
-- Up-to-date: /home/osansubuntumachine/ros2_ws/install/uuv_gazebo_worlds/share/uuv_gazebo_worlds/models/rov_bop_panel
-- Up-to-date: /home/osansubuntumachine/ros2_ws/install/uuv_gazebo_worlds/share/uuv_gazebo_worlds/models/rov_bop_panel/model.sdf
-- Up-to-date: /home/osansubuntumachine/ros2_ws/install/uuv_gazebo_worlds/share/uuv_gazebo_worlds/models/rov_bop_panel/model.config
-- Up-to-date: /home/osansubuntumachine/ros2_ws/install/uuv_gazebo_worlds/share/uuv_gazebo_worlds/models/rov_bop_panel/meshes
-- Up-to-date: /home/osansubuntumachine/ros2_ws/install/uuv_gazebo_worlds/share/uuv_gazebo_worlds/models/rov_bop_panel/meshes/License and source texture.txt
-- Up-to-date: /home/osansubuntumachine/ros2_ws/install/uuv_gazebo_worlds/share/uuv_gazebo_worlds/models/rov_bop_panel/meshes/metal_bare_0045_01.jpg
-- Up-to-date: /home/osansubuntumachine/ros2_ws/install/uuv_gazebo_worlds/share/uuv_gazebo_worlds/models/rov_bop_panel/meshes/SmallValve.dae
-- Up-to-date: /home/osansubuntumachine/ros2_ws/install/uuv_gazebo_worlds/share/uuv_gazebo_worlds/models/rov_bop_panel/meshes/Valve.dae
-- Up-to-date: /home/osansubuntumachine/ros2_ws/install/uuv_gazebo_worlds/share/uuv_gazebo_worlds/models/rov_bop_panel/meshes/BOP_Panel.dae
-- Up-to-date: /home/osansubuntumachine/ros2_ws/install/uuv_gazebo_worlds/share/uuv_gazebo_worlds/models/sand_heightmap
-- Up-to-date: /home/osansubuntumachine/ros2_ws/install/uuv_gazebo_worlds/share/uuv_gazebo_worlds/models/sand_heightmap/model.sdf
-- Up-to-date: /home/osansubuntumachine/ros2_ws/install/uuv_gazebo_worlds/share/uuv_gazebo_worlds/models/sand_heightmap/model.config
-- Up-to-date: /home/osansubuntumachine/ros2_ws/install/uuv_gazebo_worlds/share/uuv_gazebo_worlds/models/sand_heightmap/meshes
-- Up-to-date: /home/osansubuntumachine/ros2_ws/install/uuv_gazebo_worlds/share/uuv_gazebo_worlds/models/sand_heightmap/meshes/License and source for textures.txt
-- Up-to-date: /home/osansubuntumachine/ros2_ws/install/uuv_gazebo_worlds/share/uuv_gazebo_worlds/models/sand_heightmap/meshes/soil_sand_0045_01.jpg
-- Up-to-date: /home/osansubuntumachine/ros2_ws/install/uuv_gazebo_worlds/share/uuv_gazebo_worlds/models/sand_heightmap/meshes/heightmap.dae
-- Up-to-date: /home/osansubuntumachine/ros2_ws/install/uuv_gazebo_worlds/share/uuv_gazebo_worlds/models/torque_tool
-- Up-to-date: /home/osansubuntumachine/ros2_ws/install/uuv_gazebo_worlds/share/uuv_gazebo_worlds/models/torque_tool/model.sdf
-- Up-to-date: /home/osansubuntumachine/ros2_ws/install/uuv_gazebo_worlds/share/uuv_gazebo_worlds/models/torque_tool/model.config
-- Up-to-date: /home/osansubuntumachine/ros2_ws/install/uuv_gazebo_worlds/share/uuv_gazebo_worlds/models/torque_tool/meshes
-- Up-to-date: /home/osansubuntumachine/ros2_ws/install/uuv_gazebo_worlds/share/uuv_gazebo_worlds/models/torque_tool/meshes/TorqueTool.dae
-- Up-to-date: /home/osansubuntumachine/ros2_ws/install/uuv_gazebo_worlds/share/uuv_gazebo_worlds/models/munkholmen_seabed
-- Up-to-date: /home/osansubuntumachine/ros2_ws/install/uuv_gazebo_worlds/share/uuv_gazebo_worlds/models/munkholmen_seabed/model.sdf
-- Up-to-date: /home/osansubuntumachine/ros2_ws/install/uuv_gazebo_worlds/share/uuv_gazebo_worlds/models/munkholmen_seabed/model.config
-- Up-to-date: /home/osansubuntumachine/ros2_ws/install/uuv_gazebo_worlds/share/uuv_gazebo_worlds/models/munkholmen_seabed/meshes
-- Up-to-date: /home/osansubuntumachine/ros2_ws/install/uuv_gazebo_worlds/share/uuv_gazebo_worlds/models/munkholmen_seabed/meshes/seabed.dae
-- Up-to-date: /home/osansubuntumachine/ros2_ws/install/uuv_gazebo_worlds/share/uuv_gazebo_worlds/models/sea_surface
-- Up-to-date: /home/osansubuntumachine/ros2_ws/install/uuv_gazebo_worlds/share/uuv_gazebo_worlds/models/sea_surface/model.sdf
-- Up-to-date: /home/osansubuntumachine/ros2_ws/install/uuv_gazebo_worlds/share/uuv_gazebo_worlds/models/sea_surface/model.config
-- Up-to-date: /home/osansubuntumachine/ros2_ws/install/uuv_gazebo_worlds/share/ament_index/resource_index/package_run_dependencies/uuv_gazebo_worlds
-- Up-to-date: /home/osansubuntumachine/ros2_ws/install/uuv_gazebo_worlds/share/ament_index/resource_index/parent_prefix_path/uuv_gazebo_worlds
-- Up-to-date: /home/osansubuntumachine/ros2_ws/install/uuv_gazebo_worlds/share/uuv_gazebo_worlds/environment/ament_prefix_path.sh
-- Up-to-date: /home/osansubuntumachine/ros2_ws/install/uuv_gazebo_worlds/share/uuv_gazebo_worlds/environment/ament_prefix_path.dsv
-- Up-to-date: /home/osansubuntumachine/ros2_ws/install/uuv_gazebo_worlds/share/uuv_gazebo_worlds/environment/path.sh
-- Up-to-date: /home/osansubuntumachine/ros2_ws/install/uuv_gazebo_worlds/share/uuv_gazebo_worlds/environment/path.dsv
-- Up-to-date: /home/osansubuntumachine/ros2_ws/install/uuv_gazebo_worlds/share/uuv_gazebo_worlds/local_setup.bash
-- Up-to-date: /home/osansubuntumachine/ros2_ws/install/uuv_gazebo_worlds/share/uuv_gazebo_worlds/local_setup.sh
-- Up-to-date: /home/osansubuntumachine/ros2_ws/install/uuv_gazebo_worlds/share/uuv_gazebo_worlds/local_setup.zsh
-- Up-to-date: /home/osansubuntumachine/ros2_ws/install/uuv_gazebo_worlds/share/uuv_gazebo_worlds/local_setup.dsv
-- Installing: /home/osansubuntumachine/ros2_ws/install/uuv_gazebo_worlds/share/uuv_gazebo_worlds/package.dsv
-- Up-to-date: /home/osansubuntumachine/ros2_ws/install/uuv_gazebo_worlds/share/ament_index/resource_index/packages/uuv_gazebo_worlds
-- Up-to-date: /home/osansubuntumachine/ros2_ws/install/uuv_gazebo_worlds/share/uuv_gazebo_worlds/cmake/uuv_gazebo_worldsConfig.cmake
-- Up-to-date: /home/osansubuntumachine/ros2_ws/install/uuv_gazebo_worlds/share/uuv_gazebo_worlds/cmake/uuv_gazebo_worldsConfig-version.cmake
-- Up-to-date: /home/osansubuntumachine/ros2_ws/install/uuv_gazebo_worlds/share/uuv_gazebo_worlds/package.xml
