[0.019s] Invoking command in '/home/osansubuntumachine/ros2_ws/build/rexrov_interfaces': CMAKE_PREFIX_PATH=/opt/ros/foxy /usr/bin/cmake /home/osansubuntumachine/ros2_ws/src/rexrov_interfaces -DCMAKE_INSTALL_PREFIX=/home/osansubuntumachine/ros2_ws/install/rexrov_interfaces
[0.094s] -- The C compiler identification is GNU 9.4.0
[0.148s] -- The CXX compiler identification is GNU 9.4.0
[0.151s] -- Check for working C compiler: /usr/bin/cc
[0.263s] -- Check for working C compiler: /usr/bin/cc -- works
[0.264s] -- Detecting C compiler ABI info
[0.321s] -- Detecting C compiler ABI info - done
[0.328s] -- Detecting C compile features
[0.328s] -- Detecting C compile features - done
[0.330s] -- Check for working CXX compiler: /usr/bin/c++
[0.399s] -- Check for working CXX compiler: /usr/bin/c++ -- works
[0.399s] -- Detecting CXX compiler ABI info
[0.466s] -- Detecting CXX compiler ABI info - done
[0.472s] -- Detecting CXX compile features
[0.473s] -- Detecting CXX compile features - done
[0.477s] -- Found ament_cmake: 0.9.12 (/opt/ros/foxy/share/ament_cmake/cmake)
[0.493s] -- Found PythonInterp: /usr/bin/python3 (found suitable version "3.8.10", minimum required is "3") 
[0.493s] -- Using PYTHON_EXECUTABLE: /usr/bin/python3
[0.625s] -- Found rosidl_default_generators: 1.0.1 (/opt/ros/foxy/share/rosidl_default_generators/cmake)
[0.628s] -- Using all available rosidl_typesupport_c: rosidl_typesupport_fastrtps_c;rosidl_typesupport_introspection_c
[0.632s] -- Found rosidl_adapter: 1.3.1 (/opt/ros/foxy/share/rosidl_adapter/cmake)
[0.710s] -- Found OpenSSL: /usr/lib/x86_64-linux-gnu/libcrypto.so (found version "1.1.1f")  
[0.729s] -- Found FastRTPS: /opt/ros/foxy/include  
[0.783s] -- Using all available rosidl_typesupport_cpp: rosidl_typesupport_fastrtps_cpp;rosidl_typesupport_introspection_cpp
[0.816s] -- Found PythonInterp: /usr/bin/python3 (found version "3.8.10") 
[0.924s] -- Found ament_cmake_ros: 0.9.2 (/opt/ros/foxy/share/ament_cmake_ros/cmake)
[1.032s] -- Using all available rosidl_typesupport_c: rosidl_typesupport_fastrtps_c;rosidl_typesupport_introspection_c
[1.040s] -- Using all available rosidl_typesupport_cpp: rosidl_typesupport_fastrtps_cpp;rosidl_typesupport_introspection_cpp
[1.057s] -- Found PythonInterp: /usr/bin/python3 (found suitable version "3.8.10", minimum required is "3.5") 
[1.058s] -- Found python_cmake_module: 0.8.1 (/opt/ros/foxy/share/python_cmake_module/cmake)
[1.079s] -- Found PythonLibs: /usr/lib/x86_64-linux-gnu/libpython3.8.so (found suitable version "3.8.10", minimum required is "3.5") 
[1.079s] -- Using PYTHON_EXECUTABLE: /usr/bin/python3
[1.079s] -- Using PYTHON_INCLUDE_DIRS: /usr/include/python3.8
[1.079s] -- Using PYTHON_LIBRARIES: /usr/lib/x86_64-linux-gnu/libpython3.8.so
[1.094s] -- Found PythonExtra: .so  
[1.132s] -- Configuring done
[1.177s] -- Generating done
[1.187s] -- Build files have been written to: /home/osansubuntumachine/ros2_ws/build/rexrov_interfaces
[1.194s] Invoked command in '/home/osansubuntumachine/ros2_ws/build/rexrov_interfaces' returned '0': CMAKE_PREFIX_PATH=/opt/ros/foxy /usr/bin/cmake /home/osansubuntumachine/ros2_ws/src/rexrov_interfaces -DCMAKE_INSTALL_PREFIX=/home/osansubuntumachine/ros2_ws/install/rexrov_interfaces
[1.195s] Invoking command in '/home/osansubuntumachine/ros2_ws/build/rexrov_interfaces': CMAKE_PREFIX_PATH=/opt/ros/foxy /usr/bin/cmake --build /home/osansubuntumachine/ros2_ws/build/rexrov_interfaces -- -j4 -l4
[1.225s] [  3%] [34m[1mGenerating C code for ROS interfaces[0m
[1.226s] [35m[1mScanning dependencies of target rexrov_interfaces__cpp[0m
[1.293s] [  6%] [34m[1mGenerating C++ code for ROS interfaces[0m
[1.406s] [35m[1mScanning dependencies of target rexrov_interfaces__rosidl_generator_c[0m
[1.417s] [  9%] [32mBuilding C object CMakeFiles/rexrov_interfaces__rosidl_generator_c.dir/rosidl_generator_c/rexrov_interfaces/msg/detail/gate_detection__functions.c.o[0m
[1.433s] [  9%] Built target rexrov_interfaces__cpp
[1.442s] [ 19%] [34m[1mGenerating C++ type support for eProsima Fast-RTPS[0m
[1.442s] [ 19%] [34m[1mGenerating C++ type support dispatch for ROS interfaces[0m
[1.442s] [ 19%] [34m[1mGenerating C++ introspection for ROS interfaces[0m
[1.457s] [ 22%] [32m[1mLinking C shared library librexrov_interfaces__rosidl_generator_c.so[0m
[1.493s] [ 22%] Built target rexrov_interfaces__rosidl_generator_c
[1.502s] [ 25%] [34m[1mGenerating C introspection for ROS interfaces[0m
[1.565s] [35m[1mScanning dependencies of target rexrov_interfaces__rosidl_typesupport_cpp[0m
[1.572s] [35m[1mScanning dependencies of target rexrov_interfaces__rosidl_typesupport_introspection_cpp[0m
[1.575s] [ 29%] [32mBuilding CXX object CMakeFiles/rexrov_interfaces__rosidl_typesupport_cpp.dir/rosidl_typesupport_cpp/rexrov_interfaces/msg/gate_detection__type_support.cpp.o[0m
[1.578s] [35m[1mScanning dependencies of target rexrov_interfaces__rosidl_typesupport_fastrtps_cpp[0m
[1.585s] [ 32%] [32mBuilding CXX object CMakeFiles/rexrov_interfaces__rosidl_typesupport_introspection_cpp.dir/rosidl_typesupport_introspection_cpp/rexrov_interfaces/msg/detail/gate_detection__type_support.cpp.o[0m
[1.593s] [ 35%] [32mBuilding CXX object CMakeFiles/rexrov_interfaces__rosidl_typesupport_fastrtps_cpp.dir/rosidl_typesupport_fastrtps_cpp/rexrov_interfaces/msg/detail/dds_fastrtps/gate_detection__type_support.cpp.o[0m
[1.639s] [35m[1mScanning dependencies of target rexrov_interfaces__rosidl_typesupport_introspection_c[0m
[1.652s] [ 38%] [32mBuilding C object CMakeFiles/rexrov_interfaces__rosidl_typesupport_introspection_c.dir/rosidl_typesupport_introspection_c/rexrov_interfaces/msg/detail/gate_detection__type_support.c.o[0m
[1.678s] [ 41%] [32m[1mLinking C shared library librexrov_interfaces__rosidl_typesupport_introspection_c.so[0m
[1.704s] [ 41%] Built target rexrov_interfaces__rosidl_typesupport_introspection_c
[1.713s] [ 45%] [34m[1mGenerating C type support dispatch for ROS interfaces[0m
[1.796s] [ 48%] [32m[1mLinking CXX shared library librexrov_interfaces__rosidl_typesupport_cpp.so[0m
[1.799s] [ 51%] [32m[1mLinking CXX shared library librexrov_interfaces__rosidl_typesupport_introspection_cpp.so[0m
[1.833s] [ 51%] Built target rexrov_interfaces__rosidl_typesupport_cpp
[1.843s] [35m[1mScanning dependencies of target rexrov_interfaces__rosidl_typesupport_c[0m
[1.844s] [ 51%] Built target rexrov_interfaces__rosidl_typesupport_introspection_cpp
[1.858s] [ 54%] [32mBuilding CXX object CMakeFiles/rexrov_interfaces__rosidl_typesupport_c.dir/rosidl_typesupport_c/rexrov_interfaces/msg/gate_detection__type_support.cpp.o[0m
[1.883s] [ 58%] [32m[1mLinking CXX shared library librexrov_interfaces__rosidl_typesupport_c.so[0m
[1.891s] [ 61%] [32m[1mLinking CXX shared library librexrov_interfaces__rosidl_typesupport_fastrtps_cpp.so[0m
[1.916s] [ 61%] Built target rexrov_interfaces__rosidl_typesupport_c
[1.957s] [ 61%] Built target rexrov_interfaces__rosidl_typesupport_fastrtps_cpp
[2.000s] [ 64%] [34m[1mGenerating C type support for eProsima Fast-RTPS[0m
[2.127s] [35m[1mScanning dependencies of target rexrov_interfaces__rosidl_typesupport_fastrtps_c[0m
[2.138s] [ 67%] [32mBuilding CXX object CMakeFiles/rexrov_interfaces__rosidl_typesupport_fastrtps_c.dir/rosidl_typesupport_fastrtps_c/rexrov_interfaces/msg/detail/gate_detection__type_support_c.cpp.o[0m
[2.364s] [ 70%] [32m[1mLinking CXX shared library librexrov_interfaces__rosidl_typesupport_fastrtps_c.so[0m
[2.426s] [ 70%] Built target rexrov_interfaces__rosidl_typesupport_fastrtps_c
[2.436s] [35m[1mScanning dependencies of target rexrov_interfaces[0m
[2.443s] [ 70%] Built target rexrov_interfaces
[2.453s] [35m[1mScanning dependencies of target rexrov_interfaces__py[0m
[2.463s] [ 74%] [34m[1mGenerating Python code for ROS interfaces[0m
[2.704s] [ 74%] Built target rexrov_interfaces__py
[2.713s] [35m[1mScanning dependencies of target rexrov_interfaces__python[0m
[2.732s] [ 77%] [32mBuilding C object CMakeFiles/rexrov_interfaces__python.dir/rosidl_generator_py/rexrov_interfaces/msg/_gate_detection_s.c.o[0m
[2.799s] [ 80%] [32m[1mLinking C shared library rosidl_generator_py/rexrov_interfaces/librexrov_interfaces__python.so[0m
[2.831s] [ 80%] Built target rexrov_interfaces__python
[2.839s] [35m[1mScanning dependencies of target rexrov_interfaces__rosidl_typesupport_c__pyext[0m
[2.839s] [35m[1mScanning dependencies of target rexrov_interfaces__rosidl_typesupport_introspection_c__pyext[0m
[2.839s] [35m[1mScanning dependencies of target rexrov_interfaces__rosidl_typesupport_fastrtps_c__pyext[0m
[2.855s] [ 83%] [32mBuilding C object CMakeFiles/rexrov_interfaces__rosidl_typesupport_c__pyext.dir/rosidl_generator_py/rexrov_interfaces/_rexrov_interfaces_s.ep.rosidl_typesupport_c.c.o[0m
[2.858s] [ 87%] [32mBuilding C object CMakeFiles/rexrov_interfaces__rosidl_typesupport_fastrtps_c__pyext.dir/rosidl_generator_py/rexrov_interfaces/_rexrov_interfaces_s.ep.rosidl_typesupport_fastrtps_c.c.o[0m
[2.863s] [ 90%] [32mBuilding C object CMakeFiles/rexrov_interfaces__rosidl_typesupport_introspection_c__pyext.dir/rosidl_generator_py/rexrov_interfaces/_rexrov_interfaces_s.ep.rosidl_typesupport_introspection_c.c.o[0m
[2.915s] [ 93%] [32m[1mLinking C shared library rosidl_generator_py/rexrov_interfaces/rexrov_interfaces_s__rosidl_typesupport_c.cpython-38-x86_64-linux-gnu.so[0m
[2.917s] [ 96%] [32m[1mLinking CXX shared library rosidl_generator_py/rexrov_interfaces/rexrov_interfaces_s__rosidl_typesupport_fastrtps_c.cpython-38-x86_64-linux-gnu.so[0m
[2.920s] [100%] [32m[1mLinking C shared library rosidl_generator_py/rexrov_interfaces/rexrov_interfaces_s__rosidl_typesupport_introspection_c.cpython-38-x86_64-linux-gnu.so[0m
[2.943s] [100%] Built target rexrov_interfaces__rosidl_typesupport_c__pyext
[2.949s] [100%] Built target rexrov_interfaces__rosidl_typesupport_introspection_c__pyext
[2.968s] [100%] Built target rexrov_interfaces__rosidl_typesupport_fastrtps_c__pyext
[2.979s] Invoked command in '/home/osansubuntumachine/ros2_ws/build/rexrov_interfaces' returned '0': CMAKE_PREFIX_PATH=/opt/ros/foxy /usr/bin/cmake --build /home/osansubuntumachine/ros2_ws/build/rexrov_interfaces -- -j4 -l4
[2.992s] Invoking command in '/home/osansubuntumachine/ros2_ws/build/rexrov_interfaces': CMAKE_PREFIX_PATH=/opt/ros/foxy /usr/bin/cmake --install /home/osansubuntumachine/ros2_ws/build/rexrov_interfaces
[2.998s] -- Install configuration: ""
[2.999s] -- Installing: /home/osansubuntumachine/ros2_ws/install/rexrov_interfaces/share/ament_index/resource_index/rosidl_interfaces/rexrov_interfaces
[2.999s] -- Installing: /home/osansubuntumachine/ros2_ws/install/rexrov_interfaces/include/rexrov_interfaces
[2.999s] -- Installing: /home/osansubuntumachine/ros2_ws/install/rexrov_interfaces/include/rexrov_interfaces/msg
[3.000s] -- Installing: /home/osansubuntumachine/ros2_ws/install/rexrov_interfaces/include/rexrov_interfaces/msg/gate_detection.h
[3.000s] -- Installing: /home/osansubuntumachine/ros2_ws/install/rexrov_interfaces/include/rexrov_interfaces/msg/rosidl_generator_c__visibility_control.h
[3.000s] -- Installing: /home/osansubuntumachine/ros2_ws/install/rexrov_interfaces/include/rexrov_interfaces/msg/detail
[3.000s] -- Installing: /home/osansubuntumachine/ros2_ws/install/rexrov_interfaces/include/rexrov_interfaces/msg/detail/gate_detection__functions.c
[3.000s] -- Installing: /home/osansubuntumachine/ros2_ws/install/rexrov_interfaces/include/rexrov_interfaces/msg/detail/gate_detection__type_support.h
[3.000s] -- Installing: /home/osansubuntumachine/ros2_ws/install/rexrov_interfaces/include/rexrov_interfaces/msg/detail/gate_detection__functions.h
[3.000s] -- Installing: /home/osansubuntumachine/ros2_ws/install/rexrov_interfaces/include/rexrov_interfaces/msg/detail/gate_detection__struct.h
[3.000s] -- Installing: /home/osansubuntumachine/ros2_ws/install/rexrov_interfaces/share/rexrov_interfaces/environment/library_path.sh
[3.001s] -- Installing: /home/osansubuntumachine/ros2_ws/install/rexrov_interfaces/share/rexrov_interfaces/environment/library_path.dsv
[3.001s] -- Installing: /home/osansubuntumachine/ros2_ws/install/rexrov_interfaces/lib/librexrov_interfaces__rosidl_generator_c.so
[3.001s] -- Set runtime path of "/home/osansubuntumachine/ros2_ws/install/rexrov_interfaces/lib/librexrov_interfaces__rosidl_generator_c.so" to ""
[3.001s] -- Up-to-date: /home/osansubuntumachine/ros2_ws/install/rexrov_interfaces/include/rexrov_interfaces
[3.001s] -- Up-to-date: /home/osansubuntumachine/ros2_ws/install/rexrov_interfaces/include/rexrov_interfaces/msg
[3.001s] -- Installing: /home/osansubuntumachine/ros2_ws/install/rexrov_interfaces/include/rexrov_interfaces/msg/rosidl_typesupport_fastrtps_c__visibility_control.h
[3.002s] -- Up-to-date: /home/osansubuntumachine/ros2_ws/install/rexrov_interfaces/include/rexrov_interfaces/msg/detail
[3.002s] -- Installing: /home/osansubuntumachine/ros2_ws/install/rexrov_interfaces/include/rexrov_interfaces/msg/detail/gate_detection__rosidl_typesupport_fastrtps_c.h
[3.002s] -- Installing: /home/osansubuntumachine/ros2_ws/install/rexrov_interfaces/lib/librexrov_interfaces__rosidl_typesupport_fastrtps_c.so
[3.002s] -- Set runtime path of "/home/osansubuntumachine/ros2_ws/install/rexrov_interfaces/lib/librexrov_interfaces__rosidl_typesupport_fastrtps_c.so" to ""
[3.002s] -- Up-to-date: /home/osansubuntumachine/ros2_ws/install/rexrov_interfaces/include/rexrov_interfaces
[3.002s] -- Up-to-date: /home/osansubuntumachine/ros2_ws/install/rexrov_interfaces/include/rexrov_interfaces/msg
[3.002s] -- Installing: /home/osansubuntumachine/ros2_ws/install/rexrov_interfaces/include/rexrov_interfaces/msg/rosidl_typesupport_fastrtps_cpp__visibility_control.h
[3.002s] -- Up-to-date: /home/osansubuntumachine/ros2_ws/install/rexrov_interfaces/include/rexrov_interfaces/msg/detail
[3.002s] -- Installing: /home/osansubuntumachine/ros2_ws/install/rexrov_interfaces/include/rexrov_interfaces/msg/detail/gate_detection__rosidl_typesupport_fastrtps_cpp.hpp
[3.003s] -- Installing: /home/osansubuntumachine/ros2_ws/install/rexrov_interfaces/include/rexrov_interfaces/msg/detail/dds_fastrtps
[3.003s] -- Installing: /home/osansubuntumachine/ros2_ws/install/rexrov_interfaces/lib/librexrov_interfaces__rosidl_typesupport_fastrtps_cpp.so
[3.003s] -- Set runtime path of "/home/osansubuntumachine/ros2_ws/install/rexrov_interfaces/lib/librexrov_interfaces__rosidl_typesupport_fastrtps_cpp.so" to ""
[3.003s] -- Up-to-date: /home/osansubuntumachine/ros2_ws/install/rexrov_interfaces/include/rexrov_interfaces
[3.003s] -- Up-to-date: /home/osansubuntumachine/ros2_ws/install/rexrov_interfaces/include/rexrov_interfaces/msg
[3.003s] -- Installing: /home/osansubuntumachine/ros2_ws/install/rexrov_interfaces/include/rexrov_interfaces/msg/rosidl_typesupport_introspection_c__visibility_control.h
[3.003s] -- Up-to-date: /home/osansubuntumachine/ros2_ws/install/rexrov_interfaces/include/rexrov_interfaces/msg/detail
[3.003s] -- Installing: /home/osansubuntumachine/ros2_ws/install/rexrov_interfaces/include/rexrov_interfaces/msg/detail/gate_detection__type_support.c
[3.003s] -- Installing: /home/osansubuntumachine/ros2_ws/install/rexrov_interfaces/include/rexrov_interfaces/msg/detail/gate_detection__rosidl_typesupport_introspection_c.h
[3.004s] -- Installing: /home/osansubuntumachine/ros2_ws/install/rexrov_interfaces/lib/librexrov_interfaces__rosidl_typesupport_introspection_c.so
[3.004s] -- Set runtime path of "/home/osansubuntumachine/ros2_ws/install/rexrov_interfaces/lib/librexrov_interfaces__rosidl_typesupport_introspection_c.so" to ""
[3.004s] -- Installing: /home/osansubuntumachine/ros2_ws/install/rexrov_interfaces/lib/librexrov_interfaces__rosidl_typesupport_c.so
[3.004s] -- Set runtime path of "/home/osansubuntumachine/ros2_ws/install/rexrov_interfaces/lib/librexrov_interfaces__rosidl_typesupport_c.so" to ""
[3.004s] -- Up-to-date: /home/osansubuntumachine/ros2_ws/install/rexrov_interfaces/include/rexrov_interfaces
[3.004s] -- Up-to-date: /home/osansubuntumachine/ros2_ws/install/rexrov_interfaces/include/rexrov_interfaces/msg
[3.005s] -- Installing: /home/osansubuntumachine/ros2_ws/install/rexrov_interfaces/include/rexrov_interfaces/msg/gate_detection.hpp
[3.005s] -- Installing: /home/osansubuntumachine/ros2_ws/install/rexrov_interfaces/include/rexrov_interfaces/msg/rosidl_generator_cpp__visibility_control.hpp
[3.005s] -- Up-to-date: /home/osansubuntumachine/ros2_ws/install/rexrov_interfaces/include/rexrov_interfaces/msg/detail
[3.005s] -- Installing: /home/osansubuntumachine/ros2_ws/install/rexrov_interfaces/include/rexrov_interfaces/msg/detail/gate_detection__traits.hpp
[3.005s] -- Installing: /home/osansubuntumachine/ros2_ws/install/rexrov_interfaces/include/rexrov_interfaces/msg/detail/gate_detection__struct.hpp
[3.005s] -- Installing: /home/osansubuntumachine/ros2_ws/install/rexrov_interfaces/include/rexrov_interfaces/msg/detail/gate_detection__type_support.hpp
[3.005s] -- Installing: /home/osansubuntumachine/ros2_ws/install/rexrov_interfaces/include/rexrov_interfaces/msg/detail/gate_detection__builder.hpp
[3.005s] -- Up-to-date: /home/osansubuntumachine/ros2_ws/install/rexrov_interfaces/include/rexrov_interfaces
[3.005s] -- Up-to-date: /home/osansubuntumachine/ros2_ws/install/rexrov_interfaces/include/rexrov_interfaces/msg
[3.005s] -- Up-to-date: /home/osansubuntumachine/ros2_ws/install/rexrov_interfaces/include/rexrov_interfaces/msg/detail
[3.005s] -- Installing: /home/osansubuntumachine/ros2_ws/install/rexrov_interfaces/include/rexrov_interfaces/msg/detail/gate_detection__rosidl_typesupport_introspection_cpp.hpp
[3.005s] -- Installing: /home/osansubuntumachine/ros2_ws/install/rexrov_interfaces/include/rexrov_interfaces/msg/detail/gate_detection__type_support.cpp
[3.006s] -- Installing: /home/osansubuntumachine/ros2_ws/install/rexrov_interfaces/lib/librexrov_interfaces__rosidl_typesupport_introspection_cpp.so
[3.006s] -- Set runtime path of "/home/osansubuntumachine/ros2_ws/install/rexrov_interfaces/lib/librexrov_interfaces__rosidl_typesupport_introspection_cpp.so" to ""
[3.006s] -- Installing: /home/osansubuntumachine/ros2_ws/install/rexrov_interfaces/lib/librexrov_interfaces__rosidl_typesupport_cpp.so
[3.007s] -- Set runtime path of "/home/osansubuntumachine/ros2_ws/install/rexrov_interfaces/lib/librexrov_interfaces__rosidl_typesupport_cpp.so" to ""
[3.007s] -- Installing: /home/osansubuntumachine/ros2_ws/install/rexrov_interfaces/share/rexrov_interfaces/environment/pythonpath.sh
[3.007s] -- Installing: /home/osansubuntumachine/ros2_ws/install/rexrov_interfaces/share/rexrov_interfaces/environment/pythonpath.dsv
[3.007s] -- Installing: /home/osansubuntumachine/ros2_ws/install/rexrov_interfaces/lib/python3.8/site-packages/rexrov_interfaces/__init__.py
[3.027s] Compiling '/home/osansubuntumachine/ros2_ws/install/rexrov_interfaces/lib/python3.8/site-packages/rexrov_interfaces/__init__.py'...
[3.030s] -- Installing: /home/osansubuntumachine/ros2_ws/install/rexrov_interfaces/lib/python3.8/site-packages/rexrov_interfaces/msg
[3.030s] -- Installing: /home/osansubuntumachine/ros2_ws/install/rexrov_interfaces/lib/python3.8/site-packages/rexrov_interfaces/msg/_gate_detection.py
[3.030s] -- Installing: /home/osansubuntumachine/ros2_ws/install/rexrov_interfaces/lib/python3.8/site-packages/rexrov_interfaces/msg/__init__.py
[3.031s] -- Installing: /home/osansubuntumachine/ros2_ws/install/rexrov_interfaces/lib/python3.8/site-packages/rexrov_interfaces/msg/_gate_detection_s.c
[3.031s] -- Installing: /home/osansubuntumachine/ros2_ws/install/rexrov_interfaces/lib/python3.8/site-packages/rexrov_interfaces/rexrov_interfaces_s__rosidl_typesupport_fastrtps_c.cpython-38-x86_64-linux-gnu.so
[3.031s] -- Set runtime path of "/home/osansubuntumachine/ros2_ws/install/rexrov_interfaces/lib/python3.8/site-packages/rexrov_interfaces/rexrov_interfaces_s__rosidl_typesupport_fastrtps_c.cpython-38-x86_64-linux-gnu.so" to ""
[3.031s] -- Installing: /home/osansubuntumachine/ros2_ws/install/rexrov_interfaces/lib/python3.8/site-packages/rexrov_interfaces/rexrov_interfaces_s__rosidl_typesupport_introspection_c.cpython-38-x86_64-linux-gnu.so
[3.032s] -- Set runtime path of "/home/osansubuntumachine/ros2_ws/install/rexrov_interfaces/lib/python3.8/site-packages/rexrov_interfaces/rexrov_interfaces_s__rosidl_typesupport_introspection_c.cpython-38-x86_64-linux-gnu.so" to ""
[3.032s] -- Installing: /home/osansubuntumachine/ros2_ws/install/rexrov_interfaces/lib/python3.8/site-packages/rexrov_interfaces/rexrov_interfaces_s__rosidl_typesupport_c.cpython-38-x86_64-linux-gnu.so
[3.033s] -- Set runtime path of "/home/osansubuntumachine/ros2_ws/install/rexrov_interfaces/lib/python3.8/site-packages/rexrov_interfaces/rexrov_interfaces_s__rosidl_typesupport_c.cpython-38-x86_64-linux-gnu.so" to ""
[3.033s] -- Installing: /home/osansubuntumachine/ros2_ws/install/rexrov_interfaces/lib/librexrov_interfaces__python.so
[3.033s] -- Set runtime path of "/home/osansubuntumachine/ros2_ws/install/rexrov_interfaces/lib/librexrov_interfaces__python.so" to ""
[3.033s] -- Installing: /home/osansubuntumachine/ros2_ws/install/rexrov_interfaces/share/rexrov_interfaces/msg/GateDetection.idl
[3.033s] -- Installing: /home/osansubuntumachine/ros2_ws/install/rexrov_interfaces/share/rexrov_interfaces/msg/GateDetection.msg
[3.034s] -- Installing: /home/osansubuntumachine/ros2_ws/install/rexrov_interfaces/share/ament_index/resource_index/package_run_dependencies/rexrov_interfaces
[3.036s] -- Installing: /home/osansubuntumachine/ros2_ws/install/rexrov_interfaces/share/ament_index/resource_index/parent_prefix_path/rexrov_interfaces
[3.036s] -- Installing: /home/osansubuntumachine/ros2_ws/install/rexrov_interfaces/share/rexrov_interfaces/environment/ament_prefix_path.sh
[3.036s] -- Installing: /home/osansubuntumachine/ros2_ws/install/rexrov_interfaces/share/rexrov_interfaces/environment/ament_prefix_path.dsv
[3.036s] -- Installing: /home/osansubuntumachine/ros2_ws/install/rexrov_interfaces/share/rexrov_interfaces/environment/path.sh
[3.037s] -- Installing: /home/osansubuntumachine/ros2_ws/install/rexrov_interfaces/share/rexrov_interfaces/environment/path.dsv
[3.037s] -- Installing: /home/osansubuntumachine/ros2_ws/install/rexrov_interfaces/share/rexrov_interfaces/local_setup.bash
[3.037s] -- Installing: /home/osansubuntumachine/ros2_ws/install/rexrov_interfaces/share/rexrov_interfaces/local_setup.sh
[3.037s] -- Installing: /home/osansubuntumachine/ros2_ws/install/rexrov_interfaces/share/rexrov_interfaces/local_setup.zsh
[3.037s] -- Installing: /home/osansubuntumachine/ros2_ws/install/rexrov_interfaces/share/rexrov_interfaces/local_setup.dsv
[3.037s] -- Installing: /home/osansubuntumachine/ros2_ws/install/rexrov_interfaces/share/rexrov_interfaces/package.dsv
[3.037s] -- Installing: /home/osansubuntumachine/ros2_ws/install/rexrov_interfaces/share/ament_index/resource_index/packages/rexrov_interfaces
[3.037s] -- Installing: /home/osansubuntumachine/ros2_ws/install/rexrov_interfaces/share/rexrov_interfaces/cmake/rexrov_interfaces__rosidl_generator_cExport.cmake
[3.037s] -- Installing: /home/osansubuntumachine/ros2_ws/install/rexrov_interfaces/share/rexrov_interfaces/cmake/rexrov_interfaces__rosidl_generator_cExport-noconfig.cmake
[3.038s] -- Installing: /home/osansubuntumachine/ros2_ws/install/rexrov_interfaces/share/rexrov_interfaces/cmake/rexrov_interfaces__rosidl_typesupport_introspection_cExport.cmake
[3.038s] -- Installing: /home/osansubuntumachine/ros2_ws/install/rexrov_interfaces/share/rexrov_interfaces/cmake/rexrov_interfaces__rosidl_typesupport_introspection_cExport-noconfig.cmake
[3.038s] -- Installing: /home/osansubuntumachine/ros2_ws/install/rexrov_interfaces/share/rexrov_interfaces/cmake/rexrov_interfaces__rosidl_typesupport_cExport.cmake
[3.038s] -- Installing: /home/osansubuntumachine/ros2_ws/install/rexrov_interfaces/share/rexrov_interfaces/cmake/rexrov_interfaces__rosidl_typesupport_cExport-noconfig.cmake
[3.038s] -- Installing: /home/osansubuntumachine/ros2_ws/install/rexrov_interfaces/share/rexrov_interfaces/cmake/rexrov_interfaces__rosidl_generator_cppExport.cmake
[3.038s] -- Installing: /home/osansubuntumachine/ros2_ws/install/rexrov_interfaces/share/rexrov_interfaces/cmake/rexrov_interfaces__rosidl_typesupport_introspection_cppExport.cmake
[3.039s] -- Installing: /home/osansubuntumachine/ros2_ws/install/rexrov_interfaces/share/rexrov_interfaces/cmake/rexrov_interfaces__rosidl_typesupport_introspection_cppExport-noconfig.cmake
[3.039s] -- Installing: /home/osansubuntumachine/ros2_ws/install/rexrov_interfaces/share/rexrov_interfaces/cmake/rexrov_interfaces__rosidl_typesupport_cppExport.cmake
[3.039s] -- Installing: /home/osansubuntumachine/ros2_ws/install/rexrov_interfaces/share/rexrov_interfaces/cmake/rexrov_interfaces__rosidl_typesupport_cppExport-noconfig.cmake
[3.039s] -- Installing: /home/osansubuntumachine/ros2_ws/install/rexrov_interfaces/share/rexrov_interfaces/cmake/rosidl_cmake-extras.cmake
[3.039s] -- Installing: /home/osansubuntumachine/ros2_ws/install/rexrov_interfaces/share/rexrov_interfaces/cmake/ament_cmake_export_dependencies-extras.cmake
[3.040s] -- Installing: /home/osansubuntumachine/ros2_ws/install/rexrov_interfaces/share/rexrov_interfaces/cmake/ament_cmake_export_libraries-extras.cmake
[3.040s] -- Installing: /home/osansubuntumachine/ros2_ws/install/rexrov_interfaces/share/rexrov_interfaces/cmake/ament_cmake_export_targets-extras.cmake
[3.040s] -- Installing: /home/osansubuntumachine/ros2_ws/install/rexrov_interfaces/share/rexrov_interfaces/cmake/ament_cmake_export_include_directories-extras.cmake
[3.040s] -- Installing: /home/osansubuntumachine/ros2_ws/install/rexrov_interfaces/share/rexrov_interfaces/cmake/rosidl_cmake_export_typesupport_libraries-extras.cmake
[3.040s] -- Installing: /home/osansubuntumachine/ros2_ws/install/rexrov_interfaces/share/rexrov_interfaces/cmake/rosidl_cmake_export_typesupport_targets-extras.cmake
[3.040s] -- Installing: /home/osansubuntumachine/ros2_ws/install/rexrov_interfaces/share/rexrov_interfaces/cmake/rexrov_interfacesConfig.cmake
[3.040s] -- Installing: /home/osansubuntumachine/ros2_ws/install/rexrov_interfaces/share/rexrov_interfaces/cmake/rexrov_interfacesConfig-version.cmake
[3.040s] -- Installing: /home/osansubuntumachine/ros2_ws/install/rexrov_interfaces/share/rexrov_interfaces/package.xml
[3.043s] Invoked command in '/home/osansubuntumachine/ros2_ws/build/rexrov_interfaces' returned '0': CMAKE_PREFIX_PATH=/opt/ros/foxy /usr/bin/cmake --install /home/osansubuntumachine/ros2_ws/build/rexrov_interfaces
