[0.279s] Invoking command in '/home/osansubuntumachine/ros2_ws/build/uuv_gazebo': CMAKE_PREFIX_PATH=${CMAKE_PREFIX_PATH}:/home/osansubuntumachine/ros2_ws/install/rexrov_autonomy:/opt/ros/foxy /usr/bin/cmake --build /home/osansubuntumachine/ros2_ws/build/uuv_gazebo -- -j4 -l4
[0.570s] Invoked command in '/home/osansubuntumachine/ros2_ws/build/uuv_gazebo' returned '0': CMAKE_PREFIX_PATH=${CMAKE_PREFIX_PATH}:/home/osansubuntumachine/ros2_ws/install/rexrov_autonomy:/opt/ros/foxy /usr/bin/cmake --build /home/osansubuntumachine/ros2_ws/build/uuv_gazebo -- -j4 -l4
[0.573s] Invoking command in '/home/osansubuntumachine/ros2_ws/build/uuv_gazebo': CMAKE_PREFIX_PATH=${CMAKE_PREFIX_PATH}:/home/osansubuntumachine/ros2_ws/install/rexrov_autonomy:/opt/ros/foxy /usr/bin/cmake --install /home/osansubuntumachine/ros2_ws/build/uuv_gazebo
[0.673s] -- Install configuration: ""
[0.674s] -- Up-to-date: /home/osansubuntumachine/ros2_ws/install/uuv_gazebo/share/uuv_gazebo/rviz
[0.675s] -- Up-to-date: /home/osansubuntumachine/ros2_ws/install/uuv_gazebo/share/uuv_gazebo/rviz/rexrov.perspective
[0.675s] -- Up-to-date: /home/osansubuntumachine/ros2_ws/install/uuv_gazebo/share/uuv_gazebo/rviz/rexrov_default.rviz
[0.675s] -- Up-to-date: /home/osansubuntumachine/ros2_ws/install/uuv_gazebo/share/uuv_gazebo/rviz/bathymetry.rviz
[0.679s] -- Up-to-date: /home/osansubuntumachine/ros2_ws/install/uuv_gazebo/share/uuv_gazebo/rviz/rexrov_oberon_jt_controller.rviz
[0.680s] -- Up-to-date: /home/osansubuntumachine/ros2_ws/install/uuv_gazebo/share/uuv_gazebo/rviz/rexrov_sonar.rviz
[0.680s] -- Up-to-date: /home/osansubuntumachine/ros2_ws/install/uuv_gazebo/share/uuv_gazebo/rviz/controller_demo.rviz
[0.680s] -- Up-to-date: /home/osansubuntumachine/ros2_ws/install/uuv_gazebo/share/uuv_gazebo/launch
[0.680s] -- Up-to-date: /home/osansubuntumachine/ros2_ws/install/uuv_gazebo/share/uuv_gazebo/launch/rexrov_demos
[0.681s] -- Up-to-date: /home/osansubuntumachine/ros2_ws/install/uuv_gazebo/share/uuv_gazebo/launch/rexrov_demos/rexrov_oberon_arms_demo.launch
[0.681s] -- Up-to-date: /home/osansubuntumachine/ros2_ws/install/uuv_gazebo/share/uuv_gazebo/launch/rexrov_demos/rexrov_oberon_arms_demo_logitech_joy.launch
[0.681s] -- Up-to-date: /home/osansubuntumachine/ros2_ws/install/uuv_gazebo/share/uuv_gazebo/launch/rexrov_demos/rexrov_oberon4_demo.launch
[0.681s] -- Up-to-date: /home/osansubuntumachine/ros2_ws/install/uuv_gazebo/share/uuv_gazebo/launch/rexrov_demos/rexrov_default.launch
[0.689s] -- Up-to-date: /home/osansubuntumachine/ros2_ws/install/uuv_gazebo/share/uuv_gazebo/launch/rexrov_demos/rexrov_oberon_demo_logitech_joy.launch
[0.689s] -- Up-to-date: /home/osansubuntumachine/ros2_ws/install/uuv_gazebo/share/uuv_gazebo/launch/rexrov_demos/rexrov_sonar.launch
[0.690s] -- Up-to-date: /home/osansubuntumachine/ros2_ws/install/uuv_gazebo/share/uuv_gazebo/launch/rexrov_demos/rexrov_sonar_logitech_joy.launch
[0.690s] -- Up-to-date: /home/osansubuntumachine/ros2_ws/install/uuv_gazebo/share/uuv_gazebo/launch/rexrov_demos/rexrov_bop_panel.launch
[0.690s] -- Up-to-date: /home/osansubuntumachine/ros2_ws/install/uuv_gazebo/share/uuv_gazebo/launch/rexrov_demos/rexrov_default_logitech_joy.launch
[0.690s] -- Up-to-date: /home/osansubuntumachine/ros2_ws/install/uuv_gazebo/share/uuv_gazebo/launch/rexrov_demos/rexrov_oberon4_demo_logitech_joy.launch
[0.691s] -- Up-to-date: /home/osansubuntumachine/ros2_ws/install/uuv_gazebo/share/uuv_gazebo/launch/rexrov_demos/rexrov_oberon_demo.launch
[0.695s] -- Up-to-date: /home/osansubuntumachine/ros2_ws/install/uuv_gazebo/share/uuv_gazebo/launch/controller_demos
[0.696s] -- Up-to-date: /home/osansubuntumachine/ros2_ws/install/uuv_gazebo/share/uuv_gazebo/launch/controller_demos/record_demo.launch
[0.696s] -- Up-to-date: /home/osansubuntumachine/ros2_ws/install/uuv_gazebo/share/uuv_gazebo/launch/controller_demos/start_mb_smc_demo.launch
[0.696s] -- Up-to-date: /home/osansubuntumachine/ros2_ws/install/uuv_gazebo/share/uuv_gazebo/launch/controller_demos/start_nmb_smc_demo_with_teleop.launch
[0.696s] -- Up-to-date: /home/osansubuntumachine/ros2_ws/install/uuv_gazebo/share/uuv_gazebo/launch/controller_demos/start_nl_pid_demo.launch
[0.696s] -- Up-to-date: /home/osansubuntumachine/ros2_ws/install/uuv_gazebo/share/uuv_gazebo/launch/controller_demos/start_pid_demo.launch
[0.697s] -- Up-to-date: /home/osansubuntumachine/ros2_ws/install/uuv_gazebo/share/uuv_gazebo/launch/controller_demos/start_pid_demo_with_teleop.launch
[0.697s] -- Up-to-date: /home/osansubuntumachine/ros2_ws/install/uuv_gazebo/share/uuv_gazebo/launch/controller_demos/start_disturbance_demo.launch
[0.697s] -- Up-to-date: /home/osansubuntumachine/ros2_ws/install/uuv_gazebo/share/uuv_gazebo/launch/controller_demos/start_nmb_smc_demo.launch
[0.697s] -- Up-to-date: /home/osansubuntumachine/ros2_ws/install/uuv_gazebo/share/uuv_gazebo/config
[0.698s] -- Up-to-date: /home/osansubuntumachine/ros2_ws/install/uuv_gazebo/share/uuv_gazebo/config/disturbances
[0.698s] -- Up-to-date: /home/osansubuntumachine/ros2_ws/install/uuv_gazebo/share/uuv_gazebo/config/disturbances/test_disturbances.yaml
[0.698s] -- Up-to-date: /home/osansubuntumachine/ros2_ws/install/uuv_gazebo/share/ament_index/resource_index/package_run_dependencies/uuv_gazebo
[0.708s] -- Up-to-date: /home/osansubuntumachine/ros2_ws/install/uuv_gazebo/share/ament_index/resource_index/parent_prefix_path/uuv_gazebo
[0.708s] -- Up-to-date: /home/osansubuntumachine/ros2_ws/install/uuv_gazebo/share/uuv_gazebo/environment/ament_prefix_path.sh
[0.709s] -- Up-to-date: /home/osansubuntumachine/ros2_ws/install/uuv_gazebo/share/uuv_gazebo/environment/ament_prefix_path.dsv
[0.709s] -- Up-to-date: /home/osansubuntumachine/ros2_ws/install/uuv_gazebo/share/uuv_gazebo/environment/path.sh
[0.710s] -- Up-to-date: /home/osansubuntumachine/ros2_ws/install/uuv_gazebo/share/uuv_gazebo/environment/path.dsv
[0.710s] -- Up-to-date: /home/osansubuntumachine/ros2_ws/install/uuv_gazebo/share/uuv_gazebo/local_setup.bash
[0.711s] -- Up-to-date: /home/osansubuntumachine/ros2_ws/install/uuv_gazebo/share/uuv_gazebo/local_setup.sh
[0.711s] -- Up-to-date: /home/osansubuntumachine/ros2_ws/install/uuv_gazebo/share/uuv_gazebo/local_setup.zsh
[0.722s] -- Up-to-date: /home/osansubuntumachine/ros2_ws/install/uuv_gazebo/share/uuv_gazebo/local_setup.dsv
[0.723s] -- Installing: /home/osansubuntumachine/ros2_ws/install/uuv_gazebo/share/uuv_gazebo/package.dsv
[0.740s] -- Up-to-date: /home/osansubuntumachine/ros2_ws/install/uuv_gazebo/share/ament_index/resource_index/packages/uuv_gazebo
[0.740s] -- Up-to-date: /home/osansubuntumachine/ros2_ws/install/uuv_gazebo/share/uuv_gazebo/cmake/uuv_gazeboConfig.cmake
[0.740s] -- Up-to-date: /home/osansubuntumachine/ros2_ws/install/uuv_gazebo/share/uuv_gazebo/cmake/uuv_gazeboConfig-version.cmake
[0.740s] -- Up-to-date: /home/osansubuntumachine/ros2_ws/install/uuv_gazebo/share/uuv_gazebo/package.xml
[0.764s] Invoked command in '/home/osansubuntumachine/ros2_ws/build/uuv_gazebo' returned '0': CMAKE_PREFIX_PATH=${CMAKE_PREFIX_PATH}:/home/osansubuntumachine/ros2_ws/install/rexrov_autonomy:/opt/ros/foxy /usr/bin/cmake --install /home/osansubuntumachine/ros2_ws/build/uuv_gazebo
