[1.468s] Invoking command in '/home/osansubuntumachine/ros2_ws/src/rexrov_autonomy': PYTHONPATH=/home/osansubuntumachine/ros2_ws/build/rexrov_autonomy/prefix_override:/usr/lib/python3/dist-packages/colcon_core/task/python/colcon_distutils_commands:/home/osansubuntumachine/ros2_ws/install/rexrov_autonomy/lib/python3.8/site-packages:${PYTHONPATH} /usr/bin/python3 -W ignore:setup.py install is deprecated -W ignore:easy_install command is deprecated setup.py egg_info --egg-base ../../build/rexrov_autonomy build --build-base /home/osansubuntumachine/ros2_ws/build/rexrov_autonomy/build install --record /home/osansubuntumachine/ros2_ws/build/rexrov_autonomy/install.log --install-scripts $base/lib/rexrov_autonomy --single-version-externally-managed install_data
[1.929s] running egg_info
[1.929s] writing ../../build/rexrov_autonomy/rexrov_autonomy.egg-info/PKG-INFO
[1.929s] writing dependency_links to ../../build/rexrov_autonomy/rexrov_autonomy.egg-info/dependency_links.txt
[1.929s] writing entry points to ../../build/rexrov_autonomy/rexrov_autonomy.egg-info/entry_points.txt
[1.930s] writing requirements to ../../build/rexrov_autonomy/rexrov_autonomy.egg-info/requires.txt
[1.930s] writing top-level names to ../../build/rexrov_autonomy/rexrov_autonomy.egg-info/top_level.txt
[1.974s] reading manifest file '../../build/rexrov_autonomy/rexrov_autonomy.egg-info/SOURCES.txt'
[1.975s] writing manifest file '../../build/rexrov_autonomy/rexrov_autonomy.egg-info/SOURCES.txt'
[1.975s] running build
[1.975s] running build_py
[1.975s] copying rexrov_autonomy/autonomous_node.py -> /home/osansubuntumachine/ros2_ws/build/rexrov_autonomy/build/lib/rexrov_autonomy
[1.975s] running install
[1.977s] running install_lib
[1.977s] copying /home/osansubuntumachine/ros2_ws/build/rexrov_autonomy/build/lib/rexrov_autonomy/autonomous_node.py -> /home/osansubuntumachine/ros2_ws/install/rexrov_autonomy/lib/python3.8/site-packages/rexrov_autonomy
[1.978s] byte-compiling /home/osansubuntumachine/ros2_ws/install/rexrov_autonomy/lib/python3.8/site-packages/rexrov_autonomy/autonomous_node.py to autonomous_node.cpython-38.pyc
[1.981s] running install_data
[1.981s] running install_egg_info
[1.985s] removing '/home/osansubuntumachine/ros2_ws/install/rexrov_autonomy/lib/python3.8/site-packages/rexrov_autonomy-0.0.0-py3.8.egg-info' (and everything under it)
[1.985s] Copying ../../build/rexrov_autonomy/rexrov_autonomy.egg-info to /home/osansubuntumachine/ros2_ws/install/rexrov_autonomy/lib/python3.8/site-packages/rexrov_autonomy-0.0.0-py3.8.egg-info
[1.987s] running install_scripts
[2.017s] Installing autonomous_node script to /home/osansubuntumachine/ros2_ws/install/rexrov_autonomy/lib/rexrov_autonomy
[2.017s] writing list of installed files to '/home/osansubuntumachine/ros2_ws/build/rexrov_autonomy/install.log'
[2.074s] Invoked command in '/home/osansubuntumachine/ros2_ws/src/rexrov_autonomy' returned '0': PYTHONPATH=/home/osansubuntumachine/ros2_ws/build/rexrov_autonomy/prefix_override:/usr/lib/python3/dist-packages/colcon_core/task/python/colcon_distutils_commands:/home/osansubuntumachine/ros2_ws/install/rexrov_autonomy/lib/python3.8/site-packages:${PYTHONPATH} /usr/bin/python3 -W ignore:setup.py install is deprecated -W ignore:easy_install command is deprecated setup.py egg_info --egg-base ../../build/rexrov_autonomy build --build-base /home/osansubuntumachine/ros2_ws/build/rexrov_autonomy/build install --record /home/osansubuntumachine/ros2_ws/build/rexrov_autonomy/install.log --install-scripts $base/lib/rexrov_autonomy --single-version-externally-managed install_data
