[  3%] Built target image_sonar_ros_plugin
[  7%] Built target uuv_gazebo_ros_camera_plugin
[ 33%] Built target uuv_sensor_gazebo_msgs
[ 38%] Built target uuv_gazebo_ros_base_model_plugin
[ 43%] Built target uuv_gazebo_ros_base_sensor_plugin
[ 50%] Built target uuv_gazebo_ros_gps_plugin
[ 57%] Built target uuv_gazebo_ros_subsea_pressure_plugin
[ 64%] Built target uuv_gazebo_ros_pose_gt_plugin
[ 71%] Built target uuv_gazebo_ros_dvl_plugin
[ 78%] Built target uuv_gazebo_ros_cpc_plugin
[ 85%] Built target uuv_gazebo_ros_imu_plugin
[ 92%] Built target uuv_gazebo_ros_rpt_plugin
[100%] Built target uuv_gazebo_ros_magnetometer_plugin
-- Install configuration: ""
-- Up-to-date: /home/osansubuntumachine/ros2_ws/install/uuv_sensor_ros_plugins/include/uuv_sensor_ros_plugins
-- Up-to-date: /home/osansubuntumachine/ros2_ws/install/uuv_sensor_ros_plugins/include/uuv_sensor_ros_plugins/quaternion.pb.cc
-- Up-to-date: /home/osansubuntumachine/ros2_ws/install/uuv_sensor_ros_plugins/include/uuv_sensor_ros_plugins/SensorDvl.pb.cc
-- Up-to-date: /home/osansubuntumachine/ros2_ws/install/uuv_sensor_ros_plugins/include/uuv_sensor_ros_plugins/ament_cmake_uninstall_target
-- Up-to-date: /home/osansubuntumachine/ros2_ws/install/uuv_sensor_ros_plugins/include/uuv_sensor_ros_plugins/ament_cmake_export_include_directories
-- Up-to-date: /home/osansubuntumachine/ros2_ws/install/uuv_sensor_ros_plugins/include/uuv_sensor_ros_plugins/SensorImu.pb.cc
-- Up-to-date: /home/osansubuntumachine/ros2_ws/install/uuv_sensor_ros_plugins/include/uuv_sensor_ros_plugins/SensorRpt.pb.cc
-- Up-to-date: /home/osansubuntumachine/ros2_ws/install/uuv_sensor_ros_plugins/include/uuv_sensor_ros_plugins/vector3d.pb.h
-- Up-to-date: /home/osansubuntumachine/ros2_ws/install/uuv_sensor_ros_plugins/include/uuv_sensor_ros_plugins/ament_cmake_index
-- Up-to-date: /home/osansubuntumachine/ros2_ws/install/uuv_sensor_ros_plugins/include/uuv_sensor_ros_plugins/ament_cmake_index/share
-- Up-to-date: /home/osansubuntumachine/ros2_ws/install/uuv_sensor_ros_plugins/include/uuv_sensor_ros_plugins/ament_cmake_index/share/ament_index
-- Up-to-date: /home/osansubuntumachine/ros2_ws/install/uuv_sensor_ros_plugins/include/uuv_sensor_ros_plugins/ament_cmake_index/share/ament_index/resource_index
-- Up-to-date: /home/osansubuntumachine/ros2_ws/install/uuv_sensor_ros_plugins/include/uuv_sensor_ros_plugins/ament_cmake_index/share/ament_index/resource_index/parent_prefix_path
-- Up-to-date: /home/osansubuntumachine/ros2_ws/install/uuv_sensor_ros_plugins/include/uuv_sensor_ros_plugins/ament_cmake_index/share/ament_index/resource_index/packages
-- Up-to-date: /home/osansubuntumachine/ros2_ws/install/uuv_sensor_ros_plugins/include/uuv_sensor_ros_plugins/ament_cmake_index/share/ament_index/resource_index/package_run_dependencies
-- Up-to-date: /home/osansubuntumachine/ros2_ws/install/uuv_sensor_ros_plugins/include/uuv_sensor_ros_plugins/quaternion.pb.h
-- Up-to-date: /home/osansubuntumachine/ros2_ws/install/uuv_sensor_ros_plugins/include/uuv_sensor_ros_plugins/SensorDvl.pb.h
-- Up-to-date: /home/osansubuntumachine/ros2_ws/install/uuv_sensor_ros_plugins/include/uuv_sensor_ros_plugins/ament_cmake_core
-- Up-to-date: /home/osansubuntumachine/ros2_ws/install/uuv_sensor_ros_plugins/include/uuv_sensor_ros_plugins/ament_cmake_core/stamps
-- Up-to-date: /home/osansubuntumachine/ros2_ws/install/uuv_sensor_ros_plugins/include/uuv_sensor_ros_plugins/SensorRpt.pb.h
-- Up-to-date: /home/osansubuntumachine/ros2_ws/install/uuv_sensor_ros_plugins/include/uuv_sensor_ros_plugins/SensorPressure.pb.h
-- Up-to-date: /home/osansubuntumachine/ros2_ws/install/uuv_sensor_ros_plugins/include/uuv_sensor_ros_plugins/SensorImu.pb.h
-- Up-to-date: /home/osansubuntumachine/ros2_ws/install/uuv_sensor_ros_plugins/include/uuv_sensor_ros_plugins/msgs
-- Up-to-date: /home/osansubuntumachine/ros2_ws/install/uuv_sensor_ros_plugins/include/uuv_sensor_ros_plugins/ament_cmake_export_libraries
-- Up-to-date: /home/osansubuntumachine/ros2_ws/install/uuv_sensor_ros_plugins/include/uuv_sensor_ros_plugins/SensorMagnetic.pb.h
-- Up-to-date: /home/osansubuntumachine/ros2_ws/install/uuv_sensor_ros_plugins/include/uuv_sensor_ros_plugins/vector3d.pb.cc
-- Up-to-date: /home/osansubuntumachine/ros2_ws/install/uuv_sensor_ros_plugins/include/uuv_sensor_ros_plugins/CMakeFiles
-- Up-to-date: /home/osansubuntumachine/ros2_ws/install/uuv_sensor_ros_plugins/include/uuv_sensor_ros_plugins/CMakeFiles/uuv_gazebo_ros_subsea_pressure_plugin.dir
-- Up-to-date: /home/osansubuntumachine/ros2_ws/install/uuv_sensor_ros_plugins/include/uuv_sensor_ros_plugins/CMakeFiles/uuv_gazebo_ros_subsea_pressure_plugin.dir/src
-- Up-to-date: /home/osansubuntumachine/ros2_ws/install/uuv_sensor_ros_plugins/include/uuv_sensor_ros_plugins/CMakeFiles/uuv_gazebo_ros_rpt_plugin.dir
-- Up-to-date: /home/osansubuntumachine/ros2_ws/install/uuv_sensor_ros_plugins/include/uuv_sensor_ros_plugins/CMakeFiles/uuv_gazebo_ros_rpt_plugin.dir/src
-- Up-to-date: /home/osansubuntumachine/ros2_ws/install/uuv_sensor_ros_plugins/include/uuv_sensor_ros_plugins/CMakeFiles/uuv_gazebo_ros_pose_gt_plugin.dir
-- Up-to-date: /home/osansubuntumachine/ros2_ws/install/uuv_sensor_ros_plugins/include/uuv_sensor_ros_plugins/CMakeFiles/uuv_gazebo_ros_pose_gt_plugin.dir/src
-- Up-to-date: /home/osansubuntumachine/ros2_ws/install/uuv_sensor_ros_plugins/include/uuv_sensor_ros_plugins/CMakeFiles/uuv_gazebo_ros_gps_plugin.dir
-- Up-to-date: /home/osansubuntumachine/ros2_ws/install/uuv_sensor_ros_plugins/include/uuv_sensor_ros_plugins/CMakeFiles/uuv_gazebo_ros_gps_plugin.dir/src
-- Up-to-date: /home/osansubuntumachine/ros2_ws/install/uuv_sensor_ros_plugins/include/uuv_sensor_ros_plugins/CMakeFiles/uuv_gazebo_ros_dvl_plugin.dir
-- Up-to-date: /home/osansubuntumachine/ros2_ws/install/uuv_sensor_ros_plugins/include/uuv_sensor_ros_plugins/CMakeFiles/uuv_gazebo_ros_dvl_plugin.dir/src
-- Up-to-date: /home/osansubuntumachine/ros2_ws/install/uuv_sensor_ros_plugins/include/uuv_sensor_ros_plugins/CMakeFiles/uninstall.dir
-- Up-to-date: /home/osansubuntumachine/ros2_ws/install/uuv_sensor_ros_plugins/include/uuv_sensor_ros_plugins/CMakeFiles/3.16.3
-- Up-to-date: /home/osansubuntumachine/ros2_ws/install/uuv_sensor_ros_plugins/include/uuv_sensor_ros_plugins/CMakeFiles/3.16.3/CompilerIdC
-- Up-to-date: /home/osansubuntumachine/ros2_ws/install/uuv_sensor_ros_plugins/include/uuv_sensor_ros_plugins/CMakeFiles/3.16.3/CompilerIdC/tmp
-- Up-to-date: /home/osansubuntumachine/ros2_ws/install/uuv_sensor_ros_plugins/include/uuv_sensor_ros_plugins/CMakeFiles/3.16.3/CompilerIdCXX
-- Up-to-date: /home/osansubuntumachine/ros2_ws/install/uuv_sensor_ros_plugins/include/uuv_sensor_ros_plugins/CMakeFiles/3.16.3/CompilerIdCXX/tmp
-- Up-to-date: /home/osansubuntumachine/ros2_ws/install/uuv_sensor_ros_plugins/include/uuv_sensor_ros_plugins/CMakeFiles/uuv_gazebo_ros_imu_plugin.dir
-- Up-to-date: /home/osansubuntumachine/ros2_ws/install/uuv_sensor_ros_plugins/include/uuv_sensor_ros_plugins/CMakeFiles/uuv_gazebo_ros_imu_plugin.dir/src
-- Up-to-date: /home/osansubuntumachine/ros2_ws/install/uuv_sensor_ros_plugins/include/uuv_sensor_ros_plugins/CMakeFiles/uuv_gazebo_ros_camera_plugin.dir
-- Up-to-date: /home/osansubuntumachine/ros2_ws/install/uuv_sensor_ros_plugins/include/uuv_sensor_ros_plugins/CMakeFiles/uuv_gazebo_ros_camera_plugin.dir/src
-- Up-to-date: /home/osansubuntumachine/ros2_ws/install/uuv_sensor_ros_plugins/include/uuv_sensor_ros_plugins/CMakeFiles/uuv_sensor_ros_plugins_uninstall.dir
-- Up-to-date: /home/osansubuntumachine/ros2_ws/install/uuv_sensor_ros_plugins/include/uuv_sensor_ros_plugins/CMakeFiles/uuv_gazebo_ros_magnetometer_plugin.dir
-- Up-to-date: /home/osansubuntumachine/ros2_ws/install/uuv_sensor_ros_plugins/include/uuv_sensor_ros_plugins/CMakeFiles/uuv_gazebo_ros_magnetometer_plugin.dir/src
-- Up-to-date: /home/osansubuntumachine/ros2_ws/install/uuv_sensor_ros_plugins/include/uuv_sensor_ros_plugins/CMakeFiles/uuv_gazebo_ros_base_sensor_plugin.dir
-- Up-to-date: /home/osansubuntumachine/ros2_ws/install/uuv_sensor_ros_plugins/include/uuv_sensor_ros_plugins/CMakeFiles/uuv_gazebo_ros_base_sensor_plugin.dir/src
-- Up-to-date: /home/osansubuntumachine/ros2_ws/install/uuv_sensor_ros_plugins/include/uuv_sensor_ros_plugins/CMakeFiles/image_sonar_ros_plugin.dir
-- Up-to-date: /home/osansubuntumachine/ros2_ws/install/uuv_sensor_ros_plugins/include/uuv_sensor_ros_plugins/CMakeFiles/image_sonar_ros_plugin.dir/src
-- Up-to-date: /home/osansubuntumachine/ros2_ws/install/uuv_sensor_ros_plugins/include/uuv_sensor_ros_plugins/CMakeFiles/uuv_gazebo_ros_base_model_plugin.dir
-- Up-to-date: /home/osansubuntumachine/ros2_ws/install/uuv_sensor_ros_plugins/include/uuv_sensor_ros_plugins/CMakeFiles/uuv_gazebo_ros_base_model_plugin.dir/src
-- Up-to-date: /home/osansubuntumachine/ros2_ws/install/uuv_sensor_ros_plugins/include/uuv_sensor_ros_plugins/CMakeFiles/uuv_sensor_gazebo_msgs.dir
-- Up-to-date: /home/osansubuntumachine/ros2_ws/install/uuv_sensor_ros_plugins/include/uuv_sensor_ros_plugins/CMakeFiles/uuv_sensor_gazebo_msgs.dir/quaternion.pb.cc.o
-- Up-to-date: /home/osansubuntumachine/ros2_ws/install/uuv_sensor_ros_plugins/include/uuv_sensor_ros_plugins/CMakeFiles/uuv_sensor_gazebo_msgs.dir/SensorRpt.pb.cc.o
-- Up-to-date: /home/osansubuntumachine/ros2_ws/install/uuv_sensor_ros_plugins/include/uuv_sensor_ros_plugins/CMakeFiles/uuv_sensor_gazebo_msgs.dir/SensorMagnetic.pb.cc.o
-- Up-to-date: /home/osansubuntumachine/ros2_ws/install/uuv_sensor_ros_plugins/include/uuv_sensor_ros_plugins/CMakeFiles/uuv_sensor_gazebo_msgs.dir/vector3d.pb.cc.o
-- Up-to-date: /home/osansubuntumachine/ros2_ws/install/uuv_sensor_ros_plugins/include/uuv_sensor_ros_plugins/CMakeFiles/uuv_sensor_gazebo_msgs.dir/SensorPressure.pb.cc.o
-- Up-to-date: /home/osansubuntumachine/ros2_ws/install/uuv_sensor_ros_plugins/include/uuv_sensor_ros_plugins/CMakeFiles/uuv_sensor_gazebo_msgs.dir/SensorDvl.pb.cc.o
-- Up-to-date: /home/osansubuntumachine/ros2_ws/install/uuv_sensor_ros_plugins/include/uuv_sensor_ros_plugins/CMakeFiles/uuv_sensor_gazebo_msgs.dir/SensorImu.pb.cc.o
-- Up-to-date: /home/osansubuntumachine/ros2_ws/install/uuv_sensor_ros_plugins/include/uuv_sensor_ros_plugins/CMakeFiles/CMakeTmp
-- Up-to-date: /home/osansubuntumachine/ros2_ws/install/uuv_sensor_ros_plugins/include/uuv_sensor_ros_plugins/CMakeFiles/uuv_gazebo_ros_cpc_plugin.dir
-- Up-to-date: /home/osansubuntumachine/ros2_ws/install/uuv_sensor_ros_plugins/include/uuv_sensor_ros_plugins/CMakeFiles/uuv_gazebo_ros_cpc_plugin.dir/src
-- Up-to-date: /home/osansubuntumachine/ros2_ws/install/uuv_sensor_ros_plugins/include/uuv_sensor_ros_plugins/ament_cmake_export_dependencies
-- Up-to-date: /home/osansubuntumachine/ros2_ws/install/uuv_sensor_ros_plugins/include/uuv_sensor_ros_plugins/SensorMagnetic.pb.cc
-- Up-to-date: /home/osansubuntumachine/ros2_ws/install/uuv_sensor_ros_plugins/include/uuv_sensor_ros_plugins/ament_cmake_package_templates
-- Up-to-date: /home/osansubuntumachine/ros2_ws/install/uuv_sensor_ros_plugins/include/uuv_sensor_ros_plugins/.cmake
-- Up-to-date: /home/osansubuntumachine/ros2_ws/install/uuv_sensor_ros_plugins/include/uuv_sensor_ros_plugins/.cmake/api
-- Up-to-date: /home/osansubuntumachine/ros2_ws/install/uuv_sensor_ros_plugins/include/uuv_sensor_ros_plugins/.cmake/api/v1
-- Up-to-date: /home/osansubuntumachine/ros2_ws/install/uuv_sensor_ros_plugins/include/uuv_sensor_ros_plugins/.cmake/api/v1/reply
-- Up-to-date: /home/osansubuntumachine/ros2_ws/install/uuv_sensor_ros_plugins/include/uuv_sensor_ros_plugins/.cmake/api/v1/query
-- Up-to-date: /home/osansubuntumachine/ros2_ws/install/uuv_sensor_ros_plugins/include/uuv_sensor_ros_plugins/.cmake/api/v1/query/client-colcon-cmake
-- Up-to-date: /home/osansubuntumachine/ros2_ws/install/uuv_sensor_ros_plugins/include/uuv_sensor_ros_plugins/ament_cmake_environment_hooks
-- Up-to-date: /home/osansubuntumachine/ros2_ws/install/uuv_sensor_ros_plugins/include/uuv_sensor_ros_plugins/SensorPressure.pb.cc
-- Up-to-date: /home/osansubuntumachine/ros2_ws/install/uuv_sensor_ros_plugins/lib/libuuv_sensor_gazebo_msgs.so
-- Up-to-date: /home/osansubuntumachine/ros2_ws/install/uuv_sensor_ros_plugins/lib/libuuv_gazebo_ros_base_model_plugin.so
-- Up-to-date: /home/osansubuntumachine/ros2_ws/install/uuv_sensor_ros_plugins/lib/libuuv_gazebo_ros_base_sensor_plugin.so
-- Up-to-date: /home/osansubuntumachine/ros2_ws/install/uuv_sensor_ros_plugins/lib/libuuv_gazebo_ros_gps_plugin.so
-- Up-to-date: /home/osansubuntumachine/ros2_ws/install/uuv_sensor_ros_plugins/lib/libuuv_gazebo_ros_pose_gt_plugin.so
-- Up-to-date: /home/osansubuntumachine/ros2_ws/install/uuv_sensor_ros_plugins/lib/libuuv_gazebo_ros_subsea_pressure_plugin.so
-- Up-to-date: /home/osansubuntumachine/ros2_ws/install/uuv_sensor_ros_plugins/lib/libuuv_gazebo_ros_dvl_plugin.so
-- Up-to-date: /home/osansubuntumachine/ros2_ws/install/uuv_sensor_ros_plugins/lib/libuuv_gazebo_ros_magnetometer_plugin.so
-- Up-to-date: /home/osansubuntumachine/ros2_ws/install/uuv_sensor_ros_plugins/lib/libuuv_gazebo_ros_cpc_plugin.so
-- Up-to-date: /home/osansubuntumachine/ros2_ws/install/uuv_sensor_ros_plugins/lib/libuuv_gazebo_ros_imu_plugin.so
-- Up-to-date: /home/osansubuntumachine/ros2_ws/install/uuv_sensor_ros_plugins/lib/libuuv_gazebo_ros_rpt_plugin.so
-- Up-to-date: /home/osansubuntumachine/ros2_ws/install/uuv_sensor_ros_plugins/lib/libuuv_gazebo_ros_camera_plugin.so
-- Up-to-date: /home/osansubuntumachine/ros2_ws/install/uuv_sensor_ros_plugins/lib/libimage_sonar_ros_plugin.so
-- Up-to-date: /home/osansubuntumachine/ros2_ws/install/uuv_sensor_ros_plugins/include/uuv_sensor_ros_plugins
-- Up-to-date: /home/osansubuntumachine/ros2_ws/install/uuv_sensor_ros_plugins/include/uuv_sensor_ros_plugins/ROSBaseModelPlugin.h
-- Up-to-date: /home/osansubuntumachine/ros2_ws/install/uuv_sensor_ros_plugins/include/uuv_sensor_ros_plugins/ROSBaseSensorPlugin.h
-- Up-to-date: /home/osansubuntumachine/ros2_ws/install/uuv_sensor_ros_plugins/include/uuv_sensor_ros_plugins/MagnetometerROSPlugin.h
-- Up-to-date: /home/osansubuntumachine/ros2_ws/install/uuv_sensor_ros_plugins/include/uuv_sensor_ros_plugins/SubseaPressureROSPlugin.h
-- Up-to-date: /home/osansubuntumachine/ros2_ws/install/uuv_sensor_ros_plugins/include/uuv_sensor_ros_plugins/Common.h
-- Up-to-date: /home/osansubuntumachine/ros2_ws/install/uuv_sensor_ros_plugins/include/uuv_sensor_ros_plugins/DVLROSPlugin.h
-- Up-to-date: /home/osansubuntumachine/ros2_ws/install/uuv_sensor_ros_plugins/include/uuv_sensor_ros_plugins/UnderwaterCameraROSPlugin.h
-- Up-to-date: /home/osansubuntumachine/ros2_ws/install/uuv_sensor_ros_plugins/include/uuv_sensor_ros_plugins/IMUROSPlugin.h
-- Up-to-date: /home/osansubuntumachine/ros2_ws/install/uuv_sensor_ros_plugins/include/uuv_sensor_ros_plugins/gazebo_ros_image_sonar.h
-- Up-to-date: /home/osansubuntumachine/ros2_ws/install/uuv_sensor_ros_plugins/include/uuv_sensor_ros_plugins/GPSROSPlugin.h
-- Up-to-date: /home/osansubuntumachine/ros2_ws/install/uuv_sensor_ros_plugins/include/uuv_sensor_ros_plugins/CPCROSPlugin.h
-- Up-to-date: /home/osansubuntumachine/ros2_ws/install/uuv_sensor_ros_plugins/include/uuv_sensor_ros_plugins/ROSBasePlugin.h
-- Up-to-date: /home/osansubuntumachine/ros2_ws/install/uuv_sensor_ros_plugins/include/uuv_sensor_ros_plugins/PoseGTROSPlugin.h
-- Up-to-date: /home/osansubuntumachine/ros2_ws/install/uuv_sensor_ros_plugins/include/uuv_sensor_ros_plugins/RPTROSPlugin.h
-- Up-to-date: /home/osansubuntumachine/ros2_ws/install/uuv_sensor_ros_plugins/share/uuv_sensor_ros_plugins/meshes
-- Up-to-date: /home/osansubuntumachine/ros2_ws/install/uuv_sensor_ros_plugins/share/uuv_sensor_ros_plugins/meshes/p900.blend
-- Up-to-date: /home/osansubuntumachine/ros2_ws/install/uuv_sensor_ros_plugins/share/uuv_sensor_ros_plugins/meshes/pressure.dae
-- Up-to-date: /home/osansubuntumachine/ros2_ws/install/uuv_sensor_ros_plugins/share/uuv_sensor_ros_plugins/meshes/m450-130.blend
-- Up-to-date: /home/osansubuntumachine/ros2_ws/install/uuv_sensor_ros_plugins/share/uuv_sensor_ros_plugins/meshes/oe14-372.dae
-- Up-to-date: /home/osansubuntumachine/ros2_ws/install/uuv_sensor_ros_plugins/share/uuv_sensor_ros_plugins/meshes/p900.stl
-- Up-to-date: /home/osansubuntumachine/ros2_ws/install/uuv_sensor_ros_plugins/share/uuv_sensor_ros_plugins/meshes/rpt.blend
-- Up-to-date: /home/osansubuntumachine/ros2_ws/install/uuv_sensor_ros_plugins/share/uuv_sensor_ros_plugins/meshes/p900.dae
-- Up-to-date: /home/osansubuntumachine/ros2_ws/install/uuv_sensor_ros_plugins/share/uuv_sensor_ros_plugins/meshes/dvl.blend
-- Up-to-date: /home/osansubuntumachine/ros2_ws/install/uuv_sensor_ros_plugins/share/uuv_sensor_ros_plugins/meshes/oe14-372.blend
-- Up-to-date: /home/osansubuntumachine/ros2_ws/install/uuv_sensor_ros_plugins/share/uuv_sensor_ros_plugins/meshes/pressure.blend
-- Up-to-date: /home/osansubuntumachine/ros2_ws/install/uuv_sensor_ros_plugins/share/uuv_sensor_ros_plugins/meshes/m450-130.dae
-- Up-to-date: /home/osansubuntumachine/ros2_ws/install/uuv_sensor_ros_plugins/share/uuv_sensor_ros_plugins/meshes/duo3d.dae
-- Up-to-date: /home/osansubuntumachine/ros2_ws/install/uuv_sensor_ros_plugins/share/uuv_sensor_ros_plugins/meshes/rpt.dae
-- Up-to-date: /home/osansubuntumachine/ros2_ws/install/uuv_sensor_ros_plugins/share/uuv_sensor_ros_plugins/meshes/dvl.dae
-- Up-to-date: /home/osansubuntumachine/ros2_ws/install/uuv_sensor_ros_plugins/share/uuv_sensor_ros_plugins/urdf
-- Up-to-date: /home/osansubuntumachine/ros2_ws/install/uuv_sensor_ros_plugins/share/uuv_sensor_ros_plugins/urdf/imu_snippets.xacro
-- Up-to-date: /home/osansubuntumachine/ros2_ws/install/uuv_sensor_ros_plugins/share/uuv_sensor_ros_plugins/urdf/magnetometer_snippets.xacro
-- Up-to-date: /home/osansubuntumachine/ros2_ws/install/uuv_sensor_ros_plugins/share/uuv_sensor_ros_plugins/urdf/stereo_snippets.xacro
-- Up-to-date: /home/osansubuntumachine/ros2_ws/install/uuv_sensor_ros_plugins/share/uuv_sensor_ros_plugins/urdf/camera_snippets.xacro
-- Up-to-date: /home/osansubuntumachine/ros2_ws/install/uuv_sensor_ros_plugins/share/uuv_sensor_ros_plugins/urdf/chemical_concentration_snippets.xacro
-- Up-to-date: /home/osansubuntumachine/ros2_ws/install/uuv_sensor_ros_plugins/share/uuv_sensor_ros_plugins/urdf/pose_3d_snippets.xacro
-- Up-to-date: /home/osansubuntumachine/ros2_ws/install/uuv_sensor_ros_plugins/share/uuv_sensor_ros_plugins/urdf/sensor_snippets.xacro
-- Up-to-date: /home/osansubuntumachine/ros2_ws/install/uuv_sensor_ros_plugins/share/uuv_sensor_ros_plugins/urdf/pressure_snippets.xacro
-- Up-to-date: /home/osansubuntumachine/ros2_ws/install/uuv_sensor_ros_plugins/share/uuv_sensor_ros_plugins/urdf/sonar_snippets.xacro
-- Up-to-date: /home/osansubuntumachine/ros2_ws/install/uuv_sensor_ros_plugins/share/uuv_sensor_ros_plugins/urdf/gps_sensor_snippets.xacro
-- Up-to-date: /home/osansubuntumachine/ros2_ws/install/uuv_sensor_ros_plugins/share/uuv_sensor_ros_plugins/urdf/dvl_snippets.xacro
-- Up-to-date: /home/osansubuntumachine/ros2_ws/install/uuv_sensor_ros_plugins/share/uuv_sensor_ros_plugins/urdf/rpt_snippets.xacro
-- Up-to-date: /home/osansubuntumachine/ros2_ws/install/uuv_sensor_ros_plugins/share/uuv_sensor_ros_plugins/environment/library_path.sh
-- Up-to-date: /home/osansubuntumachine/ros2_ws/install/uuv_sensor_ros_plugins/share/uuv_sensor_ros_plugins/environment/library_path.dsv
-- Up-to-date: /home/osansubuntumachine/ros2_ws/install/uuv_sensor_ros_plugins/share/ament_index/resource_index/package_run_dependencies/uuv_sensor_ros_plugins
-- Up-to-date: /home/osansubuntumachine/ros2_ws/install/uuv_sensor_ros_plugins/share/ament_index/resource_index/parent_prefix_path/uuv_sensor_ros_plugins
-- Up-to-date: /home/osansubuntumachine/ros2_ws/install/uuv_sensor_ros_plugins/share/uuv_sensor_ros_plugins/environment/ament_prefix_path.sh
-- Up-to-date: /home/osansubuntumachine/ros2_ws/install/uuv_sensor_ros_plugins/share/uuv_sensor_ros_plugins/environment/ament_prefix_path.dsv
-- Up-to-date: /home/osansubuntumachine/ros2_ws/install/uuv_sensor_ros_plugins/share/uuv_sensor_ros_plugins/environment/path.sh
-- Up-to-date: /home/osansubuntumachine/ros2_ws/install/uuv_sensor_ros_plugins/share/uuv_sensor_ros_plugins/environment/path.dsv
-- Up-to-date: /home/osansubuntumachine/ros2_ws/install/uuv_sensor_ros_plugins/share/uuv_sensor_ros_plugins/local_setup.bash
-- Up-to-date: /home/osansubuntumachine/ros2_ws/install/uuv_sensor_ros_plugins/share/uuv_sensor_ros_plugins/local_setup.sh
-- Up-to-date: /home/osansubuntumachine/ros2_ws/install/uuv_sensor_ros_plugins/share/uuv_sensor_ros_plugins/local_setup.zsh
-- Up-to-date: /home/osansubuntumachine/ros2_ws/install/uuv_sensor_ros_plugins/share/uuv_sensor_ros_plugins/local_setup.dsv
-- Installing: /home/osansubuntumachine/ros2_ws/install/uuv_sensor_ros_plugins/share/uuv_sensor_ros_plugins/package.dsv
-- Up-to-date: /home/osansubuntumachine/ros2_ws/install/uuv_sensor_ros_plugins/share/ament_index/resource_index/packages/uuv_sensor_ros_plugins
-- Up-to-date: /home/osansubuntumachine/ros2_ws/install/uuv_sensor_ros_plugins/share/uuv_sensor_ros_plugins/cmake/ament_cmake_export_dependencies-extras.cmake
-- Up-to-date: /home/osansubuntumachine/ros2_ws/install/uuv_sensor_ros_plugins/share/uuv_sensor_ros_plugins/cmake/ament_cmake_export_include_directories-extras.cmake
-- Up-to-date: /home/osansubuntumachine/ros2_ws/install/uuv_sensor_ros_plugins/share/uuv_sensor_ros_plugins/cmake/ament_cmake_export_libraries-extras.cmake
-- Up-to-date: /home/osansubuntumachine/ros2_ws/install/uuv_sensor_ros_plugins/share/uuv_sensor_ros_plugins/cmake/uuv_sensor_ros_pluginsConfig.cmake
-- Up-to-date: /home/osansubuntumachine/ros2_ws/install/uuv_sensor_ros_plugins/share/uuv_sensor_ros_plugins/cmake/uuv_sensor_ros_pluginsConfig-version.cmake
-- Up-to-date: /home/osansubuntumachine/ros2_ws/install/uuv_sensor_ros_plugins/share/uuv_sensor_ros_plugins/package.xml
