-- The C compiler identification is GNU 9.4.0
-- The CXX compiler identification is GNU 9.4.0
-- Check for working C compiler: /usr/bin/cc
-- Check for working C compiler: /usr/bin/cc -- works
-- Detecting C compiler ABI info
-- Detecting C compiler ABI info - done
-- Detecting C compile features
-- Detecting C compile features - done
-- Check for working CXX compiler: /usr/bin/c++
-- Check for working CXX compiler: /usr/bin/c++ -- works
-- Detecting CXX compiler ABI info
-- Detecting CXX compiler ABI info - done
-- Detecting CXX compile features
-- Detecting CXX compile features - done
-- Found ament_cmake: 0.9.12 (/opt/ros/foxy/share/ament_cmake/cmake)
-- Found PythonInterp: /usr/bin/python3 (found suitable version "3.8.10", minimum required is "3") 
-- Using PYTHON_EXECUTABLE: /usr/bin/python3
-- Configuring done
-- Generating done
-- Build files have been written to: /home/osansubuntumachine/ros2_ws/build/uuv_control_cascaded_pid
-- Install configuration: ""
-- Installing: /home/osansubuntumachine/ros2_ws/install/uuv_control_cascaded_pid/share/uuv_control_cascaded_pid/environment/pythonpath.sh
-- Installing: /home/osansubuntumachine/ros2_ws/install/uuv_control_cascaded_pid/share/uuv_control_cascaded_pid/environment/pythonpath.dsv
-- Installing: /home/osansubuntumachine/ros2_ws/install/uuv_control_cascaded_pid/lib/python3.8/site-packages/uuv_PID
-- Installing: /home/osansubuntumachine/ros2_ws/install/uuv_control_cascaded_pid/lib/python3.8/site-packages/uuv_PID/__init__.py
-- Installing: /home/osansubuntumachine/ros2_ws/install/uuv_control_cascaded_pid/lib/python3.8/site-packages/uuv_PID/PIDRegulator.py
Listing '/home/osansubuntumachine/ros2_ws/install/uuv_control_cascaded_pid/lib/python3.8/site-packages/uuv_PID'...
Compiling '/home/osansubuntumachine/ros2_ws/install/uuv_control_cascaded_pid/lib/python3.8/site-packages/uuv_PID/PIDRegulator.py'...
Compiling '/home/osansubuntumachine/ros2_ws/install/uuv_control_cascaded_pid/lib/python3.8/site-packages/uuv_PID/__init__.py'...
-- Installing: /home/osansubuntumachine/ros2_ws/install/uuv_control_cascaded_pid/lib/uuv_control_cascaded_pid/acceleration_control.py
-- Installing: /home/osansubuntumachine/ros2_ws/install/uuv_control_cascaded_pid/lib/uuv_control_cascaded_pid/position_control.py
-- Installing: /home/osansubuntumachine/ros2_ws/install/uuv_control_cascaded_pid/lib/uuv_control_cascaded_pid/velocity_control.py
-- Installing: /home/osansubuntumachine/ros2_ws/install/uuv_control_cascaded_pid/share/uuv_control_cascaded_pid/launch
-- Installing: /home/osansubuntumachine/ros2_ws/install/uuv_control_cascaded_pid/share/uuv_control_cascaded_pid/launch/position_hold.launch
-- Installing: /home/osansubuntumachine/ros2_ws/install/uuv_control_cascaded_pid/share/uuv_control_cascaded_pid/launch/joy_accel.launch
-- Installing: /home/osansubuntumachine/ros2_ws/install/uuv_control_cascaded_pid/share/uuv_control_cascaded_pid/launch/key_board_velocity.launch
-- Installing: /home/osansubuntumachine/ros2_ws/install/uuv_control_cascaded_pid/share/uuv_control_cascaded_pid/launch/joy_velocity.launch
-- Installing: /home/osansubuntumachine/ros2_ws/install/uuv_control_cascaded_pid/share/uuv_control_cascaded_pid/config
-- Installing: /home/osansubuntumachine/ros2_ws/install/uuv_control_cascaded_pid/share/uuv_control_cascaded_pid/config/joy_accel.yaml
-- Installing: /home/osansubuntumachine/ros2_ws/install/uuv_control_cascaded_pid/share/uuv_control_cascaded_pid/config/rexrov
-- Installing: /home/osansubuntumachine/ros2_ws/install/uuv_control_cascaded_pid/share/uuv_control_cascaded_pid/config/rexrov/vel_pid_control.yaml
-- Installing: /home/osansubuntumachine/ros2_ws/install/uuv_control_cascaded_pid/share/uuv_control_cascaded_pid/config/rexrov/pos_pid_control.yaml
-- Installing: /home/osansubuntumachine/ros2_ws/install/uuv_control_cascaded_pid/share/uuv_control_cascaded_pid/config/rexrov/inertial.yaml
-- Installing: /home/osansubuntumachine/ros2_ws/install/uuv_control_cascaded_pid/share/uuv_control_cascaded_pid/config/joy_vel.yaml
-- Installing: /home/osansubuntumachine/ros2_ws/install/uuv_control_cascaded_pid/share/ament_index/resource_index/package_run_dependencies/uuv_control_cascaded_pid
-- Installing: /home/osansubuntumachine/ros2_ws/install/uuv_control_cascaded_pid/share/ament_index/resource_index/parent_prefix_path/uuv_control_cascaded_pid
-- Installing: /home/osansubuntumachine/ros2_ws/install/uuv_control_cascaded_pid/share/uuv_control_cascaded_pid/environment/ament_prefix_path.sh
-- Installing: /home/osansubuntumachine/ros2_ws/install/uuv_control_cascaded_pid/share/uuv_control_cascaded_pid/environment/ament_prefix_path.dsv
-- Installing: /home/osansubuntumachine/ros2_ws/install/uuv_control_cascaded_pid/share/uuv_control_cascaded_pid/environment/path.sh
-- Installing: /home/osansubuntumachine/ros2_ws/install/uuv_control_cascaded_pid/share/uuv_control_cascaded_pid/environment/path.dsv
-- Installing: /home/osansubuntumachine/ros2_ws/install/uuv_control_cascaded_pid/share/uuv_control_cascaded_pid/local_setup.bash
-- Installing: /home/osansubuntumachine/ros2_ws/install/uuv_control_cascaded_pid/share/uuv_control_cascaded_pid/local_setup.sh
-- Installing: /home/osansubuntumachine/ros2_ws/install/uuv_control_cascaded_pid/share/uuv_control_cascaded_pid/local_setup.zsh
-- Installing: /home/osansubuntumachine/ros2_ws/install/uuv_control_cascaded_pid/share/uuv_control_cascaded_pid/local_setup.dsv
-- Installing: /home/osansubuntumachine/ros2_ws/install/uuv_control_cascaded_pid/share/uuv_control_cascaded_pid/package.dsv
-- Installing: /home/osansubuntumachine/ros2_ws/install/uuv_control_cascaded_pid/share/ament_index/resource_index/packages/uuv_control_cascaded_pid
-- Installing: /home/osansubuntumachine/ros2_ws/install/uuv_control_cascaded_pid/share/uuv_control_cascaded_pid/cmake/uuv_control_cascaded_pidConfig.cmake
-- Installing: /home/osansubuntumachine/ros2_ws/install/uuv_control_cascaded_pid/share/uuv_control_cascaded_pid/cmake/uuv_control_cascaded_pidConfig-version.cmake
-- Installing: /home/osansubuntumachine/ros2_ws/install/uuv_control_cascaded_pid/share/uuv_control_cascaded_pid/package.xml
