[0.042s] Invoking command in '/home/osansubuntumachine/ros2_ws/build/plankton_utils': CMAKE_PREFIX_PATH=/opt/ros/foxy /usr/bin/cmake --build /home/osansubuntumachine/ros2_ws/build/plankton_utils -- -j4 -l4
[0.125s] [100%] Built target plankton_global_sim_time
[0.140s] Invoked command in '/home/osansubuntumachine/ros2_ws/build/plankton_utils' returned '0': CMAKE_PREFIX_PATH=/opt/ros/foxy /usr/bin/cmake --build /home/osansubuntumachine/ros2_ws/build/plankton_utils -- -j4 -l4
[0.159s] Invoking command in '/home/osansubuntumachine/ros2_ws/build/plankton_utils': CMAKE_PREFIX_PATH=/opt/ros/foxy /usr/bin/cmake --install /home/osansubuntumachine/ros2_ws/build/plankton_utils
[0.191s] -- Install configuration: ""
[0.192s] -- Up-to-date: /home/osansubuntumachine/ros2_ws/install/plankton_utils/lib/plankton_utils/plankton_global_sim_time
[0.192s] -- Up-to-date: /home/osansubuntumachine/ros2_ws/install/plankton_utils/share/plankton_utils/environment/pythonpath.sh
[0.192s] -- Up-to-date: /home/osansubuntumachine/ros2_ws/install/plankton_utils/share/plankton_utils/environment/pythonpath.dsv
[0.193s] -- Up-to-date: /home/osansubuntumachine/ros2_ws/install/plankton_utils/lib/python3.8/site-packages/plankton_utils
[0.193s] -- Up-to-date: /home/osansubuntumachine/ros2_ws/install/plankton_utils/lib/python3.8/site-packages/plankton_utils/param_helper.py
[0.193s] -- Up-to-date: /home/osansubuntumachine/ros2_ws/install/plankton_utils/lib/python3.8/site-packages/plankton_utils/__init__.py
[0.193s] -- Up-to-date: /home/osansubuntumachine/ros2_ws/install/plankton_utils/lib/python3.8/site-packages/plankton_utils/time.py
[0.268s] Listing '/home/osansubuntumachine/ros2_ws/install/plankton_utils/lib/python3.8/site-packages/plankton_utils'...
[0.271s] -- Up-to-date: /home/osansubuntumachine/ros2_ws/install/plankton_utils/share/ament_index/resource_index/package_run_dependencies/plankton_utils
[0.272s] -- Up-to-date: /home/osansubuntumachine/ros2_ws/install/plankton_utils/share/ament_index/resource_index/parent_prefix_path/plankton_utils
[0.272s] -- Up-to-date: /home/osansubuntumachine/ros2_ws/install/plankton_utils/share/plankton_utils/environment/ament_prefix_path.sh
[0.272s] -- Up-to-date: /home/osansubuntumachine/ros2_ws/install/plankton_utils/share/plankton_utils/environment/ament_prefix_path.dsv
[0.273s] -- Up-to-date: /home/osansubuntumachine/ros2_ws/install/plankton_utils/share/plankton_utils/environment/path.sh
[0.273s] -- Up-to-date: /home/osansubuntumachine/ros2_ws/install/plankton_utils/share/plankton_utils/environment/path.dsv
[0.273s] -- Up-to-date: /home/osansubuntumachine/ros2_ws/install/plankton_utils/share/plankton_utils/local_setup.bash
[0.275s] -- Up-to-date: /home/osansubuntumachine/ros2_ws/install/plankton_utils/share/plankton_utils/local_setup.sh
[0.275s] -- Up-to-date: /home/osansubuntumachine/ros2_ws/install/plankton_utils/share/plankton_utils/local_setup.zsh
[0.276s] -- Up-to-date: /home/osansubuntumachine/ros2_ws/install/plankton_utils/share/plankton_utils/local_setup.dsv
[0.276s] -- Installing: /home/osansubuntumachine/ros2_ws/install/plankton_utils/share/plankton_utils/package.dsv
[0.277s] -- Up-to-date: /home/osansubuntumachine/ros2_ws/install/plankton_utils/share/ament_index/resource_index/packages/plankton_utils
[0.278s] -- Up-to-date: /home/osansubuntumachine/ros2_ws/install/plankton_utils/share/plankton_utils/cmake/plankton_utilsConfig.cmake
[0.280s] -- Up-to-date: /home/osansubuntumachine/ros2_ws/install/plankton_utils/share/plankton_utils/cmake/plankton_utilsConfig-version.cmake
[0.280s] -- Up-to-date: /home/osansubuntumachine/ros2_ws/install/plankton_utils/share/plankton_utils/package.xml
[0.281s] Invoked command in '/home/osansubuntumachine/ros2_ws/build/plankton_utils' returned '0': CMAKE_PREFIX_PATH=/opt/ros/foxy /usr/bin/cmake --install /home/osansubuntumachine/ros2_ws/build/plankton_utils
