[1.567s] Invoking command in '/home/osansubuntumachine/ros2_ws/src/rexrov_autonomy': AMENT_PREFIX_PATH=/home/osansubuntumachine/ros2_ws/install/rexrov_interfaces:${AMENT_PREFIX_PATH} CMAKE_PREFIX_PATH=/home/osansubuntumachine/ros2_ws/install/rexrov_interfaces LD_LIBRARY_PATH=/home/osansubuntumachine/ros2_ws/install/rexrov_interfaces/lib:${LD_LIBRARY_PATH} PYTHONPATH=/home/osansubuntumachine/ros2_ws/build/rexrov_autonomy/prefix_override:/usr/lib/python3/dist-packages/colcon_core/task/python/colcon_distutils_commands:/home/osansubuntumachine/ros2_ws/install/rexrov_autonomy/lib/python3.8/site-packages:/home/osansubuntumachine/ros2_ws/install/rexrov_interfaces/lib/python3.8/site-packages:${PYTHONPATH} /usr/bin/python3 -W ignore:setup.py install is deprecated -W ignore:easy_install command is deprecated setup.py egg_info --egg-base ../../build/rexrov_autonomy build --build-base /home/osansubuntumachine/ros2_ws/build/rexrov_autonomy/build install --record /home/osansubuntumachine/ros2_ws/build/rexrov_autonomy/install.log --install-scripts $base/lib/rexrov_autonomy --single-version-externally-managed install_data
[1.917s] running egg_info
[1.918s] writing ../../build/rexrov_autonomy/rexrov_autonomy.egg-info/PKG-INFO
[1.919s] writing dependency_links to ../../build/rexrov_autonomy/rexrov_autonomy.egg-info/dependency_links.txt
[1.920s] writing entry points to ../../build/rexrov_autonomy/rexrov_autonomy.egg-info/entry_points.txt
[1.920s] writing requirements to ../../build/rexrov_autonomy/rexrov_autonomy.egg-info/requires.txt
[1.921s] writing top-level names to ../../build/rexrov_autonomy/rexrov_autonomy.egg-info/top_level.txt
[2.021s] reading manifest file '../../build/rexrov_autonomy/rexrov_autonomy.egg-info/SOURCES.txt'
[2.023s] writing manifest file '../../build/rexrov_autonomy/rexrov_autonomy.egg-info/SOURCES.txt'
[2.024s] running build
[2.024s] running build_py
[2.025s] copying rexrov_autonomy/perception_node.py -> /home/osansubuntumachine/ros2_ws/build/rexrov_autonomy/build/lib/rexrov_autonomy
[2.025s] copying rexrov_autonomy/autonomous_node.py -> /home/osansubuntumachine/ros2_ws/build/rexrov_autonomy/build/lib/rexrov_autonomy
[2.026s] running install
[2.028s] running install_lib
[2.030s] copying /home/osansubuntumachine/ros2_ws/build/rexrov_autonomy/build/lib/rexrov_autonomy/perception_node.py -> /home/osansubuntumachine/ros2_ws/install/rexrov_autonomy/lib/python3.8/site-packages/rexrov_autonomy
[2.031s] copying /home/osansubuntumachine/ros2_ws/build/rexrov_autonomy/build/lib/rexrov_autonomy/autonomous_node.py -> /home/osansubuntumachine/ros2_ws/install/rexrov_autonomy/lib/python3.8/site-packages/rexrov_autonomy
[2.032s] byte-compiling /home/osansubuntumachine/ros2_ws/install/rexrov_autonomy/lib/python3.8/site-packages/rexrov_autonomy/perception_node.py to perception_node.cpython-38.pyc
[2.037s] byte-compiling /home/osansubuntumachine/ros2_ws/install/rexrov_autonomy/lib/python3.8/site-packages/rexrov_autonomy/autonomous_node.py to autonomous_node.cpython-38.pyc
[2.038s] running install_data
[2.038s] running install_egg_info
[2.041s] removing '/home/osansubuntumachine/ros2_ws/install/rexrov_autonomy/lib/python3.8/site-packages/rexrov_autonomy-0.0.0-py3.8.egg-info' (and everything under it)
[2.055s] Copying ../../build/rexrov_autonomy/rexrov_autonomy.egg-info to /home/osansubuntumachine/ros2_ws/install/rexrov_autonomy/lib/python3.8/site-packages/rexrov_autonomy-0.0.0-py3.8.egg-info
[2.058s] running install_scripts
[2.085s] Installing autonomous_node script to /home/osansubuntumachine/ros2_ws/install/rexrov_autonomy/lib/rexrov_autonomy
[2.086s] Installing autonomous_reset script to /home/osansubuntumachine/ros2_ws/install/rexrov_autonomy/lib/rexrov_autonomy
[2.087s] Installing autopath script to /home/osansubuntumachine/ros2_ws/install/rexrov_autonomy/lib/rexrov_autonomy
[2.088s] Installing bt_gate script to /home/osansubuntumachine/ros2_ws/install/rexrov_autonomy/lib/rexrov_autonomy
[2.088s] Installing near_gate_detector script to /home/osansubuntumachine/ros2_ws/install/rexrov_autonomy/lib/rexrov_autonomy
[2.090s] Installing perception_node script to /home/osansubuntumachine/ros2_ws/install/rexrov_autonomy/lib/rexrov_autonomy
[2.091s] writing list of installed files to '/home/osansubuntumachine/ros2_ws/build/rexrov_autonomy/install.log'
[2.120s] Invoked command in '/home/osansubuntumachine/ros2_ws/src/rexrov_autonomy' returned '0': AMENT_PREFIX_PATH=/home/osansubuntumachine/ros2_ws/install/rexrov_interfaces:${AMENT_PREFIX_PATH} CMAKE_PREFIX_PATH=/home/osansubuntumachine/ros2_ws/install/rexrov_interfaces LD_LIBRARY_PATH=/home/osansubuntumachine/ros2_ws/install/rexrov_interfaces/lib:${LD_LIBRARY_PATH} PYTHONPATH=/home/osansubuntumachine/ros2_ws/build/rexrov_autonomy/prefix_override:/usr/lib/python3/dist-packages/colcon_core/task/python/colcon_distutils_commands:/home/osansubuntumachine/ros2_ws/install/rexrov_autonomy/lib/python3.8/site-packages:/home/osansubuntumachine/ros2_ws/install/rexrov_interfaces/lib/python3.8/site-packages:${PYTHONPATH} /usr/bin/python3 -W ignore:setup.py install is deprecated -W ignore:easy_install command is deprecated setup.py egg_info --egg-base ../../build/rexrov_autonomy build --build-base /home/osansubuntumachine/ros2_ws/build/rexrov_autonomy/build install --record /home/osansubuntumachine/ros2_ws/build/rexrov_autonomy/install.log --install-scripts $base/lib/rexrov_autonomy --single-version-externally-managed install_data
