[1.651s] Invoking command in '/home/osansubuntumachine/ros2_ws/src/rexrov_autonomy': PYTHONPATH=/home/osansubuntumachine/ros2_ws/build/rexrov_autonomy/prefix_override:/usr/lib/python3/dist-packages/colcon_core/task/python/colcon_distutils_commands:/home/osansubuntumachine/ros2_ws/install/rexrov_autonomy/lib/python3.8/site-packages:${PYTHONPATH} /usr/bin/python3 -W ignore:setup.py install is deprecated -W ignore:easy_install command is deprecated setup.py egg_info --egg-base ../../build/rexrov_autonomy build --build-base /home/osansubuntumachine/ros2_ws/build/rexrov_autonomy/build install --record /home/osansubuntumachine/ros2_ws/build/rexrov_autonomy/install.log --install-scripts $base/lib/rexrov_autonomy --single-version-externally-managed install_data
[2.191s] running egg_info
[2.192s] writing ../../build/rexrov_autonomy/rexrov_autonomy.egg-info/PKG-INFO
[2.193s] writing dependency_links to ../../build/rexrov_autonomy/rexrov_autonomy.egg-info/dependency_links.txt
[2.193s] writing entry points to ../../build/rexrov_autonomy/rexrov_autonomy.egg-info/entry_points.txt
[2.194s] writing requirements to ../../build/rexrov_autonomy/rexrov_autonomy.egg-info/requires.txt
[2.208s] writing top-level names to ../../build/rexrov_autonomy/rexrov_autonomy.egg-info/top_level.txt
[2.239s] reading manifest file '../../build/rexrov_autonomy/rexrov_autonomy.egg-info/SOURCES.txt'
[2.239s] writing manifest file '../../build/rexrov_autonomy/rexrov_autonomy.egg-info/SOURCES.txt'
[2.239s] running build
[2.239s] running build_py
[2.243s] copying rexrov_autonomy/autopath.py -> /home/osansubuntumachine/ros2_ws/build/rexrov_autonomy/build/lib/rexrov_autonomy
[2.243s] running install
[2.243s] running install_lib
[2.243s] copying /home/osansubuntumachine/ros2_ws/build/rexrov_autonomy/build/lib/rexrov_autonomy/autopath.py -> /home/osansubuntumachine/ros2_ws/install/rexrov_autonomy/lib/python3.8/site-packages/rexrov_autonomy
[2.244s] byte-compiling /home/osansubuntumachine/ros2_ws/install/rexrov_autonomy/lib/python3.8/site-packages/rexrov_autonomy/autopath.py to autopath.cpython-38.pyc
[2.252s] running install_data
[2.253s] running install_egg_info
[2.254s] removing '/home/osansubuntumachine/ros2_ws/install/rexrov_autonomy/lib/python3.8/site-packages/rexrov_autonomy-0.0.0-py3.8.egg-info' (and everything under it)
[2.254s] Copying ../../build/rexrov_autonomy/rexrov_autonomy.egg-info to /home/osansubuntumachine/ros2_ws/install/rexrov_autonomy/lib/python3.8/site-packages/rexrov_autonomy-0.0.0-py3.8.egg-info
[2.255s] running install_scripts
[2.291s] Installing autonomous_node script to /home/osansubuntumachine/ros2_ws/install/rexrov_autonomy/lib/rexrov_autonomy
[2.293s] Installing autonomous_reset script to /home/osansubuntumachine/ros2_ws/install/rexrov_autonomy/lib/rexrov_autonomy
[2.293s] Installing autopath script to /home/osansubuntumachine/ros2_ws/install/rexrov_autonomy/lib/rexrov_autonomy
[2.293s] writing list of installed files to '/home/osansubuntumachine/ros2_ws/build/rexrov_autonomy/install.log'
[2.329s] Invoked command in '/home/osansubuntumachine/ros2_ws/src/rexrov_autonomy' returned '0': PYTHONPATH=/home/osansubuntumachine/ros2_ws/build/rexrov_autonomy/prefix_override:/usr/lib/python3/dist-packages/colcon_core/task/python/colcon_distutils_commands:/home/osansubuntumachine/ros2_ws/install/rexrov_autonomy/lib/python3.8/site-packages:${PYTHONPATH} /usr/bin/python3 -W ignore:setup.py install is deprecated -W ignore:easy_install command is deprecated setup.py egg_info --egg-base ../../build/rexrov_autonomy build --build-base /home/osansubuntumachine/ros2_ws/build/rexrov_autonomy/build install --record /home/osansubuntumachine/ros2_ws/build/rexrov_autonomy/install.log --install-scripts $base/lib/rexrov_autonomy --single-version-externally-managed install_data
