[0.031s] Invoking command in '/home/osansubuntumachine/ros2_ws/build/uuv_thruster_manager': CMAKE_PREFIX_PATH=/home/osansubuntumachine/ros2_ws/install/uuv_assistants:/home/osansubuntumachine/ros2_ws/install/uuv_gazebo_ros_plugins_msgs:/home/osansubuntumachine/ros2_ws/install/plankton_utils:/home/osansubuntumachine/ros2_ws/install/plankton:/home/osansubuntumachine/ros2_ws/install/uuv_simulator:/home/osansubuntumachine/ros2_ws/install/uuv_world_ros_plugins:/home/osansubuntumachine/ros2_ws/install/uuv_tutorials:/home/osansubuntumachine/ros2_ws/install/uuv_tutorial_dp_controller:/home/osansubuntumachine/ros2_ws/install/uuv_tutorial_disturbances:/home/osansubuntumachine/ros2_ws/install/uuv_control_utils:/home/osansubuntumachine/ros2_ws/install/uuv_world_ros_plugins_msgs:/home/osansubuntumachine/ros2_ws/install/uuv_world_plugins:/home/osansubuntumachine/ros2_ws/install/uuv_tutorial_seabed_world:/home/osansubuntumachine/ros2_ws/install/uuv_trajectory_control:/home/osansubuntumachine/ros2_ws/install/uuv_teleop:/home/osansubuntumachine/ros2_ws/install/uuv_thruster_manager:/home/osansubuntumachine/ros2_ws/install/uuv_descriptions:/home/osansubuntumachine/ros2_ws/install/uuv_sensor_ros_plugins:/home/osansubuntumachine/ros2_ws/install/uuv_sensor_ros_plugins_msgs:/home/osansubuntumachine/ros2_ws/install/uuv_gazebo_worlds:/home/osansubuntumachine/ros2_ws/install/uuv_gazebo_ros_plugins:/home/osansubuntumachine/ros2_ws/install/uuv_gazebo_plugins:/home/osansubuntumachine/ros2_ws/install/uuv_gazebo:/home/osansubuntumachine/ros2_ws/install/uuv_control_msgs:/home/osansubuntumachine/ros2_ws/install/uuv_control_cascaded_pid:/home/osansubuntumachine/ros2_ws/install/uuv_auv_control_allocator:/home/osansubuntumachine/ros2_ws/install/rexrov_interfaces:/home/osansubuntumachine/ros2_ws/install/rexrov_autonomy:/opt/ros/foxy LD_LIBRARY_PATH=/home/osansubuntumachine/ros2_ws/install/uuv_gazebo_ros_plugins_msgs/lib:/home/osansubuntumachine/ros2_ws/install/uuv_world_ros_plugins/lib:/home/osansubuntumachine/ros2_ws/install/uuv_world_ros_plugins_msgs/lib:/home/osansubuntumachine/ros2_ws/install/uuv_world_plugins/lib:/home/osansubuntumachine/ros2_ws/install/uuv_thruster_manager/lib:/home/osansubuntumachine/ros2_ws/install/uuv_sensor_ros_plugins/lib:/home/osansubuntumachine/ros2_ws/install/uuv_sensor_ros_plugins_msgs/lib:/home/osansubuntumachine/ros2_ws/install/uuv_gazebo_ros_plugins/lib:/home/osansubuntumachine/ros2_ws/install/uuv_gazebo_plugins/lib:/home/osansubuntumachine/ros2_ws/install/uuv_control_msgs/lib:/home/osansubuntumachine/ros2_ws/install/uuv_auv_control_allocator/lib:/home/osansubuntumachine/ros2_ws/install/rexrov_interfaces/lib:/usr/lib/x86_64-linux-gnu/gazebo-11/plugins:/opt/ros/foxy/opt/yaml_cpp_vendor/lib:/opt/ros/foxy/opt/rviz_ogre_vendor/lib:/opt/ros/foxy/lib/x86_64-linux-gnu:/opt/ros/foxy/lib PYTHONPATH=/home/osansubuntumachine/ros2_ws/install/uuv_assistants/lib/python3.8/site-packages:/home/osansubuntumachine/ros2_ws/install/uuv_gazebo_ros_plugins_msgs/lib/python3.8/site-packages:/home/osansubuntumachine/ros2_ws/install/plankton_utils/lib/python3.8/site-packages:/home/osansubuntumachine/ros2_ws/install/uuv_world_ros_plugins_msgs/lib/python3.8/site-packages:/home/osansubuntumachine/ros2_ws/install/uuv_trajectory_control/lib/python3.8/site-packages:/home/osansubuntumachine/ros2_ws/install/uuv_thruster_manager/lib/python3.8/site-packages:/home/osansubuntumachine/ros2_ws/install/uuv_sensor_ros_plugins_msgs/lib/python3.8/site-packages:/home/osansubuntumachine/ros2_ws/install/uuv_control_msgs/lib/python3.8/site-packages:/home/osansubuntumachine/ros2_ws/install/uuv_control_cascaded_pid/lib/python3.8/site-packages:/home/osansubuntumachine/ros2_ws/install/uuv_auv_control_allocator/lib/python3.8/site-packages:/home/osansubuntumachine/ros2_ws/install/rexrov_autonomy/lib/python3.8/site-packages:/home/osansubuntumachine/ros2_ws/install/rexrov_interfaces/lib/python3.8/site-packages:/opt/ros/foxy/lib/python3.8/site-packages /usr/bin/cmake --build /home/osansubuntumachine/ros2_ws/build/uuv_thruster_manager -- -j4 -l4
[0.203s] [  1%] Built target uuv_thruster_manager__cpp
[0.221s] [ 12%] Built target uuv_thruster_manager__rosidl_generator_c
[0.318s] [ 23%] Built target uuv_thruster_manager__rosidl_typesupport_introspection_cpp
[0.328s] [ 34%] Built target uuv_thruster_manager__rosidl_typesupport_fastrtps_cpp
[0.329s] [ 45%] Built target uuv_thruster_manager__rosidl_typesupport_cpp
[0.380s] [ 56%] Built target uuv_thruster_manager__rosidl_typesupport_introspection_c
[0.401s] [ 67%] Built target uuv_thruster_manager__rosidl_typesupport_c
[0.502s] [ 78%] Built target uuv_thruster_manager__rosidl_typesupport_fastrtps_c
[0.574s] [ 78%] Built target uuv_thruster_manager
[0.651s] [ 80%] Built target uuv_thruster_manager__py
[0.792s] [ 89%] Built target uuv_thruster_manager__python
[0.904s] [ 92%] Built target uuv_thruster_manager__rosidl_typesupport_c__pyext
[0.925s] [ 96%] Built target uuv_thruster_manager__rosidl_typesupport_introspection_c__pyext
[0.932s] [100%] Built target uuv_thruster_manager__rosidl_typesupport_fastrtps_c__pyext
[1.035s] Invoked command in '/home/osansubuntumachine/ros2_ws/build/uuv_thruster_manager' returned '0': CMAKE_PREFIX_PATH=/home/osansubuntumachine/ros2_ws/install/uuv_assistants:/home/osansubuntumachine/ros2_ws/install/uuv_gazebo_ros_plugins_msgs:/home/osansubuntumachine/ros2_ws/install/plankton_utils:/home/osansubuntumachine/ros2_ws/install/plankton:/home/osansubuntumachine/ros2_ws/install/uuv_simulator:/home/osansubuntumachine/ros2_ws/install/uuv_world_ros_plugins:/home/osansubuntumachine/ros2_ws/install/uuv_tutorials:/home/osansubuntumachine/ros2_ws/install/uuv_tutorial_dp_controller:/home/osansubuntumachine/ros2_ws/install/uuv_tutorial_disturbances:/home/osansubuntumachine/ros2_ws/install/uuv_control_utils:/home/osansubuntumachine/ros2_ws/install/uuv_world_ros_plugins_msgs:/home/osansubuntumachine/ros2_ws/install/uuv_world_plugins:/home/osansubuntumachine/ros2_ws/install/uuv_tutorial_seabed_world:/home/osansubuntumachine/ros2_ws/install/uuv_trajectory_control:/home/osansubuntumachine/ros2_ws/install/uuv_teleop:/home/osansubuntumachine/ros2_ws/install/uuv_thruster_manager:/home/osansubuntumachine/ros2_ws/install/uuv_descriptions:/home/osansubuntumachine/ros2_ws/install/uuv_sensor_ros_plugins:/home/osansubuntumachine/ros2_ws/install/uuv_sensor_ros_plugins_msgs:/home/osansubuntumachine/ros2_ws/install/uuv_gazebo_worlds:/home/osansubuntumachine/ros2_ws/install/uuv_gazebo_ros_plugins:/home/osansubuntumachine/ros2_ws/install/uuv_gazebo_plugins:/home/osansubuntumachine/ros2_ws/install/uuv_gazebo:/home/osansubuntumachine/ros2_ws/install/uuv_control_msgs:/home/osansubuntumachine/ros2_ws/install/uuv_control_cascaded_pid:/home/osansubuntumachine/ros2_ws/install/uuv_auv_control_allocator:/home/osansubuntumachine/ros2_ws/install/rexrov_interfaces:/home/osansubuntumachine/ros2_ws/install/rexrov_autonomy:/opt/ros/foxy LD_LIBRARY_PATH=/home/osansubuntumachine/ros2_ws/install/uuv_gazebo_ros_plugins_msgs/lib:/home/osansubuntumachine/ros2_ws/install/uuv_world_ros_plugins/lib:/home/osansubuntumachine/ros2_ws/install/uuv_world_ros_plugins_msgs/lib:/home/osansubuntumachine/ros2_ws/install/uuv_world_plugins/lib:/home/osansubuntumachine/ros2_ws/install/uuv_thruster_manager/lib:/home/osansubuntumachine/ros2_ws/install/uuv_sensor_ros_plugins/lib:/home/osansubuntumachine/ros2_ws/install/uuv_sensor_ros_plugins_msgs/lib:/home/osansubuntumachine/ros2_ws/install/uuv_gazebo_ros_plugins/lib:/home/osansubuntumachine/ros2_ws/install/uuv_gazebo_plugins/lib:/home/osansubuntumachine/ros2_ws/install/uuv_control_msgs/lib:/home/osansubuntumachine/ros2_ws/install/uuv_auv_control_allocator/lib:/home/osansubuntumachine/ros2_ws/install/rexrov_interfaces/lib:/usr/lib/x86_64-linux-gnu/gazebo-11/plugins:/opt/ros/foxy/opt/yaml_cpp_vendor/lib:/opt/ros/foxy/opt/rviz_ogre_vendor/lib:/opt/ros/foxy/lib/x86_64-linux-gnu:/opt/ros/foxy/lib PYTHONPATH=/home/osansubuntumachine/ros2_ws/install/uuv_assistants/lib/python3.8/site-packages:/home/osansubuntumachine/ros2_ws/install/uuv_gazebo_ros_plugins_msgs/lib/python3.8/site-packages:/home/osansubuntumachine/ros2_ws/install/plankton_utils/lib/python3.8/site-packages:/home/osansubuntumachine/ros2_ws/install/uuv_world_ros_plugins_msgs/lib/python3.8/site-packages:/home/osansubuntumachine/ros2_ws/install/uuv_trajectory_control/lib/python3.8/site-packages:/home/osansubuntumachine/ros2_ws/install/uuv_thruster_manager/lib/python3.8/site-packages:/home/osansubuntumachine/ros2_ws/install/uuv_sensor_ros_plugins_msgs/lib/python3.8/site-packages:/home/osansubuntumachine/ros2_ws/install/uuv_control_msgs/lib/python3.8/site-packages:/home/osansubuntumachine/ros2_ws/install/uuv_control_cascaded_pid/lib/python3.8/site-packages:/home/osansubuntumachine/ros2_ws/install/uuv_auv_control_allocator/lib/python3.8/site-packages:/home/osansubuntumachine/ros2_ws/install/rexrov_autonomy/lib/python3.8/site-packages:/home/osansubuntumachine/ros2_ws/install/rexrov_interfaces/lib/python3.8/site-packages:/opt/ros/foxy/lib/python3.8/site-packages /usr/bin/cmake --build /home/osansubuntumachine/ros2_ws/build/uuv_thruster_manager -- -j4 -l4
[1.039s] Invoking command in '/home/osansubuntumachine/ros2_ws/build/uuv_thruster_manager': CMAKE_PREFIX_PATH=/home/osansubuntumachine/ros2_ws/install/uuv_assistants:/home/osansubuntumachine/ros2_ws/install/uuv_gazebo_ros_plugins_msgs:/home/osansubuntumachine/ros2_ws/install/plankton_utils:/home/osansubuntumachine/ros2_ws/install/plankton:/home/osansubuntumachine/ros2_ws/install/uuv_simulator:/home/osansubuntumachine/ros2_ws/install/uuv_world_ros_plugins:/home/osansubuntumachine/ros2_ws/install/uuv_tutorials:/home/osansubuntumachine/ros2_ws/install/uuv_tutorial_dp_controller:/home/osansubuntumachine/ros2_ws/install/uuv_tutorial_disturbances:/home/osansubuntumachine/ros2_ws/install/uuv_control_utils:/home/osansubuntumachine/ros2_ws/install/uuv_world_ros_plugins_msgs:/home/osansubuntumachine/ros2_ws/install/uuv_world_plugins:/home/osansubuntumachine/ros2_ws/install/uuv_tutorial_seabed_world:/home/osansubuntumachine/ros2_ws/install/uuv_trajectory_control:/home/osansubuntumachine/ros2_ws/install/uuv_teleop:/home/osansubuntumachine/ros2_ws/install/uuv_thruster_manager:/home/osansubuntumachine/ros2_ws/install/uuv_descriptions:/home/osansubuntumachine/ros2_ws/install/uuv_sensor_ros_plugins:/home/osansubuntumachine/ros2_ws/install/uuv_sensor_ros_plugins_msgs:/home/osansubuntumachine/ros2_ws/install/uuv_gazebo_worlds:/home/osansubuntumachine/ros2_ws/install/uuv_gazebo_ros_plugins:/home/osansubuntumachine/ros2_ws/install/uuv_gazebo_plugins:/home/osansubuntumachine/ros2_ws/install/uuv_gazebo:/home/osansubuntumachine/ros2_ws/install/uuv_control_msgs:/home/osansubuntumachine/ros2_ws/install/uuv_control_cascaded_pid:/home/osansubuntumachine/ros2_ws/install/uuv_auv_control_allocator:/home/osansubuntumachine/ros2_ws/install/rexrov_interfaces:/home/osansubuntumachine/ros2_ws/install/rexrov_autonomy:/opt/ros/foxy LD_LIBRARY_PATH=/home/osansubuntumachine/ros2_ws/install/uuv_gazebo_ros_plugins_msgs/lib:/home/osansubuntumachine/ros2_ws/install/uuv_world_ros_plugins/lib:/home/osansubuntumachine/ros2_ws/install/uuv_world_ros_plugins_msgs/lib:/home/osansubuntumachine/ros2_ws/install/uuv_world_plugins/lib:/home/osansubuntumachine/ros2_ws/install/uuv_thruster_manager/lib:/home/osansubuntumachine/ros2_ws/install/uuv_sensor_ros_plugins/lib:/home/osansubuntumachine/ros2_ws/install/uuv_sensor_ros_plugins_msgs/lib:/home/osansubuntumachine/ros2_ws/install/uuv_gazebo_ros_plugins/lib:/home/osansubuntumachine/ros2_ws/install/uuv_gazebo_plugins/lib:/home/osansubuntumachine/ros2_ws/install/uuv_control_msgs/lib:/home/osansubuntumachine/ros2_ws/install/uuv_auv_control_allocator/lib:/home/osansubuntumachine/ros2_ws/install/rexrov_interfaces/lib:/usr/lib/x86_64-linux-gnu/gazebo-11/plugins:/opt/ros/foxy/opt/yaml_cpp_vendor/lib:/opt/ros/foxy/opt/rviz_ogre_vendor/lib:/opt/ros/foxy/lib/x86_64-linux-gnu:/opt/ros/foxy/lib PYTHONPATH=/home/osansubuntumachine/ros2_ws/install/uuv_assistants/lib/python3.8/site-packages:/home/osansubuntumachine/ros2_ws/install/uuv_gazebo_ros_plugins_msgs/lib/python3.8/site-packages:/home/osansubuntumachine/ros2_ws/install/plankton_utils/lib/python3.8/site-packages:/home/osansubuntumachine/ros2_ws/install/uuv_world_ros_plugins_msgs/lib/python3.8/site-packages:/home/osansubuntumachine/ros2_ws/install/uuv_trajectory_control/lib/python3.8/site-packages:/home/osansubuntumachine/ros2_ws/install/uuv_thruster_manager/lib/python3.8/site-packages:/home/osansubuntumachine/ros2_ws/install/uuv_sensor_ros_plugins_msgs/lib/python3.8/site-packages:/home/osansubuntumachine/ros2_ws/install/uuv_control_msgs/lib/python3.8/site-packages:/home/osansubuntumachine/ros2_ws/install/uuv_control_cascaded_pid/lib/python3.8/site-packages:/home/osansubuntumachine/ros2_ws/install/uuv_auv_control_allocator/lib/python3.8/site-packages:/home/osansubuntumachine/ros2_ws/install/rexrov_autonomy/lib/python3.8/site-packages:/home/osansubuntumachine/ros2_ws/install/rexrov_interfaces/lib/python3.8/site-packages:/opt/ros/foxy/lib/python3.8/site-packages /usr/bin/cmake --install /home/osansubuntumachine/ros2_ws/build/uuv_thruster_manager
[1.087s] -- Install configuration: ""
[1.087s] -- Up-to-date: /home/osansubuntumachine/ros2_ws/install/uuv_thruster_manager/share/ament_index/resource_index/rosidl_interfaces/uuv_thruster_manager
[1.087s] -- Up-to-date: /home/osansubuntumachine/ros2_ws/install/uuv_thruster_manager/include/uuv_thruster_manager
[1.087s] -- Up-to-date: /home/osansubuntumachine/ros2_ws/install/uuv_thruster_manager/include/uuv_thruster_manager/msg
[1.087s] -- Up-to-date: /home/osansubuntumachine/ros2_ws/install/uuv_thruster_manager/include/uuv_thruster_manager/msg/rosidl_generator_c__visibility_control.h
[1.087s] -- Up-to-date: /home/osansubuntumachine/ros2_ws/install/uuv_thruster_manager/include/uuv_thruster_manager/srv
[1.087s] -- Up-to-date: /home/osansubuntumachine/ros2_ws/install/uuv_thruster_manager/include/uuv_thruster_manager/srv/set_thruster_manager_config.h
[1.087s] -- Up-to-date: /home/osansubuntumachine/ros2_ws/install/uuv_thruster_manager/include/uuv_thruster_manager/srv/thruster_manager_info.h
[1.087s] -- Up-to-date: /home/osansubuntumachine/ros2_ws/install/uuv_thruster_manager/include/uuv_thruster_manager/srv/get_thruster_curve.h
[1.087s] -- Up-to-date: /home/osansubuntumachine/ros2_ws/install/uuv_thruster_manager/include/uuv_thruster_manager/srv/get_thruster_manager_config.h
[1.090s] -- Up-to-date: /home/osansubuntumachine/ros2_ws/install/uuv_thruster_manager/include/uuv_thruster_manager/srv/detail
[1.090s] -- Up-to-date: /home/osansubuntumachine/ros2_ws/install/uuv_thruster_manager/include/uuv_thruster_manager/srv/detail/set_thruster_manager_config__type_support.h
[1.091s] -- Up-to-date: /home/osansubuntumachine/ros2_ws/install/uuv_thruster_manager/include/uuv_thruster_manager/srv/detail/set_thruster_manager_config__struct.h
[1.091s] -- Up-to-date: /home/osansubuntumachine/ros2_ws/install/uuv_thruster_manager/include/uuv_thruster_manager/srv/detail/get_thruster_manager_config__functions.c
[1.091s] -- Up-to-date: /home/osansubuntumachine/ros2_ws/install/uuv_thruster_manager/include/uuv_thruster_manager/srv/detail/get_thruster_curve__struct.h
[1.091s] -- Up-to-date: /home/osansubuntumachine/ros2_ws/install/uuv_thruster_manager/include/uuv_thruster_manager/srv/detail/get_thruster_manager_config__type_support.h
[1.091s] -- Up-to-date: /home/osansubuntumachine/ros2_ws/install/uuv_thruster_manager/include/uuv_thruster_manager/srv/detail/set_thruster_manager_config__functions.c
[1.091s] -- Up-to-date: /home/osansubuntumachine/ros2_ws/install/uuv_thruster_manager/include/uuv_thruster_manager/srv/detail/get_thruster_curve__functions.h
[1.091s] -- Up-to-date: /home/osansubuntumachine/ros2_ws/install/uuv_thruster_manager/include/uuv_thruster_manager/srv/detail/get_thruster_curve__type_support.h
[1.091s] -- Up-to-date: /home/osansubuntumachine/ros2_ws/install/uuv_thruster_manager/include/uuv_thruster_manager/srv/detail/get_thruster_manager_config__struct.h
[1.091s] -- Up-to-date: /home/osansubuntumachine/ros2_ws/install/uuv_thruster_manager/include/uuv_thruster_manager/srv/detail/thruster_manager_info__functions.c
[1.091s] -- Up-to-date: /home/osansubuntumachine/ros2_ws/install/uuv_thruster_manager/include/uuv_thruster_manager/srv/detail/thruster_manager_info__functions.h
[1.091s] -- Up-to-date: /home/osansubuntumachine/ros2_ws/install/uuv_thruster_manager/include/uuv_thruster_manager/srv/detail/thruster_manager_info__type_support.h
[1.091s] -- Up-to-date: /home/osansubuntumachine/ros2_ws/install/uuv_thruster_manager/include/uuv_thruster_manager/srv/detail/get_thruster_curve__functions.c
[1.095s] -- Up-to-date: /home/osansubuntumachine/ros2_ws/install/uuv_thruster_manager/include/uuv_thruster_manager/srv/detail/get_thruster_manager_config__functions.h
[1.095s] -- Up-to-date: /home/osansubuntumachine/ros2_ws/install/uuv_thruster_manager/include/uuv_thruster_manager/srv/detail/thruster_manager_info__struct.h
[1.095s] -- Up-to-date: /home/osansubuntumachine/ros2_ws/install/uuv_thruster_manager/include/uuv_thruster_manager/srv/detail/set_thruster_manager_config__functions.h
[1.095s] -- Up-to-date: /home/osansubuntumachine/ros2_ws/install/uuv_thruster_manager/share/uuv_thruster_manager/environment/library_path.sh
[1.095s] -- Up-to-date: /home/osansubuntumachine/ros2_ws/install/uuv_thruster_manager/share/uuv_thruster_manager/environment/library_path.dsv
[1.097s] -- Up-to-date: /home/osansubuntumachine/ros2_ws/install/uuv_thruster_manager/lib/libuuv_thruster_manager__rosidl_generator_c.so
[1.098s] -- Up-to-date: /home/osansubuntumachine/ros2_ws/install/uuv_thruster_manager/include/uuv_thruster_manager
[1.098s] -- Up-to-date: /home/osansubuntumachine/ros2_ws/install/uuv_thruster_manager/include/uuv_thruster_manager/msg
[1.098s] -- Up-to-date: /home/osansubuntumachine/ros2_ws/install/uuv_thruster_manager/include/uuv_thruster_manager/msg/rosidl_typesupport_fastrtps_c__visibility_control.h
[1.098s] -- Up-to-date: /home/osansubuntumachine/ros2_ws/install/uuv_thruster_manager/include/uuv_thruster_manager/srv
[1.098s] -- Up-to-date: /home/osansubuntumachine/ros2_ws/install/uuv_thruster_manager/include/uuv_thruster_manager/srv/detail
[1.098s] -- Up-to-date: /home/osansubuntumachine/ros2_ws/install/uuv_thruster_manager/include/uuv_thruster_manager/srv/detail/set_thruster_manager_config__rosidl_typesupport_fastrtps_c.h
[1.098s] -- Up-to-date: /home/osansubuntumachine/ros2_ws/install/uuv_thruster_manager/include/uuv_thruster_manager/srv/detail/thruster_manager_info__rosidl_typesupport_fastrtps_c.h
[1.098s] -- Up-to-date: /home/osansubuntumachine/ros2_ws/install/uuv_thruster_manager/include/uuv_thruster_manager/srv/detail/get_thruster_curve__rosidl_typesupport_fastrtps_c.h
[1.098s] -- Up-to-date: /home/osansubuntumachine/ros2_ws/install/uuv_thruster_manager/include/uuv_thruster_manager/srv/detail/get_thruster_manager_config__rosidl_typesupport_fastrtps_c.h
[1.107s] -- Up-to-date: /home/osansubuntumachine/ros2_ws/install/uuv_thruster_manager/lib/libuuv_thruster_manager__rosidl_typesupport_fastrtps_c.so
[1.107s] -- Up-to-date: /home/osansubuntumachine/ros2_ws/install/uuv_thruster_manager/include/uuv_thruster_manager
[1.107s] -- Up-to-date: /home/osansubuntumachine/ros2_ws/install/uuv_thruster_manager/include/uuv_thruster_manager/msg
[1.107s] -- Up-to-date: /home/osansubuntumachine/ros2_ws/install/uuv_thruster_manager/include/uuv_thruster_manager/msg/rosidl_typesupport_fastrtps_cpp__visibility_control.h
[1.107s] -- Up-to-date: /home/osansubuntumachine/ros2_ws/install/uuv_thruster_manager/include/uuv_thruster_manager/srv
[1.107s] -- Up-to-date: /home/osansubuntumachine/ros2_ws/install/uuv_thruster_manager/include/uuv_thruster_manager/srv/detail
[1.107s] -- Up-to-date: /home/osansubuntumachine/ros2_ws/install/uuv_thruster_manager/include/uuv_thruster_manager/srv/detail/get_thruster_curve__rosidl_typesupport_fastrtps_cpp.hpp
[1.107s] -- Up-to-date: /home/osansubuntumachine/ros2_ws/install/uuv_thruster_manager/include/uuv_thruster_manager/srv/detail/thruster_manager_info__rosidl_typesupport_fastrtps_cpp.hpp
[1.107s] -- Up-to-date: /home/osansubuntumachine/ros2_ws/install/uuv_thruster_manager/include/uuv_thruster_manager/srv/detail/set_thruster_manager_config__rosidl_typesupport_fastrtps_cpp.hpp
[1.107s] -- Up-to-date: /home/osansubuntumachine/ros2_ws/install/uuv_thruster_manager/include/uuv_thruster_manager/srv/detail/dds_fastrtps
[1.107s] -- Up-to-date: /home/osansubuntumachine/ros2_ws/install/uuv_thruster_manager/include/uuv_thruster_manager/srv/detail/get_thruster_manager_config__rosidl_typesupport_fastrtps_cpp.hpp
[1.107s] -- Up-to-date: /home/osansubuntumachine/ros2_ws/install/uuv_thruster_manager/lib/libuuv_thruster_manager__rosidl_typesupport_fastrtps_cpp.so
[1.107s] -- Up-to-date: /home/osansubuntumachine/ros2_ws/install/uuv_thruster_manager/include/uuv_thruster_manager
[1.107s] -- Up-to-date: /home/osansubuntumachine/ros2_ws/install/uuv_thruster_manager/include/uuv_thruster_manager/msg
[1.107s] -- Up-to-date: /home/osansubuntumachine/ros2_ws/install/uuv_thruster_manager/include/uuv_thruster_manager/msg/rosidl_typesupport_introspection_c__visibility_control.h
[1.108s] -- Up-to-date: /home/osansubuntumachine/ros2_ws/install/uuv_thruster_manager/include/uuv_thruster_manager/srv
[1.108s] -- Up-to-date: /home/osansubuntumachine/ros2_ws/install/uuv_thruster_manager/include/uuv_thruster_manager/srv/detail
[1.108s] -- Up-to-date: /home/osansubuntumachine/ros2_ws/install/uuv_thruster_manager/include/uuv_thruster_manager/srv/detail/thruster_manager_info__rosidl_typesupport_introspection_c.h
[1.108s] -- Up-to-date: /home/osansubuntumachine/ros2_ws/install/uuv_thruster_manager/include/uuv_thruster_manager/srv/detail/thruster_manager_info__type_support.c
[1.108s] -- Up-to-date: /home/osansubuntumachine/ros2_ws/install/uuv_thruster_manager/include/uuv_thruster_manager/srv/detail/get_thruster_manager_config__type_support.c
[1.108s] -- Up-to-date: /home/osansubuntumachine/ros2_ws/install/uuv_thruster_manager/include/uuv_thruster_manager/srv/detail/get_thruster_curve__type_support.c
[1.108s] -- Up-to-date: /home/osansubuntumachine/ros2_ws/install/uuv_thruster_manager/include/uuv_thruster_manager/srv/detail/set_thruster_manager_config__rosidl_typesupport_introspection_c.h
[1.108s] -- Up-to-date: /home/osansubuntumachine/ros2_ws/install/uuv_thruster_manager/include/uuv_thruster_manager/srv/detail/get_thruster_curve__rosidl_typesupport_introspection_c.h
[1.108s] -- Up-to-date: /home/osansubuntumachine/ros2_ws/install/uuv_thruster_manager/include/uuv_thruster_manager/srv/detail/get_thruster_manager_config__rosidl_typesupport_introspection_c.h
[1.108s] -- Up-to-date: /home/osansubuntumachine/ros2_ws/install/uuv_thruster_manager/include/uuv_thruster_manager/srv/detail/set_thruster_manager_config__type_support.c
[1.117s] -- Up-to-date: /home/osansubuntumachine/ros2_ws/install/uuv_thruster_manager/lib/libuuv_thruster_manager__rosidl_typesupport_introspection_c.so
[1.117s] -- Up-to-date: /home/osansubuntumachine/ros2_ws/install/uuv_thruster_manager/lib/libuuv_thruster_manager__rosidl_typesupport_c.so
[1.117s] -- Up-to-date: /home/osansubuntumachine/ros2_ws/install/uuv_thruster_manager/include/uuv_thruster_manager
[1.117s] -- Up-to-date: /home/osansubuntumachine/ros2_ws/install/uuv_thruster_manager/include/uuv_thruster_manager/msg
[1.117s] -- Up-to-date: /home/osansubuntumachine/ros2_ws/install/uuv_thruster_manager/include/uuv_thruster_manager/msg/rosidl_generator_cpp__visibility_control.hpp
[1.117s] -- Up-to-date: /home/osansubuntumachine/ros2_ws/install/uuv_thruster_manager/include/uuv_thruster_manager/srv
[1.117s] -- Up-to-date: /home/osansubuntumachine/ros2_ws/install/uuv_thruster_manager/include/uuv_thruster_manager/srv/thruster_manager_info.hpp
[1.118s] -- Up-to-date: /home/osansubuntumachine/ros2_ws/install/uuv_thruster_manager/include/uuv_thruster_manager/srv/set_thruster_manager_config.hpp
[1.118s] -- Up-to-date: /home/osansubuntumachine/ros2_ws/install/uuv_thruster_manager/include/uuv_thruster_manager/srv/get_thruster_curve.hpp
[1.118s] -- Up-to-date: /home/osansubuntumachine/ros2_ws/install/uuv_thruster_manager/include/uuv_thruster_manager/srv/get_thruster_manager_config.hpp
[1.118s] -- Up-to-date: /home/osansubuntumachine/ros2_ws/install/uuv_thruster_manager/include/uuv_thruster_manager/srv/detail
[1.118s] -- Up-to-date: /home/osansubuntumachine/ros2_ws/install/uuv_thruster_manager/include/uuv_thruster_manager/srv/detail/thruster_manager_info__traits.hpp
[1.118s] -- Up-to-date: /home/osansubuntumachine/ros2_ws/install/uuv_thruster_manager/include/uuv_thruster_manager/srv/detail/set_thruster_manager_config__struct.hpp
[1.118s] -- Up-to-date: /home/osansubuntumachine/ros2_ws/install/uuv_thruster_manager/include/uuv_thruster_manager/srv/detail/get_thruster_manager_config__struct.hpp
[1.118s] -- Up-to-date: /home/osansubuntumachine/ros2_ws/install/uuv_thruster_manager/include/uuv_thruster_manager/srv/detail/get_thruster_curve__type_support.hpp
[1.118s] -- Up-to-date: /home/osansubuntumachine/ros2_ws/install/uuv_thruster_manager/include/uuv_thruster_manager/srv/detail/get_thruster_manager_config__type_support.hpp
[1.118s] -- Up-to-date: /home/osansubuntumachine/ros2_ws/install/uuv_thruster_manager/include/uuv_thruster_manager/srv/detail/thruster_manager_info__type_support.hpp
[1.118s] -- Up-to-date: /home/osansubuntumachine/ros2_ws/install/uuv_thruster_manager/include/uuv_thruster_manager/srv/detail/set_thruster_manager_config__builder.hpp
[1.118s] -- Up-to-date: /home/osansubuntumachine/ros2_ws/install/uuv_thruster_manager/include/uuv_thruster_manager/srv/detail/get_thruster_manager_config__builder.hpp
[1.118s] -- Up-to-date: /home/osansubuntumachine/ros2_ws/install/uuv_thruster_manager/include/uuv_thruster_manager/srv/detail/set_thruster_manager_config__type_support.hpp
[1.118s] -- Up-to-date: /home/osansubuntumachine/ros2_ws/install/uuv_thruster_manager/include/uuv_thruster_manager/srv/detail/get_thruster_manager_config__traits.hpp
[1.118s] -- Up-to-date: /home/osansubuntumachine/ros2_ws/install/uuv_thruster_manager/include/uuv_thruster_manager/srv/detail/get_thruster_curve__struct.hpp
[1.118s] -- Up-to-date: /home/osansubuntumachine/ros2_ws/install/uuv_thruster_manager/include/uuv_thruster_manager/srv/detail/thruster_manager_info__struct.hpp
[1.118s] -- Up-to-date: /home/osansubuntumachine/ros2_ws/install/uuv_thruster_manager/include/uuv_thruster_manager/srv/detail/get_thruster_curve__builder.hpp
[1.118s] -- Up-to-date: /home/osansubuntumachine/ros2_ws/install/uuv_thruster_manager/include/uuv_thruster_manager/srv/detail/get_thruster_curve__traits.hpp
[1.118s] -- Up-to-date: /home/osansubuntumachine/ros2_ws/install/uuv_thruster_manager/include/uuv_thruster_manager/srv/detail/thruster_manager_info__builder.hpp
[1.119s] -- Up-to-date: /home/osansubuntumachine/ros2_ws/install/uuv_thruster_manager/include/uuv_thruster_manager/srv/detail/set_thruster_manager_config__traits.hpp
[1.119s] -- Up-to-date: /home/osansubuntumachine/ros2_ws/install/uuv_thruster_manager/include/uuv_thruster_manager
[1.123s] -- Up-to-date: /home/osansubuntumachine/ros2_ws/install/uuv_thruster_manager/include/uuv_thruster_manager/srv
[1.123s] -- Up-to-date: /home/osansubuntumachine/ros2_ws/install/uuv_thruster_manager/include/uuv_thruster_manager/srv/detail
[1.123s] -- Up-to-date: /home/osansubuntumachine/ros2_ws/install/uuv_thruster_manager/include/uuv_thruster_manager/srv/detail/set_thruster_manager_config__type_support.cpp
[1.124s] -- Up-to-date: /home/osansubuntumachine/ros2_ws/install/uuv_thruster_manager/include/uuv_thruster_manager/srv/detail/set_thruster_manager_config__rosidl_typesupport_introspection_cpp.hpp
[1.124s] -- Up-to-date: /home/osansubuntumachine/ros2_ws/install/uuv_thruster_manager/include/uuv_thruster_manager/srv/detail/get_thruster_curve__type_support.cpp
[1.124s] -- Up-to-date: /home/osansubuntumachine/ros2_ws/install/uuv_thruster_manager/include/uuv_thruster_manager/srv/detail/thruster_manager_info__rosidl_typesupport_introspection_cpp.hpp
[1.125s] -- Up-to-date: /home/osansubuntumachine/ros2_ws/install/uuv_thruster_manager/include/uuv_thruster_manager/srv/detail/get_thruster_manager_config__type_support.cpp
[1.125s] -- Up-to-date: /home/osansubuntumachine/ros2_ws/install/uuv_thruster_manager/include/uuv_thruster_manager/srv/detail/get_thruster_manager_config__rosidl_typesupport_introspection_cpp.hpp
[1.125s] -- Up-to-date: /home/osansubuntumachine/ros2_ws/install/uuv_thruster_manager/include/uuv_thruster_manager/srv/detail/thruster_manager_info__type_support.cpp
[1.125s] -- Up-to-date: /home/osansubuntumachine/ros2_ws/install/uuv_thruster_manager/include/uuv_thruster_manager/srv/detail/get_thruster_curve__rosidl_typesupport_introspection_cpp.hpp
[1.125s] -- Up-to-date: /home/osansubuntumachine/ros2_ws/install/uuv_thruster_manager/lib/libuuv_thruster_manager__rosidl_typesupport_introspection_cpp.so
[1.125s] -- Up-to-date: /home/osansubuntumachine/ros2_ws/install/uuv_thruster_manager/lib/libuuv_thruster_manager__rosidl_typesupport_cpp.so
[1.125s] -- Up-to-date: /home/osansubuntumachine/ros2_ws/install/uuv_thruster_manager/share/uuv_thruster_manager/environment/pythonpath.sh
[1.125s] -- Up-to-date: /home/osansubuntumachine/ros2_ws/install/uuv_thruster_manager/share/uuv_thruster_manager/environment/pythonpath.dsv
[1.125s] -- Up-to-date: /home/osansubuntumachine/ros2_ws/install/uuv_thruster_manager/lib/python3.8/site-packages/uuv_thruster_manager/__init__.py
[1.195s] -- Up-to-date: /home/osansubuntumachine/ros2_ws/install/uuv_thruster_manager/lib/python3.8/site-packages/uuv_thruster_manager/srv
[1.196s] -- Up-to-date: /home/osansubuntumachine/ros2_ws/install/uuv_thruster_manager/lib/python3.8/site-packages/uuv_thruster_manager/srv/_get_thruster_manager_config.py
[1.196s] -- Up-to-date: /home/osansubuntumachine/ros2_ws/install/uuv_thruster_manager/lib/python3.8/site-packages/uuv_thruster_manager/srv/_thruster_manager_info.py
[1.196s] -- Up-to-date: /home/osansubuntumachine/ros2_ws/install/uuv_thruster_manager/lib/python3.8/site-packages/uuv_thruster_manager/srv/__init__.py
[1.196s] -- Up-to-date: /home/osansubuntumachine/ros2_ws/install/uuv_thruster_manager/lib/python3.8/site-packages/uuv_thruster_manager/srv/_get_thruster_curve.py
[1.196s] -- Up-to-date: /home/osansubuntumachine/ros2_ws/install/uuv_thruster_manager/lib/python3.8/site-packages/uuv_thruster_manager/srv/_get_thruster_manager_config_s.c
[1.196s] -- Up-to-date: /home/osansubuntumachine/ros2_ws/install/uuv_thruster_manager/lib/python3.8/site-packages/uuv_thruster_manager/srv/_thruster_manager_info_s.c
[1.196s] -- Up-to-date: /home/osansubuntumachine/ros2_ws/install/uuv_thruster_manager/lib/python3.8/site-packages/uuv_thruster_manager/srv/_set_thruster_manager_config.py
[1.196s] -- Up-to-date: /home/osansubuntumachine/ros2_ws/install/uuv_thruster_manager/lib/python3.8/site-packages/uuv_thruster_manager/srv/_set_thruster_manager_config_s.c
[1.196s] -- Up-to-date: /home/osansubuntumachine/ros2_ws/install/uuv_thruster_manager/lib/python3.8/site-packages/uuv_thruster_manager/srv/_get_thruster_curve_s.c
[1.196s] -- Up-to-date: /home/osansubuntumachine/ros2_ws/install/uuv_thruster_manager/lib/python3.8/site-packages/uuv_thruster_manager/uuv_thruster_manager_s__rosidl_typesupport_fastrtps_c.cpython-38-x86_64-linux-gnu.so
[1.200s] -- Up-to-date: /home/osansubuntumachine/ros2_ws/install/uuv_thruster_manager/lib/python3.8/site-packages/uuv_thruster_manager/uuv_thruster_manager_s__rosidl_typesupport_introspection_c.cpython-38-x86_64-linux-gnu.so
[1.211s] -- Up-to-date: /home/osansubuntumachine/ros2_ws/install/uuv_thruster_manager/lib/python3.8/site-packages/uuv_thruster_manager/uuv_thruster_manager_s__rosidl_typesupport_c.cpython-38-x86_64-linux-gnu.so
[1.211s] -- Up-to-date: /home/osansubuntumachine/ros2_ws/install/uuv_thruster_manager/lib/libuuv_thruster_manager__python.so
[1.211s] -- Up-to-date: /home/osansubuntumachine/ros2_ws/install/uuv_thruster_manager/share/uuv_thruster_manager/srv/GetThrusterCurve.idl
[1.211s] -- Up-to-date: /home/osansubuntumachine/ros2_ws/install/uuv_thruster_manager/share/uuv_thruster_manager/srv/ThrusterManagerInfo.idl
[1.211s] -- Up-to-date: /home/osansubuntumachine/ros2_ws/install/uuv_thruster_manager/share/uuv_thruster_manager/srv/SetThrusterManagerConfig.idl
[1.213s] -- Up-to-date: /home/osansubuntumachine/ros2_ws/install/uuv_thruster_manager/share/uuv_thruster_manager/srv/GetThrusterManagerConfig.idl
[1.214s] -- Up-to-date: /home/osansubuntumachine/ros2_ws/install/uuv_thruster_manager/share/uuv_thruster_manager/srv/GetThrusterCurve.srv
[1.214s] -- Up-to-date: /home/osansubuntumachine/ros2_ws/install/uuv_thruster_manager/share/uuv_thruster_manager/srv/GetThrusterCurve_Request.msg
[1.214s] -- Up-to-date: /home/osansubuntumachine/ros2_ws/install/uuv_thruster_manager/share/uuv_thruster_manager/srv/GetThrusterCurve_Response.msg
[1.214s] -- Up-to-date: /home/osansubuntumachine/ros2_ws/install/uuv_thruster_manager/share/uuv_thruster_manager/srv/ThrusterManagerInfo.srv
[1.214s] -- Up-to-date: /home/osansubuntumachine/ros2_ws/install/uuv_thruster_manager/share/uuv_thruster_manager/srv/ThrusterManagerInfo_Request.msg
[1.214s] -- Up-to-date: /home/osansubuntumachine/ros2_ws/install/uuv_thruster_manager/share/uuv_thruster_manager/srv/ThrusterManagerInfo_Response.msg
[1.214s] -- Up-to-date: /home/osansubuntumachine/ros2_ws/install/uuv_thruster_manager/share/uuv_thruster_manager/srv/SetThrusterManagerConfig.srv
[1.214s] -- Up-to-date: /home/osansubuntumachine/ros2_ws/install/uuv_thruster_manager/share/uuv_thruster_manager/srv/SetThrusterManagerConfig_Request.msg
[1.214s] -- Up-to-date: /home/osansubuntumachine/ros2_ws/install/uuv_thruster_manager/share/uuv_thruster_manager/srv/SetThrusterManagerConfig_Response.msg
[1.215s] -- Up-to-date: /home/osansubuntumachine/ros2_ws/install/uuv_thruster_manager/share/uuv_thruster_manager/srv/GetThrusterManagerConfig.srv
[1.215s] -- Up-to-date: /home/osansubuntumachine/ros2_ws/install/uuv_thruster_manager/share/uuv_thruster_manager/srv/GetThrusterManagerConfig_Request.msg
[1.215s] -- Up-to-date: /home/osansubuntumachine/ros2_ws/install/uuv_thruster_manager/share/uuv_thruster_manager/srv/GetThrusterManagerConfig_Response.msg
[1.215s] -- Up-to-date: /home/osansubuntumachine/ros2_ws/install/uuv_thruster_manager/lib/python3.8/site-packages/uuv_thrusters
[1.215s] -- Up-to-date: /home/osansubuntumachine/ros2_ws/install/uuv_thruster_manager/lib/python3.8/site-packages/uuv_thrusters/models
[1.219s] -- Up-to-date: /home/osansubuntumachine/ros2_ws/install/uuv_thruster_manager/lib/python3.8/site-packages/uuv_thrusters/models/thruster_proportional.py
[1.219s] -- Up-to-date: /home/osansubuntumachine/ros2_ws/install/uuv_thruster_manager/lib/python3.8/site-packages/uuv_thrusters/models/thruster_custom.py
[1.219s] -- Up-to-date: /home/osansubuntumachine/ros2_ws/install/uuv_thruster_manager/lib/python3.8/site-packages/uuv_thrusters/models/__init__.py
[1.219s] -- Up-to-date: /home/osansubuntumachine/ros2_ws/install/uuv_thruster_manager/lib/python3.8/site-packages/uuv_thrusters/models/thruster.py
[1.219s] -- Up-to-date: /home/osansubuntumachine/ros2_ws/install/uuv_thruster_manager/lib/python3.8/site-packages/uuv_thrusters/__init__.py
[1.219s] -- Up-to-date: /home/osansubuntumachine/ros2_ws/install/uuv_thruster_manager/lib/python3.8/site-packages/uuv_thrusters/thruster_manager.py
[1.285s] Listing '/home/osansubuntumachine/ros2_ws/install/uuv_thruster_manager/lib/python3.8/site-packages/uuv_thrusters'...
[1.285s] Listing '/home/osansubuntumachine/ros2_ws/install/uuv_thruster_manager/lib/python3.8/site-packages/uuv_thrusters/models'...
[1.285s] -- Up-to-date: /home/osansubuntumachine/ros2_ws/install/uuv_thruster_manager/lib/python3.8/site-packages/uuv_thrusters.models
[1.286s] -- Up-to-date: /home/osansubuntumachine/ros2_ws/install/uuv_thruster_manager/lib/python3.8/site-packages/uuv_thrusters.models/thruster_proportional.py
[1.286s] -- Up-to-date: /home/osansubuntumachine/ros2_ws/install/uuv_thruster_manager/lib/python3.8/site-packages/uuv_thrusters.models/thruster_custom.py
[1.286s] -- Up-to-date: /home/osansubuntumachine/ros2_ws/install/uuv_thruster_manager/lib/python3.8/site-packages/uuv_thrusters.models/__init__.py
[1.286s] -- Up-to-date: /home/osansubuntumachine/ros2_ws/install/uuv_thruster_manager/lib/python3.8/site-packages/uuv_thrusters.models/thruster.py
[1.336s] Listing '/home/osansubuntumachine/ros2_ws/install/uuv_thruster_manager/lib/python3.8/site-packages/uuv_thrusters.models'...
[1.343s] -- Up-to-date: /home/osansubuntumachine/ros2_ws/install/uuv_thruster_manager/lib/uuv_thruster_manager/thruster_allocator.py
[1.343s] -- Up-to-date: /home/osansubuntumachine/ros2_ws/install/uuv_thruster_manager/share/uuv_thruster_manager/launch
[1.344s] -- Up-to-date: /home/osansubuntumachine/ros2_ws/install/uuv_thruster_manager/share/uuv_thruster_manager/launch/thruster_manager.launch
[1.344s] -- Up-to-date: /home/osansubuntumachine/ros2_ws/install/uuv_thruster_manager/share/uuv_thruster_manager/config
[1.344s] -- Up-to-date: /home/osansubuntumachine/ros2_ws/install/uuv_thruster_manager/share/uuv_thruster_manager/config/rexrov
[1.344s] -- Up-to-date: /home/osansubuntumachine/ros2_ws/install/uuv_thruster_manager/share/uuv_thruster_manager/config/rexrov/thruster_manager.yaml
[1.344s] -- Up-to-date: /home/osansubuntumachine/ros2_ws/install/uuv_thruster_manager/share/uuv_thruster_manager/config/rexrov/TAM.yaml
[1.344s] -- Up-to-date: /home/osansubuntumachine/ros2_ws/install/uuv_thruster_manager/share/ament_index/resource_index/package_run_dependencies/uuv_thruster_manager
[1.344s] -- Up-to-date: /home/osansubuntumachine/ros2_ws/install/uuv_thruster_manager/share/ament_index/resource_index/parent_prefix_path/uuv_thruster_manager
[1.344s] -- Up-to-date: /home/osansubuntumachine/ros2_ws/install/uuv_thruster_manager/share/uuv_thruster_manager/environment/ament_prefix_path.sh
[1.344s] -- Up-to-date: /home/osansubuntumachine/ros2_ws/install/uuv_thruster_manager/share/uuv_thruster_manager/environment/ament_prefix_path.dsv
[1.344s] -- Up-to-date: /home/osansubuntumachine/ros2_ws/install/uuv_thruster_manager/share/uuv_thruster_manager/environment/path.sh
[1.344s] -- Up-to-date: /home/osansubuntumachine/ros2_ws/install/uuv_thruster_manager/share/uuv_thruster_manager/environment/path.dsv
[1.344s] -- Up-to-date: /home/osansubuntumachine/ros2_ws/install/uuv_thruster_manager/share/uuv_thruster_manager/local_setup.bash
[1.344s] -- Up-to-date: /home/osansubuntumachine/ros2_ws/install/uuv_thruster_manager/share/uuv_thruster_manager/local_setup.sh
[1.344s] -- Up-to-date: /home/osansubuntumachine/ros2_ws/install/uuv_thruster_manager/share/uuv_thruster_manager/local_setup.zsh
[1.344s] -- Up-to-date: /home/osansubuntumachine/ros2_ws/install/uuv_thruster_manager/share/uuv_thruster_manager/local_setup.dsv
[1.344s] -- Installing: /home/osansubuntumachine/ros2_ws/install/uuv_thruster_manager/share/uuv_thruster_manager/package.dsv
[1.344s] -- Up-to-date: /home/osansubuntumachine/ros2_ws/install/uuv_thruster_manager/share/ament_index/resource_index/packages/uuv_thruster_manager
[1.348s] -- Up-to-date: /home/osansubuntumachine/ros2_ws/install/uuv_thruster_manager/share/uuv_thruster_manager/cmake/uuv_thruster_manager__rosidl_generator_cExport.cmake
[1.351s] -- Up-to-date: /home/osansubuntumachine/ros2_ws/install/uuv_thruster_manager/share/uuv_thruster_manager/cmake/uuv_thruster_manager__rosidl_generator_cExport-noconfig.cmake
[1.352s] -- Up-to-date: /home/osansubuntumachine/ros2_ws/install/uuv_thruster_manager/share/uuv_thruster_manager/cmake/uuv_thruster_manager__rosidl_typesupport_introspection_cExport.cmake
[1.352s] -- Up-to-date: /home/osansubuntumachine/ros2_ws/install/uuv_thruster_manager/share/uuv_thruster_manager/cmake/uuv_thruster_manager__rosidl_typesupport_introspection_cExport-noconfig.cmake
[1.353s] -- Up-to-date: /home/osansubuntumachine/ros2_ws/install/uuv_thruster_manager/share/uuv_thruster_manager/cmake/uuv_thruster_manager__rosidl_typesupport_cExport.cmake
[1.353s] -- Up-to-date: /home/osansubuntumachine/ros2_ws/install/uuv_thruster_manager/share/uuv_thruster_manager/cmake/uuv_thruster_manager__rosidl_typesupport_cExport-noconfig.cmake
[1.356s] -- Up-to-date: /home/osansubuntumachine/ros2_ws/install/uuv_thruster_manager/share/uuv_thruster_manager/cmake/uuv_thruster_manager__rosidl_generator_cppExport.cmake
[1.356s] -- Up-to-date: /home/osansubuntumachine/ros2_ws/install/uuv_thruster_manager/share/uuv_thruster_manager/cmake/uuv_thruster_manager__rosidl_typesupport_introspection_cppExport.cmake
[1.356s] -- Up-to-date: /home/osansubuntumachine/ros2_ws/install/uuv_thruster_manager/share/uuv_thruster_manager/cmake/uuv_thruster_manager__rosidl_typesupport_introspection_cppExport-noconfig.cmake
[1.357s] -- Up-to-date: /home/osansubuntumachine/ros2_ws/install/uuv_thruster_manager/share/uuv_thruster_manager/cmake/uuv_thruster_manager__rosidl_typesupport_cppExport.cmake
[1.357s] -- Up-to-date: /home/osansubuntumachine/ros2_ws/install/uuv_thruster_manager/share/uuv_thruster_manager/cmake/uuv_thruster_manager__rosidl_typesupport_cppExport-noconfig.cmake
[1.357s] -- Up-to-date: /home/osansubuntumachine/ros2_ws/install/uuv_thruster_manager/share/uuv_thruster_manager/cmake/rosidl_cmake-extras.cmake
[1.357s] -- Up-to-date: /home/osansubuntumachine/ros2_ws/install/uuv_thruster_manager/share/uuv_thruster_manager/cmake/ament_cmake_export_dependencies-extras.cmake
[1.357s] -- Up-to-date: /home/osansubuntumachine/ros2_ws/install/uuv_thruster_manager/share/uuv_thruster_manager/cmake/ament_cmake_export_libraries-extras.cmake
[1.357s] -- Up-to-date: /home/osansubuntumachine/ros2_ws/install/uuv_thruster_manager/share/uuv_thruster_manager/cmake/ament_cmake_export_targets-extras.cmake
[1.357s] -- Up-to-date: /home/osansubuntumachine/ros2_ws/install/uuv_thruster_manager/share/uuv_thruster_manager/cmake/ament_cmake_export_include_directories-extras.cmake
[1.357s] -- Up-to-date: /home/osansubuntumachine/ros2_ws/install/uuv_thruster_manager/share/uuv_thruster_manager/cmake/rosidl_cmake_export_typesupport_libraries-extras.cmake
[1.357s] -- Up-to-date: /home/osansubuntumachine/ros2_ws/install/uuv_thruster_manager/share/uuv_thruster_manager/cmake/rosidl_cmake_export_typesupport_targets-extras.cmake
[1.357s] -- Up-to-date: /home/osansubuntumachine/ros2_ws/install/uuv_thruster_manager/share/uuv_thruster_manager/cmake/uuv_thruster_managerConfig.cmake
[1.357s] -- Up-to-date: /home/osansubuntumachine/ros2_ws/install/uuv_thruster_manager/share/uuv_thruster_manager/cmake/uuv_thruster_managerConfig-version.cmake
[1.357s] -- Up-to-date: /home/osansubuntumachine/ros2_ws/install/uuv_thruster_manager/share/uuv_thruster_manager/package.xml
[1.399s] Invoked command in '/home/osansubuntumachine/ros2_ws/build/uuv_thruster_manager' returned '0': CMAKE_PREFIX_PATH=/home/osansubuntumachine/ros2_ws/install/uuv_assistants:/home/osansubuntumachine/ros2_ws/install/uuv_gazebo_ros_plugins_msgs:/home/osansubuntumachine/ros2_ws/install/plankton_utils:/home/osansubuntumachine/ros2_ws/install/plankton:/home/osansubuntumachine/ros2_ws/install/uuv_simulator:/home/osansubuntumachine/ros2_ws/install/uuv_world_ros_plugins:/home/osansubuntumachine/ros2_ws/install/uuv_tutorials:/home/osansubuntumachine/ros2_ws/install/uuv_tutorial_dp_controller:/home/osansubuntumachine/ros2_ws/install/uuv_tutorial_disturbances:/home/osansubuntumachine/ros2_ws/install/uuv_control_utils:/home/osansubuntumachine/ros2_ws/install/uuv_world_ros_plugins_msgs:/home/osansubuntumachine/ros2_ws/install/uuv_world_plugins:/home/osansubuntumachine/ros2_ws/install/uuv_tutorial_seabed_world:/home/osansubuntumachine/ros2_ws/install/uuv_trajectory_control:/home/osansubuntumachine/ros2_ws/install/uuv_teleop:/home/osansubuntumachine/ros2_ws/install/uuv_thruster_manager:/home/osansubuntumachine/ros2_ws/install/uuv_descriptions:/home/osansubuntumachine/ros2_ws/install/uuv_sensor_ros_plugins:/home/osansubuntumachine/ros2_ws/install/uuv_sensor_ros_plugins_msgs:/home/osansubuntumachine/ros2_ws/install/uuv_gazebo_worlds:/home/osansubuntumachine/ros2_ws/install/uuv_gazebo_ros_plugins:/home/osansubuntumachine/ros2_ws/install/uuv_gazebo_plugins:/home/osansubuntumachine/ros2_ws/install/uuv_gazebo:/home/osansubuntumachine/ros2_ws/install/uuv_control_msgs:/home/osansubuntumachine/ros2_ws/install/uuv_control_cascaded_pid:/home/osansubuntumachine/ros2_ws/install/uuv_auv_control_allocator:/home/osansubuntumachine/ros2_ws/install/rexrov_interfaces:/home/osansubuntumachine/ros2_ws/install/rexrov_autonomy:/opt/ros/foxy LD_LIBRARY_PATH=/home/osansubuntumachine/ros2_ws/install/uuv_gazebo_ros_plugins_msgs/lib:/home/osansubuntumachine/ros2_ws/install/uuv_world_ros_plugins/lib:/home/osansubuntumachine/ros2_ws/install/uuv_world_ros_plugins_msgs/lib:/home/osansubuntumachine/ros2_ws/install/uuv_world_plugins/lib:/home/osansubuntumachine/ros2_ws/install/uuv_thruster_manager/lib:/home/osansubuntumachine/ros2_ws/install/uuv_sensor_ros_plugins/lib:/home/osansubuntumachine/ros2_ws/install/uuv_sensor_ros_plugins_msgs/lib:/home/osansubuntumachine/ros2_ws/install/uuv_gazebo_ros_plugins/lib:/home/osansubuntumachine/ros2_ws/install/uuv_gazebo_plugins/lib:/home/osansubuntumachine/ros2_ws/install/uuv_control_msgs/lib:/home/osansubuntumachine/ros2_ws/install/uuv_auv_control_allocator/lib:/home/osansubuntumachine/ros2_ws/install/rexrov_interfaces/lib:/usr/lib/x86_64-linux-gnu/gazebo-11/plugins:/opt/ros/foxy/opt/yaml_cpp_vendor/lib:/opt/ros/foxy/opt/rviz_ogre_vendor/lib:/opt/ros/foxy/lib/x86_64-linux-gnu:/opt/ros/foxy/lib PYTHONPATH=/home/osansubuntumachine/ros2_ws/install/uuv_assistants/lib/python3.8/site-packages:/home/osansubuntumachine/ros2_ws/install/uuv_gazebo_ros_plugins_msgs/lib/python3.8/site-packages:/home/osansubuntumachine/ros2_ws/install/plankton_utils/lib/python3.8/site-packages:/home/osansubuntumachine/ros2_ws/install/uuv_world_ros_plugins_msgs/lib/python3.8/site-packages:/home/osansubuntumachine/ros2_ws/install/uuv_trajectory_control/lib/python3.8/site-packages:/home/osansubuntumachine/ros2_ws/install/uuv_thruster_manager/lib/python3.8/site-packages:/home/osansubuntumachine/ros2_ws/install/uuv_sensor_ros_plugins_msgs/lib/python3.8/site-packages:/home/osansubuntumachine/ros2_ws/install/uuv_control_msgs/lib/python3.8/site-packages:/home/osansubuntumachine/ros2_ws/install/uuv_control_cascaded_pid/lib/python3.8/site-packages:/home/osansubuntumachine/ros2_ws/install/uuv_auv_control_allocator/lib/python3.8/site-packages:/home/osansubuntumachine/ros2_ws/install/rexrov_autonomy/lib/python3.8/site-packages:/home/osansubuntumachine/ros2_ws/install/rexrov_interfaces/lib/python3.8/site-packages:/opt/ros/foxy/lib/python3.8/site-packages /usr/bin/cmake --install /home/osansubuntumachine/ros2_ws/build/uuv_thruster_manager
