[0.064s] Invoking command in '/home/osansubuntumachine/ros2_ws/build/uuv_gazebo_plugins': CMAKE_PREFIX_PATH=${CMAKE_PREFIX_PATH}:/home/osansubuntumachine/ros2_ws/install/rexrov_autonomy:/opt/ros/foxy /usr/bin/cmake --build /home/osansubuntumachine/ros2_ws/build/uuv_gazebo_plugins -- -j4 -l4
[0.390s] [  7%] Built target gtest
[0.411s] [ 14%] Built target gtest_main
[0.458s] [ 32%] Built target uuv_gazebo_plugins_msgs
[0.467s] [ 39%] Built target uuv_dynamics
[0.663s] [ 53%] Built target uuv_underwater_object_plugin
[0.669s] [ 64%] Built target umbilical_plugin
[0.670s] [ 71%] Built target UNIT_ThrusterDynamics_TEST
[0.688s] [ 82%] Built target uuv_fin_plugin
[0.770s] [ 92%] Built target uuv_thruster_plugin
[0.831s] [100%] Built target UNIT_ThrusterConversionFcn_TEST
[0.875s] Invoked command in '/home/osansubuntumachine/ros2_ws/build/uuv_gazebo_plugins' returned '0': CMAKE_PREFIX_PATH=${CMAKE_PREFIX_PATH}:/home/osansubuntumachine/ros2_ws/install/rexrov_autonomy:/opt/ros/foxy /usr/bin/cmake --build /home/osansubuntumachine/ros2_ws/build/uuv_gazebo_plugins -- -j4 -l4
[0.881s] Invoking command in '/home/osansubuntumachine/ros2_ws/build/uuv_gazebo_plugins': CMAKE_PREFIX_PATH=${CMAKE_PREFIX_PATH}:/home/osansubuntumachine/ros2_ws/install/rexrov_autonomy:/opt/ros/foxy /usr/bin/cmake --install /home/osansubuntumachine/ros2_ws/build/uuv_gazebo_plugins
[0.916s] -- Install configuration: ""
[0.920s] -- Up-to-date: /home/osansubuntumachine/ros2_ws/install/uuv_gazebo_plugins/lib/libuuv_gazebo_plugins_msgs.so
[0.928s] -- Up-to-date: /home/osansubuntumachine/ros2_ws/install/uuv_gazebo_plugins/lib/libuuv_dynamics.so
[0.929s] -- Up-to-date: /home/osansubuntumachine/ros2_ws/install/uuv_gazebo_plugins/lib/libuuv_fin_plugin.so
[0.931s] -- Up-to-date: /home/osansubuntumachine/ros2_ws/install/uuv_gazebo_plugins/lib/libuuv_underwater_object_plugin.so
[0.936s] -- Up-to-date: /home/osansubuntumachine/ros2_ws/install/uuv_gazebo_plugins/lib/libuuv_thruster_plugin.so
[0.941s] -- Up-to-date: /home/osansubuntumachine/ros2_ws/install/uuv_gazebo_plugins/lib/libumbilical_plugin.so
[0.943s] -- Up-to-date: /home/osansubuntumachine/ros2_ws/install/uuv_gazebo_plugins/include/uuv_gazebo_plugins
[0.944s] -- Up-to-date: /home/osansubuntumachine/ros2_ws/install/uuv_gazebo_plugins/include/uuv_gazebo_plugins/ThrusterPlugin.h
[0.946s] -- Up-to-date: /home/osansubuntumachine/ros2_ws/install/uuv_gazebo_plugins/include/uuv_gazebo_plugins/BuoyantObject.h
[0.946s] -- Up-to-date: /home/osansubuntumachine/ros2_ws/install/uuv_gazebo_plugins/include/uuv_gazebo_plugins/Def.h
[0.947s] -- Up-to-date: /home/osansubuntumachine/ros2_ws/install/uuv_gazebo_plugins/include/uuv_gazebo_plugins/HydrodynamicModel.h
[0.947s] -- Up-to-date: /home/osansubuntumachine/ros2_ws/install/uuv_gazebo_plugins/include/uuv_gazebo_plugins/FinPlugin.h
[0.948s] -- Up-to-date: /home/osansubuntumachine/ros2_ws/install/uuv_gazebo_plugins/include/uuv_gazebo_plugins/UmbilicalModel.h
[0.948s] -- Up-to-date: /home/osansubuntumachine/ros2_ws/install/uuv_gazebo_plugins/include/uuv_gazebo_plugins/ThrusterConversionFcn.h
[0.948s] -- Up-to-date: /home/osansubuntumachine/ros2_ws/install/uuv_gazebo_plugins/include/uuv_gazebo_plugins/LiftDragModel.h
[0.949s] -- Up-to-date: /home/osansubuntumachine/ros2_ws/install/uuv_gazebo_plugins/include/uuv_gazebo_plugins/Dynamics.h
[0.950s] -- Up-to-date: /home/osansubuntumachine/ros2_ws/install/uuv_gazebo_plugins/include/uuv_gazebo_plugins/UnderwaterObjectPlugin.h
[0.951s] -- Up-to-date: /home/osansubuntumachine/ros2_ws/install/uuv_gazebo_plugins/include/uuv_gazebo_plugins/UmbilicalPlugin.h
[0.952s] -- Up-to-date: /home/osansubuntumachine/ros2_ws/install/uuv_gazebo_plugins/include
[0.953s] -- Up-to-date: /home/osansubuntumachine/ros2_ws/install/uuv_gazebo_plugins/include/uuv_gazebo_plugins
[0.954s] -- Up-to-date: /home/osansubuntumachine/ros2_ws/install/uuv_gazebo_plugins/include/uuv_gazebo_plugins
[0.954s] -- Up-to-date: /home/osansubuntumachine/ros2_ws/install/uuv_gazebo_plugins/include/uuv_gazebo_plugins/Accel.pb.h
[0.955s] -- Up-to-date: /home/osansubuntumachine/ros2_ws/install/uuv_gazebo_plugins/include/uuv_gazebo_plugins/ament_cmake_uninstall_target
[0.956s] -- Up-to-date: /home/osansubuntumachine/ros2_ws/install/uuv_gazebo_plugins/include/uuv_gazebo_plugins/ament_cmake_export_include_directories
[0.956s] -- Up-to-date: /home/osansubuntumachine/ros2_ws/install/uuv_gazebo_plugins/include/uuv_gazebo_plugins/ament_cmake_index
[0.958s] -- Up-to-date: /home/osansubuntumachine/ros2_ws/install/uuv_gazebo_plugins/include/uuv_gazebo_plugins/ament_cmake_index/share
[0.958s] -- Up-to-date: /home/osansubuntumachine/ros2_ws/install/uuv_gazebo_plugins/include/uuv_gazebo_plugins/ament_cmake_index/share/ament_index
[0.960s] -- Up-to-date: /home/osansubuntumachine/ros2_ws/install/uuv_gazebo_plugins/include/uuv_gazebo_plugins/ament_cmake_index/share/ament_index/resource_index
[0.962s] -- Up-to-date: /home/osansubuntumachine/ros2_ws/install/uuv_gazebo_plugins/include/uuv_gazebo_plugins/ament_cmake_index/share/ament_index/resource_index/parent_prefix_path
[0.963s] -- Up-to-date: /home/osansubuntumachine/ros2_ws/install/uuv_gazebo_plugins/include/uuv_gazebo_plugins/ament_cmake_index/share/ament_index/resource_index/packages
[0.967s] -- Up-to-date: /home/osansubuntumachine/ros2_ws/install/uuv_gazebo_plugins/include/uuv_gazebo_plugins/ament_cmake_index/share/ament_index/resource_index/package_run_dependencies
[0.968s] -- Up-to-date: /home/osansubuntumachine/ros2_ws/install/uuv_gazebo_plugins/include/uuv_gazebo_plugins/gtest
[0.969s] -- Up-to-date: /home/osansubuntumachine/ros2_ws/install/uuv_gazebo_plugins/include/uuv_gazebo_plugins/gtest/CMakeFiles
[0.970s] -- Up-to-date: /home/osansubuntumachine/ros2_ws/install/uuv_gazebo_plugins/include/uuv_gazebo_plugins/gtest/CMakeFiles/gtest_main.dir
[0.973s] -- Up-to-date: /home/osansubuntumachine/ros2_ws/install/uuv_gazebo_plugins/include/uuv_gazebo_plugins/gtest/CMakeFiles/gtest_main.dir/src
[0.974s] -- Up-to-date: /home/osansubuntumachine/ros2_ws/install/uuv_gazebo_plugins/include/uuv_gazebo_plugins/gtest/CMakeFiles/gtest.dir
[0.975s] -- Up-to-date: /home/osansubuntumachine/ros2_ws/install/uuv_gazebo_plugins/include/uuv_gazebo_plugins/gtest/CMakeFiles/gtest.dir/src
[0.976s] -- Up-to-date: /home/osansubuntumachine/ros2_ws/install/uuv_gazebo_plugins/include/uuv_gazebo_plugins/ament_cmake_core
[0.977s] -- Up-to-date: /home/osansubuntumachine/ros2_ws/install/uuv_gazebo_plugins/include/uuv_gazebo_plugins/ament_cmake_core/stamps
[0.978s] -- Up-to-date: /home/osansubuntumachine/ros2_ws/install/uuv_gazebo_plugins/include/uuv_gazebo_plugins/Double.pb.h
[0.979s] -- Up-to-date: /home/osansubuntumachine/ros2_ws/install/uuv_gazebo_plugins/include/uuv_gazebo_plugins/msgs
[0.980s] -- Up-to-date: /home/osansubuntumachine/ros2_ws/install/uuv_gazebo_plugins/include/uuv_gazebo_plugins/ament_cmake_export_libraries
[0.980s] -- Up-to-date: /home/osansubuntumachine/ros2_ws/install/uuv_gazebo_plugins/include/uuv_gazebo_plugins/CMakeFiles
[0.981s] -- Up-to-date: /home/osansubuntumachine/ros2_ws/install/uuv_gazebo_plugins/include/uuv_gazebo_plugins/CMakeFiles/UNIT_ThrusterDynamics_TEST.dir
[0.982s] -- Up-to-date: /home/osansubuntumachine/ros2_ws/install/uuv_gazebo_plugins/include/uuv_gazebo_plugins/CMakeFiles/UNIT_ThrusterDynamics_TEST.dir/src
[0.983s] -- Up-to-date: /home/osansubuntumachine/ros2_ws/install/uuv_gazebo_plugins/include/uuv_gazebo_plugins/CMakeFiles/uuv_fin_plugin.dir
[0.984s] -- Up-to-date: /home/osansubuntumachine/ros2_ws/install/uuv_gazebo_plugins/include/uuv_gazebo_plugins/CMakeFiles/uuv_fin_plugin.dir/src
[0.984s] -- Up-to-date: /home/osansubuntumachine/ros2_ws/install/uuv_gazebo_plugins/include/uuv_gazebo_plugins/CMakeFiles/uninstall.dir
[0.985s] -- Up-to-date: /home/osansubuntumachine/ros2_ws/install/uuv_gazebo_plugins/include/uuv_gazebo_plugins/CMakeFiles/3.16.3
[0.986s] -- Up-to-date: /home/osansubuntumachine/ros2_ws/install/uuv_gazebo_plugins/include/uuv_gazebo_plugins/CMakeFiles/3.16.3/CompilerIdC
[0.986s] -- Up-to-date: /home/osansubuntumachine/ros2_ws/install/uuv_gazebo_plugins/include/uuv_gazebo_plugins/CMakeFiles/3.16.3/CompilerIdC/tmp
[0.987s] -- Up-to-date: /home/osansubuntumachine/ros2_ws/install/uuv_gazebo_plugins/include/uuv_gazebo_plugins/CMakeFiles/3.16.3/CompilerIdCXX
[0.989s] -- Up-to-date: /home/osansubuntumachine/ros2_ws/install/uuv_gazebo_plugins/include/uuv_gazebo_plugins/CMakeFiles/3.16.3/CompilerIdCXX/tmp
[0.990s] -- Up-to-date: /home/osansubuntumachine/ros2_ws/install/uuv_gazebo_plugins/include/uuv_gazebo_plugins/CMakeFiles/uuv_thruster_plugin.dir
[0.991s] -- Up-to-date: /home/osansubuntumachine/ros2_ws/install/uuv_gazebo_plugins/include/uuv_gazebo_plugins/CMakeFiles/uuv_thruster_plugin.dir/src
[0.994s] -- Up-to-date: /home/osansubuntumachine/ros2_ws/install/uuv_gazebo_plugins/include/uuv_gazebo_plugins/CMakeFiles/uuv_gazebo_plugins_uninstall.dir
[0.994s] -- Up-to-date: /home/osansubuntumachine/ros2_ws/install/uuv_gazebo_plugins/include/uuv_gazebo_plugins/CMakeFiles/umbilical_plugin.dir
[0.999s] -- Up-to-date: /home/osansubuntumachine/ros2_ws/install/uuv_gazebo_plugins/include/uuv_gazebo_plugins/CMakeFiles/umbilical_plugin.dir/src
[0.999s] -- Up-to-date: /home/osansubuntumachine/ros2_ws/install/uuv_gazebo_plugins/include/uuv_gazebo_plugins/CMakeFiles/uuv_underwater_object_plugin.dir
[0.999s] -- Up-to-date: /home/osansubuntumachine/ros2_ws/install/uuv_gazebo_plugins/include/uuv_gazebo_plugins/CMakeFiles/uuv_underwater_object_plugin.dir/src
[1.000s] -- Up-to-date: /home/osansubuntumachine/ros2_ws/install/uuv_gazebo_plugins/include/uuv_gazebo_plugins/CMakeFiles/uuv_gazebo_plugins_msgs.dir
[1.000s] -- Up-to-date: /home/osansubuntumachine/ros2_ws/install/uuv_gazebo_plugins/include/uuv_gazebo_plugins/CMakeFiles/uuv_gazebo_plugins_msgs.dir/Accel.pb.cc.o
[1.000s] -- Up-to-date: /home/osansubuntumachine/ros2_ws/install/uuv_gazebo_plugins/include/uuv_gazebo_plugins/CMakeFiles/uuv_gazebo_plugins_msgs.dir/Double.pb.cc.o
[1.001s] -- Up-to-date: /home/osansubuntumachine/ros2_ws/install/uuv_gazebo_plugins/include/uuv_gazebo_plugins/CMakeFiles/UNIT_ThrusterConversionFcn_TEST.dir
[1.002s] -- Up-to-date: /home/osansubuntumachine/ros2_ws/install/uuv_gazebo_plugins/include/uuv_gazebo_plugins/CMakeFiles/UNIT_ThrusterConversionFcn_TEST.dir/src
[1.004s] -- Up-to-date: /home/osansubuntumachine/ros2_ws/install/uuv_gazebo_plugins/include/uuv_gazebo_plugins/CMakeFiles/CMakeTmp
[1.005s] -- Up-to-date: /home/osansubuntumachine/ros2_ws/install/uuv_gazebo_plugins/include/uuv_gazebo_plugins/CMakeFiles/uuv_dynamics.dir
[1.005s] -- Up-to-date: /home/osansubuntumachine/ros2_ws/install/uuv_gazebo_plugins/include/uuv_gazebo_plugins/CMakeFiles/uuv_dynamics.dir/src
[1.006s] -- Up-to-date: /home/osansubuntumachine/ros2_ws/install/uuv_gazebo_plugins/include/uuv_gazebo_plugins/ament_cmake_export_dependencies
[1.009s] -- Up-to-date: /home/osansubuntumachine/ros2_ws/install/uuv_gazebo_plugins/include/uuv_gazebo_plugins/Accel.pb.cc
[1.010s] -- Up-to-date: /home/osansubuntumachine/ros2_ws/install/uuv_gazebo_plugins/include/uuv_gazebo_plugins/ament_cmake_package_templates
[1.010s] -- Up-to-date: /home/osansubuntumachine/ros2_ws/install/uuv_gazebo_plugins/include/uuv_gazebo_plugins/.cmake
[1.011s] -- Up-to-date: /home/osansubuntumachine/ros2_ws/install/uuv_gazebo_plugins/include/uuv_gazebo_plugins/.cmake/api
[1.013s] -- Up-to-date: /home/osansubuntumachine/ros2_ws/install/uuv_gazebo_plugins/include/uuv_gazebo_plugins/.cmake/api/v1
[1.013s] -- Up-to-date: /home/osansubuntumachine/ros2_ws/install/uuv_gazebo_plugins/include/uuv_gazebo_plugins/.cmake/api/v1/reply
[1.016s] -- Up-to-date: /home/osansubuntumachine/ros2_ws/install/uuv_gazebo_plugins/include/uuv_gazebo_plugins/.cmake/api/v1/query
[1.017s] -- Up-to-date: /home/osansubuntumachine/ros2_ws/install/uuv_gazebo_plugins/include/uuv_gazebo_plugins/.cmake/api/v1/query/client-colcon-cmake
[1.018s] -- Up-to-date: /home/osansubuntumachine/ros2_ws/install/uuv_gazebo_plugins/include/uuv_gazebo_plugins/Double.pb.cc
[1.019s] -- Up-to-date: /home/osansubuntumachine/ros2_ws/install/uuv_gazebo_plugins/include/uuv_gazebo_plugins/ament_cmake_environment_hooks
[1.019s] -- Up-to-date: /home/osansubuntumachine/ros2_ws/install/uuv_gazebo_plugins/share/uuv_gazebo_plugins/environment/library_path.sh
[1.020s] -- Up-to-date: /home/osansubuntumachine/ros2_ws/install/uuv_gazebo_plugins/share/uuv_gazebo_plugins/environment/library_path.dsv
[1.021s] -- Up-to-date: /home/osansubuntumachine/ros2_ws/install/uuv_gazebo_plugins/share/ament_index/resource_index/package_run_dependencies/uuv_gazebo_plugins
[1.021s] -- Up-to-date: /home/osansubuntumachine/ros2_ws/install/uuv_gazebo_plugins/share/ament_index/resource_index/parent_prefix_path/uuv_gazebo_plugins
[1.023s] -- Up-to-date: /home/osansubuntumachine/ros2_ws/install/uuv_gazebo_plugins/share/uuv_gazebo_plugins/environment/ament_prefix_path.sh
[1.023s] -- Up-to-date: /home/osansubuntumachine/ros2_ws/install/uuv_gazebo_plugins/share/uuv_gazebo_plugins/environment/ament_prefix_path.dsv
[1.023s] -- Up-to-date: /home/osansubuntumachine/ros2_ws/install/uuv_gazebo_plugins/share/uuv_gazebo_plugins/environment/path.sh
[1.024s] -- Up-to-date: /home/osansubuntumachine/ros2_ws/install/uuv_gazebo_plugins/share/uuv_gazebo_plugins/environment/path.dsv
[1.025s] -- Up-to-date: /home/osansubuntumachine/ros2_ws/install/uuv_gazebo_plugins/share/uuv_gazebo_plugins/local_setup.bash
[1.025s] -- Up-to-date: /home/osansubuntumachine/ros2_ws/install/uuv_gazebo_plugins/share/uuv_gazebo_plugins/local_setup.sh
[1.026s] -- Up-to-date: /home/osansubuntumachine/ros2_ws/install/uuv_gazebo_plugins/share/uuv_gazebo_plugins/local_setup.zsh
[1.027s] -- Up-to-date: /home/osansubuntumachine/ros2_ws/install/uuv_gazebo_plugins/share/uuv_gazebo_plugins/local_setup.dsv
[1.027s] -- Installing: /home/osansubuntumachine/ros2_ws/install/uuv_gazebo_plugins/share/uuv_gazebo_plugins/package.dsv
[1.037s] -- Up-to-date: /home/osansubuntumachine/ros2_ws/install/uuv_gazebo_plugins/share/ament_index/resource_index/packages/uuv_gazebo_plugins
[1.038s] -- Up-to-date: /home/osansubuntumachine/ros2_ws/install/uuv_gazebo_plugins/share/uuv_gazebo_plugins/cmake/ament_cmake_export_dependencies-extras.cmake
[1.039s] -- Up-to-date: /home/osansubuntumachine/ros2_ws/install/uuv_gazebo_plugins/share/uuv_gazebo_plugins/cmake/ament_cmake_export_include_directories-extras.cmake
[1.040s] -- Up-to-date: /home/osansubuntumachine/ros2_ws/install/uuv_gazebo_plugins/share/uuv_gazebo_plugins/cmake/ament_cmake_export_libraries-extras.cmake
[1.041s] -- Up-to-date: /home/osansubuntumachine/ros2_ws/install/uuv_gazebo_plugins/share/uuv_gazebo_plugins/cmake/uuv_gazebo_pluginsConfig.cmake
[1.041s] -- Up-to-date: /home/osansubuntumachine/ros2_ws/install/uuv_gazebo_plugins/share/uuv_gazebo_plugins/cmake/uuv_gazebo_pluginsConfig-version.cmake
[1.044s] -- Up-to-date: /home/osansubuntumachine/ros2_ws/install/uuv_gazebo_plugins/share/uuv_gazebo_plugins/package.xml
[1.056s] Invoked command in '/home/osansubuntumachine/ros2_ws/build/uuv_gazebo_plugins' returned '0': CMAKE_PREFIX_PATH=${CMAKE_PREFIX_PATH}:/home/osansubuntumachine/ros2_ws/install/rexrov_autonomy:/opt/ros/foxy /usr/bin/cmake --install /home/osansubuntumachine/ros2_ws/build/uuv_gazebo_plugins
