[0.063s] Invoking command in '/home/osansubuntumachine/ros2_ws/build/uuv_world_plugins': CMAKE_PREFIX_PATH=/opt/ros/foxy /usr/bin/cmake --build /home/osansubuntumachine/ros2_ws/build/uuv_world_plugins -- -j4 -l4
[0.258s] [100%] Built target uuv_underwater_current_plugin
[0.329s] Invoked command in '/home/osansubuntumachine/ros2_ws/build/uuv_world_plugins' returned '0': CMAKE_PREFIX_PATH=/opt/ros/foxy /usr/bin/cmake --build /home/osansubuntumachine/ros2_ws/build/uuv_world_plugins -- -j4 -l4
[0.335s] Invoking command in '/home/osansubuntumachine/ros2_ws/build/uuv_world_plugins': CMAKE_PREFIX_PATH=/opt/ros/foxy /usr/bin/cmake --install /home/osansubuntumachine/ros2_ws/build/uuv_world_plugins
[0.357s] -- Install configuration: ""
[0.380s] -- Up-to-date: /home/osansubuntumachine/ros2_ws/install/uuv_world_plugins/lib/libuuv_underwater_current_plugin.so
[0.381s] -- Up-to-date: /home/osansubuntumachine/ros2_ws/install/uuv_world_plugins/include/uuv_world_plugins
[0.381s] -- Up-to-date: /home/osansubuntumachine/ros2_ws/install/uuv_world_plugins/include/uuv_world_plugins/GaussMarkovProcess.h
[0.381s] -- Up-to-date: /home/osansubuntumachine/ros2_ws/install/uuv_world_plugins/include/uuv_world_plugins/UnderwaterCurrentPlugin.h
[0.381s] -- Up-to-date: /home/osansubuntumachine/ros2_ws/install/uuv_world_plugins/share/uuv_world_plugins/environment/library_path.sh
[0.381s] -- Up-to-date: /home/osansubuntumachine/ros2_ws/install/uuv_world_plugins/share/uuv_world_plugins/environment/library_path.dsv
[0.381s] -- Up-to-date: /home/osansubuntumachine/ros2_ws/install/uuv_world_plugins/share/ament_index/resource_index/package_run_dependencies/uuv_world_plugins
[0.381s] -- Up-to-date: /home/osansubuntumachine/ros2_ws/install/uuv_world_plugins/share/ament_index/resource_index/parent_prefix_path/uuv_world_plugins
[0.381s] -- Up-to-date: /home/osansubuntumachine/ros2_ws/install/uuv_world_plugins/share/uuv_world_plugins/environment/ament_prefix_path.sh
[0.381s] -- Up-to-date: /home/osansubuntumachine/ros2_ws/install/uuv_world_plugins/share/uuv_world_plugins/environment/ament_prefix_path.dsv
[0.381s] -- Up-to-date: /home/osansubuntumachine/ros2_ws/install/uuv_world_plugins/share/uuv_world_plugins/environment/path.sh
[0.382s] -- Up-to-date: /home/osansubuntumachine/ros2_ws/install/uuv_world_plugins/share/uuv_world_plugins/environment/path.dsv
[0.382s] -- Up-to-date: /home/osansubuntumachine/ros2_ws/install/uuv_world_plugins/share/uuv_world_plugins/local_setup.bash
[0.382s] -- Up-to-date: /home/osansubuntumachine/ros2_ws/install/uuv_world_plugins/share/uuv_world_plugins/local_setup.sh
[0.382s] -- Up-to-date: /home/osansubuntumachine/ros2_ws/install/uuv_world_plugins/share/uuv_world_plugins/local_setup.zsh
[0.382s] -- Up-to-date: /home/osansubuntumachine/ros2_ws/install/uuv_world_plugins/share/uuv_world_plugins/local_setup.dsv
[0.382s] -- Installing: /home/osansubuntumachine/ros2_ws/install/uuv_world_plugins/share/uuv_world_plugins/package.dsv
[0.382s] -- Up-to-date: /home/osansubuntumachine/ros2_ws/install/uuv_world_plugins/share/ament_index/resource_index/packages/uuv_world_plugins
[0.383s] -- Up-to-date: /home/osansubuntumachine/ros2_ws/install/uuv_world_plugins/share/uuv_world_plugins/cmake/ament_cmake_export_dependencies-extras.cmake
[0.383s] -- Up-to-date: /home/osansubuntumachine/ros2_ws/install/uuv_world_plugins/share/uuv_world_plugins/cmake/ament_cmake_export_include_directories-extras.cmake
[0.383s] -- Up-to-date: /home/osansubuntumachine/ros2_ws/install/uuv_world_plugins/share/uuv_world_plugins/cmake/ament_cmake_export_libraries-extras.cmake
[0.383s] -- Up-to-date: /home/osansubuntumachine/ros2_ws/install/uuv_world_plugins/share/uuv_world_plugins/cmake/uuv_world_pluginsConfig.cmake
[0.383s] -- Up-to-date: /home/osansubuntumachine/ros2_ws/install/uuv_world_plugins/share/uuv_world_plugins/cmake/uuv_world_pluginsConfig-version.cmake
[0.383s] -- Up-to-date: /home/osansubuntumachine/ros2_ws/install/uuv_world_plugins/share/uuv_world_plugins/package.xml
[0.427s] Invoked command in '/home/osansubuntumachine/ros2_ws/build/uuv_world_plugins' returned '0': CMAKE_PREFIX_PATH=/opt/ros/foxy /usr/bin/cmake --install /home/osansubuntumachine/ros2_ws/build/uuv_world_plugins
