-- The C compiler identification is GNU 9.4.0
-- The CXX compiler identification is GNU 9.4.0
-- Check for working C compiler: /usr/bin/cc
-- Check for working C compiler: /usr/bin/cc -- works
-- Detecting C compiler ABI info
-- Detecting C compiler ABI info - done
-- Detecting C compile features
-- Detecting C compile features - done
-- Check for working CXX compiler: /usr/bin/c++
-- Check for working CXX compiler: /usr/bin/c++ -- works
-- Detecting CXX compiler ABI info
-- Detecting CXX compiler ABI info - done
-- Detecting CXX compile features
-- Detecting CXX compile features - done
-- Found ament_cmake: 0.9.12 (/opt/ros/foxy/share/ament_cmake/cmake)
-- Found PythonInterp: /usr/bin/python3 (found suitable version "3.8.10", minimum required is "3") 
-- Using PYTHON_EXECUTABLE: /usr/bin/python3
-- Found gazebo_dev: 3.5.3 (/opt/ros/foxy/share/gazebo_dev/cmake)
-- Found PkgConfig: /usr/bin/pkg-config (found version "0.29.1") 
-- Checking for module 'bullet>=2.82'
--   Found bullet, version 2.88
-- Found ccd: /usr/include (found suitable version "2.0", minimum required is "2.0") 
-- Found fcl: /usr/include (found suitable version "0.5.0", minimum required is "0.3.2") 
-- Found assimp: /usr/include (found version "5.0.0") 
-- Found DART: /usr/include (Required is at least version "6.6") found components: dart 
-- Found Boost: /usr/lib/x86_64-linux-gnu/cmake/Boost-1.71.0/BoostConfig.cmake (found suitable version "1.71.0", minimum required is "1.40.0") found components: thread system filesystem program_options regex iostreams date_time 
-- Found Protobuf: /usr/lib/x86_64-linux-gnu/libprotobuf.so;-lpthread (found version "3.6.1") 
-- Looking for ignition-math6 -- found version 6.15.1
-- Searching for dependencies of ignition-math6
-- Looking for OGRE...
-- OGRE_PREFIX_WATCH changed.
-- Checking for module 'OGRE'
--   Found OGRE, version 1.9.0
-- Found Ogre Ghadamon (1.9.0)
-- Found OGRE: optimized;/usr/lib/x86_64-linux-gnu/libOgreMain.so;debug;/usr/lib/x86_64-linux-gnu/libOgreMain.so
-- Looking for OGRE_Paging...
-- Found OGRE_Paging: optimized;/usr/lib/x86_64-linux-gnu/libOgrePaging.so;debug;/usr/lib/x86_64-linux-gnu/libOgrePaging.so
-- Looking for OGRE_Terrain...
-- Found OGRE_Terrain: optimized;/usr/lib/x86_64-linux-gnu/libOgreTerrain.so;debug;/usr/lib/x86_64-linux-gnu/libOgreTerrain.so
-- Looking for OGRE_Property...
-- Found OGRE_Property: optimized;/usr/lib/x86_64-linux-gnu/libOgreProperty.so;debug;/usr/lib/x86_64-linux-gnu/libOgreProperty.so
-- Looking for OGRE_RTShaderSystem...
-- Found OGRE_RTShaderSystem: optimized;/usr/lib/x86_64-linux-gnu/libOgreRTShaderSystem.so;debug;/usr/lib/x86_64-linux-gnu/libOgreRTShaderSystem.so
-- Looking for OGRE_Volume...
-- Found OGRE_Volume: optimized;/usr/lib/x86_64-linux-gnu/libOgreVolume.so;debug;/usr/lib/x86_64-linux-gnu/libOgreVolume.so
-- Looking for OGRE_Overlay...
-- Found OGRE_Overlay: optimized;/usr/lib/x86_64-linux-gnu/libOgreOverlay.so;debug;/usr/lib/x86_64-linux-gnu/libOgreOverlay.so
-- Looking for ignition-math6 -- found version 6.15.1
-- Looking for ignition-transport8 -- found version 8.5.1
-- Searching for dependencies of ignition-transport8
-- Config-file not installed for ZeroMQ -- checking for pkg-config
-- Checking for module 'libzmq >= 4'
--   Found libzmq , version 4.3.2
-- Found ZeroMQ: TRUE (Required is at least version "4") 
-- Checking for module 'uuid'
--   Found uuid, version 2.34.0
-- Found UUID: TRUE  
-- Looking for ignition-msgs5 -- found version 5.11.1
-- Searching for dependencies of ignition-msgs5
-- Looking for ignition-math6 -- found version 6.15.1
-- Checking for module 'tinyxml2'
--   Found tinyxml2, version 6.2.0
-- Looking for ignition-msgs5 -- found version 5.11.1
-- Looking for ignition-common3 -- found version 3.17.1
-- Searching for dependencies of ignition-common3
-- Looking for dlfcn.h - found
-- Looking for libdl - found
-- Found DL: TRUE  
-- Searching for <ignition-common3> component [graphics]
-- Looking for ignition-common3-graphics -- found version 3.17.1
-- Searching for dependencies of ignition-common3-graphics
-- Looking for ignition-math6 -- found version 6.15.1
-- Looking for ignition-fuel_tools4 -- found version 4.9.2
-- Searching for dependencies of ignition-fuel_tools4
-- Found CURL: /usr/lib/x86_64-linux-gnu/libcurl.so (found version "7.68.0")  
-- Checking for module 'jsoncpp'
--   Found jsoncpp, version 1.7.4
-- Found JSONCPP: TRUE  
-- Checking for module 'libzip'
--   Found libzip, version 1.5.1
-- Found ZIP: TRUE  
-- Looking for ignition-common3 -- found version 3.17.1
-- Looking for ignition-math6 -- found version 6.15.1
-- Looking for ignition-msgs5 -- found version 5.11.1
-- Gazebo version: 11.15
-- Found geometry_msgs: 2.0.5 (/opt/ros/foxy/share/geometry_msgs/cmake)
-- Using all available rosidl_typesupport_c: rosidl_typesupport_fastrtps_c;rosidl_typesupport_introspection_c
-- Found rosidl_adapter: 1.3.1 (/opt/ros/foxy/share/rosidl_adapter/cmake)
-- Found OpenSSL: /usr/lib/x86_64-linux-gnu/libcrypto.so (found version "1.1.1f")  
-- Found FastRTPS: /opt/ros/foxy/include  
-- Using all available rosidl_typesupport_cpp: rosidl_typesupport_fastrtps_cpp;rosidl_typesupport_introspection_cpp
-- Found rclcpp: 2.4.3 (/opt/ros/foxy/share/rclcpp/cmake)
-- Found rmw_implementation_cmake: 1.0.4 (/opt/ros/foxy/share/rmw_implementation_cmake/cmake)
-- Using RMW implementation 'rmw_fastrtps_cpp' as default
-- Found Threads: TRUE  
-- Found sensor_msgs: 2.0.5 (/opt/ros/foxy/share/sensor_msgs/cmake)
-- Found tf2: 0.13.14 (/opt/ros/foxy/share/tf2/cmake)
-- Found tf2_ros: 0.13.14 (/opt/ros/foxy/share/tf2_ros/cmake)
-- Found uuv_gazebo_plugins: 0.6.1 (/home/osansubuntumachine/ros2_ws/install/uuv_gazebo_plugins/share/uuv_gazebo_plugins/cmake)
-- Found uuv_gazebo_ros_plugins_msgs: 0.6.1 (/home/osansubuntumachine/ros2_ws/install/uuv_gazebo_ros_plugins_msgs/share/uuv_gazebo_ros_plugins_msgs/cmake)
-- Found visualization_msgs: 2.0.5 (/opt/ros/foxy/share/visualization_msgs/cmake)
-- Found ament_cmake_pytest: 0.9.12 (/opt/ros/foxy/share/ament_cmake_pytest/cmake)
-- Found launch_testing_ament_cmake: 0.10.10 (/opt/ros/foxy/share/launch_testing_ament_cmake/cmake)
-- Found python_cmake_module: 0.8.1 (/opt/ros/foxy/share/python_cmake_module/cmake)
-- Found PythonInterp: /usr/bin/python3 (found suitable version "3.8.10", minimum required is "3.5") 
-- Found PythonLibs: /usr/lib/x86_64-linux-gnu/libpython3.8.so (found suitable version "3.8.10", minimum required is "3.5") 
-- Using PYTHON_EXECUTABLE: /usr/bin/python3
-- Using PYTHON_INCLUDE_DIRS: /usr/include/python3.8
-- Using PYTHON_LIBRARIES: /usr/lib/x86_64-linux-gnu/libpython3.8.so
-- Found PythonExtra: .so  
-- Found xacro: 2.0.7 (/opt/ros/foxy/share/xacro/cmake)
-- Configuring done
-- Generating done
-- Build files have been written to: /home/osansubuntumachine/ros2_ws/build/uuv_gazebo_ros_plugins
[35m[1mScanning dependencies of target uuv_thruster_ros_plugin[0m
[  7%] [32mBuilding CXX object CMakeFiles/uuv_thruster_ros_plugin.dir/src/ThrusterROSPlugin.cpp.o[0m
[ 14%] [32m[1mLinking CXX shared library libuuv_thruster_ros_plugin.so[0m
[ 14%] Built target uuv_thruster_ros_plugin
[35m[1mScanning dependencies of target uuv_joint_state_publisher[0m
[ 21%] [32mBuilding CXX object CMakeFiles/uuv_joint_state_publisher.dir/src/JointStatePublisher.cpp.o[0m
[ 28%] [32m[1mLinking CXX shared library libuuv_joint_state_publisher.so[0m
[ 28%] Built target uuv_joint_state_publisher
[35m[1mScanning dependencies of target linear_battery_ros_plugin[0m
[ 35%] [32mBuilding CXX object CMakeFiles/linear_battery_ros_plugin.dir/src/LinearBatteryROSPlugin.cpp.o[0m
[ 42%] [32m[1mLinking CXX shared library liblinear_battery_ros_plugin.so[0m
[ 42%] Built target linear_battery_ros_plugin
[35m[1mScanning dependencies of target custom_battery_consumer_ros_plugin[0m
[ 50%] [32mBuilding CXX object CMakeFiles/custom_battery_consumer_ros_plugin.dir/src/CustomBatteryConsumerROSPlugin.cpp.o[0m
[ 57%] [32m[1mLinking CXX shared library libcustom_battery_consumer_ros_plugin.so[0m
[ 57%] Built target custom_battery_consumer_ros_plugin
[35m[1mScanning dependencies of target uuv_accelerations_test_plugin[0m
[35m[1mScanning dependencies of target uuv_underwater_object_ros_plugin[0m
[ 64%] [32mBuilding CXX object CMakeFiles/uuv_accelerations_test_plugin.dir/src/AccelerationsTestPlugin.cpp.o[0m
[ 71%] [32mBuilding CXX object CMakeFiles/uuv_underwater_object_ros_plugin.dir/src/UnderwaterObjectROSPlugin.cpp.o[0m
[ 78%] [32m[1mLinking CXX shared library libuuv_accelerations_test_plugin.so[0m
[ 78%] Built target uuv_accelerations_test_plugin
[ 85%] [32m[1mLinking CXX shared library libuuv_underwater_object_ros_plugin.so[0m
[ 85%] Built target uuv_underwater_object_ros_plugin
[35m[1mScanning dependencies of target uuv_fin_ros_plugin[0m
[ 92%] [32mBuilding CXX object CMakeFiles/uuv_fin_ros_plugin.dir/src/FinROSPlugin.cpp.o[0m
[100%] [32m[1mLinking CXX shared library libuuv_fin_ros_plugin.so[0m
[100%] Built target uuv_fin_ros_plugin
-- Install configuration: ""
-- Installing: /home/osansubuntumachine/ros2_ws/install/uuv_gazebo_ros_plugins/share/uuv_gazebo_ros_plugins/environment/library_path.sh
-- Installing: /home/osansubuntumachine/ros2_ws/install/uuv_gazebo_ros_plugins/share/uuv_gazebo_ros_plugins/environment/library_path.dsv
-- Installing: /home/osansubuntumachine/ros2_ws/install/uuv_gazebo_ros_plugins/lib/libuuv_fin_ros_plugin.so
-- Set runtime path of "/home/osansubuntumachine/ros2_ws/install/uuv_gazebo_ros_plugins/lib/libuuv_fin_ros_plugin.so" to ""
-- Installing: /home/osansubuntumachine/ros2_ws/install/uuv_gazebo_ros_plugins/lib/libuuv_thruster_ros_plugin.so
-- Set runtime path of "/home/osansubuntumachine/ros2_ws/install/uuv_gazebo_ros_plugins/lib/libuuv_thruster_ros_plugin.so" to ""
-- Installing: /home/osansubuntumachine/ros2_ws/install/uuv_gazebo_ros_plugins/lib/libuuv_underwater_object_ros_plugin.so
-- Set runtime path of "/home/osansubuntumachine/ros2_ws/install/uuv_gazebo_ros_plugins/lib/libuuv_underwater_object_ros_plugin.so" to ""
-- Installing: /home/osansubuntumachine/ros2_ws/install/uuv_gazebo_ros_plugins/lib/libuuv_joint_state_publisher.so
-- Set runtime path of "/home/osansubuntumachine/ros2_ws/install/uuv_gazebo_ros_plugins/lib/libuuv_joint_state_publisher.so" to ""
-- Installing: /home/osansubuntumachine/ros2_ws/install/uuv_gazebo_ros_plugins/lib/libuuv_accelerations_test_plugin.so
-- Set runtime path of "/home/osansubuntumachine/ros2_ws/install/uuv_gazebo_ros_plugins/lib/libuuv_accelerations_test_plugin.so" to ""
-- Installing: /home/osansubuntumachine/ros2_ws/install/uuv_gazebo_ros_plugins/lib/liblinear_battery_ros_plugin.so
-- Set runtime path of "/home/osansubuntumachine/ros2_ws/install/uuv_gazebo_ros_plugins/lib/liblinear_battery_ros_plugin.so" to ""
-- Installing: /home/osansubuntumachine/ros2_ws/install/uuv_gazebo_ros_plugins/lib/libcustom_battery_consumer_ros_plugin.so
-- Set runtime path of "/home/osansubuntumachine/ros2_ws/install/uuv_gazebo_ros_plugins/lib/libcustom_battery_consumer_ros_plugin.so" to ""
-- Installing: /home/osansubuntumachine/ros2_ws/install/uuv_gazebo_ros_plugins/include/uuv_gazebo_ros_plugins
-- Installing: /home/osansubuntumachine/ros2_ws/install/uuv_gazebo_ros_plugins/include/uuv_gazebo_ros_plugins/UnderwaterObjectROSPlugin.h
-- Installing: /home/osansubuntumachine/ros2_ws/install/uuv_gazebo_ros_plugins/include/uuv_gazebo_ros_plugins/AccelerationsTestPlugin.h
-- Installing: /home/osansubuntumachine/ros2_ws/install/uuv_gazebo_ros_plugins/include/uuv_gazebo_ros_plugins/FinROSPlugin.h
-- Installing: /home/osansubuntumachine/ros2_ws/install/uuv_gazebo_ros_plugins/include/uuv_gazebo_ros_plugins/LinearBatteryROSPlugin.h
-- Installing: /home/osansubuntumachine/ros2_ws/install/uuv_gazebo_ros_plugins/include/uuv_gazebo_ros_plugins/ThrusterROSPlugin.h
-- Installing: /home/osansubuntumachine/ros2_ws/install/uuv_gazebo_ros_plugins/include/uuv_gazebo_ros_plugins/CustomBatteryConsumerROSPlugin.h
-- Installing: /home/osansubuntumachine/ros2_ws/install/uuv_gazebo_ros_plugins/include/uuv_gazebo_ros_plugins/JointStatePublisher.h
-- Installing: /home/osansubuntumachine/ros2_ws/install/uuv_gazebo_ros_plugins/share/uuv_gazebo_ros_plugins/urdf
-- Installing: /home/osansubuntumachine/ros2_ws/install/uuv_gazebo_ros_plugins/share/uuv_gazebo_ros_plugins/urdf/battery_snippets.xacro
-- Installing: /home/osansubuntumachine/ros2_ws/install/uuv_gazebo_ros_plugins/share/uuv_gazebo_ros_plugins/urdf/snippets.xacro
-- Installing: /home/osansubuntumachine/ros2_ws/install/uuv_gazebo_ros_plugins/share/uuv_gazebo_ros_plugins/urdf/thruster_snippets.xacro
-- Installing: /home/osansubuntumachine/ros2_ws/install/uuv_gazebo_ros_plugins/share/uuv_gazebo_ros_plugins/urdf/misc.xacro
-- Installing: /home/osansubuntumachine/ros2_ws/install/uuv_gazebo_ros_plugins/share/uuv_gazebo_ros_plugins/urdf/fin_snippets.xacro
-- Installing: /home/osansubuntumachine/ros2_ws/install/uuv_gazebo_ros_plugins/share/ament_index/resource_index/package_run_dependencies/uuv_gazebo_ros_plugins
-- Installing: /home/osansubuntumachine/ros2_ws/install/uuv_gazebo_ros_plugins/share/ament_index/resource_index/parent_prefix_path/uuv_gazebo_ros_plugins
-- Installing: /home/osansubuntumachine/ros2_ws/install/uuv_gazebo_ros_plugins/share/uuv_gazebo_ros_plugins/environment/ament_prefix_path.sh
-- Installing: /home/osansubuntumachine/ros2_ws/install/uuv_gazebo_ros_plugins/share/uuv_gazebo_ros_plugins/environment/ament_prefix_path.dsv
-- Installing: /home/osansubuntumachine/ros2_ws/install/uuv_gazebo_ros_plugins/share/uuv_gazebo_ros_plugins/environment/path.sh
-- Installing: /home/osansubuntumachine/ros2_ws/install/uuv_gazebo_ros_plugins/share/uuv_gazebo_ros_plugins/environment/path.dsv
-- Installing: /home/osansubuntumachine/ros2_ws/install/uuv_gazebo_ros_plugins/share/uuv_gazebo_ros_plugins/local_setup.bash
-- Installing: /home/osansubuntumachine/ros2_ws/install/uuv_gazebo_ros_plugins/share/uuv_gazebo_ros_plugins/local_setup.sh
-- Installing: /home/osansubuntumachine/ros2_ws/install/uuv_gazebo_ros_plugins/share/uuv_gazebo_ros_plugins/local_setup.zsh
-- Installing: /home/osansubuntumachine/ros2_ws/install/uuv_gazebo_ros_plugins/share/uuv_gazebo_ros_plugins/local_setup.dsv
-- Installing: /home/osansubuntumachine/ros2_ws/install/uuv_gazebo_ros_plugins/share/uuv_gazebo_ros_plugins/package.dsv
-- Installing: /home/osansubuntumachine/ros2_ws/install/uuv_gazebo_ros_plugins/share/ament_index/resource_index/packages/uuv_gazebo_ros_plugins
-- Installing: /home/osansubuntumachine/ros2_ws/install/uuv_gazebo_ros_plugins/share/uuv_gazebo_ros_plugins/cmake/export_uuv_fin_ros_pluginExport.cmake
-- Installing: /home/osansubuntumachine/ros2_ws/install/uuv_gazebo_ros_plugins/share/uuv_gazebo_ros_plugins/cmake/export_uuv_fin_ros_pluginExport-noconfig.cmake
-- Installing: /home/osansubuntumachine/ros2_ws/install/uuv_gazebo_ros_plugins/share/uuv_gazebo_ros_plugins/cmake/export_uuv_thruster_ros_pluginExport.cmake
-- Installing: /home/osansubuntumachine/ros2_ws/install/uuv_gazebo_ros_plugins/share/uuv_gazebo_ros_plugins/cmake/export_uuv_thruster_ros_pluginExport-noconfig.cmake
-- Installing: /home/osansubuntumachine/ros2_ws/install/uuv_gazebo_ros_plugins/share/uuv_gazebo_ros_plugins/cmake/export_uuv_underwater_object_ros_pluginExport.cmake
-- Installing: /home/osansubuntumachine/ros2_ws/install/uuv_gazebo_ros_plugins/share/uuv_gazebo_ros_plugins/cmake/export_uuv_underwater_object_ros_pluginExport-noconfig.cmake
-- Installing: /home/osansubuntumachine/ros2_ws/install/uuv_gazebo_ros_plugins/share/uuv_gazebo_ros_plugins/cmake/export_uuv_joint_state_publisherExport.cmake
-- Installing: /home/osansubuntumachine/ros2_ws/install/uuv_gazebo_ros_plugins/share/uuv_gazebo_ros_plugins/cmake/export_uuv_joint_state_publisherExport-noconfig.cmake
-- Installing: /home/osansubuntumachine/ros2_ws/install/uuv_gazebo_ros_plugins/share/uuv_gazebo_ros_plugins/cmake/export_uuv_accelerations_test_pluginExport.cmake
-- Installing: /home/osansubuntumachine/ros2_ws/install/uuv_gazebo_ros_plugins/share/uuv_gazebo_ros_plugins/cmake/export_uuv_accelerations_test_pluginExport-noconfig.cmake
-- Installing: /home/osansubuntumachine/ros2_ws/install/uuv_gazebo_ros_plugins/share/uuv_gazebo_ros_plugins/cmake/export_linear_battery_ros_pluginExport.cmake
-- Installing: /home/osansubuntumachine/ros2_ws/install/uuv_gazebo_ros_plugins/share/uuv_gazebo_ros_plugins/cmake/export_linear_battery_ros_pluginExport-noconfig.cmake
-- Installing: /home/osansubuntumachine/ros2_ws/install/uuv_gazebo_ros_plugins/share/uuv_gazebo_ros_plugins/cmake/export_custom_battery_consumer_ros_pluginExport.cmake
-- Installing: /home/osansubuntumachine/ros2_ws/install/uuv_gazebo_ros_plugins/share/uuv_gazebo_ros_plugins/cmake/export_custom_battery_consumer_ros_pluginExport-noconfig.cmake
-- Installing: /home/osansubuntumachine/ros2_ws/install/uuv_gazebo_ros_plugins/share/uuv_gazebo_ros_plugins/cmake/ament_cmake_export_targets-extras.cmake
-- Installing: /home/osansubuntumachine/ros2_ws/install/uuv_gazebo_ros_plugins/share/uuv_gazebo_ros_plugins/cmake/ament_cmake_export_dependencies-extras.cmake
-- Installing: /home/osansubuntumachine/ros2_ws/install/uuv_gazebo_ros_plugins/share/uuv_gazebo_ros_plugins/cmake/ament_cmake_export_include_directories-extras.cmake
-- Installing: /home/osansubuntumachine/ros2_ws/install/uuv_gazebo_ros_plugins/share/uuv_gazebo_ros_plugins/cmake/ament_cmake_export_libraries-extras.cmake
-- Installing: /home/osansubuntumachine/ros2_ws/install/uuv_gazebo_ros_plugins/share/uuv_gazebo_ros_plugins/cmake/uuv_gazebo_ros_pluginsConfig.cmake
-- Installing: /home/osansubuntumachine/ros2_ws/install/uuv_gazebo_ros_plugins/share/uuv_gazebo_ros_plugins/cmake/uuv_gazebo_ros_pluginsConfig-version.cmake
-- Installing: /home/osansubuntumachine/ros2_ws/install/uuv_gazebo_ros_plugins/share/uuv_gazebo_ros_plugins/package.xml
