[0.046s] Invoking command in '/home/osansubuntumachine/ros2_ws/build/uuv_teleop': AMENT_PREFIX_PATH=/home/osansubuntumachine/ros2_ws/install/uuv_thruster_manager:/home/osansubuntumachine/ros2_ws/install/uuv_assistants:/home/osansubuntumachine/ros2_ws/install/uuv_gazebo_ros_plugins_msgs:/home/osansubuntumachine/ros2_ws/install/plankton_utils:${AMENT_PREFIX_PATH} CMAKE_PREFIX_PATH=/home/osansubuntumachine/ros2_ws/install/uuv_thruster_manager:/home/osansubuntumachine/ros2_ws/install/uuv_assistants:/home/osansubuntumachine/ros2_ws/install/uuv_gazebo_ros_plugins_msgs:/home/osansubuntumachine/ros2_ws/install/plankton_utils:/opt/ros/foxy LD_LIBRARY_PATH=/home/osansubuntumachine/ros2_ws/install/uuv_thruster_manager/lib:/home/osansubuntumachine/ros2_ws/install/uuv_gazebo_ros_plugins_msgs/lib:${LD_LIBRARY_PATH} PYTHONPATH=/home/osansubuntumachine/ros2_ws/install/uuv_thruster_manager/lib/python3.8/site-packages:/home/osansubuntumachine/ros2_ws/install/uuv_assistants/lib/python3.8/site-packages:/home/osansubuntumachine/ros2_ws/install/uuv_gazebo_ros_plugins_msgs/lib/python3.8/site-packages:/home/osansubuntumachine/ros2_ws/install/plankton_utils/lib/python3.8/site-packages:${PYTHONPATH} /usr/bin/cmake /home/osansubuntumachine/ros2_ws/src/Plankton/uuv_teleop -DCMAKE_INSTALL_PREFIX=/home/osansubuntumachine/ros2_ws/install/uuv_teleop
[0.136s] -- The C compiler identification is GNU 9.4.0
[0.184s] -- The CXX compiler identification is GNU 9.4.0
[0.189s] -- Check for working C compiler: /usr/bin/cc
[0.253s] -- Check for working C compiler: /usr/bin/cc -- works
[0.254s] -- Detecting C compiler ABI info
[0.318s] -- Detecting C compiler ABI info - done
[0.323s] -- Detecting C compile features
[0.324s] -- Detecting C compile features - done
[0.325s] -- Check for working CXX compiler: /usr/bin/c++
[0.402s] -- Check for working CXX compiler: /usr/bin/c++ -- works
[0.402s] -- Detecting CXX compiler ABI info
[0.475s] -- Detecting CXX compiler ABI info - done
[0.481s] -- Detecting CXX compile features
[0.481s] -- Detecting CXX compile features - done
[0.483s] -- Found ament_cmake: 0.9.12 (/opt/ros/foxy/share/ament_cmake/cmake)
[0.503s] -- Found PythonInterp: /usr/bin/python3 (found suitable version "3.8.10", minimum required is "3") 
[0.504s] -- Using PYTHON_EXECUTABLE: /usr/bin/python3
[0.726s] -- Configuring done
[0.728s] -- Generating done
[0.729s] -- Build files have been written to: /home/osansubuntumachine/ros2_ws/build/uuv_teleop
[0.732s] Invoked command in '/home/osansubuntumachine/ros2_ws/build/uuv_teleop' returned '0': AMENT_PREFIX_PATH=/home/osansubuntumachine/ros2_ws/install/uuv_thruster_manager:/home/osansubuntumachine/ros2_ws/install/uuv_assistants:/home/osansubuntumachine/ros2_ws/install/uuv_gazebo_ros_plugins_msgs:/home/osansubuntumachine/ros2_ws/install/plankton_utils:${AMENT_PREFIX_PATH} CMAKE_PREFIX_PATH=/home/osansubuntumachine/ros2_ws/install/uuv_thruster_manager:/home/osansubuntumachine/ros2_ws/install/uuv_assistants:/home/osansubuntumachine/ros2_ws/install/uuv_gazebo_ros_plugins_msgs:/home/osansubuntumachine/ros2_ws/install/plankton_utils:/opt/ros/foxy LD_LIBRARY_PATH=/home/osansubuntumachine/ros2_ws/install/uuv_thruster_manager/lib:/home/osansubuntumachine/ros2_ws/install/uuv_gazebo_ros_plugins_msgs/lib:${LD_LIBRARY_PATH} PYTHONPATH=/home/osansubuntumachine/ros2_ws/install/uuv_thruster_manager/lib/python3.8/site-packages:/home/osansubuntumachine/ros2_ws/install/uuv_assistants/lib/python3.8/site-packages:/home/osansubuntumachine/ros2_ws/install/uuv_gazebo_ros_plugins_msgs/lib/python3.8/site-packages:/home/osansubuntumachine/ros2_ws/install/plankton_utils/lib/python3.8/site-packages:${PYTHONPATH} /usr/bin/cmake /home/osansubuntumachine/ros2_ws/src/Plankton/uuv_teleop -DCMAKE_INSTALL_PREFIX=/home/osansubuntumachine/ros2_ws/install/uuv_teleop
[0.734s] Invoking command in '/home/osansubuntumachine/ros2_ws/build/uuv_teleop': AMENT_PREFIX_PATH=/home/osansubuntumachine/ros2_ws/install/uuv_thruster_manager:/home/osansubuntumachine/ros2_ws/install/uuv_assistants:/home/osansubuntumachine/ros2_ws/install/uuv_gazebo_ros_plugins_msgs:/home/osansubuntumachine/ros2_ws/install/plankton_utils:${AMENT_PREFIX_PATH} CMAKE_PREFIX_PATH=/home/osansubuntumachine/ros2_ws/install/uuv_thruster_manager:/home/osansubuntumachine/ros2_ws/install/uuv_assistants:/home/osansubuntumachine/ros2_ws/install/uuv_gazebo_ros_plugins_msgs:/home/osansubuntumachine/ros2_ws/install/plankton_utils:/opt/ros/foxy LD_LIBRARY_PATH=/home/osansubuntumachine/ros2_ws/install/uuv_thruster_manager/lib:/home/osansubuntumachine/ros2_ws/install/uuv_gazebo_ros_plugins_msgs/lib:${LD_LIBRARY_PATH} PYTHONPATH=/home/osansubuntumachine/ros2_ws/install/uuv_thruster_manager/lib/python3.8/site-packages:/home/osansubuntumachine/ros2_ws/install/uuv_assistants/lib/python3.8/site-packages:/home/osansubuntumachine/ros2_ws/install/uuv_gazebo_ros_plugins_msgs/lib/python3.8/site-packages:/home/osansubuntumachine/ros2_ws/install/plankton_utils/lib/python3.8/site-packages:${PYTHONPATH} /usr/bin/cmake --build /home/osansubuntumachine/ros2_ws/build/uuv_teleop -- -j4 -l4
[0.782s] Invoked command in '/home/osansubuntumachine/ros2_ws/build/uuv_teleop' returned '0': AMENT_PREFIX_PATH=/home/osansubuntumachine/ros2_ws/install/uuv_thruster_manager:/home/osansubuntumachine/ros2_ws/install/uuv_assistants:/home/osansubuntumachine/ros2_ws/install/uuv_gazebo_ros_plugins_msgs:/home/osansubuntumachine/ros2_ws/install/plankton_utils:${AMENT_PREFIX_PATH} CMAKE_PREFIX_PATH=/home/osansubuntumachine/ros2_ws/install/uuv_thruster_manager:/home/osansubuntumachine/ros2_ws/install/uuv_assistants:/home/osansubuntumachine/ros2_ws/install/uuv_gazebo_ros_plugins_msgs:/home/osansubuntumachine/ros2_ws/install/plankton_utils:/opt/ros/foxy LD_LIBRARY_PATH=/home/osansubuntumachine/ros2_ws/install/uuv_thruster_manager/lib:/home/osansubuntumachine/ros2_ws/install/uuv_gazebo_ros_plugins_msgs/lib:${LD_LIBRARY_PATH} PYTHONPATH=/home/osansubuntumachine/ros2_ws/install/uuv_thruster_manager/lib/python3.8/site-packages:/home/osansubuntumachine/ros2_ws/install/uuv_assistants/lib/python3.8/site-packages:/home/osansubuntumachine/ros2_ws/install/uuv_gazebo_ros_plugins_msgs/lib/python3.8/site-packages:/home/osansubuntumachine/ros2_ws/install/plankton_utils/lib/python3.8/site-packages:${PYTHONPATH} /usr/bin/cmake --build /home/osansubuntumachine/ros2_ws/build/uuv_teleop -- -j4 -l4
[0.803s] Invoking command in '/home/osansubuntumachine/ros2_ws/build/uuv_teleop': AMENT_PREFIX_PATH=/home/osansubuntumachine/ros2_ws/install/uuv_thruster_manager:/home/osansubuntumachine/ros2_ws/install/uuv_assistants:/home/osansubuntumachine/ros2_ws/install/uuv_gazebo_ros_plugins_msgs:/home/osansubuntumachine/ros2_ws/install/plankton_utils:${AMENT_PREFIX_PATH} CMAKE_PREFIX_PATH=/home/osansubuntumachine/ros2_ws/install/uuv_thruster_manager:/home/osansubuntumachine/ros2_ws/install/uuv_assistants:/home/osansubuntumachine/ros2_ws/install/uuv_gazebo_ros_plugins_msgs:/home/osansubuntumachine/ros2_ws/install/plankton_utils:/opt/ros/foxy LD_LIBRARY_PATH=/home/osansubuntumachine/ros2_ws/install/uuv_thruster_manager/lib:/home/osansubuntumachine/ros2_ws/install/uuv_gazebo_ros_plugins_msgs/lib:${LD_LIBRARY_PATH} PYTHONPATH=/home/osansubuntumachine/ros2_ws/install/uuv_thruster_manager/lib/python3.8/site-packages:/home/osansubuntumachine/ros2_ws/install/uuv_assistants/lib/python3.8/site-packages:/home/osansubuntumachine/ros2_ws/install/uuv_gazebo_ros_plugins_msgs/lib/python3.8/site-packages:/home/osansubuntumachine/ros2_ws/install/plankton_utils/lib/python3.8/site-packages:${PYTHONPATH} /usr/bin/cmake --install /home/osansubuntumachine/ros2_ws/build/uuv_teleop
[0.813s] -- Install configuration: ""
[0.814s] -- Installing: /home/osansubuntumachine/ros2_ws/install/uuv_teleop/share/uuv_teleop/launch
[0.815s] -- Installing: /home/osansubuntumachine/ros2_ws/install/uuv_teleop/share/uuv_teleop/launch/uuv_keyboard_teleop.launch
[0.816s] -- Installing: /home/osansubuntumachine/ros2_ws/install/uuv_teleop/share/uuv_teleop/launch/finned_uuv_teleop.launch
[0.816s] -- Installing: /home/osansubuntumachine/ros2_ws/install/uuv_teleop/share/uuv_teleop/launch/uuv_teleop.launch
[0.818s] -- Installing: /home/osansubuntumachine/ros2_ws/install/uuv_teleop/lib/uuv_teleop/vehicle_teleop.py
[0.820s] -- Installing: /home/osansubuntumachine/ros2_ws/install/uuv_teleop/lib/uuv_teleop/vehicle_keyboard_teleop.py
[0.820s] -- Installing: /home/osansubuntumachine/ros2_ws/install/uuv_teleop/lib/uuv_teleop/finned_uuv_teleop.py
[0.822s] -- Installing: /home/osansubuntumachine/ros2_ws/install/uuv_teleop/share/ament_index/resource_index/package_run_dependencies/uuv_teleop
[0.823s] -- Installing: /home/osansubuntumachine/ros2_ws/install/uuv_teleop/share/ament_index/resource_index/parent_prefix_path/uuv_teleop
[0.823s] -- Installing: /home/osansubuntumachine/ros2_ws/install/uuv_teleop/share/uuv_teleop/environment/ament_prefix_path.sh
[0.824s] -- Installing: /home/osansubuntumachine/ros2_ws/install/uuv_teleop/share/uuv_teleop/environment/ament_prefix_path.dsv
[0.824s] -- Installing: /home/osansubuntumachine/ros2_ws/install/uuv_teleop/share/uuv_teleop/environment/path.sh
[0.825s] -- Installing: /home/osansubuntumachine/ros2_ws/install/uuv_teleop/share/uuv_teleop/environment/path.dsv
[0.825s] -- Installing: /home/osansubuntumachine/ros2_ws/install/uuv_teleop/share/uuv_teleop/local_setup.bash
[0.826s] -- Installing: /home/osansubuntumachine/ros2_ws/install/uuv_teleop/share/uuv_teleop/local_setup.sh
[0.841s] -- Installing: /home/osansubuntumachine/ros2_ws/install/uuv_teleop/share/uuv_teleop/local_setup.zsh
[0.842s] -- Installing: /home/osansubuntumachine/ros2_ws/install/uuv_teleop/share/uuv_teleop/local_setup.dsv
[0.842s] -- Installing: /home/osansubuntumachine/ros2_ws/install/uuv_teleop/share/uuv_teleop/package.dsv
[0.842s] -- Installing: /home/osansubuntumachine/ros2_ws/install/uuv_teleop/share/ament_index/resource_index/packages/uuv_teleop
[0.842s] -- Installing: /home/osansubuntumachine/ros2_ws/install/uuv_teleop/share/uuv_teleop/cmake/uuv_teleopConfig.cmake
[0.842s] -- Installing: /home/osansubuntumachine/ros2_ws/install/uuv_teleop/share/uuv_teleop/cmake/uuv_teleopConfig-version.cmake
[0.843s] -- Installing: /home/osansubuntumachine/ros2_ws/install/uuv_teleop/share/uuv_teleop/package.xml
[0.846s] Invoked command in '/home/osansubuntumachine/ros2_ws/build/uuv_teleop' returned '0': AMENT_PREFIX_PATH=/home/osansubuntumachine/ros2_ws/install/uuv_thruster_manager:/home/osansubuntumachine/ros2_ws/install/uuv_assistants:/home/osansubuntumachine/ros2_ws/install/uuv_gazebo_ros_plugins_msgs:/home/osansubuntumachine/ros2_ws/install/plankton_utils:${AMENT_PREFIX_PATH} CMAKE_PREFIX_PATH=/home/osansubuntumachine/ros2_ws/install/uuv_thruster_manager:/home/osansubuntumachine/ros2_ws/install/uuv_assistants:/home/osansubuntumachine/ros2_ws/install/uuv_gazebo_ros_plugins_msgs:/home/osansubuntumachine/ros2_ws/install/plankton_utils:/opt/ros/foxy LD_LIBRARY_PATH=/home/osansubuntumachine/ros2_ws/install/uuv_thruster_manager/lib:/home/osansubuntumachine/ros2_ws/install/uuv_gazebo_ros_plugins_msgs/lib:${LD_LIBRARY_PATH} PYTHONPATH=/home/osansubuntumachine/ros2_ws/install/uuv_thruster_manager/lib/python3.8/site-packages:/home/osansubuntumachine/ros2_ws/install/uuv_assistants/lib/python3.8/site-packages:/home/osansubuntumachine/ros2_ws/install/uuv_gazebo_ros_plugins_msgs/lib/python3.8/site-packages:/home/osansubuntumachine/ros2_ws/install/plankton_utils/lib/python3.8/site-packages:${PYTHONPATH} /usr/bin/cmake --install /home/osansubuntumachine/ros2_ws/build/uuv_teleop
